#
# A fatal error has been detected by the Java Runtime Environment:
#
#  EXCEPTION_ACCESS_VIOLATION (0xc0000005) at pc=0x000000006a259f98, pid=7008, tid=0x0000000000002e20
#
# JRE version: Java(TM) SE Runtime Environment (8.0_211-b12) (build 1.8.0_211-b12)
# Java VM: Java HotSpot(TM) 64-Bit Server VM (25.211-b12 mixed mode windows-amd64 compressed oops)
# Problematic frame:
# C  [Controller.dll+0x19f98]
#
# Failed to write core dump. Minidumps are not enabled by default on client versions of Windows
#
# If you would like to submit a bug report, please visit:
#   http://bugreport.java.com/bugreport/crash.jsp
# The crash happened outside the Java Virtual Machine in native code.
# See problematic frame for where to report the bug.
#

---------------  T H R E A D  ---------------

Current thread (0x000000000126d800):  JavaThread "main" [_thread_in_native, id=11808, stack(0x0000000001780000,0x0000000001880000)]

siginfo: ExceptionCode=0xc0000005, reading address 0x0000000000000000

Registers:
RAX=0x0000000000000000, RBX=0x000000006a3c6a00, RCX=0x0000000000000000, RDX=0x0000000000000000
RSP=0x000000000187f020, RBP=0x000000000187f0f0, RSI=0x000000006a258290, RDI=0x00000000ffffffff
R8 =0x000000000187ef98, R9 =0x000000000187f0f0, R10=0x0000000000000000, R11=0x0000000000000246
R12=0x0000000000000000, R13=0x000000001523abd0, R14=0x000000000187f168, R15=0x000000000126d800
RIP=0x000000006a259f98, EFLAGS=0x0000000000010246

Top of Stack: (sp=0x000000000187f020)
0x000000000187f020:   000000006a3c6a00 000000000187f0f0
0x000000000187f030:   000000006a258290 0000000000000002
0x000000000187f040:   000000000187f150 000000006a2582d0
0x000000000187f050:   0000000000000000 00000000018f1c90
0x000000000187f060:   0000000015220080 000000006ea85b6d
0x000000000187f070:   00000000ffffffff 000000006fd074cc
0x000000000187f080:   0000000000000020 0000000015220080
0x000000000187f090:   000000001523abd0 00000000018f1c90
0x000000000187f0a0:   000000000187f150 000000006bbc58cb
0x000000000187f0b0:   00000000018f1c90 00000000031b8ad7
0x000000000187f0c0:   0000000015220000 000000000126d800
0x000000000187f0d0:   000000001523abd0 000000001523abd0
0x000000000187f0e0:   0000000015220080 00000000031b8c67
0x000000000187f0f0:   0000000015220080 000000000126d800
0x000000000187f100:   000000000187f1c8 00000000031b8962
0x000000000187f110:   000000000187f110 000000001523abd0 

Instructions: (pc=0x000000006a259f98)
0x000000006a259f78:   ff ff e8 e1 f7 ff ff 83 f8 ff 0f 84 9b 00 00 00
0x000000006a259f88:   e8 e3 c0 ff ff 84 c0 75 0c 48 8b 0d 10 f4 1f 00
0x000000006a259f98:   80 39 00 75 53 80 3d 31 f4 1f 00 00 74 1e 80 3d
0x000000006a259fa8:   29 f4 1f 00 00 75 15 e8 ec 08 00 00 84 c0 74 78 


Register to memory mapping:

RAX=0x0000000000000000 is an unknown value
RBX=0x000000006a3c6a00 is an unknown value
RCX=0x0000000000000000 is an unknown value
RDX=0x0000000000000000 is an unknown value
RSP=0x000000000187f020 is pointing into the stack for thread: 0x000000000126d800
RBP=0x000000000187f0f0 is pointing into the stack for thread: 0x000000000126d800
RSI=0x000000006a258290 is an unknown value
RDI=0x00000000ffffffff is an unallocated location in the heap
R8 =0x000000000187ef98 is pointing into the stack for thread: 0x000000000126d800
R9 =0x000000000187f0f0 is pointing into the stack for thread: 0x000000000126d800
R10=0x0000000000000000 is an unknown value
R11=0x0000000000000246 is an unknown value
R12=0x0000000000000000 is an unknown value
R13={method} {0x000000001523abd8} 'new_Robot' '()J' in 'com/cyberbotics/webots/controller/wrapperJNI'
R14=0x000000000187f168 is pointing into the stack for thread: 0x000000000126d800
R15=0x000000000126d800 is a thread


Stack: [0x0000000001780000,0x0000000001880000],  sp=0x000000000187f020,  free space=1020k
Native frames: (J=compiled Java code, j=interpreted, Vv=VM code, C=native code)
C  [Controller.dll+0x19f98]
C  [CppController.dll+0x5b6d]
C  [JavaController.dll+0x58cb]
C  0x00000000031b8c67

Java frames: (J=compiled Java code, j=interpreted, Vv=VM code)
j  com.cyberbotics.webots.controller.wrapperJNI.new_Robot()J+0
j  com.cyberbotics.webots.controller.Robot.<init>()V+1
j  Arslan.main([Ljava/lang/String;)V+4
v  ~StubRoutines::call_stub

---------------  P R O C E S S  ---------------

Java Threads: ( => current thread )
  0x000000001581d000 JavaThread "Service Thread" daemon [_thread_blocked, id=5264, stack(0x0000000017570000,0x0000000017670000)]
  0x00000000157cc800 JavaThread "C1 CompilerThread2" daemon [_thread_blocked, id=11216, stack(0x0000000017070000,0x0000000017170000)]
  0x00000000157c4800 JavaThread "C2 CompilerThread1" daemon [_thread_blocked, id=8112, stack(0x0000000016f70000,0x0000000017070000)]
  0x00000000157bf800 JavaThread "C2 CompilerThread0" daemon [_thread_blocked, id=10812, stack(0x0000000016e70000,0x0000000016f70000)]
  0x00000000157bc800 JavaThread "Attach Listener" daemon [_thread_blocked, id=11444, stack(0x0000000016d70000,0x0000000016e70000)]
  0x00000000157b9800 JavaThread "Signal Dispatcher" daemon [_thread_blocked, id=1168, stack(0x0000000016c70000,0x0000000016d70000)]
  0x000000000319b000 JavaThread "Finalizer" daemon [_thread_blocked, id=5208, stack(0x0000000016a40000,0x0000000016b40000)]
  0x0000000003190000 JavaThread "Reference Handler" daemon [_thread_blocked, id=440, stack(0x0000000016940000,0x0000000016a40000)]
=>0x000000000126d800 JavaThread "main" [_thread_in_native, id=11808, stack(0x0000000001780000,0x0000000001880000)]

Other Threads:
  0x0000000015787800 VMThread [stack: 0x0000000016840000,0x0000000016940000] [id=8368]
  0x000000001581d800 WatcherThread [stack: 0x0000000017670000,0x0000000017770000] [id=1628]

VM state:not at safepoint (normal execution)

VM Mutex/Monitor currently owned by a thread: None

heap address: 0x00000000c1200000, size: 1006 MB, Compressed Oops mode: 32-bit
Narrow klass base: 0x0000000000000000, Narrow klass shift: 3
Compressed class space size: 1073741824 Address: 0x0000000100000000

Heap:
 PSYoungGen      total 18944K, used 655K [0x00000000eb100000, 0x00000000ec600000, 0x0000000100000000)
  eden space 16384K, 4% used [0x00000000eb100000,0x00000000eb1a3da8,0x00000000ec100000)
  from space 2560K, 0% used [0x00000000ec380000,0x00000000ec380000,0x00000000ec600000)
  to   space 2560K, 0% used [0x00000000ec100000,0x00000000ec100000,0x00000000ec380000)
 ParOldGen       total 44032K, used 0K [0x00000000c1200000, 0x00000000c3d00000, 0x00000000eb100000)
  object space 44032K, 0% used [0x00000000c1200000,0x00000000c1200000,0x00000000c3d00000)
 Metaspace       used 2758K, capacity 4628K, committed 4864K, reserved 1056768K
  class space    used 296K, capacity 388K, committed 512K, reserved 1048576K

Card table byte_map: [0x0000000012560000,0x0000000012760000] byte_map_base: 0x0000000011f57000

Marking Bits: (ParMarkBitMap*) 0x000000005d7f5ce0
 Begin Bits: [0x0000000012cb0000, 0x0000000013c68000)
 End Bits:   [0x0000000013c68000, 0x0000000014c20000)

Polling page: 0x0000000001230000

CodeCache: size=245760Kb used=1114Kb max_used=1114Kb free=244645Kb
 bounds [0x00000000031a0000, 0x0000000003410000, 0x00000000121a0000]
 total_blobs=282 nmethods=24 adapters=172
 compilation: enabled

Compilation events (10 events):
Event: 0.094 Thread 0x00000000157cc800   20       3       java.lang.String::getChars (62 bytes)
Event: 0.094 Thread 0x00000000157cc800 nmethod 20 0x00000000032b2890 code [0x00000000032b2a40, 0x00000000032b2e78]
Event: 0.098 Thread 0x00000000157cc800   21       3       java.lang.System::getSecurityManager (4 bytes)
Event: 0.098 Thread 0x00000000157cc800 nmethod 21 0x00000000032b2590 code [0x00000000032b26e0, 0x00000000032b2810]
Event: 0.100 Thread 0x00000000157cc800   22       3       java.util.jar.Attributes$Name::isValid (32 bytes)
Event: 0.101 Thread 0x00000000157cc800 nmethod 22 0x00000000032b20d0 code [0x00000000032b2240, 0x00000000032b24f8]
Event: 0.101 Thread 0x00000000157cc800   23       3       java.util.jar.Attributes$Name::isAlpha (30 bytes)
Event: 0.101 Thread 0x00000000157cc800 nmethod 23 0x00000000032b1cd0 code [0x00000000032b1e20, 0x00000000032b2050]
Event: 0.103 Thread 0x00000000157cc800   24       3       java.lang.String::startsWith (72 bytes)
Event: 0.103 Thread 0x00000000157cc800 nmethod 24 0x00000000032b1650 code [0x00000000032b17c0, 0x00000000032b1af0]

GC Heap History (0 events):
No events

Deoptimization events (0 events):
No events

Classes redefined (0 events):
No events

Internal exceptions (2 events):
Event: 0.034 Thread 0x000000000126d800 Exception <a 'java/lang/NoSuchMethodError': Method sun.misc.Unsafe.defineClass(Ljava/lang/String;[BII)Ljava/lang/Class; name or signature does not match> (0x00000000eb107cb0) thrown at [C:\re\workspace\8-2-build-windows-amd64-cygwin\jdk8u211\12973\hotspot
Event: 0.034 Thread 0x000000000126d800 Exception <a 'java/lang/NoSuchMethodError': Method sun.misc.Unsafe.prefetchRead(Ljava/lang/Object;J)V name or signature does not match> (0x00000000eb107f98) thrown at [C:\re\workspace\8-2-build-windows-amd64-cygwin\jdk8u211\12973\hotspot\src\share\vm\prim

Events (10 events):
Event: 0.100 loading class sun/misc/ASCIICaseInsensitiveComparator
Event: 0.100 loading class sun/misc/ASCIICaseInsensitiveComparator done
Event: 0.101 loading class java/lang/Package
Event: 0.101 loading class java/lang/Package done
Event: 0.102 loading class com/cyberbotics/webots/controller/wrapperJNI
Event: 0.102 loading class com/cyberbotics/webots/controller/wrapperJNI done
Event: 0.103 loading class java/lang/UnsatisfiedLinkError
Event: 0.103 loading class java/lang/UnsatisfiedLinkError done
Event: 0.104 loading class java/lang/ClassLoaderHelper
Event: 0.104 loading class java/lang/ClassLoaderHelper done


Dynamic libraries:
0x00007ff6c71a0000 - 0x00007ff6c71d7000 	C:\Program Files (x86)\Common Files\Oracle\Java\javapath\javaw.exe
0x00007ffccfba0000 - 0x00007ffccfd8d000 	C:\WINDOWS\SYSTEM32\ntdll.dll
0x00007ffcce140000 - 0x00007ffcce1f3000 	C:\WINDOWS\System32\KERNEL32.DLL
0x00007ffccc8f0000 - 0x00007ffcccb83000 	C:\WINDOWS\System32\KERNELBASE.dll
0x00007ffccd170000 - 0x00007ffccd213000 	C:\WINDOWS\System32\ADVAPI32.dll
0x00007ffcce2b0000 - 0x00007ffcce34e000 	C:\WINDOWS\System32\msvcrt.dll
0x00007ffccdd20000 - 0x00007ffccddbe000 	C:\WINDOWS\System32\sechost.dll
0x00007ffccd2a0000 - 0x00007ffccd3c2000 	C:\WINDOWS\System32\RPCRT4.dll
0x00007ffccdb80000 - 0x00007ffccdd17000 	C:\WINDOWS\System32\USER32.dll
0x00007ffccc8d0000 - 0x00007ffccc8f0000 	C:\WINDOWS\System32\win32u.dll
0x00007ffccd650000 - 0x00007ffccd679000 	C:\WINDOWS\System32\GDI32.dll
0x00007ffcccc30000 - 0x00007ffcccdca000 	C:\WINDOWS\System32\gdi32full.dll
0x00007ffccc830000 - 0x00007ffccc8d0000 	C:\WINDOWS\System32\msvcp_win.dll
0x00007ffccbcc0000 - 0x00007ffccbdba000 	C:\WINDOWS\System32\ucrtbase.dll
0x00007ffcb5140000 - 0x00007ffcb53b9000 	C:\WINDOWS\WinSxS\amd64_microsoft.windows.common-controls_6595b64144ccf1df_6.0.17763.557_none_05b63f68071e5b9f\COMCTL32.dll
0x00007ffccf840000 - 0x00007ffccfb6c000 	C:\WINDOWS\System32\combase.dll
0x00007ffcccb90000 - 0x00007ffcccc0e000 	C:\WINDOWS\System32\bcryptPrimitives.dll
0x00007ffccd620000 - 0x00007ffccd64e000 	C:\WINDOWS\System32\IMM32.DLL
0x000000005d880000 - 0x000000005d952000 	C:\Program Files\Java\jre1.8.0_211\bin\msvcr100.dll
0x000000005cfd0000 - 0x000000005d875000 	C:\Program Files\Java\jre1.8.0_211\bin\server\jvm.dll
0x00007ffccddc0000 - 0x00007ffccddc8000 	C:\WINDOWS\System32\PSAPI.DLL
0x00007ffcc1950000 - 0x00007ffcc1974000 	C:\WINDOWS\SYSTEM32\WINMM.dll
0x00007ffcb85a0000 - 0x00007ffcb85aa000 	C:\WINDOWS\SYSTEM32\VERSION.dll
0x00007ffcaecd0000 - 0x00007ffcaecd9000 	C:\WINDOWS\SYSTEM32\WSOCK32.dll
0x00007ffcccf50000 - 0x00007ffcccfbd000 	C:\WINDOWS\System32\WS2_32.dll
0x00007ffcc1920000 - 0x00007ffcc194d000 	C:\WINDOWS\SYSTEM32\winmmbase.dll
0x00007ffccbc70000 - 0x00007ffccbcba000 	C:\WINDOWS\System32\cfgmgr32.dll
0x00007ffcc8540000 - 0x00007ffcc854f000 	C:\Program Files\Java\jre1.8.0_211\bin\verify.dll
0x00007ffcc69e0000 - 0x00007ffcc6a09000 	C:\Program Files\Java\jre1.8.0_211\bin\java.dll
0x00007ffcc6750000 - 0x00007ffcc6766000 	C:\Program Files\Java\jre1.8.0_211\bin\zip.dll
0x00007ffcce350000 - 0x00007ffccf840000 	C:\WINDOWS\System32\SHELL32.dll
0x00007ffccd430000 - 0x00007ffccd4d8000 	C:\WINDOWS\System32\shcore.dll
0x00007ffccbed0000 - 0x00007ffccc61a000 	C:\WINDOWS\System32\windows.storage.dll
0x00007ffccbc40000 - 0x00007ffccbc64000 	C:\WINDOWS\System32\profapi.dll
0x00007ffccbbc0000 - 0x00007ffccbc1d000 	C:\WINDOWS\System32\powrprof.dll
0x00007ffccd240000 - 0x00007ffccd292000 	C:\WINDOWS\System32\shlwapi.dll
0x00007ffccbba0000 - 0x00007ffccbbb1000 	C:\WINDOWS\System32\kernel.appcore.dll
0x00007ffcccc10000 - 0x00007ffcccc27000 	C:\WINDOWS\System32\cryptsp.dll
0x000000006bbc0000 - 0x000000006bc38000 	C:\Program Files\Webots\lib\java\JavaController.dll
0x000000006fc40000 - 0x000000006fda5000 	C:\Program Files\Webots\msys64\mingw64\bin\libstdc++-6.dll
0x000000006ea80000 - 0x000000006eb35000 	C:\Program Files\Webots\msys64\mingw64\bin\CppController.dll
0x0000000061440000 - 0x000000006145c000 	C:\Program Files\Webots\msys64\mingw64\bin\libgcc_s_seh-1.dll
0x0000000064940000 - 0x0000000064955000 	C:\Program Files\Webots\msys64\mingw64\bin\libwinpthread-1.dll
0x000000006a240000 - 0x000000006a472000 	C:\Program Files\Webots\msys64\mingw64\bin\Controller.dll
0x00007ffcc8650000 - 0x00007ffcc883d000 	C:\WINDOWS\SYSTEM32\dbghelp.dll

VM Arguments:
jvm_args: -Djava.library.path=C:/Program Files/Webots/lib/java 
java_command: Arslan
java_class_path (initial): C:/Program Files/Webots/lib/java\Controller.jar;C:/Users/herfe/sciebo/Webots/MY_PRO~1/CONTRO~1/Arslan/
Launcher Type: SUN_STANDARD

Environment Variables:
PATH=C:\Program Files\Webots\projects\default\libraries\vehicle;C:\Program Files\Webots\projects\default\libraries\ros;C:\Program Files\Webots\resources\projects\libraries\qt_utils;C:\Program Files\Webots\msys64\mingw64\bin;Path=C:\Program Files\Webots\msys64\mingw64\bin;C:\Program Files\Webots\msys64\usr\bin;C:\Program Files (x86)\Common Files\Oracle\Java\javapath;C:\ProgramData\Oracle\Java\javapath;C:\WINDOWS\system32;C:\WINDOWS;C:\WINDOWS\System32\Wbem;C:\WINDOWS\System32\WindowsPowerShell\v1.0\;C:\WINDOWS\System32\OpenSSH\;C:\Users\herfe\AppData\Local\Microsoft\WindowsApps;C:\Program Files\Microsoft VS Code\bin;C:\Program Files\MongoDB\Server\3.6\bin;C:\Program Files\Java\jdk1.8.0_171\bin;;C:\Users\herfe\AppData\Local\Programs\Microsoft VS Code\bin
USERNAME=herfe
OS=Windows_NT
PROCESSOR_IDENTIFIER=Intel64 Family 6 Model 78 Stepping 3, GenuineIntel



---------------  S Y S T E M  ---------------

OS: Windows 10.0 , 64 bit Build 17763 (10.0.17763.475)

CPU:total 4 (initial active 4) (2 cores per cpu, 2 threads per core) family 6 model 78 stepping 3, cmov, cx8, fxsr, mmx, sse, sse2, sse3, ssse3, sse4.1, sse4.2, popcnt, avx, avx2, aes, clmul, erms, rtm, 3dnowpref, lzcnt, ht, tsc, tscinvbit, bmi1, bmi2, adx

Memory: 4k page, physical 4117784k(1079928k free), swap 6739224k(2647596k free)

vm_info: Java HotSpot(TM) 64-Bit Server VM (25.211-b12) for windows-amd64 JRE (1.8.0_211-b12), built on Apr  1 2019 20:53:26 by "java_re" with MS VC++ 10.0 (VS2010)

time: Tue Jun 18 11:29:50 2019
timezone: Mitteleuropäische Sommerzeit
elapsed time: 0 seconds (0d 0h 0m 0s)

