#
# A fatal error has been detected by the Java Runtime Environment:
#
#  SIGSEGV (0xb) at pc=0x00007fdc4702ff35, pid=19765, tid=19774
#
# JRE version: OpenJDK Runtime Environment (11.0.4+11) (build 11.0.4+11-post-Ubuntu-1ubuntu218.04.3)
# Java VM: OpenJDK 64-Bit Server VM (11.0.4+11-post-Ubuntu-1ubuntu218.04.3, mixed mode, sharing, tiered, compressed oops, g1 gc, linux-amd64)
# Problematic frame:
# C  [libController.so+0x25f35]
#
# Core dump will be written. Default location: Core dumps may be processed with "/usr/share/apport/apport %p %s %c %d %P" (or dumping to /home/max/Dokumente/NAO/controllers/FarberkennungController/core.19765)
#
# If you would like to submit a bug report, please visit:
#   https://bugs.launchpad.net/ubuntu/+source/openjdk-lts
# The crash happened outside the Java Virtual Machine in native code.
# See problematic frame for where to report the bug.
#

---------------  S U M M A R Y ------------

Command Line: -Djava.library.path=/home/max/Dokumente/webots/lib/java FarberkennungController

Host: Intel(R) Core(TM) i5-6200U CPU @ 2.30GHz, 4 cores, 7G, Linux Mint 19.1 Tessa
Time: Sat Oct 19 19:17:59 2019 CEST elapsed time: 0 seconds (0d 0h 0m 0s)

---------------  T H R E A D  ---------------

Current thread (0x00007fdc90012000):  JavaThread "main" [_thread_in_native, id=19774, stack(0x00007fdc979d3000,0x00007fdc97ad4000)]

Stack: [0x00007fdc979d3000,0x00007fdc97ad4000],  sp=0x00007fdc97ad23a0,  free space=1020k
Native frames: (J=compiled Java code, A=aot compiled Java code, j=interpreted, Vv=VM code, C=native code)
C  [libController.so+0x25f35]

Java frames: (J=compiled Java code, j=interpreted, Vv=VM code)
j  com.cyberbotics.webots.controller.wrapperJNI.new_Robot()J+0
j  com.cyberbotics.webots.controller.Robot.<init>()V+1
j  FarberkennungController.<clinit>()V+4
v  ~StubRoutines::call_stub

siginfo: si_signo: 11 (SIGSEGV), si_code: 1 (SEGV_MAPERR), si_addr: 0x0000000000000000

Register to memory mapping:

RAX=0x0 is NULL
RBX=0x00007fdc90170f90 points into unknown readable memory: 30 10 17 90 dc 7f 00 00
RCX=0x0000000000000001 is an unknown value
RDX=0x00007fdc901748c0 points into unknown readable memory: 00 00 00 00 00 00 00 00
RSP=0x00007fdc97ad23a0 is pointing into the stack for thread: 0x00007fdc90012000
RBP=0x00007fdc976bc848: stdout+0x0000000000000000 in /lib/x86_64-linux-gnu/libc.so.6 at 0x00007fdc972d0000
RSI=0x0 is NULL
RDI=0x0 is NULL
R8 =0x0 is NULL
R9 =0x00007fdc90175f60 points into unknown readable memory: 50 70 17 90 dc 7f 00 00
R10=0x0000000000000011 is an unknown value
R11=0x00007fdc4702c1d0: remote_control_is_initialized+0x0000000000000000 in /home/max/Dokumente/webots/lib/libController.so at 0x00007fdc4700a000
R12=0x0 is NULL
R13={method} {0x00007fdc6cd48f98} 'new_Robot' '()J' in 'com/cyberbotics/webots/controller/wrapperJNI'
R14=0x00007fdc97ad28f0 is pointing into the stack for thread: 0x00007fdc90012000
R15=0x00007fdc90012000 is a thread


Registers:
RAX=0x0000000000000000, RBX=0x00007fdc90170f90, RCX=0x0000000000000001, RDX=0x00007fdc901748c0
RSP=0x00007fdc97ad23a0, RBP=0x00007fdc976bc848, RSI=0x0000000000000000, RDI=0x0000000000000000
R8 =0x0000000000000000, R9 =0x00007fdc90175f60, R10=0x0000000000000011, R11=0x00007fdc4702c1d0
R12=0x0000000000000000, R13=0x00007fdc6cd48f98, R14=0x00007fdc97ad28f0, R15=0x00007fdc90012000
RIP=0x00007fdc4702ff35, EFLAGS=0x0000000000010246, CSGSFS=0x002b000000000033, ERR=0x0000000000000004
  TRAPNO=0x000000000000000e

Top of Stack: (sp=0x00007fdc97ad23a0)
0x00007fdc97ad23a0:   00007fdc976bc848 0000000000000000
0x00007fdc97ad23b0:   00007fdc6cd48f98 00007fdc97ad28f0
0x00007fdc97ad23c0:   00007fdc90012000 00007fdc978e1ec3
0x00007fdc97ad23d0:   0000000000000005 0000000000000000 

Instructions: (pc=0x00007fdc4702ff35)
0x00007fdc4702fe35:   73 fe ff bf 08 00 00 00 c7 05 95 71 22 00 01 00
0x00007fdc4702fe45:   00 00 e8 e4 80 fe ff bf 40 00 00 00 48 89 c3 48
0x00007fdc4702fe55:   89 05 65 71 22 00 e8 d0 80 fe ff 48 8b 15 89 61
0x00007fdc4702fe65:   22 00 48 89 03 48 c7 40 08 00 00 00 00 c7 00 1e
0x00007fdc4702fe75:   00 00 00 48 c7 40 30 00 00 00 00 c6 05 01 72 22
0x00007fdc4702fe85:   00 01 48 89 50 20 48 8b 15 1e 61 22 00 48 89 50
0x00007fdc4702fe95:   28 31 c0 e8 f3 8a fe ff 48 89 05 0c 71 22 00 48
0x00007fdc4702fea5:   8b 05 15 71 22 00 31 ff 48 8b 15 dc 60 22 00 c6
0x00007fdc4702feb5:   05 9d 71 22 00 00 c6 05 97 71 22 00 00 c6 05 8c
0x00007fdc4702fec5:   71 22 00 00 48 8b 00 c6 05 84 71 22 00 00 c6 05
0x00007fdc4702fed5:   7c 71 22 00 00 48 c7 05 83 71 22 00 00 00 00 00
0x00007fdc4702fee5:   c7 05 71 71 22 00 00 00 00 00 48 c7 05 7e 71 22
0x00007fdc4702fef5:   00 00 00 00 00 48 89 50 38 c7 05 68 71 22 00 00
0x00007fdc4702ff05:   00 00 00 c7 05 6e 71 22 00 ff ff ff ff e8 49 8a
0x00007fdc4702ff15:   fe ff 83 f8 ff b8 00 00 00 00 0f 84 28 01 00 00
0x00007fdc4702ff25:   e8 f6 87 fe ff 84 c0 75 0c 48 8b 3d f3 70 22 00
0x00007fdc4702ff35:   80 3f 00 75 66 80 3d 14 71 22 00 00 74 0d 80 3d
0x00007fdc4702ff45:   0c 71 22 00 00 0f 84 90 00 00 00 48 8d 3d 69 e6
0x00007fdc4702ff55:   ff ff c6 05 8a 70 22 00 00 e8 4d e5 00 00 31 c0
0x00007fdc4702ff65:   c6 05 34 70 22 00 01 e8 0f 84 fe ff 48 8b 8c 24
0x00007fdc4702ff75:   08 04 00 00 64 48 33 0c 25 28 00 00 00 0f 85 d1
0x00007fdc4702ff85:   00 00 00 48 81 c4 18 04 00 00 5b 5d 41 5c 41 5d
0x00007fdc4702ff95:   41 5e 41 5f c3 66 0f 1f 44 00 00 e8 4b 83 fe ff
0x00007fdc4702ffa5:   31 c0 e8 74 87 fe ff 84 c0 75 8a 48 8b 05 41 60
0x00007fdc4702ffb5:   22 00 48 8b 0d 6a 70 22 00 48 8d 15 93 73 01 00
0x00007fdc4702ffc5:   be 01 00 00 00 48 8b 38 31 c0 e8 9c 86 fe ff e9
0x00007fdc4702ffd5:   61 ff ff ff 0f 1f 80 00 00 00 00 31 c0 e8 69 74
0x00007fdc4702ffe5:   fe ff 84 c0 74 25 31 c0 e8 2e 74 fe ff c6 05 5c
0x00007fdc4702fff5:   70 22 00 00 e9 52 ff ff ff 66 90 4c 89 e7 e8 a8
0x00007fdc47030005:   7a fe ff 48 89 c3 e9 0b fe ff ff 48 8b 3d 09 70
0x00007fdc47030015:   22 00 e8 24 73 fe ff 31 c0 e8 2d 74 fe ff 84 c0
0x00007fdc47030025:   75 c4 48 8b 05 ca 5f 22 00 48 8b 0d eb 6f 22 00 


Stack slot to memory mapping:
stack at sp + 0 slots: 0x00007fdc976bc848: stdout+0x0000000000000000 in /lib/x86_64-linux-gnu/libc.so.6 at 0x00007fdc972d0000
stack at sp + 1 slots: 0x0 is NULL
stack at sp + 2 slots: {method} {0x00007fdc6cd48f98} 'new_Robot' '()J' in 'com/cyberbotics/webots/controller/wrapperJNI'
stack at sp + 3 slots: 0x00007fdc97ad28f0 is pointing into the stack for thread: 0x00007fdc90012000
stack at sp + 4 slots: 0x00007fdc90012000 is a thread
stack at sp + 5 slots: 0x00007fdc978e1ec3: <offset 0x000000000000fec3> in /lib64/ld-linux-x86-64.so.2 at 0x00007fdc978d2000
stack at sp + 6 slots: 0x0000000000000005 is an unknown value
stack at sp + 7 slots: 0x0 is NULL


---------------  P R O C E S S  ---------------

Threads class SMR info:
_java_thread_list=0x00007fdc9014d040, length=9, elements={
0x00007fdc90012000, 0x00007fdc900fe000, 0x00007fdc90100000, 0x00007fdc90105800,
0x00007fdc90107800, 0x00007fdc90109800, 0x00007fdc9010b800, 0x00007fdc90142800,
0x00007fdc9014b800
}

Java Threads: ( => current thread )
=>0x00007fdc90012000 JavaThread "main" [_thread_in_native, id=19774, stack(0x00007fdc979d3000,0x00007fdc97ad4000)]
  0x00007fdc900fe000 JavaThread "Reference Handler" daemon [_thread_blocked, id=19785, stack(0x00007fdc6c6a1000,0x00007fdc6c7a2000)]
  0x00007fdc90100000 JavaThread "Finalizer" daemon [_thread_blocked, id=19786, stack(0x00007fdc6c5a0000,0x00007fdc6c6a1000)]
  0x00007fdc90105800 JavaThread "Signal Dispatcher" daemon [_thread_blocked, id=19787, stack(0x00007fdc6c169000,0x00007fdc6c26a000)]
  0x00007fdc90107800 JavaThread "C2 CompilerThread0" daemon [_thread_blocked, id=19788, stack(0x00007fdc6c068000,0x00007fdc6c169000)]
  0x00007fdc90109800 JavaThread "C1 CompilerThread0" daemon [_thread_blocked, id=19789, stack(0x00007fdc47eff000,0x00007fdc48000000)]
  0x00007fdc9010b800 JavaThread "Sweeper thread" daemon [_thread_blocked, id=19791, stack(0x00007fdc47dfe000,0x00007fdc47eff000)]
  0x00007fdc90142800 JavaThread "Service Thread" daemon [_thread_blocked, id=19794, stack(0x00007fdc47cfd000,0x00007fdc47dfe000)]
  0x00007fdc9014b800 JavaThread "Common-Cleaner" daemon [_thread_blocked, id=19796, stack(0x00007fdc47afa000,0x00007fdc47bfb000)]

Other Threads:
  0x00007fdc900fb000 VMThread "VM Thread" [stack: 0x00007fdc6c7a4000,0x00007fdc6c8a4000] [id=19784]
  0x00007fdc90145800 WatcherThread [stack: 0x00007fdc47bfd000,0x00007fdc47cfd000] [id=19795]
  0x00007fdc90028000 GCTaskThread "GC Thread#0" [stack: 0x00007fdc78272000,0x00007fdc78372000] [id=19779]
  0x00007fdc90056800 ConcurrentGCThread "G1 Main Marker" [stack: 0x00007fdc6f831000,0x00007fdc6f931000] [id=19780]
  0x00007fdc90058000 ConcurrentGCThread "G1 Conc#0" [stack: 0x00007fdc6f72f000,0x00007fdc6f82f000] [id=19781]
  0x00007fdc900c9800 ConcurrentGCThread "G1 Refine#0" [stack: 0x00007fdc6d229000,0x00007fdc6d329000] [id=19782]
  0x00007fdc900cb000 ConcurrentGCThread "G1 Young RemSet Sampling" [stack: 0x00007fdc6d127000,0x00007fdc6d227000] [id=19783]

Threads with active compile tasks:

VM state:not at safepoint (normal execution)

VM Mutex/Monitor currently owned by a thread: None

Heap address: 0x000000008c200000, size: 1854 MB, Compressed Oops mode: 32-bit
Narrow klass base: 0x0000000800000000, Narrow klass shift: 3
Compressed class space size: 1073741824 Address: 0x0000000840000000

Heap:
 garbage-first heap   total 120832K, used 1656K [0x000000008c200000, 0x0000000100000000)
  region size 1024K, 2 young (2048K), 0 survivors (0K)
 Metaspace       used 369K, capacity 4628K, committed 4864K, reserved 1056768K
  class space    used 15K, capacity 388K, committed 512K, reserved 1048576K
Heap Regions: E=young(eden), S=young(survivor), O=old, HS=humongous(starts), HC=humongous(continues), CS=collection set, F=free, A=archive, TAMS=top-at-mark-start (previous, next)
|   0|0x000000008c200000, 0x000000008c200000, 0x000000008c300000|  0%| F|  |TAMS 0x000000008c200000, 0x000000008c200000| Untracked 
|   1|0x000000008c300000, 0x000000008c300000, 0x000000008c400000|  0%| F|  |TAMS 0x000000008c300000, 0x000000008c300000| Untracked 
|   2|0x000000008c400000, 0x000000008c400000, 0x000000008c500000|  0%| F|  |TAMS 0x000000008c400000, 0x000000008c400000| Untracked 
|   3|0x000000008c500000, 0x000000008c500000, 0x000000008c600000|  0%| F|  |TAMS 0x000000008c500000, 0x000000008c500000| Untracked 
|   4|0x000000008c600000, 0x000000008c600000, 0x000000008c700000|  0%| F|  |TAMS 0x000000008c600000, 0x000000008c600000| Untracked 
|   5|0x000000008c700000, 0x000000008c700000, 0x000000008c800000|  0%| F|  |TAMS 0x000000008c700000, 0x000000008c700000| Untracked 
|   6|0x000000008c800000, 0x000000008c800000, 0x000000008c900000|  0%| F|  |TAMS 0x000000008c800000, 0x000000008c800000| Untracked 
|   7|0x000000008c900000, 0x000000008c900000, 0x000000008ca00000|  0%| F|  |TAMS 0x000000008c900000, 0x000000008c900000| Untracked 
|   8|0x000000008ca00000, 0x000000008ca00000, 0x000000008cb00000|  0%| F|  |TAMS 0x000000008ca00000, 0x000000008ca00000| Untracked 
|   9|0x000000008cb00000, 0x000000008cb00000, 0x000000008cc00000|  0%| F|  |TAMS 0x000000008cb00000, 0x000000008cb00000| Untracked 
|  10|0x000000008cc00000, 0x000000008cc00000, 0x000000008cd00000|  0%| F|  |TAMS 0x000000008cc00000, 0x000000008cc00000| Untracked 
|  11|0x000000008cd00000, 0x000000008cd00000, 0x000000008ce00000|  0%| F|  |TAMS 0x000000008cd00000, 0x000000008cd00000| Untracked 
|  12|0x000000008ce00000, 0x000000008ce00000, 0x000000008cf00000|  0%| F|  |TAMS 0x000000008ce00000, 0x000000008ce00000| Untracked 
|  13|0x000000008cf00000, 0x000000008cf00000, 0x000000008d000000|  0%| F|  |TAMS 0x000000008cf00000, 0x000000008cf00000| Untracked 
|  14|0x000000008d000000, 0x000000008d000000, 0x000000008d100000|  0%| F|  |TAMS 0x000000008d000000, 0x000000008d000000| Untracked 
|  15|0x000000008d100000, 0x000000008d100000, 0x000000008d200000|  0%| F|  |TAMS 0x000000008d100000, 0x000000008d100000| Untracked 
|  16|0x000000008d200000, 0x000000008d200000, 0x000000008d300000|  0%| F|  |TAMS 0x000000008d200000, 0x000000008d200000| Untracked 
|  17|0x000000008d300000, 0x000000008d300000, 0x000000008d400000|  0%| F|  |TAMS 0x000000008d300000, 0x000000008d300000| Untracked 
|  18|0x000000008d400000, 0x000000008d400000, 0x000000008d500000|  0%| F|  |TAMS 0x000000008d400000, 0x000000008d400000| Untracked 
|  19|0x000000008d500000, 0x000000008d500000, 0x000000008d600000|  0%| F|  |TAMS 0x000000008d500000, 0x000000008d500000| Untracked 
|  20|0x000000008d600000, 0x000000008d600000, 0x000000008d700000|  0%| F|  |TAMS 0x000000008d600000, 0x000000008d600000| Untracked 
|  21|0x000000008d700000, 0x000000008d700000, 0x000000008d800000|  0%| F|  |TAMS 0x000000008d700000, 0x000000008d700000| Untracked 
|  22|0x000000008d800000, 0x000000008d800000, 0x000000008d900000|  0%| F|  |TAMS 0x000000008d800000, 0x000000008d800000| Untracked 
|  23|0x000000008d900000, 0x000000008d900000, 0x000000008da00000|  0%| F|  |TAMS 0x000000008d900000, 0x000000008d900000| Untracked 
|  24|0x000000008da00000, 0x000000008da00000, 0x000000008db00000|  0%| F|  |TAMS 0x000000008da00000, 0x000000008da00000| Untracked 
|  25|0x000000008db00000, 0x000000008db00000, 0x000000008dc00000|  0%| F|  |TAMS 0x000000008db00000, 0x000000008db00000| Untracked 
|  26|0x000000008dc00000, 0x000000008dc00000, 0x000000008dd00000|  0%| F|  |TAMS 0x000000008dc00000, 0x000000008dc00000| Untracked 
|  27|0x000000008dd00000, 0x000000008dd00000, 0x000000008de00000|  0%| F|  |TAMS 0x000000008dd00000, 0x000000008dd00000| Untracked 
|  28|0x000000008de00000, 0x000000008de00000, 0x000000008df00000|  0%| F|  |TAMS 0x000000008de00000, 0x000000008de00000| Untracked 
|  29|0x000000008df00000, 0x000000008df00000, 0x000000008e000000|  0%| F|  |TAMS 0x000000008df00000, 0x000000008df00000| Untracked 
|  30|0x000000008e000000, 0x000000008e000000, 0x000000008e100000|  0%| F|  |TAMS 0x000000008e000000, 0x000000008e000000| Untracked 
|  31|0x000000008e100000, 0x000000008e100000, 0x000000008e200000|  0%| F|  |TAMS 0x000000008e100000, 0x000000008e100000| Untracked 
|  32|0x000000008e200000, 0x000000008e200000, 0x000000008e300000|  0%| F|  |TAMS 0x000000008e200000, 0x000000008e200000| Untracked 
|  33|0x000000008e300000, 0x000000008e300000, 0x000000008e400000|  0%| F|  |TAMS 0x000000008e300000, 0x000000008e300000| Untracked 
|  34|0x000000008e400000, 0x000000008e400000, 0x000000008e500000|  0%| F|  |TAMS 0x000000008e400000, 0x000000008e400000| Untracked 
|  35|0x000000008e500000, 0x000000008e500000, 0x000000008e600000|  0%| F|  |TAMS 0x000000008e500000, 0x000000008e500000| Untracked 
|  36|0x000000008e600000, 0x000000008e600000, 0x000000008e700000|  0%| F|  |TAMS 0x000000008e600000, 0x000000008e600000| Untracked 
|  37|0x000000008e700000, 0x000000008e700000, 0x000000008e800000|  0%| F|  |TAMS 0x000000008e700000, 0x000000008e700000| Untracked 
|  38|0x000000008e800000, 0x000000008e800000, 0x000000008e900000|  0%| F|  |TAMS 0x000000008e800000, 0x000000008e800000| Untracked 
|  39|0x000000008e900000, 0x000000008e900000, 0x000000008ea00000|  0%| F|  |TAMS 0x000000008e900000, 0x000000008e900000| Untracked 
|  40|0x000000008ea00000, 0x000000008ea00000, 0x000000008eb00000|  0%| F|  |TAMS 0x000000008ea00000, 0x000000008ea00000| Untracked 
|  41|0x000000008eb00000, 0x000000008eb00000, 0x000000008ec00000|  0%| F|  |TAMS 0x000000008eb00000, 0x000000008eb00000| Untracked 
|  42|0x000000008ec00000, 0x000000008ec00000, 0x000000008ed00000|  0%| F|  |TAMS 0x000000008ec00000, 0x000000008ec00000| Untracked 
|  43|0x000000008ed00000, 0x000000008ed00000, 0x000000008ee00000|  0%| F|  |TAMS 0x000000008ed00000, 0x000000008ed00000| Untracked 
|  44|0x000000008ee00000, 0x000000008ee00000, 0x000000008ef00000|  0%| F|  |TAMS 0x000000008ee00000, 0x000000008ee00000| Untracked 
|  45|0x000000008ef00000, 0x000000008ef00000, 0x000000008f000000|  0%| F|  |TAMS 0x000000008ef00000, 0x000000008ef00000| Untracked 
|  46|0x000000008f000000, 0x000000008f000000, 0x000000008f100000|  0%| F|  |TAMS 0x000000008f000000, 0x000000008f000000| Untracked 
|  47|0x000000008f100000, 0x000000008f100000, 0x000000008f200000|  0%| F|  |TAMS 0x000000008f100000, 0x000000008f100000| Untracked 
|  48|0x000000008f200000, 0x000000008f200000, 0x000000008f300000|  0%| F|  |TAMS 0x000000008f200000, 0x000000008f200000| Untracked 
|  49|0x000000008f300000, 0x000000008f300000, 0x000000008f400000|  0%| F|  |TAMS 0x000000008f300000, 0x000000008f300000| Untracked 
|  50|0x000000008f400000, 0x000000008f400000, 0x000000008f500000|  0%| F|  |TAMS 0x000000008f400000, 0x000000008f400000| Untracked 
|  51|0x000000008f500000, 0x000000008f500000, 0x000000008f600000|  0%| F|  |TAMS 0x000000008f500000, 0x000000008f500000| Untracked 
|  52|0x000000008f600000, 0x000000008f600000, 0x000000008f700000|  0%| F|  |TAMS 0x000000008f600000, 0x000000008f600000| Untracked 
|  53|0x000000008f700000, 0x000000008f700000, 0x000000008f800000|  0%| F|  |TAMS 0x000000008f700000, 0x000000008f700000| Untracked 
|  54|0x000000008f800000, 0x000000008f800000, 0x000000008f900000|  0%| F|  |TAMS 0x000000008f800000, 0x000000008f800000| Untracked 
|  55|0x000000008f900000, 0x000000008f900000, 0x000000008fa00000|  0%| F|  |TAMS 0x000000008f900000, 0x000000008f900000| Untracked 
|  56|0x000000008fa00000, 0x000000008fa00000, 0x000000008fb00000|  0%| F|  |TAMS 0x000000008fa00000, 0x000000008fa00000| Untracked 
|  57|0x000000008fb00000, 0x000000008fb00000, 0x000000008fc00000|  0%| F|  |TAMS 0x000000008fb00000, 0x000000008fb00000| Untracked 
|  58|0x000000008fc00000, 0x000000008fc00000, 0x000000008fd00000|  0%| F|  |TAMS 0x000000008fc00000, 0x000000008fc00000| Untracked 
|  59|0x000000008fd00000, 0x000000008fd00000, 0x000000008fe00000|  0%| F|  |TAMS 0x000000008fd00000, 0x000000008fd00000| Untracked 
|  60|0x000000008fe00000, 0x000000008fe00000, 0x000000008ff00000|  0%| F|  |TAMS 0x000000008fe00000, 0x000000008fe00000| Untracked 
|  61|0x000000008ff00000, 0x000000008ff00000, 0x0000000090000000|  0%| F|  |TAMS 0x000000008ff00000, 0x000000008ff00000| Untracked 
|  62|0x0000000090000000, 0x0000000090000000, 0x0000000090100000|  0%| F|  |TAMS 0x0000000090000000, 0x0000000090000000| Untracked 
|  63|0x0000000090100000, 0x0000000090100000, 0x0000000090200000|  0%| F|  |TAMS 0x0000000090100000, 0x0000000090100000| Untracked 
|  64|0x0000000090200000, 0x0000000090200000, 0x0000000090300000|  0%| F|  |TAMS 0x0000000090200000, 0x0000000090200000| Untracked 
|  65|0x0000000090300000, 0x0000000090300000, 0x0000000090400000|  0%| F|  |TAMS 0x0000000090300000, 0x0000000090300000| Untracked 
|  66|0x0000000090400000, 0x0000000090400000, 0x0000000090500000|  0%| F|  |TAMS 0x0000000090400000, 0x0000000090400000| Untracked 
|  67|0x0000000090500000, 0x0000000090500000, 0x0000000090600000|  0%| F|  |TAMS 0x0000000090500000, 0x0000000090500000| Untracked 
|  68|0x0000000090600000, 0x0000000090600000, 0x0000000090700000|  0%| F|  |TAMS 0x0000000090600000, 0x0000000090600000| Untracked 
|  69|0x0000000090700000, 0x0000000090700000, 0x0000000090800000|  0%| F|  |TAMS 0x0000000090700000, 0x0000000090700000| Untracked 
|  70|0x0000000090800000, 0x0000000090800000, 0x0000000090900000|  0%| F|  |TAMS 0x0000000090800000, 0x0000000090800000| Untracked 
|  71|0x0000000090900000, 0x0000000090900000, 0x0000000090a00000|  0%| F|  |TAMS 0x0000000090900000, 0x0000000090900000| Untracked 
|  72|0x0000000090a00000, 0x0000000090a00000, 0x0000000090b00000|  0%| F|  |TAMS 0x0000000090a00000, 0x0000000090a00000| Untracked 
|  73|0x0000000090b00000, 0x0000000090b00000, 0x0000000090c00000|  0%| F|  |TAMS 0x0000000090b00000, 0x0000000090b00000| Untracked 
|  74|0x0000000090c00000, 0x0000000090c00000, 0x0000000090d00000|  0%| F|  |TAMS 0x0000000090c00000, 0x0000000090c00000| Untracked 
|  75|0x0000000090d00000, 0x0000000090d00000, 0x0000000090e00000|  0%| F|  |TAMS 0x0000000090d00000, 0x0000000090d00000| Untracked 
|  76|0x0000000090e00000, 0x0000000090e00000, 0x0000000090f00000|  0%| F|  |TAMS 0x0000000090e00000, 0x0000000090e00000| Untracked 
|  77|0x0000000090f00000, 0x0000000090f00000, 0x0000000091000000|  0%| F|  |TAMS 0x0000000090f00000, 0x0000000090f00000| Untracked 
|  78|0x0000000091000000, 0x0000000091000000, 0x0000000091100000|  0%| F|  |TAMS 0x0000000091000000, 0x0000000091000000| Untracked 
|  79|0x0000000091100000, 0x0000000091100000, 0x0000000091200000|  0%| F|  |TAMS 0x0000000091100000, 0x0000000091100000| Untracked 
|  80|0x0000000091200000, 0x0000000091200000, 0x0000000091300000|  0%| F|  |TAMS 0x0000000091200000, 0x0000000091200000| Untracked 
|  81|0x0000000091300000, 0x0000000091300000, 0x0000000091400000|  0%| F|  |TAMS 0x0000000091300000, 0x0000000091300000| Untracked 
|  82|0x0000000091400000, 0x0000000091400000, 0x0000000091500000|  0%| F|  |TAMS 0x0000000091400000, 0x0000000091400000| Untracked 
|  83|0x0000000091500000, 0x0000000091500000, 0x0000000091600000|  0%| F|  |TAMS 0x0000000091500000, 0x0000000091500000| Untracked 
|  84|0x0000000091600000, 0x0000000091600000, 0x0000000091700000|  0%| F|  |TAMS 0x0000000091600000, 0x0000000091600000| Untracked 
|  85|0x0000000091700000, 0x0000000091700000, 0x0000000091800000|  0%| F|  |TAMS 0x0000000091700000, 0x0000000091700000| Untracked 
|  86|0x0000000091800000, 0x0000000091800000, 0x0000000091900000|  0%| F|  |TAMS 0x0000000091800000, 0x0000000091800000| Untracked 
|  87|0x0000000091900000, 0x0000000091900000, 0x0000000091a00000|  0%| F|  |TAMS 0x0000000091900000, 0x0000000091900000| Untracked 
|  88|0x0000000091a00000, 0x0000000091a00000, 0x0000000091b00000|  0%| F|  |TAMS 0x0000000091a00000, 0x0000000091a00000| Untracked 
|  89|0x0000000091b00000, 0x0000000091b00000, 0x0000000091c00000|  0%| F|  |TAMS 0x0000000091b00000, 0x0000000091b00000| Untracked 
|  90|0x0000000091c00000, 0x0000000091c00000, 0x0000000091d00000|  0%| F|  |TAMS 0x0000000091c00000, 0x0000000091c00000| Untracked 
|  91|0x0000000091d00000, 0x0000000091d00000, 0x0000000091e00000|  0%| F|  |TAMS 0x0000000091d00000, 0x0000000091d00000| Untracked 
|  92|0x0000000091e00000, 0x0000000091e00000, 0x0000000091f00000|  0%| F|  |TAMS 0x0000000091e00000, 0x0000000091e00000| Untracked 
|  93|0x0000000091f00000, 0x0000000091f00000, 0x0000000092000000|  0%| F|  |TAMS 0x0000000091f00000, 0x0000000091f00000| Untracked 
|  94|0x0000000092000000, 0x0000000092000000, 0x0000000092100000|  0%| F|  |TAMS 0x0000000092000000, 0x0000000092000000| Untracked 
|  95|0x0000000092100000, 0x0000000092100000, 0x0000000092200000|  0%| F|  |TAMS 0x0000000092100000, 0x0000000092100000| Untracked 
|  96|0x0000000092200000, 0x0000000092200000, 0x0000000092300000|  0%| F|  |TAMS 0x0000000092200000, 0x0000000092200000| Untracked 
|  97|0x0000000092300000, 0x0000000092300000, 0x0000000092400000|  0%| F|  |TAMS 0x0000000092300000, 0x0000000092300000| Untracked 
|  98|0x0000000092400000, 0x0000000092400000, 0x0000000092500000|  0%| F|  |TAMS 0x0000000092400000, 0x0000000092400000| Untracked 
|  99|0x0000000092500000, 0x0000000092500000, 0x0000000092600000|  0%| F|  |TAMS 0x0000000092500000, 0x0000000092500000| Untracked 
| 100|0x0000000092600000, 0x0000000092600000, 0x0000000092700000|  0%| F|  |TAMS 0x0000000092600000, 0x0000000092600000| Untracked 
| 101|0x0000000092700000, 0x0000000092700000, 0x0000000092800000|  0%| F|  |TAMS 0x0000000092700000, 0x0000000092700000| Untracked 
| 102|0x0000000092800000, 0x0000000092800000, 0x0000000092900000|  0%| F|  |TAMS 0x0000000092800000, 0x0000000092800000| Untracked 
| 103|0x0000000092900000, 0x0000000092900000, 0x0000000092a00000|  0%| F|  |TAMS 0x0000000092900000, 0x0000000092900000| Untracked 
| 104|0x0000000092a00000, 0x0000000092a00000, 0x0000000092b00000|  0%| F|  |TAMS 0x0000000092a00000, 0x0000000092a00000| Untracked 
| 105|0x0000000092b00000, 0x0000000092b00000, 0x0000000092c00000|  0%| F|  |TAMS 0x0000000092b00000, 0x0000000092b00000| Untracked 
| 106|0x0000000092c00000, 0x0000000092c00000, 0x0000000092d00000|  0%| F|  |TAMS 0x0000000092c00000, 0x0000000092c00000| Untracked 
| 107|0x0000000092d00000, 0x0000000092d00000, 0x0000000092e00000|  0%| F|  |TAMS 0x0000000092d00000, 0x0000000092d00000| Untracked 
| 108|0x0000000092e00000, 0x0000000092e00000, 0x0000000092f00000|  0%| F|  |TAMS 0x0000000092e00000, 0x0000000092e00000| Untracked 
| 109|0x0000000092f00000, 0x0000000092f00000, 0x0000000093000000|  0%| F|  |TAMS 0x0000000092f00000, 0x0000000092f00000| Untracked 
| 110|0x0000000093000000, 0x0000000093000000, 0x0000000093100000|  0%| F|  |TAMS 0x0000000093000000, 0x0000000093000000| Untracked 
| 111|0x0000000093100000, 0x0000000093100000, 0x0000000093200000|  0%| F|  |TAMS 0x0000000093100000, 0x0000000093100000| Untracked 
| 112|0x0000000093200000, 0x0000000093200000, 0x0000000093300000|  0%| F|  |TAMS 0x0000000093200000, 0x0000000093200000| Untracked 
| 113|0x0000000093300000, 0x0000000093300000, 0x0000000093400000|  0%| F|  |TAMS 0x0000000093300000, 0x0000000093300000| Untracked 
| 114|0x0000000093400000, 0x0000000093448338, 0x0000000093500000| 28%| E|  |TAMS 0x0000000093400000, 0x0000000093400000| Complete 
| 115|0x0000000093500000, 0x0000000093600000, 0x0000000093600000|100%| E|CS|TAMS 0x0000000093500000, 0x0000000093500000| Complete 
|1852|0x00000000ffe00000, 0x00000000ffe34000, 0x00000000fff00000| 20%|OA|  |TAMS 0x00000000ffe00000, 0x00000000ffe00000| Untracked 
|1853|0x00000000fff00000, 0x00000000fff6a000, 0x0000000100000000| 41%|CA|  |TAMS 0x00000000fff00000, 0x00000000fff00000| Untracked 

Card table byte_map: [0x00007fdc736c0000,0x00007fdc73a5f000] _byte_map_base: 0x00007fdc7325f000

Marking Bits (Prev, Next): (CMBitMap*) 0x00007fdc9004e468, (CMBitMap*) 0x00007fdc9004e4a0
 Prev Bits: [0x00007fdc71629000, 0x00007fdc73321000)
 Next Bits: [0x00007fdc6f931000, 0x00007fdc71629000)

Polling page: 0x00007fdc97af5000

Metaspace:

Usage:
  Non-class:      4.14 MB capacity,   354.66 KB (  8%) used,     3.79 MB ( 92%) free+waste,   448 bytes ( <1%) overhead. 
      Class:    388.00 KB capacity,    15.16 KB (  4%) used,   372.65 KB ( 96%) free+waste,   192 bytes ( <1%) overhead. 
       Both:      4.52 MB capacity,   369.83 KB (  8%) used,     4.16 MB ( 92%) free+waste,   640 bytes ( <1%) overhead. 

Virtual space:
  Non-class space:        8.00 MB reserved,       4.25 MB ( 53%) committed 
      Class space:        1.00 GB reserved,     512.00 KB ( <1%) committed 
             Both:        1.01 GB reserved,       4.75 MB ( <1%) committed 

Chunk freelists:
   Non-Class:  28.00 KB
       Class:  0 bytes
        Both:  28.00 KB

CodeHeap 'non-profiled nmethods': size=120032Kb used=21Kb max_used=21Kb free=120010Kb
 bounds [0x00007fdc80010000, 0x00007fdc80280000, 0x00007fdc87548000]
CodeHeap 'profiled nmethods': size=120032Kb used=105Kb max_used=105Kb free=119927Kb
 bounds [0x00007fdc78ad8000, 0x00007fdc78d48000, 0x00007fdc80010000]
CodeHeap 'non-nmethods': size=5696Kb used=1037Kb max_used=1037Kb free=4659Kb
 bounds [0x00007fdc78548000, 0x00007fdc787b8000, 0x00007fdc78ad8000]
 total_blobs=447 nmethods=79 adapters=230
 compilation: enabled
              stopped_count=0, restarted_count=0
 full_count=0

Compilation events (10 events):
Event: 0.063 Thread 0x00007fdc90109800 nmethod 74 0x00007fdc78af0610 code [0x00007fdc78af07e0, 0x00007fdc78af09e8]
Event: 0.064 Thread 0x00007fdc90109800   75       3       java.lang.String::indexOf (29 bytes)
Event: 0.064 Thread 0x00007fdc90109800 nmethod 75 0x00007fdc78af0a90 code [0x00007fdc78af0c60, 0x00007fdc78af0f58]
Event: 0.065 Thread 0x00007fdc90109800   76       3       java.util.AbstractMap::<init> (5 bytes)
Event: 0.065 Thread 0x00007fdc90109800 nmethod 76 0x00007fdc78af1090 code [0x00007fdc78af1240, 0x00007fdc78af1410]
Event: 0.066 Thread 0x00007fdc90109800   77       1       java.lang.Object::<init> (1 bytes)
Event: 0.066 Thread 0x00007fdc90109800 nmethod 77 0x00007fdc80015210 code [0x00007fdc800153c0, 0x00007fdc800154f0]
Event: 0.066 Thread 0x00007fdc90109800   78       3       java.lang.String::indexOf (7 bytes)
Event: 0.066 Thread 0x00007fdc90109800 nmethod 78 0x00007fdc78af1510 code [0x00007fdc78af1700, 0x00007fdc78af1a58]
Event: 0.068 Thread 0x00007fdc90109800   79       3       java.util.HashSet::add (20 bytes)

GC Heap History (0 events):
No events

Deoptimization events (4 events):
Event: 0.051 Thread 0x00007fdc90012000 Uncommon trap: trap_request=0xffffff4d fr.pc=0x00007fdc80013848 relative=0x0000000000000088
Event: 0.051 Thread 0x00007fdc90012000 Uncommon trap: reason=unstable_if action=reinterpret pc=0x00007fdc80013848 method=java.lang.String.hashCode()I @ 14 c2
Event: 0.051 Thread 0x00007fdc90012000 DEOPT PACKING pc=0x00007fdc80013848 sp=0x00007fdc97ad11a0
Event: 0.051 Thread 0x00007fdc90012000 DEOPT UNPACKING pc=0x00007fdc78570a25 sp=0x00007fdc97ad1158 mode 2

Classes redefined (0 events):
No events

Internal exceptions (0 events):
No events

Events (10 events):
Event: 0.064 loading class com/cyberbotics/webots/controller/Robot
Event: 0.064 loading class com/cyberbotics/webots/controller/Robot done
Event: 0.065 Executing VM operation: Deoptimize
Event: 0.065 Executing VM operation: Deoptimize done
Event: 0.066 loading class com/cyberbotics/webots/controller/wrapperJNI
Event: 0.066 loading class com/cyberbotics/webots/controller/wrapperJNI done
Event: 0.067 loading class java/lang/UnsatisfiedLinkError
Event: 0.067 loading class java/lang/UnsatisfiedLinkError done
Event: 0.067 loading class java/lang/ClassLoaderHelper
Event: 0.068 loading class java/lang/ClassLoaderHelper done


Dynamic libraries:
8c200000-93600000 rw-p 00000000 00:00 0 
93600000-ffe00000 ---p 00000000 00:00 0 
ffe00000-ffe34000 rw-p 01116000 08:06 172814                             /usr/lib/jvm/java-11-openjdk-amd64/lib/server/classes.jsa
ffe34000-fff00000 rw-p 00000000 00:00 0 
fff00000-fff6a000 rw-p 010ac000 08:06 172814                             /usr/lib/jvm/java-11-openjdk-amd64/lib/server/classes.jsa
fff6a000-100000000 rw-p 00000000 00:00 0 
800000000-800002000 rwxp 00001000 08:06 172814                           /usr/lib/jvm/java-11-openjdk-amd64/lib/server/classes.jsa
800002000-8003bd000 rw-p 00003000 08:06 172814                           /usr/lib/jvm/java-11-openjdk-amd64/lib/server/classes.jsa
8003bd000-800a98000 r--p 003be000 08:06 172814                           /usr/lib/jvm/java-11-openjdk-amd64/lib/server/classes.jsa
800a98000-800a99000 rw-p 00a99000 08:06 172814                           /usr/lib/jvm/java-11-openjdk-amd64/lib/server/classes.jsa
800a99000-8010ab000 r--p 00a9a000 08:06 172814                           /usr/lib/jvm/java-11-openjdk-amd64/lib/server/classes.jsa
840000000-840080000 rw-p 00000000 00:00 0 
840080000-880000000 ---p 00000000 00:00 0 
55728f921000-55728f922000 r-xp 00000000 08:06 172509                     /usr/lib/jvm/java-11-openjdk-amd64/bin/java
55728fb22000-55728fb23000 r--p 00001000 08:06 172509                     /usr/lib/jvm/java-11-openjdk-amd64/bin/java
55728fb23000-55728fb24000 rw-p 00002000 08:06 172509                     /usr/lib/jvm/java-11-openjdk-amd64/bin/java
55728fb6a000-55728fb8b000 rw-p 00000000 00:00 0                          [heap]
7fdc30000000-7fdc30021000 rw-p 00000000 00:00 0 
7fdc30021000-7fdc34000000 ---p 00000000 00:00 0 
7fdc34000000-7fdc34021000 rw-p 00000000 00:00 0 
7fdc34021000-7fdc38000000 ---p 00000000 00:00 0 
7fdc38000000-7fdc38021000 rw-p 00000000 00:00 0 
7fdc38021000-7fdc3c000000 ---p 00000000 00:00 0 
7fdc3c000000-7fdc3c021000 rw-p 00000000 00:00 0 
7fdc3c021000-7fdc40000000 ---p 00000000 00:00 0 
7fdc40000000-7fdc4007e000 rw-p 00000000 00:00 0 
7fdc4007e000-7fdc44000000 ---p 00000000 00:00 0 
7fdc464e3000-7fdc464ee000 r-xp 00000000 08:06 2398073                    /home/max/Dokumente/webots/lib/libjbig.so.0
7fdc464ee000-7fdc466ed000 ---p 0000b000 08:06 2398073                    /home/max/Dokumente/webots/lib/libjbig.so.0
7fdc466ed000-7fdc466ee000 r--p 0000a000 08:06 2398073                    /home/max/Dokumente/webots/lib/libjbig.so.0
7fdc466ee000-7fdc466f1000 rw-p 0000b000 08:06 2398073                    /home/max/Dokumente/webots/lib/libjbig.so.0
7fdc466f1000-7fdc46715000 r-xp 00000000 08:06 1971253                    /lib/x86_64-linux-gnu/liblzma.so.5.2.2
7fdc46715000-7fdc46915000 ---p 00024000 08:06 1971253                    /lib/x86_64-linux-gnu/liblzma.so.5.2.2
7fdc46915000-7fdc46916000 r--p 00024000 08:06 1971253                    /lib/x86_64-linux-gnu/liblzma.so.5.2.2
7fdc46916000-7fdc46917000 rw-p 00025000 08:06 1971253                    /lib/x86_64-linux-gnu/liblzma.so.5.2.2
7fdc46917000-7fdc4693b000 r-xp 00000000 08:06 2398022                    /home/max/Dokumente/webots/lib/libpng12.so.0
7fdc4693b000-7fdc46b3a000 ---p 00024000 08:06 2398022                    /home/max/Dokumente/webots/lib/libpng12.so.0
7fdc46b3a000-7fdc46b3b000 r--p 00023000 08:06 2398022                    /home/max/Dokumente/webots/lib/libpng12.so.0
7fdc46b3b000-7fdc46b3c000 rw-p 00024000 08:06 2398022                    /home/max/Dokumente/webots/lib/libpng12.so.0
7fdc46b3c000-7fdc46b93000 r-xp 00000000 08:06 2398071                    /home/max/Dokumente/webots/lib/libjpeg.so.8
7fdc46b93000-7fdc46d93000 ---p 00057000 08:06 2398071                    /home/max/Dokumente/webots/lib/libjpeg.so.8
7fdc46d93000-7fdc46d94000 r--p 00057000 08:06 2398071                    /home/max/Dokumente/webots/lib/libjpeg.so.8
7fdc46d94000-7fdc46d95000 rw-p 00058000 08:06 2398071                    /home/max/Dokumente/webots/lib/libjpeg.so.8
7fdc46d95000-7fdc46e06000 r-xp 00000000 08:06 2398058                    /home/max/Dokumente/webots/lib/libtiff.so.5
7fdc46e06000-7fdc47006000 ---p 00071000 08:06 2398058                    /home/max/Dokumente/webots/lib/libtiff.so.5
7fdc47006000-7fdc47007000 r--p 00071000 08:06 2398058                    /home/max/Dokumente/webots/lib/libtiff.so.5
7fdc47007000-7fdc4700a000 rw-p 00072000 08:06 2398058                    /home/max/Dokumente/webots/lib/libtiff.so.5
7fdc4700a000-7fdc47056000 r-xp 00000000 08:06 2397407                    /home/max/Dokumente/webots/lib/libController.so
7fdc47056000-7fdc47255000 ---p 0004c000 08:06 2397407                    /home/max/Dokumente/webots/lib/libController.so
7fdc47255000-7fdc47256000 r--p 0004b000 08:06 2397407                    /home/max/Dokumente/webots/lib/libController.so
7fdc47256000-7fdc47257000 rw-p 0004c000 08:06 2397407                    /home/max/Dokumente/webots/lib/libController.so
7fdc47257000-7fdc47258000 rw-p 00000000 00:00 0 
7fdc47258000-7fdc47292000 r-xp 00000000 08:06 2398056                    /home/max/Dokumente/webots/lib/libCppController.so
7fdc47292000-7fdc47491000 ---p 0003a000 08:06 2398056                    /home/max/Dokumente/webots/lib/libCppController.so
7fdc47491000-7fdc47493000 r--p 00039000 08:06 2398056                    /home/max/Dokumente/webots/lib/libCppController.so
7fdc47493000-7fdc47495000 rw-p 0003b000 08:06 2398056                    /home/max/Dokumente/webots/lib/libCppController.so
7fdc47495000-7fdc474d1000 r-xp 00000000 08:06 3176716                    /home/max/Dokumente/webots/lib/java/libJavaController.so
7fdc474d1000-7fdc476d0000 ---p 0003c000 08:06 3176716                    /home/max/Dokumente/webots/lib/java/libJavaController.so
7fdc476d0000-7fdc476d1000 r--p 0003b000 08:06 3176716                    /home/max/Dokumente/webots/lib/java/libJavaController.so
7fdc476d1000-7fdc476d2000 rw-p 0003c000 08:06 3176716                    /home/max/Dokumente/webots/lib/java/libJavaController.so
7fdc476d2000-7fdc476e8000 r-xp 00000000 08:06 172662                     /usr/lib/jvm/java-11-openjdk-amd64/lib/libnet.so
7fdc476e8000-7fdc478e7000 ---p 00016000 08:06 172662                     /usr/lib/jvm/java-11-openjdk-amd64/lib/libnet.so
7fdc478e7000-7fdc478e8000 r--p 00015000 08:06 172662                     /usr/lib/jvm/java-11-openjdk-amd64/lib/libnet.so
7fdc478e8000-7fdc478e9000 rw-p 00016000 08:06 172662                     /usr/lib/jvm/java-11-openjdk-amd64/lib/libnet.so
7fdc478e9000-7fdc478f9000 r-xp 00000000 08:06 172663                     /usr/lib/jvm/java-11-openjdk-amd64/lib/libnio.so
7fdc478f9000-7fdc47af8000 ---p 00010000 08:06 172663                     /usr/lib/jvm/java-11-openjdk-amd64/lib/libnio.so
7fdc47af8000-7fdc47af9000 r--p 0000f000 08:06 172663                     /usr/lib/jvm/java-11-openjdk-amd64/lib/libnio.so
7fdc47af9000-7fdc47afa000 rw-p 00010000 08:06 172663                     /usr/lib/jvm/java-11-openjdk-amd64/lib/libnio.so
7fdc47afa000-7fdc47afe000 ---p 00000000 00:00 0 
7fdc47afe000-7fdc47bfb000 rw-p 00000000 00:00 0 
7fdc47bfb000-7fdc47bfc000 ---p 00000000 00:00 0 
7fdc47bfc000-7fdc47cfd000 rw-p 00000000 00:00 0 
7fdc47cfd000-7fdc47d01000 ---p 00000000 00:00 0 
7fdc47d01000-7fdc47dfe000 rw-p 00000000 00:00 0 
7fdc47dfe000-7fdc47e02000 ---p 00000000 00:00 0 
7fdc47e02000-7fdc47eff000 rw-p 00000000 00:00 0 
7fdc47eff000-7fdc47f03000 ---p 00000000 00:00 0 
7fdc47f03000-7fdc48000000 rw-p 00000000 00:00 0 
7fdc48000000-7fdc48021000 rw-p 00000000 00:00 0 
7fdc48021000-7fdc4c000000 ---p 00000000 00:00 0 
7fdc4c000000-7fdc4c068000 rw-p 00000000 00:00 0 
7fdc4c068000-7fdc50000000 ---p 00000000 00:00 0 
7fdc50000000-7fdc50021000 rw-p 00000000 00:00 0 
7fdc50021000-7fdc54000000 ---p 00000000 00:00 0 
7fdc54000000-7fdc54021000 rw-p 00000000 00:00 0 
7fdc54021000-7fdc58000000 ---p 00000000 00:00 0 
7fdc58000000-7fdc58021000 rw-p 00000000 00:00 0 
7fdc58021000-7fdc5c000000 ---p 00000000 00:00 0 
7fdc5c000000-7fdc5c021000 rw-p 00000000 00:00 0 
7fdc5c021000-7fdc60000000 ---p 00000000 00:00 0 
7fdc60000000-7fdc60021000 rw-p 00000000 00:00 0 
7fdc60021000-7fdc64000000 ---p 00000000 00:00 0 
7fdc64000000-7fdc64021000 rw-p 00000000 00:00 0 
7fdc64021000-7fdc68000000 ---p 00000000 00:00 0 
7fdc68000000-7fdc68021000 rw-p 00000000 00:00 0 
7fdc68021000-7fdc6c000000 ---p 00000000 00:00 0 
7fdc6c068000-7fdc6c06c000 ---p 00000000 00:00 0 
7fdc6c06c000-7fdc6c169000 rw-p 00000000 00:00 0 
7fdc6c169000-7fdc6c16d000 ---p 00000000 00:00 0 
7fdc6c16d000-7fdc6c26a000 rw-p 00000000 00:00 0 
7fdc6c26a000-7fdc6c5a0000 r--p 00000000 08:06 2890533                    /usr/lib/locale/locale-archive
7fdc6c5a0000-7fdc6c5a4000 ---p 00000000 00:00 0 
7fdc6c5a4000-7fdc6c6a1000 rw-p 00000000 00:00 0 
7fdc6c6a1000-7fdc6c6a5000 ---p 00000000 00:00 0 
7fdc6c6a5000-7fdc6c7a2000 rw-p 00000000 00:00 0 
7fdc6c7a2000-7fdc6c7a3000 ---p 00000000 00:00 0 
7fdc6c7a3000-7fdc6cd65000 rw-p 00000000 00:00 0 
7fdc6cd65000-7fdc6d125000 ---p 00000000 00:00 0 
7fdc6d125000-7fdc6d126000 ---p 00000000 00:00 0 
7fdc6d126000-7fdc6d227000 rw-p 00000000 00:00 0 
7fdc6d227000-7fdc6d228000 ---p 00000000 00:00 0 
7fdc6d228000-7fdc6f72d000 rw-p 00000000 00:00 0 
7fdc6f72d000-7fdc6f72e000 ---p 00000000 00:00 0 
7fdc6f72e000-7fdc6f82f000 rw-p 00000000 00:00 0 
7fdc6f82f000-7fdc6f830000 ---p 00000000 00:00 0 
7fdc6f830000-7fdc6fb01000 rw-p 00000000 00:00 0 
7fdc6fb01000-7fdc71621000 ---p 00000000 00:00 0 
7fdc71621000-7fdc717f9000 rw-p 00000000 00:00 0 
7fdc717f9000-7fdc73319000 ---p 00000000 00:00 0 
7fdc73319000-7fdc7335b000 rw-p 00000000 00:00 0 
7fdc7335b000-7fdc736bf000 ---p 00000000 00:00 0 
7fdc736bf000-7fdc736fa000 rw-p 00000000 00:00 0 
7fdc736fa000-7fdc73a5e000 ---p 00000000 00:00 0 
7fdc73a5e000-7fdc73a99000 rw-p 00000000 00:00 0 
7fdc73a99000-7fdc73dfd000 ---p 00000000 00:00 0 
7fdc73dfd000-7fdc74000000 rw-p 00000000 00:00 0 
7fdc74000000-7fdc74021000 rw-p 00000000 00:00 0 
7fdc74021000-7fdc78000000 ---p 00000000 00:00 0 
7fdc7806e000-7fdc78270000 rw-p 00000000 00:00 0 
7fdc78270000-7fdc78271000 ---p 00000000 00:00 0 
7fdc78271000-7fdc78377000 rw-p 00000000 00:00 0 
7fdc78377000-7fdc7845d000 ---p 00000000 00:00 0 
7fdc7845d000-7fdc78462000 rw-p 00000000 00:00 0 
7fdc78462000-7fdc78548000 ---p 00000000 00:00 0 
7fdc78548000-7fdc787b8000 rwxp 00000000 00:00 0 
7fdc787b8000-7fdc78ad8000 ---p 00000000 00:00 0 
7fdc78ad8000-7fdc78d48000 rwxp 00000000 00:00 0 
7fdc78d48000-7fdc80010000 ---p 00000000 00:00 0 
7fdc80010000-7fdc80280000 rwxp 00000000 00:00 0 
7fdc80280000-7fdc87548000 ---p 00000000 00:00 0 
7fdc87548000-7fdc8fbf2000 r--s 00000000 08:06 172672                     /usr/lib/jvm/java-11-openjdk-amd64/lib/modules
7fdc8fbf2000-7fdc8fbf7000 r-xp 00000000 08:06 172654                     /usr/lib/jvm/java-11-openjdk-amd64/lib/libjimage.so
7fdc8fbf7000-7fdc8fdf6000 ---p 00005000 08:06 172654                     /usr/lib/jvm/java-11-openjdk-amd64/lib/libjimage.so
7fdc8fdf6000-7fdc8fdf7000 r--p 00004000 08:06 172654                     /usr/lib/jvm/java-11-openjdk-amd64/lib/libjimage.so
7fdc8fdf7000-7fdc8fdf8000 rw-p 00005000 08:06 172654                     /usr/lib/jvm/java-11-openjdk-amd64/lib/libjimage.so
7fdc8fdf8000-7fdc8fdff000 r-xp 00000000 08:06 172671                     /usr/lib/jvm/java-11-openjdk-amd64/lib/libzip.so
7fdc8fdff000-7fdc8fffe000 ---p 00007000 08:06 172671                     /usr/lib/jvm/java-11-openjdk-amd64/lib/libzip.so
7fdc8fffe000-7fdc8ffff000 r--p 00006000 08:06 172671                     /usr/lib/jvm/java-11-openjdk-amd64/lib/libzip.so
7fdc8ffff000-7fdc90000000 rw-p 00007000 08:06 172671                     /usr/lib/jvm/java-11-openjdk-amd64/lib/libzip.so
7fdc90000000-7fdc9018c000 rw-p 00000000 00:00 0 
7fdc9018c000-7fdc94000000 ---p 00000000 00:00 0 
7fdc9405b000-7fdc940b6000 rw-p 00000000 00:00 0 
7fdc940b6000-7fdc940c1000 r-xp 00000000 08:06 1971283                    /lib/x86_64-linux-gnu/libnss_files-2.27.so
7fdc940c1000-7fdc942c0000 ---p 0000b000 08:06 1971283                    /lib/x86_64-linux-gnu/libnss_files-2.27.so
7fdc942c0000-7fdc942c1000 r--p 0000a000 08:06 1971283                    /lib/x86_64-linux-gnu/libnss_files-2.27.so
7fdc942c1000-7fdc942c2000 rw-p 0000b000 08:06 1971283                    /lib/x86_64-linux-gnu/libnss_files-2.27.so
7fdc942c2000-7fdc942c8000 rw-p 00000000 00:00 0 
7fdc942c8000-7fdc942df000 r-xp 00000000 08:06 1971277                    /lib/x86_64-linux-gnu/libnsl-2.27.so
7fdc942df000-7fdc944de000 ---p 00017000 08:06 1971277                    /lib/x86_64-linux-gnu/libnsl-2.27.so
7fdc944de000-7fdc944df000 r--p 00016000 08:06 1971277                    /lib/x86_64-linux-gnu/libnsl-2.27.so
7fdc944df000-7fdc944e0000 rw-p 00017000 08:06 1971277                    /lib/x86_64-linux-gnu/libnsl-2.27.so
7fdc944e0000-7fdc944e2000 rw-p 00000000 00:00 0 
7fdc944e2000-7fdc944ed000 r-xp 00000000 08:06 1971294                    /lib/x86_64-linux-gnu/libnss_nis-2.27.so
7fdc944ed000-7fdc946ec000 ---p 0000b000 08:06 1971294                    /lib/x86_64-linux-gnu/libnss_nis-2.27.so
7fdc946ec000-7fdc946ed000 r--p 0000a000 08:06 1971294                    /lib/x86_64-linux-gnu/libnss_nis-2.27.so
7fdc946ed000-7fdc946ee000 rw-p 0000b000 08:06 1971294                    /lib/x86_64-linux-gnu/libnss_nis-2.27.so
7fdc946ee000-7fdc946f6000 r-xp 00000000 08:06 1971279                    /lib/x86_64-linux-gnu/libnss_compat-2.27.so
7fdc946f6000-7fdc948f6000 ---p 00008000 08:06 1971279                    /lib/x86_64-linux-gnu/libnss_compat-2.27.so
7fdc948f6000-7fdc948f7000 r--p 00008000 08:06 1971279                    /lib/x86_64-linux-gnu/libnss_compat-2.27.so
7fdc948f7000-7fdc948f8000 rw-p 00009000 08:06 1971279                    /lib/x86_64-linux-gnu/libnss_compat-2.27.so
7fdc948f8000-7fdc94921000 r-xp 00000000 08:06 172650                     /usr/lib/jvm/java-11-openjdk-amd64/lib/libjava.so
7fdc94921000-7fdc94b20000 ---p 00029000 08:06 172650                     /usr/lib/jvm/java-11-openjdk-amd64/lib/libjava.so
7fdc94b20000-7fdc94b21000 r--p 00028000 08:06 172650                     /usr/lib/jvm/java-11-openjdk-amd64/lib/libjava.so
7fdc94b21000-7fdc94b23000 rw-p 00029000 08:06 172650                     /usr/lib/jvm/java-11-openjdk-amd64/lib/libjava.so
7fdc94b23000-7fdc94b30000 r-xp 00000000 08:06 172670                     /usr/lib/jvm/java-11-openjdk-amd64/lib/libverify.so
7fdc94b30000-7fdc94d2f000 ---p 0000d000 08:06 172670                     /usr/lib/jvm/java-11-openjdk-amd64/lib/libverify.so
7fdc94d2f000-7fdc94d31000 r--p 0000c000 08:06 172670                     /usr/lib/jvm/java-11-openjdk-amd64/lib/libverify.so
7fdc94d31000-7fdc94d32000 rw-p 0000e000 08:06 172670                     /usr/lib/jvm/java-11-openjdk-amd64/lib/libverify.so
7fdc94d32000-7fdc94d39000 r-xp 00000000 08:06 1971334                    /lib/x86_64-linux-gnu/librt-2.27.so
7fdc94d39000-7fdc94f38000 ---p 00007000 08:06 1971334                    /lib/x86_64-linux-gnu/librt-2.27.so
7fdc94f38000-7fdc94f39000 r--p 00006000 08:06 1971334                    /lib/x86_64-linux-gnu/librt-2.27.so
7fdc94f39000-7fdc94f3a000 rw-p 00007000 08:06 1971334                    /lib/x86_64-linux-gnu/librt-2.27.so
7fdc94f3a000-7fdc94f51000 r-xp 00000000 08:06 1966156                    /lib/x86_64-linux-gnu/libgcc_s.so.1
7fdc94f51000-7fdc95150000 ---p 00017000 08:06 1966156                    /lib/x86_64-linux-gnu/libgcc_s.so.1
7fdc95150000-7fdc95151000 r--p 00016000 08:06 1966156                    /lib/x86_64-linux-gnu/libgcc_s.so.1
7fdc95151000-7fdc95152000 rw-p 00017000 08:06 1966156                    /lib/x86_64-linux-gnu/libgcc_s.so.1
7fdc95152000-7fdc952ef000 r-xp 00000000 08:06 1971256                    /lib/x86_64-linux-gnu/libm-2.27.so
7fdc952ef000-7fdc954ee000 ---p 0019d000 08:06 1971256                    /lib/x86_64-linux-gnu/libm-2.27.so
7fdc954ee000-7fdc954ef000 r--p 0019c000 08:06 1971256                    /lib/x86_64-linux-gnu/libm-2.27.so
7fdc954ef000-7fdc954f0000 rw-p 0019d000 08:06 1971256                    /lib/x86_64-linux-gnu/libm-2.27.so
7fdc954f0000-7fdc95669000 r-xp 00000000 08:06 2888464                    /usr/lib/x86_64-linux-gnu/libstdc++.so.6.0.25
7fdc95669000-7fdc95869000 ---p 00179000 08:06 2888464                    /usr/lib/x86_64-linux-gnu/libstdc++.so.6.0.25
7fdc95869000-7fdc95873000 r--p 00179000 08:06 2888464                    /usr/lib/x86_64-linux-gnu/libstdc++.so.6.0.25
7fdc95873000-7fdc95875000 rw-p 00183000 08:06 2888464                    /usr/lib/x86_64-linux-gnu/libstdc++.so.6.0.25
7fdc95875000-7fdc95879000 rw-p 00000000 00:00 0 
7fdc95879000-7fdc96945000 r-xp 00000000 08:06 172680                     /usr/lib/jvm/java-11-openjdk-amd64/lib/server/libjvm.so
7fdc96945000-7fdc96b44000 ---p 010cc000 08:06 172680                     /usr/lib/jvm/java-11-openjdk-amd64/lib/server/libjvm.so
7fdc96b44000-7fdc96c01000 r--p 010cb000 08:06 172680                     /usr/lib/jvm/java-11-openjdk-amd64/lib/server/libjvm.so
7fdc96c01000-7fdc96c3a000 rw-p 01188000 08:06 172680                     /usr/lib/jvm/java-11-openjdk-amd64/lib/server/libjvm.so
7fdc96c3a000-7fdc96c90000 rw-p 00000000 00:00 0 
7fdc96c90000-7fdc96caa000 r-xp 00000000 08:06 1971326                    /lib/x86_64-linux-gnu/libpthread-2.27.so
7fdc96caa000-7fdc96ea9000 ---p 0001a000 08:06 1971326                    /lib/x86_64-linux-gnu/libpthread-2.27.so
7fdc96ea9000-7fdc96eaa000 r--p 00019000 08:06 1971326                    /lib/x86_64-linux-gnu/libpthread-2.27.so
7fdc96eaa000-7fdc96eab000 rw-p 0001a000 08:06 1971326                    /lib/x86_64-linux-gnu/libpthread-2.27.so
7fdc96eab000-7fdc96eaf000 rw-p 00000000 00:00 0 
7fdc96eaf000-7fdc96eb2000 r-xp 00000000 08:06 1971216                    /lib/x86_64-linux-gnu/libdl-2.27.so
7fdc96eb2000-7fdc970b1000 ---p 00003000 08:06 1971216                    /lib/x86_64-linux-gnu/libdl-2.27.so
7fdc970b1000-7fdc970b2000 r--p 00002000 08:06 1971216                    /lib/x86_64-linux-gnu/libdl-2.27.so
7fdc970b2000-7fdc970b3000 rw-p 00003000 08:06 1971216                    /lib/x86_64-linux-gnu/libdl-2.27.so
7fdc970b3000-7fdc970cf000 r-xp 00000000 08:06 1971367                    /lib/x86_64-linux-gnu/libz.so.1.2.11
7fdc970cf000-7fdc972ce000 ---p 0001c000 08:06 1971367                    /lib/x86_64-linux-gnu/libz.so.1.2.11
7fdc972ce000-7fdc972cf000 r--p 0001b000 08:06 1971367                    /lib/x86_64-linux-gnu/libz.so.1.2.11
7fdc972cf000-7fdc972d0000 rw-p 0001c000 08:06 1971367                    /lib/x86_64-linux-gnu/libz.so.1.2.11
7fdc972d0000-7fdc974b7000 r-xp 00000000 08:06 1971193                    /lib/x86_64-linux-gnu/libc-2.27.so
7fdc974b7000-7fdc976b7000 ---p 001e7000 08:06 1971193                    /lib/x86_64-linux-gnu/libc-2.27.so
7fdc976b7000-7fdc976bb000 r--p 001e7000 08:06 1971193                    /lib/x86_64-linux-gnu/libc-2.27.so
7fdc976bb000-7fdc976bd000 rw-p 001eb000 08:06 1971193                    /lib/x86_64-linux-gnu/libc-2.27.so
7fdc976bd000-7fdc976c1000 rw-p 00000000 00:00 0 
7fdc976c1000-7fdc976d1000 r-xp 00000000 08:06 172634                     /usr/lib/jvm/java-11-openjdk-amd64/lib/jli/libjli.so
7fdc976d1000-7fdc978d0000 ---p 00010000 08:06 172634                     /usr/lib/jvm/java-11-openjdk-amd64/lib/jli/libjli.so
7fdc978d0000-7fdc978d1000 r--p 0000f000 08:06 172634                     /usr/lib/jvm/java-11-openjdk-amd64/lib/jli/libjli.so
7fdc978d1000-7fdc978d2000 rw-p 00010000 08:06 172634                     /usr/lib/jvm/java-11-openjdk-amd64/lib/jli/libjli.so
7fdc978d2000-7fdc978f9000 r-xp 00000000 08:06 1971165                    /lib/x86_64-linux-gnu/ld-2.27.so
7fdc978fa000-7fdc979d3000 rw-p 00000000 00:00 0 
7fdc979d3000-7fdc979d7000 ---p 00000000 00:00 0 
7fdc979d7000-7fdc97ad8000 rw-p 00000000 00:00 0 
7fdc97ae1000-7fdc97ae6000 rw-p 00000000 00:00 0 
7fdc97ae6000-7fdc97aed000 ---p 00000000 00:00 0 
7fdc97aed000-7fdc97af5000 rw-s 00000000 08:06 1192416                    /tmp/hsperfdata_max/19765
7fdc97af5000-7fdc97af6000 ---p 00000000 00:00 0 
7fdc97af6000-7fdc97af7000 r--p 00000000 00:00 0 
7fdc97af7000-7fdc97af9000 rw-p 00000000 00:00 0 
7fdc97af9000-7fdc97afa000 r--p 00027000 08:06 1971165                    /lib/x86_64-linux-gnu/ld-2.27.so
7fdc97afa000-7fdc97afb000 rw-p 00028000 08:06 1971165                    /lib/x86_64-linux-gnu/ld-2.27.so
7fdc97afb000-7fdc97afc000 rw-p 00000000 00:00 0 
7ffe0c0c2000-7ffe0c0e3000 rw-p 00000000 00:00 0                          [stack]
7ffe0c1e3000-7ffe0c1e6000 r--p 00000000 00:00 0                          [vvar]
7ffe0c1e6000-7ffe0c1e8000 r-xp 00000000 00:00 0                          [vdso]
ffffffffff600000-ffffffffff601000 r-xp 00000000 00:00 0                  [vsyscall]


VM Arguments:
jvm_args: -Djava.library.path=/home/max/Dokumente/webots/lib/java 
java_command: FarberkennungController
java_class_path (initial): /home/max/Dokumente/webots/lib/java/Controller.jar:/home/max/Dokumente/NAO/controllers/FarberkennungController/
Launcher Type: SUN_STANDARD

[Global flags]
     intx CICompilerCount                          = 3                                         {product} {ergonomic}
     uint ConcGCThreads                            = 1                                         {product} {ergonomic}
     uint G1ConcRefinementThreads                  = 4                                         {product} {ergonomic}
   size_t G1HeapRegionSize                         = 1048576                                   {product} {ergonomic}
    uintx GCDrainStackTargetSize                   = 64                                        {product} {ergonomic}
   size_t InitialHeapSize                          = 121634816                                 {product} {ergonomic}
   size_t MarkStackSize                            = 4194304                                   {product} {ergonomic}
   size_t MaxHeapSize                              = 1944059904                                {product} {ergonomic}
   size_t MaxNewSize                               = 1166016512                                {product} {ergonomic}
   size_t MinHeapDeltaBytes                        = 1048576                                   {product} {ergonomic}
    uintx NonNMethodCodeHeapSize                   = 5830092                                {pd product} {ergonomic}
    uintx NonProfiledCodeHeapSize                  = 122914074                              {pd product} {ergonomic}
    uintx ProfiledCodeHeapSize                     = 122914074                              {pd product} {ergonomic}
    uintx ReservedCodeCacheSize                    = 251658240                              {pd product} {ergonomic}
     bool SegmentedCodeCache                       = true                                      {product} {ergonomic}
     bool UseCompressedClassPointers               = true                                 {lp64_product} {ergonomic}
     bool UseCompressedOops                        = true                                 {lp64_product} {ergonomic}
     bool UseG1GC                                  = true                                      {product} {ergonomic}

Logging:
Log output configuration:
 #0: stdout all=warning uptime,level,tags
 #1: stderr all=off uptime,level,tags

Environment Variables:
JAVA_HOME=/usr/lib/jvm/jdk-11
PATH=/usr/local/sbin:/usr/local/bin:/usr/sbin:/usr/bin:/sbin:/bin:/usr/games:/usr/local/games
LD_LIBRARY_PATH=/home/max/Dokumente/webots/projects/default/libraries/vehicle:/home/max/Dokumente/webots/projects/default/libraries/ros:/home/max/Dokumente/webots/resources/projects/libraries/qt_utils:/home/max/Dokumente/NAO/controllers/FarberkennungController/:/home/max/Dokumente/webots/lib/:/tmp/webots-13352/lib:
SHELL=/bin/bash
DISPLAY=:0

Signal Handlers:
SIGSEGV: [libjvm.so+0xde5f50], sa_mask[0]=11111111011111111101111111111110, sa_flags=SA_RESTART|SA_SIGINFO
SIGBUS: [libjvm.so+0xde5f50], sa_mask[0]=11111111011111111101111111111110, sa_flags=SA_RESTART|SA_SIGINFO
SIGFPE: [libjvm.so+0xde5f50], sa_mask[0]=11111111011111111101111111111110, sa_flags=SA_RESTART|SA_SIGINFO
SIGPIPE: [libjvm.so+0xbba5b0], sa_mask[0]=11111111011111111101111111111110, sa_flags=SA_RESTART|SA_SIGINFO
SIGXFSZ: [libjvm.so+0xbba5b0], sa_mask[0]=11111111011111111101111111111110, sa_flags=SA_RESTART|SA_SIGINFO
SIGILL: [libjvm.so+0xde5f50], sa_mask[0]=11111111011111111101111111111110, sa_flags=SA_RESTART|SA_SIGINFO
SIGUSR2: [libjvm.so+0xbba450], sa_mask[0]=00000000000000000000000000000000, sa_flags=SA_RESTART|SA_SIGINFO
SIGHUP: [libjvm.so+0xbba7b0], sa_mask[0]=11111111011111111101111111111110, sa_flags=SA_RESTART|SA_SIGINFO
SIGINT: [libjvm.so+0xbba7b0], sa_mask[0]=11111111011111111101111111111110, sa_flags=SA_RESTART|SA_SIGINFO
SIGTERM: [libjvm.so+0xbba7b0], sa_mask[0]=11111111011111111101111111111110, sa_flags=SA_RESTART|SA_SIGINFO
SIGQUIT: [libjvm.so+0xbba7b0], sa_mask[0]=11111111011111111101111111111110, sa_flags=SA_RESTART|SA_SIGINFO


---------------  S Y S T E M  ---------------

OS:DISTRIB_ID=LinuxMint
DISTRIB_RELEASE=19.1
DISTRIB_CODENAME=tessa
DISTRIB_DESCRIPTION="Linux Mint 19.1 Tessa"
uname:Linux 4.15.0-65-generic #74-Ubuntu SMP Tue Sep 17 17:06:04 UTC 2019 x86_64
libc:glibc 2.27 NPTL 2.27 
rlimit: STACK 8192k, CORE 0k, NPROC 29388, NOFILE 1048576, AS infinity, DATA infinity, FSIZE infinity
load average:0.76 1.30 1.77

/proc/meminfo:
MemTotal:        7589136 kB
MemFree:          183264 kB
MemAvailable:     734700 kB
Buffers:           24672 kB
Cached:          1910656 kB
SwapCached:          148 kB
Active:          5820212 kB
Inactive:        1194804 kB
Active(anon):    5459264 kB
Inactive(anon):   826016 kB
Active(file):     360948 kB
Inactive(file):   368788 kB
Unevictable:          64 kB
Mlocked:              64 kB
SwapTotal:       1951740 kB
SwapFree:        1578244 kB
Dirty:               696 kB
Writeback:             0 kB
AnonPages:       5079508 kB
Mapped:           867472 kB
Shmem:           1206616 kB
Slab:             170944 kB
SReclaimable:      86280 kB
SUnreclaim:        84664 kB
KernelStack:       16940 kB
PageTables:       103336 kB
NFS_Unstable:          0 kB
Bounce:                0 kB
WritebackTmp:          0 kB
CommitLimit:     5746308 kB
Committed_AS:   17607680 kB
VmallocTotal:   34359738367 kB
VmallocUsed:           0 kB
VmallocChunk:          0 kB
HardwareCorrupted:     0 kB
AnonHugePages:         0 kB
ShmemHugePages:        0 kB
ShmemPmdMapped:        0 kB
CmaTotal:              0 kB
CmaFree:               0 kB
HugePages_Total:       0
HugePages_Free:        0
HugePages_Rsvd:        0
HugePages_Surp:        0
Hugepagesize:       2048 kB
DirectMap4k:      506032 kB
DirectMap2M:     7297024 kB
DirectMap1G:     1048576 kB


/proc/sys/kernel/threads-max (system-wide limit on the number of threads):
58777


/proc/sys/vm/max_map_count (maximum number of memory map areas a process may have):
65530


/proc/sys/kernel/pid_max (system-wide limit on number of process identifiers):
32768



container (cgroup) information:
container_type: cgroupv1
cpu_cpuset_cpus: 0-3
cpu_memory_nodes: 0
active_processor_count: 4
cpu_quota: -1
cpu_period: 100000
cpu_shares: -1
memory_limit_in_bytes: -1
memory_and_swap_limit_in_bytes: -2
memory_soft_limit_in_bytes: -1
memory_usage_in_bytes: 7183613952
memory_max_usage_in_bytes: 51859456

Steal ticks since vm start: 0
Steal ticks percentage since vm start:  0.000

CPU:total 4 (initial active 4) (2 cores per cpu, 2 threads per core) family 6 model 78 stepping 3, cmov, cx8, fxsr, mmx, sse, sse2, sse3, ssse3, sse4.1, sse4.2, popcnt, avx, avx2, aes, clmul, erms, 3dnowpref, lzcnt, ht, tsc, tscinvbit, bmi1, bmi2, adx, fma
CPU Model and flags from /proc/cpuinfo:
model name	: Intel(R) Core(TM) i5-6200U CPU @ 2.30GHz
flags		: fpu vme de pse tsc msr pae mce cx8 apic sep mtrr pge mca cmov pat pse36 clflush dts acpi mmx fxsr sse sse2 ss ht tm pbe syscall nx pdpe1gb rdtscp lm constant_tsc art arch_perfmon pebs bts rep_good nopl xtopology nonstop_tsc cpuid aperfmperf tsc_known_freq pni pclmulqdq dtes64 monitor ds_cpl vmx est tm2 ssse3 sdbg fma cx16 xtpr pdcm pcid sse4_1 sse4_2 x2apic movbe popcnt tsc_deadline_timer aes xsave avx f16c rdrand lahf_lm abm 3dnowprefetch cpuid_fault epb invpcid_single pti ssbd ibrs ibpb stibp tpr_shadow vnmi flexpriority ept vpid fsgsbase tsc_adjust bmi1 avx2 smep bmi2 erms invpcid mpx rdseed adx smap clflushopt intel_pt xsaveopt xsavec xgetbv1 xsaves dtherm ida arat pln pts hwp hwp_notify hwp_act_window hwp_epp md_clear flush_l1d

Memory: 4k page, physical 7589136k(183264k free), swap 1951740k(1578244k free)

vm_info: OpenJDK 64-Bit Server VM (11.0.4+11-post-Ubuntu-1ubuntu218.04.3) for linux-amd64 JRE (11.0.4+11-post-Ubuntu-1ubuntu218.04.3), built on Jul 18 2019 18:21:46 by "buildd" with gcc 7.4.0

END.
