#
# A fatal error has been detected by the Java Runtime Environment:
#
#  EXCEPTION_ACCESS_VIOLATION (0xc0000005) at pc=0x000000006a259c6a, pid=6468, tid=14772
#
# JRE version: OpenJDK Runtime Environment (11.0.4+11) (build 11.0.4+11)
# Java VM: OpenJDK 64-Bit Server VM (11.0.4+11, mixed mode, tiered, compressed oops, g1 gc, windows-amd64)
# Problematic frame:
# C  [Controller.dll+0x19c6a]
#
# No core dump will be written. Minidumps are not enabled by default on client versions of Windows
#
# If you would like to submit a bug report, please visit:
#   https://github.com/AdoptOpenJDK/openjdk-build/issues
# The crash happened outside the Java Virtual Machine in native code.
# See problematic frame for where to report the bug.
#

---------------  S U M M A R Y ------------

Command Line: -Djava.library.path=C:/Users/Herfel/AppData/Local/Programs/Webots/lib/java SensorController

Host: Intel(R) Core(TM) i5-4690 CPU @ 3.50GHz, 4 cores, 11G,  Windows 10 , 64 bit Build 18362 (10.0.18362.329)
Time: Mon Oct  7 18:50:05 2019 Mitteleuropäische Sommerzeit elapsed time: 0 seconds (0d 0h 0m 0s)

---------------  T H R E A D  ---------------

Current thread (0x000001857cd4f800):  JavaThread "main" [_thread_in_native, id=14772, stack(0x0000006fb8700000,0x0000006fb8800000)]

Stack: [0x0000006fb8700000,0x0000006fb8800000],  sp=0x0000006fb87fee40,  free space=1019k
Native frames: (J=compiled Java code, j=interpreted, Vv=VM code, C=native code)
C  [Controller.dll+0x19c6a]

Java frames: (J=compiled Java code, j=interpreted, Vv=VM code)
j  com.cyberbotics.webots.controller.wrapperJNI.new_Robot()J+0
j  com.cyberbotics.webots.controller.Robot.<init>()V+1
j  SensorController.<clinit>()V+4
v  ~StubRoutines::call_stub

siginfo: EXCEPTION_ACCESS_VIOLATION (0xc0000005), reading address 0x0000000000000000


Register to memory mapping:

RIP=0x000000006a259c6a Controller.dll
RAX=0x0 is NULL
RBX=0x000001857fa82c30 points into unknown readable memory: c0 3e a8 7f 85 01 00 00
RCX=0x0 is NULL
RDX=0x0 is NULL
RSP=0x0000006fb87fee40 is pointing into the stack for thread: 0x000001857cd4f800
RBP=0x0000006fb87ff370 is pointing into the stack for thread: 0x000001857cd4f800
RSI=0x0000006fb87ff9a0 is pointing into the stack for thread: 0x000001857cd4f800
RDI=0x000000006a258130 Controller.dll
R8 =0x0000006fb87feda8 is pointing into the stack for thread: 0x000001857cd4f800
R9 =0x0000006fb87ff370 is pointing into the stack for thread: 0x000001857cd4f800
R10=0x0 is NULL
R11=0x0000000000000246 is an unknown value
R12=0x000001857fa82c30 points into unknown readable memory: c0 3e a8 7f 85 01 00 00
R13={method} {0x000001857f188fa0} 'new_Robot' '()J' in 'com/cyberbotics/webots/controller/wrapperJNI'
R14=0x0000006fb87ff3f8 is pointing into the stack for thread: 0x000001857cd4f800
R15=0x000001857cd4f800 is a thread


Registers:
RAX=0x0000000000000000, RBX=0x000001857fa82c30, RCX=0x0000000000000000, RDX=0x0000000000000000
RSP=0x0000006fb87fee40, RBP=0x0000006fb87ff370, RSI=0x0000006fb87ff9a0, RDI=0x000000006a258130
R8 =0x0000006fb87feda8, R9 =0x0000006fb87ff370, R10=0x0000000000000000, R11=0x0000000000000246
R12=0x000001857fa82c30, R13=0x000001857f188f98, R14=0x0000006fb87ff3f8, R15=0x000001857cd4f800
RIP=0x000000006a259c6a, EFLAGS=0x0000000000010246

Top of Stack: (sp=0x0000006fb87fee40)
0x0000006fb87fee40:   000001857fa82c30 0000006fb87ff370
0x0000006fb87fee50:   0000006fb87ff9a0 0000000000000000
0x0000006fb87fee60:   0000006fb87ff790 000001857b435c00
0x0000006fb87fee70:   0000006fb87ff310 000001857cd4f800
0x0000006fb87fee80:   000001857cd50320 0000006fb87ff340
0x0000006fb87fee90:   0000006fb87ff0d0 000000074cfa2df0
0x0000006fb87feea0:   000001857cd50560 00007ff9e9d76f32
0x0000006fb87feeb0:   00007ff9e9b02600 0000006fb87fef10
0x0000006fb87feec0:   0000000000000000 000001850000000b
0x0000006fb87feed0:   000001857cd4f800 00007ff9e9b02ff2
0x0000006fb87feee0:   000001857ed4fc48 000001857cd4f800
0x0000006fb87feef0:   000001857cd50560 000000074cfa2df0
0x0000006fb87fef00:   000001857cd4f800 00007ff9e9c7aa21
0x0000006fb87fef10:   000001857ed4fc48 000001857cd4f800
0x0000006fb87fef20:   000001857ec020c8 000001857ec04560
0x0000006fb87fef30:   0000000800002510 00007ff962000361 

Instructions: (pc=0x000000006a259c6a)
0x000000006a259b6a:   00 00 85 c0 74 91 4c 89 e1 48 8d 3d f6 ed ff ff
0x000000006a259b7a:   e8 d9 5e 17 00 b9 08 00 00 00 c7 05 ce 97 20 00
0x000000006a259b8a:   01 00 00 00 e8 95 5e 17 00 b9 40 00 00 00 48 89
0x000000006a259b9a:   c3 48 89 05 9e 97 20 00 e8 81 5e 17 00 66 48 0f
0x000000006a259baa:   6e c7 31 c9 45 31 c0 48 8d 15 c8 e5 ff ff 48 89
0x000000006a259bba:   03 48 8d 3d 6e e5 ff ff 66 48 0f 6e ca c7 00 1e
0x000000006a259bca:   00 00 00 31 d2 66 0f 6c c1 48 c7 40 08 00 00 00
0x000000006a259bda:   00 48 c7 40 30 00 00 00 00 c6 05 1e 98 20 00 01
0x000000006a259bea:   0f 11 40 20 ff 15 cc d8 21 00 31 c9 c6 05 dc 97
0x000000006a259bfa:   20 00 00 48 89 05 2c 97 20 00 48 8b 05 35 97 20
0x000000006a259c0a:   00 c7 05 c0 97 20 00 00 00 00 00 48 c7 05 c8 97
0x000000006a259c1a:   20 00 00 00 00 00 48 8b 00 c7 05 b3 97 20 00 00
0x000000006a259c2a:   00 00 00 48 89 78 38 48 c7 05 bc 97 20 00 00 00
0x000000006a259c3a:   00 00 c7 05 aa 97 20 00 00 00 00 00 c7 05 b0 97
0x000000006a259c4a:   20 00 ff ff ff ff e8 2b fa ff ff 83 f8 ff 74 5e
0x000000006a259c5a:   e8 e1 d9 ff ff 84 c0 75 0c 48 8b 0d 3e 97 20 00
0x000000006a259c6a:   80 39 00 75 59 80 3d 5f 97 20 00 00 74 09 80 3d
0x000000006a259c7a:   57 97 20 00 00 74 7f 48 8d 0d 28 e7 ff ff c6 05
0x000000006a259c8a:   d9 96 20 00 00 e8 0c 77 fe ff c6 05 85 96 20 00
0x000000006a259c9a:   01 e8 40 17 ff ff 90 48 81 c4 38 04 00 00 5b 5e
0x000000006a259caa:   5f 5d 41 5c 41 5d 41 5e 41 5f c3 0f 1f 00 e8 63
0x000000006a259cba:   e7 ff ff 31 c9 e8 dc 5d 17 00 0f 1f 40 00 e8 d3
0x000000006a259cca:   d6 ff ff e8 6e d9 ff ff 84 c0 75 99 48 8b 1d cb
0x000000006a259cda:   96 20 00 b9 02 00 00 00 ff 15 a8 76 17 00 48 8d
0x000000006a259cea:   15 89 15 18 00 48 89 c1 49 89 d8 e8 76 5d 17 00
0x000000006a259cfa:   e9 70 ff ff ff 90 e8 7b 0d 00 00 84 c0 75 15 48
0x000000006a259d0a:   8b 0d 90 96 20 00 e8 4b 08 00 00 e8 66 0d 00 00
0x000000006a259d1a:   84 c0 74 22 e8 4d 0c 00 00 c6 05 ab 96 20 00 00
0x000000006a259d2a:   e9 52 ff ff ff 90 4c 89 f1 e8 a0 5d 17 00 49 89
0x000000006a259d3a:   c4 e9 1b fe ff ff 48 8b 1d 59 96 20 00 b9 02 00
0x000000006a259d4a:   00 00 ff 15 3e 76 17 00 48 8d 15 3f 12 18 00 48
0x000000006a259d5a:   89 c1 49 89 d8 e8 0c 5d 17 00 eb b8 4c 8b 3d 23 


Stack slot to memory mapping:
stack at sp + 0 slots: 0x000001857fa82c30 points into unknown readable memory: c0 3e a8 7f 85 01 00 00
stack at sp + 1 slots: 0x0000006fb87ff370 is pointing into the stack for thread: 0x000001857cd4f800
stack at sp + 2 slots: 0x0000006fb87ff9a0 is pointing into the stack for thread: 0x000001857cd4f800
stack at sp + 3 slots: 0x0 is NULL
stack at sp + 4 slots: 0x0000006fb87ff790 is pointing into the stack for thread: 0x000001857cd4f800
stack at sp + 5 slots: 0x000001857b435c00 points into unknown readable memory: 6c 65 73 5c 43 6f 6d 6d
stack at sp + 6 slots: 0x0000006fb87ff310 is pointing into the stack for thread: 0x000001857cd4f800
stack at sp + 7 slots: 0x000001857cd4f800 is a thread


---------------  P R O C E S S  ---------------

Threads class SMR info:
_java_thread_list=0x000001857f70d750, length=10, elements={
0x000001857cd4f800, 0x000001857f551800, 0x000001857f55a000, 0x000001857f5c7800,
0x000001857f5c8800, 0x000001857f56d000, 0x000001857f601000, 0x000001857f62d800,
0x000001857f731000, 0x000001857f73b000
}

Java Threads: ( => current thread )
=>0x000001857cd4f800 JavaThread "main" [_thread_in_native, id=14772, stack(0x0000006fb8700000,0x0000006fb8800000)]
  0x000001857f551800 JavaThread "Reference Handler" daemon [_thread_blocked, id=3504, stack(0x0000006fb8e00000,0x0000006fb8f00000)]
  0x000001857f55a000 JavaThread "Finalizer" daemon [_thread_blocked, id=1828, stack(0x0000006fb8f00000,0x0000006fb9000000)]
  0x000001857f5c7800 JavaThread "Signal Dispatcher" daemon [_thread_blocked, id=12924, stack(0x0000006fb9000000,0x0000006fb9100000)]
  0x000001857f5c8800 JavaThread "Attach Listener" daemon [_thread_blocked, id=14852, stack(0x0000006fb9100000,0x0000006fb9200000)]
  0x000001857f56d000 JavaThread "C2 CompilerThread0" daemon [_thread_blocked, id=4928, stack(0x0000006fb9200000,0x0000006fb9300000)]
  0x000001857f601000 JavaThread "C1 CompilerThread0" daemon [_thread_blocked, id=2936, stack(0x0000006fb9300000,0x0000006fb9400000)]
  0x000001857f62d800 JavaThread "Sweeper thread" daemon [_thread_blocked, id=11612, stack(0x0000006fb9400000,0x0000006fb9500000)]
  0x000001857f731000 JavaThread "Service Thread" daemon [_thread_blocked, id=12680, stack(0x0000006fb9500000,0x0000006fb9600000)]
  0x000001857f73b000 JavaThread "Common-Cleaner" daemon [_thread_blocked, id=14228, stack(0x0000006fb9700000,0x0000006fb9800000)]

Other Threads:
  0x000001857ed24800 VMThread "VM Thread" [stack: 0x0000006fb8d00000,0x0000006fb8e00000] [id=7344]
  0x000001857f734000 WatcherThread [stack: 0x0000006fb9600000,0x0000006fb9700000] [id=7980]
  0x000001857cd66800 GCTaskThread "GC Thread#0" [stack: 0x0000006fb8800000,0x0000006fb8900000] [id=14340]
  0x000001857cdac000 ConcurrentGCThread "G1 Main Marker" [stack: 0x0000006fb8900000,0x0000006fb8a00000] [id=7312]
  0x000001857cdad800 ConcurrentGCThread "G1 Conc#0" [stack: 0x0000006fb8a00000,0x0000006fb8b00000] [id=13576]
  0x000001857ce1e800 ConcurrentGCThread "G1 Refine#0" [stack: 0x0000006fb8b00000,0x0000006fb8c00000] [id=8676]
  0x000001857eb90000 ConcurrentGCThread "G1 Young RemSet Sampling" [stack: 0x0000006fb8c00000,0x0000006fb8d00000] [id=14060]

Threads with active compile tasks:

VM state:not at safepoint (normal execution)

VM Mutex/Monitor currently owned by a thread: None

Heap address: 0x0000000741000000, size: 3056 MB, Compressed Oops mode: Zero based, Oop shift amount: 3
Narrow klass base: 0x0000000800000000, Narrow klass shift: 0
Compressed class space size: 1073741824 Address: 0x0000000800000000

Heap:
 garbage-first heap   total 196608K, used 1024K [0x0000000741000000, 0x0000000800000000)
  region size 1024K, 2 young (2048K), 0 survivors (0K)
 Metaspace       used 4830K, capacity 4876K, committed 5120K, reserved 1056768K
  class space    used 416K, capacity 428K, committed 512K, reserved 1048576K
Heap Regions: E=young(eden), S=young(survivor), O=old, HS=humongous(starts), HC=humongous(continues), CS=collection set, F=free, A=archive, TAMS=top-at-mark-start (previous, next)
|   0|0x0000000741000000, 0x0000000741000000, 0x0000000741100000|  0%| F|  |TAMS 0x0000000741000000, 0x0000000741000000| Untracked 
|   1|0x0000000741100000, 0x0000000741100000, 0x0000000741200000|  0%| F|  |TAMS 0x0000000741100000, 0x0000000741100000| Untracked 
|   2|0x0000000741200000, 0x0000000741200000, 0x0000000741300000|  0%| F|  |TAMS 0x0000000741200000, 0x0000000741200000| Untracked 
|   3|0x0000000741300000, 0x0000000741300000, 0x0000000741400000|  0%| F|  |TAMS 0x0000000741300000, 0x0000000741300000| Untracked 
|   4|0x0000000741400000, 0x0000000741400000, 0x0000000741500000|  0%| F|  |TAMS 0x0000000741400000, 0x0000000741400000| Untracked 
|   5|0x0000000741500000, 0x0000000741500000, 0x0000000741600000|  0%| F|  |TAMS 0x0000000741500000, 0x0000000741500000| Untracked 
|   6|0x0000000741600000, 0x0000000741600000, 0x0000000741700000|  0%| F|  |TAMS 0x0000000741600000, 0x0000000741600000| Untracked 
|   7|0x0000000741700000, 0x0000000741700000, 0x0000000741800000|  0%| F|  |TAMS 0x0000000741700000, 0x0000000741700000| Untracked 
|   8|0x0000000741800000, 0x0000000741800000, 0x0000000741900000|  0%| F|  |TAMS 0x0000000741800000, 0x0000000741800000| Untracked 
|   9|0x0000000741900000, 0x0000000741900000, 0x0000000741a00000|  0%| F|  |TAMS 0x0000000741900000, 0x0000000741900000| Untracked 
|  10|0x0000000741a00000, 0x0000000741a00000, 0x0000000741b00000|  0%| F|  |TAMS 0x0000000741a00000, 0x0000000741a00000| Untracked 
|  11|0x0000000741b00000, 0x0000000741b00000, 0x0000000741c00000|  0%| F|  |TAMS 0x0000000741b00000, 0x0000000741b00000| Untracked 
|  12|0x0000000741c00000, 0x0000000741c00000, 0x0000000741d00000|  0%| F|  |TAMS 0x0000000741c00000, 0x0000000741c00000| Untracked 
|  13|0x0000000741d00000, 0x0000000741d00000, 0x0000000741e00000|  0%| F|  |TAMS 0x0000000741d00000, 0x0000000741d00000| Untracked 
|  14|0x0000000741e00000, 0x0000000741e00000, 0x0000000741f00000|  0%| F|  |TAMS 0x0000000741e00000, 0x0000000741e00000| Untracked 
|  15|0x0000000741f00000, 0x0000000741f00000, 0x0000000742000000|  0%| F|  |TAMS 0x0000000741f00000, 0x0000000741f00000| Untracked 
|  16|0x0000000742000000, 0x0000000742000000, 0x0000000742100000|  0%| F|  |TAMS 0x0000000742000000, 0x0000000742000000| Untracked 
|  17|0x0000000742100000, 0x0000000742100000, 0x0000000742200000|  0%| F|  |TAMS 0x0000000742100000, 0x0000000742100000| Untracked 
|  18|0x0000000742200000, 0x0000000742200000, 0x0000000742300000|  0%| F|  |TAMS 0x0000000742200000, 0x0000000742200000| Untracked 
|  19|0x0000000742300000, 0x0000000742300000, 0x0000000742400000|  0%| F|  |TAMS 0x0000000742300000, 0x0000000742300000| Untracked 
|  20|0x0000000742400000, 0x0000000742400000, 0x0000000742500000|  0%| F|  |TAMS 0x0000000742400000, 0x0000000742400000| Untracked 
|  21|0x0000000742500000, 0x0000000742500000, 0x0000000742600000|  0%| F|  |TAMS 0x0000000742500000, 0x0000000742500000| Untracked 
|  22|0x0000000742600000, 0x0000000742600000, 0x0000000742700000|  0%| F|  |TAMS 0x0000000742600000, 0x0000000742600000| Untracked 
|  23|0x0000000742700000, 0x0000000742700000, 0x0000000742800000|  0%| F|  |TAMS 0x0000000742700000, 0x0000000742700000| Untracked 
|  24|0x0000000742800000, 0x0000000742800000, 0x0000000742900000|  0%| F|  |TAMS 0x0000000742800000, 0x0000000742800000| Untracked 
|  25|0x0000000742900000, 0x0000000742900000, 0x0000000742a00000|  0%| F|  |TAMS 0x0000000742900000, 0x0000000742900000| Untracked 
|  26|0x0000000742a00000, 0x0000000742a00000, 0x0000000742b00000|  0%| F|  |TAMS 0x0000000742a00000, 0x0000000742a00000| Untracked 
|  27|0x0000000742b00000, 0x0000000742b00000, 0x0000000742c00000|  0%| F|  |TAMS 0x0000000742b00000, 0x0000000742b00000| Untracked 
|  28|0x0000000742c00000, 0x0000000742c00000, 0x0000000742d00000|  0%| F|  |TAMS 0x0000000742c00000, 0x0000000742c00000| Untracked 
|  29|0x0000000742d00000, 0x0000000742d00000, 0x0000000742e00000|  0%| F|  |TAMS 0x0000000742d00000, 0x0000000742d00000| Untracked 
|  30|0x0000000742e00000, 0x0000000742e00000, 0x0000000742f00000|  0%| F|  |TAMS 0x0000000742e00000, 0x0000000742e00000| Untracked 
|  31|0x0000000742f00000, 0x0000000742f00000, 0x0000000743000000|  0%| F|  |TAMS 0x0000000742f00000, 0x0000000742f00000| Untracked 
|  32|0x0000000743000000, 0x0000000743000000, 0x0000000743100000|  0%| F|  |TAMS 0x0000000743000000, 0x0000000743000000| Untracked 
|  33|0x0000000743100000, 0x0000000743100000, 0x0000000743200000|  0%| F|  |TAMS 0x0000000743100000, 0x0000000743100000| Untracked 
|  34|0x0000000743200000, 0x0000000743200000, 0x0000000743300000|  0%| F|  |TAMS 0x0000000743200000, 0x0000000743200000| Untracked 
|  35|0x0000000743300000, 0x0000000743300000, 0x0000000743400000|  0%| F|  |TAMS 0x0000000743300000, 0x0000000743300000| Untracked 
|  36|0x0000000743400000, 0x0000000743400000, 0x0000000743500000|  0%| F|  |TAMS 0x0000000743400000, 0x0000000743400000| Untracked 
|  37|0x0000000743500000, 0x0000000743500000, 0x0000000743600000|  0%| F|  |TAMS 0x0000000743500000, 0x0000000743500000| Untracked 
|  38|0x0000000743600000, 0x0000000743600000, 0x0000000743700000|  0%| F|  |TAMS 0x0000000743600000, 0x0000000743600000| Untracked 
|  39|0x0000000743700000, 0x0000000743700000, 0x0000000743800000|  0%| F|  |TAMS 0x0000000743700000, 0x0000000743700000| Untracked 
|  40|0x0000000743800000, 0x0000000743800000, 0x0000000743900000|  0%| F|  |TAMS 0x0000000743800000, 0x0000000743800000| Untracked 
|  41|0x0000000743900000, 0x0000000743900000, 0x0000000743a00000|  0%| F|  |TAMS 0x0000000743900000, 0x0000000743900000| Untracked 
|  42|0x0000000743a00000, 0x0000000743a00000, 0x0000000743b00000|  0%| F|  |TAMS 0x0000000743a00000, 0x0000000743a00000| Untracked 
|  43|0x0000000743b00000, 0x0000000743b00000, 0x0000000743c00000|  0%| F|  |TAMS 0x0000000743b00000, 0x0000000743b00000| Untracked 
|  44|0x0000000743c00000, 0x0000000743c00000, 0x0000000743d00000|  0%| F|  |TAMS 0x0000000743c00000, 0x0000000743c00000| Untracked 
|  45|0x0000000743d00000, 0x0000000743d00000, 0x0000000743e00000|  0%| F|  |TAMS 0x0000000743d00000, 0x0000000743d00000| Untracked 
|  46|0x0000000743e00000, 0x0000000743e00000, 0x0000000743f00000|  0%| F|  |TAMS 0x0000000743e00000, 0x0000000743e00000| Untracked 
|  47|0x0000000743f00000, 0x0000000743f00000, 0x0000000744000000|  0%| F|  |TAMS 0x0000000743f00000, 0x0000000743f00000| Untracked 
|  48|0x0000000744000000, 0x0000000744000000, 0x0000000744100000|  0%| F|  |TAMS 0x0000000744000000, 0x0000000744000000| Untracked 
|  49|0x0000000744100000, 0x0000000744100000, 0x0000000744200000|  0%| F|  |TAMS 0x0000000744100000, 0x0000000744100000| Untracked 
|  50|0x0000000744200000, 0x0000000744200000, 0x0000000744300000|  0%| F|  |TAMS 0x0000000744200000, 0x0000000744200000| Untracked 
|  51|0x0000000744300000, 0x0000000744300000, 0x0000000744400000|  0%| F|  |TAMS 0x0000000744300000, 0x0000000744300000| Untracked 
|  52|0x0000000744400000, 0x0000000744400000, 0x0000000744500000|  0%| F|  |TAMS 0x0000000744400000, 0x0000000744400000| Untracked 
|  53|0x0000000744500000, 0x0000000744500000, 0x0000000744600000|  0%| F|  |TAMS 0x0000000744500000, 0x0000000744500000| Untracked 
|  54|0x0000000744600000, 0x0000000744600000, 0x0000000744700000|  0%| F|  |TAMS 0x0000000744600000, 0x0000000744600000| Untracked 
|  55|0x0000000744700000, 0x0000000744700000, 0x0000000744800000|  0%| F|  |TAMS 0x0000000744700000, 0x0000000744700000| Untracked 
|  56|0x0000000744800000, 0x0000000744800000, 0x0000000744900000|  0%| F|  |TAMS 0x0000000744800000, 0x0000000744800000| Untracked 
|  57|0x0000000744900000, 0x0000000744900000, 0x0000000744a00000|  0%| F|  |TAMS 0x0000000744900000, 0x0000000744900000| Untracked 
|  58|0x0000000744a00000, 0x0000000744a00000, 0x0000000744b00000|  0%| F|  |TAMS 0x0000000744a00000, 0x0000000744a00000| Untracked 
|  59|0x0000000744b00000, 0x0000000744b00000, 0x0000000744c00000|  0%| F|  |TAMS 0x0000000744b00000, 0x0000000744b00000| Untracked 
|  60|0x0000000744c00000, 0x0000000744c00000, 0x0000000744d00000|  0%| F|  |TAMS 0x0000000744c00000, 0x0000000744c00000| Untracked 
|  61|0x0000000744d00000, 0x0000000744d00000, 0x0000000744e00000|  0%| F|  |TAMS 0x0000000744d00000, 0x0000000744d00000| Untracked 
|  62|0x0000000744e00000, 0x0000000744e00000, 0x0000000744f00000|  0%| F|  |TAMS 0x0000000744e00000, 0x0000000744e00000| Untracked 
|  63|0x0000000744f00000, 0x0000000744f00000, 0x0000000745000000|  0%| F|  |TAMS 0x0000000744f00000, 0x0000000744f00000| Untracked 
|  64|0x0000000745000000, 0x0000000745000000, 0x0000000745100000|  0%| F|  |TAMS 0x0000000745000000, 0x0000000745000000| Untracked 
|  65|0x0000000745100000, 0x0000000745100000, 0x0000000745200000|  0%| F|  |TAMS 0x0000000745100000, 0x0000000745100000| Untracked 
|  66|0x0000000745200000, 0x0000000745200000, 0x0000000745300000|  0%| F|  |TAMS 0x0000000745200000, 0x0000000745200000| Untracked 
|  67|0x0000000745300000, 0x0000000745300000, 0x0000000745400000|  0%| F|  |TAMS 0x0000000745300000, 0x0000000745300000| Untracked 
|  68|0x0000000745400000, 0x0000000745400000, 0x0000000745500000|  0%| F|  |TAMS 0x0000000745400000, 0x0000000745400000| Untracked 
|  69|0x0000000745500000, 0x0000000745500000, 0x0000000745600000|  0%| F|  |TAMS 0x0000000745500000, 0x0000000745500000| Untracked 
|  70|0x0000000745600000, 0x0000000745600000, 0x0000000745700000|  0%| F|  |TAMS 0x0000000745600000, 0x0000000745600000| Untracked 
|  71|0x0000000745700000, 0x0000000745700000, 0x0000000745800000|  0%| F|  |TAMS 0x0000000745700000, 0x0000000745700000| Untracked 
|  72|0x0000000745800000, 0x0000000745800000, 0x0000000745900000|  0%| F|  |TAMS 0x0000000745800000, 0x0000000745800000| Untracked 
|  73|0x0000000745900000, 0x0000000745900000, 0x0000000745a00000|  0%| F|  |TAMS 0x0000000745900000, 0x0000000745900000| Untracked 
|  74|0x0000000745a00000, 0x0000000745a00000, 0x0000000745b00000|  0%| F|  |TAMS 0x0000000745a00000, 0x0000000745a00000| Untracked 
|  75|0x0000000745b00000, 0x0000000745b00000, 0x0000000745c00000|  0%| F|  |TAMS 0x0000000745b00000, 0x0000000745b00000| Untracked 
|  76|0x0000000745c00000, 0x0000000745c00000, 0x0000000745d00000|  0%| F|  |TAMS 0x0000000745c00000, 0x0000000745c00000| Untracked 
|  77|0x0000000745d00000, 0x0000000745d00000, 0x0000000745e00000|  0%| F|  |TAMS 0x0000000745d00000, 0x0000000745d00000| Untracked 
|  78|0x0000000745e00000, 0x0000000745e00000, 0x0000000745f00000|  0%| F|  |TAMS 0x0000000745e00000, 0x0000000745e00000| Untracked 
|  79|0x0000000745f00000, 0x0000000745f00000, 0x0000000746000000|  0%| F|  |TAMS 0x0000000745f00000, 0x0000000745f00000| Untracked 
|  80|0x0000000746000000, 0x0000000746000000, 0x0000000746100000|  0%| F|  |TAMS 0x0000000746000000, 0x0000000746000000| Untracked 
|  81|0x0000000746100000, 0x0000000746100000, 0x0000000746200000|  0%| F|  |TAMS 0x0000000746100000, 0x0000000746100000| Untracked 
|  82|0x0000000746200000, 0x0000000746200000, 0x0000000746300000|  0%| F|  |TAMS 0x0000000746200000, 0x0000000746200000| Untracked 
|  83|0x0000000746300000, 0x0000000746300000, 0x0000000746400000|  0%| F|  |TAMS 0x0000000746300000, 0x0000000746300000| Untracked 
|  84|0x0000000746400000, 0x0000000746400000, 0x0000000746500000|  0%| F|  |TAMS 0x0000000746400000, 0x0000000746400000| Untracked 
|  85|0x0000000746500000, 0x0000000746500000, 0x0000000746600000|  0%| F|  |TAMS 0x0000000746500000, 0x0000000746500000| Untracked 
|  86|0x0000000746600000, 0x0000000746600000, 0x0000000746700000|  0%| F|  |TAMS 0x0000000746600000, 0x0000000746600000| Untracked 
|  87|0x0000000746700000, 0x0000000746700000, 0x0000000746800000|  0%| F|  |TAMS 0x0000000746700000, 0x0000000746700000| Untracked 
|  88|0x0000000746800000, 0x0000000746800000, 0x0000000746900000|  0%| F|  |TAMS 0x0000000746800000, 0x0000000746800000| Untracked 
|  89|0x0000000746900000, 0x0000000746900000, 0x0000000746a00000|  0%| F|  |TAMS 0x0000000746900000, 0x0000000746900000| Untracked 
|  90|0x0000000746a00000, 0x0000000746a00000, 0x0000000746b00000|  0%| F|  |TAMS 0x0000000746a00000, 0x0000000746a00000| Untracked 
|  91|0x0000000746b00000, 0x0000000746b00000, 0x0000000746c00000|  0%| F|  |TAMS 0x0000000746b00000, 0x0000000746b00000| Untracked 
|  92|0x0000000746c00000, 0x0000000746c00000, 0x0000000746d00000|  0%| F|  |TAMS 0x0000000746c00000, 0x0000000746c00000| Untracked 
|  93|0x0000000746d00000, 0x0000000746d00000, 0x0000000746e00000|  0%| F|  |TAMS 0x0000000746d00000, 0x0000000746d00000| Untracked 
|  94|0x0000000746e00000, 0x0000000746e00000, 0x0000000746f00000|  0%| F|  |TAMS 0x0000000746e00000, 0x0000000746e00000| Untracked 
|  95|0x0000000746f00000, 0x0000000746f00000, 0x0000000747000000|  0%| F|  |TAMS 0x0000000746f00000, 0x0000000746f00000| Untracked 
|  96|0x0000000747000000, 0x0000000747000000, 0x0000000747100000|  0%| F|  |TAMS 0x0000000747000000, 0x0000000747000000| Untracked 
|  97|0x0000000747100000, 0x0000000747100000, 0x0000000747200000|  0%| F|  |TAMS 0x0000000747100000, 0x0000000747100000| Untracked 
|  98|0x0000000747200000, 0x0000000747200000, 0x0000000747300000|  0%| F|  |TAMS 0x0000000747200000, 0x0000000747200000| Untracked 
|  99|0x0000000747300000, 0x0000000747300000, 0x0000000747400000|  0%| F|  |TAMS 0x0000000747300000, 0x0000000747300000| Untracked 
| 100|0x0000000747400000, 0x0000000747400000, 0x0000000747500000|  0%| F|  |TAMS 0x0000000747400000, 0x0000000747400000| Untracked 
| 101|0x0000000747500000, 0x0000000747500000, 0x0000000747600000|  0%| F|  |TAMS 0x0000000747500000, 0x0000000747500000| Untracked 
| 102|0x0000000747600000, 0x0000000747600000, 0x0000000747700000|  0%| F|  |TAMS 0x0000000747600000, 0x0000000747600000| Untracked 
| 103|0x0000000747700000, 0x0000000747700000, 0x0000000747800000|  0%| F|  |TAMS 0x0000000747700000, 0x0000000747700000| Untracked 
| 104|0x0000000747800000, 0x0000000747800000, 0x0000000747900000|  0%| F|  |TAMS 0x0000000747800000, 0x0000000747800000| Untracked 
| 105|0x0000000747900000, 0x0000000747900000, 0x0000000747a00000|  0%| F|  |TAMS 0x0000000747900000, 0x0000000747900000| Untracked 
| 106|0x0000000747a00000, 0x0000000747a00000, 0x0000000747b00000|  0%| F|  |TAMS 0x0000000747a00000, 0x0000000747a00000| Untracked 
| 107|0x0000000747b00000, 0x0000000747b00000, 0x0000000747c00000|  0%| F|  |TAMS 0x0000000747b00000, 0x0000000747b00000| Untracked 
| 108|0x0000000747c00000, 0x0000000747c00000, 0x0000000747d00000|  0%| F|  |TAMS 0x0000000747c00000, 0x0000000747c00000| Untracked 
| 109|0x0000000747d00000, 0x0000000747d00000, 0x0000000747e00000|  0%| F|  |TAMS 0x0000000747d00000, 0x0000000747d00000| Untracked 
| 110|0x0000000747e00000, 0x0000000747e00000, 0x0000000747f00000|  0%| F|  |TAMS 0x0000000747e00000, 0x0000000747e00000| Untracked 
| 111|0x0000000747f00000, 0x0000000747f00000, 0x0000000748000000|  0%| F|  |TAMS 0x0000000747f00000, 0x0000000747f00000| Untracked 
| 112|0x0000000748000000, 0x0000000748000000, 0x0000000748100000|  0%| F|  |TAMS 0x0000000748000000, 0x0000000748000000| Untracked 
| 113|0x0000000748100000, 0x0000000748100000, 0x0000000748200000|  0%| F|  |TAMS 0x0000000748100000, 0x0000000748100000| Untracked 
| 114|0x0000000748200000, 0x0000000748200000, 0x0000000748300000|  0%| F|  |TAMS 0x0000000748200000, 0x0000000748200000| Untracked 
| 115|0x0000000748300000, 0x0000000748300000, 0x0000000748400000|  0%| F|  |TAMS 0x0000000748300000, 0x0000000748300000| Untracked 
| 116|0x0000000748400000, 0x0000000748400000, 0x0000000748500000|  0%| F|  |TAMS 0x0000000748400000, 0x0000000748400000| Untracked 
| 117|0x0000000748500000, 0x0000000748500000, 0x0000000748600000|  0%| F|  |TAMS 0x0000000748500000, 0x0000000748500000| Untracked 
| 118|0x0000000748600000, 0x0000000748600000, 0x0000000748700000|  0%| F|  |TAMS 0x0000000748600000, 0x0000000748600000| Untracked 
| 119|0x0000000748700000, 0x0000000748700000, 0x0000000748800000|  0%| F|  |TAMS 0x0000000748700000, 0x0000000748700000| Untracked 
| 120|0x0000000748800000, 0x0000000748800000, 0x0000000748900000|  0%| F|  |TAMS 0x0000000748800000, 0x0000000748800000| Untracked 
| 121|0x0000000748900000, 0x0000000748900000, 0x0000000748a00000|  0%| F|  |TAMS 0x0000000748900000, 0x0000000748900000| Untracked 
| 122|0x0000000748a00000, 0x0000000748a00000, 0x0000000748b00000|  0%| F|  |TAMS 0x0000000748a00000, 0x0000000748a00000| Untracked 
| 123|0x0000000748b00000, 0x0000000748b00000, 0x0000000748c00000|  0%| F|  |TAMS 0x0000000748b00000, 0x0000000748b00000| Untracked 
| 124|0x0000000748c00000, 0x0000000748c00000, 0x0000000748d00000|  0%| F|  |TAMS 0x0000000748c00000, 0x0000000748c00000| Untracked 
| 125|0x0000000748d00000, 0x0000000748d00000, 0x0000000748e00000|  0%| F|  |TAMS 0x0000000748d00000, 0x0000000748d00000| Untracked 
| 126|0x0000000748e00000, 0x0000000748e00000, 0x0000000748f00000|  0%| F|  |TAMS 0x0000000748e00000, 0x0000000748e00000| Untracked 
| 127|0x0000000748f00000, 0x0000000748f00000, 0x0000000749000000|  0%| F|  |TAMS 0x0000000748f00000, 0x0000000748f00000| Untracked 
| 128|0x0000000749000000, 0x0000000749000000, 0x0000000749100000|  0%| F|  |TAMS 0x0000000749000000, 0x0000000749000000| Untracked 
| 129|0x0000000749100000, 0x0000000749100000, 0x0000000749200000|  0%| F|  |TAMS 0x0000000749100000, 0x0000000749100000| Untracked 
| 130|0x0000000749200000, 0x0000000749200000, 0x0000000749300000|  0%| F|  |TAMS 0x0000000749200000, 0x0000000749200000| Untracked 
| 131|0x0000000749300000, 0x0000000749300000, 0x0000000749400000|  0%| F|  |TAMS 0x0000000749300000, 0x0000000749300000| Untracked 
| 132|0x0000000749400000, 0x0000000749400000, 0x0000000749500000|  0%| F|  |TAMS 0x0000000749400000, 0x0000000749400000| Untracked 
| 133|0x0000000749500000, 0x0000000749500000, 0x0000000749600000|  0%| F|  |TAMS 0x0000000749500000, 0x0000000749500000| Untracked 
| 134|0x0000000749600000, 0x0000000749600000, 0x0000000749700000|  0%| F|  |TAMS 0x0000000749600000, 0x0000000749600000| Untracked 
| 135|0x0000000749700000, 0x0000000749700000, 0x0000000749800000|  0%| F|  |TAMS 0x0000000749700000, 0x0000000749700000| Untracked 
| 136|0x0000000749800000, 0x0000000749800000, 0x0000000749900000|  0%| F|  |TAMS 0x0000000749800000, 0x0000000749800000| Untracked 
| 137|0x0000000749900000, 0x0000000749900000, 0x0000000749a00000|  0%| F|  |TAMS 0x0000000749900000, 0x0000000749900000| Untracked 
| 138|0x0000000749a00000, 0x0000000749a00000, 0x0000000749b00000|  0%| F|  |TAMS 0x0000000749a00000, 0x0000000749a00000| Untracked 
| 139|0x0000000749b00000, 0x0000000749b00000, 0x0000000749c00000|  0%| F|  |TAMS 0x0000000749b00000, 0x0000000749b00000| Untracked 
| 140|0x0000000749c00000, 0x0000000749c00000, 0x0000000749d00000|  0%| F|  |TAMS 0x0000000749c00000, 0x0000000749c00000| Untracked 
| 141|0x0000000749d00000, 0x0000000749d00000, 0x0000000749e00000|  0%| F|  |TAMS 0x0000000749d00000, 0x0000000749d00000| Untracked 
| 142|0x0000000749e00000, 0x0000000749e00000, 0x0000000749f00000|  0%| F|  |TAMS 0x0000000749e00000, 0x0000000749e00000| Untracked 
| 143|0x0000000749f00000, 0x0000000749f00000, 0x000000074a000000|  0%| F|  |TAMS 0x0000000749f00000, 0x0000000749f00000| Untracked 
| 144|0x000000074a000000, 0x000000074a000000, 0x000000074a100000|  0%| F|  |TAMS 0x000000074a000000, 0x000000074a000000| Untracked 
| 145|0x000000074a100000, 0x000000074a100000, 0x000000074a200000|  0%| F|  |TAMS 0x000000074a100000, 0x000000074a100000| Untracked 
| 146|0x000000074a200000, 0x000000074a200000, 0x000000074a300000|  0%| F|  |TAMS 0x000000074a200000, 0x000000074a200000| Untracked 
| 147|0x000000074a300000, 0x000000074a300000, 0x000000074a400000|  0%| F|  |TAMS 0x000000074a300000, 0x000000074a300000| Untracked 
| 148|0x000000074a400000, 0x000000074a400000, 0x000000074a500000|  0%| F|  |TAMS 0x000000074a400000, 0x000000074a400000| Untracked 
| 149|0x000000074a500000, 0x000000074a500000, 0x000000074a600000|  0%| F|  |TAMS 0x000000074a500000, 0x000000074a500000| Untracked 
| 150|0x000000074a600000, 0x000000074a600000, 0x000000074a700000|  0%| F|  |TAMS 0x000000074a600000, 0x000000074a600000| Untracked 
| 151|0x000000074a700000, 0x000000074a700000, 0x000000074a800000|  0%| F|  |TAMS 0x000000074a700000, 0x000000074a700000| Untracked 
| 152|0x000000074a800000, 0x000000074a800000, 0x000000074a900000|  0%| F|  |TAMS 0x000000074a800000, 0x000000074a800000| Untracked 
| 153|0x000000074a900000, 0x000000074a900000, 0x000000074aa00000|  0%| F|  |TAMS 0x000000074a900000, 0x000000074a900000| Untracked 
| 154|0x000000074aa00000, 0x000000074aa00000, 0x000000074ab00000|  0%| F|  |TAMS 0x000000074aa00000, 0x000000074aa00000| Untracked 
| 155|0x000000074ab00000, 0x000000074ab00000, 0x000000074ac00000|  0%| F|  |TAMS 0x000000074ab00000, 0x000000074ab00000| Untracked 
| 156|0x000000074ac00000, 0x000000074ac00000, 0x000000074ad00000|  0%| F|  |TAMS 0x000000074ac00000, 0x000000074ac00000| Untracked 
| 157|0x000000074ad00000, 0x000000074ad00000, 0x000000074ae00000|  0%| F|  |TAMS 0x000000074ad00000, 0x000000074ad00000| Untracked 
| 158|0x000000074ae00000, 0x000000074ae00000, 0x000000074af00000|  0%| F|  |TAMS 0x000000074ae00000, 0x000000074ae00000| Untracked 
| 159|0x000000074af00000, 0x000000074af00000, 0x000000074b000000|  0%| F|  |TAMS 0x000000074af00000, 0x000000074af00000| Untracked 
| 160|0x000000074b000000, 0x000000074b000000, 0x000000074b100000|  0%| F|  |TAMS 0x000000074b000000, 0x000000074b000000| Untracked 
| 161|0x000000074b100000, 0x000000074b100000, 0x000000074b200000|  0%| F|  |TAMS 0x000000074b100000, 0x000000074b100000| Untracked 
| 162|0x000000074b200000, 0x000000074b200000, 0x000000074b300000|  0%| F|  |TAMS 0x000000074b200000, 0x000000074b200000| Untracked 
| 163|0x000000074b300000, 0x000000074b300000, 0x000000074b400000|  0%| F|  |TAMS 0x000000074b300000, 0x000000074b300000| Untracked 
| 164|0x000000074b400000, 0x000000074b400000, 0x000000074b500000|  0%| F|  |TAMS 0x000000074b400000, 0x000000074b400000| Untracked 
| 165|0x000000074b500000, 0x000000074b500000, 0x000000074b600000|  0%| F|  |TAMS 0x000000074b500000, 0x000000074b500000| Untracked 
| 166|0x000000074b600000, 0x000000074b600000, 0x000000074b700000|  0%| F|  |TAMS 0x000000074b600000, 0x000000074b600000| Untracked 
| 167|0x000000074b700000, 0x000000074b700000, 0x000000074b800000|  0%| F|  |TAMS 0x000000074b700000, 0x000000074b700000| Untracked 
| 168|0x000000074b800000, 0x000000074b800000, 0x000000074b900000|  0%| F|  |TAMS 0x000000074b800000, 0x000000074b800000| Untracked 
| 169|0x000000074b900000, 0x000000074b900000, 0x000000074ba00000|  0%| F|  |TAMS 0x000000074b900000, 0x000000074b900000| Untracked 
| 170|0x000000074ba00000, 0x000000074ba00000, 0x000000074bb00000|  0%| F|  |TAMS 0x000000074ba00000, 0x000000074ba00000| Untracked 
| 171|0x000000074bb00000, 0x000000074bb00000, 0x000000074bc00000|  0%| F|  |TAMS 0x000000074bb00000, 0x000000074bb00000| Untracked 
| 172|0x000000074bc00000, 0x000000074bc00000, 0x000000074bd00000|  0%| F|  |TAMS 0x000000074bc00000, 0x000000074bc00000| Untracked 
| 173|0x000000074bd00000, 0x000000074bd00000, 0x000000074be00000|  0%| F|  |TAMS 0x000000074bd00000, 0x000000074bd00000| Untracked 
| 174|0x000000074be00000, 0x000000074be00000, 0x000000074bf00000|  0%| F|  |TAMS 0x000000074be00000, 0x000000074be00000| Untracked 
| 175|0x000000074bf00000, 0x000000074bf00000, 0x000000074c000000|  0%| F|  |TAMS 0x000000074bf00000, 0x000000074bf00000| Untracked 
| 176|0x000000074c000000, 0x000000074c000000, 0x000000074c100000|  0%| F|  |TAMS 0x000000074c000000, 0x000000074c000000| Untracked 
| 177|0x000000074c100000, 0x000000074c100000, 0x000000074c200000|  0%| F|  |TAMS 0x000000074c100000, 0x000000074c100000| Untracked 
| 178|0x000000074c200000, 0x000000074c200000, 0x000000074c300000|  0%| F|  |TAMS 0x000000074c200000, 0x000000074c200000| Untracked 
| 179|0x000000074c300000, 0x000000074c300000, 0x000000074c400000|  0%| F|  |TAMS 0x000000074c300000, 0x000000074c300000| Untracked 
| 180|0x000000074c400000, 0x000000074c400000, 0x000000074c500000|  0%| F|  |TAMS 0x000000074c400000, 0x000000074c400000| Untracked 
| 181|0x000000074c500000, 0x000000074c500000, 0x000000074c600000|  0%| F|  |TAMS 0x000000074c500000, 0x000000074c500000| Untracked 
| 182|0x000000074c600000, 0x000000074c600000, 0x000000074c700000|  0%| F|  |TAMS 0x000000074c600000, 0x000000074c600000| Untracked 
| 183|0x000000074c700000, 0x000000074c700000, 0x000000074c800000|  0%| F|  |TAMS 0x000000074c700000, 0x000000074c700000| Untracked 
| 184|0x000000074c800000, 0x000000074c800000, 0x000000074c900000|  0%| F|  |TAMS 0x000000074c800000, 0x000000074c800000| Untracked 
| 185|0x000000074c900000, 0x000000074c900000, 0x000000074ca00000|  0%| F|  |TAMS 0x000000074c900000, 0x000000074c900000| Untracked 
| 186|0x000000074ca00000, 0x000000074ca00000, 0x000000074cb00000|  0%| F|  |TAMS 0x000000074ca00000, 0x000000074ca00000| Untracked 
| 187|0x000000074cb00000, 0x000000074cb00000, 0x000000074cc00000|  0%| F|  |TAMS 0x000000074cb00000, 0x000000074cb00000| Untracked 
| 188|0x000000074cc00000, 0x000000074cc00000, 0x000000074cd00000|  0%| F|  |TAMS 0x000000074cc00000, 0x000000074cc00000| Untracked 
| 189|0x000000074cd00000, 0x000000074cd00000, 0x000000074ce00000|  0%| F|  |TAMS 0x000000074cd00000, 0x000000074cd00000| Untracked 
| 190|0x000000074ce00000, 0x000000074ce97910, 0x000000074cf00000| 59%| E|  |TAMS 0x000000074ce00000, 0x000000074ce00000| Complete 
| 191|0x000000074cf00000, 0x000000074d000000, 0x000000074d000000|100%| E|CS|TAMS 0x000000074cf00000, 0x000000074cf00000| Complete 

Card table byte_map: [0x000001857da80000,0x000001857e080000] _byte_map_base: 0x000001857a078000

Marking Bits (Prev, Next): (CMBitMap*) 0x000001857cd9f458, (CMBitMap*) 0x000001857cd9f490
 Prev Bits: [0x0000018517540000, 0x000001851a500000)
 Next Bits: [0x000001851a500000, 0x000001851d4c0000)

Polling page: 0x000001857ce20000

Metaspace:

Usage:
  Non-class:      4.34 MB capacity,     4.31 MB (>99%) used,    33.04 KB ( <1%) free+waste,   896 bytes ( <1%) overhead. 
      Class:    428.00 KB capacity,   416.09 KB ( 97%) used,    11.41 KB (  3%) free+waste,   512 bytes ( <1%) overhead. 
       Both:      4.76 MB capacity,     4.72 MB (>99%) used,    44.45 KB ( <1%) free+waste,     1.38 KB ( <1%) overhead. 

Virtual space:
  Non-class space:        8.00 MB reserved,       4.50 MB ( 56%) committed 
      Class space:        1.00 GB reserved,     512.00 KB ( <1%) committed 
             Both:        1.01 GB reserved,       5.00 MB ( <1%) committed 

Chunk freelists:
   Non-Class:  32.00 KB
       Class:  20.00 KB
        Both:  52.00 KB

CodeHeap 'non-profiled nmethods': size=120064Kb used=23Kb max_used=23Kb free=120040Kb
 bounds [0x0000018510000000, 0x0000018510270000, 0x0000018517540000]
CodeHeap 'profiled nmethods': size=120000Kb used=139Kb max_used=139Kb free=119860Kb
 bounds [0x0000018508ad0000, 0x0000018508d40000, 0x0000018510000000]
CodeHeap 'non-nmethods': size=5696Kb used=1046Kb max_used=1046Kb free=4649Kb
 bounds [0x0000018508540000, 0x00000185087b0000, 0x0000018508ad0000]
 total_blobs=471 nmethods=99 adapters=231
 compilation: enabled
              stopped_count=0, restarted_count=0
 full_count=0

Compilation events (10 events):
Event: 0.101 Thread 0x000001857f601000   95       3       java.lang.CharacterDataLatin1::getProperties (11 bytes)
Event: 0.101 Thread 0x000001857f56d000   96       4       java.lang.String::coder (15 bytes)
Event: 0.101 Thread 0x000001857f601000 nmethod 95 0x0000018508af1990 code [0x0000018508af1b40, 0x0000018508af1cd8]
Event: 0.102 Thread 0x000001857f56d000 nmethod 96 0x0000018510005c90 code [0x0000018510005e20, 0x0000018510005e78]
Event: 0.103 Thread 0x000001857f601000   97       3       java.lang.String::<init> (15 bytes)
Event: 0.103 Thread 0x000001857f601000 nmethod 97 0x0000018508af1d90 code [0x0000018508af1f40, 0x0000018508af2158]
Event: 0.104 Thread 0x000001857f601000   98       3       java.lang.Character::toLowerCase (9 bytes)
Event: 0.104 Thread 0x000001857f601000 nmethod 98 0x0000018508af2210 code [0x0000018508af23e0, 0x0000018508af2620]
Event: 0.104 Thread 0x000001857f601000   99       3       java.lang.CharacterDataLatin1::toLowerCase (39 bytes)
Event: 0.104 Thread 0x000001857f601000 nmethod 99 0x0000018508af2710 code [0x0000018508af28e0, 0x0000018508af2b78]

GC Heap History (0 events):
No events

Deoptimization events (4 events):
Event: 0.077 Thread 0x000001857cd4f800 Uncommon trap: trap_request=0xffffff4d fr.pc=0x000001851000580c relative=0x00000000000001ec
Event: 0.077 Thread 0x000001857cd4f800 Uncommon trap: reason=unstable_if action=reinterpret pc=0x000001851000580c method=java.lang.String.hashCode()I @ 14 c2
Event: 0.077 Thread 0x000001857cd4f800 DEOPT PACKING pc=0x000001851000580c sp=0x0000006fb87fd7d0
Event: 0.077 Thread 0x000001857cd4f800 DEOPT UNPACKING pc=0x00000185085691af sp=0x0000006fb87fd768 mode 2

Classes redefined (0 events):
No events

Internal exceptions (0 events):
No events

Events (10 events):
Event: 0.102 loading class java/lang/Package$VersionInfo
Event: 0.102 loading class java/lang/Package$VersionInfo done
Event: 0.103 Executing VM operation: Deoptimize
Event: 0.103 Executing VM operation: Deoptimize done
Event: 0.103 loading class com/cyberbotics/webots/controller/wrapperJNI
Event: 0.103 loading class com/cyberbotics/webots/controller/wrapperJNI done
Event: 0.104 loading class java/lang/UnsatisfiedLinkError
Event: 0.104 loading class java/lang/UnsatisfiedLinkError done
Event: 0.105 loading class java/lang/ClassLoaderHelper
Event: 0.105 loading class java/lang/ClassLoaderHelper done


Dynamic libraries:
0x00007ff735770000 - 0x00007ff7357ba000 	C:\Program Files\AdoptOpenJDK\jdk-11.0.4.11-hotspot\bin\javaw.exe
0x00007ffa3f840000 - 0x00007ffa3fa30000 	C:\WINDOWS\SYSTEM32\ntdll.dll
0x00007ffa3f710000 - 0x00007ffa3f7c2000 	C:\WINDOWS\System32\KERNEL32.DLL
0x00007ffa3ca20000 - 0x00007ffa3ccc3000 	C:\WINDOWS\System32\KERNELBASE.dll
0x00007ffa3f010000 - 0x00007ffa3f1a3000 	C:\WINDOWS\System32\USER32.dll
0x00007ffa3ccd0000 - 0x00007ffa3ccf1000 	C:\WINDOWS\System32\win32u.dll
0x00007ffa3f7d0000 - 0x00007ffa3f7f6000 	C:\WINDOWS\System32\GDI32.dll
0x00007ffa3d6a0000 - 0x00007ffa3d834000 	C:\WINDOWS\System32\gdi32full.dll
0x00007ffa3d5a0000 - 0x00007ffa3d63e000 	C:\WINDOWS\System32\msvcp_win.dll
0x00007ffa3c7d0000 - 0x00007ffa3c8ca000 	C:\WINDOWS\System32\ucrtbase.dll
0x00007ffa31270000 - 0x00007ffa314f5000 	C:\WINDOWS\WinSxS\amd64_microsoft.windows.common-controls_6595b64144ccf1df_6.0.18362.356_none_e6c4af7d130f27cc\COMCTL32.dll
0x00007ffa3f220000 - 0x00007ffa3f2be000 	C:\WINDOWS\System32\msvcrt.dll
0x00007ffa3d9a0000 - 0x00007ffa3dcd6000 	C:\WINDOWS\System32\combase.dll
0x00007ffa3ee80000 - 0x00007ffa3efa0000 	C:\WINDOWS\System32\RPCRT4.dll
0x00007ffa3cd00000 - 0x00007ffa3cd80000 	C:\WINDOWS\System32\bcryptPrimitives.dll
0x00007ffa3e240000 - 0x00007ffa3e26e000 	C:\WINDOWS\System32\IMM32.DLL
0x00007ffa3c1d0000 - 0x00007ffa3c20c000 	C:\WINDOWS\system32\SophosAV\SOPHOS~1.DLL
0x00007ffa3f420000 - 0x00007ffa3f428000 	C:\WINDOWS\System32\PSAPI.DLL
0x00007ffa32c00000 - 0x00007ffa32c16000 	C:\Program Files\AdoptOpenJDK\jdk-11.0.4.11-hotspot\bin\vcruntime140.dll
0x00007ffa0c4d0000 - 0x00007ffa0c56b000 	C:\Program Files\AdoptOpenJDK\jdk-11.0.4.11-hotspot\bin\msvcp140.dll
0x00007ff9e97a0000 - 0x00007ff9ea256000 	C:\Program Files\AdoptOpenJDK\jdk-11.0.4.11-hotspot\bin\server\jvm.dll
0x00007ffa3d8f0000 - 0x00007ffa3d993000 	C:\WINDOWS\System32\ADVAPI32.dll
0x00007ffa3ed10000 - 0x00007ffa3eda7000 	C:\WINDOWS\System32\sechost.dll
0x00007ffa246e0000 - 0x00007ffa246e9000 	C:\WINDOWS\SYSTEM32\WSOCK32.dll
0x00007ffa39390000 - 0x00007ffa393b4000 	C:\WINDOWS\SYSTEM32\WINMM.dll
0x00007ffa3efa0000 - 0x00007ffa3f00f000 	C:\WINDOWS\System32\WS2_32.dll
0x00007ffa379d0000 - 0x00007ffa379da000 	C:\WINDOWS\SYSTEM32\VERSION.dll
0x00007ffa39360000 - 0x00007ffa3938d000 	C:\WINDOWS\SYSTEM32\WINMMBASE.dll
0x00007ffa3cd80000 - 0x00007ffa3cdca000 	C:\WINDOWS\System32\cfgmgr32.dll
0x00007ffa3c770000 - 0x00007ffa3c781000 	C:\WINDOWS\System32\kernel.appcore.dll
0x00007ffa32ab0000 - 0x00007ffa32ac0000 	C:\Program Files\AdoptOpenJDK\jdk-11.0.4.11-hotspot\bin\verify.dll
0x00007ffa2bb70000 - 0x00007ffa2bd64000 	C:\WINDOWS\SYSTEM32\DBGHELP.DLL
0x00007ffa2bb10000 - 0x00007ffa2bb3a000 	C:\WINDOWS\SYSTEM32\dbgcore.DLL
0x00007ffa192e0000 - 0x00007ffa19308000 	C:\Program Files\AdoptOpenJDK\jdk-11.0.4.11-hotspot\bin\java.dll
0x00007ffa1ad10000 - 0x00007ffa1ad26000 	C:\Program Files\AdoptOpenJDK\jdk-11.0.4.11-hotspot\bin\zip.dll
0x00007ffa32aa0000 - 0x00007ffa32aaa000 	C:\Program Files\AdoptOpenJDK\jdk-11.0.4.11-hotspot\bin\jimage.dll
0x00007ffa3e420000 - 0x00007ffa3eb05000 	C:\WINDOWS\System32\SHELL32.dll
0x00007ffa3edd0000 - 0x00007ffa3ee79000 	C:\WINDOWS\System32\shcore.dll
0x00007ffa3cdd0000 - 0x00007ffa3d54e000 	C:\WINDOWS\System32\windows.storage.dll
0x00007ffa3c7b0000 - 0x00007ffa3c7cf000 	C:\WINDOWS\System32\profapi.dll
0x00007ffa3c720000 - 0x00007ffa3c76a000 	C:\WINDOWS\System32\powrprof.dll
0x00007ffa3c710000 - 0x00007ffa3c720000 	C:\WINDOWS\System32\UMPDC.dll
0x00007ffa3f1b0000 - 0x00007ffa3f202000 	C:\WINDOWS\System32\shlwapi.dll
0x00007ffa3d550000 - 0x00007ffa3d567000 	C:\WINDOWS\System32\cryptsp.dll
0x00007ffa19600000 - 0x00007ffa19619000 	C:\Program Files\AdoptOpenJDK\jdk-11.0.4.11-hotspot\bin\net.dll
0x00007ffa31640000 - 0x00007ffa31816000 	C:\WINDOWS\SYSTEM32\urlmon.dll
0x00007ffa31820000 - 0x00007ffa31910000 	C:\WINDOWS\SYSTEM32\WINHTTP.dll
0x00007ffa30720000 - 0x00007ffa309c6000 	C:\WINDOWS\SYSTEM32\iertutil.dll
0x00007ffa3c110000 - 0x00007ffa3c11c000 	C:\WINDOWS\SYSTEM32\CRYPTBASE.DLL
0x00007ffa3bee0000 - 0x00007ffa3bf47000 	C:\WINDOWS\system32\mswsock.dll
0x00007ffa19280000 - 0x00007ffa19292000 	C:\Program Files\AdoptOpenJDK\jdk-11.0.4.11-hotspot\bin\nio.dll
0x0000000061a40000 - 0x0000000061ab0000 	C:\Users\Herfel\AppData\Local\Programs\Webots\lib\java\JavaController.dll
0x0000000061440000 - 0x000000006145c000 	C:\Users\Herfel\AppData\Local\Programs\Webots\msys64\mingw64\bin\libgcc_s_seh-1.dll
0x000000006f0c0000 - 0x000000006f165000 	C:\Users\Herfel\AppData\Local\Programs\Webots\msys64\mingw64\bin\CppController.dll
0x000000006fc40000 - 0x000000006fdf3000 	C:\Users\Herfel\AppData\Local\Programs\Webots\msys64\mingw64\bin\libstdc++-6.dll
0x0000000064940000 - 0x0000000064956000 	C:\Users\Herfel\AppData\Local\Programs\Webots\msys64\mingw64\bin\libwinpthread-1.dll
0x000000006a240000 - 0x000000006a47c000 	C:\Users\Herfel\AppData\Local\Programs\Webots\msys64\mingw64\bin\Controller.dll

dbghelp: loaded successfully - version: 4.0.5 - missing functions: none
symbol engine: initialized successfully - sym options: 0x614 - pdb path: .;C:\Program Files\AdoptOpenJDK\jdk-11.0.4.11-hotspot\bin;C:\WINDOWS\SYSTEM32;C:\WINDOWS\WinSxS\amd64_microsoft.windows.common-controls_6595b64144ccf1df_6.0.18362.356_none_e6c4af7d130f27cc;C:\WINDOWS\system32\SophosAV;C:\Program Files\AdoptOpenJDK\jdk-11.0.4.11-hotspot\bin\server;C:\Users\Herfel\AppData\Local\Programs\Webots\lib\java;C:\Users\Herfel\AppData\Local\Programs\Webots\msys64\mingw64\bin

VM Arguments:
jvm_args: -Djava.library.path=C:/Users/Herfel/AppData/Local/Programs/Webots/lib/java 
java_command: SensorController
java_class_path (initial): C:/Users/Herfel/AppData/Local/Programs/Webots/lib/java\Controller.jar;C:/Users/Herfel/DOCUME~1/SP1920/MY_PRO~1/CONTRO~1/SENSOR~1/
Launcher Type: SUN_STANDARD

[Global flags]
     intx CICompilerCount                          = 3                                         {product} {ergonomic}
     uint ConcGCThreads                            = 1                                         {product} {ergonomic}
     uint G1ConcRefinementThreads                  = 4                                         {product} {ergonomic}
   size_t G1HeapRegionSize                         = 1048576                                   {product} {ergonomic}
    uintx GCDrainStackTargetSize                   = 64                                        {product} {ergonomic}
   size_t InitialHeapSize                          = 201326592                                 {product} {ergonomic}
   size_t MarkStackSize                            = 4194304                                   {product} {ergonomic}
   size_t MaxHeapSize                              = 3204448256                                {product} {ergonomic}
   size_t MaxNewSize                               = 1922039808                                {product} {ergonomic}
   size_t MinHeapDeltaBytes                        = 1048576                                   {product} {ergonomic}
    uintx NonNMethodCodeHeapSize                   = 5830092                                {pd product} {ergonomic}
    uintx NonProfiledCodeHeapSize                  = 122914074                              {pd product} {ergonomic}
    uintx ProfiledCodeHeapSize                     = 122914074                              {pd product} {ergonomic}
    uintx ReservedCodeCacheSize                    = 251658240                              {pd product} {ergonomic}
     bool SegmentedCodeCache                       = true                                      {product} {ergonomic}
     bool UseCompressedClassPointers               = true                                 {lp64_product} {ergonomic}
     bool UseCompressedOops                        = true                                 {lp64_product} {ergonomic}
     bool UseG1GC                                  = true                                      {product} {ergonomic}
     bool UseLargePagesIndividualAllocation        = false                                  {pd product} {ergonomic}

Logging:
Log output configuration:
 #0: stdout all=warning uptime,level,tags
 #1: stderr all=off uptime,level,tags

Environment Variables:
JAVA_HOME=C:\Program Files\AdoptOpenJDK\jdk-11.0.4.11-hotspot\
PATH=C:\Users\Herfel\AppData\Local\Programs\Webots\projects\default\libraries\vehicle;C:\Users\Herfel\AppData\Local\Programs\Webots\resources\projects\libraries\qt_utils;C:\Users\Herfel\AppData\Local\Programs\Webots\msys64\mingw64\bin;Path=C:\Users\Herfel\AppData\Local\Programs\Webots\msys64\mingw64\bin;C:\Users\Herfel\AppData\Local\Programs\Webots\msys64\usr\bin;C:\Program Files\AdoptOpenJDK\jdk-11.0.4.11-hotspot\bin;D:\app\Herfel\product\11.2.0\dbhome_1\bin;C:\Windows\system32;C:\Windows;C:\Windows\System32\Wbem;C:\Windows\System32\WindowsPowerShell\v1.0\;C:\Program Files (x86)\GtkSharp\2.12\bin;C:\WINDOWS\system32;C:\WINDOWS;C:\WINDOWS\System32\Wbem;C:\WINDOWS\System32\WindowsPowerShell\v1.0\;C:\Program Files\Java\jdk1.8.0_112\bin;C:\Program Files\Microsoft SQL Server\130\Tools\Binn\;C:\Program Files\Java\jdk1.8.0_102\bin;C:\adb;C:\Program Files (x86)\NVIDIA Corporation\PhysX\Common;C:\WINDOWS\System32\OpenSSH\;C:\Program Files\Microsoft VS Code\bin;C:\Program Files\TortoiseSVN\bin;C:\Program Files\NVIDIA Corporation\NVIDIA NvDLISR;C:\WINDOWS\system32;C:\WINDOWS;C:\WINDOWS\System32\Wbem;C:\WINDOWS\System32\WindowsPowerShell\v1.0\;C:\WINDOWS\System32\OpenSSH\;C:\Users\Herfel\AppData\Local\Microsoft\WindowsApps;C:\Program Files\Microsoft VS Code\bin;C:\Program Files\Java\jdk1.8.0_201\bin;
USERNAME=Arslan
OS=Windows_NT
PROCESSOR_IDENTIFIER=Intel64 Family 6 Model 60 Stepping 3, GenuineIntel



---------------  S Y S T E M  ---------------

OS: Windows 10 , 64 bit Build 18362 (10.0.18362.329)

CPU:total 4 (initial active 4) (4 cores per cpu, 1 threads per core) family 6 model 60 stepping 3, cmov, cx8, fxsr, mmx, sse, sse2, sse3, ssse3, sse4.1, sse4.2, popcnt, avx, avx2, aes, clmul, erms, lzcnt, tsc, tscinvbit, bmi1, bmi2, fma

Memory: 4k page, system-wide physical 12217M (7065M free)
TotalPageFile size 14073M (AvailPageFile size 5543M)
current process WorkingSet (physical memory assigned to process): 36M, peak: 36M
current process commit charge ("private bytes"): 263M, peak: 263M

vm_info: OpenJDK 64-Bit Server VM (11.0.4+11) for windows-amd64 JRE (11.0.4+11), built on Jul 18 2019 06:43:34 by "" with MS VC++ 15.8 (VS2017)

END.
