#
# A fatal error has been detected by the Java Runtime Environment:
#
#  SIGSEGV (0xb) at pc=0x00007f28e6983646, pid=18316, tid=18317
#
# JRE version: OpenJDK Runtime Environment (11.0.4+11) (build 11.0.4+11-post-Ubuntu-1ubuntu218.04.3)
# Java VM: OpenJDK 64-Bit Server VM (11.0.4+11-post-Ubuntu-1ubuntu218.04.3, mixed mode, sharing, tiered, compressed oops, g1 gc, linux-amd64)
# Problematic frame:
# C  [libc.so.6+0xb1646]
#
# Core dump will be written. Default location: Core dumps may be processed with "/usr/share/apport/apport %p %s %c %d %P" (or dumping to /home/pc/Dokumente/SP1920/my_project/controllers/SensorController/core.18316)
#
# If you would like to submit a bug report, please visit:
#   https://bugs.launchpad.net/ubuntu/+source/openjdk-lts
# The crash happened outside the Java Virtual Machine in native code.
# See problematic frame for where to report the bug.
#

---------------  S U M M A R Y ------------

Command Line: -Djava.library.path=/home/pc/Downloads/webots/lib/java SensorController

Host: Intel(R) Core(TM) i7-3770 CPU @ 3.40GHz, 8 cores, 7G, Linux Mint 19.1 Tessa
Time: Tue Aug 13 13:46:05 2019 CEST elapsed time: 0 seconds (0d 0h 0m 0s)

---------------  T H R E A D  ---------------

Current thread (0x00007f28e0012000):  JavaThread "main" [_thread_in_native, id=18317, stack(0x00007f28e6fde000,0x00007f28e70df000)]

Stack: [0x00007f28e6fde000,0x00007f28e70df000],  sp=0x00007f28e70dc6f8,  free space=1017k
Native frames: (J=compiled Java code, A=aot compiled Java code, j=interpreted, Vv=VM code, C=native code)
C  [libc.so.6+0xb1646]
C  [libCppController.so+0x28c7a]  webots::Motion::Motion(std::__cxx11::basic_string<char, std::char_traits<char>, std::allocator<char> > const&)+0x36
C  [libJavaController.so+0x27c5d]  Java_com_cyberbotics_webots_controller_wrapperJNI_new_1Motion+0x10a
j  com.cyberbotics.webots.controller.wrapperJNI.new_Motion(Ljava/lang/String;)J+0
j  com.cyberbotics.webots.controller.Motion.<init>(Ljava/lang/String;)V+2
j  SensorController.loadMotionFiles()V+304
j  SensorController.main([Ljava/lang/String;)V+3
v  ~StubRoutines::call_stub
V  [libjvm.so+0x841c99]
V  [libjvm.so+0x8b9c7d]
V  [libjvm.so+0x8bbd6e]
C  [libjli.so+0x5856]
C  [libjli.so+0x92cd]

Java frames: (J=compiled Java code, j=interpreted, Vv=VM code)
j  com.cyberbotics.webots.controller.wrapperJNI.new_Motion(Ljava/lang/String;)J+0
j  com.cyberbotics.webots.controller.Motion.<init>(Ljava/lang/String;)V+2
j  SensorController.loadMotionFiles()V+304
j  SensorController.main([Ljava/lang/String;)V+3
v  ~StubRoutines::call_stub

siginfo: si_signo: 11 (SIGSEGV), si_code: 1 (SEGV_MAPERR), si_addr: 0x0000000000000000

Register to memory mapping:

RAX=0x0 is NULL
RBX=0x00007f28e01e7ff0 points into unknown readable memory: 09 00 00 00 01 00 00 00
RCX=0x0 is NULL
RDX=0x00007f28e6cbfa68: <offset 0x00000000003eda68> in /lib/x86_64-linux-gnu/libc.so.6 at 0x00007f28e68d2000
RSP=0x00007f28e70dc6f8 is pointing into the stack for thread: 0x00007f28e0012000
RBP=0x00007f28e70dd780 is pointing into the stack for thread: 0x00007f28e0012000
RSI=0x00007f28b5a85603: <offset 0x0000000000039603> in /home/pc/Downloads/webots/lib/libController.so at 0x00007f28b5a4c000
RDI=0x0 is NULL
R8 =0x0000000000000004 is an unknown value
R9 =0x0 is NULL
R10=0x00007f28e00008d0 points into unknown readable memory: 00 00 00 00 00 00 01 00
R11=0x00007f28e6a813c0: <offset 0x00000000001af3c0> in /lib/x86_64-linux-gnu/libc.so.6 at 0x00007f28e68d2000
R12=0x0000000000000040 is an unknown value
R13=0x0000000000000009 is an unknown value
R14=0x0 is NULL
R15=0x00007f28e01e8080 points into unknown readable memory: 00 00 00 00 00 00 00 00


Registers:
RAX=0x0000000000000000, RBX=0x00007f28e01e7ff0, RCX=0x0000000000000000, RDX=0x00007f28e6cbfa68
RSP=0x00007f28e70dc6f8, RBP=0x00007f28e70dd780, RSI=0x00007f28b5a85603, RDI=0x0000000000000000
R8 =0x0000000000000004, R9 =0x0000000000000000, R10=0x00007f28e00008d0, R11=0x00007f28e6a813c0
R12=0x0000000000000040, R13=0x0000000000000009, R14=0x0000000000000000, R15=0x00007f28e01e8080
RIP=0x00007f28e6983646, EFLAGS=0x0000000000010293, CSGSFS=0x002b000000000033, ERR=0x0000000000000004
  TRAPNO=0x000000000000000e

Top of Stack: (sp=0x00007f28e70dc6f8)
0x00007f28e70dc6f8:   00007f28b5a67c74 5f53544f42455723
0x00007f28e70dc708:   56004e4f49544f4d 6b6e414c00302e31
0x00007f28e70dc718:   4c006c6c6f52656c 6374695065656e4b
0x00007f28e70dc728:   5065656e4b520068 6165480068637469 

Instructions: (pc=0x00007f28e6983646)
0x00007f28e6983546:   66 2e 0f 1f 84 00 00 00 00 00 48 89 f8 66 0f ef
0x00007f28e6983556:   c0 48 83 e0 c0 f3 0f 6f 28 66 0f 6f f5 f3 0f 6f
0x00007f28e6983566:   60 10 66 0f 74 e9 66 0f 74 f0 f3 0f 6f 58 20 66
0x00007f28e6983576:   0f d7 f6 66 0f 6f f4 f3 0f 6f 50 30 66 0f 74 e1
0x00007f28e6983586:   66 0f 74 f0 66 0f d7 d6 66 0f 6f f3 66 0f 74 d9
0x00007f28e6983596:   66 0f 74 f0 66 0f 74 c2 48 c1 e2 10 66 44 0f d7
0x00007f28e69835a6:   cb 66 44 0f d7 c6 66 0f d7 c8 49 c1 e1 20 49 c1
0x00007f28e69835b6:   e0 20 66 0f 74 d1 4c 09 c2 48 c1 e1 30 66 44 0f
0x00007f28e69835c6:   d7 c5 48 09 f2 66 0f d7 f4 48 09 ca 66 0f d7 ca
0x00007f28e69835d6:   48 c1 e6 10 48 c1 e1 30 4c 09 ce 4c 09 c6 48 09
0x00007f28e69835e6:   ce 89 f9 29 c1 48 d3 ea 48 d3 ee 48 85 d2 0f 84
0x00007f28e69835f6:   26 fe ff ff 48 8d 42 ff 48 31 d0 48 21 c6 0f 84
0x00007f28e6983606:   36 ff ff ff 48 0f bd c6 48 01 f8 c3 66 2e 0f 1f
0x00007f28e6983616:   84 00 00 00 00 00 0f 1f 40 00 66 0f ef c0 66 0f
0x00007f28e6983626:   ef c9 66 0f ef d2 66 0f ef db 48 89 f8 48 89 f9
0x00007f28e6983636:   48 81 e1 ff 0f 00 00 48 81 f9 cf 0f 00 00 77 6a
0x00007f28e6983646:   f3 0f 6f 20 66 0f 74 e0 66 0f d7 d4 85 d2 74 04
0x00007f28e6983656:   0f bc c2 c3 48 83 e0 f0 66 0f 74 48 10 66 0f 74
0x00007f28e6983666:   50 20 66 0f 74 58 30 66 0f d7 d1 66 44 0f d7 c2
0x00007f28e6983676:   66 0f d7 cb 48 c1 e2 10 48 c1 e1 10 4c 09 c1 48
0x00007f28e6983686:   c1 e1 20 48 09 ca 48 89 f9 48 31 c1 48 83 e0 c0
0x00007f28e6983696:   48 d3 fa 48 85 d2 0f 84 7e 00 00 00 48 0f bc c2
0x00007f28e69836a6:   c3 66 0f 1f 84 00 00 00 00 00 48 83 e0 c0 66 0f
0x00007f28e69836b6:   74 00 66 0f 74 48 10 66 0f 74 50 20 66 0f 74 58
0x00007f28e69836c6:   30 66 0f d7 f0 66 0f d7 d1 66 44 0f d7 c2 66 0f
0x00007f28e69836d6:   d7 cb 48 c1 e2 10 48 c1 e1 10 48 09 f2 4c 09 c1
0x00007f28e69836e6:   48 c1 e1 20 48 09 ca 48 89 f9 48 31 c1 48 83 e0
0x00007f28e69836f6:   c0 48 d3 fa 48 85 d2 74 11 48 0f bc c2 c3 66 90
0x00007f28e6983706:   66 2e 0f 1f 84 00 00 00 00 00 66 0f ef c9 66 0f
0x00007f28e6983716:   ef d2 66 0f ef db 0f 1f 40 00 66 0f 6f 40 40 66
0x00007f28e6983726:   0f da 40 50 66 0f da 40 60 66 0f da 40 70 66 0f
0x00007f28e6983736:   74 c3 66 0f d7 d0 85 d2 75 30 48 83 e8 80 66 0f 


Stack slot to memory mapping:
stack at sp + 0 slots: 0x00007f28b5a67c74: wbu_motion_new+0x00000000000004f4 in /home/pc/Downloads/webots/lib/libController.so at 0x00007f28b5a4c000
stack at sp + 1 slots: 0x5f53544f42455723 is an unknown value
stack at sp + 2 slots: 0x56004e4f49544f4d is an unknown value
stack at sp + 3 slots: 0x6b6e414c00302e31 is an unknown value
stack at sp + 4 slots: 0x4c006c6c6f52656c is an unknown value
stack at sp + 5 slots: 0x6374695065656e4b is an unknown value
stack at sp + 6 slots: 0x5065656e4b520068 is an unknown value
stack at sp + 7 slots: 0x6165480068637469 is an unknown value


---------------  P R O C E S S  ---------------

Threads class SMR info:
_java_thread_list=0x00007f28e01882d0, length=9, elements={
0x00007f28e0012000, 0x00007f28e0119800, 0x00007f28e0123800, 0x00007f28e0129000,
0x00007f28e012b000, 0x00007f28e012d000, 0x00007f28e012f000, 0x00007f28e017e000,
0x00007f28e0186800
}

Java Threads: ( => current thread )
=>0x00007f28e0012000 JavaThread "main" [_thread_in_native, id=18317, stack(0x00007f28e6fde000,0x00007f28e70df000)]
  0x00007f28e0119800 JavaThread "Reference Handler" daemon [_thread_blocked, id=18324, stack(0x00007f28b7075000,0x00007f28b7176000)]
  0x00007f28e0123800 JavaThread "Finalizer" daemon [_thread_blocked, id=18325, stack(0x00007f28b6f74000,0x00007f28b7075000)]
  0x00007f28e0129000 JavaThread "Signal Dispatcher" daemon [_thread_blocked, id=18326, stack(0x00007f28b6b43000,0x00007f28b6c44000)]
  0x00007f28e012b000 JavaThread "C2 CompilerThread0" daemon [_thread_blocked, id=18327, stack(0x00007f28b6a42000,0x00007f28b6b43000)]
  0x00007f28e012d000 JavaThread "C1 CompilerThread0" daemon [_thread_blocked, id=18328, stack(0x00007f28b6941000,0x00007f28b6a42000)]
  0x00007f28e012f000 JavaThread "Sweeper thread" daemon [_thread_blocked, id=18329, stack(0x00007f28b6840000,0x00007f28b6941000)]
  0x00007f28e017e000 JavaThread "Service Thread" daemon [_thread_blocked, id=18330, stack(0x00007f28b673f000,0x00007f28b6840000)]
  0x00007f28e0186800 JavaThread "Common-Cleaner" daemon [_thread_blocked, id=18332, stack(0x00007f28b653c000,0x00007f28b663d000)]

Other Threads:
  0x00007f28e0116800 VMThread "VM Thread" [stack: 0x00007f28b7178000,0x00007f28b7278000] [id=18323]
  0x00007f28e0180800 WatcherThread [stack: 0x00007f28b663f000,0x00007f28b673f000] [id=18331]
  0x00007f28e0028800 GCTaskThread "GC Thread#0" [stack: 0x00007f28c78f0000,0x00007f28c79f0000] [id=18318]
  0x00007f28e0059800 ConcurrentGCThread "G1 Main Marker" [stack: 0x00007f28c45a9000,0x00007f28c46a9000] [id=18319]
  0x00007f28e005b000 ConcurrentGCThread "G1 Conc#0" [stack: 0x00007f28c44a7000,0x00007f28c45a7000] [id=18320]
  0x00007f28e00e4000 ConcurrentGCThread "G1 Refine#0" [stack: 0x00007f28b7bfd000,0x00007f28b7cfd000] [id=18321]
  0x00007f28e00e5800 ConcurrentGCThread "G1 Young RemSet Sampling" [stack: 0x00007f28b7afb000,0x00007f28b7bfb000] [id=18322]

Threads with active compile tasks:

VM state:not at safepoint (normal execution)

VM Mutex/Monitor currently owned by a thread: None

Heap address: 0x0000000085200000, size: 1966 MB, Compressed Oops mode: 32-bit
Narrow klass base: 0x0000000800000000, Narrow klass shift: 3
Compressed class space size: 1073741824 Address: 0x0000000840000000

Heap:
 garbage-first heap   total 129024K, used 1656K [0x0000000085200000, 0x0000000100000000)
  region size 1024K, 2 young (2048K), 0 survivors (0K)
 Metaspace       used 447K, capacity 4728K, committed 4864K, reserved 1056768K
  class space    used 23K, capacity 424K, committed 512K, reserved 1048576K
Heap Regions: E=young(eden), S=young(survivor), O=old, HS=humongous(starts), HC=humongous(continues), CS=collection set, F=free, A=archive, TAMS=top-at-mark-start (previous, next)
|   0|0x0000000085200000, 0x0000000085200000, 0x0000000085300000|  0%| F|  |TAMS 0x0000000085200000, 0x0000000085200000| Untracked 
|   1|0x0000000085300000, 0x0000000085300000, 0x0000000085400000|  0%| F|  |TAMS 0x0000000085300000, 0x0000000085300000| Untracked 
|   2|0x0000000085400000, 0x0000000085400000, 0x0000000085500000|  0%| F|  |TAMS 0x0000000085400000, 0x0000000085400000| Untracked 
|   3|0x0000000085500000, 0x0000000085500000, 0x0000000085600000|  0%| F|  |TAMS 0x0000000085500000, 0x0000000085500000| Untracked 
|   4|0x0000000085600000, 0x0000000085600000, 0x0000000085700000|  0%| F|  |TAMS 0x0000000085600000, 0x0000000085600000| Untracked 
|   5|0x0000000085700000, 0x0000000085700000, 0x0000000085800000|  0%| F|  |TAMS 0x0000000085700000, 0x0000000085700000| Untracked 
|   6|0x0000000085800000, 0x0000000085800000, 0x0000000085900000|  0%| F|  |TAMS 0x0000000085800000, 0x0000000085800000| Untracked 
|   7|0x0000000085900000, 0x0000000085900000, 0x0000000085a00000|  0%| F|  |TAMS 0x0000000085900000, 0x0000000085900000| Untracked 
|   8|0x0000000085a00000, 0x0000000085a00000, 0x0000000085b00000|  0%| F|  |TAMS 0x0000000085a00000, 0x0000000085a00000| Untracked 
|   9|0x0000000085b00000, 0x0000000085b00000, 0x0000000085c00000|  0%| F|  |TAMS 0x0000000085b00000, 0x0000000085b00000| Untracked 
|  10|0x0000000085c00000, 0x0000000085c00000, 0x0000000085d00000|  0%| F|  |TAMS 0x0000000085c00000, 0x0000000085c00000| Untracked 
|  11|0x0000000085d00000, 0x0000000085d00000, 0x0000000085e00000|  0%| F|  |TAMS 0x0000000085d00000, 0x0000000085d00000| Untracked 
|  12|0x0000000085e00000, 0x0000000085e00000, 0x0000000085f00000|  0%| F|  |TAMS 0x0000000085e00000, 0x0000000085e00000| Untracked 
|  13|0x0000000085f00000, 0x0000000085f00000, 0x0000000086000000|  0%| F|  |TAMS 0x0000000085f00000, 0x0000000085f00000| Untracked 
|  14|0x0000000086000000, 0x0000000086000000, 0x0000000086100000|  0%| F|  |TAMS 0x0000000086000000, 0x0000000086000000| Untracked 
|  15|0x0000000086100000, 0x0000000086100000, 0x0000000086200000|  0%| F|  |TAMS 0x0000000086100000, 0x0000000086100000| Untracked 
|  16|0x0000000086200000, 0x0000000086200000, 0x0000000086300000|  0%| F|  |TAMS 0x0000000086200000, 0x0000000086200000| Untracked 
|  17|0x0000000086300000, 0x0000000086300000, 0x0000000086400000|  0%| F|  |TAMS 0x0000000086300000, 0x0000000086300000| Untracked 
|  18|0x0000000086400000, 0x0000000086400000, 0x0000000086500000|  0%| F|  |TAMS 0x0000000086400000, 0x0000000086400000| Untracked 
|  19|0x0000000086500000, 0x0000000086500000, 0x0000000086600000|  0%| F|  |TAMS 0x0000000086500000, 0x0000000086500000| Untracked 
|  20|0x0000000086600000, 0x0000000086600000, 0x0000000086700000|  0%| F|  |TAMS 0x0000000086600000, 0x0000000086600000| Untracked 
|  21|0x0000000086700000, 0x0000000086700000, 0x0000000086800000|  0%| F|  |TAMS 0x0000000086700000, 0x0000000086700000| Untracked 
|  22|0x0000000086800000, 0x0000000086800000, 0x0000000086900000|  0%| F|  |TAMS 0x0000000086800000, 0x0000000086800000| Untracked 
|  23|0x0000000086900000, 0x0000000086900000, 0x0000000086a00000|  0%| F|  |TAMS 0x0000000086900000, 0x0000000086900000| Untracked 
|  24|0x0000000086a00000, 0x0000000086a00000, 0x0000000086b00000|  0%| F|  |TAMS 0x0000000086a00000, 0x0000000086a00000| Untracked 
|  25|0x0000000086b00000, 0x0000000086b00000, 0x0000000086c00000|  0%| F|  |TAMS 0x0000000086b00000, 0x0000000086b00000| Untracked 
|  26|0x0000000086c00000, 0x0000000086c00000, 0x0000000086d00000|  0%| F|  |TAMS 0x0000000086c00000, 0x0000000086c00000| Untracked 
|  27|0x0000000086d00000, 0x0000000086d00000, 0x0000000086e00000|  0%| F|  |TAMS 0x0000000086d00000, 0x0000000086d00000| Untracked 
|  28|0x0000000086e00000, 0x0000000086e00000, 0x0000000086f00000|  0%| F|  |TAMS 0x0000000086e00000, 0x0000000086e00000| Untracked 
|  29|0x0000000086f00000, 0x0000000086f00000, 0x0000000087000000|  0%| F|  |TAMS 0x0000000086f00000, 0x0000000086f00000| Untracked 
|  30|0x0000000087000000, 0x0000000087000000, 0x0000000087100000|  0%| F|  |TAMS 0x0000000087000000, 0x0000000087000000| Untracked 
|  31|0x0000000087100000, 0x0000000087100000, 0x0000000087200000|  0%| F|  |TAMS 0x0000000087100000, 0x0000000087100000| Untracked 
|  32|0x0000000087200000, 0x0000000087200000, 0x0000000087300000|  0%| F|  |TAMS 0x0000000087200000, 0x0000000087200000| Untracked 
|  33|0x0000000087300000, 0x0000000087300000, 0x0000000087400000|  0%| F|  |TAMS 0x0000000087300000, 0x0000000087300000| Untracked 
|  34|0x0000000087400000, 0x0000000087400000, 0x0000000087500000|  0%| F|  |TAMS 0x0000000087400000, 0x0000000087400000| Untracked 
|  35|0x0000000087500000, 0x0000000087500000, 0x0000000087600000|  0%| F|  |TAMS 0x0000000087500000, 0x0000000087500000| Untracked 
|  36|0x0000000087600000, 0x0000000087600000, 0x0000000087700000|  0%| F|  |TAMS 0x0000000087600000, 0x0000000087600000| Untracked 
|  37|0x0000000087700000, 0x0000000087700000, 0x0000000087800000|  0%| F|  |TAMS 0x0000000087700000, 0x0000000087700000| Untracked 
|  38|0x0000000087800000, 0x0000000087800000, 0x0000000087900000|  0%| F|  |TAMS 0x0000000087800000, 0x0000000087800000| Untracked 
|  39|0x0000000087900000, 0x0000000087900000, 0x0000000087a00000|  0%| F|  |TAMS 0x0000000087900000, 0x0000000087900000| Untracked 
|  40|0x0000000087a00000, 0x0000000087a00000, 0x0000000087b00000|  0%| F|  |TAMS 0x0000000087a00000, 0x0000000087a00000| Untracked 
|  41|0x0000000087b00000, 0x0000000087b00000, 0x0000000087c00000|  0%| F|  |TAMS 0x0000000087b00000, 0x0000000087b00000| Untracked 
|  42|0x0000000087c00000, 0x0000000087c00000, 0x0000000087d00000|  0%| F|  |TAMS 0x0000000087c00000, 0x0000000087c00000| Untracked 
|  43|0x0000000087d00000, 0x0000000087d00000, 0x0000000087e00000|  0%| F|  |TAMS 0x0000000087d00000, 0x0000000087d00000| Untracked 
|  44|0x0000000087e00000, 0x0000000087e00000, 0x0000000087f00000|  0%| F|  |TAMS 0x0000000087e00000, 0x0000000087e00000| Untracked 
|  45|0x0000000087f00000, 0x0000000087f00000, 0x0000000088000000|  0%| F|  |TAMS 0x0000000087f00000, 0x0000000087f00000| Untracked 
|  46|0x0000000088000000, 0x0000000088000000, 0x0000000088100000|  0%| F|  |TAMS 0x0000000088000000, 0x0000000088000000| Untracked 
|  47|0x0000000088100000, 0x0000000088100000, 0x0000000088200000|  0%| F|  |TAMS 0x0000000088100000, 0x0000000088100000| Untracked 
|  48|0x0000000088200000, 0x0000000088200000, 0x0000000088300000|  0%| F|  |TAMS 0x0000000088200000, 0x0000000088200000| Untracked 
|  49|0x0000000088300000, 0x0000000088300000, 0x0000000088400000|  0%| F|  |TAMS 0x0000000088300000, 0x0000000088300000| Untracked 
|  50|0x0000000088400000, 0x0000000088400000, 0x0000000088500000|  0%| F|  |TAMS 0x0000000088400000, 0x0000000088400000| Untracked 
|  51|0x0000000088500000, 0x0000000088500000, 0x0000000088600000|  0%| F|  |TAMS 0x0000000088500000, 0x0000000088500000| Untracked 
|  52|0x0000000088600000, 0x0000000088600000, 0x0000000088700000|  0%| F|  |TAMS 0x0000000088600000, 0x0000000088600000| Untracked 
|  53|0x0000000088700000, 0x0000000088700000, 0x0000000088800000|  0%| F|  |TAMS 0x0000000088700000, 0x0000000088700000| Untracked 
|  54|0x0000000088800000, 0x0000000088800000, 0x0000000088900000|  0%| F|  |TAMS 0x0000000088800000, 0x0000000088800000| Untracked 
|  55|0x0000000088900000, 0x0000000088900000, 0x0000000088a00000|  0%| F|  |TAMS 0x0000000088900000, 0x0000000088900000| Untracked 
|  56|0x0000000088a00000, 0x0000000088a00000, 0x0000000088b00000|  0%| F|  |TAMS 0x0000000088a00000, 0x0000000088a00000| Untracked 
|  57|0x0000000088b00000, 0x0000000088b00000, 0x0000000088c00000|  0%| F|  |TAMS 0x0000000088b00000, 0x0000000088b00000| Untracked 
|  58|0x0000000088c00000, 0x0000000088c00000, 0x0000000088d00000|  0%| F|  |TAMS 0x0000000088c00000, 0x0000000088c00000| Untracked 
|  59|0x0000000088d00000, 0x0000000088d00000, 0x0000000088e00000|  0%| F|  |TAMS 0x0000000088d00000, 0x0000000088d00000| Untracked 
|  60|0x0000000088e00000, 0x0000000088e00000, 0x0000000088f00000|  0%| F|  |TAMS 0x0000000088e00000, 0x0000000088e00000| Untracked 
|  61|0x0000000088f00000, 0x0000000088f00000, 0x0000000089000000|  0%| F|  |TAMS 0x0000000088f00000, 0x0000000088f00000| Untracked 
|  62|0x0000000089000000, 0x0000000089000000, 0x0000000089100000|  0%| F|  |TAMS 0x0000000089000000, 0x0000000089000000| Untracked 
|  63|0x0000000089100000, 0x0000000089100000, 0x0000000089200000|  0%| F|  |TAMS 0x0000000089100000, 0x0000000089100000| Untracked 
|  64|0x0000000089200000, 0x0000000089200000, 0x0000000089300000|  0%| F|  |TAMS 0x0000000089200000, 0x0000000089200000| Untracked 
|  65|0x0000000089300000, 0x0000000089300000, 0x0000000089400000|  0%| F|  |TAMS 0x0000000089300000, 0x0000000089300000| Untracked 
|  66|0x0000000089400000, 0x0000000089400000, 0x0000000089500000|  0%| F|  |TAMS 0x0000000089400000, 0x0000000089400000| Untracked 
|  67|0x0000000089500000, 0x0000000089500000, 0x0000000089600000|  0%| F|  |TAMS 0x0000000089500000, 0x0000000089500000| Untracked 
|  68|0x0000000089600000, 0x0000000089600000, 0x0000000089700000|  0%| F|  |TAMS 0x0000000089600000, 0x0000000089600000| Untracked 
|  69|0x0000000089700000, 0x0000000089700000, 0x0000000089800000|  0%| F|  |TAMS 0x0000000089700000, 0x0000000089700000| Untracked 
|  70|0x0000000089800000, 0x0000000089800000, 0x0000000089900000|  0%| F|  |TAMS 0x0000000089800000, 0x0000000089800000| Untracked 
|  71|0x0000000089900000, 0x0000000089900000, 0x0000000089a00000|  0%| F|  |TAMS 0x0000000089900000, 0x0000000089900000| Untracked 
|  72|0x0000000089a00000, 0x0000000089a00000, 0x0000000089b00000|  0%| F|  |TAMS 0x0000000089a00000, 0x0000000089a00000| Untracked 
|  73|0x0000000089b00000, 0x0000000089b00000, 0x0000000089c00000|  0%| F|  |TAMS 0x0000000089b00000, 0x0000000089b00000| Untracked 
|  74|0x0000000089c00000, 0x0000000089c00000, 0x0000000089d00000|  0%| F|  |TAMS 0x0000000089c00000, 0x0000000089c00000| Untracked 
|  75|0x0000000089d00000, 0x0000000089d00000, 0x0000000089e00000|  0%| F|  |TAMS 0x0000000089d00000, 0x0000000089d00000| Untracked 
|  76|0x0000000089e00000, 0x0000000089e00000, 0x0000000089f00000|  0%| F|  |TAMS 0x0000000089e00000, 0x0000000089e00000| Untracked 
|  77|0x0000000089f00000, 0x0000000089f00000, 0x000000008a000000|  0%| F|  |TAMS 0x0000000089f00000, 0x0000000089f00000| Untracked 
|  78|0x000000008a000000, 0x000000008a000000, 0x000000008a100000|  0%| F|  |TAMS 0x000000008a000000, 0x000000008a000000| Untracked 
|  79|0x000000008a100000, 0x000000008a100000, 0x000000008a200000|  0%| F|  |TAMS 0x000000008a100000, 0x000000008a100000| Untracked 
|  80|0x000000008a200000, 0x000000008a200000, 0x000000008a300000|  0%| F|  |TAMS 0x000000008a200000, 0x000000008a200000| Untracked 
|  81|0x000000008a300000, 0x000000008a300000, 0x000000008a400000|  0%| F|  |TAMS 0x000000008a300000, 0x000000008a300000| Untracked 
|  82|0x000000008a400000, 0x000000008a400000, 0x000000008a500000|  0%| F|  |TAMS 0x000000008a400000, 0x000000008a400000| Untracked 
|  83|0x000000008a500000, 0x000000008a500000, 0x000000008a600000|  0%| F|  |TAMS 0x000000008a500000, 0x000000008a500000| Untracked 
|  84|0x000000008a600000, 0x000000008a600000, 0x000000008a700000|  0%| F|  |TAMS 0x000000008a600000, 0x000000008a600000| Untracked 
|  85|0x000000008a700000, 0x000000008a700000, 0x000000008a800000|  0%| F|  |TAMS 0x000000008a700000, 0x000000008a700000| Untracked 
|  86|0x000000008a800000, 0x000000008a800000, 0x000000008a900000|  0%| F|  |TAMS 0x000000008a800000, 0x000000008a800000| Untracked 
|  87|0x000000008a900000, 0x000000008a900000, 0x000000008aa00000|  0%| F|  |TAMS 0x000000008a900000, 0x000000008a900000| Untracked 
|  88|0x000000008aa00000, 0x000000008aa00000, 0x000000008ab00000|  0%| F|  |TAMS 0x000000008aa00000, 0x000000008aa00000| Untracked 
|  89|0x000000008ab00000, 0x000000008ab00000, 0x000000008ac00000|  0%| F|  |TAMS 0x000000008ab00000, 0x000000008ab00000| Untracked 
|  90|0x000000008ac00000, 0x000000008ac00000, 0x000000008ad00000|  0%| F|  |TAMS 0x000000008ac00000, 0x000000008ac00000| Untracked 
|  91|0x000000008ad00000, 0x000000008ad00000, 0x000000008ae00000|  0%| F|  |TAMS 0x000000008ad00000, 0x000000008ad00000| Untracked 
|  92|0x000000008ae00000, 0x000000008ae00000, 0x000000008af00000|  0%| F|  |TAMS 0x000000008ae00000, 0x000000008ae00000| Untracked 
|  93|0x000000008af00000, 0x000000008af00000, 0x000000008b000000|  0%| F|  |TAMS 0x000000008af00000, 0x000000008af00000| Untracked 
|  94|0x000000008b000000, 0x000000008b000000, 0x000000008b100000|  0%| F|  |TAMS 0x000000008b000000, 0x000000008b000000| Untracked 
|  95|0x000000008b100000, 0x000000008b100000, 0x000000008b200000|  0%| F|  |TAMS 0x000000008b100000, 0x000000008b100000| Untracked 
|  96|0x000000008b200000, 0x000000008b200000, 0x000000008b300000|  0%| F|  |TAMS 0x000000008b200000, 0x000000008b200000| Untracked 
|  97|0x000000008b300000, 0x000000008b300000, 0x000000008b400000|  0%| F|  |TAMS 0x000000008b300000, 0x000000008b300000| Untracked 
|  98|0x000000008b400000, 0x000000008b400000, 0x000000008b500000|  0%| F|  |TAMS 0x000000008b400000, 0x000000008b400000| Untracked 
|  99|0x000000008b500000, 0x000000008b500000, 0x000000008b600000|  0%| F|  |TAMS 0x000000008b500000, 0x000000008b500000| Untracked 
| 100|0x000000008b600000, 0x000000008b600000, 0x000000008b700000|  0%| F|  |TAMS 0x000000008b600000, 0x000000008b600000| Untracked 
| 101|0x000000008b700000, 0x000000008b700000, 0x000000008b800000|  0%| F|  |TAMS 0x000000008b700000, 0x000000008b700000| Untracked 
| 102|0x000000008b800000, 0x000000008b800000, 0x000000008b900000|  0%| F|  |TAMS 0x000000008b800000, 0x000000008b800000| Untracked 
| 103|0x000000008b900000, 0x000000008b900000, 0x000000008ba00000|  0%| F|  |TAMS 0x000000008b900000, 0x000000008b900000| Untracked 
| 104|0x000000008ba00000, 0x000000008ba00000, 0x000000008bb00000|  0%| F|  |TAMS 0x000000008ba00000, 0x000000008ba00000| Untracked 
| 105|0x000000008bb00000, 0x000000008bb00000, 0x000000008bc00000|  0%| F|  |TAMS 0x000000008bb00000, 0x000000008bb00000| Untracked 
| 106|0x000000008bc00000, 0x000000008bc00000, 0x000000008bd00000|  0%| F|  |TAMS 0x000000008bc00000, 0x000000008bc00000| Untracked 
| 107|0x000000008bd00000, 0x000000008bd00000, 0x000000008be00000|  0%| F|  |TAMS 0x000000008bd00000, 0x000000008bd00000| Untracked 
| 108|0x000000008be00000, 0x000000008be00000, 0x000000008bf00000|  0%| F|  |TAMS 0x000000008be00000, 0x000000008be00000| Untracked 
| 109|0x000000008bf00000, 0x000000008bf00000, 0x000000008c000000|  0%| F|  |TAMS 0x000000008bf00000, 0x000000008bf00000| Untracked 
| 110|0x000000008c000000, 0x000000008c000000, 0x000000008c100000|  0%| F|  |TAMS 0x000000008c000000, 0x000000008c000000| Untracked 
| 111|0x000000008c100000, 0x000000008c100000, 0x000000008c200000|  0%| F|  |TAMS 0x000000008c100000, 0x000000008c100000| Untracked 
| 112|0x000000008c200000, 0x000000008c200000, 0x000000008c300000|  0%| F|  |TAMS 0x000000008c200000, 0x000000008c200000| Untracked 
| 113|0x000000008c300000, 0x000000008c300000, 0x000000008c400000|  0%| F|  |TAMS 0x000000008c300000, 0x000000008c300000| Untracked 
| 114|0x000000008c400000, 0x000000008c400000, 0x000000008c500000|  0%| F|  |TAMS 0x000000008c400000, 0x000000008c400000| Untracked 
| 115|0x000000008c500000, 0x000000008c500000, 0x000000008c600000|  0%| F|  |TAMS 0x000000008c500000, 0x000000008c500000| Untracked 
| 116|0x000000008c600000, 0x000000008c600000, 0x000000008c700000|  0%| F|  |TAMS 0x000000008c600000, 0x000000008c600000| Untracked 
| 117|0x000000008c700000, 0x000000008c700000, 0x000000008c800000|  0%| F|  |TAMS 0x000000008c700000, 0x000000008c700000| Untracked 
| 118|0x000000008c800000, 0x000000008c800000, 0x000000008c900000|  0%| F|  |TAMS 0x000000008c800000, 0x000000008c800000| Untracked 
| 119|0x000000008c900000, 0x000000008c900000, 0x000000008ca00000|  0%| F|  |TAMS 0x000000008c900000, 0x000000008c900000| Untracked 
| 120|0x000000008ca00000, 0x000000008ca00000, 0x000000008cb00000|  0%| F|  |TAMS 0x000000008ca00000, 0x000000008ca00000| Untracked 
| 121|0x000000008cb00000, 0x000000008cb00000, 0x000000008cc00000|  0%| F|  |TAMS 0x000000008cb00000, 0x000000008cb00000| Untracked 
| 122|0x000000008cc00000, 0x000000008cc7b698, 0x000000008cd00000| 48%| E|  |TAMS 0x000000008cc00000, 0x000000008cc00000| Complete 
| 123|0x000000008cd00000, 0x000000008ce00000, 0x000000008ce00000|100%| E|CS|TAMS 0x000000008cd00000, 0x000000008cd00000| Complete 
|1964|0x00000000ffe00000, 0x00000000ffe34000, 0x00000000fff00000| 20%|OA|  |TAMS 0x00000000ffe00000, 0x00000000ffe00000| Untracked 
|1965|0x00000000fff00000, 0x00000000fff6a000, 0x0000000100000000| 41%|CA|  |TAMS 0x00000000fff00000, 0x00000000fff00000| Untracked 

Card table byte_map: [0x00007f28c6938000,0x00007f28c6d0f000] _byte_map_base: 0x00007f28c650f000

Marking Bits (Prev, Next): (CMBitMap*) 0x00007f28e0050d58, (CMBitMap*) 0x00007f28e0050d90
 Prev Bits: [0x00007f28c46a9000, 0x00007f28c6561000)
 Next Bits: [0x00007f28be148000, 0x00007f28c0000000)

Polling page: 0x00007f28e70f7000

Metaspace:

Usage:
  Non-class:      4.20 MB capacity,   423.60 KB ( 10%) used,     3.79 MB ( 90%) free+waste,   512 bytes ( <1%) overhead. 
      Class:    424.00 KB capacity,    23.40 KB (  6%) used,   400.23 KB ( 94%) free+waste,   384 bytes ( <1%) overhead. 
       Both:      4.62 MB capacity,   447.00 KB (  9%) used,     4.18 MB ( 91%) free+waste,   896 bytes ( <1%) overhead. 

Virtual space:
  Non-class space:        8.00 MB reserved,       4.25 MB ( 53%) committed 
      Class space:        1.00 GB reserved,     512.00 KB ( <1%) committed 
             Both:        1.01 GB reserved,       4.75 MB ( <1%) committed 

Chunk freelists:
   Non-Class:  12.00 KB
       Class:  24.00 KB
        Both:  36.00 KB

CodeHeap 'non-profiled nmethods': size=120032Kb used=23Kb max_used=23Kb free=120009Kb
 bounds [0x00007f28cf5a3000, 0x00007f28cf813000, 0x00007f28d6adb000]
CodeHeap 'profiled nmethods': size=120028Kb used=131Kb max_used=131Kb free=119896Kb
 bounds [0x00007f28c806c000, 0x00007f28c82dc000, 0x00007f28cf5a3000]
CodeHeap 'non-nmethods': size=5700Kb used=1036Kb max_used=1036Kb free=4663Kb
 bounds [0x00007f28c7adb000, 0x00007f28c7d4b000, 0x00007f28c806c000]
 total_blobs=464 nmethods=94 adapters=230
 compilation: enabled
              stopped_count=0, restarted_count=0
 full_count=0

Compilation events (10 events):
Event: 0.064 Thread 0x00007f28e012d000 nmethod 89 0x00007f28c808a290 code [0x00007f28c808a520, 0x00007f28c808b0b8]
Event: 0.064 Thread 0x00007f28e012d000   90       3       java.lang.StringLatin1::newString (17 bytes)
Event: 0.064 Thread 0x00007f28e012d000 nmethod 90 0x00007f28c808b510 code [0x00007f28c808b6e0, 0x00007f28c808b9e8]
Event: 0.064 Thread 0x00007f28e012d000   91       1       java.util.zip.Inflater$InflaterZStreamRef::address (5 bytes)
Event: 0.064 Thread 0x00007f28e012d000 nmethod 91 0x00007f28cf5a8890 code [0x00007f28cf5a8a40, 0x00007f28cf5a8b70]
Event: 0.071 Thread 0x00007f28e012d000   92       3       java.lang.AbstractStringBuilder::putStringAt (29 bytes)
Event: 0.071 Thread 0x00007f28e012d000 nmethod 92 0x00007f28c808bb10 code [0x00007f28c808bd00, 0x00007f28c808c078]
Event: 0.071 Thread 0x00007f28e012d000   93       3       java.lang.AbstractStringBuilder::getCoder (15 bytes)
Event: 0.072 Thread 0x00007f28e012d000 nmethod 93 0x00007f28c808c190 code [0x00007f28c808c340, 0x00007f28c808c4f0]
Event: 0.072 Thread 0x00007f28e012d000   94       3       java.lang.String::getBytes (44 bytes)

GC Heap History (0 events):
No events

Deoptimization events (4 events):
Event: 0.036 Thread 0x00007f28e0012000 Uncommon trap: trap_request=0xffffff4d fr.pc=0x00007f28cf5a6fc8 relative=0x0000000000000088
Event: 0.036 Thread 0x00007f28e0012000 Uncommon trap: reason=unstable_if action=reinterpret pc=0x00007f28cf5a6fc8 method=java.lang.String.hashCode()I @ 14 c2
Event: 0.036 Thread 0x00007f28e0012000 DEOPT PACKING pc=0x00007f28cf5a6fc8 sp=0x00007f28e70dc1a0
Event: 0.036 Thread 0x00007f28e0012000 DEOPT UNPACKING pc=0x00007f28c7b039a5 sp=0x00007f28e70dc158 mode 2

Classes redefined (0 events):
No events

Internal exceptions (0 events):
No events

Events (10 events):
Event: 0.062 loading class com/cyberbotics/webots/controller/Accelerometer
Event: 0.062 loading class com/cyberbotics/webots/controller/Accelerometer done
Event: 0.062 loading class com/cyberbotics/webots/controller/GPS
Event: 0.062 loading class com/cyberbotics/webots/controller/GPS done
Event: 0.063 loading class com/cyberbotics/webots/controller/Gyro
Event: 0.063 loading class com/cyberbotics/webots/controller/Gyro done
Event: 0.063 loading class com/cyberbotics/webots/controller/TouchSensor
Event: 0.063 loading class com/cyberbotics/webots/controller/TouchSensor done
Event: 0.063 loading class com/cyberbotics/webots/controller/Motion
Event: 0.063 loading class com/cyberbotics/webots/controller/Motion done


Dynamic libraries:
85200000-8ce00000 rw-p 00000000 00:00 0 
8ce00000-ffe00000 ---p 00000000 00:00 0 
ffe00000-ffe34000 rw-p 01116000 08:01 23594776                           /usr/lib/jvm/java-11-openjdk-amd64/lib/server/classes.jsa
ffe34000-fff00000 rw-p 00000000 00:00 0 
fff00000-fff6a000 rw-p 010ac000 08:01 23594776                           /usr/lib/jvm/java-11-openjdk-amd64/lib/server/classes.jsa
fff6a000-100000000 rw-p 00000000 00:00 0 
800000000-800002000 rwxp 00001000 08:01 23594776                         /usr/lib/jvm/java-11-openjdk-amd64/lib/server/classes.jsa
800002000-8003bd000 rw-p 00003000 08:01 23594776                         /usr/lib/jvm/java-11-openjdk-amd64/lib/server/classes.jsa
8003bd000-800a98000 r--p 003be000 08:01 23594776                         /usr/lib/jvm/java-11-openjdk-amd64/lib/server/classes.jsa
800a98000-800a99000 rw-p 00a99000 08:01 23594776                         /usr/lib/jvm/java-11-openjdk-amd64/lib/server/classes.jsa
800a99000-8010ab000 r--p 00a9a000 08:01 23594776                         /usr/lib/jvm/java-11-openjdk-amd64/lib/server/classes.jsa
840000000-840080000 rw-p 00000000 00:00 0 
840080000-880000000 ---p 00000000 00:00 0 
55dc3b96c000-55dc3b96d000 r-xp 00000000 08:01 23598662                   /usr/lib/jvm/java-11-openjdk-amd64/bin/java
55dc3bb6d000-55dc3bb6e000 r--p 00001000 08:01 23598662                   /usr/lib/jvm/java-11-openjdk-amd64/bin/java
55dc3bb6e000-55dc3bb6f000 rw-p 00002000 08:01 23598662                   /usr/lib/jvm/java-11-openjdk-amd64/bin/java
55dc3c24d000-55dc3c26e000 rw-p 00000000 00:00 0                          [heap]
7f287c000000-7f287c021000 rw-p 00000000 00:00 0 
7f287c021000-7f2880000000 ---p 00000000 00:00 0 
7f2884000000-7f2884021000 rw-p 00000000 00:00 0 
7f2884021000-7f2888000000 ---p 00000000 00:00 0 
7f2888000000-7f2888021000 rw-p 00000000 00:00 0 
7f2888021000-7f288c000000 ---p 00000000 00:00 0 
7f288c000000-7f288c07f000 rw-p 00000000 00:00 0 
7f288c07f000-7f2890000000 ---p 00000000 00:00 0 
7f2890000000-7f2890021000 rw-p 00000000 00:00 0 
7f2890021000-7f2894000000 ---p 00000000 00:00 0 
7f2894000000-7f2894021000 rw-p 00000000 00:00 0 
7f2894021000-7f2898000000 ---p 00000000 00:00 0 
7f2898000000-7f289804f000 rw-p 00000000 00:00 0 
7f289804f000-7f289c000000 ---p 00000000 00:00 0 
7f289c000000-7f289c021000 rw-p 00000000 00:00 0 
7f289c021000-7f28a0000000 ---p 00000000 00:00 0 
7f28a0000000-7f28a0021000 rw-p 00000000 00:00 0 
7f28a0021000-7f28a4000000 ---p 00000000 00:00 0 
7f28a4000000-7f28a4021000 rw-p 00000000 00:00 0 
7f28a4021000-7f28a8000000 ---p 00000000 00:00 0 
7f28a8000000-7f28a8021000 rw-p 00000000 00:00 0 
7f28a8021000-7f28ac000000 ---p 00000000 00:00 0 
7f28ac000000-7f28ac021000 rw-p 00000000 00:00 0 
7f28ac021000-7f28b0000000 ---p 00000000 00:00 0 
7f28b0000000-7f28b0021000 rw-p 00000000 00:00 0 
7f28b0021000-7f28b4000000 ---p 00000000 00:00 0 
7f28b4d21000-7f28b4d24000 r-xp 00000000 08:01 26486644                   /home/pc/Downloads/webots/resources/projects/plugins/robot_windows/generic/libgeneric.so
7f28b4d24000-7f28b4f23000 ---p 00003000 08:01 26486644                   /home/pc/Downloads/webots/resources/projects/plugins/robot_windows/generic/libgeneric.so
7f28b4f23000-7f28b4f24000 r--p 00002000 08:01 26486644                   /home/pc/Downloads/webots/resources/projects/plugins/robot_windows/generic/libgeneric.so
7f28b4f24000-7f28b4f25000 rw-p 00003000 08:01 26486644                   /home/pc/Downloads/webots/resources/projects/plugins/robot_windows/generic/libgeneric.so
7f28b4f25000-7f28b4f30000 r-xp 00000000 08:01 27920478                   /home/pc/Downloads/webots/lib/libjbig.so.0
7f28b4f30000-7f28b512f000 ---p 0000b000 08:01 27920478                   /home/pc/Downloads/webots/lib/libjbig.so.0
7f28b512f000-7f28b5130000 r--p 0000a000 08:01 27920478                   /home/pc/Downloads/webots/lib/libjbig.so.0
7f28b5130000-7f28b5133000 rw-p 0000b000 08:01 27920478                   /home/pc/Downloads/webots/lib/libjbig.so.0
7f28b5133000-7f28b5157000 r-xp 00000000 08:01 14684814                   /lib/x86_64-linux-gnu/liblzma.so.5.2.2
7f28b5157000-7f28b5357000 ---p 00024000 08:01 14684814                   /lib/x86_64-linux-gnu/liblzma.so.5.2.2
7f28b5357000-7f28b5358000 r--p 00024000 08:01 14684814                   /lib/x86_64-linux-gnu/liblzma.so.5.2.2
7f28b5358000-7f28b5359000 rw-p 00025000 08:01 14684814                   /lib/x86_64-linux-gnu/liblzma.so.5.2.2
7f28b5359000-7f28b537d000 r-xp 00000000 08:01 27920388                   /home/pc/Downloads/webots/lib/libpng12.so.0
7f28b537d000-7f28b557c000 ---p 00024000 08:01 27920388                   /home/pc/Downloads/webots/lib/libpng12.so.0
7f28b557c000-7f28b557d000 r--p 00023000 08:01 27920388                   /home/pc/Downloads/webots/lib/libpng12.so.0
7f28b557d000-7f28b557e000 rw-p 00024000 08:01 27920388                   /home/pc/Downloads/webots/lib/libpng12.so.0
7f28b557e000-7f28b55d5000 r-xp 00000000 08:01 27920398                   /home/pc/Downloads/webots/lib/libjpeg.so.8
7f28b55d5000-7f28b57d5000 ---p 00057000 08:01 27920398                   /home/pc/Downloads/webots/lib/libjpeg.so.8
7f28b57d5000-7f28b57d6000 r--p 00057000 08:01 27920398                   /home/pc/Downloads/webots/lib/libjpeg.so.8
7f28b57d6000-7f28b57d7000 rw-p 00058000 08:01 27920398                   /home/pc/Downloads/webots/lib/libjpeg.so.8
7f28b57d7000-7f28b5848000 r-xp 00000000 08:01 27920411                   /home/pc/Downloads/webots/lib/libtiff.so.5
7f28b5848000-7f28b5a48000 ---p 00071000 08:01 27920411                   /home/pc/Downloads/webots/lib/libtiff.so.5
7f28b5a48000-7f28b5a49000 r--p 00071000 08:01 27920411                   /home/pc/Downloads/webots/lib/libtiff.so.5
7f28b5a49000-7f28b5a4c000 rw-p 00072000 08:01 27920411                   /home/pc/Downloads/webots/lib/libtiff.so.5
7f28b5a4c000-7f28b5a98000 r-xp 00000000 08:01 27920472                   /home/pc/Downloads/webots/lib/libController.so
7f28b5a98000-7f28b5c97000 ---p 0004c000 08:01 27920472                   /home/pc/Downloads/webots/lib/libController.so
7f28b5c97000-7f28b5c98000 r--p 0004b000 08:01 27920472                   /home/pc/Downloads/webots/lib/libController.so
7f28b5c98000-7f28b5c99000 rw-p 0004c000 08:01 27920472                   /home/pc/Downloads/webots/lib/libController.so
7f28b5c99000-7f28b5c9a000 rw-p 00000000 00:00 0 
7f28b5c9a000-7f28b5cd4000 r-xp 00000000 08:01 27920444                   /home/pc/Downloads/webots/lib/libCppController.so
7f28b5cd4000-7f28b5ed3000 ---p 0003a000 08:01 27920444                   /home/pc/Downloads/webots/lib/libCppController.so
7f28b5ed3000-7f28b5ed5000 r--p 00039000 08:01 27920444                   /home/pc/Downloads/webots/lib/libCppController.so
7f28b5ed5000-7f28b5ed7000 rw-p 0003b000 08:01 27920444                   /home/pc/Downloads/webots/lib/libCppController.so
7f28b5ed7000-7f28b5f13000 r-xp 00000000 08:01 27920368                   /home/pc/Downloads/webots/lib/java/libJavaController.so
7f28b5f13000-7f28b6112000 ---p 0003c000 08:01 27920368                   /home/pc/Downloads/webots/lib/java/libJavaController.so
7f28b6112000-7f28b6113000 r--p 0003b000 08:01 27920368                   /home/pc/Downloads/webots/lib/java/libJavaController.so
7f28b6113000-7f28b6114000 rw-p 0003c000 08:01 27920368                   /home/pc/Downloads/webots/lib/java/libJavaController.so
7f28b6114000-7f28b612a000 r-xp 00000000 08:01 23598796                   /usr/lib/jvm/java-11-openjdk-amd64/lib/libnet.so
7f28b612a000-7f28b6329000 ---p 00016000 08:01 23598796                   /usr/lib/jvm/java-11-openjdk-amd64/lib/libnet.so
7f28b6329000-7f28b632a000 r--p 00015000 08:01 23598796                   /usr/lib/jvm/java-11-openjdk-amd64/lib/libnet.so
7f28b632a000-7f28b632b000 rw-p 00016000 08:01 23598796                   /usr/lib/jvm/java-11-openjdk-amd64/lib/libnet.so
7f28b632b000-7f28b633b000 r-xp 00000000 08:01 23598797                   /usr/lib/jvm/java-11-openjdk-amd64/lib/libnio.so
7f28b633b000-7f28b653a000 ---p 00010000 08:01 23598797                   /usr/lib/jvm/java-11-openjdk-amd64/lib/libnio.so
7f28b653a000-7f28b653b000 r--p 0000f000 08:01 23598797                   /usr/lib/jvm/java-11-openjdk-amd64/lib/libnio.so
7f28b653b000-7f28b653c000 rw-p 00010000 08:01 23598797                   /usr/lib/jvm/java-11-openjdk-amd64/lib/libnio.so
7f28b653c000-7f28b6540000 ---p 00000000 00:00 0 
7f28b6540000-7f28b663d000 rw-p 00000000 00:00 0 
7f28b663d000-7f28b663e000 ---p 00000000 00:00 0 
7f28b663e000-7f28b673f000 rw-p 00000000 00:00 0 
7f28b673f000-7f28b6743000 ---p 00000000 00:00 0 
7f28b6743000-7f28b6840000 rw-p 00000000 00:00 0 
7f28b6840000-7f28b6844000 ---p 00000000 00:00 0 
7f28b6844000-7f28b6941000 rw-p 00000000 00:00 0 
7f28b6941000-7f28b6945000 ---p 00000000 00:00 0 
7f28b6945000-7f28b6a42000 rw-p 00000000 00:00 0 
7f28b6a42000-7f28b6a46000 ---p 00000000 00:00 0 
7f28b6a46000-7f28b6b43000 rw-p 00000000 00:00 0 
7f28b6b43000-7f28b6b47000 ---p 00000000 00:00 0 
7f28b6b47000-7f28b6c44000 rw-p 00000000 00:00 0 
7f28b6c44000-7f28b6f74000 r--p 00000000 08:01 23598983                   /usr/lib/locale/locale-archive
7f28b6f74000-7f28b6f78000 ---p 00000000 00:00 0 
7f28b6f78000-7f28b7075000 rw-p 00000000 00:00 0 
7f28b7075000-7f28b7079000 ---p 00000000 00:00 0 
7f28b7079000-7f28b7176000 rw-p 00000000 00:00 0 
7f28b7176000-7f28b7177000 ---p 00000000 00:00 0 
7f28b7177000-7f28b7739000 rw-p 00000000 00:00 0 
7f28b7739000-7f28b7af9000 ---p 00000000 00:00 0 
7f28b7af9000-7f28b7afa000 ---p 00000000 00:00 0 
7f28b7afa000-7f28b7bfb000 rw-p 00000000 00:00 0 
7f28b7bfb000-7f28b7bfc000 ---p 00000000 00:00 0 
7f28b7bfc000-7f28b8000000 rw-p 00000000 00:00 0 
7f28b8000000-7f28b8021000 rw-p 00000000 00:00 0 
7f28b8021000-7f28bc000000 ---p 00000000 00:00 0 
7f28bc047000-7f28be338000 rw-p 00000000 00:00 0 
7f28be338000-7f28bfff8000 ---p 00000000 00:00 0 
7f28bfff8000-7f28c0000000 rw-p 00000000 00:00 0 
7f28c0000000-7f28c0021000 rw-p 00000000 00:00 0 
7f28c0021000-7f28c4000000 ---p 00000000 00:00 0 
7f28c4015000-7f28c44a5000 rw-p 00000000 00:00 0 
7f28c44a5000-7f28c44a6000 ---p 00000000 00:00 0 
7f28c44a6000-7f28c45a7000 rw-p 00000000 00:00 0 
7f28c45a7000-7f28c45a8000 ---p 00000000 00:00 0 
7f28c45a8000-7f28c4899000 rw-p 00000000 00:00 0 
7f28c4899000-7f28c6559000 ---p 00000000 00:00 0 
7f28c6559000-7f28c659f000 rw-p 00000000 00:00 0 
7f28c659f000-7f28c6937000 ---p 00000000 00:00 0 
7f28c6937000-7f28c6976000 rw-p 00000000 00:00 0 
7f28c6976000-7f28c6d0e000 ---p 00000000 00:00 0 
7f28c6d0e000-7f28c6d4d000 rw-p 00000000 00:00 0 
7f28c6d4d000-7f28c70e5000 ---p 00000000 00:00 0 
7f28c70e5000-7f28c78ee000 rw-p 00000000 00:00 0 
7f28c78ee000-7f28c78ef000 ---p 00000000 00:00 0 
7f28c78ef000-7f28c79f5000 rw-p 00000000 00:00 0 
7f28c79f5000-7f28c7adb000 ---p 00000000 00:00 0 
7f28c7adb000-7f28c7d4b000 rwxp 00000000 00:00 0 
7f28c7d4b000-7f28c806c000 ---p 00000000 00:00 0 
7f28c806c000-7f28c82dc000 rwxp 00000000 00:00 0 
7f28c82dc000-7f28cf5a3000 ---p 00000000 00:00 0 
7f28cf5a3000-7f28cf813000 rwxp 00000000 00:00 0 
7f28cf813000-7f28d6adb000 ---p 00000000 00:00 0 
7f28d6adb000-7f28df185000 r--s 00000000 08:01 23598823                   /usr/lib/jvm/java-11-openjdk-amd64/lib/modules
7f28df185000-7f28df18a000 r-xp 00000000 08:01 23598787                   /usr/lib/jvm/java-11-openjdk-amd64/lib/libjimage.so
7f28df18a000-7f28df389000 ---p 00005000 08:01 23598787                   /usr/lib/jvm/java-11-openjdk-amd64/lib/libjimage.so
7f28df389000-7f28df38a000 r--p 00004000 08:01 23598787                   /usr/lib/jvm/java-11-openjdk-amd64/lib/libjimage.so
7f28df38a000-7f28df38b000 rw-p 00005000 08:01 23598787                   /usr/lib/jvm/java-11-openjdk-amd64/lib/libjimage.so
7f28df38b000-7f28df392000 r-xp 00000000 08:01 23598822                   /usr/lib/jvm/java-11-openjdk-amd64/lib/libzip.so
7f28df392000-7f28df591000 ---p 00007000 08:01 23598822                   /usr/lib/jvm/java-11-openjdk-amd64/lib/libzip.so
7f28df591000-7f28df592000 r--p 00006000 08:01 23598822                   /usr/lib/jvm/java-11-openjdk-amd64/lib/libzip.so
7f28df592000-7f28df593000 rw-p 00007000 08:01 23598822                   /usr/lib/jvm/java-11-openjdk-amd64/lib/libzip.so
7f28df593000-7f28df59e000 r-xp 00000000 08:01 14684844                   /lib/x86_64-linux-gnu/libnss_files-2.27.so
7f28df59e000-7f28df79d000 ---p 0000b000 08:01 14684844                   /lib/x86_64-linux-gnu/libnss_files-2.27.so
7f28df79d000-7f28df79e000 r--p 0000a000 08:01 14684844                   /lib/x86_64-linux-gnu/libnss_files-2.27.so
7f28df79e000-7f28df79f000 rw-p 0000b000 08:01 14684844                   /lib/x86_64-linux-gnu/libnss_files-2.27.so
7f28df79f000-7f28df7a5000 rw-p 00000000 00:00 0 
7f28df7a5000-7f28df7bc000 r-xp 00000000 08:01 14684838                   /lib/x86_64-linux-gnu/libnsl-2.27.so
7f28df7bc000-7f28df9bb000 ---p 00017000 08:01 14684838                   /lib/x86_64-linux-gnu/libnsl-2.27.so
7f28df9bb000-7f28df9bc000 r--p 00016000 08:01 14684838                   /lib/x86_64-linux-gnu/libnsl-2.27.so
7f28df9bc000-7f28df9bd000 rw-p 00017000 08:01 14684838                   /lib/x86_64-linux-gnu/libnsl-2.27.so
7f28df9bd000-7f28df9bf000 rw-p 00000000 00:00 0 
7f28df9bf000-7f28df9ca000 r-xp 00000000 08:01 14684855                   /lib/x86_64-linux-gnu/libnss_nis-2.27.so
7f28df9ca000-7f28dfbc9000 ---p 0000b000 08:01 14684855                   /lib/x86_64-linux-gnu/libnss_nis-2.27.so
7f28dfbc9000-7f28dfbca000 r--p 0000a000 08:01 14684855                   /lib/x86_64-linux-gnu/libnss_nis-2.27.so
7f28dfbca000-7f28dfbcb000 rw-p 0000b000 08:01 14684855                   /lib/x86_64-linux-gnu/libnss_nis-2.27.so
7f28dfbcb000-7f28dfbd3000 r-xp 00000000 08:01 14684840                   /lib/x86_64-linux-gnu/libnss_compat-2.27.so
7f28dfbd3000-7f28dfdd3000 ---p 00008000 08:01 14684840                   /lib/x86_64-linux-gnu/libnss_compat-2.27.so
7f28dfdd3000-7f28dfdd4000 r--p 00008000 08:01 14684840                   /lib/x86_64-linux-gnu/libnss_compat-2.27.so
7f28dfdd4000-7f28dfdd5000 rw-p 00009000 08:01 14684840                   /lib/x86_64-linux-gnu/libnss_compat-2.27.so
7f28dfdd5000-7f28dfdfe000 r-xp 00000000 08:01 23598779                   /usr/lib/jvm/java-11-openjdk-amd64/lib/libjava.so
7f28dfdfe000-7f28dfffd000 ---p 00029000 08:01 23598779                   /usr/lib/jvm/java-11-openjdk-amd64/lib/libjava.so
7f28dfffd000-7f28dfffe000 r--p 00028000 08:01 23598779                   /usr/lib/jvm/java-11-openjdk-amd64/lib/libjava.so
7f28dfffe000-7f28e0000000 rw-p 00029000 08:01 23598779                   /usr/lib/jvm/java-11-openjdk-amd64/lib/libjava.so
7f28e0000000-7f28e0209000 rw-p 00000000 00:00 0 
7f28e0209000-7f28e4000000 ---p 00000000 00:00 0 
7f28e4012000-7f28e403f000 rw-p 00000000 00:00 0 
7f28e403f000-7f28e4125000 ---p 00000000 00:00 0 
7f28e4125000-7f28e4132000 r-xp 00000000 08:01 23598814                   /usr/lib/jvm/java-11-openjdk-amd64/lib/libverify.so
7f28e4132000-7f28e4331000 ---p 0000d000 08:01 23598814                   /usr/lib/jvm/java-11-openjdk-amd64/lib/libverify.so
7f28e4331000-7f28e4333000 r--p 0000c000 08:01 23598814                   /usr/lib/jvm/java-11-openjdk-amd64/lib/libverify.so
7f28e4333000-7f28e4334000 rw-p 0000e000 08:01 23598814                   /usr/lib/jvm/java-11-openjdk-amd64/lib/libverify.so
7f28e4334000-7f28e433b000 r-xp 00000000 08:01 14684895                   /lib/x86_64-linux-gnu/librt-2.27.so
7f28e433b000-7f28e453a000 ---p 00007000 08:01 14684895                   /lib/x86_64-linux-gnu/librt-2.27.so
7f28e453a000-7f28e453b000 r--p 00006000 08:01 14684895                   /lib/x86_64-linux-gnu/librt-2.27.so
7f28e453b000-7f28e453c000 rw-p 00007000 08:01 14684895                   /lib/x86_64-linux-gnu/librt-2.27.so
7f28e453c000-7f28e4553000 r-xp 00000000 08:01 14680140                   /lib/x86_64-linux-gnu/libgcc_s.so.1
7f28e4553000-7f28e4752000 ---p 00017000 08:01 14680140                   /lib/x86_64-linux-gnu/libgcc_s.so.1
7f28e4752000-7f28e4753000 r--p 00016000 08:01 14680140                   /lib/x86_64-linux-gnu/libgcc_s.so.1
7f28e4753000-7f28e4754000 rw-p 00017000 08:01 14680140                   /lib/x86_64-linux-gnu/libgcc_s.so.1
7f28e4754000-7f28e48f1000 r-xp 00000000 08:01 14684817                   /lib/x86_64-linux-gnu/libm-2.27.so
7f28e48f1000-7f28e4af0000 ---p 0019d000 08:01 14684817                   /lib/x86_64-linux-gnu/libm-2.27.so
7f28e4af0000-7f28e4af1000 r--p 0019c000 08:01 14684817                   /lib/x86_64-linux-gnu/libm-2.27.so
7f28e4af1000-7f28e4af2000 rw-p 0019d000 08:01 14684817                   /lib/x86_64-linux-gnu/libm-2.27.so
7f28e4af2000-7f28e4c6b000 r-xp 00000000 08:01 23597848                   /usr/lib/x86_64-linux-gnu/libstdc++.so.6.0.25
7f28e4c6b000-7f28e4e6b000 ---p 00179000 08:01 23597848                   /usr/lib/x86_64-linux-gnu/libstdc++.so.6.0.25
7f28e4e6b000-7f28e4e75000 r--p 00179000 08:01 23597848                   /usr/lib/x86_64-linux-gnu/libstdc++.so.6.0.25
7f28e4e75000-7f28e4e77000 rw-p 00183000 08:01 23597848                   /usr/lib/x86_64-linux-gnu/libstdc++.so.6.0.25
7f28e4e77000-7f28e4e7b000 rw-p 00000000 00:00 0 
7f28e4e7b000-7f28e5f47000 r-xp 00000000 08:01 23598827                   /usr/lib/jvm/java-11-openjdk-amd64/lib/server/libjvm.so
7f28e5f47000-7f28e6146000 ---p 010cc000 08:01 23598827                   /usr/lib/jvm/java-11-openjdk-amd64/lib/server/libjvm.so
7f28e6146000-7f28e6203000 r--p 010cb000 08:01 23598827                   /usr/lib/jvm/java-11-openjdk-amd64/lib/server/libjvm.so
7f28e6203000-7f28e623c000 rw-p 01188000 08:01 23598827                   /usr/lib/jvm/java-11-openjdk-amd64/lib/server/libjvm.so
7f28e623c000-7f28e6292000 rw-p 00000000 00:00 0 
7f28e6292000-7f28e62ac000 r-xp 00000000 08:01 14684887                   /lib/x86_64-linux-gnu/libpthread-2.27.so
7f28e62ac000-7f28e64ab000 ---p 0001a000 08:01 14684887                   /lib/x86_64-linux-gnu/libpthread-2.27.so
7f28e64ab000-7f28e64ac000 r--p 00019000 08:01 14684887                   /lib/x86_64-linux-gnu/libpthread-2.27.so
7f28e64ac000-7f28e64ad000 rw-p 0001a000 08:01 14684887                   /lib/x86_64-linux-gnu/libpthread-2.27.so
7f28e64ad000-7f28e64b1000 rw-p 00000000 00:00 0 
7f28e64b1000-7f28e64b4000 r-xp 00000000 08:01 14684777                   /lib/x86_64-linux-gnu/libdl-2.27.so
7f28e64b4000-7f28e66b3000 ---p 00003000 08:01 14684777                   /lib/x86_64-linux-gnu/libdl-2.27.so
7f28e66b3000-7f28e66b4000 r--p 00002000 08:01 14684777                   /lib/x86_64-linux-gnu/libdl-2.27.so
7f28e66b4000-7f28e66b5000 rw-p 00003000 08:01 14684777                   /lib/x86_64-linux-gnu/libdl-2.27.so
7f28e66b5000-7f28e66d1000 r-xp 00000000 08:01 14684928                   /lib/x86_64-linux-gnu/libz.so.1.2.11
7f28e66d1000-7f28e68d0000 ---p 0001c000 08:01 14684928                   /lib/x86_64-linux-gnu/libz.so.1.2.11
7f28e68d0000-7f28e68d1000 r--p 0001b000 08:01 14684928                   /lib/x86_64-linux-gnu/libz.so.1.2.11
7f28e68d1000-7f28e68d2000 rw-p 0001c000 08:01 14684928                   /lib/x86_64-linux-gnu/libz.so.1.2.11
7f28e68d2000-7f28e6ab9000 r-xp 00000000 08:01 14684754                   /lib/x86_64-linux-gnu/libc-2.27.so
7f28e6ab9000-7f28e6cb9000 ---p 001e7000 08:01 14684754                   /lib/x86_64-linux-gnu/libc-2.27.so
7f28e6cb9000-7f28e6cbd000 r--p 001e7000 08:01 14684754                   /lib/x86_64-linux-gnu/libc-2.27.so
7f28e6cbd000-7f28e6cbf000 rw-p 001eb000 08:01 14684754                   /lib/x86_64-linux-gnu/libc-2.27.so
7f28e6cbf000-7f28e6cc3000 rw-p 00000000 00:00 0 
7f28e6cc3000-7f28e6cd3000 r-xp 00000000 08:01 23598742                   /usr/lib/jvm/java-11-openjdk-amd64/lib/jli/libjli.so
7f28e6cd3000-7f28e6ed2000 ---p 00010000 08:01 23598742                   /usr/lib/jvm/java-11-openjdk-amd64/lib/jli/libjli.so
7f28e6ed2000-7f28e6ed3000 r--p 0000f000 08:01 23598742                   /usr/lib/jvm/java-11-openjdk-amd64/lib/jli/libjli.so
7f28e6ed3000-7f28e6ed4000 rw-p 00010000 08:01 23598742                   /usr/lib/jvm/java-11-openjdk-amd64/lib/jli/libjli.so
7f28e6ed4000-7f28e6efb000 r-xp 00000000 08:01 14684726                   /lib/x86_64-linux-gnu/ld-2.27.so
7f28e6f1d000-7f28e6fde000 rw-p 00000000 00:00 0 
7f28e6fde000-7f28e6fe2000 ---p 00000000 00:00 0 
7f28e6fe2000-7f28e70e8000 rw-p 00000000 00:00 0 
7f28e70e8000-7f28e70ef000 ---p 00000000 00:00 0 
7f28e70ef000-7f28e70f7000 rw-s 00000000 08:01 28966949                   /tmp/hsperfdata_pc/18316
7f28e70f7000-7f28e70f8000 ---p 00000000 00:00 0 
7f28e70f8000-7f28e70f9000 r--p 00000000 00:00 0 
7f28e70f9000-7f28e70fb000 rw-p 00000000 00:00 0 
7f28e70fb000-7f28e70fc000 r--p 00027000 08:01 14684726                   /lib/x86_64-linux-gnu/ld-2.27.so
7f28e70fc000-7f28e70fd000 rw-p 00028000 08:01 14684726                   /lib/x86_64-linux-gnu/ld-2.27.so
7f28e70fd000-7f28e70fe000 rw-p 00000000 00:00 0 
7ffc7b9c8000-7ffc7b9e9000 rw-p 00000000 00:00 0                          [stack]
7ffc7b9fb000-7ffc7b9fe000 r--p 00000000 00:00 0                          [vvar]
7ffc7b9fe000-7ffc7ba00000 r-xp 00000000 00:00 0                          [vdso]
ffffffffff600000-ffffffffff601000 r-xp 00000000 00:00 0                  [vsyscall]


VM Arguments:
jvm_args: -Djava.library.path=/home/pc/Downloads/webots/lib/java 
java_command: SensorController
java_class_path (initial): /home/pc/Downloads/webots/lib/java/Controller.jar:/home/pc/Dokumente/SP1920/my_project/controllers/SensorController/
Launcher Type: SUN_STANDARD

[Global flags]
     intx CICompilerCount                          = 4                                         {product} {ergonomic}
     uint ConcGCThreads                            = 2                                         {product} {ergonomic}
     uint G1ConcRefinementThreads                  = 8                                         {product} {ergonomic}
   size_t G1HeapRegionSize                         = 1048576                                   {product} {ergonomic}
    uintx GCDrainStackTargetSize                   = 64                                        {product} {ergonomic}
   size_t InitialHeapSize                          = 130023424                                 {product} {ergonomic}
   size_t MarkStackSize                            = 4194304                                   {product} {ergonomic}
   size_t MaxHeapSize                              = 2061500416                                {product} {ergonomic}
   size_t MaxNewSize                               = 1236271104                                {product} {ergonomic}
   size_t MinHeapDeltaBytes                        = 1048576                                   {product} {ergonomic}
    uintx NonNMethodCodeHeapSize                   = 5835340                                {pd product} {ergonomic}
    uintx NonProfiledCodeHeapSize                  = 122911450                              {pd product} {ergonomic}
    uintx ProfiledCodeHeapSize                     = 122911450                              {pd product} {ergonomic}
    uintx ReservedCodeCacheSize                    = 251658240                              {pd product} {ergonomic}
     bool SegmentedCodeCache                       = true                                      {product} {ergonomic}
     bool UseCompressedClassPointers               = true                                 {lp64_product} {ergonomic}
     bool UseCompressedOops                        = true                                 {lp64_product} {ergonomic}
     bool UseG1GC                                  = true                                      {product} {ergonomic}

Logging:
Log output configuration:
 #0: stdout all=warning uptime,level,tags
 #1: stderr all=off uptime,level,tags

Environment Variables:
PATH=/usr/local/sbin:/usr/local/bin:/usr/sbin:/usr/bin:/sbin:/bin:/usr/games:/usr/local/games
LD_LIBRARY_PATH=/home/pc/Downloads/webots/projects/default/libraries/vehicle:/home/pc/Downloads/webots/projects/default/libraries/ros:/home/pc/Downloads/webots/resources/projects/libraries/qt_utils:/home/pc/Dokumente/SP1920/my_project/controllers/SensorController/:/home/pc/Downloads/webots/lib/:/tmp/webots-17667/lib:
SHELL=/bin/bash
DISPLAY=:0

Signal Handlers:
SIGSEGV: [libjvm.so+0xde5f50], sa_mask[0]=11111111011111111101111111111110, sa_flags=SA_RESTART|SA_SIGINFO
SIGBUS: [libjvm.so+0xde5f50], sa_mask[0]=11111111011111111101111111111110, sa_flags=SA_RESTART|SA_SIGINFO
SIGFPE: [libjvm.so+0xde5f50], sa_mask[0]=11111111011111111101111111111110, sa_flags=SA_RESTART|SA_SIGINFO
SIGPIPE: [libjvm.so+0xbba5b0], sa_mask[0]=11111111011111111101111111111110, sa_flags=SA_RESTART|SA_SIGINFO
SIGXFSZ: [libjvm.so+0xbba5b0], sa_mask[0]=11111111011111111101111111111110, sa_flags=SA_RESTART|SA_SIGINFO
SIGILL: [libjvm.so+0xde5f50], sa_mask[0]=11111111011111111101111111111110, sa_flags=SA_RESTART|SA_SIGINFO
SIGUSR2: [libjvm.so+0xbba450], sa_mask[0]=00000000000000000000000000000000, sa_flags=SA_RESTART|SA_SIGINFO
SIGHUP: [libjvm.so+0xbba7b0], sa_mask[0]=11111111011111111101111111111110, sa_flags=SA_RESTART|SA_SIGINFO
SIGINT: [libjvm.so+0xbba7b0], sa_mask[0]=11111111011111111101111111111110, sa_flags=SA_RESTART|SA_SIGINFO
SIGTERM: [libjvm.so+0xbba7b0], sa_mask[0]=11111111011111111101111111111110, sa_flags=SA_RESTART|SA_SIGINFO
SIGQUIT: [libjvm.so+0xbba7b0], sa_mask[0]=11111111011111111101111111111110, sa_flags=SA_RESTART|SA_SIGINFO


---------------  S Y S T E M  ---------------

OS:DISTRIB_ID=LinuxMint
DISTRIB_RELEASE=19.1
DISTRIB_CODENAME=tessa
DISTRIB_DESCRIPTION="Linux Mint 19.1 Tessa"
uname:Linux 4.15.0-20-generic #21-Ubuntu SMP Tue Apr 24 06:16:15 UTC 2018 x86_64
libc:glibc 2.27 NPTL 2.27 
rlimit: STACK 8192k, CORE 0k, NPROC 31207, NOFILE 4096, AS infinity, DATA infinity, FSIZE infinity
load average:1.66 1.80 1.81

/proc/meminfo:
MemTotal:        8051996 kB
MemFree:          674088 kB
MemAvailable:    5205612 kB
Buffers:           20972 kB
Cached:          5434092 kB
SwapCached:            0 kB
Active:          3165296 kB
Inactive:        3718320 kB
Active(anon):    1429600 kB
Inactive(anon):   941592 kB
Active(file):    1735696 kB
Inactive(file):  2776728 kB
Unevictable:          32 kB
Mlocked:              32 kB
SwapTotal:       2097148 kB
SwapFree:        2097148 kB
Dirty:                32 kB
Writeback:             0 kB
AnonPages:       1428752 kB
Mapped:           733456 kB
Shmem:            942644 kB
Slab:             379748 kB
SReclaimable:     322916 kB
SUnreclaim:        56832 kB
KernelStack:       11312 kB
PageTables:        39352 kB
NFS_Unstable:          0 kB
Bounce:                0 kB
WritebackTmp:          0 kB
CommitLimit:     6123144 kB
Committed_AS:    6209948 kB
VmallocTotal:   34359738367 kB
VmallocUsed:           0 kB
VmallocChunk:          0 kB
HardwareCorrupted:     0 kB
AnonHugePages:         0 kB
ShmemHugePages:        0 kB
ShmemPmdMapped:        0 kB
CmaTotal:              0 kB
CmaFree:               0 kB
HugePages_Total:       0
HugePages_Free:        0
HugePages_Rsvd:        0
HugePages_Surp:        0
Hugepagesize:       2048 kB
DirectMap4k:      234432 kB
DirectMap2M:     8038400 kB


/proc/sys/kernel/threads-max (system-wide limit on the number of threads):
62415


/proc/sys/vm/max_map_count (maximum number of memory map areas a process may have):
65530


/proc/sys/kernel/pid_max (system-wide limit on number of process identifiers):
32768



container (cgroup) information:
container_type: cgroupv1
cpu_cpuset_cpus: 0-7
cpu_memory_nodes: 0
active_processor_count: 8
cpu_quota: -1
cpu_period: 100000
cpu_shares: -1
memory_limit_in_bytes: -1
memory_and_swap_limit_in_bytes: -2
memory_soft_limit_in_bytes: -1
memory_usage_in_bytes: 7049428992
memory_max_usage_in_bytes: 0

Steal ticks since vm start: 0
Steal ticks percentage since vm start:  0.000

CPU:total 8 (initial active 8) (4 cores per cpu, 2 threads per core) family 6 model 58 stepping 9, cmov, cx8, fxsr, mmx, sse, sse2, sse3, ssse3, sse4.1, sse4.2, popcnt, avx, aes, clmul, erms, ht, tsc, tscinvbit, tscinv
CPU Model and flags from /proc/cpuinfo:
model name	: Intel(R) Core(TM) i7-3770 CPU @ 3.40GHz
flags		: fpu vme de pse tsc msr pae mce cx8 apic sep mtrr pge mca cmov pat pse36 clflush dts acpi mmx fxsr sse sse2 ss ht tm pbe syscall nx rdtscp lm constant_tsc arch_perfmon pebs bts rep_good nopl xtopology nonstop_tsc cpuid aperfmperf pni pclmulqdq dtes64 monitor ds_cpl vmx smx est tm2 ssse3 cx16 xtpr pdcm pcid sse4_1 sse4_2 x2apic popcnt tsc_deadline_timer aes xsave avx f16c rdrand lahf_lm cpuid_fault epb pti tpr_shadow vnmi flexpriority ept vpid fsgsbase smep erms xsaveopt dtherm ida arat pln pts

Memory: 4k page, physical 8051996k(674088k free), swap 2097148k(2097148k free)

vm_info: OpenJDK 64-Bit Server VM (11.0.4+11-post-Ubuntu-1ubuntu218.04.3) for linux-amd64 JRE (11.0.4+11-post-Ubuntu-1ubuntu218.04.3), built on Jul 18 2019 18:21:46 by "buildd" with gcc 7.4.0

END.
