#
# A fatal error has been detected by the Java Runtime Environment:
#
#  SIGSEGV (0xb) at pc=0x00007fe5c1d75b32, pid=2906, tid=2907
#
# JRE version: OpenJDK Runtime Environment (10.0.2+13) (build 10.0.2+13-Ubuntu-1ubuntu0.18.04.4)
# Java VM: OpenJDK 64-Bit Server VM (10.0.2+13-Ubuntu-1ubuntu0.18.04.4, mixed mode, tiered, compressed oops, g1 gc, linux-amd64)
# Problematic frame:
# C  [libController.so+0x1bb32]  wbu_motion_new+0x5d2
#
# Core dump will be written. Default location: Core dumps may be processed with "/usr/share/apport/apport %p %s %c %d %P" (or dumping to /home/pc/Dokumente/my_project/controllers/SensorController/core.2906)
#
# If you would like to submit a bug report, please visit:
#   http://bugreport.java.com/bugreport/crash.jsp
# The crash happened outside the Java Virtual Machine in native code.
# See problematic frame for where to report the bug.
#

---------------  S U M M A R Y ------------

Command Line: -Djava.library.path=/home/pc/Downloads/webots/lib/java SensorController

Host: Intel(R) Core(TM) i7-3770 CPU @ 3.40GHz, 8 cores, 7G, Linux Mint 19.1 Tessa
Time: Wed Jun 19 10:48:58 2019 CEST elapsed time: 0 seconds (0d 0h 0m 0s)

---------------  T H R E A D  ---------------

Current thread (0x00007fe630012000):  JavaThread "main" [_thread_in_native, id=2907, stack(0x00007fe639109000,0x00007fe63920a000)]

Stack: [0x00007fe639109000,0x00007fe63920a000],  sp=0x00007fe6392076f0,  free space=1017k
Native frames: (J=compiled Java code, A=aot compiled Java code, j=interpreted, Vv=VM code, C=native code)
C  [libController.so+0x1bb32]  wbu_motion_new+0x5d2
C  [libCppController.so+0x28c7a]  webots::Motion::Motion(std::__cxx11::basic_string<char, std::char_traits<char>, std::allocator<char> > const&)+0x36
C  [libJavaController.so+0x27c5d]  Java_com_cyberbotics_webots_controller_wrapperJNI_new_1Motion+0x10a
j  com.cyberbotics.webots.controller.wrapperJNI.new_Motion(Ljava/lang/String;)J+0
j  com.cyberbotics.webots.controller.Motion.<init>(Ljava/lang/String;)V+2
j  SensorController.loadMotionFiles()V+118
j  SensorController.main([Ljava/lang/String;)V+22
v  ~StubRoutines::call_stub
V  [libjvm.so+0x83d38f]
V  [libjvm.so+0x85c3cd]
V  [libjvm.so+0x85e60e]
C  [libjli.so+0x4aa0]
C  [libjli.so+0x89dd]
C  [libpthread.so.0+0x76db]  start_thread+0xdb

Java frames: (J=compiled Java code, j=interpreted, Vv=VM code)
j  com.cyberbotics.webots.controller.wrapperJNI.new_Motion(Ljava/lang/String;)J+0
j  com.cyberbotics.webots.controller.Motion.<init>(Ljava/lang/String;)V+2
j  SensorController.loadMotionFiles()V+118
j  SensorController.main([Ljava/lang/String;)V+22
v  ~StubRoutines::call_stub

siginfo: si_signo: 11 (SIGSEGV), si_code: 1 (SEGV_MAPERR), si_addr: 0x0000000000000000

Register to memory mapping:

RAX=0x0000000000000000 is an unknown value
RBX=0x00007fe63025e8c0 is an unknown value
RCX=0x0000000000000000 is an unknown value
RDX=0x00007fe638deba68: <offset 0x00000000003eda68> in /lib/x86_64-linux-gnu/libc.so.6 at 0x00007fe6389fe000
RSP=0x00007fe6392076f0 is pointing into the stack for thread: 0x00007fe630012000
RBP=0x00007fe639208770 is pointing into the stack for thread: 0x00007fe630012000
RSI=0x00007fe5c1d92fc3: <offset 0x0000000000038fc3> in /home/pc/Downloads/webots/lib/libController.so at 0x00007fe5c1d5a000
RDI=0x0000000000000000 is an unknown value
R8 =0x0000000000000001 is an unknown value
R9 =0x0000000000000000 is an unknown value
R10=0x05e353f7ced91687 is an unknown value
R11=0x00007fe5c1d92fde: <offset 0x0000000000038fde> in /home/pc/Downloads/webots/lib/libController.so at 0x00007fe5c1d5a000
R12=0x0000000000000120 is an unknown value
R13=0x0000000000000090 is an unknown value
R14=0x0000000000000020 is an unknown value
R15=0x0000000000000004 is an unknown value


Registers:
RAX=0x0000000000000000, RBX=0x00007fe63025e8c0, RCX=0x0000000000000000, RDX=0x00007fe638deba68
RSP=0x00007fe6392076f0, RBP=0x00007fe639208770, RSI=0x00007fe5c1d92fc3, RDI=0x0000000000000000
R8 =0x0000000000000001, R9 =0x0000000000000000, R10=0x05e353f7ced91687, R11=0x00007fe5c1d92fde
R12=0x0000000000000120, R13=0x0000000000000090, R14=0x0000000000000020, R15=0x0000000000000004
RIP=0x00007fe5c1d75b32, EFLAGS=0x0000000000010246, CSGSFS=0x002b000000000033, ERR=0x0000000000000004
  TRAPNO=0x000000000000000e

Top of Stack: (sp=0x00007fe6392076f0)
0x00007fe6392076f0:   34343a31303a3030 373365736f500030
0x00007fe639207700:   003837342e302d00 2d003834302e302d
0x00007fe639207710:   2e31003232312e30 352e302d00333230
0x00007fe639207720:   3130312e302c3836 2c3837342e302d2c 

Instructions: (pc=0x00007fe5c1d75b32)
0x00007fe5c1d75b12:   08 4a 03 0c 22 48 89 ca e8 f1 21 ff ff 44 3b 3b
0x00007fe5c1d75b22:   7d 3c 48 8d 35 98 d4 01 00 31 ff e8 5e 26 ff ff
0x00007fe5c1d75b32:   80 38 2a 75 c1 80 78 01 00 75 bb 48 8b 43 30 f2
0x00007fe5c1d75b42:   0f 10 05 07 db 01 00 41 83 c7 01 4a 8b 04 20 f2 


---------------  P R O C E S S  ---------------

Threads class SMR info:
_java_thread_list=0x00007fe63020ccf0, length=11, elements={
0x00007fe630012000, 0x00007fe630142800, 0x00007fe630144800, 0x00007fe63014e000,
0x00007fe630158800, 0x00007fe63015a800, 0x00007fe63015c800, 0x00007fe63015e800,
0x00007fe630160800, 0x00007fe6301f4800, 0x00007fe63020d800
}

Java Threads: ( => current thread )
=>0x00007fe630012000 JavaThread "main" [_thread_in_native, id=2907, stack(0x00007fe639109000,0x00007fe63920a000)]
  0x00007fe630142800 JavaThread "Reference Handler" daemon [_thread_blocked, id=2929, stack(0x00007fe5c3587000,0x00007fe5c3688000)]
  0x00007fe630144800 JavaThread "Finalizer" daemon [_thread_blocked, id=2930, stack(0x00007fe5c3486000,0x00007fe5c3587000)]
  0x00007fe63014e000 JavaThread "Signal Dispatcher" daemon [_thread_blocked, id=2931, stack(0x00007fe5c3055000,0x00007fe5c3156000)]
  0x00007fe630158800 JavaThread "C2 CompilerThread0" daemon [_thread_blocked, id=2932, stack(0x00007fe5c2f54000,0x00007fe5c3055000)]
  0x00007fe63015a800 JavaThread "C2 CompilerThread1" daemon [_thread_blocked, id=2933, stack(0x00007fe5c2e53000,0x00007fe5c2f54000)]
  0x00007fe63015c800 JavaThread "C2 CompilerThread2" daemon [_thread_blocked, id=2934, stack(0x00007fe5c2d52000,0x00007fe5c2e53000)]
  0x00007fe63015e800 JavaThread "C1 CompilerThread3" daemon [_thread_blocked, id=2935, stack(0x00007fe5c2c51000,0x00007fe5c2d52000)]
  0x00007fe630160800 JavaThread "Sweeper thread" daemon [_thread_blocked, id=2936, stack(0x00007fe5c2b50000,0x00007fe5c2c51000)]
  0x00007fe6301f4800 JavaThread "Service Thread" daemon [_thread_blocked, id=2937, stack(0x00007fe5c2a4f000,0x00007fe5c2b50000)]
  0x00007fe63020d800 JavaThread "Common-Cleaner" daemon [_thread_blocked, id=2939, stack(0x00007fe5c284c000,0x00007fe5c294d000)]

Other Threads:
  0x00007fe630139000 VMThread "VM Thread" [stack: 0x00007fe5c368a000,0x00007fe5c378a000] [id=2928]
  0x00007fe6301f7000 WatcherThread [stack: 0x00007fe5c294f000,0x00007fe5c2a4f000] [id=2938]
  0x00007fe630028800 GCTaskThread "GC Thread#0" [stack: 0x00007fe635232000,0x00007fe635332000] [id=2908]
  0x00007fe63002a000 GCTaskThread "GC Thread#1" [stack: 0x00007fe635130000,0x00007fe635230000] [id=2909]
  0x00007fe63002c000 GCTaskThread "GC Thread#2" [stack: 0x00007fe63502e000,0x00007fe63512e000] [id=2910]
  0x00007fe63002d800 GCTaskThread "GC Thread#3" [stack: 0x00007fe634f2c000,0x00007fe63502c000] [id=2911]
  0x00007fe63002f000 GCTaskThread "GC Thread#4" [stack: 0x00007fe634e2a000,0x00007fe634f2a000] [id=2912]
  0x00007fe630031000 GCTaskThread "GC Thread#5" [stack: 0x00007fe634d28000,0x00007fe634e28000] [id=2913]
  0x00007fe630032800 GCTaskThread "GC Thread#6" [stack: 0x00007fe634c26000,0x00007fe634d26000] [id=2914]
  0x00007fe630034800 GCTaskThread "GC Thread#7" [stack: 0x00007fe634b24000,0x00007fe634c24000] [id=2915]
  0x00007fe63005d800 ConcurrentGCThread "G1 Main Marker" [stack: 0x00007fe63421a000,0x00007fe63431a000] [id=2916]
  0x00007fe63005f800 ConcurrentGCThread "G1 Conc#0" [stack: 0x00007fe634118000,0x00007fe634218000] [id=2917]
  0x00007fe630061000 ConcurrentGCThread "G1 Conc#1" [stack: 0x00007fe634016000,0x00007fe634116000] [id=2918]
  0x00007fe6300c9800 ConcurrentGCThread "G1 Refine#0" [stack: 0x00007fe6147e0000,0x00007fe6148e0000] [id=2919]
  0x00007fe6300cb800 ConcurrentGCThread "G1 Refine#1" [stack: 0x00007fe6146de000,0x00007fe6147de000] [id=2920]
  0x00007fe6300cd000 ConcurrentGCThread "G1 Refine#2" [stack: 0x00007fe6145dc000,0x00007fe6146dc000] [id=2921]
  0x00007fe6300cf000 ConcurrentGCThread "G1 Refine#3" [stack: 0x00007fe6144da000,0x00007fe6145da000] [id=2922]
  0x00007fe6300d0800 ConcurrentGCThread "G1 Refine#4" [stack: 0x00007fe6143d8000,0x00007fe6144d8000] [id=2923]
  0x00007fe6300d2800 ConcurrentGCThread "G1 Refine#5" [stack: 0x00007fe6142d6000,0x00007fe6143d6000] [id=2924]
  0x00007fe6300d4000 ConcurrentGCThread "G1 Refine#6" [stack: 0x00007fe6141d4000,0x00007fe6142d4000] [id=2925]
  0x00007fe6300d6000 ConcurrentGCThread "G1 Refine#7" [stack: 0x00007fe6140d2000,0x00007fe6141d2000] [id=2926]
  0x00007fe6300d7800 ConcurrentGCThread "G1 Young RemSet Sampling" [stack: 0x00007fe5f4048000,0x00007fe5f4148000] [id=2927]

Threads with active compile tasks:

VM state:not at safepoint (normal execution)

VM Mutex/Monitor currently owned by a thread: None

Heap address: 0x0000000085200000, size: 1966 MB, Compressed Oops mode: 32-bit
Narrow klass base: 0x0000000000000000, Narrow klass shift: 3
Compressed class space size: 1073741824 Address: 0x0000000100000000

Heap:
 garbage-first heap   total 126976K, used 1024K [0x0000000085200000, 0x0000000100000000)
  region size 1024K, 2 young (2048K), 0 survivors (0K)
 Metaspace       used 4858K, capacity 4990K, committed 5120K, reserved 1056768K
  class space    used 398K, capacity 430K, committed 512K, reserved 1048576K
Heap Regions: E=young(eden), S=young(survivor), O=old, HS=humongous(starts), HC=humongous(continues), CS=collection set, F=free, A=archive, TS=gc time stamp, AC=allocation context, TAMS=top-at-mark-start (previous, next)
|   0|0x0000000085200000, 0x0000000085200000, 0x0000000085300000|  0%| F|  |TS  0|AC  0|TAMS 0x0000000085200000, 0x0000000085200000|
|   1|0x0000000085300000, 0x0000000085300000, 0x0000000085400000|  0%| F|  |TS  0|AC  0|TAMS 0x0000000085300000, 0x0000000085300000|
|   2|0x0000000085400000, 0x0000000085400000, 0x0000000085500000|  0%| F|  |TS  0|AC  0|TAMS 0x0000000085400000, 0x0000000085400000|
|   3|0x0000000085500000, 0x0000000085500000, 0x0000000085600000|  0%| F|  |TS  0|AC  0|TAMS 0x0000000085500000, 0x0000000085500000|
|   4|0x0000000085600000, 0x0000000085600000, 0x0000000085700000|  0%| F|  |TS  0|AC  0|TAMS 0x0000000085600000, 0x0000000085600000|
|   5|0x0000000085700000, 0x0000000085700000, 0x0000000085800000|  0%| F|  |TS  0|AC  0|TAMS 0x0000000085700000, 0x0000000085700000|
|   6|0x0000000085800000, 0x0000000085800000, 0x0000000085900000|  0%| F|  |TS  0|AC  0|TAMS 0x0000000085800000, 0x0000000085800000|
|   7|0x0000000085900000, 0x0000000085900000, 0x0000000085a00000|  0%| F|  |TS  0|AC  0|TAMS 0x0000000085900000, 0x0000000085900000|
|   8|0x0000000085a00000, 0x0000000085a00000, 0x0000000085b00000|  0%| F|  |TS  0|AC  0|TAMS 0x0000000085a00000, 0x0000000085a00000|
|   9|0x0000000085b00000, 0x0000000085b00000, 0x0000000085c00000|  0%| F|  |TS  0|AC  0|TAMS 0x0000000085b00000, 0x0000000085b00000|
|  10|0x0000000085c00000, 0x0000000085c00000, 0x0000000085d00000|  0%| F|  |TS  0|AC  0|TAMS 0x0000000085c00000, 0x0000000085c00000|
|  11|0x0000000085d00000, 0x0000000085d00000, 0x0000000085e00000|  0%| F|  |TS  0|AC  0|TAMS 0x0000000085d00000, 0x0000000085d00000|
|  12|0x0000000085e00000, 0x0000000085e00000, 0x0000000085f00000|  0%| F|  |TS  0|AC  0|TAMS 0x0000000085e00000, 0x0000000085e00000|
|  13|0x0000000085f00000, 0x0000000085f00000, 0x0000000086000000|  0%| F|  |TS  0|AC  0|TAMS 0x0000000085f00000, 0x0000000085f00000|
|  14|0x0000000086000000, 0x0000000086000000, 0x0000000086100000|  0%| F|  |TS  0|AC  0|TAMS 0x0000000086000000, 0x0000000086000000|
|  15|0x0000000086100000, 0x0000000086100000, 0x0000000086200000|  0%| F|  |TS  0|AC  0|TAMS 0x0000000086100000, 0x0000000086100000|
|  16|0x0000000086200000, 0x0000000086200000, 0x0000000086300000|  0%| F|  |TS  0|AC  0|TAMS 0x0000000086200000, 0x0000000086200000|
|  17|0x0000000086300000, 0x0000000086300000, 0x0000000086400000|  0%| F|  |TS  0|AC  0|TAMS 0x0000000086300000, 0x0000000086300000|
|  18|0x0000000086400000, 0x0000000086400000, 0x0000000086500000|  0%| F|  |TS  0|AC  0|TAMS 0x0000000086400000, 0x0000000086400000|
|  19|0x0000000086500000, 0x0000000086500000, 0x0000000086600000|  0%| F|  |TS  0|AC  0|TAMS 0x0000000086500000, 0x0000000086500000|
|  20|0x0000000086600000, 0x0000000086600000, 0x0000000086700000|  0%| F|  |TS  0|AC  0|TAMS 0x0000000086600000, 0x0000000086600000|
|  21|0x0000000086700000, 0x0000000086700000, 0x0000000086800000|  0%| F|  |TS  0|AC  0|TAMS 0x0000000086700000, 0x0000000086700000|
|  22|0x0000000086800000, 0x0000000086800000, 0x0000000086900000|  0%| F|  |TS  0|AC  0|TAMS 0x0000000086800000, 0x0000000086800000|
|  23|0x0000000086900000, 0x0000000086900000, 0x0000000086a00000|  0%| F|  |TS  0|AC  0|TAMS 0x0000000086900000, 0x0000000086900000|
|  24|0x0000000086a00000, 0x0000000086a00000, 0x0000000086b00000|  0%| F|  |TS  0|AC  0|TAMS 0x0000000086a00000, 0x0000000086a00000|
|  25|0x0000000086b00000, 0x0000000086b00000, 0x0000000086c00000|  0%| F|  |TS  0|AC  0|TAMS 0x0000000086b00000, 0x0000000086b00000|
|  26|0x0000000086c00000, 0x0000000086c00000, 0x0000000086d00000|  0%| F|  |TS  0|AC  0|TAMS 0x0000000086c00000, 0x0000000086c00000|
|  27|0x0000000086d00000, 0x0000000086d00000, 0x0000000086e00000|  0%| F|  |TS  0|AC  0|TAMS 0x0000000086d00000, 0x0000000086d00000|
|  28|0x0000000086e00000, 0x0000000086e00000, 0x0000000086f00000|  0%| F|  |TS  0|AC  0|TAMS 0x0000000086e00000, 0x0000000086e00000|
|  29|0x0000000086f00000, 0x0000000086f00000, 0x0000000087000000|  0%| F|  |TS  0|AC  0|TAMS 0x0000000086f00000, 0x0000000086f00000|
|  30|0x0000000087000000, 0x0000000087000000, 0x0000000087100000|  0%| F|  |TS  0|AC  0|TAMS 0x0000000087000000, 0x0000000087000000|
|  31|0x0000000087100000, 0x0000000087100000, 0x0000000087200000|  0%| F|  |TS  0|AC  0|TAMS 0x0000000087100000, 0x0000000087100000|
|  32|0x0000000087200000, 0x0000000087200000, 0x0000000087300000|  0%| F|  |TS  0|AC  0|TAMS 0x0000000087200000, 0x0000000087200000|
|  33|0x0000000087300000, 0x0000000087300000, 0x0000000087400000|  0%| F|  |TS  0|AC  0|TAMS 0x0000000087300000, 0x0000000087300000|
|  34|0x0000000087400000, 0x0000000087400000, 0x0000000087500000|  0%| F|  |TS  0|AC  0|TAMS 0x0000000087400000, 0x0000000087400000|
|  35|0x0000000087500000, 0x0000000087500000, 0x0000000087600000|  0%| F|  |TS  0|AC  0|TAMS 0x0000000087500000, 0x0000000087500000|
|  36|0x0000000087600000, 0x0000000087600000, 0x0000000087700000|  0%| F|  |TS  0|AC  0|TAMS 0x0000000087600000, 0x0000000087600000|
|  37|0x0000000087700000, 0x0000000087700000, 0x0000000087800000|  0%| F|  |TS  0|AC  0|TAMS 0x0000000087700000, 0x0000000087700000|
|  38|0x0000000087800000, 0x0000000087800000, 0x0000000087900000|  0%| F|  |TS  0|AC  0|TAMS 0x0000000087800000, 0x0000000087800000|
|  39|0x0000000087900000, 0x0000000087900000, 0x0000000087a00000|  0%| F|  |TS  0|AC  0|TAMS 0x0000000087900000, 0x0000000087900000|
|  40|0x0000000087a00000, 0x0000000087a00000, 0x0000000087b00000|  0%| F|  |TS  0|AC  0|TAMS 0x0000000087a00000, 0x0000000087a00000|
|  41|0x0000000087b00000, 0x0000000087b00000, 0x0000000087c00000|  0%| F|  |TS  0|AC  0|TAMS 0x0000000087b00000, 0x0000000087b00000|
|  42|0x0000000087c00000, 0x0000000087c00000, 0x0000000087d00000|  0%| F|  |TS  0|AC  0|TAMS 0x0000000087c00000, 0x0000000087c00000|
|  43|0x0000000087d00000, 0x0000000087d00000, 0x0000000087e00000|  0%| F|  |TS  0|AC  0|TAMS 0x0000000087d00000, 0x0000000087d00000|
|  44|0x0000000087e00000, 0x0000000087e00000, 0x0000000087f00000|  0%| F|  |TS  0|AC  0|TAMS 0x0000000087e00000, 0x0000000087e00000|
|  45|0x0000000087f00000, 0x0000000087f00000, 0x0000000088000000|  0%| F|  |TS  0|AC  0|TAMS 0x0000000087f00000, 0x0000000087f00000|
|  46|0x0000000088000000, 0x0000000088000000, 0x0000000088100000|  0%| F|  |TS  0|AC  0|TAMS 0x0000000088000000, 0x0000000088000000|
|  47|0x0000000088100000, 0x0000000088100000, 0x0000000088200000|  0%| F|  |TS  0|AC  0|TAMS 0x0000000088100000, 0x0000000088100000|
|  48|0x0000000088200000, 0x0000000088200000, 0x0000000088300000|  0%| F|  |TS  0|AC  0|TAMS 0x0000000088200000, 0x0000000088200000|
|  49|0x0000000088300000, 0x0000000088300000, 0x0000000088400000|  0%| F|  |TS  0|AC  0|TAMS 0x0000000088300000, 0x0000000088300000|
|  50|0x0000000088400000, 0x0000000088400000, 0x0000000088500000|  0%| F|  |TS  0|AC  0|TAMS 0x0000000088400000, 0x0000000088400000|
|  51|0x0000000088500000, 0x0000000088500000, 0x0000000088600000|  0%| F|  |TS  0|AC  0|TAMS 0x0000000088500000, 0x0000000088500000|
|  52|0x0000000088600000, 0x0000000088600000, 0x0000000088700000|  0%| F|  |TS  0|AC  0|TAMS 0x0000000088600000, 0x0000000088600000|
|  53|0x0000000088700000, 0x0000000088700000, 0x0000000088800000|  0%| F|  |TS  0|AC  0|TAMS 0x0000000088700000, 0x0000000088700000|
|  54|0x0000000088800000, 0x0000000088800000, 0x0000000088900000|  0%| F|  |TS  0|AC  0|TAMS 0x0000000088800000, 0x0000000088800000|
|  55|0x0000000088900000, 0x0000000088900000, 0x0000000088a00000|  0%| F|  |TS  0|AC  0|TAMS 0x0000000088900000, 0x0000000088900000|
|  56|0x0000000088a00000, 0x0000000088a00000, 0x0000000088b00000|  0%| F|  |TS  0|AC  0|TAMS 0x0000000088a00000, 0x0000000088a00000|
|  57|0x0000000088b00000, 0x0000000088b00000, 0x0000000088c00000|  0%| F|  |TS  0|AC  0|TAMS 0x0000000088b00000, 0x0000000088b00000|
|  58|0x0000000088c00000, 0x0000000088c00000, 0x0000000088d00000|  0%| F|  |TS  0|AC  0|TAMS 0x0000000088c00000, 0x0000000088c00000|
|  59|0x0000000088d00000, 0x0000000088d00000, 0x0000000088e00000|  0%| F|  |TS  0|AC  0|TAMS 0x0000000088d00000, 0x0000000088d00000|
|  60|0x0000000088e00000, 0x0000000088e00000, 0x0000000088f00000|  0%| F|  |TS  0|AC  0|TAMS 0x0000000088e00000, 0x0000000088e00000|
|  61|0x0000000088f00000, 0x0000000088f00000, 0x0000000089000000|  0%| F|  |TS  0|AC  0|TAMS 0x0000000088f00000, 0x0000000088f00000|
|  62|0x0000000089000000, 0x0000000089000000, 0x0000000089100000|  0%| F|  |TS  0|AC  0|TAMS 0x0000000089000000, 0x0000000089000000|
|  63|0x0000000089100000, 0x0000000089100000, 0x0000000089200000|  0%| F|  |TS  0|AC  0|TAMS 0x0000000089100000, 0x0000000089100000|
|  64|0x0000000089200000, 0x0000000089200000, 0x0000000089300000|  0%| F|  |TS  0|AC  0|TAMS 0x0000000089200000, 0x0000000089200000|
|  65|0x0000000089300000, 0x0000000089300000, 0x0000000089400000|  0%| F|  |TS  0|AC  0|TAMS 0x0000000089300000, 0x0000000089300000|
|  66|0x0000000089400000, 0x0000000089400000, 0x0000000089500000|  0%| F|  |TS  0|AC  0|TAMS 0x0000000089400000, 0x0000000089400000|
|  67|0x0000000089500000, 0x0000000089500000, 0x0000000089600000|  0%| F|  |TS  0|AC  0|TAMS 0x0000000089500000, 0x0000000089500000|
|  68|0x0000000089600000, 0x0000000089600000, 0x0000000089700000|  0%| F|  |TS  0|AC  0|TAMS 0x0000000089600000, 0x0000000089600000|
|  69|0x0000000089700000, 0x0000000089700000, 0x0000000089800000|  0%| F|  |TS  0|AC  0|TAMS 0x0000000089700000, 0x0000000089700000|
|  70|0x0000000089800000, 0x0000000089800000, 0x0000000089900000|  0%| F|  |TS  0|AC  0|TAMS 0x0000000089800000, 0x0000000089800000|
|  71|0x0000000089900000, 0x0000000089900000, 0x0000000089a00000|  0%| F|  |TS  0|AC  0|TAMS 0x0000000089900000, 0x0000000089900000|
|  72|0x0000000089a00000, 0x0000000089a00000, 0x0000000089b00000|  0%| F|  |TS  0|AC  0|TAMS 0x0000000089a00000, 0x0000000089a00000|
|  73|0x0000000089b00000, 0x0000000089b00000, 0x0000000089c00000|  0%| F|  |TS  0|AC  0|TAMS 0x0000000089b00000, 0x0000000089b00000|
|  74|0x0000000089c00000, 0x0000000089c00000, 0x0000000089d00000|  0%| F|  |TS  0|AC  0|TAMS 0x0000000089c00000, 0x0000000089c00000|
|  75|0x0000000089d00000, 0x0000000089d00000, 0x0000000089e00000|  0%| F|  |TS  0|AC  0|TAMS 0x0000000089d00000, 0x0000000089d00000|
|  76|0x0000000089e00000, 0x0000000089e00000, 0x0000000089f00000|  0%| F|  |TS  0|AC  0|TAMS 0x0000000089e00000, 0x0000000089e00000|
|  77|0x0000000089f00000, 0x0000000089f00000, 0x000000008a000000|  0%| F|  |TS  0|AC  0|TAMS 0x0000000089f00000, 0x0000000089f00000|
|  78|0x000000008a000000, 0x000000008a000000, 0x000000008a100000|  0%| F|  |TS  0|AC  0|TAMS 0x000000008a000000, 0x000000008a000000|
|  79|0x000000008a100000, 0x000000008a100000, 0x000000008a200000|  0%| F|  |TS  0|AC  0|TAMS 0x000000008a100000, 0x000000008a100000|
|  80|0x000000008a200000, 0x000000008a200000, 0x000000008a300000|  0%| F|  |TS  0|AC  0|TAMS 0x000000008a200000, 0x000000008a200000|
|  81|0x000000008a300000, 0x000000008a300000, 0x000000008a400000|  0%| F|  |TS  0|AC  0|TAMS 0x000000008a300000, 0x000000008a300000|
|  82|0x000000008a400000, 0x000000008a400000, 0x000000008a500000|  0%| F|  |TS  0|AC  0|TAMS 0x000000008a400000, 0x000000008a400000|
|  83|0x000000008a500000, 0x000000008a500000, 0x000000008a600000|  0%| F|  |TS  0|AC  0|TAMS 0x000000008a500000, 0x000000008a500000|
|  84|0x000000008a600000, 0x000000008a600000, 0x000000008a700000|  0%| F|  |TS  0|AC  0|TAMS 0x000000008a600000, 0x000000008a600000|
|  85|0x000000008a700000, 0x000000008a700000, 0x000000008a800000|  0%| F|  |TS  0|AC  0|TAMS 0x000000008a700000, 0x000000008a700000|
|  86|0x000000008a800000, 0x000000008a800000, 0x000000008a900000|  0%| F|  |TS  0|AC  0|TAMS 0x000000008a800000, 0x000000008a800000|
|  87|0x000000008a900000, 0x000000008a900000, 0x000000008aa00000|  0%| F|  |TS  0|AC  0|TAMS 0x000000008a900000, 0x000000008a900000|
|  88|0x000000008aa00000, 0x000000008aa00000, 0x000000008ab00000|  0%| F|  |TS  0|AC  0|TAMS 0x000000008aa00000, 0x000000008aa00000|
|  89|0x000000008ab00000, 0x000000008ab00000, 0x000000008ac00000|  0%| F|  |TS  0|AC  0|TAMS 0x000000008ab00000, 0x000000008ab00000|
|  90|0x000000008ac00000, 0x000000008ac00000, 0x000000008ad00000|  0%| F|  |TS  0|AC  0|TAMS 0x000000008ac00000, 0x000000008ac00000|
|  91|0x000000008ad00000, 0x000000008ad00000, 0x000000008ae00000|  0%| F|  |TS  0|AC  0|TAMS 0x000000008ad00000, 0x000000008ad00000|
|  92|0x000000008ae00000, 0x000000008ae00000, 0x000000008af00000|  0%| F|  |TS  0|AC  0|TAMS 0x000000008ae00000, 0x000000008ae00000|
|  93|0x000000008af00000, 0x000000008af00000, 0x000000008b000000|  0%| F|  |TS  0|AC  0|TAMS 0x000000008af00000, 0x000000008af00000|
|  94|0x000000008b000000, 0x000000008b000000, 0x000000008b100000|  0%| F|  |TS  0|AC  0|TAMS 0x000000008b000000, 0x000000008b000000|
|  95|0x000000008b100000, 0x000000008b100000, 0x000000008b200000|  0%| F|  |TS  0|AC  0|TAMS 0x000000008b100000, 0x000000008b100000|
|  96|0x000000008b200000, 0x000000008b200000, 0x000000008b300000|  0%| F|  |TS  0|AC  0|TAMS 0x000000008b200000, 0x000000008b200000|
|  97|0x000000008b300000, 0x000000008b300000, 0x000000008b400000|  0%| F|  |TS  0|AC  0|TAMS 0x000000008b300000, 0x000000008b300000|
|  98|0x000000008b400000, 0x000000008b400000, 0x000000008b500000|  0%| F|  |TS  0|AC  0|TAMS 0x000000008b400000, 0x000000008b400000|
|  99|0x000000008b500000, 0x000000008b500000, 0x000000008b600000|  0%| F|  |TS  0|AC  0|TAMS 0x000000008b500000, 0x000000008b500000|
| 100|0x000000008b600000, 0x000000008b600000, 0x000000008b700000|  0%| F|  |TS  0|AC  0|TAMS 0x000000008b600000, 0x000000008b600000|
| 101|0x000000008b700000, 0x000000008b700000, 0x000000008b800000|  0%| F|  |TS  0|AC  0|TAMS 0x000000008b700000, 0x000000008b700000|
| 102|0x000000008b800000, 0x000000008b800000, 0x000000008b900000|  0%| F|  |TS  0|AC  0|TAMS 0x000000008b800000, 0x000000008b800000|
| 103|0x000000008b900000, 0x000000008b900000, 0x000000008ba00000|  0%| F|  |TS  0|AC  0|TAMS 0x000000008b900000, 0x000000008b900000|
| 104|0x000000008ba00000, 0x000000008ba00000, 0x000000008bb00000|  0%| F|  |TS  0|AC  0|TAMS 0x000000008ba00000, 0x000000008ba00000|
| 105|0x000000008bb00000, 0x000000008bb00000, 0x000000008bc00000|  0%| F|  |TS  0|AC  0|TAMS 0x000000008bb00000, 0x000000008bb00000|
| 106|0x000000008bc00000, 0x000000008bc00000, 0x000000008bd00000|  0%| F|  |TS  0|AC  0|TAMS 0x000000008bc00000, 0x000000008bc00000|
| 107|0x000000008bd00000, 0x000000008bd00000, 0x000000008be00000|  0%| F|  |TS  0|AC  0|TAMS 0x000000008bd00000, 0x000000008bd00000|
| 108|0x000000008be00000, 0x000000008be00000, 0x000000008bf00000|  0%| F|  |TS  0|AC  0|TAMS 0x000000008be00000, 0x000000008be00000|
| 109|0x000000008bf00000, 0x000000008bf00000, 0x000000008c000000|  0%| F|  |TS  0|AC  0|TAMS 0x000000008bf00000, 0x000000008bf00000|
| 110|0x000000008c000000, 0x000000008c000000, 0x000000008c100000|  0%| F|  |TS  0|AC  0|TAMS 0x000000008c000000, 0x000000008c000000|
| 111|0x000000008c100000, 0x000000008c100000, 0x000000008c200000|  0%| F|  |TS  0|AC  0|TAMS 0x000000008c100000, 0x000000008c100000|
| 112|0x000000008c200000, 0x000000008c200000, 0x000000008c300000|  0%| F|  |TS  0|AC  0|TAMS 0x000000008c200000, 0x000000008c200000|
| 113|0x000000008c300000, 0x000000008c300000, 0x000000008c400000|  0%| F|  |TS  0|AC  0|TAMS 0x000000008c300000, 0x000000008c300000|
| 114|0x000000008c400000, 0x000000008c400000, 0x000000008c500000|  0%| F|  |TS  0|AC  0|TAMS 0x000000008c400000, 0x000000008c400000|
| 115|0x000000008c500000, 0x000000008c500000, 0x000000008c600000|  0%| F|  |TS  0|AC  0|TAMS 0x000000008c500000, 0x000000008c500000|
| 116|0x000000008c600000, 0x000000008c600000, 0x000000008c700000|  0%| F|  |TS  0|AC  0|TAMS 0x000000008c600000, 0x000000008c600000|
| 117|0x000000008c700000, 0x000000008c700000, 0x000000008c800000|  0%| F|  |TS  0|AC  0|TAMS 0x000000008c700000, 0x000000008c700000|
| 118|0x000000008c800000, 0x000000008c800000, 0x000000008c900000|  0%| F|  |TS  0|AC  0|TAMS 0x000000008c800000, 0x000000008c800000|
| 119|0x000000008c900000, 0x000000008c900000, 0x000000008ca00000|  0%| F|  |TS  0|AC  0|TAMS 0x000000008c900000, 0x000000008c900000|
| 120|0x000000008ca00000, 0x000000008ca00000, 0x000000008cb00000|  0%| F|  |TS  0|AC  0|TAMS 0x000000008ca00000, 0x000000008ca00000|
| 121|0x000000008cb00000, 0x000000008cb00000, 0x000000008cc00000|  0%| F|  |TS  0|AC  0|TAMS 0x000000008cb00000, 0x000000008cb00000|
| 122|0x000000008cc00000, 0x000000008ccf6478, 0x000000008cd00000| 96%| E|  |TS  0|AC  0|TAMS 0x000000008cc00000, 0x000000008cc00000|
| 123|0x000000008cd00000, 0x000000008ce00000, 0x000000008ce00000|100%| E|CS|TS  0|AC  0|TAMS 0x000000008cd00000, 0x000000008cd00000|

Card table byte_map: [0x00007fe617377000,0x00007fe61774e000] byte_map_base: 0x00007fe616f4e000

Marking Bits (Prev, Next): (CMBitMap*) 0x00007fe63005ce80, (CMBitMap*) 0x00007fe63005ceb8
 Prev Bits: [0x00007fe6150e8000, 0x00007fe616fa0000)
 Next Bits: [0x00007fe5f6148000, 0x00007fe5f8000000)

Polling page: 0x00007fe639222000

CodeHeap 'non-profiled nmethods': size=120032Kb used=22Kb max_used=22Kb free=120009Kb
 bounds [0x00007fe61f5ed000, 0x00007fe61f85d000, 0x00007fe626b25000]
CodeHeap 'profiled nmethods': size=120028Kb used=135Kb max_used=135Kb free=119893Kb
 bounds [0x00007fe6180b6000, 0x00007fe618326000, 0x00007fe61f5ed000]
CodeHeap 'non-nmethods': size=5700Kb used=1018Kb max_used=1018Kb free=4681Kb
 bounds [0x00007fe617b25000, 0x00007fe617d95000, 0x00007fe6180b6000]
 total_blobs=464 nmethods=99 adapters=222
 compilation: enabled

Compilation events (10 events):
Event: 0.091 Thread 0x00007fe63015e800 nmethod 95 0x00007fe6180d4990 code [0x00007fe6180d4b60, 0x00007fe6180d4f70]
Event: 0.091 Thread 0x00007fe63015e800   96       3       java.lang.StringBuilder::append (8 bytes)
Event: 0.091 Thread 0x00007fe63015e800 nmethod 96 0x00007fe6180d5110 code [0x00007fe6180d52c0, 0x00007fe6180d5468]
Event: 0.091 Thread 0x00007fe63015e800   97       3       java.lang.AbstractStringBuilder::append (45 bytes)
Event: 0.092 Thread 0x00007fe63015e800 nmethod 97 0x00007fe6180d5510 code [0x00007fe6180d5740, 0x00007fe6180d5cb8]
Event: 0.092 Thread 0x00007fe63015e800   98       3       java.lang.Character::toLowerCase (9 bytes)
Event: 0.092 Thread 0x00007fe63015e800 nmethod 98 0x00007fe6180d5f10 code [0x00007fe6180d60e0, 0x00007fe6180d6318]
Event: 0.092 Thread 0x00007fe63015e800   99       3       java.lang.CharacterDataLatin1::toLowerCase (39 bytes)
Event: 0.093 Thread 0x00007fe63015e800 nmethod 99 0x00007fe6180d6410 code [0x00007fe6180d65e0, 0x00007fe6180d6870]
Event: 0.095 Thread 0x00007fe63015e800  100       3       java.util.Arrays::copyOfRange (63 bytes)

GC Heap History (0 events):
No events

Deoptimization events (1 events):
Event: 0.060 Thread 0x00007fe630012000 Uncommon trap: reason=unstable_if action=reinterpret pc=0x00007fe61f5f21ec method=java.lang.String.hashCode()I @ 14 c2

Classes redefined (0 events):
No events

Internal exceptions (0 events):
No events

Events (10 events):
Event: 0.091 loading class com/cyberbotics/webots/controller/Mouse
Event: 0.091 loading class com/cyberbotics/webots/controller/Mouse done
Event: 0.091 loading class com/cyberbotics/webots/controller/Camera
Event: 0.091 loading class com/cyberbotics/webots/controller/Camera done
Event: 0.092 loading class com/cyberbotics/webots/controller/Device
Event: 0.092 loading class com/cyberbotics/webots/controller/Device done
Event: 0.092 loading class com/cyberbotics/webots/controller/DistanceSensor
Event: 0.092 loading class com/cyberbotics/webots/controller/DistanceSensor done
Event: 0.092 loading class com/cyberbotics/webots/controller/Motion
Event: 0.092 loading class com/cyberbotics/webots/controller/Motion done


Dynamic libraries:
85200000-8ce00000 rw-p 00000000 00:00 0 
8ce00000-100000000 ---p 00000000 00:00 0 
100000000-100080000 rw-p 00000000 00:00 0 
100080000-140000000 ---p 00000000 00:00 0 
5646ba63f000-5646ba640000 r-xp 00000000 08:01 23598097                   /usr/lib/jvm/java-11-openjdk-amd64/bin/java
5646ba840000-5646ba841000 r--p 00001000 08:01 23598097                   /usr/lib/jvm/java-11-openjdk-amd64/bin/java
5646ba841000-5646ba842000 rw-p 00002000 08:01 23598097                   /usr/lib/jvm/java-11-openjdk-amd64/bin/java
5646bc129000-5646bc14a000 rw-p 00000000 00:00 0                          [heap]
7fe588000000-7fe588021000 rw-p 00000000 00:00 0 
7fe588021000-7fe58c000000 ---p 00000000 00:00 0 
7fe590000000-7fe590021000 rw-p 00000000 00:00 0 
7fe590021000-7fe594000000 ---p 00000000 00:00 0 
7fe594000000-7fe594021000 rw-p 00000000 00:00 0 
7fe594021000-7fe598000000 ---p 00000000 00:00 0 
7fe598000000-7fe59808e000 rw-p 00000000 00:00 0 
7fe59808e000-7fe59c000000 ---p 00000000 00:00 0 
7fe59c000000-7fe59c021000 rw-p 00000000 00:00 0 
7fe59c021000-7fe5a0000000 ---p 00000000 00:00 0 
7fe5a0000000-7fe5a0021000 rw-p 00000000 00:00 0 
7fe5a0021000-7fe5a4000000 ---p 00000000 00:00 0 
7fe5a4000000-7fe5a4021000 rw-p 00000000 00:00 0 
7fe5a4021000-7fe5a8000000 ---p 00000000 00:00 0 
7fe5a8000000-7fe5a8021000 rw-p 00000000 00:00 0 
7fe5a8021000-7fe5ac000000 ---p 00000000 00:00 0 
7fe5ac000000-7fe5ac046000 rw-p 00000000 00:00 0 
7fe5ac046000-7fe5b0000000 ---p 00000000 00:00 0 
7fe5b0000000-7fe5b0021000 rw-p 00000000 00:00 0 
7fe5b0021000-7fe5b4000000 ---p 00000000 00:00 0 
7fe5b4000000-7fe5b4021000 rw-p 00000000 00:00 0 
7fe5b4021000-7fe5b8000000 ---p 00000000 00:00 0 
7fe5b8000000-7fe5b8021000 rw-p 00000000 00:00 0 
7fe5b8021000-7fe5bc000000 ---p 00000000 00:00 0 
7fe5bc000000-7fe5bc021000 rw-p 00000000 00:00 0 
7fe5bc021000-7fe5c0000000 ---p 00000000 00:00 0 
7fe5c102f000-7fe5c1032000 r-xp 00000000 08:01 26486645                   /home/pc/Downloads/webots/resources/projects/plugins/robot_windows/generic/libgeneric.so
7fe5c1032000-7fe5c1231000 ---p 00003000 08:01 26486645                   /home/pc/Downloads/webots/resources/projects/plugins/robot_windows/generic/libgeneric.so
7fe5c1231000-7fe5c1232000 r--p 00002000 08:01 26486645                   /home/pc/Downloads/webots/resources/projects/plugins/robot_windows/generic/libgeneric.so
7fe5c1232000-7fe5c1233000 rw-p 00003000 08:01 26486645                   /home/pc/Downloads/webots/resources/projects/plugins/robot_windows/generic/libgeneric.so
7fe5c1233000-7fe5c123e000 r-xp 00000000 08:01 27920412                   /home/pc/Downloads/webots/lib/libjbig.so.0
7fe5c123e000-7fe5c143d000 ---p 0000b000 08:01 27920412                   /home/pc/Downloads/webots/lib/libjbig.so.0
7fe5c143d000-7fe5c143e000 r--p 0000a000 08:01 27920412                   /home/pc/Downloads/webots/lib/libjbig.so.0
7fe5c143e000-7fe5c1441000 rw-p 0000b000 08:01 27920412                   /home/pc/Downloads/webots/lib/libjbig.so.0
7fe5c1441000-7fe5c1465000 r-xp 00000000 08:01 14684814                   /lib/x86_64-linux-gnu/liblzma.so.5.2.2
7fe5c1465000-7fe5c1665000 ---p 00024000 08:01 14684814                   /lib/x86_64-linux-gnu/liblzma.so.5.2.2
7fe5c1665000-7fe5c1666000 r--p 00024000 08:01 14684814                   /lib/x86_64-linux-gnu/liblzma.so.5.2.2
7fe5c1666000-7fe5c1667000 rw-p 00025000 08:01 14684814                   /lib/x86_64-linux-gnu/liblzma.so.5.2.2
7fe5c1667000-7fe5c168b000 r-xp 00000000 08:01 27920444                   /home/pc/Downloads/webots/lib/libpng12.so.0
7fe5c168b000-7fe5c188a000 ---p 00024000 08:01 27920444                   /home/pc/Downloads/webots/lib/libpng12.so.0
7fe5c188a000-7fe5c188b000 r--p 00023000 08:01 27920444                   /home/pc/Downloads/webots/lib/libpng12.so.0
7fe5c188b000-7fe5c188c000 rw-p 00024000 08:01 27920444                   /home/pc/Downloads/webots/lib/libpng12.so.0
7fe5c188c000-7fe5c18e3000 r-xp 00000000 08:01 27920405                   /home/pc/Downloads/webots/lib/libjpeg.so.8
7fe5c18e3000-7fe5c1ae3000 ---p 00057000 08:01 27920405                   /home/pc/Downloads/webots/lib/libjpeg.so.8
7fe5c1ae3000-7fe5c1ae4000 r--p 00057000 08:01 27920405                   /home/pc/Downloads/webots/lib/libjpeg.so.8
7fe5c1ae4000-7fe5c1ae5000 rw-p 00058000 08:01 27920405                   /home/pc/Downloads/webots/lib/libjpeg.so.8
7fe5c1ae5000-7fe5c1b56000 r-xp 00000000 08:01 27920407                   /home/pc/Downloads/webots/lib/libtiff.so.5
7fe5c1b56000-7fe5c1d56000 ---p 00071000 08:01 27920407                   /home/pc/Downloads/webots/lib/libtiff.so.5
7fe5c1d56000-7fe5c1d57000 r--p 00071000 08:01 27920407                   /home/pc/Downloads/webots/lib/libtiff.so.5
7fe5c1d57000-7fe5c1d5a000 rw-p 00072000 08:01 27920407                   /home/pc/Downloads/webots/lib/libtiff.so.5
7fe5c1d5a000-7fe5c1da6000 r-xp 00000000 08:01 27920416                   /home/pc/Downloads/webots/lib/libController.so
7fe5c1da6000-7fe5c1fa5000 ---p 0004c000 08:01 27920416                   /home/pc/Downloads/webots/lib/libController.so
7fe5c1fa5000-7fe5c1fa6000 r--p 0004b000 08:01 27920416                   /home/pc/Downloads/webots/lib/libController.so
7fe5c1fa6000-7fe5c1fa7000 rw-p 0004c000 08:01 27920416                   /home/pc/Downloads/webots/lib/libController.so
7fe5c1fa7000-7fe5c1fa8000 rw-p 00000000 00:00 0 
7fe5c1fa8000-7fe5c1fe2000 r-xp 00000000 08:01 27920467                   /home/pc/Downloads/webots/lib/libCppController.so
7fe5c1fe2000-7fe5c21e1000 ---p 0003a000 08:01 27920467                   /home/pc/Downloads/webots/lib/libCppController.so
7fe5c21e1000-7fe5c21e3000 r--p 00039000 08:01 27920467                   /home/pc/Downloads/webots/lib/libCppController.so
7fe5c21e3000-7fe5c21e5000 rw-p 0003b000 08:01 27920467                   /home/pc/Downloads/webots/lib/libCppController.so
7fe5c21e5000-7fe5c2221000 r-xp 00000000 08:01 27920367                   /home/pc/Downloads/webots/lib/java/libJavaController.so
7fe5c2221000-7fe5c2420000 ---p 0003c000 08:01 27920367                   /home/pc/Downloads/webots/lib/java/libJavaController.so
7fe5c2420000-7fe5c2421000 r--p 0003b000 08:01 27920367                   /home/pc/Downloads/webots/lib/java/libJavaController.so
7fe5c2421000-7fe5c2422000 rw-p 0003c000 08:01 27920367                   /home/pc/Downloads/webots/lib/java/libJavaController.so
7fe5c2422000-7fe5c2439000 r-xp 00000000 08:01 23598500                   /usr/lib/jvm/java-11-openjdk-amd64/lib/libnet.so
7fe5c2439000-7fe5c2638000 ---p 00017000 08:01 23598500                   /usr/lib/jvm/java-11-openjdk-amd64/lib/libnet.so
7fe5c2638000-7fe5c2639000 r--p 00016000 08:01 23598500                   /usr/lib/jvm/java-11-openjdk-amd64/lib/libnet.so
7fe5c2639000-7fe5c263a000 rw-p 00017000 08:01 23598500                   /usr/lib/jvm/java-11-openjdk-amd64/lib/libnet.so
7fe5c263a000-7fe5c264b000 r-xp 00000000 08:01 23598501                   /usr/lib/jvm/java-11-openjdk-amd64/lib/libnio.so
7fe5c264b000-7fe5c284a000 ---p 00011000 08:01 23598501                   /usr/lib/jvm/java-11-openjdk-amd64/lib/libnio.so
7fe5c284a000-7fe5c284b000 r--p 00010000 08:01 23598501                   /usr/lib/jvm/java-11-openjdk-amd64/lib/libnio.so
7fe5c284b000-7fe5c284c000 rw-p 00011000 08:01 23598501                   /usr/lib/jvm/java-11-openjdk-amd64/lib/libnio.so
7fe5c284c000-7fe5c2850000 ---p 00000000 00:00 0 
7fe5c2850000-7fe5c294d000 rw-p 00000000 00:00 0 
7fe5c294d000-7fe5c294e000 ---p 00000000 00:00 0 
7fe5c294e000-7fe5c2a4f000 rw-p 00000000 00:00 0 
7fe5c2a4f000-7fe5c2a53000 ---p 00000000 00:00 0 
7fe5c2a53000-7fe5c2b50000 rw-p 00000000 00:00 0 
7fe5c2b50000-7fe5c2b54000 ---p 00000000 00:00 0 
7fe5c2b54000-7fe5c2c51000 rw-p 00000000 00:00 0 
7fe5c2c51000-7fe5c2c55000 ---p 00000000 00:00 0 
7fe5c2c55000-7fe5c2d52000 rw-p 00000000 00:00 0 
7fe5c2d52000-7fe5c2d56000 ---p 00000000 00:00 0 
7fe5c2d56000-7fe5c2e53000 rw-p 00000000 00:00 0 
7fe5c2e53000-7fe5c2e57000 ---p 00000000 00:00 0 
7fe5c2e57000-7fe5c2f54000 rw-p 00000000 00:00 0 
7fe5c2f54000-7fe5c2f58000 ---p 00000000 00:00 0 
7fe5c2f58000-7fe5c3055000 rw-p 00000000 00:00 0 
7fe5c3055000-7fe5c3059000 ---p 00000000 00:00 0 
7fe5c3059000-7fe5c3156000 rw-p 00000000 00:00 0 
7fe5c3156000-7fe5c3486000 r--p 00000000 08:01 23598983                   /usr/lib/locale/locale-archive
7fe5c3486000-7fe5c348a000 ---p 00000000 00:00 0 
7fe5c348a000-7fe5c3587000 rw-p 00000000 00:00 0 
7fe5c3587000-7fe5c358b000 ---p 00000000 00:00 0 
7fe5c358b000-7fe5c3688000 rw-p 00000000 00:00 0 
7fe5c3688000-7fe5c3689000 ---p 00000000 00:00 0 
7fe5c3689000-7fe5c3c80000 rw-p 00000000 00:00 0 
7fe5c3c80000-7fe5c4000000 ---p 00000000 00:00 0 
7fe5c4000000-7fe5c4021000 rw-p 00000000 00:00 0 
7fe5c4021000-7fe5c8000000 ---p 00000000 00:00 0 
7fe5c8000000-7fe5c8021000 rw-p 00000000 00:00 0 
7fe5c8021000-7fe5cc000000 ---p 00000000 00:00 0 
7fe5cc000000-7fe5cc021000 rw-p 00000000 00:00 0 
7fe5cc021000-7fe5d0000000 ---p 00000000 00:00 0 
7fe5d0000000-7fe5d0021000 rw-p 00000000 00:00 0 
7fe5d0021000-7fe5d4000000 ---p 00000000 00:00 0 
7fe5d4000000-7fe5d4021000 rw-p 00000000 00:00 0 
7fe5d4021000-7fe5d8000000 ---p 00000000 00:00 0 
7fe5d8000000-7fe5d8021000 rw-p 00000000 00:00 0 
7fe5d8021000-7fe5dc000000 ---p 00000000 00:00 0 
7fe5dc000000-7fe5dc021000 rw-p 00000000 00:00 0 
7fe5dc021000-7fe5e0000000 ---p 00000000 00:00 0 
7fe5e0000000-7fe5e0021000 rw-p 00000000 00:00 0 
7fe5e0021000-7fe5e4000000 ---p 00000000 00:00 0 
7fe5e4000000-7fe5e4021000 rw-p 00000000 00:00 0 
7fe5e4021000-7fe5e8000000 ---p 00000000 00:00 0 
7fe5e8000000-7fe5e8021000 rw-p 00000000 00:00 0 
7fe5e8021000-7fe5ec000000 ---p 00000000 00:00 0 
7fe5ec000000-7fe5ec021000 rw-p 00000000 00:00 0 
7fe5ec021000-7fe5f0000000 ---p 00000000 00:00 0 
7fe5f0000000-7fe5f0021000 rw-p 00000000 00:00 0 
7fe5f0021000-7fe5f4000000 ---p 00000000 00:00 0 
7fe5f4046000-7fe5f4047000 ---p 00000000 00:00 0 
7fe5f4047000-7fe5f6338000 rw-p 00000000 00:00 0 
7fe5f6338000-7fe5f8000000 ---p 00000000 00:00 0 
7fe5f8000000-7fe5f8021000 rw-p 00000000 00:00 0 
7fe5f8021000-7fe5fc000000 ---p 00000000 00:00 0 
7fe5fc000000-7fe5fc021000 rw-p 00000000 00:00 0 
7fe5fc021000-7fe600000000 ---p 00000000 00:00 0 
7fe600000000-7fe600021000 rw-p 00000000 00:00 0 
7fe600021000-7fe604000000 ---p 00000000 00:00 0 
7fe604000000-7fe604021000 rw-p 00000000 00:00 0 
7fe604021000-7fe608000000 ---p 00000000 00:00 0 
7fe608000000-7fe608021000 rw-p 00000000 00:00 0 
7fe608021000-7fe60c000000 ---p 00000000 00:00 0 
7fe60c000000-7fe60c021000 rw-p 00000000 00:00 0 
7fe60c021000-7fe610000000 ---p 00000000 00:00 0 
7fe610000000-7fe610021000 rw-p 00000000 00:00 0 
7fe610021000-7fe614000000 ---p 00000000 00:00 0 
7fe61401c000-7fe6140d0000 rw-p 00000000 00:00 0 
7fe6140d0000-7fe6140d1000 ---p 00000000 00:00 0 
7fe6140d1000-7fe6141d2000 rw-p 00000000 00:00 0 
7fe6141d2000-7fe6141d3000 ---p 00000000 00:00 0 
7fe6141d3000-7fe6142d4000 rw-p 00000000 00:00 0 
7fe6142d4000-7fe6142d5000 ---p 00000000 00:00 0 
7fe6142d5000-7fe6143d6000 rw-p 00000000 00:00 0 
7fe6143d6000-7fe6143d7000 ---p 00000000 00:00 0 
7fe6143d7000-7fe6144d8000 rw-p 00000000 00:00 0 
7fe6144d8000-7fe6144d9000 ---p 00000000 00:00 0 
7fe6144d9000-7fe6145da000 rw-p 00000000 00:00 0 
7fe6145da000-7fe6145db000 ---p 00000000 00:00 0 
7fe6145db000-7fe6146dc000 rw-p 00000000 00:00 0 
7fe6146dc000-7fe6146dd000 ---p 00000000 00:00 0 
7fe6146dd000-7fe6147de000 rw-p 00000000 00:00 0 
7fe6147de000-7fe6147df000 ---p 00000000 00:00 0 
7fe6147df000-7fe6152d8000 rw-p 00000000 00:00 0 
7fe6152d8000-7fe616fa0000 ---p 00000000 00:00 0 
7fe616fa0000-7fe616fde000 rw-p 00000000 00:00 0 
7fe616fde000-7fe617377000 ---p 00000000 00:00 0 
7fe617377000-7fe6173b5000 rw-p 00000000 00:00 0 
7fe6173b5000-7fe61774e000 ---p 00000000 00:00 0 
7fe61774e000-7fe61778c000 rw-p 00000000 00:00 0 
7fe61778c000-7fe617b25000 ---p 00000000 00:00 0 
7fe617b25000-7fe617d95000 rwxp 00000000 00:00 0 
7fe617d95000-7fe6180b6000 ---p 00000000 00:00 0 
7fe6180b6000-7fe618326000 rwxp 00000000 00:00 0 
7fe618326000-7fe61f5ed000 ---p 00000000 00:00 0 
7fe61f5ed000-7fe61f85d000 rwxp 00000000 00:00 0 
7fe61f85d000-7fe626b25000 ---p 00000000 00:00 0 
7fe626b25000-7fe630000000 r--s 00000000 08:01 23598511                   /usr/lib/jvm/java-11-openjdk-amd64/lib/modules
7fe630000000-7fe63027d000 rw-p 00000000 00:00 0 
7fe63027d000-7fe634000000 ---p 00000000 00:00 0 
7fe634014000-7fe634015000 ---p 00000000 00:00 0 
7fe634015000-7fe634116000 rw-p 00000000 00:00 0 
7fe634116000-7fe634117000 ---p 00000000 00:00 0 
7fe634117000-7fe634218000 rw-p 00000000 00:00 0 
7fe634218000-7fe634219000 ---p 00000000 00:00 0 
7fe634219000-7fe634b22000 rw-p 00000000 00:00 0 
7fe634b22000-7fe634b23000 ---p 00000000 00:00 0 
7fe634b23000-7fe634c24000 rw-p 00000000 00:00 0 
7fe634c24000-7fe634c25000 ---p 00000000 00:00 0 
7fe634c25000-7fe634d26000 rw-p 00000000 00:00 0 
7fe634d26000-7fe634d27000 ---p 00000000 00:00 0 
7fe634d27000-7fe634e28000 rw-p 00000000 00:00 0 
7fe634e28000-7fe634e29000 ---p 00000000 00:00 0 
7fe634e29000-7fe634f2a000 rw-p 00000000 00:00 0 
7fe634f2a000-7fe634f2b000 ---p 00000000 00:00 0 
7fe634f2b000-7fe63502c000 rw-p 00000000 00:00 0 
7fe63502c000-7fe63502d000 ---p 00000000 00:00 0 
7fe63502d000-7fe63512e000 rw-p 00000000 00:00 0 
7fe63512e000-7fe63512f000 ---p 00000000 00:00 0 
7fe63512f000-7fe635230000 rw-p 00000000 00:00 0 
7fe635230000-7fe635231000 ---p 00000000 00:00 0 
7fe635231000-7fe635337000 rw-p 00000000 00:00 0 
7fe635337000-7fe63541d000 ---p 00000000 00:00 0 
7fe63541d000-7fe635422000 rw-p 00000000 00:00 0 
7fe635422000-7fe635508000 ---p 00000000 00:00 0 
7fe635508000-7fe63550d000 r-xp 00000000 08:01 23598491                   /usr/lib/jvm/java-11-openjdk-amd64/lib/libjimage.so
7fe63550d000-7fe63570c000 ---p 00005000 08:01 23598491                   /usr/lib/jvm/java-11-openjdk-amd64/lib/libjimage.so
7fe63570c000-7fe63570d000 r--p 00004000 08:01 23598491                   /usr/lib/jvm/java-11-openjdk-amd64/lib/libjimage.so
7fe63570d000-7fe63570e000 rw-p 00005000 08:01 23598491                   /usr/lib/jvm/java-11-openjdk-amd64/lib/libjimage.so
7fe63570e000-7fe635715000 r-xp 00000000 08:01 23598510                   /usr/lib/jvm/java-11-openjdk-amd64/lib/libzip.so
7fe635715000-7fe635914000 ---p 00007000 08:01 23598510                   /usr/lib/jvm/java-11-openjdk-amd64/lib/libzip.so
7fe635914000-7fe635915000 r--p 00006000 08:01 23598510                   /usr/lib/jvm/java-11-openjdk-amd64/lib/libzip.so
7fe635915000-7fe635916000 rw-p 00007000 08:01 23598510                   /usr/lib/jvm/java-11-openjdk-amd64/lib/libzip.so
7fe635916000-7fe635921000 r-xp 00000000 08:01 14684844                   /lib/x86_64-linux-gnu/libnss_files-2.27.so
7fe635921000-7fe635b20000 ---p 0000b000 08:01 14684844                   /lib/x86_64-linux-gnu/libnss_files-2.27.so
7fe635b20000-7fe635b21000 r--p 0000a000 08:01 14684844                   /lib/x86_64-linux-gnu/libnss_files-2.27.so
7fe635b21000-7fe635b22000 rw-p 0000b000 08:01 14684844                   /lib/x86_64-linux-gnu/libnss_files-2.27.so
7fe635b22000-7fe635b28000 rw-p 00000000 00:00 0 
7fe635b28000-7fe635b3f000 r-xp 00000000 08:01 14684838                   /lib/x86_64-linux-gnu/libnsl-2.27.so
7fe635b3f000-7fe635d3e000 ---p 00017000 08:01 14684838                   /lib/x86_64-linux-gnu/libnsl-2.27.so
7fe635d3e000-7fe635d3f000 r--p 00016000 08:01 14684838                   /lib/x86_64-linux-gnu/libnsl-2.27.so
7fe635d3f000-7fe635d40000 rw-p 00017000 08:01 14684838                   /lib/x86_64-linux-gnu/libnsl-2.27.so
7fe635d40000-7fe635d42000 rw-p 00000000 00:00 0 
7fe635d42000-7fe635d4d000 r-xp 00000000 08:01 14684855                   /lib/x86_64-linux-gnu/libnss_nis-2.27.so
7fe635d4d000-7fe635f4c000 ---p 0000b000 08:01 14684855                   /lib/x86_64-linux-gnu/libnss_nis-2.27.so
7fe635f4c000-7fe635f4d000 r--p 0000a000 08:01 14684855                   /lib/x86_64-linux-gnu/libnss_nis-2.27.so
7fe635f4d000-7fe635f4e000 rw-p 0000b000 08:01 14684855                   /lib/x86_64-linux-gnu/libnss_nis-2.27.so
7fe635f4e000-7fe635f56000 r-xp 00000000 08:01 14684840                   /lib/x86_64-linux-gnu/libnss_compat-2.27.so
7fe635f56000-7fe636156000 ---p 00008000 08:01 14684840                   /lib/x86_64-linux-gnu/libnss_compat-2.27.so
7fe636156000-7fe636157000 r--p 00008000 08:01 14684840                   /lib/x86_64-linux-gnu/libnss_compat-2.27.so
7fe636157000-7fe636158000 rw-p 00009000 08:01 14684840                   /lib/x86_64-linux-gnu/libnss_compat-2.27.so
7fe636158000-7fe636184000 r-xp 00000000 08:01 23598487                   /usr/lib/jvm/java-11-openjdk-amd64/lib/libjava.so
7fe636184000-7fe636383000 ---p 0002c000 08:01 23598487                   /usr/lib/jvm/java-11-openjdk-amd64/lib/libjava.so
7fe636383000-7fe636384000 r--p 0002b000 08:01 23598487                   /usr/lib/jvm/java-11-openjdk-amd64/lib/libjava.so
7fe636384000-7fe636386000 rw-p 0002c000 08:01 23598487                   /usr/lib/jvm/java-11-openjdk-amd64/lib/libjava.so
7fe636386000-7fe636393000 r-xp 00000000 08:01 23598509                   /usr/lib/jvm/java-11-openjdk-amd64/lib/libverify.so
7fe636393000-7fe636592000 ---p 0000d000 08:01 23598509                   /usr/lib/jvm/java-11-openjdk-amd64/lib/libverify.so
7fe636592000-7fe636594000 r--p 0000c000 08:01 23598509                   /usr/lib/jvm/java-11-openjdk-amd64/lib/libverify.so
7fe636594000-7fe636595000 rw-p 0000e000 08:01 23598509                   /usr/lib/jvm/java-11-openjdk-amd64/lib/libverify.so
7fe636595000-7fe63659c000 r-xp 00000000 08:01 14684895                   /lib/x86_64-linux-gnu/librt-2.27.so
7fe63659c000-7fe63679b000 ---p 00007000 08:01 14684895                   /lib/x86_64-linux-gnu/librt-2.27.so
7fe63679b000-7fe63679c000 r--p 00006000 08:01 14684895                   /lib/x86_64-linux-gnu/librt-2.27.so
7fe63679c000-7fe63679d000 rw-p 00007000 08:01 14684895                   /lib/x86_64-linux-gnu/librt-2.27.so
7fe63679d000-7fe6367b4000 r-xp 00000000 08:01 14684791                   /lib/x86_64-linux-gnu/libgcc_s.so.1
7fe6367b4000-7fe6369b3000 ---p 00017000 08:01 14684791                   /lib/x86_64-linux-gnu/libgcc_s.so.1
7fe6369b3000-7fe6369b4000 r--p 00016000 08:01 14684791                   /lib/x86_64-linux-gnu/libgcc_s.so.1
7fe6369b4000-7fe6369b5000 rw-p 00017000 08:01 14684791                   /lib/x86_64-linux-gnu/libgcc_s.so.1
7fe6369b5000-7fe636b52000 r-xp 00000000 08:01 14684817                   /lib/x86_64-linux-gnu/libm-2.27.so
7fe636b52000-7fe636d51000 ---p 0019d000 08:01 14684817                   /lib/x86_64-linux-gnu/libm-2.27.so
7fe636d51000-7fe636d52000 r--p 0019c000 08:01 14684817                   /lib/x86_64-linux-gnu/libm-2.27.so
7fe636d52000-7fe636d53000 rw-p 0019d000 08:01 14684817                   /lib/x86_64-linux-gnu/libm-2.27.so
7fe636d53000-7fe636ecc000 r-xp 00000000 08:01 23601225                   /usr/lib/x86_64-linux-gnu/libstdc++.so.6.0.25
7fe636ecc000-7fe6370cc000 ---p 00179000 08:01 23601225                   /usr/lib/x86_64-linux-gnu/libstdc++.so.6.0.25
7fe6370cc000-7fe6370d6000 r--p 00179000 08:01 23601225                   /usr/lib/x86_64-linux-gnu/libstdc++.so.6.0.25
7fe6370d6000-7fe6370d8000 rw-p 00183000 08:01 23601225                   /usr/lib/x86_64-linux-gnu/libstdc++.so.6.0.25
7fe6370d8000-7fe6370dc000 rw-p 00000000 00:00 0 
7fe6370dc000-7fe638079000 r-xp 00000000 08:01 23598523                   /usr/lib/jvm/java-11-openjdk-amd64/lib/server/libjvm.so
7fe638079000-7fe638279000 ---p 00f9d000 08:01 23598523                   /usr/lib/jvm/java-11-openjdk-amd64/lib/server/libjvm.so
7fe638279000-7fe63833d000 r--p 00f9d000 08:01 23598523                   /usr/lib/jvm/java-11-openjdk-amd64/lib/server/libjvm.so
7fe63833d000-7fe638375000 rw-p 01061000 08:01 23598523                   /usr/lib/jvm/java-11-openjdk-amd64/lib/server/libjvm.so
7fe638375000-7fe6383be000 rw-p 00000000 00:00 0 
7fe6383be000-7fe6383d8000 r-xp 00000000 08:01 14684887                   /lib/x86_64-linux-gnu/libpthread-2.27.so
7fe6383d8000-7fe6385d7000 ---p 0001a000 08:01 14684887                   /lib/x86_64-linux-gnu/libpthread-2.27.so
7fe6385d7000-7fe6385d8000 r--p 00019000 08:01 14684887                   /lib/x86_64-linux-gnu/libpthread-2.27.so
7fe6385d8000-7fe6385d9000 rw-p 0001a000 08:01 14684887                   /lib/x86_64-linux-gnu/libpthread-2.27.so
7fe6385d9000-7fe6385dd000 rw-p 00000000 00:00 0 
7fe6385dd000-7fe6385e0000 r-xp 00000000 08:01 14684777                   /lib/x86_64-linux-gnu/libdl-2.27.so
7fe6385e0000-7fe6387df000 ---p 00003000 08:01 14684777                   /lib/x86_64-linux-gnu/libdl-2.27.so
7fe6387df000-7fe6387e0000 r--p 00002000 08:01 14684777                   /lib/x86_64-linux-gnu/libdl-2.27.so
7fe6387e0000-7fe6387e1000 rw-p 00003000 08:01 14684777                   /lib/x86_64-linux-gnu/libdl-2.27.so
7fe6387e1000-7fe6387fd000 r-xp 00000000 08:01 14684928                   /lib/x86_64-linux-gnu/libz.so.1.2.11
7fe6387fd000-7fe6389fc000 ---p 0001c000 08:01 14684928                   /lib/x86_64-linux-gnu/libz.so.1.2.11
7fe6389fc000-7fe6389fd000 r--p 0001b000 08:01 14684928                   /lib/x86_64-linux-gnu/libz.so.1.2.11
7fe6389fd000-7fe6389fe000 rw-p 0001c000 08:01 14684928                   /lib/x86_64-linux-gnu/libz.so.1.2.11
7fe6389fe000-7fe638be5000 r-xp 00000000 08:01 14684754                   /lib/x86_64-linux-gnu/libc-2.27.so
7fe638be5000-7fe638de5000 ---p 001e7000 08:01 14684754                   /lib/x86_64-linux-gnu/libc-2.27.so
7fe638de5000-7fe638de9000 r--p 001e7000 08:01 14684754                   /lib/x86_64-linux-gnu/libc-2.27.so
7fe638de9000-7fe638deb000 rw-p 001eb000 08:01 14684754                   /lib/x86_64-linux-gnu/libc-2.27.so
7fe638deb000-7fe638def000 rw-p 00000000 00:00 0 
7fe638def000-7fe638dfe000 r-xp 00000000 08:01 23598516                   /usr/lib/jvm/java-11-openjdk-amd64/lib/jli/libjli.so
7fe638dfe000-7fe638ffd000 ---p 0000f000 08:01 23598516                   /usr/lib/jvm/java-11-openjdk-amd64/lib/jli/libjli.so
7fe638ffd000-7fe638ffe000 r--p 0000e000 08:01 23598516                   /usr/lib/jvm/java-11-openjdk-amd64/lib/jli/libjli.so
7fe638ffe000-7fe638fff000 rw-p 0000f000 08:01 23598516                   /usr/lib/jvm/java-11-openjdk-amd64/lib/jli/libjli.so
7fe638fff000-7fe639026000 r-xp 00000000 08:01 14684726                   /lib/x86_64-linux-gnu/ld-2.27.so
7fe63904b000-7fe639109000 rw-p 00000000 00:00 0 
7fe639109000-7fe63910d000 ---p 00000000 00:00 0 
7fe63910d000-7fe639213000 rw-p 00000000 00:00 0 
7fe639213000-7fe63921a000 ---p 00000000 00:00 0 
7fe63921a000-7fe639222000 rw-s 00000000 08:01 28966951                   /tmp/hsperfdata_pc/2906
7fe639222000-7fe639223000 ---p 00000000 00:00 0 
7fe639223000-7fe639224000 r--p 00000000 00:00 0 
7fe639224000-7fe639226000 rw-p 00000000 00:00 0 
7fe639226000-7fe639227000 r--p 00027000 08:01 14684726                   /lib/x86_64-linux-gnu/ld-2.27.so
7fe639227000-7fe639228000 rw-p 00028000 08:01 14684726                   /lib/x86_64-linux-gnu/ld-2.27.so
7fe639228000-7fe639229000 rw-p 00000000 00:00 0 
7ffd1682d000-7ffd1684e000 rw-p 00000000 00:00 0                          [stack]
7ffd16850000-7ffd16853000 r--p 00000000 00:00 0                          [vvar]
7ffd16853000-7ffd16855000 r-xp 00000000 00:00 0                          [vdso]
ffffffffff600000-ffffffffff601000 r-xp 00000000 00:00 0                  [vsyscall]


VM Arguments:
jvm_args: -Djava.library.path=/home/pc/Downloads/webots/lib/java 
java_command: SensorController
java_class_path (initial): /home/pc/Downloads/webots/lib/java/Controller.jar:/home/pc/Dokumente/my_project/controllers/SensorController/
Launcher Type: SUN_STANDARD

Logging:
Log output configuration:
#0: stdout all=warning uptime,level,tags
#1: stderr all=off uptime,level,tags

Environment Variables:
PATH=/usr/local/sbin:/usr/local/bin:/usr/sbin:/usr/bin:/sbin:/bin:/usr/games:/usr/local/games
LD_LIBRARY_PATH=/home/pc/Downloads/webots/projects/default/libraries/vehicle:/home/pc/Downloads/webots/projects/default/libraries/ros:/home/pc/Downloads/webots/resources/projects/libraries/qt_utils:/home/pc/Dokumente/my_project/controllers/SensorController/:/home/pc/Downloads/webots/lib/:/tmp/webots-1607/lib:
SHELL=/bin/bash
DISPLAY=:0

Signal Handlers:
SIGSEGV: [libjvm.so+0xd28b70], sa_mask[0]=11111111011111111101111111111110, sa_flags=SA_RESTART|SA_SIGINFO
SIGBUS: [libjvm.so+0xd28b70], sa_mask[0]=11111111011111111101111111111110, sa_flags=SA_RESTART|SA_SIGINFO
SIGFPE: [libjvm.so+0xd28b70], sa_mask[0]=11111111011111111101111111111110, sa_flags=SA_RESTART|SA_SIGINFO
SIGPIPE: [libjvm.so+0xb2a1f0], sa_mask[0]=11111111011111111101111111111110, sa_flags=SA_RESTART|SA_SIGINFO
SIGXFSZ: [libjvm.so+0xb2a1f0], sa_mask[0]=11111111011111111101111111111110, sa_flags=SA_RESTART|SA_SIGINFO
SIGILL: [libjvm.so+0xd28b70], sa_mask[0]=11111111011111111101111111111110, sa_flags=SA_RESTART|SA_SIGINFO
SIGUSR2: [libjvm.so+0xb2a030], sa_mask[0]=00000000000000000000000000000000, sa_flags=SA_RESTART|SA_SIGINFO
SIGHUP: [libjvm.so+0xb2a180], sa_mask[0]=11111111011111111101111111111110, sa_flags=SA_RESTART|SA_SIGINFO
SIGINT: [libjvm.so+0xb2a180], sa_mask[0]=11111111011111111101111111111110, sa_flags=SA_RESTART|SA_SIGINFO
SIGTERM: [libjvm.so+0xb2a180], sa_mask[0]=11111111011111111101111111111110, sa_flags=SA_RESTART|SA_SIGINFO
SIGQUIT: [libjvm.so+0xb2a180], sa_mask[0]=11111111011111111101111111111110, sa_flags=SA_RESTART|SA_SIGINFO


---------------  S Y S T E M  ---------------

OS:DISTRIB_ID=LinuxMint
DISTRIB_RELEASE=19.1
DISTRIB_CODENAME=tessa
DISTRIB_DESCRIPTION="Linux Mint 19.1 Tessa"
uname:Linux 4.15.0-20-generic #21-Ubuntu SMP Tue Apr 24 06:16:15 UTC 2018 x86_64
libc:glibc 2.27 NPTL 2.27 
rlimit: STACK 8192k, CORE 0k, NPROC 31207, NOFILE 4096, AS infinity, DATA infinity, FSIZE infinity
load average:1.95 1.35 1.23

/proc/meminfo:
MemTotal:        8051996 kB
MemFree:         2064404 kB
MemAvailable:    2800976 kB
Buffers:          101096 kB
Cached:          4207276 kB
SwapCached:            0 kB
Active:          1800892 kB
Inactive:        3944012 kB
Active(anon):    1438496 kB
Inactive(anon):  3391920 kB
Active(file):     362396 kB
Inactive(file):   552092 kB
Unevictable:          32 kB
Mlocked:              32 kB
SwapTotal:       2097148 kB
SwapFree:        2097148 kB
Dirty:                52 kB
Writeback:             0 kB
AnonPages:       1436740 kB
Mapped:          1593700 kB
Shmem:           3393888 kB
Slab:             130480 kB
SReclaimable:      82852 kB
SUnreclaim:        47628 kB
KernelStack:       12368 kB
PageTables:        44076 kB
NFS_Unstable:          0 kB
Bounce:                0 kB
WritebackTmp:          0 kB
CommitLimit:     6123144 kB
Committed_AS:    9384692 kB
VmallocTotal:   34359738367 kB
VmallocUsed:           0 kB
VmallocChunk:          0 kB
HardwareCorrupted:     0 kB
AnonHugePages:         0 kB
ShmemHugePages:        0 kB
ShmemPmdMapped:        0 kB
CmaTotal:              0 kB
CmaFree:               0 kB
HugePages_Total:       0
HugePages_Free:        0
HugePages_Rsvd:        0
HugePages_Surp:        0
Hugepagesize:       2048 kB
DirectMap4k:      150464 kB
DirectMap2M:     8122368 kB

container (cgroup) information:
container_type: cgroupv1
cpu_cpuset_cpus: 0-7
cpu_memory_nodes: 0
active_processor_count: 8
cpu_quota: -1
cpu_period: 100000
cpu_shares: -1
memory_limit_in_bytes: -1
memory_and_swap_limit_in_bytes: -2
memory_soft_limit_in_bytes: -1
memory_usage_in_bytes: 5883228160
memory_max_usage_in_bytes: 0


CPU:total 8 (initial active 8) (4 cores per cpu, 2 threads per core) family 6 model 58 stepping 9, cmov, cx8, fxsr, mmx, sse, sse2, sse3, ssse3, sse4.1, sse4.2, popcnt, avx, aes, clmul, erms, ht, tsc, tscinvbit, tscinv
CPU Model and flags from /proc/cpuinfo:
model name	: Intel(R) Core(TM) i7-3770 CPU @ 3.40GHz
flags		: fpu vme de pse tsc msr pae mce cx8 apic sep mtrr pge mca cmov pat pse36 clflush dts acpi mmx fxsr sse sse2 ss ht tm pbe syscall nx rdtscp lm constant_tsc arch_perfmon pebs bts rep_good nopl xtopology nonstop_tsc cpuid aperfmperf pni pclmulqdq dtes64 monitor ds_cpl vmx smx est tm2 ssse3 cx16 xtpr pdcm pcid sse4_1 sse4_2 x2apic popcnt tsc_deadline_timer aes xsave avx f16c rdrand lahf_lm cpuid_fault epb pti tpr_shadow vnmi flexpriority ept vpid fsgsbase smep erms xsaveopt dtherm ida arat pln pts

Memory: 4k page, physical 8051996k(2064404k free), swap 2097148k(2097148k free)

vm_info: OpenJDK 64-Bit Server VM (10.0.2+13-Ubuntu-1ubuntu0.18.04.4) for linux-amd64 JRE (10.0.2+13-Ubuntu-1ubuntu0.18.04.4), built on Nov 13 2018 12:53:39 by "buildd" with gcc 7.3.0

END.
