#
# A fatal error has been detected by the Java Runtime Environment:
#
#  SIGSEGV (0xb) at pc=0x00007f0985328d52, pid=17781, tid=17782
#
# JRE version: OpenJDK Runtime Environment (11.0.4+11) (build 11.0.4+11-post-Ubuntu-1ubuntu218.04.3)
# Java VM: OpenJDK 64-Bit Server VM (11.0.4+11-post-Ubuntu-1ubuntu218.04.3, mixed mode, sharing, tiered, compressed oops, g1 gc, linux-amd64)
# Problematic frame:
# C  [libController.so+0x1bd52]  wbu_motion_new+0x5d2
#
# Core dump will be written. Default location: Core dumps may be processed with "/usr/share/apport/apport %p %s %c %d %P" (or dumping to /home/pc/Dokumente/SP1920/my_project/controllers/SensorController/core.17781)
#
# If you would like to submit a bug report, please visit:
#   https://bugs.launchpad.net/ubuntu/+source/openjdk-lts
# The crash happened outside the Java Virtual Machine in native code.
# See problematic frame for where to report the bug.
#

---------------  S U M M A R Y ------------

Command Line: -Djava.library.path=/home/pc/Downloads/webots/lib/java SensorController

Host: Intel(R) Core(TM) i7-3770 CPU @ 3.40GHz, 8 cores, 7G, Linux Mint 19.1 Tessa
Time: Tue Aug 13 13:35:40 2019 CEST elapsed time: 0 seconds (0d 0h 0m 0s)

---------------  T H R E A D  ---------------

Current thread (0x00007f09ac012000):  JavaThread "main" [_thread_in_native, id=17782, stack(0x00007f09b6990000,0x00007f09b6a91000)]

Stack: [0x00007f09b6990000,0x00007f09b6a91000],  sp=0x00007f09b6a8e700,  free space=1017k
Native frames: (J=compiled Java code, A=aot compiled Java code, j=interpreted, Vv=VM code, C=native code)
C  [libController.so+0x1bd52]  wbu_motion_new+0x5d2
C  [libCppController.so+0x28c7a]  webots::Motion::Motion(std::__cxx11::basic_string<char, std::char_traits<char>, std::allocator<char> > const&)+0x36
C  [libJavaController.so+0x27c5d]  Java_com_cyberbotics_webots_controller_wrapperJNI_new_1Motion+0x10a
j  com.cyberbotics.webots.controller.wrapperJNI.new_Motion(Ljava/lang/String;)J+0
j  com.cyberbotics.webots.controller.Motion.<init>(Ljava/lang/String;)V+2
j  SensorController.loadMotionFiles()V+335
j  SensorController.main([Ljava/lang/String;)V+3
v  ~StubRoutines::call_stub
V  [libjvm.so+0x841c99]
V  [libjvm.so+0x8b9c7d]
V  [libjvm.so+0x8bbd6e]
C  [libjli.so+0x5856]
C  [libjli.so+0x92cd]

Java frames: (J=compiled Java code, j=interpreted, Vv=VM code)
j  com.cyberbotics.webots.controller.wrapperJNI.new_Motion(Ljava/lang/String;)J+0
j  com.cyberbotics.webots.controller.Motion.<init>(Ljava/lang/String;)V+2
j  SensorController.loadMotionFiles()V+335
j  SensorController.main([Ljava/lang/String;)V+3
v  ~StubRoutines::call_stub

siginfo: si_signo: 11 (SIGSEGV), si_code: 1 (SEGV_MAPERR), si_addr: 0x0000000000000000

Register to memory mapping:

RAX=0x0 is NULL
RBX=0x00007f09ac1dbf40 points into unknown readable memory: 14 00 00 00 79 00 00 00
RCX=0x0 is NULL
RDX=0x00007f09b6671a68: <offset 0x00000000003eda68> in /lib/x86_64-linux-gnu/libc.so.6 at 0x00007f09b6284000
RSP=0x00007f09b6a8e700 is pointing into the stack for thread: 0x00007f09ac012000
RBP=0x00007f09b6a8f780 is pointing into the stack for thread: 0x00007f09ac012000
RSI=0x00007f0985346603: <offset 0x0000000000039603> in /home/pc/Downloads/webots/lib/libController.so at 0x00007f098530d000
RDI=0x0 is NULL
R8 =0x0000000000000001 is an unknown value
R9 =0x0 is NULL
R10=0x15c28f5c28f5c28f is an unknown value
R11=0x00007f098534661e: <offset 0x000000000003961e> in /home/pc/Downloads/webots/lib/libController.so at 0x00007f098530d000
R12=0x00000000000000d0 is an unknown value
R13=0x0000000000000068 is an unknown value
R14=0x0000000000000008 is an unknown value
R15=0x0000000000000001 is an unknown value


Registers:
RAX=0x0000000000000000, RBX=0x00007f09ac1dbf40, RCX=0x0000000000000000, RDX=0x00007f09b6671a68
RSP=0x00007f09b6a8e700, RBP=0x00007f09b6a8f780, RSI=0x00007f0985346603, RDI=0x0000000000000000
R8 =0x0000000000000001, R9 =0x0000000000000000, R10=0x15c28f5c28f5c28f, R11=0x00007f098534661e
R12=0x00000000000000d0, R13=0x0000000000000068, R14=0x0000000000000008, R15=0x0000000000000001
RIP=0x00007f0985328d52, EFLAGS=0x0000000000010246, CSGSFS=0x002b000000000033, ERR=0x0000000000000004
  TRAPNO=0x000000000000000e

Top of Stack: (sp=0x00007f09b6a8e700)
0x00007f09b6a8e700:   34303a31303a3030 373265736f500030
0x00007f09b6a8e710:   30003538302e3200 2e312d2c3934332e
0x00007f09b6a8e720:   332e312d2c363933 312e302c302c3639
0x00007f09b6a8e730:   34362e302d2c3435 2c3538312e312c39 

Instructions: (pc=0x00007f0985328d52)
0x00007f0985328c52:   35 ac d9 01 00 31 ff 4d 89 e7 41 83 c5 01 e8 4b
0x00007f0985328c62:   27 ff ff 4c 03 7b 10 48 89 c7 49 89 c6 e8 ec 19
0x00007f0985328c72:   ff ff 48 8d 78 01 e8 33 22 ff ff 49 89 07 48 8b
0x00007f0985328c82:   43 10 4c 89 f6 4a 8b 3c 20 49 83 c4 08 e8 6c 16
0x00007f0985328c92:   ff ff 44 3b 2b 7c b7 8b 53 04 45 31 ed c7 45 b8
0x00007f0985328ca2:   00 00 00 00 85 d2 0f 8e e6 00 00 00 66 90 4c 8b
0x00007f0985328cb2:   75 a8 48 8b 55 b0 be 00 10 00 00 4c 89 f7 e8 3b
0x00007f0985328cc2:   1e ff ff 48 85 c0 0f 84 c6 00 00 00 48 8d 35 2e
0x00007f0985328cd2:   d9 01 00 4c 89 f7 4d 89 ec 45 31 f6 45 31 ff e8
0x00007f0985328ce2:   ca 26 ff ff 4c 03 63 28 48 89 c7 e8 5e f6 ff ff
0x00007f0985328cf2:   48 8d 35 0a d9 01 00 31 ff 41 89 04 24 4f 8d 64
0x00007f0985328d02:   2d 00 e8 a7 26 ff ff 8b 03 85 c0 7f 35 eb 6f 0f
0x00007f0985328d12:   1f 80 00 00 00 00 48 8b 53 30 4c 89 f1 48 8d 35
0x00007f0985328d22:   f5 d8 01 00 48 89 c7 31 c0 41 83 c7 01 49 83 c6
0x00007f0985328d32:   08 4a 03 0c 22 48 89 ca e8 f1 21 ff ff 44 3b 3b
0x00007f0985328d42:   7d 3c 48 8d 35 b8 d8 01 00 31 ff e8 5e 26 ff ff
0x00007f0985328d52:   80 38 2a 75 c1 80 78 01 00 75 bb 48 8b 43 30 f2
0x00007f0985328d62:   0f 10 05 27 df 01 00 41 83 c7 01 4a 8b 04 20 f2
0x00007f0985328d72:   42 0f 11 04 30 49 83 c6 08 44 3b 3b 7c c4 83 45
0x00007f0985328d82:   b8 01 49 83 c5 04 8b 45 b8 3b 43 04 0f 8c 1c ff
0x00007f0985328d92:   ff ff 48 8b 65 88 48 8b 7d b0 e8 df 17 ff ff 4c
0x00007f0985328da2:   8b 75 90 4b 8d 3c 36 e8 02 21 ff ff 4a 8d 3c b5
0x00007f0985328db2:   00 00 00 00 48 89 43 18 49 89 c4 e8 ee 20 ff ff
0x00007f0985328dc2:   48 89 43 20 8b 45 9c 85 c0 0f 84 f2 00 00 00 83
0x00007f0985328dd2:   e8 01 4d 89 e7 45 31 f6 48 01 c0 48 89 45 a8 0f
0x00007f0985328de2:   1f 80 00 00 00 00 4b 8d 04 37 45 31 ff 48 89 45
0x00007f0985328df2:   b8 4a 8d 04 b5 00 00 00 00 48 89 45 b0 48 8b 43
0x00007f0985328e02:   10 4e 8b 2c b0 31 c0 e8 f2 1e ff ff 85 c0 41 89
0x00007f0985328e12:   c4 7f 14 eb 71 66 0f 1f 84 00 00 00 00 00 41 83
0x00007f0985328e22:   c7 01 45 39 fc 74 5f 41 0f b7 ff e8 fe 28 ff ff
0x00007f0985328e32:   4c 89 ee 48 89 c7 e8 93 1d ff ff 85 c0 75 df 44
0x00007f0985328e42:   89 fa 48 8b 45 b8 66 89 10 48 8b 43 20 4e 8d 24 


Stack slot to memory mapping:
stack at sp + 0 slots: 0x34303a31303a3030 is an unknown value
stack at sp + 1 slots: 0x373265736f500030 is an unknown value
stack at sp + 2 slots: 0x30003538302e3200 is an unknown value
stack at sp + 3 slots: 0x2e312d2c3934332e is an unknown value
stack at sp + 4 slots: 0x332e312d2c363933 is an unknown value
stack at sp + 5 slots: 0x312e302c302c3639 is an unknown value
stack at sp + 6 slots: 0x34362e302d2c3435 is an unknown value
stack at sp + 7 slots: 0x2c3538312e312c39 is an unknown value


---------------  P R O C E S S  ---------------

Threads class SMR info:
_java_thread_list=0x00007f09ac180300, length=9, elements={
0x00007f09ac012000, 0x00007f09ac119800, 0x00007f09ac11b800, 0x00007f09ac121000,
0x00007f09ac123000, 0x00007f09ac125000, 0x00007f09ac127000, 0x00007f09ac176000,
0x00007f09ac17e800
}

Java Threads: ( => current thread )
=>0x00007f09ac012000 JavaThread "main" [_thread_in_native, id=17782, stack(0x00007f09b6990000,0x00007f09b6a91000)]
  0x00007f09ac119800 JavaThread "Reference Handler" daemon [_thread_blocked, id=17789, stack(0x00007f0994753000,0x00007f0994854000)]
  0x00007f09ac11b800 JavaThread "Finalizer" daemon [_thread_blocked, id=17790, stack(0x00007f0994652000,0x00007f0994753000)]
  0x00007f09ac121000 JavaThread "Signal Dispatcher" daemon [_thread_blocked, id=17791, stack(0x00007f0994221000,0x00007f0994322000)]
  0x00007f09ac123000 JavaThread "C2 CompilerThread0" daemon [_thread_blocked, id=17792, stack(0x00007f0994120000,0x00007f0994221000)]
  0x00007f09ac125000 JavaThread "C1 CompilerThread0" daemon [_thread_blocked, id=17793, stack(0x00007f099401f000,0x00007f0994120000)]
  0x00007f09ac127000 JavaThread "Sweeper thread" daemon [_thread_blocked, id=17794, stack(0x00007f098c18f000,0x00007f098c290000)]
  0x00007f09ac176000 JavaThread "Service Thread" daemon [_thread_blocked, id=17795, stack(0x00007f098c08e000,0x00007f098c18f000)]
  0x00007f09ac17e800 JavaThread "Common-Cleaner" daemon [_thread_blocked, id=17797, stack(0x00007f0985dfd000,0x00007f0985efe000)]

Other Threads:
  0x00007f09ac116800 VMThread "VM Thread" [stack: 0x00007f0994856000,0x00007f0994956000] [id=17788]
  0x00007f09ac178800 WatcherThread [stack: 0x00007f0985f00000,0x00007f0986000000] [id=17796]
  0x00007f09ac028800 GCTaskThread "GC Thread#0" [stack: 0x00007f09b2986000,0x00007f09b2a86000] [id=17783]
  0x00007f09ac059800 ConcurrentGCThread "G1 Main Marker" [stack: 0x00007f09b14f7000,0x00007f09b15f7000] [id=17784]
  0x00007f09ac05b000 ConcurrentGCThread "G1 Conc#0" [stack: 0x00007f09b13f5000,0x00007f09b14f5000] [id=17785]
  0x00007f09ac0e4000 ConcurrentGCThread "G1 Refine#0" [stack: 0x00007f09b0aeb000,0x00007f09b0beb000] [id=17786]
  0x00007f09ac0e5800 ConcurrentGCThread "G1 Young RemSet Sampling" [stack: 0x00007f09b09e9000,0x00007f09b0ae9000] [id=17787]

Threads with active compile tasks:

VM state:not at safepoint (normal execution)

VM Mutex/Monitor currently owned by a thread: None

Heap address: 0x0000000085200000, size: 1966 MB, Compressed Oops mode: 32-bit
Narrow klass base: 0x0000000800000000, Narrow klass shift: 3
Compressed class space size: 1073741824 Address: 0x0000000840000000

Heap:
 garbage-first heap   total 129024K, used 1656K [0x0000000085200000, 0x0000000100000000)
  region size 1024K, 2 young (2048K), 0 survivors (0K)
 Metaspace       used 447K, capacity 4728K, committed 4864K, reserved 1056768K
  class space    used 23K, capacity 424K, committed 512K, reserved 1048576K
Heap Regions: E=young(eden), S=young(survivor), O=old, HS=humongous(starts), HC=humongous(continues), CS=collection set, F=free, A=archive, TAMS=top-at-mark-start (previous, next)
|   0|0x0000000085200000, 0x0000000085200000, 0x0000000085300000|  0%| F|  |TAMS 0x0000000085200000, 0x0000000085200000| Untracked 
|   1|0x0000000085300000, 0x0000000085300000, 0x0000000085400000|  0%| F|  |TAMS 0x0000000085300000, 0x0000000085300000| Untracked 
|   2|0x0000000085400000, 0x0000000085400000, 0x0000000085500000|  0%| F|  |TAMS 0x0000000085400000, 0x0000000085400000| Untracked 
|   3|0x0000000085500000, 0x0000000085500000, 0x0000000085600000|  0%| F|  |TAMS 0x0000000085500000, 0x0000000085500000| Untracked 
|   4|0x0000000085600000, 0x0000000085600000, 0x0000000085700000|  0%| F|  |TAMS 0x0000000085600000, 0x0000000085600000| Untracked 
|   5|0x0000000085700000, 0x0000000085700000, 0x0000000085800000|  0%| F|  |TAMS 0x0000000085700000, 0x0000000085700000| Untracked 
|   6|0x0000000085800000, 0x0000000085800000, 0x0000000085900000|  0%| F|  |TAMS 0x0000000085800000, 0x0000000085800000| Untracked 
|   7|0x0000000085900000, 0x0000000085900000, 0x0000000085a00000|  0%| F|  |TAMS 0x0000000085900000, 0x0000000085900000| Untracked 
|   8|0x0000000085a00000, 0x0000000085a00000, 0x0000000085b00000|  0%| F|  |TAMS 0x0000000085a00000, 0x0000000085a00000| Untracked 
|   9|0x0000000085b00000, 0x0000000085b00000, 0x0000000085c00000|  0%| F|  |TAMS 0x0000000085b00000, 0x0000000085b00000| Untracked 
|  10|0x0000000085c00000, 0x0000000085c00000, 0x0000000085d00000|  0%| F|  |TAMS 0x0000000085c00000, 0x0000000085c00000| Untracked 
|  11|0x0000000085d00000, 0x0000000085d00000, 0x0000000085e00000|  0%| F|  |TAMS 0x0000000085d00000, 0x0000000085d00000| Untracked 
|  12|0x0000000085e00000, 0x0000000085e00000, 0x0000000085f00000|  0%| F|  |TAMS 0x0000000085e00000, 0x0000000085e00000| Untracked 
|  13|0x0000000085f00000, 0x0000000085f00000, 0x0000000086000000|  0%| F|  |TAMS 0x0000000085f00000, 0x0000000085f00000| Untracked 
|  14|0x0000000086000000, 0x0000000086000000, 0x0000000086100000|  0%| F|  |TAMS 0x0000000086000000, 0x0000000086000000| Untracked 
|  15|0x0000000086100000, 0x0000000086100000, 0x0000000086200000|  0%| F|  |TAMS 0x0000000086100000, 0x0000000086100000| Untracked 
|  16|0x0000000086200000, 0x0000000086200000, 0x0000000086300000|  0%| F|  |TAMS 0x0000000086200000, 0x0000000086200000| Untracked 
|  17|0x0000000086300000, 0x0000000086300000, 0x0000000086400000|  0%| F|  |TAMS 0x0000000086300000, 0x0000000086300000| Untracked 
|  18|0x0000000086400000, 0x0000000086400000, 0x0000000086500000|  0%| F|  |TAMS 0x0000000086400000, 0x0000000086400000| Untracked 
|  19|0x0000000086500000, 0x0000000086500000, 0x0000000086600000|  0%| F|  |TAMS 0x0000000086500000, 0x0000000086500000| Untracked 
|  20|0x0000000086600000, 0x0000000086600000, 0x0000000086700000|  0%| F|  |TAMS 0x0000000086600000, 0x0000000086600000| Untracked 
|  21|0x0000000086700000, 0x0000000086700000, 0x0000000086800000|  0%| F|  |TAMS 0x0000000086700000, 0x0000000086700000| Untracked 
|  22|0x0000000086800000, 0x0000000086800000, 0x0000000086900000|  0%| F|  |TAMS 0x0000000086800000, 0x0000000086800000| Untracked 
|  23|0x0000000086900000, 0x0000000086900000, 0x0000000086a00000|  0%| F|  |TAMS 0x0000000086900000, 0x0000000086900000| Untracked 
|  24|0x0000000086a00000, 0x0000000086a00000, 0x0000000086b00000|  0%| F|  |TAMS 0x0000000086a00000, 0x0000000086a00000| Untracked 
|  25|0x0000000086b00000, 0x0000000086b00000, 0x0000000086c00000|  0%| F|  |TAMS 0x0000000086b00000, 0x0000000086b00000| Untracked 
|  26|0x0000000086c00000, 0x0000000086c00000, 0x0000000086d00000|  0%| F|  |TAMS 0x0000000086c00000, 0x0000000086c00000| Untracked 
|  27|0x0000000086d00000, 0x0000000086d00000, 0x0000000086e00000|  0%| F|  |TAMS 0x0000000086d00000, 0x0000000086d00000| Untracked 
|  28|0x0000000086e00000, 0x0000000086e00000, 0x0000000086f00000|  0%| F|  |TAMS 0x0000000086e00000, 0x0000000086e00000| Untracked 
|  29|0x0000000086f00000, 0x0000000086f00000, 0x0000000087000000|  0%| F|  |TAMS 0x0000000086f00000, 0x0000000086f00000| Untracked 
|  30|0x0000000087000000, 0x0000000087000000, 0x0000000087100000|  0%| F|  |TAMS 0x0000000087000000, 0x0000000087000000| Untracked 
|  31|0x0000000087100000, 0x0000000087100000, 0x0000000087200000|  0%| F|  |TAMS 0x0000000087100000, 0x0000000087100000| Untracked 
|  32|0x0000000087200000, 0x0000000087200000, 0x0000000087300000|  0%| F|  |TAMS 0x0000000087200000, 0x0000000087200000| Untracked 
|  33|0x0000000087300000, 0x0000000087300000, 0x0000000087400000|  0%| F|  |TAMS 0x0000000087300000, 0x0000000087300000| Untracked 
|  34|0x0000000087400000, 0x0000000087400000, 0x0000000087500000|  0%| F|  |TAMS 0x0000000087400000, 0x0000000087400000| Untracked 
|  35|0x0000000087500000, 0x0000000087500000, 0x0000000087600000|  0%| F|  |TAMS 0x0000000087500000, 0x0000000087500000| Untracked 
|  36|0x0000000087600000, 0x0000000087600000, 0x0000000087700000|  0%| F|  |TAMS 0x0000000087600000, 0x0000000087600000| Untracked 
|  37|0x0000000087700000, 0x0000000087700000, 0x0000000087800000|  0%| F|  |TAMS 0x0000000087700000, 0x0000000087700000| Untracked 
|  38|0x0000000087800000, 0x0000000087800000, 0x0000000087900000|  0%| F|  |TAMS 0x0000000087800000, 0x0000000087800000| Untracked 
|  39|0x0000000087900000, 0x0000000087900000, 0x0000000087a00000|  0%| F|  |TAMS 0x0000000087900000, 0x0000000087900000| Untracked 
|  40|0x0000000087a00000, 0x0000000087a00000, 0x0000000087b00000|  0%| F|  |TAMS 0x0000000087a00000, 0x0000000087a00000| Untracked 
|  41|0x0000000087b00000, 0x0000000087b00000, 0x0000000087c00000|  0%| F|  |TAMS 0x0000000087b00000, 0x0000000087b00000| Untracked 
|  42|0x0000000087c00000, 0x0000000087c00000, 0x0000000087d00000|  0%| F|  |TAMS 0x0000000087c00000, 0x0000000087c00000| Untracked 
|  43|0x0000000087d00000, 0x0000000087d00000, 0x0000000087e00000|  0%| F|  |TAMS 0x0000000087d00000, 0x0000000087d00000| Untracked 
|  44|0x0000000087e00000, 0x0000000087e00000, 0x0000000087f00000|  0%| F|  |TAMS 0x0000000087e00000, 0x0000000087e00000| Untracked 
|  45|0x0000000087f00000, 0x0000000087f00000, 0x0000000088000000|  0%| F|  |TAMS 0x0000000087f00000, 0x0000000087f00000| Untracked 
|  46|0x0000000088000000, 0x0000000088000000, 0x0000000088100000|  0%| F|  |TAMS 0x0000000088000000, 0x0000000088000000| Untracked 
|  47|0x0000000088100000, 0x0000000088100000, 0x0000000088200000|  0%| F|  |TAMS 0x0000000088100000, 0x0000000088100000| Untracked 
|  48|0x0000000088200000, 0x0000000088200000, 0x0000000088300000|  0%| F|  |TAMS 0x0000000088200000, 0x0000000088200000| Untracked 
|  49|0x0000000088300000, 0x0000000088300000, 0x0000000088400000|  0%| F|  |TAMS 0x0000000088300000, 0x0000000088300000| Untracked 
|  50|0x0000000088400000, 0x0000000088400000, 0x0000000088500000|  0%| F|  |TAMS 0x0000000088400000, 0x0000000088400000| Untracked 
|  51|0x0000000088500000, 0x0000000088500000, 0x0000000088600000|  0%| F|  |TAMS 0x0000000088500000, 0x0000000088500000| Untracked 
|  52|0x0000000088600000, 0x0000000088600000, 0x0000000088700000|  0%| F|  |TAMS 0x0000000088600000, 0x0000000088600000| Untracked 
|  53|0x0000000088700000, 0x0000000088700000, 0x0000000088800000|  0%| F|  |TAMS 0x0000000088700000, 0x0000000088700000| Untracked 
|  54|0x0000000088800000, 0x0000000088800000, 0x0000000088900000|  0%| F|  |TAMS 0x0000000088800000, 0x0000000088800000| Untracked 
|  55|0x0000000088900000, 0x0000000088900000, 0x0000000088a00000|  0%| F|  |TAMS 0x0000000088900000, 0x0000000088900000| Untracked 
|  56|0x0000000088a00000, 0x0000000088a00000, 0x0000000088b00000|  0%| F|  |TAMS 0x0000000088a00000, 0x0000000088a00000| Untracked 
|  57|0x0000000088b00000, 0x0000000088b00000, 0x0000000088c00000|  0%| F|  |TAMS 0x0000000088b00000, 0x0000000088b00000| Untracked 
|  58|0x0000000088c00000, 0x0000000088c00000, 0x0000000088d00000|  0%| F|  |TAMS 0x0000000088c00000, 0x0000000088c00000| Untracked 
|  59|0x0000000088d00000, 0x0000000088d00000, 0x0000000088e00000|  0%| F|  |TAMS 0x0000000088d00000, 0x0000000088d00000| Untracked 
|  60|0x0000000088e00000, 0x0000000088e00000, 0x0000000088f00000|  0%| F|  |TAMS 0x0000000088e00000, 0x0000000088e00000| Untracked 
|  61|0x0000000088f00000, 0x0000000088f00000, 0x0000000089000000|  0%| F|  |TAMS 0x0000000088f00000, 0x0000000088f00000| Untracked 
|  62|0x0000000089000000, 0x0000000089000000, 0x0000000089100000|  0%| F|  |TAMS 0x0000000089000000, 0x0000000089000000| Untracked 
|  63|0x0000000089100000, 0x0000000089100000, 0x0000000089200000|  0%| F|  |TAMS 0x0000000089100000, 0x0000000089100000| Untracked 
|  64|0x0000000089200000, 0x0000000089200000, 0x0000000089300000|  0%| F|  |TAMS 0x0000000089200000, 0x0000000089200000| Untracked 
|  65|0x0000000089300000, 0x0000000089300000, 0x0000000089400000|  0%| F|  |TAMS 0x0000000089300000, 0x0000000089300000| Untracked 
|  66|0x0000000089400000, 0x0000000089400000, 0x0000000089500000|  0%| F|  |TAMS 0x0000000089400000, 0x0000000089400000| Untracked 
|  67|0x0000000089500000, 0x0000000089500000, 0x0000000089600000|  0%| F|  |TAMS 0x0000000089500000, 0x0000000089500000| Untracked 
|  68|0x0000000089600000, 0x0000000089600000, 0x0000000089700000|  0%| F|  |TAMS 0x0000000089600000, 0x0000000089600000| Untracked 
|  69|0x0000000089700000, 0x0000000089700000, 0x0000000089800000|  0%| F|  |TAMS 0x0000000089700000, 0x0000000089700000| Untracked 
|  70|0x0000000089800000, 0x0000000089800000, 0x0000000089900000|  0%| F|  |TAMS 0x0000000089800000, 0x0000000089800000| Untracked 
|  71|0x0000000089900000, 0x0000000089900000, 0x0000000089a00000|  0%| F|  |TAMS 0x0000000089900000, 0x0000000089900000| Untracked 
|  72|0x0000000089a00000, 0x0000000089a00000, 0x0000000089b00000|  0%| F|  |TAMS 0x0000000089a00000, 0x0000000089a00000| Untracked 
|  73|0x0000000089b00000, 0x0000000089b00000, 0x0000000089c00000|  0%| F|  |TAMS 0x0000000089b00000, 0x0000000089b00000| Untracked 
|  74|0x0000000089c00000, 0x0000000089c00000, 0x0000000089d00000|  0%| F|  |TAMS 0x0000000089c00000, 0x0000000089c00000| Untracked 
|  75|0x0000000089d00000, 0x0000000089d00000, 0x0000000089e00000|  0%| F|  |TAMS 0x0000000089d00000, 0x0000000089d00000| Untracked 
|  76|0x0000000089e00000, 0x0000000089e00000, 0x0000000089f00000|  0%| F|  |TAMS 0x0000000089e00000, 0x0000000089e00000| Untracked 
|  77|0x0000000089f00000, 0x0000000089f00000, 0x000000008a000000|  0%| F|  |TAMS 0x0000000089f00000, 0x0000000089f00000| Untracked 
|  78|0x000000008a000000, 0x000000008a000000, 0x000000008a100000|  0%| F|  |TAMS 0x000000008a000000, 0x000000008a000000| Untracked 
|  79|0x000000008a100000, 0x000000008a100000, 0x000000008a200000|  0%| F|  |TAMS 0x000000008a100000, 0x000000008a100000| Untracked 
|  80|0x000000008a200000, 0x000000008a200000, 0x000000008a300000|  0%| F|  |TAMS 0x000000008a200000, 0x000000008a200000| Untracked 
|  81|0x000000008a300000, 0x000000008a300000, 0x000000008a400000|  0%| F|  |TAMS 0x000000008a300000, 0x000000008a300000| Untracked 
|  82|0x000000008a400000, 0x000000008a400000, 0x000000008a500000|  0%| F|  |TAMS 0x000000008a400000, 0x000000008a400000| Untracked 
|  83|0x000000008a500000, 0x000000008a500000, 0x000000008a600000|  0%| F|  |TAMS 0x000000008a500000, 0x000000008a500000| Untracked 
|  84|0x000000008a600000, 0x000000008a600000, 0x000000008a700000|  0%| F|  |TAMS 0x000000008a600000, 0x000000008a600000| Untracked 
|  85|0x000000008a700000, 0x000000008a700000, 0x000000008a800000|  0%| F|  |TAMS 0x000000008a700000, 0x000000008a700000| Untracked 
|  86|0x000000008a800000, 0x000000008a800000, 0x000000008a900000|  0%| F|  |TAMS 0x000000008a800000, 0x000000008a800000| Untracked 
|  87|0x000000008a900000, 0x000000008a900000, 0x000000008aa00000|  0%| F|  |TAMS 0x000000008a900000, 0x000000008a900000| Untracked 
|  88|0x000000008aa00000, 0x000000008aa00000, 0x000000008ab00000|  0%| F|  |TAMS 0x000000008aa00000, 0x000000008aa00000| Untracked 
|  89|0x000000008ab00000, 0x000000008ab00000, 0x000000008ac00000|  0%| F|  |TAMS 0x000000008ab00000, 0x000000008ab00000| Untracked 
|  90|0x000000008ac00000, 0x000000008ac00000, 0x000000008ad00000|  0%| F|  |TAMS 0x000000008ac00000, 0x000000008ac00000| Untracked 
|  91|0x000000008ad00000, 0x000000008ad00000, 0x000000008ae00000|  0%| F|  |TAMS 0x000000008ad00000, 0x000000008ad00000| Untracked 
|  92|0x000000008ae00000, 0x000000008ae00000, 0x000000008af00000|  0%| F|  |TAMS 0x000000008ae00000, 0x000000008ae00000| Untracked 
|  93|0x000000008af00000, 0x000000008af00000, 0x000000008b000000|  0%| F|  |TAMS 0x000000008af00000, 0x000000008af00000| Untracked 
|  94|0x000000008b000000, 0x000000008b000000, 0x000000008b100000|  0%| F|  |TAMS 0x000000008b000000, 0x000000008b000000| Untracked 
|  95|0x000000008b100000, 0x000000008b100000, 0x000000008b200000|  0%| F|  |TAMS 0x000000008b100000, 0x000000008b100000| Untracked 
|  96|0x000000008b200000, 0x000000008b200000, 0x000000008b300000|  0%| F|  |TAMS 0x000000008b200000, 0x000000008b200000| Untracked 
|  97|0x000000008b300000, 0x000000008b300000, 0x000000008b400000|  0%| F|  |TAMS 0x000000008b300000, 0x000000008b300000| Untracked 
|  98|0x000000008b400000, 0x000000008b400000, 0x000000008b500000|  0%| F|  |TAMS 0x000000008b400000, 0x000000008b400000| Untracked 
|  99|0x000000008b500000, 0x000000008b500000, 0x000000008b600000|  0%| F|  |TAMS 0x000000008b500000, 0x000000008b500000| Untracked 
| 100|0x000000008b600000, 0x000000008b600000, 0x000000008b700000|  0%| F|  |TAMS 0x000000008b600000, 0x000000008b600000| Untracked 
| 101|0x000000008b700000, 0x000000008b700000, 0x000000008b800000|  0%| F|  |TAMS 0x000000008b700000, 0x000000008b700000| Untracked 
| 102|0x000000008b800000, 0x000000008b800000, 0x000000008b900000|  0%| F|  |TAMS 0x000000008b800000, 0x000000008b800000| Untracked 
| 103|0x000000008b900000, 0x000000008b900000, 0x000000008ba00000|  0%| F|  |TAMS 0x000000008b900000, 0x000000008b900000| Untracked 
| 104|0x000000008ba00000, 0x000000008ba00000, 0x000000008bb00000|  0%| F|  |TAMS 0x000000008ba00000, 0x000000008ba00000| Untracked 
| 105|0x000000008bb00000, 0x000000008bb00000, 0x000000008bc00000|  0%| F|  |TAMS 0x000000008bb00000, 0x000000008bb00000| Untracked 
| 106|0x000000008bc00000, 0x000000008bc00000, 0x000000008bd00000|  0%| F|  |TAMS 0x000000008bc00000, 0x000000008bc00000| Untracked 
| 107|0x000000008bd00000, 0x000000008bd00000, 0x000000008be00000|  0%| F|  |TAMS 0x000000008bd00000, 0x000000008bd00000| Untracked 
| 108|0x000000008be00000, 0x000000008be00000, 0x000000008bf00000|  0%| F|  |TAMS 0x000000008be00000, 0x000000008be00000| Untracked 
| 109|0x000000008bf00000, 0x000000008bf00000, 0x000000008c000000|  0%| F|  |TAMS 0x000000008bf00000, 0x000000008bf00000| Untracked 
| 110|0x000000008c000000, 0x000000008c000000, 0x000000008c100000|  0%| F|  |TAMS 0x000000008c000000, 0x000000008c000000| Untracked 
| 111|0x000000008c100000, 0x000000008c100000, 0x000000008c200000|  0%| F|  |TAMS 0x000000008c100000, 0x000000008c100000| Untracked 
| 112|0x000000008c200000, 0x000000008c200000, 0x000000008c300000|  0%| F|  |TAMS 0x000000008c200000, 0x000000008c200000| Untracked 
| 113|0x000000008c300000, 0x000000008c300000, 0x000000008c400000|  0%| F|  |TAMS 0x000000008c300000, 0x000000008c300000| Untracked 
| 114|0x000000008c400000, 0x000000008c400000, 0x000000008c500000|  0%| F|  |TAMS 0x000000008c400000, 0x000000008c400000| Untracked 
| 115|0x000000008c500000, 0x000000008c500000, 0x000000008c600000|  0%| F|  |TAMS 0x000000008c500000, 0x000000008c500000| Untracked 
| 116|0x000000008c600000, 0x000000008c600000, 0x000000008c700000|  0%| F|  |TAMS 0x000000008c600000, 0x000000008c600000| Untracked 
| 117|0x000000008c700000, 0x000000008c700000, 0x000000008c800000|  0%| F|  |TAMS 0x000000008c700000, 0x000000008c700000| Untracked 
| 118|0x000000008c800000, 0x000000008c800000, 0x000000008c900000|  0%| F|  |TAMS 0x000000008c800000, 0x000000008c800000| Untracked 
| 119|0x000000008c900000, 0x000000008c900000, 0x000000008ca00000|  0%| F|  |TAMS 0x000000008c900000, 0x000000008c900000| Untracked 
| 120|0x000000008ca00000, 0x000000008ca00000, 0x000000008cb00000|  0%| F|  |TAMS 0x000000008ca00000, 0x000000008ca00000| Untracked 
| 121|0x000000008cb00000, 0x000000008cb00000, 0x000000008cc00000|  0%| F|  |TAMS 0x000000008cb00000, 0x000000008cb00000| Untracked 
| 122|0x000000008cc00000, 0x000000008cc7b688, 0x000000008cd00000| 48%| E|  |TAMS 0x000000008cc00000, 0x000000008cc00000| Complete 
| 123|0x000000008cd00000, 0x000000008ce00000, 0x000000008ce00000|100%| E|CS|TAMS 0x000000008cd00000, 0x000000008cd00000| Complete 
|1964|0x00000000ffe00000, 0x00000000ffe34000, 0x00000000fff00000| 20%|OA|  |TAMS 0x00000000ffe00000, 0x00000000ffe00000| Untracked 
|1965|0x00000000fff00000, 0x00000000fff6a000, 0x0000000100000000| 41%|CA|  |TAMS 0x00000000fff00000, 0x00000000fff00000| Untracked 

Card table byte_map: [0x00007f09b19ce000,0x00007f09b1da5000] _byte_map_base: 0x00007f09b15a5000

Marking Bits (Prev, Next): (CMBitMap*) 0x00007f09ac050d58, (CMBitMap*) 0x00007f09ac050d90
 Prev Bits: [0x00007f098e148000, 0x00007f0990000000)
 Next Bits: [0x00007f098c290000, 0x00007f098e148000)

Polling page: 0x00007f09b6aa9000

Metaspace:

Usage:
  Non-class:      4.20 MB capacity,   424.56 KB ( 10%) used,     3.79 MB ( 90%) free+waste,   512 bytes ( <1%) overhead. 
      Class:    424.00 KB capacity,    23.40 KB (  6%) used,   400.23 KB ( 94%) free+waste,   384 bytes ( <1%) overhead. 
       Both:      4.62 MB capacity,   447.96 KB (  9%) used,     4.18 MB ( 91%) free+waste,   896 bytes ( <1%) overhead. 

Virtual space:
  Non-class space:        8.00 MB reserved,       4.25 MB ( 53%) committed 
      Class space:        1.00 GB reserved,     512.00 KB ( <1%) committed 
             Both:        1.01 GB reserved,       4.75 MB ( <1%) committed 

Chunk freelists:
   Non-Class:  20.00 KB
       Class:  24.00 KB
        Both:  44.00 KB

CodeHeap 'non-profiled nmethods': size=120032Kb used=22Kb max_used=22Kb free=120009Kb
 bounds [0x00007f099c41e000, 0x00007f099c68e000, 0x00007f09a3956000]
CodeHeap 'profiled nmethods': size=120028Kb used=132Kb max_used=132Kb free=119895Kb
 bounds [0x00007f0994ee7000, 0x00007f0995157000, 0x00007f099c41e000]
CodeHeap 'non-nmethods': size=5700Kb used=1036Kb max_used=1047Kb free=4663Kb
 bounds [0x00007f0994956000, 0x00007f0994bc6000, 0x00007f0994ee7000]
 total_blobs=465 nmethods=95 adapters=230
 compilation: enabled
              stopped_count=0, restarted_count=0
 full_count=0

Compilation events (10 events):
Event: 0.055 Thread 0x00007f09ac125000 nmethod 90 0x00007f0994f05310 code [0x00007f0994f055a0, 0x00007f0994f06138]
Event: 0.055 Thread 0x00007f09ac125000   91       1       java.util.zip.Inflater$InflaterZStreamRef::address (5 bytes)
Event: 0.055 Thread 0x00007f09ac125000 nmethod 91 0x00007f099c423810 code [0x00007f099c4239c0, 0x00007f099c423af0]
Event: 0.062 Thread 0x00007f09ac125000   92       3       java.lang.AbstractStringBuilder::putStringAt (29 bytes)
Event: 0.062 Thread 0x00007f09ac125000 nmethod 92 0x00007f0994f06590 code [0x00007f0994f06780, 0x00007f0994f06af8]
Event: 0.062 Thread 0x00007f09ac125000   95       3       java.lang.AbstractStringBuilder::append (45 bytes)
Event: 0.063 Thread 0x00007f09ac125000 nmethod 95 0x00007f0994f06c10 code [0x00007f0994f06e40, 0x00007f0994f073d8]
Event: 0.063 Thread 0x00007f09ac125000   93       3       java.lang.AbstractStringBuilder::getCoder (15 bytes)
Event: 0.063 Thread 0x00007f09ac125000 nmethod 93 0x00007f0994f07610 code [0x00007f0994f077c0, 0x00007f0994f07970]
Event: 0.063 Thread 0x00007f09ac125000   94       3       java.lang.String::getBytes (44 bytes)

GC Heap History (0 events):
No events

Deoptimization events (4 events):
Event: 0.031 Thread 0x00007f09ac012000 Uncommon trap: trap_request=0xffffff4d fr.pc=0x00007f099c4223c8 relative=0x0000000000000088
Event: 0.031 Thread 0x00007f09ac012000 Uncommon trap: reason=unstable_if action=reinterpret pc=0x00007f099c4223c8 method=java.lang.String.hashCode()I @ 14 c2
Event: 0.031 Thread 0x00007f09ac012000 DEOPT PACKING pc=0x00007f099c4223c8 sp=0x00007f09b6a8e1a0
Event: 0.031 Thread 0x00007f09ac012000 DEOPT UNPACKING pc=0x00007f099497e9a5 sp=0x00007f09b6a8e158 mode 2

Classes redefined (0 events):
No events

Internal exceptions (0 events):
No events

Events (10 events):
Event: 0.053 loading class com/cyberbotics/webots/controller/Accelerometer
Event: 0.053 loading class com/cyberbotics/webots/controller/Accelerometer done
Event: 0.053 loading class com/cyberbotics/webots/controller/GPS
Event: 0.053 loading class com/cyberbotics/webots/controller/GPS done
Event: 0.053 loading class com/cyberbotics/webots/controller/Gyro
Event: 0.053 loading class com/cyberbotics/webots/controller/Gyro done
Event: 0.054 loading class com/cyberbotics/webots/controller/TouchSensor
Event: 0.054 loading class com/cyberbotics/webots/controller/TouchSensor done
Event: 0.054 loading class com/cyberbotics/webots/controller/Motion
Event: 0.054 loading class com/cyberbotics/webots/controller/Motion done


Dynamic libraries:
85200000-8ce00000 rw-p 00000000 00:00 0 
8ce00000-ffe00000 ---p 00000000 00:00 0 
ffe00000-ffe34000 rw-p 01116000 08:01 23594776                           /usr/lib/jvm/java-11-openjdk-amd64/lib/server/classes.jsa
ffe34000-fff00000 rw-p 00000000 00:00 0 
fff00000-fff6a000 rw-p 010ac000 08:01 23594776                           /usr/lib/jvm/java-11-openjdk-amd64/lib/server/classes.jsa
fff6a000-100000000 rw-p 00000000 00:00 0 
800000000-800002000 rwxp 00001000 08:01 23594776                         /usr/lib/jvm/java-11-openjdk-amd64/lib/server/classes.jsa
800002000-8003bd000 rw-p 00003000 08:01 23594776                         /usr/lib/jvm/java-11-openjdk-amd64/lib/server/classes.jsa
8003bd000-800a98000 r--p 003be000 08:01 23594776                         /usr/lib/jvm/java-11-openjdk-amd64/lib/server/classes.jsa
800a98000-800a99000 rw-p 00a99000 08:01 23594776                         /usr/lib/jvm/java-11-openjdk-amd64/lib/server/classes.jsa
800a99000-8010ab000 r--p 00a9a000 08:01 23594776                         /usr/lib/jvm/java-11-openjdk-amd64/lib/server/classes.jsa
840000000-840080000 rw-p 00000000 00:00 0 
840080000-880000000 ---p 00000000 00:00 0 
562611f69000-562611f6a000 r-xp 00000000 08:01 23598662                   /usr/lib/jvm/java-11-openjdk-amd64/bin/java
56261216a000-56261216b000 r--p 00001000 08:01 23598662                   /usr/lib/jvm/java-11-openjdk-amd64/bin/java
56261216b000-56261216c000 rw-p 00002000 08:01 23598662                   /usr/lib/jvm/java-11-openjdk-amd64/bin/java
562612ca0000-562612cc1000 rw-p 00000000 00:00 0                          [heap]
7f094c000000-7f094c021000 rw-p 00000000 00:00 0 
7f094c021000-7f0950000000 ---p 00000000 00:00 0 
7f0954000000-7f0954021000 rw-p 00000000 00:00 0 
7f0954021000-7f0958000000 ---p 00000000 00:00 0 
7f0958000000-7f0958021000 rw-p 00000000 00:00 0 
7f0958021000-7f095c000000 ---p 00000000 00:00 0 
7f095c000000-7f095c067000 rw-p 00000000 00:00 0 
7f095c067000-7f0960000000 ---p 00000000 00:00 0 
7f0960000000-7f0960021000 rw-p 00000000 00:00 0 
7f0960021000-7f0964000000 ---p 00000000 00:00 0 
7f0964000000-7f0964021000 rw-p 00000000 00:00 0 
7f0964021000-7f0968000000 ---p 00000000 00:00 0 
7f0968000000-7f0968068000 rw-p 00000000 00:00 0 
7f0968068000-7f096c000000 ---p 00000000 00:00 0 
7f096c000000-7f096c021000 rw-p 00000000 00:00 0 
7f096c021000-7f0970000000 ---p 00000000 00:00 0 
7f0970000000-7f0970021000 rw-p 00000000 00:00 0 
7f0970021000-7f0974000000 ---p 00000000 00:00 0 
7f0974000000-7f0974021000 rw-p 00000000 00:00 0 
7f0974021000-7f0978000000 ---p 00000000 00:00 0 
7f0978000000-7f0978021000 rw-p 00000000 00:00 0 
7f0978021000-7f097c000000 ---p 00000000 00:00 0 
7f097c000000-7f097c021000 rw-p 00000000 00:00 0 
7f097c021000-7f0980000000 ---p 00000000 00:00 0 
7f0980000000-7f0980021000 rw-p 00000000 00:00 0 
7f0980021000-7f0984000000 ---p 00000000 00:00 0 
7f09845e2000-7f09845e5000 r-xp 00000000 08:01 26486644                   /home/pc/Downloads/webots/resources/projects/plugins/robot_windows/generic/libgeneric.so
7f09845e5000-7f09847e4000 ---p 00003000 08:01 26486644                   /home/pc/Downloads/webots/resources/projects/plugins/robot_windows/generic/libgeneric.so
7f09847e4000-7f09847e5000 r--p 00002000 08:01 26486644                   /home/pc/Downloads/webots/resources/projects/plugins/robot_windows/generic/libgeneric.so
7f09847e5000-7f09847e6000 rw-p 00003000 08:01 26486644                   /home/pc/Downloads/webots/resources/projects/plugins/robot_windows/generic/libgeneric.so
7f09847e6000-7f09847f1000 r-xp 00000000 08:01 27920478                   /home/pc/Downloads/webots/lib/libjbig.so.0
7f09847f1000-7f09849f0000 ---p 0000b000 08:01 27920478                   /home/pc/Downloads/webots/lib/libjbig.so.0
7f09849f0000-7f09849f1000 r--p 0000a000 08:01 27920478                   /home/pc/Downloads/webots/lib/libjbig.so.0
7f09849f1000-7f09849f4000 rw-p 0000b000 08:01 27920478                   /home/pc/Downloads/webots/lib/libjbig.so.0
7f09849f4000-7f0984a18000 r-xp 00000000 08:01 14684814                   /lib/x86_64-linux-gnu/liblzma.so.5.2.2
7f0984a18000-7f0984c18000 ---p 00024000 08:01 14684814                   /lib/x86_64-linux-gnu/liblzma.so.5.2.2
7f0984c18000-7f0984c19000 r--p 00024000 08:01 14684814                   /lib/x86_64-linux-gnu/liblzma.so.5.2.2
7f0984c19000-7f0984c1a000 rw-p 00025000 08:01 14684814                   /lib/x86_64-linux-gnu/liblzma.so.5.2.2
7f0984c1a000-7f0984c3e000 r-xp 00000000 08:01 27920388                   /home/pc/Downloads/webots/lib/libpng12.so.0
7f0984c3e000-7f0984e3d000 ---p 00024000 08:01 27920388                   /home/pc/Downloads/webots/lib/libpng12.so.0
7f0984e3d000-7f0984e3e000 r--p 00023000 08:01 27920388                   /home/pc/Downloads/webots/lib/libpng12.so.0
7f0984e3e000-7f0984e3f000 rw-p 00024000 08:01 27920388                   /home/pc/Downloads/webots/lib/libpng12.so.0
7f0984e3f000-7f0984e96000 r-xp 00000000 08:01 27920398                   /home/pc/Downloads/webots/lib/libjpeg.so.8
7f0984e96000-7f0985096000 ---p 00057000 08:01 27920398                   /home/pc/Downloads/webots/lib/libjpeg.so.8
7f0985096000-7f0985097000 r--p 00057000 08:01 27920398                   /home/pc/Downloads/webots/lib/libjpeg.so.8
7f0985097000-7f0985098000 rw-p 00058000 08:01 27920398                   /home/pc/Downloads/webots/lib/libjpeg.so.8
7f0985098000-7f0985109000 r-xp 00000000 08:01 27920411                   /home/pc/Downloads/webots/lib/libtiff.so.5
7f0985109000-7f0985309000 ---p 00071000 08:01 27920411                   /home/pc/Downloads/webots/lib/libtiff.so.5
7f0985309000-7f098530a000 r--p 00071000 08:01 27920411                   /home/pc/Downloads/webots/lib/libtiff.so.5
7f098530a000-7f098530d000 rw-p 00072000 08:01 27920411                   /home/pc/Downloads/webots/lib/libtiff.so.5
7f098530d000-7f0985359000 r-xp 00000000 08:01 27920472                   /home/pc/Downloads/webots/lib/libController.so
7f0985359000-7f0985558000 ---p 0004c000 08:01 27920472                   /home/pc/Downloads/webots/lib/libController.so
7f0985558000-7f0985559000 r--p 0004b000 08:01 27920472                   /home/pc/Downloads/webots/lib/libController.so
7f0985559000-7f098555a000 rw-p 0004c000 08:01 27920472                   /home/pc/Downloads/webots/lib/libController.so
7f098555a000-7f098555b000 rw-p 00000000 00:00 0 
7f098555b000-7f0985595000 r-xp 00000000 08:01 27920444                   /home/pc/Downloads/webots/lib/libCppController.so
7f0985595000-7f0985794000 ---p 0003a000 08:01 27920444                   /home/pc/Downloads/webots/lib/libCppController.so
7f0985794000-7f0985796000 r--p 00039000 08:01 27920444                   /home/pc/Downloads/webots/lib/libCppController.so
7f0985796000-7f0985798000 rw-p 0003b000 08:01 27920444                   /home/pc/Downloads/webots/lib/libCppController.so
7f0985798000-7f09857d4000 r-xp 00000000 08:01 27920368                   /home/pc/Downloads/webots/lib/java/libJavaController.so
7f09857d4000-7f09859d3000 ---p 0003c000 08:01 27920368                   /home/pc/Downloads/webots/lib/java/libJavaController.so
7f09859d3000-7f09859d4000 r--p 0003b000 08:01 27920368                   /home/pc/Downloads/webots/lib/java/libJavaController.so
7f09859d4000-7f09859d5000 rw-p 0003c000 08:01 27920368                   /home/pc/Downloads/webots/lib/java/libJavaController.so
7f09859d5000-7f09859eb000 r-xp 00000000 08:01 23598796                   /usr/lib/jvm/java-11-openjdk-amd64/lib/libnet.so
7f09859eb000-7f0985bea000 ---p 00016000 08:01 23598796                   /usr/lib/jvm/java-11-openjdk-amd64/lib/libnet.so
7f0985bea000-7f0985beb000 r--p 00015000 08:01 23598796                   /usr/lib/jvm/java-11-openjdk-amd64/lib/libnet.so
7f0985beb000-7f0985bec000 rw-p 00016000 08:01 23598796                   /usr/lib/jvm/java-11-openjdk-amd64/lib/libnet.so
7f0985bec000-7f0985bfc000 r-xp 00000000 08:01 23598797                   /usr/lib/jvm/java-11-openjdk-amd64/lib/libnio.so
7f0985bfc000-7f0985dfb000 ---p 00010000 08:01 23598797                   /usr/lib/jvm/java-11-openjdk-amd64/lib/libnio.so
7f0985dfb000-7f0985dfc000 r--p 0000f000 08:01 23598797                   /usr/lib/jvm/java-11-openjdk-amd64/lib/libnio.so
7f0985dfc000-7f0985dfd000 rw-p 00010000 08:01 23598797                   /usr/lib/jvm/java-11-openjdk-amd64/lib/libnio.so
7f0985dfd000-7f0985e01000 ---p 00000000 00:00 0 
7f0985e01000-7f0985efe000 rw-p 00000000 00:00 0 
7f0985efe000-7f0985eff000 ---p 00000000 00:00 0 
7f0985eff000-7f0988000000 rw-p 00000000 00:00 0 
7f0988000000-7f0988021000 rw-p 00000000 00:00 0 
7f0988021000-7f098c000000 ---p 00000000 00:00 0 
7f098c08e000-7f098c092000 ---p 00000000 00:00 0 
7f098c092000-7f098c18f000 rw-p 00000000 00:00 0 
7f098c18f000-7f098c193000 ---p 00000000 00:00 0 
7f098c193000-7f098c480000 rw-p 00000000 00:00 0 
7f098c480000-7f098e140000 ---p 00000000 00:00 0 
7f098e140000-7f098e338000 rw-p 00000000 00:00 0 
7f098e338000-7f098fff8000 ---p 00000000 00:00 0 
7f098fff8000-7f0990000000 rw-p 00000000 00:00 0 
7f0990000000-7f0990021000 rw-p 00000000 00:00 0 
7f0990021000-7f0994000000 ---p 00000000 00:00 0 
7f099401f000-7f0994023000 ---p 00000000 00:00 0 
7f0994023000-7f0994120000 rw-p 00000000 00:00 0 
7f0994120000-7f0994124000 ---p 00000000 00:00 0 
7f0994124000-7f0994221000 rw-p 00000000 00:00 0 
7f0994221000-7f0994225000 ---p 00000000 00:00 0 
7f0994225000-7f0994322000 rw-p 00000000 00:00 0 
7f0994322000-7f0994652000 r--p 00000000 08:01 23598983                   /usr/lib/locale/locale-archive
7f0994652000-7f0994656000 ---p 00000000 00:00 0 
7f0994656000-7f0994753000 rw-p 00000000 00:00 0 
7f0994753000-7f0994757000 ---p 00000000 00:00 0 
7f0994757000-7f0994854000 rw-p 00000000 00:00 0 
7f0994854000-7f0994855000 ---p 00000000 00:00 0 
7f0994855000-7f0994956000 rw-p 00000000 00:00 0 
7f0994956000-7f0994bc6000 rwxp 00000000 00:00 0 
7f0994bc6000-7f0994ee7000 ---p 00000000 00:00 0 
7f0994ee7000-7f0995157000 rwxp 00000000 00:00 0 
7f0995157000-7f099c41e000 ---p 00000000 00:00 0 
7f099c41e000-7f099c68e000 rwxp 00000000 00:00 0 
7f099c68e000-7f09a3956000 ---p 00000000 00:00 0 
7f09a3956000-7f09ac000000 r--s 00000000 08:01 23598823                   /usr/lib/jvm/java-11-openjdk-amd64/lib/modules
7f09ac000000-7f09ac1ed000 rw-p 00000000 00:00 0 
7f09ac1ed000-7f09b0000000 ---p 00000000 00:00 0 
7f09b00b2000-7f09b0627000 rw-p 00000000 00:00 0 
7f09b0627000-7f09b09e7000 ---p 00000000 00:00 0 
7f09b09e7000-7f09b09e8000 ---p 00000000 00:00 0 
7f09b09e8000-7f09b0ae9000 rw-p 00000000 00:00 0 
7f09b0ae9000-7f09b0aea000 ---p 00000000 00:00 0 
7f09b0aea000-7f09b13f3000 rw-p 00000000 00:00 0 
7f09b13f3000-7f09b13f4000 ---p 00000000 00:00 0 
7f09b13f4000-7f09b14f5000 rw-p 00000000 00:00 0 
7f09b14f5000-7f09b14f6000 ---p 00000000 00:00 0 
7f09b14f6000-7f09b1635000 rw-p 00000000 00:00 0 
7f09b1635000-7f09b19cd000 ---p 00000000 00:00 0 
7f09b19cd000-7f09b1a0c000 rw-p 00000000 00:00 0 
7f09b1a0c000-7f09b1da4000 ---p 00000000 00:00 0 
7f09b1da4000-7f09b1de3000 rw-p 00000000 00:00 0 
7f09b1de3000-7f09b217b000 ---p 00000000 00:00 0 
7f09b217b000-7f09b2984000 rw-p 00000000 00:00 0 
7f09b2984000-7f09b2985000 ---p 00000000 00:00 0 
7f09b2985000-7f09b2a8b000 rw-p 00000000 00:00 0 
7f09b2a8b000-7f09b2b71000 ---p 00000000 00:00 0 
7f09b2b71000-7f09b2b76000 rw-p 00000000 00:00 0 
7f09b2b76000-7f09b2c5c000 ---p 00000000 00:00 0 
7f09b2c5c000-7f09b2c61000 r-xp 00000000 08:01 23598787                   /usr/lib/jvm/java-11-openjdk-amd64/lib/libjimage.so
7f09b2c61000-7f09b2e60000 ---p 00005000 08:01 23598787                   /usr/lib/jvm/java-11-openjdk-amd64/lib/libjimage.so
7f09b2e60000-7f09b2e61000 r--p 00004000 08:01 23598787                   /usr/lib/jvm/java-11-openjdk-amd64/lib/libjimage.so
7f09b2e61000-7f09b2e62000 rw-p 00005000 08:01 23598787                   /usr/lib/jvm/java-11-openjdk-amd64/lib/libjimage.so
7f09b2e62000-7f09b2e69000 r-xp 00000000 08:01 23598822                   /usr/lib/jvm/java-11-openjdk-amd64/lib/libzip.so
7f09b2e69000-7f09b3068000 ---p 00007000 08:01 23598822                   /usr/lib/jvm/java-11-openjdk-amd64/lib/libzip.so
7f09b3068000-7f09b3069000 r--p 00006000 08:01 23598822                   /usr/lib/jvm/java-11-openjdk-amd64/lib/libzip.so
7f09b3069000-7f09b306a000 rw-p 00007000 08:01 23598822                   /usr/lib/jvm/java-11-openjdk-amd64/lib/libzip.so
7f09b306a000-7f09b3075000 r-xp 00000000 08:01 14684844                   /lib/x86_64-linux-gnu/libnss_files-2.27.so
7f09b3075000-7f09b3274000 ---p 0000b000 08:01 14684844                   /lib/x86_64-linux-gnu/libnss_files-2.27.so
7f09b3274000-7f09b3275000 r--p 0000a000 08:01 14684844                   /lib/x86_64-linux-gnu/libnss_files-2.27.so
7f09b3275000-7f09b3276000 rw-p 0000b000 08:01 14684844                   /lib/x86_64-linux-gnu/libnss_files-2.27.so
7f09b3276000-7f09b327c000 rw-p 00000000 00:00 0 
7f09b327c000-7f09b3293000 r-xp 00000000 08:01 14684838                   /lib/x86_64-linux-gnu/libnsl-2.27.so
7f09b3293000-7f09b3492000 ---p 00017000 08:01 14684838                   /lib/x86_64-linux-gnu/libnsl-2.27.so
7f09b3492000-7f09b3493000 r--p 00016000 08:01 14684838                   /lib/x86_64-linux-gnu/libnsl-2.27.so
7f09b3493000-7f09b3494000 rw-p 00017000 08:01 14684838                   /lib/x86_64-linux-gnu/libnsl-2.27.so
7f09b3494000-7f09b3496000 rw-p 00000000 00:00 0 
7f09b3496000-7f09b34a1000 r-xp 00000000 08:01 14684855                   /lib/x86_64-linux-gnu/libnss_nis-2.27.so
7f09b34a1000-7f09b36a0000 ---p 0000b000 08:01 14684855                   /lib/x86_64-linux-gnu/libnss_nis-2.27.so
7f09b36a0000-7f09b36a1000 r--p 0000a000 08:01 14684855                   /lib/x86_64-linux-gnu/libnss_nis-2.27.so
7f09b36a1000-7f09b36a2000 rw-p 0000b000 08:01 14684855                   /lib/x86_64-linux-gnu/libnss_nis-2.27.so
7f09b36a2000-7f09b36aa000 r-xp 00000000 08:01 14684840                   /lib/x86_64-linux-gnu/libnss_compat-2.27.so
7f09b36aa000-7f09b38aa000 ---p 00008000 08:01 14684840                   /lib/x86_64-linux-gnu/libnss_compat-2.27.so
7f09b38aa000-7f09b38ab000 r--p 00008000 08:01 14684840                   /lib/x86_64-linux-gnu/libnss_compat-2.27.so
7f09b38ab000-7f09b38ac000 rw-p 00009000 08:01 14684840                   /lib/x86_64-linux-gnu/libnss_compat-2.27.so
7f09b38ac000-7f09b38d5000 r-xp 00000000 08:01 23598779                   /usr/lib/jvm/java-11-openjdk-amd64/lib/libjava.so
7f09b38d5000-7f09b3ad4000 ---p 00029000 08:01 23598779                   /usr/lib/jvm/java-11-openjdk-amd64/lib/libjava.so
7f09b3ad4000-7f09b3ad5000 r--p 00028000 08:01 23598779                   /usr/lib/jvm/java-11-openjdk-amd64/lib/libjava.so
7f09b3ad5000-7f09b3ad7000 rw-p 00029000 08:01 23598779                   /usr/lib/jvm/java-11-openjdk-amd64/lib/libjava.so
7f09b3ad7000-7f09b3ae4000 r-xp 00000000 08:01 23598814                   /usr/lib/jvm/java-11-openjdk-amd64/lib/libverify.so
7f09b3ae4000-7f09b3ce3000 ---p 0000d000 08:01 23598814                   /usr/lib/jvm/java-11-openjdk-amd64/lib/libverify.so
7f09b3ce3000-7f09b3ce5000 r--p 0000c000 08:01 23598814                   /usr/lib/jvm/java-11-openjdk-amd64/lib/libverify.so
7f09b3ce5000-7f09b3ce6000 rw-p 0000e000 08:01 23598814                   /usr/lib/jvm/java-11-openjdk-amd64/lib/libverify.so
7f09b3ce6000-7f09b3ced000 r-xp 00000000 08:01 14684895                   /lib/x86_64-linux-gnu/librt-2.27.so
7f09b3ced000-7f09b3eec000 ---p 00007000 08:01 14684895                   /lib/x86_64-linux-gnu/librt-2.27.so
7f09b3eec000-7f09b3eed000 r--p 00006000 08:01 14684895                   /lib/x86_64-linux-gnu/librt-2.27.so
7f09b3eed000-7f09b3eee000 rw-p 00007000 08:01 14684895                   /lib/x86_64-linux-gnu/librt-2.27.so
7f09b3eee000-7f09b3f05000 r-xp 00000000 08:01 14680140                   /lib/x86_64-linux-gnu/libgcc_s.so.1
7f09b3f05000-7f09b4104000 ---p 00017000 08:01 14680140                   /lib/x86_64-linux-gnu/libgcc_s.so.1
7f09b4104000-7f09b4105000 r--p 00016000 08:01 14680140                   /lib/x86_64-linux-gnu/libgcc_s.so.1
7f09b4105000-7f09b4106000 rw-p 00017000 08:01 14680140                   /lib/x86_64-linux-gnu/libgcc_s.so.1
7f09b4106000-7f09b42a3000 r-xp 00000000 08:01 14684817                   /lib/x86_64-linux-gnu/libm-2.27.so
7f09b42a3000-7f09b44a2000 ---p 0019d000 08:01 14684817                   /lib/x86_64-linux-gnu/libm-2.27.so
7f09b44a2000-7f09b44a3000 r--p 0019c000 08:01 14684817                   /lib/x86_64-linux-gnu/libm-2.27.so
7f09b44a3000-7f09b44a4000 rw-p 0019d000 08:01 14684817                   /lib/x86_64-linux-gnu/libm-2.27.so
7f09b44a4000-7f09b461d000 r-xp 00000000 08:01 23597848                   /usr/lib/x86_64-linux-gnu/libstdc++.so.6.0.25
7f09b461d000-7f09b481d000 ---p 00179000 08:01 23597848                   /usr/lib/x86_64-linux-gnu/libstdc++.so.6.0.25
7f09b481d000-7f09b4827000 r--p 00179000 08:01 23597848                   /usr/lib/x86_64-linux-gnu/libstdc++.so.6.0.25
7f09b4827000-7f09b4829000 rw-p 00183000 08:01 23597848                   /usr/lib/x86_64-linux-gnu/libstdc++.so.6.0.25
7f09b4829000-7f09b482d000 rw-p 00000000 00:00 0 
7f09b482d000-7f09b58f9000 r-xp 00000000 08:01 23598827                   /usr/lib/jvm/java-11-openjdk-amd64/lib/server/libjvm.so
7f09b58f9000-7f09b5af8000 ---p 010cc000 08:01 23598827                   /usr/lib/jvm/java-11-openjdk-amd64/lib/server/libjvm.so
7f09b5af8000-7f09b5bb5000 r--p 010cb000 08:01 23598827                   /usr/lib/jvm/java-11-openjdk-amd64/lib/server/libjvm.so
7f09b5bb5000-7f09b5bee000 rw-p 01188000 08:01 23598827                   /usr/lib/jvm/java-11-openjdk-amd64/lib/server/libjvm.so
7f09b5bee000-7f09b5c44000 rw-p 00000000 00:00 0 
7f09b5c44000-7f09b5c5e000 r-xp 00000000 08:01 14684887                   /lib/x86_64-linux-gnu/libpthread-2.27.so
7f09b5c5e000-7f09b5e5d000 ---p 0001a000 08:01 14684887                   /lib/x86_64-linux-gnu/libpthread-2.27.so
7f09b5e5d000-7f09b5e5e000 r--p 00019000 08:01 14684887                   /lib/x86_64-linux-gnu/libpthread-2.27.so
7f09b5e5e000-7f09b5e5f000 rw-p 0001a000 08:01 14684887                   /lib/x86_64-linux-gnu/libpthread-2.27.so
7f09b5e5f000-7f09b5e63000 rw-p 00000000 00:00 0 
7f09b5e63000-7f09b5e66000 r-xp 00000000 08:01 14684777                   /lib/x86_64-linux-gnu/libdl-2.27.so
7f09b5e66000-7f09b6065000 ---p 00003000 08:01 14684777                   /lib/x86_64-linux-gnu/libdl-2.27.so
7f09b6065000-7f09b6066000 r--p 00002000 08:01 14684777                   /lib/x86_64-linux-gnu/libdl-2.27.so
7f09b6066000-7f09b6067000 rw-p 00003000 08:01 14684777                   /lib/x86_64-linux-gnu/libdl-2.27.so
7f09b6067000-7f09b6083000 r-xp 00000000 08:01 14684928                   /lib/x86_64-linux-gnu/libz.so.1.2.11
7f09b6083000-7f09b6282000 ---p 0001c000 08:01 14684928                   /lib/x86_64-linux-gnu/libz.so.1.2.11
7f09b6282000-7f09b6283000 r--p 0001b000 08:01 14684928                   /lib/x86_64-linux-gnu/libz.so.1.2.11
7f09b6283000-7f09b6284000 rw-p 0001c000 08:01 14684928                   /lib/x86_64-linux-gnu/libz.so.1.2.11
7f09b6284000-7f09b646b000 r-xp 00000000 08:01 14684754                   /lib/x86_64-linux-gnu/libc-2.27.so
7f09b646b000-7f09b666b000 ---p 001e7000 08:01 14684754                   /lib/x86_64-linux-gnu/libc-2.27.so
7f09b666b000-7f09b666f000 r--p 001e7000 08:01 14684754                   /lib/x86_64-linux-gnu/libc-2.27.so
7f09b666f000-7f09b6671000 rw-p 001eb000 08:01 14684754                   /lib/x86_64-linux-gnu/libc-2.27.so
7f09b6671000-7f09b6675000 rw-p 00000000 00:00 0 
7f09b6675000-7f09b6685000 r-xp 00000000 08:01 23598742                   /usr/lib/jvm/java-11-openjdk-amd64/lib/jli/libjli.so
7f09b6685000-7f09b6884000 ---p 00010000 08:01 23598742                   /usr/lib/jvm/java-11-openjdk-amd64/lib/jli/libjli.so
7f09b6884000-7f09b6885000 r--p 0000f000 08:01 23598742                   /usr/lib/jvm/java-11-openjdk-amd64/lib/jli/libjli.so
7f09b6885000-7f09b6886000 rw-p 00010000 08:01 23598742                   /usr/lib/jvm/java-11-openjdk-amd64/lib/jli/libjli.so
7f09b6886000-7f09b68ad000 r-xp 00000000 08:01 14684726                   /lib/x86_64-linux-gnu/ld-2.27.so
7f09b68cf000-7f09b6990000 rw-p 00000000 00:00 0 
7f09b6990000-7f09b6994000 ---p 00000000 00:00 0 
7f09b6994000-7f09b6a9a000 rw-p 00000000 00:00 0 
7f09b6a9a000-7f09b6aa1000 ---p 00000000 00:00 0 
7f09b6aa1000-7f09b6aa9000 rw-s 00000000 08:01 28966949                   /tmp/hsperfdata_pc/17781
7f09b6aa9000-7f09b6aaa000 ---p 00000000 00:00 0 
7f09b6aaa000-7f09b6aab000 r--p 00000000 00:00 0 
7f09b6aab000-7f09b6aad000 rw-p 00000000 00:00 0 
7f09b6aad000-7f09b6aae000 r--p 00027000 08:01 14684726                   /lib/x86_64-linux-gnu/ld-2.27.so
7f09b6aae000-7f09b6aaf000 rw-p 00028000 08:01 14684726                   /lib/x86_64-linux-gnu/ld-2.27.so
7f09b6aaf000-7f09b6ab0000 rw-p 00000000 00:00 0 
7ffcc2a51000-7ffcc2a72000 rw-p 00000000 00:00 0                          [stack]
7ffcc2adf000-7ffcc2ae2000 r--p 00000000 00:00 0                          [vvar]
7ffcc2ae2000-7ffcc2ae4000 r-xp 00000000 00:00 0                          [vdso]
ffffffffff600000-ffffffffff601000 r-xp 00000000 00:00 0                  [vsyscall]


VM Arguments:
jvm_args: -Djava.library.path=/home/pc/Downloads/webots/lib/java 
java_command: SensorController
java_class_path (initial): /home/pc/Downloads/webots/lib/java/Controller.jar:/home/pc/Dokumente/SP1920/my_project/controllers/SensorController/
Launcher Type: SUN_STANDARD

[Global flags]
     intx CICompilerCount                          = 4                                         {product} {ergonomic}
     uint ConcGCThreads                            = 2                                         {product} {ergonomic}
     uint G1ConcRefinementThreads                  = 8                                         {product} {ergonomic}
   size_t G1HeapRegionSize                         = 1048576                                   {product} {ergonomic}
    uintx GCDrainStackTargetSize                   = 64                                        {product} {ergonomic}
   size_t InitialHeapSize                          = 130023424                                 {product} {ergonomic}
   size_t MarkStackSize                            = 4194304                                   {product} {ergonomic}
   size_t MaxHeapSize                              = 2061500416                                {product} {ergonomic}
   size_t MaxNewSize                               = 1236271104                                {product} {ergonomic}
   size_t MinHeapDeltaBytes                        = 1048576                                   {product} {ergonomic}
    uintx NonNMethodCodeHeapSize                   = 5835340                                {pd product} {ergonomic}
    uintx NonProfiledCodeHeapSize                  = 122911450                              {pd product} {ergonomic}
    uintx ProfiledCodeHeapSize                     = 122911450                              {pd product} {ergonomic}
    uintx ReservedCodeCacheSize                    = 251658240                              {pd product} {ergonomic}
     bool SegmentedCodeCache                       = true                                      {product} {ergonomic}
     bool UseCompressedClassPointers               = true                                 {lp64_product} {ergonomic}
     bool UseCompressedOops                        = true                                 {lp64_product} {ergonomic}
     bool UseG1GC                                  = true                                      {product} {ergonomic}

Logging:
Log output configuration:
 #0: stdout all=warning uptime,level,tags
 #1: stderr all=off uptime,level,tags

Environment Variables:
PATH=/usr/local/sbin:/usr/local/bin:/usr/sbin:/usr/bin:/sbin:/bin:/usr/games:/usr/local/games
LD_LIBRARY_PATH=/home/pc/Downloads/webots/projects/default/libraries/vehicle:/home/pc/Downloads/webots/projects/default/libraries/ros:/home/pc/Downloads/webots/resources/projects/libraries/qt_utils:/home/pc/Dokumente/SP1920/my_project/controllers/SensorController/:/home/pc/Downloads/webots/lib/:/tmp/webots-17667/lib:
SHELL=/bin/bash
DISPLAY=:0

Signal Handlers:
SIGSEGV: [libjvm.so+0xde5f50], sa_mask[0]=11111111011111111101111111111110, sa_flags=SA_RESTART|SA_SIGINFO
SIGBUS: [libjvm.so+0xde5f50], sa_mask[0]=11111111011111111101111111111110, sa_flags=SA_RESTART|SA_SIGINFO
SIGFPE: [libjvm.so+0xde5f50], sa_mask[0]=11111111011111111101111111111110, sa_flags=SA_RESTART|SA_SIGINFO
SIGPIPE: [libjvm.so+0xbba5b0], sa_mask[0]=11111111011111111101111111111110, sa_flags=SA_RESTART|SA_SIGINFO
SIGXFSZ: [libjvm.so+0xbba5b0], sa_mask[0]=11111111011111111101111111111110, sa_flags=SA_RESTART|SA_SIGINFO
SIGILL: [libjvm.so+0xde5f50], sa_mask[0]=11111111011111111101111111111110, sa_flags=SA_RESTART|SA_SIGINFO
SIGUSR2: [libjvm.so+0xbba450], sa_mask[0]=00000000000000000000000000000000, sa_flags=SA_RESTART|SA_SIGINFO
SIGHUP: [libjvm.so+0xbba7b0], sa_mask[0]=11111111011111111101111111111110, sa_flags=SA_RESTART|SA_SIGINFO
SIGINT: [libjvm.so+0xbba7b0], sa_mask[0]=11111111011111111101111111111110, sa_flags=SA_RESTART|SA_SIGINFO
SIGTERM: [libjvm.so+0xbba7b0], sa_mask[0]=11111111011111111101111111111110, sa_flags=SA_RESTART|SA_SIGINFO
SIGQUIT: [libjvm.so+0xbba7b0], sa_mask[0]=11111111011111111101111111111110, sa_flags=SA_RESTART|SA_SIGINFO


---------------  S Y S T E M  ---------------

OS:DISTRIB_ID=LinuxMint
DISTRIB_RELEASE=19.1
DISTRIB_CODENAME=tessa
DISTRIB_DESCRIPTION="Linux Mint 19.1 Tessa"
uname:Linux 4.15.0-20-generic #21-Ubuntu SMP Tue Apr 24 06:16:15 UTC 2018 x86_64
libc:glibc 2.27 NPTL 2.27 
rlimit: STACK 8192k, CORE 0k, NPROC 31207, NOFILE 4096, AS infinity, DATA infinity, FSIZE infinity
load average:2.03 1.74 1.77

/proc/meminfo:
MemTotal:        8051996 kB
MemFree:          672100 kB
MemAvailable:    5201632 kB
Buffers:           20208 kB
Cached:          5457008 kB
SwapCached:            0 kB
Active:          3143876 kB
Inactive:        3742612 kB
Active(anon):    1410296 kB
Inactive(anon):   965732 kB
Active(file):    1733580 kB
Inactive(file):  2776880 kB
Unevictable:          32 kB
Mlocked:              32 kB
SwapTotal:       2097148 kB
SwapFree:        2097148 kB
Dirty:                52 kB
Writeback:             0 kB
AnonPages:       1409348 kB
Mapped:           723616 kB
Shmem:            966760 kB
Slab:             378516 kB
SReclaimable:     322888 kB
SUnreclaim:        55628 kB
KernelStack:       11104 kB
PageTables:        38528 kB
NFS_Unstable:          0 kB
Bounce:                0 kB
WritebackTmp:          0 kB
CommitLimit:     6123144 kB
Committed_AS:    6122688 kB
VmallocTotal:   34359738367 kB
VmallocUsed:           0 kB
VmallocChunk:          0 kB
HardwareCorrupted:     0 kB
AnonHugePages:         0 kB
ShmemHugePages:        0 kB
ShmemPmdMapped:        0 kB
CmaTotal:              0 kB
CmaFree:               0 kB
HugePages_Total:       0
HugePages_Free:        0
HugePages_Rsvd:        0
HugePages_Surp:        0
Hugepagesize:       2048 kB
DirectMap4k:      234432 kB
DirectMap2M:     8038400 kB


/proc/sys/kernel/threads-max (system-wide limit on the number of threads):
62415


/proc/sys/vm/max_map_count (maximum number of memory map areas a process may have):
65530


/proc/sys/kernel/pid_max (system-wide limit on number of process identifiers):
32768



container (cgroup) information:
container_type: cgroupv1
cpu_cpuset_cpus: 0-7
cpu_memory_nodes: 0
active_processor_count: 8
cpu_quota: -1
cpu_period: 100000
cpu_shares: -1
memory_limit_in_bytes: -1
memory_and_swap_limit_in_bytes: -2
memory_soft_limit_in_bytes: -1
memory_usage_in_bytes: 7052849152
memory_max_usage_in_bytes: 0

Steal ticks since vm start: 0
Steal ticks percentage since vm start:  0.000

CPU:total 8 (initial active 8) (4 cores per cpu, 2 threads per core) family 6 model 58 stepping 9, cmov, cx8, fxsr, mmx, sse, sse2, sse3, ssse3, sse4.1, sse4.2, popcnt, avx, aes, clmul, erms, ht, tsc, tscinvbit, tscinv
CPU Model and flags from /proc/cpuinfo:
model name	: Intel(R) Core(TM) i7-3770 CPU @ 3.40GHz
flags		: fpu vme de pse tsc msr pae mce cx8 apic sep mtrr pge mca cmov pat pse36 clflush dts acpi mmx fxsr sse sse2 ss ht tm pbe syscall nx rdtscp lm constant_tsc arch_perfmon pebs bts rep_good nopl xtopology nonstop_tsc cpuid aperfmperf pni pclmulqdq dtes64 monitor ds_cpl vmx smx est tm2 ssse3 cx16 xtpr pdcm pcid sse4_1 sse4_2 x2apic popcnt tsc_deadline_timer aes xsave avx f16c rdrand lahf_lm cpuid_fault epb pti tpr_shadow vnmi flexpriority ept vpid fsgsbase smep erms xsaveopt dtherm ida arat pln pts

Memory: 4k page, physical 8051996k(672100k free), swap 2097148k(2097148k free)

vm_info: OpenJDK 64-Bit Server VM (11.0.4+11-post-Ubuntu-1ubuntu218.04.3) for linux-amd64 JRE (11.0.4+11-post-Ubuntu-1ubuntu218.04.3), built on Jul 18 2019 18:21:46 by "buildd" with gcc 7.4.0

END.
