#
# A fatal error has been detected by the Java Runtime Environment:
#
#  SIGSEGV (0xb) at pc=0x00007f67e7428b32, pid=3421, tid=3422
#
# JRE version: OpenJDK Runtime Environment (10.0.2+13) (build 10.0.2+13-Ubuntu-1ubuntu0.18.04.4)
# Java VM: OpenJDK 64-Bit Server VM (10.0.2+13-Ubuntu-1ubuntu0.18.04.4, mixed mode, tiered, compressed oops, g1 gc, linux-amd64)
# Problematic frame:
# C  [libController.so+0x1bb32]  wbu_motion_new+0x5d2
#
# Core dump will be written. Default location: Core dumps may be processed with "/usr/share/apport/apport %p %s %c %d %P" (or dumping to /home/pc/Dokumente/my_project/controllers/SensorController/core.3421)
#
# If you would like to submit a bug report, please visit:
#   http://bugreport.java.com/bugreport/crash.jsp
# The crash happened outside the Java Virtual Machine in native code.
# See problematic frame for where to report the bug.
#

---------------  S U M M A R Y ------------

Command Line: -Djava.library.path=/home/pc/Downloads/webots/lib/java SensorController

Host: Intel(R) Core(TM) i7-3770 CPU @ 3.40GHz, 8 cores, 7G, Linux Mint 19.1 Tessa
Time: Wed Jun 19 10:49:40 2019 CEST elapsed time: 0 seconds (0d 0h 0m 0s)

---------------  T H R E A D  ---------------

Current thread (0x00007f6884012000):  JavaThread "main" [_thread_in_native, id=3422, stack(0x00007f688e7ae000,0x00007f688e8af000)]

Stack: [0x00007f688e7ae000,0x00007f688e8af000],  sp=0x00007f688e8ac6f0,  free space=1017k
Native frames: (J=compiled Java code, A=aot compiled Java code, j=interpreted, Vv=VM code, C=native code)
C  [libController.so+0x1bb32]  wbu_motion_new+0x5d2
C  [libCppController.so+0x28c7a]  webots::Motion::Motion(std::__cxx11::basic_string<char, std::char_traits<char>, std::allocator<char> > const&)+0x36
C  [libJavaController.so+0x27c5d]  Java_com_cyberbotics_webots_controller_wrapperJNI_new_1Motion+0x10a
j  com.cyberbotics.webots.controller.wrapperJNI.new_Motion(Ljava/lang/String;)J+0
j  com.cyberbotics.webots.controller.Motion.<init>(Ljava/lang/String;)V+2
j  SensorController.loadMotionFiles()V+118
j  SensorController.main([Ljava/lang/String;)V+22
v  ~StubRoutines::call_stub
V  [libjvm.so+0x83d38f]
V  [libjvm.so+0x85c3cd]
V  [libjvm.so+0x85e60e]
C  [libjli.so+0x4aa0]
C  [libjli.so+0x89dd]
C  [libpthread.so.0+0x76db]  start_thread+0xdb

Java frames: (J=compiled Java code, j=interpreted, Vv=VM code)
j  com.cyberbotics.webots.controller.wrapperJNI.new_Motion(Ljava/lang/String;)J+0
j  com.cyberbotics.webots.controller.Motion.<init>(Ljava/lang/String;)V+2
j  SensorController.loadMotionFiles()V+118
j  SensorController.main([Ljava/lang/String;)V+22
v  ~StubRoutines::call_stub

siginfo: si_signo: 11 (SIGSEGV), si_code: 1 (SEGV_MAPERR), si_addr: 0x0000000000000000

Register to memory mapping:

RAX=0x0000000000000000 is an unknown value
RBX=0x00007f68842a6960 is an unknown value
RCX=0x0000000000000000 is an unknown value
RDX=0x00007f688e490a68: <offset 0x00000000003eda68> in /lib/x86_64-linux-gnu/libc.so.6 at 0x00007f688e0a3000
RSP=0x00007f688e8ac6f0 is pointing into the stack for thread: 0x00007f6884012000
RBP=0x00007f688e8ad770 is pointing into the stack for thread: 0x00007f6884012000
RSI=0x00007f67e7445fc3: <offset 0x0000000000038fc3> in /home/pc/Downloads/webots/lib/libController.so at 0x00007f67e740d000
RDI=0x0000000000000000 is an unknown value
R8 =0x0000000000000001 is an unknown value
R9 =0x0000000000000000 is an unknown value
R10=0x00007f688e241cc0: <offset 0x000000000019ecc0> in /lib/x86_64-linux-gnu/libc.so.6 at 0x00007f688e0a3000
R11=0x00007f67e7445fb5: <offset 0x0000000000038fb5> in /home/pc/Downloads/webots/lib/libController.so at 0x00007f67e740d000
R12=0x0000000000000128 is an unknown value
R13=0x0000000000000094 is an unknown value
R14=0x0000000000000000 is an unknown value
R15=0x0000000000000000 is an unknown value


Registers:
RAX=0x0000000000000000, RBX=0x00007f68842a6960, RCX=0x0000000000000000, RDX=0x00007f688e490a68
RSP=0x00007f688e8ac6f0, RBP=0x00007f688e8ad770, RSI=0x00007f67e7445fc3, RDI=0x0000000000000000
R8 =0x0000000000000001, R9 =0x0000000000000000, R10=0x00007f688e241cc0, R11=0x00007f67e7445fb5
R12=0x0000000000000128, R13=0x0000000000000094, R14=0x0000000000000000, R15=0x0000000000000000
RIP=0x00007f67e7428b32, EFLAGS=0x0000000000010246, CSGSFS=0x002b000000000033, ERR=0x0000000000000004
  TRAPNO=0x000000000000000e

Top of Stack: (sp=0x00007f688e8ac6f0)
0x00007f688e8ac6f0:   38343a31303a3030 383365736f500030
0x00007f688e8ac700:   2c3837342e302d2c 2d2c3831312e302d
0x00007f688e8ac710:   2e302c3238302e30 352e302d2c363839
0x00007f688e8ac720:   3836312e302c3836 2c3837342e302d2c 

Instructions: (pc=0x00007f67e7428b32)
0x00007f67e7428b12:   08 4a 03 0c 22 48 89 ca e8 f1 21 ff ff 44 3b 3b
0x00007f67e7428b22:   7d 3c 48 8d 35 98 d4 01 00 31 ff e8 5e 26 ff ff
0x00007f67e7428b32:   80 38 2a 75 c1 80 78 01 00 75 bb 48 8b 43 30 f2
0x00007f67e7428b42:   0f 10 05 07 db 01 00 41 83 c7 01 4a 8b 04 20 f2 


---------------  P R O C E S S  ---------------

Threads class SMR info:
_java_thread_list=0x00007f6884254db0, length=11, elements={
0x00007f6884012000, 0x00007f6884142800, 0x00007f6884144800, 0x00007f688414e000,
0x00007f6884158800, 0x00007f688415a800, 0x00007f688415c800, 0x00007f688415e800,
0x00007f6884160800, 0x00007f688423c800, 0x00007f6884255800
}

Java Threads: ( => current thread )
=>0x00007f6884012000 JavaThread "main" [_thread_in_native, id=3422, stack(0x00007f688e7ae000,0x00007f688e8af000)]
  0x00007f6884142800 JavaThread "Reference Handler" daemon [_thread_blocked, id=3444, stack(0x00007f6868b65000,0x00007f6868c66000)]
  0x00007f6884144800 JavaThread "Finalizer" daemon [_thread_blocked, id=3445, stack(0x00007f6868a64000,0x00007f6868b65000)]
  0x00007f688414e000 JavaThread "Signal Dispatcher" daemon [_thread_blocked, id=3446, stack(0x00007f6868633000,0x00007f6868734000)]
  0x00007f6884158800 JavaThread "C2 CompilerThread0" daemon [_thread_blocked, id=3447, stack(0x00007f6868532000,0x00007f6868633000)]
  0x00007f688415a800 JavaThread "C2 CompilerThread1" daemon [_thread_blocked, id=3448, stack(0x00007f6868431000,0x00007f6868532000)]
  0x00007f688415c800 JavaThread "C2 CompilerThread2" daemon [_thread_blocked, id=3449, stack(0x00007f6868330000,0x00007f6868431000)]
  0x00007f688415e800 JavaThread "C1 CompilerThread3" daemon [_thread_blocked, id=3450, stack(0x00007f686822f000,0x00007f6868330000)]
  0x00007f6884160800 JavaThread "Sweeper thread" daemon [_thread_blocked, id=3451, stack(0x00007f686812e000,0x00007f686822f000)]
  0x00007f688423c800 JavaThread "Service Thread" daemon [_thread_blocked, id=3453, stack(0x00007f686802d000,0x00007f686812e000)]
  0x00007f6884255800 JavaThread "Common-Cleaner" daemon [_thread_blocked, id=3455, stack(0x00007f67e7eff000,0x00007f67e8000000)]

Other Threads:
  0x00007f6884139000 VMThread "VM Thread" [stack: 0x00007f6868c68000,0x00007f6868d68000] [id=3443]
  0x00007f688423f000 WatcherThread [stack: 0x00007f6848048000,0x00007f6848148000] [id=3454]
  0x00007f6884028800 GCTaskThread "GC Thread#0" [stack: 0x00007f688a8d7000,0x00007f688a9d7000] [id=3423]
  0x00007f688402a000 GCTaskThread "GC Thread#1" [stack: 0x00007f688a7d5000,0x00007f688a8d5000] [id=3424]
  0x00007f688402c000 GCTaskThread "GC Thread#2" [stack: 0x00007f688a6d3000,0x00007f688a7d3000] [id=3425]
  0x00007f688402d800 GCTaskThread "GC Thread#3" [stack: 0x00007f688a5d1000,0x00007f688a6d1000] [id=3426]
  0x00007f688402f000 GCTaskThread "GC Thread#4" [stack: 0x00007f688a4cf000,0x00007f688a5cf000] [id=3427]
  0x00007f6884031000 GCTaskThread "GC Thread#5" [stack: 0x00007f688a3cd000,0x00007f688a4cd000] [id=3428]
  0x00007f6884032800 GCTaskThread "GC Thread#6" [stack: 0x00007f688a2cb000,0x00007f688a3cb000] [id=3429]
  0x00007f6884034800 GCTaskThread "GC Thread#7" [stack: 0x00007f688a1c9000,0x00007f688a2c9000] [id=3430]
  0x00007f688405d800 ConcurrentGCThread "G1 Main Marker" [stack: 0x00007f6888d3a000,0x00007f6888e3a000] [id=3431]
  0x00007f688405f800 ConcurrentGCThread "G1 Conc#0" [stack: 0x00007f6888c38000,0x00007f6888d38000] [id=3432]
  0x00007f6884061000 ConcurrentGCThread "G1 Conc#1" [stack: 0x00007f6888b36000,0x00007f6888c36000] [id=3433]
  0x00007f68840c9800 ConcurrentGCThread "G1 Refine#0" [stack: 0x00007f688822c000,0x00007f688832c000] [id=3434]
  0x00007f68840cb800 ConcurrentGCThread "G1 Refine#1" [stack: 0x00007f688812a000,0x00007f688822a000] [id=3435]
  0x00007f68840cd000 ConcurrentGCThread "G1 Refine#2" [stack: 0x00007f6888028000,0x00007f6888128000] [id=3436]
  0x00007f68840cf000 ConcurrentGCThread "G1 Refine#3" [stack: 0x00007f6869b6d000,0x00007f6869c6d000] [id=3437]
  0x00007f68840d0800 ConcurrentGCThread "G1 Refine#4" [stack: 0x00007f6869a6b000,0x00007f6869b6b000] [id=3438]
  0x00007f68840d2800 ConcurrentGCThread "G1 Refine#5" [stack: 0x00007f6869969000,0x00007f6869a69000] [id=3439]
  0x00007f68840d4000 ConcurrentGCThread "G1 Refine#6" [stack: 0x00007f6869867000,0x00007f6869967000] [id=3440]
  0x00007f68840d6000 ConcurrentGCThread "G1 Refine#7" [stack: 0x00007f6869765000,0x00007f6869865000] [id=3441]
  0x00007f68840d7800 ConcurrentGCThread "G1 Young RemSet Sampling" [stack: 0x00007f6869663000,0x00007f6869763000] [id=3442]

Threads with active compile tasks:

VM state:not at safepoint (normal execution)

VM Mutex/Monitor currently owned by a thread: None

Heap address: 0x0000000085200000, size: 1966 MB, Compressed Oops mode: 32-bit
Narrow klass base: 0x0000000000000000, Narrow klass shift: 3
Compressed class space size: 1073741824 Address: 0x0000000100000000

Heap:
 garbage-first heap   total 126976K, used 1024K [0x0000000085200000, 0x0000000100000000)
  region size 1024K, 2 young (2048K), 0 survivors (0K)
 Metaspace       used 4857K, capacity 4990K, committed 5120K, reserved 1056768K
  class space    used 398K, capacity 430K, committed 512K, reserved 1048576K
Heap Regions: E=young(eden), S=young(survivor), O=old, HS=humongous(starts), HC=humongous(continues), CS=collection set, F=free, A=archive, TS=gc time stamp, AC=allocation context, TAMS=top-at-mark-start (previous, next)
|   0|0x0000000085200000, 0x0000000085200000, 0x0000000085300000|  0%| F|  |TS  0|AC  0|TAMS 0x0000000085200000, 0x0000000085200000|
|   1|0x0000000085300000, 0x0000000085300000, 0x0000000085400000|  0%| F|  |TS  0|AC  0|TAMS 0x0000000085300000, 0x0000000085300000|
|   2|0x0000000085400000, 0x0000000085400000, 0x0000000085500000|  0%| F|  |TS  0|AC  0|TAMS 0x0000000085400000, 0x0000000085400000|
|   3|0x0000000085500000, 0x0000000085500000, 0x0000000085600000|  0%| F|  |TS  0|AC  0|TAMS 0x0000000085500000, 0x0000000085500000|
|   4|0x0000000085600000, 0x0000000085600000, 0x0000000085700000|  0%| F|  |TS  0|AC  0|TAMS 0x0000000085600000, 0x0000000085600000|
|   5|0x0000000085700000, 0x0000000085700000, 0x0000000085800000|  0%| F|  |TS  0|AC  0|TAMS 0x0000000085700000, 0x0000000085700000|
|   6|0x0000000085800000, 0x0000000085800000, 0x0000000085900000|  0%| F|  |TS  0|AC  0|TAMS 0x0000000085800000, 0x0000000085800000|
|   7|0x0000000085900000, 0x0000000085900000, 0x0000000085a00000|  0%| F|  |TS  0|AC  0|TAMS 0x0000000085900000, 0x0000000085900000|
|   8|0x0000000085a00000, 0x0000000085a00000, 0x0000000085b00000|  0%| F|  |TS  0|AC  0|TAMS 0x0000000085a00000, 0x0000000085a00000|
|   9|0x0000000085b00000, 0x0000000085b00000, 0x0000000085c00000|  0%| F|  |TS  0|AC  0|TAMS 0x0000000085b00000, 0x0000000085b00000|
|  10|0x0000000085c00000, 0x0000000085c00000, 0x0000000085d00000|  0%| F|  |TS  0|AC  0|TAMS 0x0000000085c00000, 0x0000000085c00000|
|  11|0x0000000085d00000, 0x0000000085d00000, 0x0000000085e00000|  0%| F|  |TS  0|AC  0|TAMS 0x0000000085d00000, 0x0000000085d00000|
|  12|0x0000000085e00000, 0x0000000085e00000, 0x0000000085f00000|  0%| F|  |TS  0|AC  0|TAMS 0x0000000085e00000, 0x0000000085e00000|
|  13|0x0000000085f00000, 0x0000000085f00000, 0x0000000086000000|  0%| F|  |TS  0|AC  0|TAMS 0x0000000085f00000, 0x0000000085f00000|
|  14|0x0000000086000000, 0x0000000086000000, 0x0000000086100000|  0%| F|  |TS  0|AC  0|TAMS 0x0000000086000000, 0x0000000086000000|
|  15|0x0000000086100000, 0x0000000086100000, 0x0000000086200000|  0%| F|  |TS  0|AC  0|TAMS 0x0000000086100000, 0x0000000086100000|
|  16|0x0000000086200000, 0x0000000086200000, 0x0000000086300000|  0%| F|  |TS  0|AC  0|TAMS 0x0000000086200000, 0x0000000086200000|
|  17|0x0000000086300000, 0x0000000086300000, 0x0000000086400000|  0%| F|  |TS  0|AC  0|TAMS 0x0000000086300000, 0x0000000086300000|
|  18|0x0000000086400000, 0x0000000086400000, 0x0000000086500000|  0%| F|  |TS  0|AC  0|TAMS 0x0000000086400000, 0x0000000086400000|
|  19|0x0000000086500000, 0x0000000086500000, 0x0000000086600000|  0%| F|  |TS  0|AC  0|TAMS 0x0000000086500000, 0x0000000086500000|
|  20|0x0000000086600000, 0x0000000086600000, 0x0000000086700000|  0%| F|  |TS  0|AC  0|TAMS 0x0000000086600000, 0x0000000086600000|
|  21|0x0000000086700000, 0x0000000086700000, 0x0000000086800000|  0%| F|  |TS  0|AC  0|TAMS 0x0000000086700000, 0x0000000086700000|
|  22|0x0000000086800000, 0x0000000086800000, 0x0000000086900000|  0%| F|  |TS  0|AC  0|TAMS 0x0000000086800000, 0x0000000086800000|
|  23|0x0000000086900000, 0x0000000086900000, 0x0000000086a00000|  0%| F|  |TS  0|AC  0|TAMS 0x0000000086900000, 0x0000000086900000|
|  24|0x0000000086a00000, 0x0000000086a00000, 0x0000000086b00000|  0%| F|  |TS  0|AC  0|TAMS 0x0000000086a00000, 0x0000000086a00000|
|  25|0x0000000086b00000, 0x0000000086b00000, 0x0000000086c00000|  0%| F|  |TS  0|AC  0|TAMS 0x0000000086b00000, 0x0000000086b00000|
|  26|0x0000000086c00000, 0x0000000086c00000, 0x0000000086d00000|  0%| F|  |TS  0|AC  0|TAMS 0x0000000086c00000, 0x0000000086c00000|
|  27|0x0000000086d00000, 0x0000000086d00000, 0x0000000086e00000|  0%| F|  |TS  0|AC  0|TAMS 0x0000000086d00000, 0x0000000086d00000|
|  28|0x0000000086e00000, 0x0000000086e00000, 0x0000000086f00000|  0%| F|  |TS  0|AC  0|TAMS 0x0000000086e00000, 0x0000000086e00000|
|  29|0x0000000086f00000, 0x0000000086f00000, 0x0000000087000000|  0%| F|  |TS  0|AC  0|TAMS 0x0000000086f00000, 0x0000000086f00000|
|  30|0x0000000087000000, 0x0000000087000000, 0x0000000087100000|  0%| F|  |TS  0|AC  0|TAMS 0x0000000087000000, 0x0000000087000000|
|  31|0x0000000087100000, 0x0000000087100000, 0x0000000087200000|  0%| F|  |TS  0|AC  0|TAMS 0x0000000087100000, 0x0000000087100000|
|  32|0x0000000087200000, 0x0000000087200000, 0x0000000087300000|  0%| F|  |TS  0|AC  0|TAMS 0x0000000087200000, 0x0000000087200000|
|  33|0x0000000087300000, 0x0000000087300000, 0x0000000087400000|  0%| F|  |TS  0|AC  0|TAMS 0x0000000087300000, 0x0000000087300000|
|  34|0x0000000087400000, 0x0000000087400000, 0x0000000087500000|  0%| F|  |TS  0|AC  0|TAMS 0x0000000087400000, 0x0000000087400000|
|  35|0x0000000087500000, 0x0000000087500000, 0x0000000087600000|  0%| F|  |TS  0|AC  0|TAMS 0x0000000087500000, 0x0000000087500000|
|  36|0x0000000087600000, 0x0000000087600000, 0x0000000087700000|  0%| F|  |TS  0|AC  0|TAMS 0x0000000087600000, 0x0000000087600000|
|  37|0x0000000087700000, 0x0000000087700000, 0x0000000087800000|  0%| F|  |TS  0|AC  0|TAMS 0x0000000087700000, 0x0000000087700000|
|  38|0x0000000087800000, 0x0000000087800000, 0x0000000087900000|  0%| F|  |TS  0|AC  0|TAMS 0x0000000087800000, 0x0000000087800000|
|  39|0x0000000087900000, 0x0000000087900000, 0x0000000087a00000|  0%| F|  |TS  0|AC  0|TAMS 0x0000000087900000, 0x0000000087900000|
|  40|0x0000000087a00000, 0x0000000087a00000, 0x0000000087b00000|  0%| F|  |TS  0|AC  0|TAMS 0x0000000087a00000, 0x0000000087a00000|
|  41|0x0000000087b00000, 0x0000000087b00000, 0x0000000087c00000|  0%| F|  |TS  0|AC  0|TAMS 0x0000000087b00000, 0x0000000087b00000|
|  42|0x0000000087c00000, 0x0000000087c00000, 0x0000000087d00000|  0%| F|  |TS  0|AC  0|TAMS 0x0000000087c00000, 0x0000000087c00000|
|  43|0x0000000087d00000, 0x0000000087d00000, 0x0000000087e00000|  0%| F|  |TS  0|AC  0|TAMS 0x0000000087d00000, 0x0000000087d00000|
|  44|0x0000000087e00000, 0x0000000087e00000, 0x0000000087f00000|  0%| F|  |TS  0|AC  0|TAMS 0x0000000087e00000, 0x0000000087e00000|
|  45|0x0000000087f00000, 0x0000000087f00000, 0x0000000088000000|  0%| F|  |TS  0|AC  0|TAMS 0x0000000087f00000, 0x0000000087f00000|
|  46|0x0000000088000000, 0x0000000088000000, 0x0000000088100000|  0%| F|  |TS  0|AC  0|TAMS 0x0000000088000000, 0x0000000088000000|
|  47|0x0000000088100000, 0x0000000088100000, 0x0000000088200000|  0%| F|  |TS  0|AC  0|TAMS 0x0000000088100000, 0x0000000088100000|
|  48|0x0000000088200000, 0x0000000088200000, 0x0000000088300000|  0%| F|  |TS  0|AC  0|TAMS 0x0000000088200000, 0x0000000088200000|
|  49|0x0000000088300000, 0x0000000088300000, 0x0000000088400000|  0%| F|  |TS  0|AC  0|TAMS 0x0000000088300000, 0x0000000088300000|
|  50|0x0000000088400000, 0x0000000088400000, 0x0000000088500000|  0%| F|  |TS  0|AC  0|TAMS 0x0000000088400000, 0x0000000088400000|
|  51|0x0000000088500000, 0x0000000088500000, 0x0000000088600000|  0%| F|  |TS  0|AC  0|TAMS 0x0000000088500000, 0x0000000088500000|
|  52|0x0000000088600000, 0x0000000088600000, 0x0000000088700000|  0%| F|  |TS  0|AC  0|TAMS 0x0000000088600000, 0x0000000088600000|
|  53|0x0000000088700000, 0x0000000088700000, 0x0000000088800000|  0%| F|  |TS  0|AC  0|TAMS 0x0000000088700000, 0x0000000088700000|
|  54|0x0000000088800000, 0x0000000088800000, 0x0000000088900000|  0%| F|  |TS  0|AC  0|TAMS 0x0000000088800000, 0x0000000088800000|
|  55|0x0000000088900000, 0x0000000088900000, 0x0000000088a00000|  0%| F|  |TS  0|AC  0|TAMS 0x0000000088900000, 0x0000000088900000|
|  56|0x0000000088a00000, 0x0000000088a00000, 0x0000000088b00000|  0%| F|  |TS  0|AC  0|TAMS 0x0000000088a00000, 0x0000000088a00000|
|  57|0x0000000088b00000, 0x0000000088b00000, 0x0000000088c00000|  0%| F|  |TS  0|AC  0|TAMS 0x0000000088b00000, 0x0000000088b00000|
|  58|0x0000000088c00000, 0x0000000088c00000, 0x0000000088d00000|  0%| F|  |TS  0|AC  0|TAMS 0x0000000088c00000, 0x0000000088c00000|
|  59|0x0000000088d00000, 0x0000000088d00000, 0x0000000088e00000|  0%| F|  |TS  0|AC  0|TAMS 0x0000000088d00000, 0x0000000088d00000|
|  60|0x0000000088e00000, 0x0000000088e00000, 0x0000000088f00000|  0%| F|  |TS  0|AC  0|TAMS 0x0000000088e00000, 0x0000000088e00000|
|  61|0x0000000088f00000, 0x0000000088f00000, 0x0000000089000000|  0%| F|  |TS  0|AC  0|TAMS 0x0000000088f00000, 0x0000000088f00000|
|  62|0x0000000089000000, 0x0000000089000000, 0x0000000089100000|  0%| F|  |TS  0|AC  0|TAMS 0x0000000089000000, 0x0000000089000000|
|  63|0x0000000089100000, 0x0000000089100000, 0x0000000089200000|  0%| F|  |TS  0|AC  0|TAMS 0x0000000089100000, 0x0000000089100000|
|  64|0x0000000089200000, 0x0000000089200000, 0x0000000089300000|  0%| F|  |TS  0|AC  0|TAMS 0x0000000089200000, 0x0000000089200000|
|  65|0x0000000089300000, 0x0000000089300000, 0x0000000089400000|  0%| F|  |TS  0|AC  0|TAMS 0x0000000089300000, 0x0000000089300000|
|  66|0x0000000089400000, 0x0000000089400000, 0x0000000089500000|  0%| F|  |TS  0|AC  0|TAMS 0x0000000089400000, 0x0000000089400000|
|  67|0x0000000089500000, 0x0000000089500000, 0x0000000089600000|  0%| F|  |TS  0|AC  0|TAMS 0x0000000089500000, 0x0000000089500000|
|  68|0x0000000089600000, 0x0000000089600000, 0x0000000089700000|  0%| F|  |TS  0|AC  0|TAMS 0x0000000089600000, 0x0000000089600000|
|  69|0x0000000089700000, 0x0000000089700000, 0x0000000089800000|  0%| F|  |TS  0|AC  0|TAMS 0x0000000089700000, 0x0000000089700000|
|  70|0x0000000089800000, 0x0000000089800000, 0x0000000089900000|  0%| F|  |TS  0|AC  0|TAMS 0x0000000089800000, 0x0000000089800000|
|  71|0x0000000089900000, 0x0000000089900000, 0x0000000089a00000|  0%| F|  |TS  0|AC  0|TAMS 0x0000000089900000, 0x0000000089900000|
|  72|0x0000000089a00000, 0x0000000089a00000, 0x0000000089b00000|  0%| F|  |TS  0|AC  0|TAMS 0x0000000089a00000, 0x0000000089a00000|
|  73|0x0000000089b00000, 0x0000000089b00000, 0x0000000089c00000|  0%| F|  |TS  0|AC  0|TAMS 0x0000000089b00000, 0x0000000089b00000|
|  74|0x0000000089c00000, 0x0000000089c00000, 0x0000000089d00000|  0%| F|  |TS  0|AC  0|TAMS 0x0000000089c00000, 0x0000000089c00000|
|  75|0x0000000089d00000, 0x0000000089d00000, 0x0000000089e00000|  0%| F|  |TS  0|AC  0|TAMS 0x0000000089d00000, 0x0000000089d00000|
|  76|0x0000000089e00000, 0x0000000089e00000, 0x0000000089f00000|  0%| F|  |TS  0|AC  0|TAMS 0x0000000089e00000, 0x0000000089e00000|
|  77|0x0000000089f00000, 0x0000000089f00000, 0x000000008a000000|  0%| F|  |TS  0|AC  0|TAMS 0x0000000089f00000, 0x0000000089f00000|
|  78|0x000000008a000000, 0x000000008a000000, 0x000000008a100000|  0%| F|  |TS  0|AC  0|TAMS 0x000000008a000000, 0x000000008a000000|
|  79|0x000000008a100000, 0x000000008a100000, 0x000000008a200000|  0%| F|  |TS  0|AC  0|TAMS 0x000000008a100000, 0x000000008a100000|
|  80|0x000000008a200000, 0x000000008a200000, 0x000000008a300000|  0%| F|  |TS  0|AC  0|TAMS 0x000000008a200000, 0x000000008a200000|
|  81|0x000000008a300000, 0x000000008a300000, 0x000000008a400000|  0%| F|  |TS  0|AC  0|TAMS 0x000000008a300000, 0x000000008a300000|
|  82|0x000000008a400000, 0x000000008a400000, 0x000000008a500000|  0%| F|  |TS  0|AC  0|TAMS 0x000000008a400000, 0x000000008a400000|
|  83|0x000000008a500000, 0x000000008a500000, 0x000000008a600000|  0%| F|  |TS  0|AC  0|TAMS 0x000000008a500000, 0x000000008a500000|
|  84|0x000000008a600000, 0x000000008a600000, 0x000000008a700000|  0%| F|  |TS  0|AC  0|TAMS 0x000000008a600000, 0x000000008a600000|
|  85|0x000000008a700000, 0x000000008a700000, 0x000000008a800000|  0%| F|  |TS  0|AC  0|TAMS 0x000000008a700000, 0x000000008a700000|
|  86|0x000000008a800000, 0x000000008a800000, 0x000000008a900000|  0%| F|  |TS  0|AC  0|TAMS 0x000000008a800000, 0x000000008a800000|
|  87|0x000000008a900000, 0x000000008a900000, 0x000000008aa00000|  0%| F|  |TS  0|AC  0|TAMS 0x000000008a900000, 0x000000008a900000|
|  88|0x000000008aa00000, 0x000000008aa00000, 0x000000008ab00000|  0%| F|  |TS  0|AC  0|TAMS 0x000000008aa00000, 0x000000008aa00000|
|  89|0x000000008ab00000, 0x000000008ab00000, 0x000000008ac00000|  0%| F|  |TS  0|AC  0|TAMS 0x000000008ab00000, 0x000000008ab00000|
|  90|0x000000008ac00000, 0x000000008ac00000, 0x000000008ad00000|  0%| F|  |TS  0|AC  0|TAMS 0x000000008ac00000, 0x000000008ac00000|
|  91|0x000000008ad00000, 0x000000008ad00000, 0x000000008ae00000|  0%| F|  |TS  0|AC  0|TAMS 0x000000008ad00000, 0x000000008ad00000|
|  92|0x000000008ae00000, 0x000000008ae00000, 0x000000008af00000|  0%| F|  |TS  0|AC  0|TAMS 0x000000008ae00000, 0x000000008ae00000|
|  93|0x000000008af00000, 0x000000008af00000, 0x000000008b000000|  0%| F|  |TS  0|AC  0|TAMS 0x000000008af00000, 0x000000008af00000|
|  94|0x000000008b000000, 0x000000008b000000, 0x000000008b100000|  0%| F|  |TS  0|AC  0|TAMS 0x000000008b000000, 0x000000008b000000|
|  95|0x000000008b100000, 0x000000008b100000, 0x000000008b200000|  0%| F|  |TS  0|AC  0|TAMS 0x000000008b100000, 0x000000008b100000|
|  96|0x000000008b200000, 0x000000008b200000, 0x000000008b300000|  0%| F|  |TS  0|AC  0|TAMS 0x000000008b200000, 0x000000008b200000|
|  97|0x000000008b300000, 0x000000008b300000, 0x000000008b400000|  0%| F|  |TS  0|AC  0|TAMS 0x000000008b300000, 0x000000008b300000|
|  98|0x000000008b400000, 0x000000008b400000, 0x000000008b500000|  0%| F|  |TS  0|AC  0|TAMS 0x000000008b400000, 0x000000008b400000|
|  99|0x000000008b500000, 0x000000008b500000, 0x000000008b600000|  0%| F|  |TS  0|AC  0|TAMS 0x000000008b500000, 0x000000008b500000|
| 100|0x000000008b600000, 0x000000008b600000, 0x000000008b700000|  0%| F|  |TS  0|AC  0|TAMS 0x000000008b600000, 0x000000008b600000|
| 101|0x000000008b700000, 0x000000008b700000, 0x000000008b800000|  0%| F|  |TS  0|AC  0|TAMS 0x000000008b700000, 0x000000008b700000|
| 102|0x000000008b800000, 0x000000008b800000, 0x000000008b900000|  0%| F|  |TS  0|AC  0|TAMS 0x000000008b800000, 0x000000008b800000|
| 103|0x000000008b900000, 0x000000008b900000, 0x000000008ba00000|  0%| F|  |TS  0|AC  0|TAMS 0x000000008b900000, 0x000000008b900000|
| 104|0x000000008ba00000, 0x000000008ba00000, 0x000000008bb00000|  0%| F|  |TS  0|AC  0|TAMS 0x000000008ba00000, 0x000000008ba00000|
| 105|0x000000008bb00000, 0x000000008bb00000, 0x000000008bc00000|  0%| F|  |TS  0|AC  0|TAMS 0x000000008bb00000, 0x000000008bb00000|
| 106|0x000000008bc00000, 0x000000008bc00000, 0x000000008bd00000|  0%| F|  |TS  0|AC  0|TAMS 0x000000008bc00000, 0x000000008bc00000|
| 107|0x000000008bd00000, 0x000000008bd00000, 0x000000008be00000|  0%| F|  |TS  0|AC  0|TAMS 0x000000008bd00000, 0x000000008bd00000|
| 108|0x000000008be00000, 0x000000008be00000, 0x000000008bf00000|  0%| F|  |TS  0|AC  0|TAMS 0x000000008be00000, 0x000000008be00000|
| 109|0x000000008bf00000, 0x000000008bf00000, 0x000000008c000000|  0%| F|  |TS  0|AC  0|TAMS 0x000000008bf00000, 0x000000008bf00000|
| 110|0x000000008c000000, 0x000000008c000000, 0x000000008c100000|  0%| F|  |TS  0|AC  0|TAMS 0x000000008c000000, 0x000000008c000000|
| 111|0x000000008c100000, 0x000000008c100000, 0x000000008c200000|  0%| F|  |TS  0|AC  0|TAMS 0x000000008c100000, 0x000000008c100000|
| 112|0x000000008c200000, 0x000000008c200000, 0x000000008c300000|  0%| F|  |TS  0|AC  0|TAMS 0x000000008c200000, 0x000000008c200000|
| 113|0x000000008c300000, 0x000000008c300000, 0x000000008c400000|  0%| F|  |TS  0|AC  0|TAMS 0x000000008c300000, 0x000000008c300000|
| 114|0x000000008c400000, 0x000000008c400000, 0x000000008c500000|  0%| F|  |TS  0|AC  0|TAMS 0x000000008c400000, 0x000000008c400000|
| 115|0x000000008c500000, 0x000000008c500000, 0x000000008c600000|  0%| F|  |TS  0|AC  0|TAMS 0x000000008c500000, 0x000000008c500000|
| 116|0x000000008c600000, 0x000000008c600000, 0x000000008c700000|  0%| F|  |TS  0|AC  0|TAMS 0x000000008c600000, 0x000000008c600000|
| 117|0x000000008c700000, 0x000000008c700000, 0x000000008c800000|  0%| F|  |TS  0|AC  0|TAMS 0x000000008c700000, 0x000000008c700000|
| 118|0x000000008c800000, 0x000000008c800000, 0x000000008c900000|  0%| F|  |TS  0|AC  0|TAMS 0x000000008c800000, 0x000000008c800000|
| 119|0x000000008c900000, 0x000000008c900000, 0x000000008ca00000|  0%| F|  |TS  0|AC  0|TAMS 0x000000008c900000, 0x000000008c900000|
| 120|0x000000008ca00000, 0x000000008ca00000, 0x000000008cb00000|  0%| F|  |TS  0|AC  0|TAMS 0x000000008ca00000, 0x000000008ca00000|
| 121|0x000000008cb00000, 0x000000008cb00000, 0x000000008cc00000|  0%| F|  |TS  0|AC  0|TAMS 0x000000008cb00000, 0x000000008cb00000|
| 122|0x000000008cc00000, 0x000000008ccf6458, 0x000000008cd00000| 96%| E|  |TS  0|AC  0|TAMS 0x000000008cc00000, 0x000000008cc00000|
| 123|0x000000008cd00000, 0x000000008ce00000, 0x000000008ce00000|100%| E|CS|TS  0|AC  0|TAMS 0x000000008cd00000, 0x000000008cd00000|

Card table byte_map: [0x00007f6889211000,0x00007f68895e8000] byte_map_base: 0x00007f6888de8000

Marking Bits (Prev, Next): (CMBitMap*) 0x00007f688405ce80, (CMBitMap*) 0x00007f688405ceb8
 Prev Bits: [0x00007f6869c6d000, 0x00007f686bb25000)
 Next Bits: [0x00007f684a148000, 0x00007f684c000000)

Polling page: 0x00007f688e8c7000

CodeHeap 'non-profiled nmethods': size=120032Kb used=22Kb max_used=22Kb free=120009Kb
 bounds [0x00007f68735ed000, 0x00007f687385d000, 0x00007f687ab25000]
CodeHeap 'profiled nmethods': size=120028Kb used=137Kb max_used=137Kb free=119890Kb
 bounds [0x00007f686c0b6000, 0x00007f686c326000, 0x00007f68735ed000]
CodeHeap 'non-nmethods': size=5700Kb used=1019Kb max_used=1019Kb free=4680Kb
 bounds [0x00007f686bb25000, 0x00007f686bd95000, 0x00007f686c0b6000]
 total_blobs=465 nmethods=100 adapters=222
 compilation: enabled

Compilation events (10 events):
Event: 0.108 Thread 0x00007f688415e800 nmethod 96 0x00007f686c0d5310 code [0x00007f686c0d54e0, 0x00007f686c0d58f0]
Event: 0.108 Thread 0x00007f688415e800   97       3       java.lang.StringBuilder::append (8 bytes)
Event: 0.108 Thread 0x00007f688415e800 nmethod 97 0x00007f686c0d5a90 code [0x00007f686c0d5c40, 0x00007f686c0d5de8]
Event: 0.108 Thread 0x00007f688415e800   98       3       java.lang.AbstractStringBuilder::append (45 bytes)
Event: 0.109 Thread 0x00007f688415e800 nmethod 98 0x00007f686c0d5e90 code [0x00007f686c0d60c0, 0x00007f686c0d6638]
Event: 0.109 Thread 0x00007f688415e800   99       3       java.lang.Character::toLowerCase (9 bytes)
Event: 0.109 Thread 0x00007f688415e800 nmethod 99 0x00007f686c0d6890 code [0x00007f686c0d6a60, 0x00007f686c0d6c98]
Event: 0.109 Thread 0x00007f688415e800  100       3       java.lang.CharacterDataLatin1::toLowerCase (39 bytes)
Event: 0.109 Thread 0x00007f688415e800 nmethod 100 0x00007f686c0d6d90 code [0x00007f686c0d6f60, 0x00007f686c0d71f0]
Event: 0.112 Thread 0x00007f688415e800  101       3       java.util.Arrays::copyOfRange (63 bytes)

GC Heap History (0 events):
No events

Deoptimization events (1 events):
Event: 0.077 Thread 0x00007f6884012000 Uncommon trap: reason=unstable_if action=reinterpret pc=0x00007f68735f1ee8 method=java.lang.String.hashCode()I @ 14 c2

Classes redefined (0 events):
No events

Internal exceptions (0 events):
No events

Events (10 events):
Event: 0.107 loading class com/cyberbotics/webots/controller/Mouse
Event: 0.107 loading class com/cyberbotics/webots/controller/Mouse done
Event: 0.108 loading class com/cyberbotics/webots/controller/Camera
Event: 0.108 loading class com/cyberbotics/webots/controller/Camera done
Event: 0.109 loading class com/cyberbotics/webots/controller/Device
Event: 0.109 loading class com/cyberbotics/webots/controller/Device done
Event: 0.109 loading class com/cyberbotics/webots/controller/DistanceSensor
Event: 0.109 loading class com/cyberbotics/webots/controller/DistanceSensor done
Event: 0.109 loading class com/cyberbotics/webots/controller/Motion
Event: 0.109 loading class com/cyberbotics/webots/controller/Motion done


Dynamic libraries:
85200000-8ce00000 rw-p 00000000 00:00 0 
8ce00000-100000000 ---p 00000000 00:00 0 
100000000-100080000 rw-p 00000000 00:00 0 
100080000-140000000 ---p 00000000 00:00 0 
55b31bbbe000-55b31bbbf000 r-xp 00000000 08:01 23598097                   /usr/lib/jvm/java-11-openjdk-amd64/bin/java
55b31bdbf000-55b31bdc0000 r--p 00001000 08:01 23598097                   /usr/lib/jvm/java-11-openjdk-amd64/bin/java
55b31bdc0000-55b31bdc1000 rw-p 00002000 08:01 23598097                   /usr/lib/jvm/java-11-openjdk-amd64/bin/java
55b31d25a000-55b31d27b000 rw-p 00000000 00:00 0                          [heap]
7f67e0000000-7f67e0021000 rw-p 00000000 00:00 0 
7f67e0021000-7f67e4000000 ---p 00000000 00:00 0 
7f67e66e2000-7f67e66e5000 r-xp 00000000 08:01 26486645                   /home/pc/Downloads/webots/resources/projects/plugins/robot_windows/generic/libgeneric.so
7f67e66e5000-7f67e68e4000 ---p 00003000 08:01 26486645                   /home/pc/Downloads/webots/resources/projects/plugins/robot_windows/generic/libgeneric.so
7f67e68e4000-7f67e68e5000 r--p 00002000 08:01 26486645                   /home/pc/Downloads/webots/resources/projects/plugins/robot_windows/generic/libgeneric.so
7f67e68e5000-7f67e68e6000 rw-p 00003000 08:01 26486645                   /home/pc/Downloads/webots/resources/projects/plugins/robot_windows/generic/libgeneric.so
7f67e68e6000-7f67e68f1000 r-xp 00000000 08:01 27920412                   /home/pc/Downloads/webots/lib/libjbig.so.0
7f67e68f1000-7f67e6af0000 ---p 0000b000 08:01 27920412                   /home/pc/Downloads/webots/lib/libjbig.so.0
7f67e6af0000-7f67e6af1000 r--p 0000a000 08:01 27920412                   /home/pc/Downloads/webots/lib/libjbig.so.0
7f67e6af1000-7f67e6af4000 rw-p 0000b000 08:01 27920412                   /home/pc/Downloads/webots/lib/libjbig.so.0
7f67e6af4000-7f67e6b18000 r-xp 00000000 08:01 14684814                   /lib/x86_64-linux-gnu/liblzma.so.5.2.2
7f67e6b18000-7f67e6d18000 ---p 00024000 08:01 14684814                   /lib/x86_64-linux-gnu/liblzma.so.5.2.2
7f67e6d18000-7f67e6d19000 r--p 00024000 08:01 14684814                   /lib/x86_64-linux-gnu/liblzma.so.5.2.2
7f67e6d19000-7f67e6d1a000 rw-p 00025000 08:01 14684814                   /lib/x86_64-linux-gnu/liblzma.so.5.2.2
7f67e6d1a000-7f67e6d3e000 r-xp 00000000 08:01 27920444                   /home/pc/Downloads/webots/lib/libpng12.so.0
7f67e6d3e000-7f67e6f3d000 ---p 00024000 08:01 27920444                   /home/pc/Downloads/webots/lib/libpng12.so.0
7f67e6f3d000-7f67e6f3e000 r--p 00023000 08:01 27920444                   /home/pc/Downloads/webots/lib/libpng12.so.0
7f67e6f3e000-7f67e6f3f000 rw-p 00024000 08:01 27920444                   /home/pc/Downloads/webots/lib/libpng12.so.0
7f67e6f3f000-7f67e6f96000 r-xp 00000000 08:01 27920405                   /home/pc/Downloads/webots/lib/libjpeg.so.8
7f67e6f96000-7f67e7196000 ---p 00057000 08:01 27920405                   /home/pc/Downloads/webots/lib/libjpeg.so.8
7f67e7196000-7f67e7197000 r--p 00057000 08:01 27920405                   /home/pc/Downloads/webots/lib/libjpeg.so.8
7f67e7197000-7f67e7198000 rw-p 00058000 08:01 27920405                   /home/pc/Downloads/webots/lib/libjpeg.so.8
7f67e7198000-7f67e7209000 r-xp 00000000 08:01 27920407                   /home/pc/Downloads/webots/lib/libtiff.so.5
7f67e7209000-7f67e7409000 ---p 00071000 08:01 27920407                   /home/pc/Downloads/webots/lib/libtiff.so.5
7f67e7409000-7f67e740a000 r--p 00071000 08:01 27920407                   /home/pc/Downloads/webots/lib/libtiff.so.5
7f67e740a000-7f67e740d000 rw-p 00072000 08:01 27920407                   /home/pc/Downloads/webots/lib/libtiff.so.5
7f67e740d000-7f67e7459000 r-xp 00000000 08:01 27920416                   /home/pc/Downloads/webots/lib/libController.so
7f67e7459000-7f67e7658000 ---p 0004c000 08:01 27920416                   /home/pc/Downloads/webots/lib/libController.so
7f67e7658000-7f67e7659000 r--p 0004b000 08:01 27920416                   /home/pc/Downloads/webots/lib/libController.so
7f67e7659000-7f67e765a000 rw-p 0004c000 08:01 27920416                   /home/pc/Downloads/webots/lib/libController.so
7f67e765a000-7f67e765b000 rw-p 00000000 00:00 0 
7f67e765b000-7f67e7695000 r-xp 00000000 08:01 27920467                   /home/pc/Downloads/webots/lib/libCppController.so
7f67e7695000-7f67e7894000 ---p 0003a000 08:01 27920467                   /home/pc/Downloads/webots/lib/libCppController.so
7f67e7894000-7f67e7896000 r--p 00039000 08:01 27920467                   /home/pc/Downloads/webots/lib/libCppController.so
7f67e7896000-7f67e7898000 rw-p 0003b000 08:01 27920467                   /home/pc/Downloads/webots/lib/libCppController.so
7f67e7898000-7f67e78d4000 r-xp 00000000 08:01 27920367                   /home/pc/Downloads/webots/lib/java/libJavaController.so
7f67e78d4000-7f67e7ad3000 ---p 0003c000 08:01 27920367                   /home/pc/Downloads/webots/lib/java/libJavaController.so
7f67e7ad3000-7f67e7ad4000 r--p 0003b000 08:01 27920367                   /home/pc/Downloads/webots/lib/java/libJavaController.so
7f67e7ad4000-7f67e7ad5000 rw-p 0003c000 08:01 27920367                   /home/pc/Downloads/webots/lib/java/libJavaController.so
7f67e7ad5000-7f67e7aec000 r-xp 00000000 08:01 23598500                   /usr/lib/jvm/java-11-openjdk-amd64/lib/libnet.so
7f67e7aec000-7f67e7ceb000 ---p 00017000 08:01 23598500                   /usr/lib/jvm/java-11-openjdk-amd64/lib/libnet.so
7f67e7ceb000-7f67e7cec000 r--p 00016000 08:01 23598500                   /usr/lib/jvm/java-11-openjdk-amd64/lib/libnet.so
7f67e7cec000-7f67e7ced000 rw-p 00017000 08:01 23598500                   /usr/lib/jvm/java-11-openjdk-amd64/lib/libnet.so
7f67e7ced000-7f67e7cfe000 r-xp 00000000 08:01 23598501                   /usr/lib/jvm/java-11-openjdk-amd64/lib/libnio.so
7f67e7cfe000-7f67e7efd000 ---p 00011000 08:01 23598501                   /usr/lib/jvm/java-11-openjdk-amd64/lib/libnio.so
7f67e7efd000-7f67e7efe000 r--p 00010000 08:01 23598501                   /usr/lib/jvm/java-11-openjdk-amd64/lib/libnio.so
7f67e7efe000-7f67e7eff000 rw-p 00011000 08:01 23598501                   /usr/lib/jvm/java-11-openjdk-amd64/lib/libnio.so
7f67e7eff000-7f67e7f03000 ---p 00000000 00:00 0 
7f67e7f03000-7f67e8000000 rw-p 00000000 00:00 0 
7f67e8000000-7f67e8021000 rw-p 00000000 00:00 0 
7f67e8021000-7f67ec000000 ---p 00000000 00:00 0 
7f67ec000000-7f67ec021000 rw-p 00000000 00:00 0 
7f67ec021000-7f67f0000000 ---p 00000000 00:00 0 
7f67f0000000-7f67f006e000 rw-p 00000000 00:00 0 
7f67f006e000-7f67f4000000 ---p 00000000 00:00 0 
7f67f4000000-7f67f4021000 rw-p 00000000 00:00 0 
7f67f4021000-7f67f8000000 ---p 00000000 00:00 0 
7f67f8000000-7f67f8021000 rw-p 00000000 00:00 0 
7f67f8021000-7f67fc000000 ---p 00000000 00:00 0 
7f67fc000000-7f67fc02a000 rw-p 00000000 00:00 0 
7f67fc02a000-7f6800000000 ---p 00000000 00:00 0 
7f6800000000-7f6800021000 rw-p 00000000 00:00 0 
7f6800021000-7f6804000000 ---p 00000000 00:00 0 
7f6804000000-7f6804046000 rw-p 00000000 00:00 0 
7f6804046000-7f6808000000 ---p 00000000 00:00 0 
7f6808000000-7f6808021000 rw-p 00000000 00:00 0 
7f6808021000-7f680c000000 ---p 00000000 00:00 0 
7f680c000000-7f680c021000 rw-p 00000000 00:00 0 
7f680c021000-7f6810000000 ---p 00000000 00:00 0 
7f6810000000-7f6810021000 rw-p 00000000 00:00 0 
7f6810021000-7f6814000000 ---p 00000000 00:00 0 
7f6814000000-7f6814021000 rw-p 00000000 00:00 0 
7f6814021000-7f6818000000 ---p 00000000 00:00 0 
7f6818000000-7f6818021000 rw-p 00000000 00:00 0 
7f6818021000-7f681c000000 ---p 00000000 00:00 0 
7f681c000000-7f681c021000 rw-p 00000000 00:00 0 
7f681c021000-7f6820000000 ---p 00000000 00:00 0 
7f6820000000-7f6820021000 rw-p 00000000 00:00 0 
7f6820021000-7f6824000000 ---p 00000000 00:00 0 
7f6824000000-7f6824021000 rw-p 00000000 00:00 0 
7f6824021000-7f6828000000 ---p 00000000 00:00 0 
7f6828000000-7f6828021000 rw-p 00000000 00:00 0 
7f6828021000-7f682c000000 ---p 00000000 00:00 0 
7f682c000000-7f682c021000 rw-p 00000000 00:00 0 
7f682c021000-7f6830000000 ---p 00000000 00:00 0 
7f6830000000-7f6830021000 rw-p 00000000 00:00 0 
7f6830021000-7f6834000000 ---p 00000000 00:00 0 
7f6834000000-7f6834021000 rw-p 00000000 00:00 0 
7f6834021000-7f6838000000 ---p 00000000 00:00 0 
7f6838000000-7f6838021000 rw-p 00000000 00:00 0 
7f6838021000-7f683c000000 ---p 00000000 00:00 0 
7f683c000000-7f683c021000 rw-p 00000000 00:00 0 
7f683c021000-7f6840000000 ---p 00000000 00:00 0 
7f6840000000-7f6840021000 rw-p 00000000 00:00 0 
7f6840021000-7f6844000000 ---p 00000000 00:00 0 
7f6844000000-7f6844021000 rw-p 00000000 00:00 0 
7f6844021000-7f6848000000 ---p 00000000 00:00 0 
7f6848015000-7f6848046000 rw-p 00000000 00:00 0 
7f6848046000-7f6848047000 ---p 00000000 00:00 0 
7f6848047000-7f684a338000 rw-p 00000000 00:00 0 
7f684a338000-7f684c000000 ---p 00000000 00:00 0 
7f684c000000-7f684c021000 rw-p 00000000 00:00 0 
7f684c021000-7f6850000000 ---p 00000000 00:00 0 
7f6850000000-7f6850021000 rw-p 00000000 00:00 0 
7f6850021000-7f6854000000 ---p 00000000 00:00 0 
7f6854000000-7f6854021000 rw-p 00000000 00:00 0 
7f6854021000-7f6858000000 ---p 00000000 00:00 0 
7f6858000000-7f6858021000 rw-p 00000000 00:00 0 
7f6858021000-7f685c000000 ---p 00000000 00:00 0 
7f685c000000-7f685c021000 rw-p 00000000 00:00 0 
7f685c021000-7f6860000000 ---p 00000000 00:00 0 
7f6860000000-7f6860021000 rw-p 00000000 00:00 0 
7f6860021000-7f6864000000 ---p 00000000 00:00 0 
7f6864000000-7f6864021000 rw-p 00000000 00:00 0 
7f6864021000-7f6868000000 ---p 00000000 00:00 0 
7f686802d000-7f6868031000 ---p 00000000 00:00 0 
7f6868031000-7f686812e000 rw-p 00000000 00:00 0 
7f686812e000-7f6868132000 ---p 00000000 00:00 0 
7f6868132000-7f686822f000 rw-p 00000000 00:00 0 
7f686822f000-7f6868233000 ---p 00000000 00:00 0 
7f6868233000-7f6868330000 rw-p 00000000 00:00 0 
7f6868330000-7f6868334000 ---p 00000000 00:00 0 
7f6868334000-7f6868431000 rw-p 00000000 00:00 0 
7f6868431000-7f6868435000 ---p 00000000 00:00 0 
7f6868435000-7f6868532000 rw-p 00000000 00:00 0 
7f6868532000-7f6868536000 ---p 00000000 00:00 0 
7f6868536000-7f6868633000 rw-p 00000000 00:00 0 
7f6868633000-7f6868637000 ---p 00000000 00:00 0 
7f6868637000-7f6868734000 rw-p 00000000 00:00 0 
7f6868734000-7f6868a64000 r--p 00000000 08:01 23598983                   /usr/lib/locale/locale-archive
7f6868a64000-7f6868a68000 ---p 00000000 00:00 0 
7f6868a68000-7f6868b65000 rw-p 00000000 00:00 0 
7f6868b65000-7f6868b69000 ---p 00000000 00:00 0 
7f6868b69000-7f6868c66000 rw-p 00000000 00:00 0 
7f6868c66000-7f6868c67000 ---p 00000000 00:00 0 
7f6868c67000-7f68692e1000 rw-p 00000000 00:00 0 
7f68692e1000-7f6869661000 ---p 00000000 00:00 0 
7f6869661000-7f6869662000 ---p 00000000 00:00 0 
7f6869662000-7f6869763000 rw-p 00000000 00:00 0 
7f6869763000-7f6869764000 ---p 00000000 00:00 0 
7f6869764000-7f6869865000 rw-p 00000000 00:00 0 
7f6869865000-7f6869866000 ---p 00000000 00:00 0 
7f6869866000-7f6869967000 rw-p 00000000 00:00 0 
7f6869967000-7f6869968000 ---p 00000000 00:00 0 
7f6869968000-7f6869a69000 rw-p 00000000 00:00 0 
7f6869a69000-7f6869a6a000 ---p 00000000 00:00 0 
7f6869a6a000-7f6869b6b000 rw-p 00000000 00:00 0 
7f6869b6b000-7f6869b6c000 ---p 00000000 00:00 0 
7f6869b6c000-7f6869e5d000 rw-p 00000000 00:00 0 
7f6869e5d000-7f686bb25000 ---p 00000000 00:00 0 
7f686bb25000-7f686bd95000 rwxp 00000000 00:00 0 
7f686bd95000-7f686c0b6000 ---p 00000000 00:00 0 
7f686c0b6000-7f686c326000 rwxp 00000000 00:00 0 
7f686c326000-7f68735ed000 ---p 00000000 00:00 0 
7f68735ed000-7f687385d000 rwxp 00000000 00:00 0 
7f687385d000-7f687ab25000 ---p 00000000 00:00 0 
7f687ab25000-7f6884000000 r--s 00000000 08:01 23598511                   /usr/lib/jvm/java-11-openjdk-amd64/lib/modules
7f6884000000-7f68842c5000 rw-p 00000000 00:00 0 
7f68842c5000-7f6888000000 ---p 00000000 00:00 0 
7f6888026000-7f6888027000 ---p 00000000 00:00 0 
7f6888027000-7f6888128000 rw-p 00000000 00:00 0 
7f6888128000-7f6888129000 ---p 00000000 00:00 0 
7f6888129000-7f688822a000 rw-p 00000000 00:00 0 
7f688822a000-7f688822b000 ---p 00000000 00:00 0 
7f688822b000-7f6888b34000 rw-p 00000000 00:00 0 
7f6888b34000-7f6888b35000 ---p 00000000 00:00 0 
7f6888b35000-7f6888c36000 rw-p 00000000 00:00 0 
7f6888c36000-7f6888c37000 ---p 00000000 00:00 0 
7f6888c37000-7f6888d38000 rw-p 00000000 00:00 0 
7f6888d38000-7f6888d39000 ---p 00000000 00:00 0 
7f6888d39000-7f6888e78000 rw-p 00000000 00:00 0 
7f6888e78000-7f6889211000 ---p 00000000 00:00 0 
7f6889211000-7f688924f000 rw-p 00000000 00:00 0 
7f688924f000-7f68895e8000 ---p 00000000 00:00 0 
7f68895e8000-7f6889626000 rw-p 00000000 00:00 0 
7f6889626000-7f68899bf000 ---p 00000000 00:00 0 
7f68899bf000-7f688a1c7000 rw-p 00000000 00:00 0 
7f688a1c7000-7f688a1c8000 ---p 00000000 00:00 0 
7f688a1c8000-7f688a2c9000 rw-p 00000000 00:00 0 
7f688a2c9000-7f688a2ca000 ---p 00000000 00:00 0 
7f688a2ca000-7f688a3cb000 rw-p 00000000 00:00 0 
7f688a3cb000-7f688a3cc000 ---p 00000000 00:00 0 
7f688a3cc000-7f688a4cd000 rw-p 00000000 00:00 0 
7f688a4cd000-7f688a4ce000 ---p 00000000 00:00 0 
7f688a4ce000-7f688a5cf000 rw-p 00000000 00:00 0 
7f688a5cf000-7f688a5d0000 ---p 00000000 00:00 0 
7f688a5d0000-7f688a6d1000 rw-p 00000000 00:00 0 
7f688a6d1000-7f688a6d2000 ---p 00000000 00:00 0 
7f688a6d2000-7f688a7d3000 rw-p 00000000 00:00 0 
7f688a7d3000-7f688a7d4000 ---p 00000000 00:00 0 
7f688a7d4000-7f688a8d5000 rw-p 00000000 00:00 0 
7f688a8d5000-7f688a8d6000 ---p 00000000 00:00 0 
7f688a8d6000-7f688a9dc000 rw-p 00000000 00:00 0 
7f688a9dc000-7f688aac2000 ---p 00000000 00:00 0 
7f688aac2000-7f688aac7000 rw-p 00000000 00:00 0 
7f688aac7000-7f688abad000 ---p 00000000 00:00 0 
7f688abad000-7f688abb2000 r-xp 00000000 08:01 23598491                   /usr/lib/jvm/java-11-openjdk-amd64/lib/libjimage.so
7f688abb2000-7f688adb1000 ---p 00005000 08:01 23598491                   /usr/lib/jvm/java-11-openjdk-amd64/lib/libjimage.so
7f688adb1000-7f688adb2000 r--p 00004000 08:01 23598491                   /usr/lib/jvm/java-11-openjdk-amd64/lib/libjimage.so
7f688adb2000-7f688adb3000 rw-p 00005000 08:01 23598491                   /usr/lib/jvm/java-11-openjdk-amd64/lib/libjimage.so
7f688adb3000-7f688adba000 r-xp 00000000 08:01 23598510                   /usr/lib/jvm/java-11-openjdk-amd64/lib/libzip.so
7f688adba000-7f688afb9000 ---p 00007000 08:01 23598510                   /usr/lib/jvm/java-11-openjdk-amd64/lib/libzip.so
7f688afb9000-7f688afba000 r--p 00006000 08:01 23598510                   /usr/lib/jvm/java-11-openjdk-amd64/lib/libzip.so
7f688afba000-7f688afbb000 rw-p 00007000 08:01 23598510                   /usr/lib/jvm/java-11-openjdk-amd64/lib/libzip.so
7f688afbb000-7f688afc6000 r-xp 00000000 08:01 14684844                   /lib/x86_64-linux-gnu/libnss_files-2.27.so
7f688afc6000-7f688b1c5000 ---p 0000b000 08:01 14684844                   /lib/x86_64-linux-gnu/libnss_files-2.27.so
7f688b1c5000-7f688b1c6000 r--p 0000a000 08:01 14684844                   /lib/x86_64-linux-gnu/libnss_files-2.27.so
7f688b1c6000-7f688b1c7000 rw-p 0000b000 08:01 14684844                   /lib/x86_64-linux-gnu/libnss_files-2.27.so
7f688b1c7000-7f688b1cd000 rw-p 00000000 00:00 0 
7f688b1cd000-7f688b1e4000 r-xp 00000000 08:01 14684838                   /lib/x86_64-linux-gnu/libnsl-2.27.so
7f688b1e4000-7f688b3e3000 ---p 00017000 08:01 14684838                   /lib/x86_64-linux-gnu/libnsl-2.27.so
7f688b3e3000-7f688b3e4000 r--p 00016000 08:01 14684838                   /lib/x86_64-linux-gnu/libnsl-2.27.so
7f688b3e4000-7f688b3e5000 rw-p 00017000 08:01 14684838                   /lib/x86_64-linux-gnu/libnsl-2.27.so
7f688b3e5000-7f688b3e7000 rw-p 00000000 00:00 0 
7f688b3e7000-7f688b3f2000 r-xp 00000000 08:01 14684855                   /lib/x86_64-linux-gnu/libnss_nis-2.27.so
7f688b3f2000-7f688b5f1000 ---p 0000b000 08:01 14684855                   /lib/x86_64-linux-gnu/libnss_nis-2.27.so
7f688b5f1000-7f688b5f2000 r--p 0000a000 08:01 14684855                   /lib/x86_64-linux-gnu/libnss_nis-2.27.so
7f688b5f2000-7f688b5f3000 rw-p 0000b000 08:01 14684855                   /lib/x86_64-linux-gnu/libnss_nis-2.27.so
7f688b5f3000-7f688b5fb000 r-xp 00000000 08:01 14684840                   /lib/x86_64-linux-gnu/libnss_compat-2.27.so
7f688b5fb000-7f688b7fb000 ---p 00008000 08:01 14684840                   /lib/x86_64-linux-gnu/libnss_compat-2.27.so
7f688b7fb000-7f688b7fc000 r--p 00008000 08:01 14684840                   /lib/x86_64-linux-gnu/libnss_compat-2.27.so
7f688b7fc000-7f688b7fd000 rw-p 00009000 08:01 14684840                   /lib/x86_64-linux-gnu/libnss_compat-2.27.so
7f688b7fd000-7f688b829000 r-xp 00000000 08:01 23598487                   /usr/lib/jvm/java-11-openjdk-amd64/lib/libjava.so
7f688b829000-7f688ba28000 ---p 0002c000 08:01 23598487                   /usr/lib/jvm/java-11-openjdk-amd64/lib/libjava.so
7f688ba28000-7f688ba29000 r--p 0002b000 08:01 23598487                   /usr/lib/jvm/java-11-openjdk-amd64/lib/libjava.so
7f688ba29000-7f688ba2b000 rw-p 0002c000 08:01 23598487                   /usr/lib/jvm/java-11-openjdk-amd64/lib/libjava.so
7f688ba2b000-7f688ba38000 r-xp 00000000 08:01 23598509                   /usr/lib/jvm/java-11-openjdk-amd64/lib/libverify.so
7f688ba38000-7f688bc37000 ---p 0000d000 08:01 23598509                   /usr/lib/jvm/java-11-openjdk-amd64/lib/libverify.so
7f688bc37000-7f688bc39000 r--p 0000c000 08:01 23598509                   /usr/lib/jvm/java-11-openjdk-amd64/lib/libverify.so
7f688bc39000-7f688bc3a000 rw-p 0000e000 08:01 23598509                   /usr/lib/jvm/java-11-openjdk-amd64/lib/libverify.so
7f688bc3a000-7f688bc41000 r-xp 00000000 08:01 14684895                   /lib/x86_64-linux-gnu/librt-2.27.so
7f688bc41000-7f688be40000 ---p 00007000 08:01 14684895                   /lib/x86_64-linux-gnu/librt-2.27.so
7f688be40000-7f688be41000 r--p 00006000 08:01 14684895                   /lib/x86_64-linux-gnu/librt-2.27.so
7f688be41000-7f688be42000 rw-p 00007000 08:01 14684895                   /lib/x86_64-linux-gnu/librt-2.27.so
7f688be42000-7f688be59000 r-xp 00000000 08:01 14684791                   /lib/x86_64-linux-gnu/libgcc_s.so.1
7f688be59000-7f688c058000 ---p 00017000 08:01 14684791                   /lib/x86_64-linux-gnu/libgcc_s.so.1
7f688c058000-7f688c059000 r--p 00016000 08:01 14684791                   /lib/x86_64-linux-gnu/libgcc_s.so.1
7f688c059000-7f688c05a000 rw-p 00017000 08:01 14684791                   /lib/x86_64-linux-gnu/libgcc_s.so.1
7f688c05a000-7f688c1f7000 r-xp 00000000 08:01 14684817                   /lib/x86_64-linux-gnu/libm-2.27.so
7f688c1f7000-7f688c3f6000 ---p 0019d000 08:01 14684817                   /lib/x86_64-linux-gnu/libm-2.27.so
7f688c3f6000-7f688c3f7000 r--p 0019c000 08:01 14684817                   /lib/x86_64-linux-gnu/libm-2.27.so
7f688c3f7000-7f688c3f8000 rw-p 0019d000 08:01 14684817                   /lib/x86_64-linux-gnu/libm-2.27.so
7f688c3f8000-7f688c571000 r-xp 00000000 08:01 23601225                   /usr/lib/x86_64-linux-gnu/libstdc++.so.6.0.25
7f688c571000-7f688c771000 ---p 00179000 08:01 23601225                   /usr/lib/x86_64-linux-gnu/libstdc++.so.6.0.25
7f688c771000-7f688c77b000 r--p 00179000 08:01 23601225                   /usr/lib/x86_64-linux-gnu/libstdc++.so.6.0.25
7f688c77b000-7f688c77d000 rw-p 00183000 08:01 23601225                   /usr/lib/x86_64-linux-gnu/libstdc++.so.6.0.25
7f688c77d000-7f688c781000 rw-p 00000000 00:00 0 
7f688c781000-7f688d71e000 r-xp 00000000 08:01 23598523                   /usr/lib/jvm/java-11-openjdk-amd64/lib/server/libjvm.so
7f688d71e000-7f688d91e000 ---p 00f9d000 08:01 23598523                   /usr/lib/jvm/java-11-openjdk-amd64/lib/server/libjvm.so
7f688d91e000-7f688d9e2000 r--p 00f9d000 08:01 23598523                   /usr/lib/jvm/java-11-openjdk-amd64/lib/server/libjvm.so
7f688d9e2000-7f688da1a000 rw-p 01061000 08:01 23598523                   /usr/lib/jvm/java-11-openjdk-amd64/lib/server/libjvm.so
7f688da1a000-7f688da63000 rw-p 00000000 00:00 0 
7f688da63000-7f688da7d000 r-xp 00000000 08:01 14684887                   /lib/x86_64-linux-gnu/libpthread-2.27.so
7f688da7d000-7f688dc7c000 ---p 0001a000 08:01 14684887                   /lib/x86_64-linux-gnu/libpthread-2.27.so
7f688dc7c000-7f688dc7d000 r--p 00019000 08:01 14684887                   /lib/x86_64-linux-gnu/libpthread-2.27.so
7f688dc7d000-7f688dc7e000 rw-p 0001a000 08:01 14684887                   /lib/x86_64-linux-gnu/libpthread-2.27.so
7f688dc7e000-7f688dc82000 rw-p 00000000 00:00 0 
7f688dc82000-7f688dc85000 r-xp 00000000 08:01 14684777                   /lib/x86_64-linux-gnu/libdl-2.27.so
7f688dc85000-7f688de84000 ---p 00003000 08:01 14684777                   /lib/x86_64-linux-gnu/libdl-2.27.so
7f688de84000-7f688de85000 r--p 00002000 08:01 14684777                   /lib/x86_64-linux-gnu/libdl-2.27.so
7f688de85000-7f688de86000 rw-p 00003000 08:01 14684777                   /lib/x86_64-linux-gnu/libdl-2.27.so
7f688de86000-7f688dea2000 r-xp 00000000 08:01 14684928                   /lib/x86_64-linux-gnu/libz.so.1.2.11
7f688dea2000-7f688e0a1000 ---p 0001c000 08:01 14684928                   /lib/x86_64-linux-gnu/libz.so.1.2.11
7f688e0a1000-7f688e0a2000 r--p 0001b000 08:01 14684928                   /lib/x86_64-linux-gnu/libz.so.1.2.11
7f688e0a2000-7f688e0a3000 rw-p 0001c000 08:01 14684928                   /lib/x86_64-linux-gnu/libz.so.1.2.11
7f688e0a3000-7f688e28a000 r-xp 00000000 08:01 14684754                   /lib/x86_64-linux-gnu/libc-2.27.so
7f688e28a000-7f688e48a000 ---p 001e7000 08:01 14684754                   /lib/x86_64-linux-gnu/libc-2.27.so
7f688e48a000-7f688e48e000 r--p 001e7000 08:01 14684754                   /lib/x86_64-linux-gnu/libc-2.27.so
7f688e48e000-7f688e490000 rw-p 001eb000 08:01 14684754                   /lib/x86_64-linux-gnu/libc-2.27.so
7f688e490000-7f688e494000 rw-p 00000000 00:00 0 
7f688e494000-7f688e4a3000 r-xp 00000000 08:01 23598516                   /usr/lib/jvm/java-11-openjdk-amd64/lib/jli/libjli.so
7f688e4a3000-7f688e6a2000 ---p 0000f000 08:01 23598516                   /usr/lib/jvm/java-11-openjdk-amd64/lib/jli/libjli.so
7f688e6a2000-7f688e6a3000 r--p 0000e000 08:01 23598516                   /usr/lib/jvm/java-11-openjdk-amd64/lib/jli/libjli.so
7f688e6a3000-7f688e6a4000 rw-p 0000f000 08:01 23598516                   /usr/lib/jvm/java-11-openjdk-amd64/lib/jli/libjli.so
7f688e6a4000-7f688e6cb000 r-xp 00000000 08:01 14684726                   /lib/x86_64-linux-gnu/ld-2.27.so
7f688e6f0000-7f688e7ae000 rw-p 00000000 00:00 0 
7f688e7ae000-7f688e7b2000 ---p 00000000 00:00 0 
7f688e7b2000-7f688e8b8000 rw-p 00000000 00:00 0 
7f688e8b8000-7f688e8bf000 ---p 00000000 00:00 0 
7f688e8bf000-7f688e8c7000 rw-s 00000000 08:01 28966951                   /tmp/hsperfdata_pc/3421
7f688e8c7000-7f688e8c8000 ---p 00000000 00:00 0 
7f688e8c8000-7f688e8c9000 r--p 00000000 00:00 0 
7f688e8c9000-7f688e8cb000 rw-p 00000000 00:00 0 
7f688e8cb000-7f688e8cc000 r--p 00027000 08:01 14684726                   /lib/x86_64-linux-gnu/ld-2.27.so
7f688e8cc000-7f688e8cd000 rw-p 00028000 08:01 14684726                   /lib/x86_64-linux-gnu/ld-2.27.so
7f688e8cd000-7f688e8ce000 rw-p 00000000 00:00 0 
7ffe44e15000-7ffe44e36000 rw-p 00000000 00:00 0                          [stack]
7ffe44fa3000-7ffe44fa6000 r--p 00000000 00:00 0                          [vvar]
7ffe44fa6000-7ffe44fa8000 r-xp 00000000 00:00 0                          [vdso]
ffffffffff600000-ffffffffff601000 r-xp 00000000 00:00 0                  [vsyscall]


VM Arguments:
jvm_args: -Djava.library.path=/home/pc/Downloads/webots/lib/java 
java_command: SensorController
java_class_path (initial): /home/pc/Downloads/webots/lib/java/Controller.jar:/home/pc/Dokumente/my_project/controllers/SensorController/
Launcher Type: SUN_STANDARD

Logging:
Log output configuration:
#0: stdout all=warning uptime,level,tags
#1: stderr all=off uptime,level,tags

Environment Variables:
PATH=/usr/local/sbin:/usr/local/bin:/usr/sbin:/usr/bin:/sbin:/bin:/usr/games:/usr/local/games
LD_LIBRARY_PATH=/home/pc/Downloads/webots/projects/default/libraries/vehicle:/home/pc/Downloads/webots/projects/default/libraries/ros:/home/pc/Downloads/webots/resources/projects/libraries/qt_utils:/home/pc/Dokumente/my_project/controllers/SensorController/:/home/pc/Downloads/webots/lib/:/tmp/webots-1607/lib:
SHELL=/bin/bash
DISPLAY=:0

Signal Handlers:
SIGSEGV: [libjvm.so+0xd28b70], sa_mask[0]=11111111011111111101111111111110, sa_flags=SA_RESTART|SA_SIGINFO
SIGBUS: [libjvm.so+0xd28b70], sa_mask[0]=11111111011111111101111111111110, sa_flags=SA_RESTART|SA_SIGINFO
SIGFPE: [libjvm.so+0xd28b70], sa_mask[0]=11111111011111111101111111111110, sa_flags=SA_RESTART|SA_SIGINFO
SIGPIPE: [libjvm.so+0xb2a1f0], sa_mask[0]=11111111011111111101111111111110, sa_flags=SA_RESTART|SA_SIGINFO
SIGXFSZ: [libjvm.so+0xb2a1f0], sa_mask[0]=11111111011111111101111111111110, sa_flags=SA_RESTART|SA_SIGINFO
SIGILL: [libjvm.so+0xd28b70], sa_mask[0]=11111111011111111101111111111110, sa_flags=SA_RESTART|SA_SIGINFO
SIGUSR2: [libjvm.so+0xb2a030], sa_mask[0]=00000000000000000000000000000000, sa_flags=SA_RESTART|SA_SIGINFO
SIGHUP: [libjvm.so+0xb2a180], sa_mask[0]=11111111011111111101111111111110, sa_flags=SA_RESTART|SA_SIGINFO
SIGINT: [libjvm.so+0xb2a180], sa_mask[0]=11111111011111111101111111111110, sa_flags=SA_RESTART|SA_SIGINFO
SIGTERM: [libjvm.so+0xb2a180], sa_mask[0]=11111111011111111101111111111110, sa_flags=SA_RESTART|SA_SIGINFO
SIGQUIT: [libjvm.so+0xb2a180], sa_mask[0]=11111111011111111101111111111110, sa_flags=SA_RESTART|SA_SIGINFO


---------------  S Y S T E M  ---------------

OS:DISTRIB_ID=LinuxMint
DISTRIB_RELEASE=19.1
DISTRIB_CODENAME=tessa
DISTRIB_DESCRIPTION="Linux Mint 19.1 Tessa"
uname:Linux 4.15.0-20-generic #21-Ubuntu SMP Tue Apr 24 06:16:15 UTC 2018 x86_64
libc:glibc 2.27 NPTL 2.27 
rlimit: STACK 8192k, CORE 0k, NPROC 31207, NOFILE 4096, AS infinity, DATA infinity, FSIZE infinity
load average:1.57 1.35 1.24

/proc/meminfo:
MemTotal:        8051996 kB
MemFree:         1933748 kB
MemAvailable:    2670860 kB
Buffers:          101152 kB
Cached:          4229072 kB
SwapCached:            0 kB
Active:          1896512 kB
Inactive:        3966712 kB
Active(anon):    1533840 kB
Inactive(anon):  3414536 kB
Active(file):     362672 kB
Inactive(file):   552176 kB
Unevictable:          32 kB
Mlocked:              32 kB
SwapTotal:       2097148 kB
SwapFree:        2097148 kB
Dirty:               236 kB
Writeback:             0 kB
AnonPages:       1533068 kB
Mapped:          1610356 kB
Shmem:           3415380 kB
Slab:             133908 kB
SReclaimable:      83212 kB
SUnreclaim:        50696 kB
KernelStack:       14952 kB
PageTables:        50440 kB
NFS_Unstable:          0 kB
Bounce:                0 kB
WritebackTmp:          0 kB
CommitLimit:     6123144 kB
Committed_AS:   10921040 kB
VmallocTotal:   34359738367 kB
VmallocUsed:           0 kB
VmallocChunk:          0 kB
HardwareCorrupted:     0 kB
AnonHugePages:         0 kB
ShmemHugePages:        0 kB
ShmemPmdMapped:        0 kB
CmaTotal:              0 kB
CmaFree:               0 kB
HugePages_Total:       0
HugePages_Free:        0
HugePages_Rsvd:        0
HugePages_Surp:        0
Hugepagesize:       2048 kB
DirectMap4k:      166848 kB
DirectMap2M:     8105984 kB

container (cgroup) information:
container_type: cgroupv1
cpu_cpuset_cpus: 0-7
cpu_memory_nodes: 0
active_processor_count: 8
cpu_quota: -1
cpu_period: 100000
cpu_shares: -1
memory_limit_in_bytes: -1
memory_and_swap_limit_in_bytes: -2
memory_soft_limit_in_bytes: -1
memory_usage_in_bytes: 6004551680
memory_max_usage_in_bytes: 0


CPU:total 8 (initial active 8) (4 cores per cpu, 2 threads per core) family 6 model 58 stepping 9, cmov, cx8, fxsr, mmx, sse, sse2, sse3, ssse3, sse4.1, sse4.2, popcnt, avx, aes, clmul, erms, ht, tsc, tscinvbit, tscinv
CPU Model and flags from /proc/cpuinfo:
model name	: Intel(R) Core(TM) i7-3770 CPU @ 3.40GHz
flags		: fpu vme de pse tsc msr pae mce cx8 apic sep mtrr pge mca cmov pat pse36 clflush dts acpi mmx fxsr sse sse2 ss ht tm pbe syscall nx rdtscp lm constant_tsc arch_perfmon pebs bts rep_good nopl xtopology nonstop_tsc cpuid aperfmperf pni pclmulqdq dtes64 monitor ds_cpl vmx smx est tm2 ssse3 cx16 xtpr pdcm pcid sse4_1 sse4_2 x2apic popcnt tsc_deadline_timer aes xsave avx f16c rdrand lahf_lm cpuid_fault epb pti tpr_shadow vnmi flexpriority ept vpid fsgsbase smep erms xsaveopt dtherm ida arat pln pts

Memory: 4k page, physical 8051996k(1933748k free), swap 2097148k(2097148k free)

vm_info: OpenJDK 64-Bit Server VM (10.0.2+13-Ubuntu-1ubuntu0.18.04.4) for linux-amd64 JRE (10.0.2+13-Ubuntu-1ubuntu0.18.04.4), built on Nov 13 2018 12:53:39 by "buildd" with gcc 7.3.0

END.
