#
# A fatal error has been detected by the Java Runtime Environment:
#
#  SIGSEGV (0xb) at pc=0x00007f7c43b90b32, pid=2965, tid=2966
#
# JRE version: OpenJDK Runtime Environment (10.0.2+13) (build 10.0.2+13-Ubuntu-1ubuntu0.18.04.4)
# Java VM: OpenJDK 64-Bit Server VM (10.0.2+13-Ubuntu-1ubuntu0.18.04.4, mixed mode, tiered, compressed oops, g1 gc, linux-amd64)
# Problematic frame:
# C  [libController.so+0x1bb32]  wbu_motion_new+0x5d2
#
# Core dump will be written. Default location: Core dumps may be processed with "/usr/share/apport/apport %p %s %c %d %P" (or dumping to /home/pc/Dokumente/my_project/controllers/SensorController/core.2965)
#
# If you would like to submit a bug report, please visit:
#   http://bugreport.java.com/bugreport/crash.jsp
# The crash happened outside the Java Virtual Machine in native code.
# See problematic frame for where to report the bug.
#

---------------  S U M M A R Y ------------

Command Line: -Djava.library.path=/home/pc/Downloads/webots/lib/java SensorController

Host: Intel(R) Core(TM) i7-3770 CPU @ 3.40GHz, 8 cores, 7G, Linux Mint 19.1 Tessa
Time: Wed Jun 19 10:49:01 2019 CEST elapsed time: 0 seconds (0d 0h 0m 0s)

---------------  T H R E A D  ---------------

Current thread (0x00007f7ce8012000):  JavaThread "main" [_thread_in_native, id=2966, stack(0x00007f7cef0eb000,0x00007f7cef1ec000)]

Stack: [0x00007f7cef0eb000,0x00007f7cef1ec000],  sp=0x00007f7cef1e96f0,  free space=1017k
Native frames: (J=compiled Java code, A=aot compiled Java code, j=interpreted, Vv=VM code, C=native code)
C  [libController.so+0x1bb32]  wbu_motion_new+0x5d2
C  [libCppController.so+0x28c7a]  webots::Motion::Motion(std::__cxx11::basic_string<char, std::char_traits<char>, std::allocator<char> > const&)+0x36
C  [libJavaController.so+0x27c5d]  Java_com_cyberbotics_webots_controller_wrapperJNI_new_1Motion+0x10a
j  com.cyberbotics.webots.controller.wrapperJNI.new_Motion(Ljava/lang/String;)J+0
j  com.cyberbotics.webots.controller.Motion.<init>(Ljava/lang/String;)V+2
j  SensorController.loadMotionFiles()V+118
j  SensorController.main([Ljava/lang/String;)V+22
v  ~StubRoutines::call_stub
V  [libjvm.so+0x83d38f]
V  [libjvm.so+0x85c3cd]
V  [libjvm.so+0x85e60e]
C  [libjli.so+0x4aa0]
C  [libjli.so+0x89dd]
C  [libpthread.so.0+0x76db]  start_thread+0xdb

Java frames: (J=compiled Java code, j=interpreted, Vv=VM code)
j  com.cyberbotics.webots.controller.wrapperJNI.new_Motion(Ljava/lang/String;)J+0
j  com.cyberbotics.webots.controller.Motion.<init>(Ljava/lang/String;)V+2
j  SensorController.loadMotionFiles()V+118
j  SensorController.main([Ljava/lang/String;)V+22
v  ~StubRoutines::call_stub

siginfo: si_signo: 11 (SIGSEGV), si_code: 1 (SEGV_MAPERR), si_addr: 0x0000000000000000

Register to memory mapping:

RAX=0x0000000000000000 is an unknown value
RBX=0x00007f7ce82567b0 is an unknown value
RCX=0x0000000000000000 is an unknown value
RDX=0x00007f7ceedcda68: <offset 0x00000000003eda68> in /lib/x86_64-linux-gnu/libc.so.6 at 0x00007f7cee9e0000
RSP=0x00007f7cef1e96f0 is pointing into the stack for thread: 0x00007f7ce8012000
RBP=0x00007f7cef1ea770 is pointing into the stack for thread: 0x00007f7ce8012000
RSI=0x00007f7c43badfc3: <offset 0x0000000000038fc3> in /home/pc/Downloads/webots/lib/libController.so at 0x00007f7c43b75000
RDI=0x0000000000000000 is an unknown value
R8 =0x0000000000000001 is an unknown value
R9 =0x0000000000000000 is an unknown value
R10=0x774bc6a7ef9db22d is an unknown value
R11=0x00007f7c43badfde: <offset 0x0000000000038fde> in /home/pc/Downloads/webots/lib/libController.so at 0x00007f7c43b75000
R12=0x0000000000000138 is an unknown value
R13=0x000000000000009c is an unknown value
R14=0x0000000000000008 is an unknown value
R15=0x0000000000000001 is an unknown value


Registers:
RAX=0x0000000000000000, RBX=0x00007f7ce82567b0, RCX=0x0000000000000000, RDX=0x00007f7ceedcda68
RSP=0x00007f7cef1e96f0, RBP=0x00007f7cef1ea770, RSI=0x00007f7c43badfc3, RDI=0x0000000000000000
R8 =0x0000000000000001, R9 =0x0000000000000000, R10=0x774bc6a7ef9db22d, R11=0x00007f7c43badfde
R12=0x0000000000000138, R13=0x000000000000009c, R14=0x0000000000000008, R15=0x0000000000000001
RIP=0x00007f7c43b90b32, EFLAGS=0x0000000000010246, CSGSFS=0x002b000000000033, ERR=0x0000000000000004
  TRAPNO=0x000000000000000e

Top of Stack: (sp=0x00007f7cef1e96f0)
0x00007f7cef1e96f0:   36353a31303a3030 303465736f500030
0x00007f7cef1e9700:   003636342e302d00 2d2c3437312e302d
0x00007f7cef1e9710:   2e302c3134302e30 352e302d2c373339
0x00007f7cef1e9720:   2c3732322e302c36 2d2c3636342e302d 

Instructions: (pc=0x00007f7c43b90b32)
0x00007f7c43b90b12:   08 4a 03 0c 22 48 89 ca e8 f1 21 ff ff 44 3b 3b
0x00007f7c43b90b22:   7d 3c 48 8d 35 98 d4 01 00 31 ff e8 5e 26 ff ff
0x00007f7c43b90b32:   80 38 2a 75 c1 80 78 01 00 75 bb 48 8b 43 30 f2
0x00007f7c43b90b42:   0f 10 05 07 db 01 00 41 83 c7 01 4a 8b 04 20 f2 


---------------  P R O C E S S  ---------------

Threads class SMR info:
_java_thread_list=0x00007f7ce8204a30, length=11, elements={
0x00007f7ce8012000, 0x00007f7ce8142800, 0x00007f7ce8144800, 0x00007f7ce814e000,
0x00007f7ce8158800, 0x00007f7ce815a800, 0x00007f7ce815c800, 0x00007f7ce815e800,
0x00007f7ce8160000, 0x00007f7ce81e4800, 0x00007f7ce8205800
}

Java Threads: ( => current thread )
=>0x00007f7ce8012000 JavaThread "main" [_thread_in_native, id=2966, stack(0x00007f7cef0eb000,0x00007f7cef1ec000)]
  0x00007f7ce8142800 JavaThread "Reference Handler" daemon [_thread_blocked, id=2989, stack(0x00007f7c99587000,0x00007f7c99688000)]
  0x00007f7ce8144800 JavaThread "Finalizer" daemon [_thread_blocked, id=2990, stack(0x00007f7c99486000,0x00007f7c99587000)]
  0x00007f7ce814e000 JavaThread "Signal Dispatcher" daemon [_thread_blocked, id=2991, stack(0x00007f7c99055000,0x00007f7c99156000)]
  0x00007f7ce8158800 JavaThread "C2 CompilerThread0" daemon [_thread_blocked, id=2992, stack(0x00007f7c98f54000,0x00007f7c99055000)]
  0x00007f7ce815a800 JavaThread "C2 CompilerThread1" daemon [_thread_blocked, id=2993, stack(0x00007f7c98e53000,0x00007f7c98f54000)]
  0x00007f7ce815c800 JavaThread "C2 CompilerThread2" daemon [_thread_blocked, id=2994, stack(0x00007f7c98d52000,0x00007f7c98e53000)]
  0x00007f7ce815e800 JavaThread "C1 CompilerThread3" daemon [_thread_blocked, id=2995, stack(0x00007f7c98c51000,0x00007f7c98d52000)]
  0x00007f7ce8160000 JavaThread "Sweeper thread" daemon [_thread_blocked, id=2996, stack(0x00007f7c98b50000,0x00007f7c98c51000)]
  0x00007f7ce81e4800 JavaThread "Service Thread" daemon [_thread_blocked, id=2997, stack(0x00007f7c98a4f000,0x00007f7c98b50000)]
  0x00007f7ce8205800 JavaThread "Common-Cleaner" daemon [_thread_blocked, id=2999, stack(0x00007f7c9884c000,0x00007f7c9894d000)]

Other Threads:
  0x00007f7ce8139000 VMThread "VM Thread" [stack: 0x00007f7c9968a000,0x00007f7c9978a000] [id=2988]
  0x00007f7ce81e6800 WatcherThread [stack: 0x00007f7c9894f000,0x00007f7c98a4f000] [id=2998]
  0x00007f7ce8028800 GCTaskThread "GC Thread#0" [stack: 0x00007f7ccecea000,0x00007f7ccedea000] [id=2967]
  0x00007f7ce802a000 GCTaskThread "GC Thread#1" [stack: 0x00007f7ccebe8000,0x00007f7ccece8000] [id=2968]
  0x00007f7ce802c000 GCTaskThread "GC Thread#2" [stack: 0x00007f7cceae6000,0x00007f7ccebe6000] [id=2969]
  0x00007f7ce802d800 GCTaskThread "GC Thread#3" [stack: 0x00007f7cce9e4000,0x00007f7cceae4000] [id=2970]
  0x00007f7ce802f000 GCTaskThread "GC Thread#4" [stack: 0x00007f7cce8e2000,0x00007f7cce9e2000] [id=2971]
  0x00007f7ce8031000 GCTaskThread "GC Thread#5" [stack: 0x00007f7cce7e0000,0x00007f7cce8e0000] [id=2972]
  0x00007f7ce8032800 GCTaskThread "GC Thread#6" [stack: 0x00007f7cce6de000,0x00007f7cce7de000] [id=2973]
  0x00007f7ce8034800 GCTaskThread "GC Thread#7" [stack: 0x00007f7cce5dc000,0x00007f7cce6dc000] [id=2974]
  0x00007f7ce805d800 ConcurrentGCThread "G1 Main Marker" [stack: 0x00007f7ccd14d000,0x00007f7ccd24d000] [id=2975]
  0x00007f7ce805f800 ConcurrentGCThread "G1 Conc#0" [stack: 0x00007f7ccd04b000,0x00007f7ccd14b000] [id=2976]
  0x00007f7ce8061000 ConcurrentGCThread "G1 Conc#1" [stack: 0x00007f7cccf49000,0x00007f7ccd049000] [id=2977]
  0x00007f7ce80c9800 ConcurrentGCThread "G1 Refine#0" [stack: 0x00007f7ccc63f000,0x00007f7ccc73f000] [id=2978]
  0x00007f7ce80cb800 ConcurrentGCThread "G1 Refine#1" [stack: 0x00007f7ccc53d000,0x00007f7ccc63d000] [id=2979]
  0x00007f7ce80cd000 ConcurrentGCThread "G1 Refine#2" [stack: 0x00007f7ccc43b000,0x00007f7ccc53b000] [id=2980]
  0x00007f7ce80cf000 ConcurrentGCThread "G1 Refine#3" [stack: 0x00007f7ccc339000,0x00007f7ccc439000] [id=2981]
  0x00007f7ce80d0800 ConcurrentGCThread "G1 Refine#4" [stack: 0x00007f7ccc237000,0x00007f7ccc337000] [id=2982]
  0x00007f7ce80d2800 ConcurrentGCThread "G1 Refine#5" [stack: 0x00007f7ccc135000,0x00007f7ccc235000] [id=2983]
  0x00007f7ce80d4000 ConcurrentGCThread "G1 Refine#6" [stack: 0x00007f7ccc033000,0x00007f7ccc133000] [id=2984]
  0x00007f7ce80d6000 ConcurrentGCThread "G1 Refine#7" [stack: 0x00007f7cac190000,0x00007f7cac290000] [id=2985]
  0x00007f7ce80d7800 ConcurrentGCThread "G1 Young RemSet Sampling" [stack: 0x00007f7cac08e000,0x00007f7cac18e000] [id=2986]

Threads with active compile tasks:

VM state:not at safepoint (normal execution)

VM Mutex/Monitor currently owned by a thread: None

Heap address: 0x0000000085200000, size: 1966 MB, Compressed Oops mode: 32-bit
Narrow klass base: 0x0000000000000000, Narrow klass shift: 3
Compressed class space size: 1073741824 Address: 0x0000000100000000

Heap:
 garbage-first heap   total 126976K, used 1024K [0x0000000085200000, 0x0000000100000000)
  region size 1024K, 2 young (2048K), 0 survivors (0K)
 Metaspace       used 4857K, capacity 4990K, committed 5120K, reserved 1056768K
  class space    used 398K, capacity 430K, committed 512K, reserved 1048576K
Heap Regions: E=young(eden), S=young(survivor), O=old, HS=humongous(starts), HC=humongous(continues), CS=collection set, F=free, A=archive, TS=gc time stamp, AC=allocation context, TAMS=top-at-mark-start (previous, next)
|   0|0x0000000085200000, 0x0000000085200000, 0x0000000085300000|  0%| F|  |TS  0|AC  0|TAMS 0x0000000085200000, 0x0000000085200000|
|   1|0x0000000085300000, 0x0000000085300000, 0x0000000085400000|  0%| F|  |TS  0|AC  0|TAMS 0x0000000085300000, 0x0000000085300000|
|   2|0x0000000085400000, 0x0000000085400000, 0x0000000085500000|  0%| F|  |TS  0|AC  0|TAMS 0x0000000085400000, 0x0000000085400000|
|   3|0x0000000085500000, 0x0000000085500000, 0x0000000085600000|  0%| F|  |TS  0|AC  0|TAMS 0x0000000085500000, 0x0000000085500000|
|   4|0x0000000085600000, 0x0000000085600000, 0x0000000085700000|  0%| F|  |TS  0|AC  0|TAMS 0x0000000085600000, 0x0000000085600000|
|   5|0x0000000085700000, 0x0000000085700000, 0x0000000085800000|  0%| F|  |TS  0|AC  0|TAMS 0x0000000085700000, 0x0000000085700000|
|   6|0x0000000085800000, 0x0000000085800000, 0x0000000085900000|  0%| F|  |TS  0|AC  0|TAMS 0x0000000085800000, 0x0000000085800000|
|   7|0x0000000085900000, 0x0000000085900000, 0x0000000085a00000|  0%| F|  |TS  0|AC  0|TAMS 0x0000000085900000, 0x0000000085900000|
|   8|0x0000000085a00000, 0x0000000085a00000, 0x0000000085b00000|  0%| F|  |TS  0|AC  0|TAMS 0x0000000085a00000, 0x0000000085a00000|
|   9|0x0000000085b00000, 0x0000000085b00000, 0x0000000085c00000|  0%| F|  |TS  0|AC  0|TAMS 0x0000000085b00000, 0x0000000085b00000|
|  10|0x0000000085c00000, 0x0000000085c00000, 0x0000000085d00000|  0%| F|  |TS  0|AC  0|TAMS 0x0000000085c00000, 0x0000000085c00000|
|  11|0x0000000085d00000, 0x0000000085d00000, 0x0000000085e00000|  0%| F|  |TS  0|AC  0|TAMS 0x0000000085d00000, 0x0000000085d00000|
|  12|0x0000000085e00000, 0x0000000085e00000, 0x0000000085f00000|  0%| F|  |TS  0|AC  0|TAMS 0x0000000085e00000, 0x0000000085e00000|
|  13|0x0000000085f00000, 0x0000000085f00000, 0x0000000086000000|  0%| F|  |TS  0|AC  0|TAMS 0x0000000085f00000, 0x0000000085f00000|
|  14|0x0000000086000000, 0x0000000086000000, 0x0000000086100000|  0%| F|  |TS  0|AC  0|TAMS 0x0000000086000000, 0x0000000086000000|
|  15|0x0000000086100000, 0x0000000086100000, 0x0000000086200000|  0%| F|  |TS  0|AC  0|TAMS 0x0000000086100000, 0x0000000086100000|
|  16|0x0000000086200000, 0x0000000086200000, 0x0000000086300000|  0%| F|  |TS  0|AC  0|TAMS 0x0000000086200000, 0x0000000086200000|
|  17|0x0000000086300000, 0x0000000086300000, 0x0000000086400000|  0%| F|  |TS  0|AC  0|TAMS 0x0000000086300000, 0x0000000086300000|
|  18|0x0000000086400000, 0x0000000086400000, 0x0000000086500000|  0%| F|  |TS  0|AC  0|TAMS 0x0000000086400000, 0x0000000086400000|
|  19|0x0000000086500000, 0x0000000086500000, 0x0000000086600000|  0%| F|  |TS  0|AC  0|TAMS 0x0000000086500000, 0x0000000086500000|
|  20|0x0000000086600000, 0x0000000086600000, 0x0000000086700000|  0%| F|  |TS  0|AC  0|TAMS 0x0000000086600000, 0x0000000086600000|
|  21|0x0000000086700000, 0x0000000086700000, 0x0000000086800000|  0%| F|  |TS  0|AC  0|TAMS 0x0000000086700000, 0x0000000086700000|
|  22|0x0000000086800000, 0x0000000086800000, 0x0000000086900000|  0%| F|  |TS  0|AC  0|TAMS 0x0000000086800000, 0x0000000086800000|
|  23|0x0000000086900000, 0x0000000086900000, 0x0000000086a00000|  0%| F|  |TS  0|AC  0|TAMS 0x0000000086900000, 0x0000000086900000|
|  24|0x0000000086a00000, 0x0000000086a00000, 0x0000000086b00000|  0%| F|  |TS  0|AC  0|TAMS 0x0000000086a00000, 0x0000000086a00000|
|  25|0x0000000086b00000, 0x0000000086b00000, 0x0000000086c00000|  0%| F|  |TS  0|AC  0|TAMS 0x0000000086b00000, 0x0000000086b00000|
|  26|0x0000000086c00000, 0x0000000086c00000, 0x0000000086d00000|  0%| F|  |TS  0|AC  0|TAMS 0x0000000086c00000, 0x0000000086c00000|
|  27|0x0000000086d00000, 0x0000000086d00000, 0x0000000086e00000|  0%| F|  |TS  0|AC  0|TAMS 0x0000000086d00000, 0x0000000086d00000|
|  28|0x0000000086e00000, 0x0000000086e00000, 0x0000000086f00000|  0%| F|  |TS  0|AC  0|TAMS 0x0000000086e00000, 0x0000000086e00000|
|  29|0x0000000086f00000, 0x0000000086f00000, 0x0000000087000000|  0%| F|  |TS  0|AC  0|TAMS 0x0000000086f00000, 0x0000000086f00000|
|  30|0x0000000087000000, 0x0000000087000000, 0x0000000087100000|  0%| F|  |TS  0|AC  0|TAMS 0x0000000087000000, 0x0000000087000000|
|  31|0x0000000087100000, 0x0000000087100000, 0x0000000087200000|  0%| F|  |TS  0|AC  0|TAMS 0x0000000087100000, 0x0000000087100000|
|  32|0x0000000087200000, 0x0000000087200000, 0x0000000087300000|  0%| F|  |TS  0|AC  0|TAMS 0x0000000087200000, 0x0000000087200000|
|  33|0x0000000087300000, 0x0000000087300000, 0x0000000087400000|  0%| F|  |TS  0|AC  0|TAMS 0x0000000087300000, 0x0000000087300000|
|  34|0x0000000087400000, 0x0000000087400000, 0x0000000087500000|  0%| F|  |TS  0|AC  0|TAMS 0x0000000087400000, 0x0000000087400000|
|  35|0x0000000087500000, 0x0000000087500000, 0x0000000087600000|  0%| F|  |TS  0|AC  0|TAMS 0x0000000087500000, 0x0000000087500000|
|  36|0x0000000087600000, 0x0000000087600000, 0x0000000087700000|  0%| F|  |TS  0|AC  0|TAMS 0x0000000087600000, 0x0000000087600000|
|  37|0x0000000087700000, 0x0000000087700000, 0x0000000087800000|  0%| F|  |TS  0|AC  0|TAMS 0x0000000087700000, 0x0000000087700000|
|  38|0x0000000087800000, 0x0000000087800000, 0x0000000087900000|  0%| F|  |TS  0|AC  0|TAMS 0x0000000087800000, 0x0000000087800000|
|  39|0x0000000087900000, 0x0000000087900000, 0x0000000087a00000|  0%| F|  |TS  0|AC  0|TAMS 0x0000000087900000, 0x0000000087900000|
|  40|0x0000000087a00000, 0x0000000087a00000, 0x0000000087b00000|  0%| F|  |TS  0|AC  0|TAMS 0x0000000087a00000, 0x0000000087a00000|
|  41|0x0000000087b00000, 0x0000000087b00000, 0x0000000087c00000|  0%| F|  |TS  0|AC  0|TAMS 0x0000000087b00000, 0x0000000087b00000|
|  42|0x0000000087c00000, 0x0000000087c00000, 0x0000000087d00000|  0%| F|  |TS  0|AC  0|TAMS 0x0000000087c00000, 0x0000000087c00000|
|  43|0x0000000087d00000, 0x0000000087d00000, 0x0000000087e00000|  0%| F|  |TS  0|AC  0|TAMS 0x0000000087d00000, 0x0000000087d00000|
|  44|0x0000000087e00000, 0x0000000087e00000, 0x0000000087f00000|  0%| F|  |TS  0|AC  0|TAMS 0x0000000087e00000, 0x0000000087e00000|
|  45|0x0000000087f00000, 0x0000000087f00000, 0x0000000088000000|  0%| F|  |TS  0|AC  0|TAMS 0x0000000087f00000, 0x0000000087f00000|
|  46|0x0000000088000000, 0x0000000088000000, 0x0000000088100000|  0%| F|  |TS  0|AC  0|TAMS 0x0000000088000000, 0x0000000088000000|
|  47|0x0000000088100000, 0x0000000088100000, 0x0000000088200000|  0%| F|  |TS  0|AC  0|TAMS 0x0000000088100000, 0x0000000088100000|
|  48|0x0000000088200000, 0x0000000088200000, 0x0000000088300000|  0%| F|  |TS  0|AC  0|TAMS 0x0000000088200000, 0x0000000088200000|
|  49|0x0000000088300000, 0x0000000088300000, 0x0000000088400000|  0%| F|  |TS  0|AC  0|TAMS 0x0000000088300000, 0x0000000088300000|
|  50|0x0000000088400000, 0x0000000088400000, 0x0000000088500000|  0%| F|  |TS  0|AC  0|TAMS 0x0000000088400000, 0x0000000088400000|
|  51|0x0000000088500000, 0x0000000088500000, 0x0000000088600000|  0%| F|  |TS  0|AC  0|TAMS 0x0000000088500000, 0x0000000088500000|
|  52|0x0000000088600000, 0x0000000088600000, 0x0000000088700000|  0%| F|  |TS  0|AC  0|TAMS 0x0000000088600000, 0x0000000088600000|
|  53|0x0000000088700000, 0x0000000088700000, 0x0000000088800000|  0%| F|  |TS  0|AC  0|TAMS 0x0000000088700000, 0x0000000088700000|
|  54|0x0000000088800000, 0x0000000088800000, 0x0000000088900000|  0%| F|  |TS  0|AC  0|TAMS 0x0000000088800000, 0x0000000088800000|
|  55|0x0000000088900000, 0x0000000088900000, 0x0000000088a00000|  0%| F|  |TS  0|AC  0|TAMS 0x0000000088900000, 0x0000000088900000|
|  56|0x0000000088a00000, 0x0000000088a00000, 0x0000000088b00000|  0%| F|  |TS  0|AC  0|TAMS 0x0000000088a00000, 0x0000000088a00000|
|  57|0x0000000088b00000, 0x0000000088b00000, 0x0000000088c00000|  0%| F|  |TS  0|AC  0|TAMS 0x0000000088b00000, 0x0000000088b00000|
|  58|0x0000000088c00000, 0x0000000088c00000, 0x0000000088d00000|  0%| F|  |TS  0|AC  0|TAMS 0x0000000088c00000, 0x0000000088c00000|
|  59|0x0000000088d00000, 0x0000000088d00000, 0x0000000088e00000|  0%| F|  |TS  0|AC  0|TAMS 0x0000000088d00000, 0x0000000088d00000|
|  60|0x0000000088e00000, 0x0000000088e00000, 0x0000000088f00000|  0%| F|  |TS  0|AC  0|TAMS 0x0000000088e00000, 0x0000000088e00000|
|  61|0x0000000088f00000, 0x0000000088f00000, 0x0000000089000000|  0%| F|  |TS  0|AC  0|TAMS 0x0000000088f00000, 0x0000000088f00000|
|  62|0x0000000089000000, 0x0000000089000000, 0x0000000089100000|  0%| F|  |TS  0|AC  0|TAMS 0x0000000089000000, 0x0000000089000000|
|  63|0x0000000089100000, 0x0000000089100000, 0x0000000089200000|  0%| F|  |TS  0|AC  0|TAMS 0x0000000089100000, 0x0000000089100000|
|  64|0x0000000089200000, 0x0000000089200000, 0x0000000089300000|  0%| F|  |TS  0|AC  0|TAMS 0x0000000089200000, 0x0000000089200000|
|  65|0x0000000089300000, 0x0000000089300000, 0x0000000089400000|  0%| F|  |TS  0|AC  0|TAMS 0x0000000089300000, 0x0000000089300000|
|  66|0x0000000089400000, 0x0000000089400000, 0x0000000089500000|  0%| F|  |TS  0|AC  0|TAMS 0x0000000089400000, 0x0000000089400000|
|  67|0x0000000089500000, 0x0000000089500000, 0x0000000089600000|  0%| F|  |TS  0|AC  0|TAMS 0x0000000089500000, 0x0000000089500000|
|  68|0x0000000089600000, 0x0000000089600000, 0x0000000089700000|  0%| F|  |TS  0|AC  0|TAMS 0x0000000089600000, 0x0000000089600000|
|  69|0x0000000089700000, 0x0000000089700000, 0x0000000089800000|  0%| F|  |TS  0|AC  0|TAMS 0x0000000089700000, 0x0000000089700000|
|  70|0x0000000089800000, 0x0000000089800000, 0x0000000089900000|  0%| F|  |TS  0|AC  0|TAMS 0x0000000089800000, 0x0000000089800000|
|  71|0x0000000089900000, 0x0000000089900000, 0x0000000089a00000|  0%| F|  |TS  0|AC  0|TAMS 0x0000000089900000, 0x0000000089900000|
|  72|0x0000000089a00000, 0x0000000089a00000, 0x0000000089b00000|  0%| F|  |TS  0|AC  0|TAMS 0x0000000089a00000, 0x0000000089a00000|
|  73|0x0000000089b00000, 0x0000000089b00000, 0x0000000089c00000|  0%| F|  |TS  0|AC  0|TAMS 0x0000000089b00000, 0x0000000089b00000|
|  74|0x0000000089c00000, 0x0000000089c00000, 0x0000000089d00000|  0%| F|  |TS  0|AC  0|TAMS 0x0000000089c00000, 0x0000000089c00000|
|  75|0x0000000089d00000, 0x0000000089d00000, 0x0000000089e00000|  0%| F|  |TS  0|AC  0|TAMS 0x0000000089d00000, 0x0000000089d00000|
|  76|0x0000000089e00000, 0x0000000089e00000, 0x0000000089f00000|  0%| F|  |TS  0|AC  0|TAMS 0x0000000089e00000, 0x0000000089e00000|
|  77|0x0000000089f00000, 0x0000000089f00000, 0x000000008a000000|  0%| F|  |TS  0|AC  0|TAMS 0x0000000089f00000, 0x0000000089f00000|
|  78|0x000000008a000000, 0x000000008a000000, 0x000000008a100000|  0%| F|  |TS  0|AC  0|TAMS 0x000000008a000000, 0x000000008a000000|
|  79|0x000000008a100000, 0x000000008a100000, 0x000000008a200000|  0%| F|  |TS  0|AC  0|TAMS 0x000000008a100000, 0x000000008a100000|
|  80|0x000000008a200000, 0x000000008a200000, 0x000000008a300000|  0%| F|  |TS  0|AC  0|TAMS 0x000000008a200000, 0x000000008a200000|
|  81|0x000000008a300000, 0x000000008a300000, 0x000000008a400000|  0%| F|  |TS  0|AC  0|TAMS 0x000000008a300000, 0x000000008a300000|
|  82|0x000000008a400000, 0x000000008a400000, 0x000000008a500000|  0%| F|  |TS  0|AC  0|TAMS 0x000000008a400000, 0x000000008a400000|
|  83|0x000000008a500000, 0x000000008a500000, 0x000000008a600000|  0%| F|  |TS  0|AC  0|TAMS 0x000000008a500000, 0x000000008a500000|
|  84|0x000000008a600000, 0x000000008a600000, 0x000000008a700000|  0%| F|  |TS  0|AC  0|TAMS 0x000000008a600000, 0x000000008a600000|
|  85|0x000000008a700000, 0x000000008a700000, 0x000000008a800000|  0%| F|  |TS  0|AC  0|TAMS 0x000000008a700000, 0x000000008a700000|
|  86|0x000000008a800000, 0x000000008a800000, 0x000000008a900000|  0%| F|  |TS  0|AC  0|TAMS 0x000000008a800000, 0x000000008a800000|
|  87|0x000000008a900000, 0x000000008a900000, 0x000000008aa00000|  0%| F|  |TS  0|AC  0|TAMS 0x000000008a900000, 0x000000008a900000|
|  88|0x000000008aa00000, 0x000000008aa00000, 0x000000008ab00000|  0%| F|  |TS  0|AC  0|TAMS 0x000000008aa00000, 0x000000008aa00000|
|  89|0x000000008ab00000, 0x000000008ab00000, 0x000000008ac00000|  0%| F|  |TS  0|AC  0|TAMS 0x000000008ab00000, 0x000000008ab00000|
|  90|0x000000008ac00000, 0x000000008ac00000, 0x000000008ad00000|  0%| F|  |TS  0|AC  0|TAMS 0x000000008ac00000, 0x000000008ac00000|
|  91|0x000000008ad00000, 0x000000008ad00000, 0x000000008ae00000|  0%| F|  |TS  0|AC  0|TAMS 0x000000008ad00000, 0x000000008ad00000|
|  92|0x000000008ae00000, 0x000000008ae00000, 0x000000008af00000|  0%| F|  |TS  0|AC  0|TAMS 0x000000008ae00000, 0x000000008ae00000|
|  93|0x000000008af00000, 0x000000008af00000, 0x000000008b000000|  0%| F|  |TS  0|AC  0|TAMS 0x000000008af00000, 0x000000008af00000|
|  94|0x000000008b000000, 0x000000008b000000, 0x000000008b100000|  0%| F|  |TS  0|AC  0|TAMS 0x000000008b000000, 0x000000008b000000|
|  95|0x000000008b100000, 0x000000008b100000, 0x000000008b200000|  0%| F|  |TS  0|AC  0|TAMS 0x000000008b100000, 0x000000008b100000|
|  96|0x000000008b200000, 0x000000008b200000, 0x000000008b300000|  0%| F|  |TS  0|AC  0|TAMS 0x000000008b200000, 0x000000008b200000|
|  97|0x000000008b300000, 0x000000008b300000, 0x000000008b400000|  0%| F|  |TS  0|AC  0|TAMS 0x000000008b300000, 0x000000008b300000|
|  98|0x000000008b400000, 0x000000008b400000, 0x000000008b500000|  0%| F|  |TS  0|AC  0|TAMS 0x000000008b400000, 0x000000008b400000|
|  99|0x000000008b500000, 0x000000008b500000, 0x000000008b600000|  0%| F|  |TS  0|AC  0|TAMS 0x000000008b500000, 0x000000008b500000|
| 100|0x000000008b600000, 0x000000008b600000, 0x000000008b700000|  0%| F|  |TS  0|AC  0|TAMS 0x000000008b600000, 0x000000008b600000|
| 101|0x000000008b700000, 0x000000008b700000, 0x000000008b800000|  0%| F|  |TS  0|AC  0|TAMS 0x000000008b700000, 0x000000008b700000|
| 102|0x000000008b800000, 0x000000008b800000, 0x000000008b900000|  0%| F|  |TS  0|AC  0|TAMS 0x000000008b800000, 0x000000008b800000|
| 103|0x000000008b900000, 0x000000008b900000, 0x000000008ba00000|  0%| F|  |TS  0|AC  0|TAMS 0x000000008b900000, 0x000000008b900000|
| 104|0x000000008ba00000, 0x000000008ba00000, 0x000000008bb00000|  0%| F|  |TS  0|AC  0|TAMS 0x000000008ba00000, 0x000000008ba00000|
| 105|0x000000008bb00000, 0x000000008bb00000, 0x000000008bc00000|  0%| F|  |TS  0|AC  0|TAMS 0x000000008bb00000, 0x000000008bb00000|
| 106|0x000000008bc00000, 0x000000008bc00000, 0x000000008bd00000|  0%| F|  |TS  0|AC  0|TAMS 0x000000008bc00000, 0x000000008bc00000|
| 107|0x000000008bd00000, 0x000000008bd00000, 0x000000008be00000|  0%| F|  |TS  0|AC  0|TAMS 0x000000008bd00000, 0x000000008bd00000|
| 108|0x000000008be00000, 0x000000008be00000, 0x000000008bf00000|  0%| F|  |TS  0|AC  0|TAMS 0x000000008be00000, 0x000000008be00000|
| 109|0x000000008bf00000, 0x000000008bf00000, 0x000000008c000000|  0%| F|  |TS  0|AC  0|TAMS 0x000000008bf00000, 0x000000008bf00000|
| 110|0x000000008c000000, 0x000000008c000000, 0x000000008c100000|  0%| F|  |TS  0|AC  0|TAMS 0x000000008c000000, 0x000000008c000000|
| 111|0x000000008c100000, 0x000000008c100000, 0x000000008c200000|  0%| F|  |TS  0|AC  0|TAMS 0x000000008c100000, 0x000000008c100000|
| 112|0x000000008c200000, 0x000000008c200000, 0x000000008c300000|  0%| F|  |TS  0|AC  0|TAMS 0x000000008c200000, 0x000000008c200000|
| 113|0x000000008c300000, 0x000000008c300000, 0x000000008c400000|  0%| F|  |TS  0|AC  0|TAMS 0x000000008c300000, 0x000000008c300000|
| 114|0x000000008c400000, 0x000000008c400000, 0x000000008c500000|  0%| F|  |TS  0|AC  0|TAMS 0x000000008c400000, 0x000000008c400000|
| 115|0x000000008c500000, 0x000000008c500000, 0x000000008c600000|  0%| F|  |TS  0|AC  0|TAMS 0x000000008c500000, 0x000000008c500000|
| 116|0x000000008c600000, 0x000000008c600000, 0x000000008c700000|  0%| F|  |TS  0|AC  0|TAMS 0x000000008c600000, 0x000000008c600000|
| 117|0x000000008c700000, 0x000000008c700000, 0x000000008c800000|  0%| F|  |TS  0|AC  0|TAMS 0x000000008c700000, 0x000000008c700000|
| 118|0x000000008c800000, 0x000000008c800000, 0x000000008c900000|  0%| F|  |TS  0|AC  0|TAMS 0x000000008c800000, 0x000000008c800000|
| 119|0x000000008c900000, 0x000000008c900000, 0x000000008ca00000|  0%| F|  |TS  0|AC  0|TAMS 0x000000008c900000, 0x000000008c900000|
| 120|0x000000008ca00000, 0x000000008ca00000, 0x000000008cb00000|  0%| F|  |TS  0|AC  0|TAMS 0x000000008ca00000, 0x000000008ca00000|
| 121|0x000000008cb00000, 0x000000008cb00000, 0x000000008cc00000|  0%| F|  |TS  0|AC  0|TAMS 0x000000008cb00000, 0x000000008cb00000|
| 122|0x000000008cc00000, 0x000000008ccf64a8, 0x000000008cd00000| 96%| E|  |TS  0|AC  0|TAMS 0x000000008cc00000, 0x000000008cc00000|
| 123|0x000000008cd00000, 0x000000008ce00000, 0x000000008ce00000|100%| E|CS|TS  0|AC  0|TAMS 0x000000008cd00000, 0x000000008cd00000|

Card table byte_map: [0x00007f7ccd624000,0x00007f7ccd9fb000] byte_map_base: 0x00007f7ccd1fb000

Marking Bits (Prev, Next): (CMBitMap*) 0x00007f7ce805ce80, (CMBitMap*) 0x00007f7ce805ceb8
 Prev Bits: [0x00007f7cae148000, 0x00007f7cb0000000)
 Next Bits: [0x00007f7cac290000, 0x00007f7cae148000)

Polling page: 0x00007f7cef204000

CodeHeap 'non-profiled nmethods': size=120032Kb used=22Kb max_used=22Kb free=120009Kb
 bounds [0x00007f7cd699d000, 0x00007f7cd6c0d000, 0x00007f7cdded5000]
CodeHeap 'profiled nmethods': size=120028Kb used=141Kb max_used=141Kb free=119886Kb
 bounds [0x00007f7ccf466000, 0x00007f7ccf6d6000, 0x00007f7cd699d000]
CodeHeap 'non-nmethods': size=5700Kb used=1018Kb max_used=1018Kb free=4682Kb
 bounds [0x00007f7cceed5000, 0x00007f7ccf145000, 0x00007f7ccf466000]
 total_blobs=468 nmethods=103 adapters=222
 compilation: enabled

Compilation events (10 events):
Event: 0.095 Thread 0x00007f7ce815e800 nmethod 99 0x00007f7ccf486510 code [0x00007f7ccf4866e0, 0x00007f7ccf486af0]
Event: 0.095 Thread 0x00007f7ce815e800  100       3       java.lang.StringBuilder::append (8 bytes)
Event: 0.095 Thread 0x00007f7ce815e800 nmethod 100 0x00007f7ccf486c90 code [0x00007f7ccf486e40, 0x00007f7ccf486fe8]
Event: 0.095 Thread 0x00007f7ce815e800  101       3       java.lang.AbstractStringBuilder::append (45 bytes)
Event: 0.095 Thread 0x00007f7ce815e800 nmethod 101 0x00007f7ccf487090 code [0x00007f7ccf4872c0, 0x00007f7ccf487838]
Event: 0.096 Thread 0x00007f7ce815e800  102       3       java.lang.Character::toLowerCase (9 bytes)
Event: 0.096 Thread 0x00007f7ce815e800 nmethod 102 0x00007f7ccf487a90 code [0x00007f7ccf487c60, 0x00007f7ccf487e98]
Event: 0.096 Thread 0x00007f7ce815e800  103       3       java.lang.CharacterDataLatin1::toLowerCase (39 bytes)
Event: 0.096 Thread 0x00007f7ce815e800 nmethod 103 0x00007f7ccf487f90 code [0x00007f7ccf488160, 0x00007f7ccf4883f0]
Event: 0.099 Thread 0x00007f7ce815e800  104       3       java.util.Arrays::copyOfRange (63 bytes)

GC Heap History (0 events):
No events

Deoptimization events (1 events):
Event: 0.064 Thread 0x00007f7ce8012000 Uncommon trap: reason=unstable_if action=reinterpret pc=0x00007f7cd69a24e8 method=java.lang.String.hashCode()I @ 14 c2

Classes redefined (0 events):
No events

Internal exceptions (0 events):
No events

Events (10 events):
Event: 0.094 loading class com/cyberbotics/webots/controller/Mouse
Event: 0.094 loading class com/cyberbotics/webots/controller/Mouse done
Event: 0.095 loading class com/cyberbotics/webots/controller/Camera
Event: 0.095 loading class com/cyberbotics/webots/controller/Camera done
Event: 0.095 loading class com/cyberbotics/webots/controller/Device
Event: 0.095 loading class com/cyberbotics/webots/controller/Device done
Event: 0.095 loading class com/cyberbotics/webots/controller/DistanceSensor
Event: 0.095 loading class com/cyberbotics/webots/controller/DistanceSensor done
Event: 0.096 loading class com/cyberbotics/webots/controller/Motion
Event: 0.096 loading class com/cyberbotics/webots/controller/Motion done


Dynamic libraries:
85200000-8ce00000 rw-p 00000000 00:00 0 
8ce00000-100000000 ---p 00000000 00:00 0 
100000000-100080000 rw-p 00000000 00:00 0 
100080000-140000000 ---p 00000000 00:00 0 
55e4627d6000-55e4627d7000 r-xp 00000000 08:01 23598097                   /usr/lib/jvm/java-11-openjdk-amd64/bin/java
55e4629d7000-55e4629d8000 r--p 00001000 08:01 23598097                   /usr/lib/jvm/java-11-openjdk-amd64/bin/java
55e4629d8000-55e4629d9000 rw-p 00002000 08:01 23598097                   /usr/lib/jvm/java-11-openjdk-amd64/bin/java
55e463024000-55e463045000 rw-p 00000000 00:00 0                          [heap]
7f7c42e4a000-7f7c42e4d000 r-xp 00000000 08:01 26486645                   /home/pc/Downloads/webots/resources/projects/plugins/robot_windows/generic/libgeneric.so
7f7c42e4d000-7f7c4304c000 ---p 00003000 08:01 26486645                   /home/pc/Downloads/webots/resources/projects/plugins/robot_windows/generic/libgeneric.so
7f7c4304c000-7f7c4304d000 r--p 00002000 08:01 26486645                   /home/pc/Downloads/webots/resources/projects/plugins/robot_windows/generic/libgeneric.so
7f7c4304d000-7f7c4304e000 rw-p 00003000 08:01 26486645                   /home/pc/Downloads/webots/resources/projects/plugins/robot_windows/generic/libgeneric.so
7f7c4304e000-7f7c43059000 r-xp 00000000 08:01 27920412                   /home/pc/Downloads/webots/lib/libjbig.so.0
7f7c43059000-7f7c43258000 ---p 0000b000 08:01 27920412                   /home/pc/Downloads/webots/lib/libjbig.so.0
7f7c43258000-7f7c43259000 r--p 0000a000 08:01 27920412                   /home/pc/Downloads/webots/lib/libjbig.so.0
7f7c43259000-7f7c4325c000 rw-p 0000b000 08:01 27920412                   /home/pc/Downloads/webots/lib/libjbig.so.0
7f7c4325c000-7f7c43280000 r-xp 00000000 08:01 14684814                   /lib/x86_64-linux-gnu/liblzma.so.5.2.2
7f7c43280000-7f7c43480000 ---p 00024000 08:01 14684814                   /lib/x86_64-linux-gnu/liblzma.so.5.2.2
7f7c43480000-7f7c43481000 r--p 00024000 08:01 14684814                   /lib/x86_64-linux-gnu/liblzma.so.5.2.2
7f7c43481000-7f7c43482000 rw-p 00025000 08:01 14684814                   /lib/x86_64-linux-gnu/liblzma.so.5.2.2
7f7c43482000-7f7c434a6000 r-xp 00000000 08:01 27920444                   /home/pc/Downloads/webots/lib/libpng12.so.0
7f7c434a6000-7f7c436a5000 ---p 00024000 08:01 27920444                   /home/pc/Downloads/webots/lib/libpng12.so.0
7f7c436a5000-7f7c436a6000 r--p 00023000 08:01 27920444                   /home/pc/Downloads/webots/lib/libpng12.so.0
7f7c436a6000-7f7c436a7000 rw-p 00024000 08:01 27920444                   /home/pc/Downloads/webots/lib/libpng12.so.0
7f7c436a7000-7f7c436fe000 r-xp 00000000 08:01 27920405                   /home/pc/Downloads/webots/lib/libjpeg.so.8
7f7c436fe000-7f7c438fe000 ---p 00057000 08:01 27920405                   /home/pc/Downloads/webots/lib/libjpeg.so.8
7f7c438fe000-7f7c438ff000 r--p 00057000 08:01 27920405                   /home/pc/Downloads/webots/lib/libjpeg.so.8
7f7c438ff000-7f7c43900000 rw-p 00058000 08:01 27920405                   /home/pc/Downloads/webots/lib/libjpeg.so.8
7f7c43900000-7f7c43971000 r-xp 00000000 08:01 27920407                   /home/pc/Downloads/webots/lib/libtiff.so.5
7f7c43971000-7f7c43b71000 ---p 00071000 08:01 27920407                   /home/pc/Downloads/webots/lib/libtiff.so.5
7f7c43b71000-7f7c43b72000 r--p 00071000 08:01 27920407                   /home/pc/Downloads/webots/lib/libtiff.so.5
7f7c43b72000-7f7c43b75000 rw-p 00072000 08:01 27920407                   /home/pc/Downloads/webots/lib/libtiff.so.5
7f7c43b75000-7f7c43bc1000 r-xp 00000000 08:01 27920416                   /home/pc/Downloads/webots/lib/libController.so
7f7c43bc1000-7f7c43dc0000 ---p 0004c000 08:01 27920416                   /home/pc/Downloads/webots/lib/libController.so
7f7c43dc0000-7f7c43dc1000 r--p 0004b000 08:01 27920416                   /home/pc/Downloads/webots/lib/libController.so
7f7c43dc1000-7f7c43dc2000 rw-p 0004c000 08:01 27920416                   /home/pc/Downloads/webots/lib/libController.so
7f7c43dc2000-7f7c43dc3000 rw-p 00000000 00:00 0 
7f7c43dc3000-7f7c43dfd000 r-xp 00000000 08:01 27920467                   /home/pc/Downloads/webots/lib/libCppController.so
7f7c43dfd000-7f7c43ffc000 ---p 0003a000 08:01 27920467                   /home/pc/Downloads/webots/lib/libCppController.so
7f7c43ffc000-7f7c43ffe000 r--p 00039000 08:01 27920467                   /home/pc/Downloads/webots/lib/libCppController.so
7f7c43ffe000-7f7c44000000 rw-p 0003b000 08:01 27920467                   /home/pc/Downloads/webots/lib/libCppController.so
7f7c44000000-7f7c44021000 rw-p 00000000 00:00 0 
7f7c44021000-7f7c48000000 ---p 00000000 00:00 0 
7f7c48000000-7f7c48021000 rw-p 00000000 00:00 0 
7f7c48021000-7f7c4c000000 ---p 00000000 00:00 0 
7f7c4c000000-7f7c4c021000 rw-p 00000000 00:00 0 
7f7c4c021000-7f7c50000000 ---p 00000000 00:00 0 
7f7c50000000-7f7c50021000 rw-p 00000000 00:00 0 
7f7c50021000-7f7c54000000 ---p 00000000 00:00 0 
7f7c54000000-7f7c54021000 rw-p 00000000 00:00 0 
7f7c54021000-7f7c58000000 ---p 00000000 00:00 0 
7f7c58000000-7f7c58066000 rw-p 00000000 00:00 0 
7f7c58066000-7f7c5c000000 ---p 00000000 00:00 0 
7f7c5c000000-7f7c5c086000 rw-p 00000000 00:00 0 
7f7c5c086000-7f7c60000000 ---p 00000000 00:00 0 
7f7c60000000-7f7c60021000 rw-p 00000000 00:00 0 
7f7c60021000-7f7c64000000 ---p 00000000 00:00 0 
7f7c64000000-7f7c64021000 rw-p 00000000 00:00 0 
7f7c64021000-7f7c68000000 ---p 00000000 00:00 0 
7f7c68000000-7f7c68021000 rw-p 00000000 00:00 0 
7f7c68021000-7f7c6c000000 ---p 00000000 00:00 0 
7f7c6c000000-7f7c6c021000 rw-p 00000000 00:00 0 
7f7c6c021000-7f7c70000000 ---p 00000000 00:00 0 
7f7c70000000-7f7c70021000 rw-p 00000000 00:00 0 
7f7c70021000-7f7c74000000 ---p 00000000 00:00 0 
7f7c74000000-7f7c74021000 rw-p 00000000 00:00 0 
7f7c74021000-7f7c78000000 ---p 00000000 00:00 0 
7f7c78000000-7f7c78021000 rw-p 00000000 00:00 0 
7f7c78021000-7f7c7c000000 ---p 00000000 00:00 0 
7f7c7c000000-7f7c7c021000 rw-p 00000000 00:00 0 
7f7c7c021000-7f7c80000000 ---p 00000000 00:00 0 
7f7c80000000-7f7c80021000 rw-p 00000000 00:00 0 
7f7c80021000-7f7c84000000 ---p 00000000 00:00 0 
7f7c84000000-7f7c84021000 rw-p 00000000 00:00 0 
7f7c84021000-7f7c88000000 ---p 00000000 00:00 0 
7f7c88000000-7f7c88021000 rw-p 00000000 00:00 0 
7f7c88021000-7f7c8c000000 ---p 00000000 00:00 0 
7f7c8c000000-7f7c8c021000 rw-p 00000000 00:00 0 
7f7c8c021000-7f7c90000000 ---p 00000000 00:00 0 
7f7c90000000-7f7c90021000 rw-p 00000000 00:00 0 
7f7c90021000-7f7c94000000 ---p 00000000 00:00 0 
7f7c94000000-7f7c94021000 rw-p 00000000 00:00 0 
7f7c94021000-7f7c98000000 ---p 00000000 00:00 0 
7f7c981e5000-7f7c98221000 r-xp 00000000 08:01 27920367                   /home/pc/Downloads/webots/lib/java/libJavaController.so
7f7c98221000-7f7c98420000 ---p 0003c000 08:01 27920367                   /home/pc/Downloads/webots/lib/java/libJavaController.so
7f7c98420000-7f7c98421000 r--p 0003b000 08:01 27920367                   /home/pc/Downloads/webots/lib/java/libJavaController.so
7f7c98421000-7f7c98422000 rw-p 0003c000 08:01 27920367                   /home/pc/Downloads/webots/lib/java/libJavaController.so
7f7c98422000-7f7c98439000 r-xp 00000000 08:01 23598500                   /usr/lib/jvm/java-11-openjdk-amd64/lib/libnet.so
7f7c98439000-7f7c98638000 ---p 00017000 08:01 23598500                   /usr/lib/jvm/java-11-openjdk-amd64/lib/libnet.so
7f7c98638000-7f7c98639000 r--p 00016000 08:01 23598500                   /usr/lib/jvm/java-11-openjdk-amd64/lib/libnet.so
7f7c98639000-7f7c9863a000 rw-p 00017000 08:01 23598500                   /usr/lib/jvm/java-11-openjdk-amd64/lib/libnet.so
7f7c9863a000-7f7c9864b000 r-xp 00000000 08:01 23598501                   /usr/lib/jvm/java-11-openjdk-amd64/lib/libnio.so
7f7c9864b000-7f7c9884a000 ---p 00011000 08:01 23598501                   /usr/lib/jvm/java-11-openjdk-amd64/lib/libnio.so
7f7c9884a000-7f7c9884b000 r--p 00010000 08:01 23598501                   /usr/lib/jvm/java-11-openjdk-amd64/lib/libnio.so
7f7c9884b000-7f7c9884c000 rw-p 00011000 08:01 23598501                   /usr/lib/jvm/java-11-openjdk-amd64/lib/libnio.so
7f7c9884c000-7f7c98850000 ---p 00000000 00:00 0 
7f7c98850000-7f7c9894d000 rw-p 00000000 00:00 0 
7f7c9894d000-7f7c9894e000 ---p 00000000 00:00 0 
7f7c9894e000-7f7c98a4f000 rw-p 00000000 00:00 0 
7f7c98a4f000-7f7c98a53000 ---p 00000000 00:00 0 
7f7c98a53000-7f7c98b50000 rw-p 00000000 00:00 0 
7f7c98b50000-7f7c98b54000 ---p 00000000 00:00 0 
7f7c98b54000-7f7c98c51000 rw-p 00000000 00:00 0 
7f7c98c51000-7f7c98c55000 ---p 00000000 00:00 0 
7f7c98c55000-7f7c98d52000 rw-p 00000000 00:00 0 
7f7c98d52000-7f7c98d56000 ---p 00000000 00:00 0 
7f7c98d56000-7f7c98e53000 rw-p 00000000 00:00 0 
7f7c98e53000-7f7c98e57000 ---p 00000000 00:00 0 
7f7c98e57000-7f7c98f54000 rw-p 00000000 00:00 0 
7f7c98f54000-7f7c98f58000 ---p 00000000 00:00 0 
7f7c98f58000-7f7c99055000 rw-p 00000000 00:00 0 
7f7c99055000-7f7c99059000 ---p 00000000 00:00 0 
7f7c99059000-7f7c99156000 rw-p 00000000 00:00 0 
7f7c99156000-7f7c99486000 r--p 00000000 08:01 23598983                   /usr/lib/locale/locale-archive
7f7c99486000-7f7c9948a000 ---p 00000000 00:00 0 
7f7c9948a000-7f7c99587000 rw-p 00000000 00:00 0 
7f7c99587000-7f7c9958b000 ---p 00000000 00:00 0 
7f7c9958b000-7f7c99688000 rw-p 00000000 00:00 0 
7f7c99688000-7f7c99689000 ---p 00000000 00:00 0 
7f7c99689000-7f7c99c80000 rw-p 00000000 00:00 0 
7f7c99c80000-7f7c9a000000 ---p 00000000 00:00 0 
7f7c9a000000-7f7c9c000000 rw-p 00000000 00:00 0 
7f7c9c000000-7f7c9c021000 rw-p 00000000 00:00 0 
7f7c9c021000-7f7ca0000000 ---p 00000000 00:00 0 
7f7ca0000000-7f7ca0021000 rw-p 00000000 00:00 0 
7f7ca0021000-7f7ca4000000 ---p 00000000 00:00 0 
7f7ca4000000-7f7ca4021000 rw-p 00000000 00:00 0 
7f7ca4021000-7f7ca8000000 ---p 00000000 00:00 0 
7f7ca8000000-7f7ca8021000 rw-p 00000000 00:00 0 
7f7ca8021000-7f7cac000000 ---p 00000000 00:00 0 
7f7cac031000-7f7cac08c000 rw-p 00000000 00:00 0 
7f7cac08c000-7f7cac08d000 ---p 00000000 00:00 0 
7f7cac08d000-7f7cac18e000 rw-p 00000000 00:00 0 
7f7cac18e000-7f7cac18f000 ---p 00000000 00:00 0 
7f7cac18f000-7f7cac480000 rw-p 00000000 00:00 0 
7f7cac480000-7f7cae148000 ---p 00000000 00:00 0 
7f7cae148000-7f7cae338000 rw-p 00000000 00:00 0 
7f7cae338000-7f7cb0000000 ---p 00000000 00:00 0 
7f7cb0000000-7f7cb0021000 rw-p 00000000 00:00 0 
7f7cb0021000-7f7cb4000000 ---p 00000000 00:00 0 
7f7cb4000000-7f7cb4021000 rw-p 00000000 00:00 0 
7f7cb4021000-7f7cb8000000 ---p 00000000 00:00 0 
7f7cb8000000-7f7cb8021000 rw-p 00000000 00:00 0 
7f7cb8021000-7f7cbc000000 ---p 00000000 00:00 0 
7f7cbc000000-7f7cbc021000 rw-p 00000000 00:00 0 
7f7cbc021000-7f7cc0000000 ---p 00000000 00:00 0 
7f7cc0000000-7f7cc0021000 rw-p 00000000 00:00 0 
7f7cc0021000-7f7cc4000000 ---p 00000000 00:00 0 
7f7cc4000000-7f7cc4021000 rw-p 00000000 00:00 0 
7f7cc4021000-7f7cc8000000 ---p 00000000 00:00 0 
7f7cc8000000-7f7cc8021000 rw-p 00000000 00:00 0 
7f7cc8021000-7f7ccc000000 ---p 00000000 00:00 0 
7f7ccc000000-7f7ccc031000 rw-p 00000000 00:00 0 
7f7ccc031000-7f7ccc032000 ---p 00000000 00:00 0 
7f7ccc032000-7f7ccc133000 rw-p 00000000 00:00 0 
7f7ccc133000-7f7ccc134000 ---p 00000000 00:00 0 
7f7ccc134000-7f7ccc235000 rw-p 00000000 00:00 0 
7f7ccc235000-7f7ccc236000 ---p 00000000 00:00 0 
7f7ccc236000-7f7ccc337000 rw-p 00000000 00:00 0 
7f7ccc337000-7f7ccc338000 ---p 00000000 00:00 0 
7f7ccc338000-7f7ccc439000 rw-p 00000000 00:00 0 
7f7ccc439000-7f7ccc43a000 ---p 00000000 00:00 0 
7f7ccc43a000-7f7ccc53b000 rw-p 00000000 00:00 0 
7f7ccc53b000-7f7ccc53c000 ---p 00000000 00:00 0 
7f7ccc53c000-7f7ccc63d000 rw-p 00000000 00:00 0 
7f7ccc63d000-7f7ccc63e000 ---p 00000000 00:00 0 
7f7ccc63e000-7f7cccf47000 rw-p 00000000 00:00 0 
7f7cccf47000-7f7cccf48000 ---p 00000000 00:00 0 
7f7cccf48000-7f7ccd049000 rw-p 00000000 00:00 0 
7f7ccd049000-7f7ccd04a000 ---p 00000000 00:00 0 
7f7ccd04a000-7f7ccd14b000 rw-p 00000000 00:00 0 
7f7ccd14b000-7f7ccd14c000 ---p 00000000 00:00 0 
7f7ccd14c000-7f7ccd28b000 rw-p 00000000 00:00 0 
7f7ccd28b000-7f7ccd624000 ---p 00000000 00:00 0 
7f7ccd624000-7f7ccd662000 rw-p 00000000 00:00 0 
7f7ccd662000-7f7ccd9fb000 ---p 00000000 00:00 0 
7f7ccd9fb000-7f7ccda39000 rw-p 00000000 00:00 0 
7f7ccda39000-7f7ccddd2000 ---p 00000000 00:00 0 
7f7ccddd2000-7f7cce5da000 rw-p 00000000 00:00 0 
7f7cce5da000-7f7cce5db000 ---p 00000000 00:00 0 
7f7cce5db000-7f7cce6dc000 rw-p 00000000 00:00 0 
7f7cce6dc000-7f7cce6dd000 ---p 00000000 00:00 0 
7f7cce6dd000-7f7cce7de000 rw-p 00000000 00:00 0 
7f7cce7de000-7f7cce7df000 ---p 00000000 00:00 0 
7f7cce7df000-7f7cce8e0000 rw-p 00000000 00:00 0 
7f7cce8e0000-7f7cce8e1000 ---p 00000000 00:00 0 
7f7cce8e1000-7f7cce9e2000 rw-p 00000000 00:00 0 
7f7cce9e2000-7f7cce9e3000 ---p 00000000 00:00 0 
7f7cce9e3000-7f7cceae4000 rw-p 00000000 00:00 0 
7f7cceae4000-7f7cceae5000 ---p 00000000 00:00 0 
7f7cceae5000-7f7ccebe6000 rw-p 00000000 00:00 0 
7f7ccebe6000-7f7ccebe7000 ---p 00000000 00:00 0 
7f7ccebe7000-7f7ccece8000 rw-p 00000000 00:00 0 
7f7ccece8000-7f7ccece9000 ---p 00000000 00:00 0 
7f7ccece9000-7f7ccedef000 rw-p 00000000 00:00 0 
7f7ccedef000-7f7cceed5000 ---p 00000000 00:00 0 
7f7cceed5000-7f7ccf145000 rwxp 00000000 00:00 0 
7f7ccf145000-7f7ccf466000 ---p 00000000 00:00 0 
7f7ccf466000-7f7ccf6d6000 rwxp 00000000 00:00 0 
7f7ccf6d6000-7f7cd699d000 ---p 00000000 00:00 0 
7f7cd699d000-7f7cd6c0d000 rwxp 00000000 00:00 0 
7f7cd6c0d000-7f7cdded5000 ---p 00000000 00:00 0 
7f7cdded5000-7f7ce73b0000 r--s 00000000 08:01 23598511                   /usr/lib/jvm/java-11-openjdk-amd64/lib/modules
7f7ce73b0000-7f7ce73b5000 r-xp 00000000 08:01 23598491                   /usr/lib/jvm/java-11-openjdk-amd64/lib/libjimage.so
7f7ce73b5000-7f7ce75b4000 ---p 00005000 08:01 23598491                   /usr/lib/jvm/java-11-openjdk-amd64/lib/libjimage.so
7f7ce75b4000-7f7ce75b5000 r--p 00004000 08:01 23598491                   /usr/lib/jvm/java-11-openjdk-amd64/lib/libjimage.so
7f7ce75b5000-7f7ce75b6000 rw-p 00005000 08:01 23598491                   /usr/lib/jvm/java-11-openjdk-amd64/lib/libjimage.so
7f7ce75b6000-7f7ce75bd000 r-xp 00000000 08:01 23598510                   /usr/lib/jvm/java-11-openjdk-amd64/lib/libzip.so
7f7ce75bd000-7f7ce77bc000 ---p 00007000 08:01 23598510                   /usr/lib/jvm/java-11-openjdk-amd64/lib/libzip.so
7f7ce77bc000-7f7ce77bd000 r--p 00006000 08:01 23598510                   /usr/lib/jvm/java-11-openjdk-amd64/lib/libzip.so
7f7ce77bd000-7f7ce77be000 rw-p 00007000 08:01 23598510                   /usr/lib/jvm/java-11-openjdk-amd64/lib/libzip.so
7f7ce77be000-7f7ce77c9000 r-xp 00000000 08:01 14684844                   /lib/x86_64-linux-gnu/libnss_files-2.27.so
7f7ce77c9000-7f7ce79c8000 ---p 0000b000 08:01 14684844                   /lib/x86_64-linux-gnu/libnss_files-2.27.so
7f7ce79c8000-7f7ce79c9000 r--p 0000a000 08:01 14684844                   /lib/x86_64-linux-gnu/libnss_files-2.27.so
7f7ce79c9000-7f7ce79ca000 rw-p 0000b000 08:01 14684844                   /lib/x86_64-linux-gnu/libnss_files-2.27.so
7f7ce79ca000-7f7ce79d0000 rw-p 00000000 00:00 0 
7f7ce79d0000-7f7ce79e7000 r-xp 00000000 08:01 14684838                   /lib/x86_64-linux-gnu/libnsl-2.27.so
7f7ce79e7000-7f7ce7be6000 ---p 00017000 08:01 14684838                   /lib/x86_64-linux-gnu/libnsl-2.27.so
7f7ce7be6000-7f7ce7be7000 r--p 00016000 08:01 14684838                   /lib/x86_64-linux-gnu/libnsl-2.27.so
7f7ce7be7000-7f7ce7be8000 rw-p 00017000 08:01 14684838                   /lib/x86_64-linux-gnu/libnsl-2.27.so
7f7ce7be8000-7f7ce7bea000 rw-p 00000000 00:00 0 
7f7ce7bea000-7f7ce7bf5000 r-xp 00000000 08:01 14684855                   /lib/x86_64-linux-gnu/libnss_nis-2.27.so
7f7ce7bf5000-7f7ce7df4000 ---p 0000b000 08:01 14684855                   /lib/x86_64-linux-gnu/libnss_nis-2.27.so
7f7ce7df4000-7f7ce7df5000 r--p 0000a000 08:01 14684855                   /lib/x86_64-linux-gnu/libnss_nis-2.27.so
7f7ce7df5000-7f7ce7df6000 rw-p 0000b000 08:01 14684855                   /lib/x86_64-linux-gnu/libnss_nis-2.27.so
7f7ce7df6000-7f7ce7dfe000 r-xp 00000000 08:01 14684840                   /lib/x86_64-linux-gnu/libnss_compat-2.27.so
7f7ce7dfe000-7f7ce7ffe000 ---p 00008000 08:01 14684840                   /lib/x86_64-linux-gnu/libnss_compat-2.27.so
7f7ce7ffe000-7f7ce7fff000 r--p 00008000 08:01 14684840                   /lib/x86_64-linux-gnu/libnss_compat-2.27.so
7f7ce7fff000-7f7ce8000000 rw-p 00009000 08:01 14684840                   /lib/x86_64-linux-gnu/libnss_compat-2.27.so
7f7ce8000000-7f7ce8275000 rw-p 00000000 00:00 0 
7f7ce8275000-7f7cec000000 ---p 00000000 00:00 0 
7f7cec027000-7f7cec054000 rw-p 00000000 00:00 0 
7f7cec054000-7f7cec13a000 ---p 00000000 00:00 0 
7f7cec13a000-7f7cec166000 r-xp 00000000 08:01 23598487                   /usr/lib/jvm/java-11-openjdk-amd64/lib/libjava.so
7f7cec166000-7f7cec365000 ---p 0002c000 08:01 23598487                   /usr/lib/jvm/java-11-openjdk-amd64/lib/libjava.so
7f7cec365000-7f7cec366000 r--p 0002b000 08:01 23598487                   /usr/lib/jvm/java-11-openjdk-amd64/lib/libjava.so
7f7cec366000-7f7cec368000 rw-p 0002c000 08:01 23598487                   /usr/lib/jvm/java-11-openjdk-amd64/lib/libjava.so
7f7cec368000-7f7cec375000 r-xp 00000000 08:01 23598509                   /usr/lib/jvm/java-11-openjdk-amd64/lib/libverify.so
7f7cec375000-7f7cec574000 ---p 0000d000 08:01 23598509                   /usr/lib/jvm/java-11-openjdk-amd64/lib/libverify.so
7f7cec574000-7f7cec576000 r--p 0000c000 08:01 23598509                   /usr/lib/jvm/java-11-openjdk-amd64/lib/libverify.so
7f7cec576000-7f7cec577000 rw-p 0000e000 08:01 23598509                   /usr/lib/jvm/java-11-openjdk-amd64/lib/libverify.so
7f7cec577000-7f7cec57e000 r-xp 00000000 08:01 14684895                   /lib/x86_64-linux-gnu/librt-2.27.so
7f7cec57e000-7f7cec77d000 ---p 00007000 08:01 14684895                   /lib/x86_64-linux-gnu/librt-2.27.so
7f7cec77d000-7f7cec77e000 r--p 00006000 08:01 14684895                   /lib/x86_64-linux-gnu/librt-2.27.so
7f7cec77e000-7f7cec77f000 rw-p 00007000 08:01 14684895                   /lib/x86_64-linux-gnu/librt-2.27.so
7f7cec77f000-7f7cec796000 r-xp 00000000 08:01 14684791                   /lib/x86_64-linux-gnu/libgcc_s.so.1
7f7cec796000-7f7cec995000 ---p 00017000 08:01 14684791                   /lib/x86_64-linux-gnu/libgcc_s.so.1
7f7cec995000-7f7cec996000 r--p 00016000 08:01 14684791                   /lib/x86_64-linux-gnu/libgcc_s.so.1
7f7cec996000-7f7cec997000 rw-p 00017000 08:01 14684791                   /lib/x86_64-linux-gnu/libgcc_s.so.1
7f7cec997000-7f7cecb34000 r-xp 00000000 08:01 14684817                   /lib/x86_64-linux-gnu/libm-2.27.so
7f7cecb34000-7f7cecd33000 ---p 0019d000 08:01 14684817                   /lib/x86_64-linux-gnu/libm-2.27.so
7f7cecd33000-7f7cecd34000 r--p 0019c000 08:01 14684817                   /lib/x86_64-linux-gnu/libm-2.27.so
7f7cecd34000-7f7cecd35000 rw-p 0019d000 08:01 14684817                   /lib/x86_64-linux-gnu/libm-2.27.so
7f7cecd35000-7f7ceceae000 r-xp 00000000 08:01 23601225                   /usr/lib/x86_64-linux-gnu/libstdc++.so.6.0.25
7f7ceceae000-7f7ced0ae000 ---p 00179000 08:01 23601225                   /usr/lib/x86_64-linux-gnu/libstdc++.so.6.0.25
7f7ced0ae000-7f7ced0b8000 r--p 00179000 08:01 23601225                   /usr/lib/x86_64-linux-gnu/libstdc++.so.6.0.25
7f7ced0b8000-7f7ced0ba000 rw-p 00183000 08:01 23601225                   /usr/lib/x86_64-linux-gnu/libstdc++.so.6.0.25
7f7ced0ba000-7f7ced0be000 rw-p 00000000 00:00 0 
7f7ced0be000-7f7cee05b000 r-xp 00000000 08:01 23598523                   /usr/lib/jvm/java-11-openjdk-amd64/lib/server/libjvm.so
7f7cee05b000-7f7cee25b000 ---p 00f9d000 08:01 23598523                   /usr/lib/jvm/java-11-openjdk-amd64/lib/server/libjvm.so
7f7cee25b000-7f7cee31f000 r--p 00f9d000 08:01 23598523                   /usr/lib/jvm/java-11-openjdk-amd64/lib/server/libjvm.so
7f7cee31f000-7f7cee357000 rw-p 01061000 08:01 23598523                   /usr/lib/jvm/java-11-openjdk-amd64/lib/server/libjvm.so
7f7cee357000-7f7cee3a0000 rw-p 00000000 00:00 0 
7f7cee3a0000-7f7cee3ba000 r-xp 00000000 08:01 14684887                   /lib/x86_64-linux-gnu/libpthread-2.27.so
7f7cee3ba000-7f7cee5b9000 ---p 0001a000 08:01 14684887                   /lib/x86_64-linux-gnu/libpthread-2.27.so
7f7cee5b9000-7f7cee5ba000 r--p 00019000 08:01 14684887                   /lib/x86_64-linux-gnu/libpthread-2.27.so
7f7cee5ba000-7f7cee5bb000 rw-p 0001a000 08:01 14684887                   /lib/x86_64-linux-gnu/libpthread-2.27.so
7f7cee5bb000-7f7cee5bf000 rw-p 00000000 00:00 0 
7f7cee5bf000-7f7cee5c2000 r-xp 00000000 08:01 14684777                   /lib/x86_64-linux-gnu/libdl-2.27.so
7f7cee5c2000-7f7cee7c1000 ---p 00003000 08:01 14684777                   /lib/x86_64-linux-gnu/libdl-2.27.so
7f7cee7c1000-7f7cee7c2000 r--p 00002000 08:01 14684777                   /lib/x86_64-linux-gnu/libdl-2.27.so
7f7cee7c2000-7f7cee7c3000 rw-p 00003000 08:01 14684777                   /lib/x86_64-linux-gnu/libdl-2.27.so
7f7cee7c3000-7f7cee7df000 r-xp 00000000 08:01 14684928                   /lib/x86_64-linux-gnu/libz.so.1.2.11
7f7cee7df000-7f7cee9de000 ---p 0001c000 08:01 14684928                   /lib/x86_64-linux-gnu/libz.so.1.2.11
7f7cee9de000-7f7cee9df000 r--p 0001b000 08:01 14684928                   /lib/x86_64-linux-gnu/libz.so.1.2.11
7f7cee9df000-7f7cee9e0000 rw-p 0001c000 08:01 14684928                   /lib/x86_64-linux-gnu/libz.so.1.2.11
7f7cee9e0000-7f7ceebc7000 r-xp 00000000 08:01 14684754                   /lib/x86_64-linux-gnu/libc-2.27.so
7f7ceebc7000-7f7ceedc7000 ---p 001e7000 08:01 14684754                   /lib/x86_64-linux-gnu/libc-2.27.so
7f7ceedc7000-7f7ceedcb000 r--p 001e7000 08:01 14684754                   /lib/x86_64-linux-gnu/libc-2.27.so
7f7ceedcb000-7f7ceedcd000 rw-p 001eb000 08:01 14684754                   /lib/x86_64-linux-gnu/libc-2.27.so
7f7ceedcd000-7f7ceedd1000 rw-p 00000000 00:00 0 
7f7ceedd1000-7f7ceede0000 r-xp 00000000 08:01 23598516                   /usr/lib/jvm/java-11-openjdk-amd64/lib/jli/libjli.so
7f7ceede0000-7f7ceefdf000 ---p 0000f000 08:01 23598516                   /usr/lib/jvm/java-11-openjdk-amd64/lib/jli/libjli.so
7f7ceefdf000-7f7ceefe0000 r--p 0000e000 08:01 23598516                   /usr/lib/jvm/java-11-openjdk-amd64/lib/jli/libjli.so
7f7ceefe0000-7f7ceefe1000 rw-p 0000f000 08:01 23598516                   /usr/lib/jvm/java-11-openjdk-amd64/lib/jli/libjli.so
7f7ceefe1000-7f7cef008000 r-xp 00000000 08:01 14684726                   /lib/x86_64-linux-gnu/ld-2.27.so
7f7cef02d000-7f7cef0eb000 rw-p 00000000 00:00 0 
7f7cef0eb000-7f7cef0ef000 ---p 00000000 00:00 0 
7f7cef0ef000-7f7cef1f5000 rw-p 00000000 00:00 0 
7f7cef1f5000-7f7cef1fc000 ---p 00000000 00:00 0 
7f7cef1fc000-7f7cef204000 rw-s 00000000 08:01 28966951                   /tmp/hsperfdata_pc/2965
7f7cef204000-7f7cef205000 ---p 00000000 00:00 0 
7f7cef205000-7f7cef206000 r--p 00000000 00:00 0 
7f7cef206000-7f7cef208000 rw-p 00000000 00:00 0 
7f7cef208000-7f7cef209000 r--p 00027000 08:01 14684726                   /lib/x86_64-linux-gnu/ld-2.27.so
7f7cef209000-7f7cef20a000 rw-p 00028000 08:01 14684726                   /lib/x86_64-linux-gnu/ld-2.27.so
7f7cef20a000-7f7cef20b000 rw-p 00000000 00:00 0 
7ffd6342b000-7ffd6344c000 rw-p 00000000 00:00 0                          [stack]
7ffd6358c000-7ffd6358f000 r--p 00000000 00:00 0                          [vvar]
7ffd6358f000-7ffd63591000 r-xp 00000000 00:00 0                          [vdso]
ffffffffff600000-ffffffffff601000 r-xp 00000000 00:00 0                  [vsyscall]


VM Arguments:
jvm_args: -Djava.library.path=/home/pc/Downloads/webots/lib/java 
java_command: SensorController
java_class_path (initial): /home/pc/Downloads/webots/lib/java/Controller.jar:/home/pc/Dokumente/my_project/controllers/SensorController/
Launcher Type: SUN_STANDARD

Logging:
Log output configuration:
#0: stdout all=warning uptime,level,tags
#1: stderr all=off uptime,level,tags

Environment Variables:
PATH=/usr/local/sbin:/usr/local/bin:/usr/sbin:/usr/bin:/sbin:/bin:/usr/games:/usr/local/games
LD_LIBRARY_PATH=/home/pc/Downloads/webots/projects/default/libraries/vehicle:/home/pc/Downloads/webots/projects/default/libraries/ros:/home/pc/Downloads/webots/resources/projects/libraries/qt_utils:/home/pc/Dokumente/my_project/controllers/SensorController/:/home/pc/Downloads/webots/lib/:/tmp/webots-1607/lib:
SHELL=/bin/bash
DISPLAY=:0

Signal Handlers:
SIGSEGV: [libjvm.so+0xd28b70], sa_mask[0]=11111111011111111101111111111110, sa_flags=SA_RESTART|SA_SIGINFO
SIGBUS: [libjvm.so+0xd28b70], sa_mask[0]=11111111011111111101111111111110, sa_flags=SA_RESTART|SA_SIGINFO
SIGFPE: [libjvm.so+0xd28b70], sa_mask[0]=11111111011111111101111111111110, sa_flags=SA_RESTART|SA_SIGINFO
SIGPIPE: [libjvm.so+0xb2a1f0], sa_mask[0]=11111111011111111101111111111110, sa_flags=SA_RESTART|SA_SIGINFO
SIGXFSZ: [libjvm.so+0xb2a1f0], sa_mask[0]=11111111011111111101111111111110, sa_flags=SA_RESTART|SA_SIGINFO
SIGILL: [libjvm.so+0xd28b70], sa_mask[0]=11111111011111111101111111111110, sa_flags=SA_RESTART|SA_SIGINFO
SIGUSR2: [libjvm.so+0xb2a030], sa_mask[0]=00000000000000000000000000000000, sa_flags=SA_RESTART|SA_SIGINFO
SIGHUP: [libjvm.so+0xb2a180], sa_mask[0]=11111111011111111101111111111110, sa_flags=SA_RESTART|SA_SIGINFO
SIGINT: [libjvm.so+0xb2a180], sa_mask[0]=11111111011111111101111111111110, sa_flags=SA_RESTART|SA_SIGINFO
SIGTERM: [libjvm.so+0xb2a180], sa_mask[0]=11111111011111111101111111111110, sa_flags=SA_RESTART|SA_SIGINFO
SIGQUIT: [libjvm.so+0xb2a180], sa_mask[0]=11111111011111111101111111111110, sa_flags=SA_RESTART|SA_SIGINFO


---------------  S Y S T E M  ---------------

OS:DISTRIB_ID=LinuxMint
DISTRIB_RELEASE=19.1
DISTRIB_CODENAME=tessa
DISTRIB_DESCRIPTION="Linux Mint 19.1 Tessa"
uname:Linux 4.15.0-20-generic #21-Ubuntu SMP Tue Apr 24 06:16:15 UTC 2018 x86_64
libc:glibc 2.27 NPTL 2.27 
rlimit: STACK 8192k, CORE 0k, NPROC 31207, NOFILE 4096, AS infinity, DATA infinity, FSIZE infinity
load average:2.03 1.38 1.24

/proc/meminfo:
MemTotal:        8051996 kB
MemFree:         2061580 kB
MemAvailable:    2798196 kB
Buffers:          101096 kB
Cached:          4199684 kB
SwapCached:            0 kB
Active:          1809064 kB
Inactive:        3937432 kB
Active(anon):    1446600 kB
Inactive(anon):  3385380 kB
Active(file):     362464 kB
Inactive(file):   552052 kB
Unevictable:          32 kB
Mlocked:              32 kB
SwapTotal:       2097148 kB
SwapFree:        2097148 kB
Dirty:                84 kB
Writeback:             0 kB
AnonPages:       1446076 kB
Mapped:          1597108 kB
Shmem:           3386268 kB
Slab:             131116 kB
SReclaimable:      82884 kB
SUnreclaim:        48232 kB
KernelStack:       12680 kB
PageTables:        44740 kB
NFS_Unstable:          0 kB
Bounce:                0 kB
WritebackTmp:          0 kB
CommitLimit:     6123144 kB
Committed_AS:    9569308 kB
VmallocTotal:   34359738367 kB
VmallocUsed:           0 kB
VmallocChunk:          0 kB
HardwareCorrupted:     0 kB
AnonHugePages:         0 kB
ShmemHugePages:        0 kB
ShmemPmdMapped:        0 kB
CmaTotal:              0 kB
CmaFree:               0 kB
HugePages_Total:       0
HugePages_Free:        0
HugePages_Rsvd:        0
HugePages_Surp:        0
Hugepagesize:       2048 kB
DirectMap4k:      152512 kB
DirectMap2M:     8120320 kB

container (cgroup) information:
container_type: cgroupv1
cpu_cpuset_cpus: 0-7
cpu_memory_nodes: 0
active_processor_count: 8
cpu_quota: -1
cpu_period: 100000
cpu_shares: -1
memory_limit_in_bytes: -1
memory_and_swap_limit_in_bytes: -2
memory_soft_limit_in_bytes: -1
memory_usage_in_bytes: 5884907520
memory_max_usage_in_bytes: 0


CPU:total 8 (initial active 8) (4 cores per cpu, 2 threads per core) family 6 model 58 stepping 9, cmov, cx8, fxsr, mmx, sse, sse2, sse3, ssse3, sse4.1, sse4.2, popcnt, avx, aes, clmul, erms, ht, tsc, tscinvbit, tscinv
CPU Model and flags from /proc/cpuinfo:
model name	: Intel(R) Core(TM) i7-3770 CPU @ 3.40GHz
flags		: fpu vme de pse tsc msr pae mce cx8 apic sep mtrr pge mca cmov pat pse36 clflush dts acpi mmx fxsr sse sse2 ss ht tm pbe syscall nx rdtscp lm constant_tsc arch_perfmon pebs bts rep_good nopl xtopology nonstop_tsc cpuid aperfmperf pni pclmulqdq dtes64 monitor ds_cpl vmx smx est tm2 ssse3 cx16 xtpr pdcm pcid sse4_1 sse4_2 x2apic popcnt tsc_deadline_timer aes xsave avx f16c rdrand lahf_lm cpuid_fault epb pti tpr_shadow vnmi flexpriority ept vpid fsgsbase smep erms xsaveopt dtherm ida arat pln pts

Memory: 4k page, physical 8051996k(2061580k free), swap 2097148k(2097148k free)

vm_info: OpenJDK 64-Bit Server VM (10.0.2+13-Ubuntu-1ubuntu0.18.04.4) for linux-amd64 JRE (10.0.2+13-Ubuntu-1ubuntu0.18.04.4), built on Nov 13 2018 12:53:39 by "buildd" with gcc 7.3.0

END.
