#
# A fatal error has been detected by the Java Runtime Environment:
#
#  EXCEPTION_ACCESS_VIOLATION (0xc0000005) at pc=0x000000006bbc1631, pid=3776, tid=9976
#
# JRE version: OpenJDK Runtime Environment (11.0.4+11) (build 11.0.4+11)
# Java VM: OpenJDK 64-Bit Server VM (11.0.4+11, mixed mode, tiered, compressed oops, g1 gc, windows-amd64)
# Problematic frame:
# C  [JavaController.dll+0x1631]
#
# No core dump will be written. Minidumps are not enabled by default on client versions of Windows
#
# If you would like to submit a bug report, please visit:
#   https://github.com/AdoptOpenJDK/openjdk-build/issues
# The crash happened outside the Java Virtual Machine in native code.
# See problematic frame for where to report the bug.
#

---------------  S U M M A R Y ------------

Command Line: -Djava.library.path=C:/Users/Herfel/AppData/Local/Programs/Webots/lib/java SensorController

Host: Intel(R) Core(TM) i5-4690 CPU @ 3.50GHz, 4 cores, 11G,  Windows 10 , 64 bit Build 18362 (10.0.18362.86)
Time: Sun Sep  1 18:42:30 2019 Mitteleuropäische Sommerzeit elapsed time: 1 seconds (0d 0h 0m 1s)

---------------  T H R E A D  ---------------

Current thread (0x0000022f444ce000):  JavaThread "main" [_thread_in_native, id=9976, stack(0x000000649a400000,0x000000649a500000)]

Stack: [0x000000649a400000,0x000000649a500000],  sp=0x000000649a4ff450,  free space=1021k
Native frames: (J=compiled Java code, j=interpreted, Vv=VM code, C=native code)
C  [JavaController.dll+0x1631]

Java frames: (J=compiled Java code, j=interpreted, Vv=VM code)
j  com.cyberbotics.webots.controller.wrapperJNI.InertialUnit_getRollPitchYaw(JLcom/cyberbotics/webots/controller/InertialUnit;)[D+0
j  com.cyberbotics.webots.controller.InertialUnit.getRollPitchYaw()[D+5
j  SensorController.main([Ljava/lang/String;)V+55
v  ~StubRoutines::call_stub

siginfo: EXCEPTION_ACCESS_VIOLATION (0xc0000005), reading address 0x0000000000000000


Register to memory mapping:

RIP=0x000000006bbc1631 JavaController.dll
RAX=0x0000000000000002 is an unknown value
RBX=0x0 is NULL
RCX=0x0000022f444ce000 is a thread
RDX=0x0 is NULL
RSP=0x000000649a4ff450 is pointing into the stack for thread: 0x0000022f444ce000
RBP=0x0000000000000003 is an unknown value
RSI=0x0000022f444ce340 points into unknown readable memory: 40 6c ea 07 fe 7f 00 00
RDI=0x0000022f65184330 points into unknown readable memory: 78 bf d9 4c 07 00 00 00
R8 =0x0000022f65d8d0c0 points into unknown readable memory: 00 00 00 00 00 00 00 00
R9 =0x000000074cd9bf88 is pointing into object: [D 
{0x000000074cd9bf78} - klass: {type array double}
 - length: 3
R10=64 is a compressed pointer to class: 0x0000000800000040
R11=0x000000649a4ff430 is pointing into the stack for thread: 0x0000022f444ce000
R12=0x0 is NULL
R13=0x0000022f655dffe0 is pointing into metadata
R14=0x000000649a4ff5b8 is pointing into the stack for thread: 0x0000022f444ce000
R15=0x0000022f444ce000 is a thread


Registers:
RAX=0x0000000000000002, RBX=0x0000000000000000, RCX=0x0000022f444ce000, RDX=0x0000000000000000
RSP=0x000000649a4ff450, RBP=0x0000000000000003, RSI=0x0000022f444ce340, RDI=0x0000022f65184330
R8 =0x0000022f65d8d0c0, R9 =0x000000074cd9bf88, R10=0x0000000000000040, R11=0x000000649a4ff430
R12=0x0000000000000000, R13=0x0000022f655dffe0, R14=0x000000649a4ff5b8, R15=0x0000022f444ce000
RIP=0x000000006bbc1631, EFLAGS=0x0000000000010206

Top of Stack: (sp=0x000000649a4ff450)
0x000000649a4ff450:   0000000000000000 0000000000000003
0x000000649a4ff460:   0000022f444ce340 0000022f65184330
0x000000649a4ff470:   0000022f65edd000 000000649a4ff4c0
0x000000649a4ff480:   0000000000000000 0000022f444ce340
0x000000649a4ff490:   000000649a4ff588 000000006bbc7825
0x000000649a4ff4a0:   0000022f65edd000 0000022f444ce000
0x000000649a4ff4b0:   0000022f4cae9610 0000022f655fd798
0x000000649a4ff4c0:   000000649a4ff4d0 000000000000000f
0x000000649a4ff4d0:   506c6c6f52746567 0077615968637469
0x000000649a4ff4e0:   0000022f655e0040 0000022f655fd798
0x000000649a4ff4f0:   0000022f4cae9610 0000022f4caef0b7
0x000000649a4ff500:   0000022f4cae9610 0000022f4caeed9c
0x000000649a4ff510:   0000022f444ce000 0000022f655e0040
0x000000649a4ff520:   000000649a4ff588 0000022f655fd798
0x000000649a4ff530:   0000022f655fd798 0000022f4caeed56
0x000000649a4ff540:   000000649a4ff540 0000022f655dffe0 

Instructions: (pc=0x000000006bbc1631)
0x000000006bbc1531:   48 85 c0 74 44 85 ed 7e 1f 8d 45 ff ba 00 00 00
0x000000006bbc1541:   00 f3 0f 10 04 93 f3 41 0f 11 04 90 48 89 d1 48
0x000000006bbc1551:   83 c2 01 48 39 c1 75 e9 48 8b 06 41 b9 00 00 00
0x000000006bbc1561:   00 48 89 fa 48 89 f1 ff 90 28 06 00 00 48 89 f8
0x000000006bbc1571:   48 83 c4 28 5b 5e 5f 5d c3 48 89 c7 eb ef 55 57
0x000000006bbc1581:   56 53 48 83 ec 28 48 89 cf 48 89 d3 4c 89 c6 4c
0x000000006bbc1591:   89 cd 48 8b 01 4c 89 ca ff 90 58 05 00 00 85 c0
0x000000006bbc15a1:   7e 1e 8d 48 ff b8 00 00 00 00 f2 0f 10 04 c6 f2
0x000000006bbc15b1:   0f 11 04 c3 48 89 c2 48 83 c0 01 48 39 ca 75 ea
0x000000006bbc15c1:   48 8b 07 41 b9 00 00 00 00 49 89 d8 48 89 ea 48
0x000000006bbc15d1:   89 f9 ff 90 30 06 00 00 90 48 83 c4 28 5b 5e 5f
0x000000006bbc15e1:   5d c3 55 57 56 53 48 83 ec 28 48 89 ce 48 89 d3
0x000000006bbc15f1:   44 89 c5 48 8b 01 44 89 c2 ff 90 b0 05 00 00 48
0x000000006bbc1601:   89 c7 48 85 c0 74 55 48 8b 06 41 b8 00 00 00 00
0x000000006bbc1611:   48 89 fa 48 89 f1 ff 90 f0 05 00 00 49 89 c0 48
0x000000006bbc1621:   85 c0 74 44 85 ed 7e 1f 8d 45 ff ba 00 00 00 00
0x000000006bbc1631:   f2 0f 10 04 d3 f2 41 0f 11 04 d0 48 89 d1 48 83
0x000000006bbc1641:   c2 01 48 39 c1 75 e9 48 8b 06 41 b9 00 00 00 00
0x000000006bbc1651:   48 89 fa 48 89 f1 ff 90 30 06 00 00 48 89 f8 48
0x000000006bbc1661:   83 c4 28 5b 5e 5f 5d c3 48 89 c7 eb ef 41 54 55
0x000000006bbc1671:   57 56 53 48 83 ec 20 48 89 cf 48 89 d3 4c 89 c6
0x000000006bbc1681:   4c 89 cd 4d 85 c9 0f 84 86 00 00 00 48 8b 01 4c
0x000000006bbc1691:   89 ca ff 90 58 05 00 00 41 89 c4 48 8b 07 41 b8
0x000000006bbc16a1:   00 00 00 00 48 89 ea 48 89 f9 ff 90 d8 05 00 00
0x000000006bbc16b1:   48 89 03 48 85 c0 74 77 49 63 cc 48 b8 fe ff ff
0x000000006bbc16c1:   ff ff ff ff 1f 48 39 c1 77 60 48 c1 e1 02 e8 04
0x000000006bbc16d1:   b5 00 00 48 89 06 45 85 e4 7e 5b 41 8d 44 24 ff
0x000000006bbc16e1:   4c 8d 04 85 04 00 00 00 b8 00 00 00 00 48 8b 13
0x000000006bbc16f1:   8b 0c 02 48 8b 16 89 0c 02 48 83 c0 04 4c 39 c0
0x000000006bbc1701:   75 eb b8 01 00 00 00 48 83 c4 20 5b 5e 5f 5d 41
0x000000006bbc1711:   5c c3 4c 8d 05 e6 e8 00 00 ba 07 00 00 00 e8 8c
0x000000006bbc1721:   fc ff ff b8 00 00 00 00 eb dd e8 98 b4 00 00 b8 


Stack slot to memory mapping:
stack at sp + 0 slots: 0x0 is NULL
stack at sp + 1 slots: 0x0000000000000003 is an unknown value
stack at sp + 2 slots: 0x0000022f444ce340 points into unknown readable memory: 40 6c ea 07 fe 7f 00 00
stack at sp + 3 slots: 0x0000022f65184330 points into unknown readable memory: 78 bf d9 4c 07 00 00 00
stack at sp + 4 slots: 0x0000022f65edd000 points into unknown readable memory: 80 77 a9 6e 00 00 00 00
stack at sp + 5 slots: 0x000000649a4ff4c0 is pointing into the stack for thread: 0x0000022f444ce000
stack at sp + 6 slots: 0x0 is NULL
stack at sp + 7 slots: 0x0000022f444ce340 points into unknown readable memory: 40 6c ea 07 fe 7f 00 00


---------------  P R O C E S S  ---------------

Threads class SMR info:
_java_thread_list=0x0000022f65b740f0, length=10, elements={
0x0000022f444ce000, 0x0000022f659b1800, 0x0000022f659bb000, 0x0000022f65a22800,
0x0000022f65a23800, 0x0000022f659cc000, 0x0000022f659d2800, 0x0000022f659d7000,
0x0000022f65b8e000, 0x0000022f65b98800
}

Java Threads: ( => current thread )
=>0x0000022f444ce000 JavaThread "main" [_thread_in_native, id=9976, stack(0x000000649a400000,0x000000649a500000)]
  0x0000022f659b1800 JavaThread "Reference Handler" daemon [_thread_blocked, id=9208, stack(0x000000649ab00000,0x000000649ac00000)]
  0x0000022f659bb000 JavaThread "Finalizer" daemon [_thread_blocked, id=11624, stack(0x000000649ac00000,0x000000649ad00000)]
  0x0000022f65a22800 JavaThread "Signal Dispatcher" daemon [_thread_blocked, id=8700, stack(0x000000649ad00000,0x000000649ae00000)]
  0x0000022f65a23800 JavaThread "Attach Listener" daemon [_thread_blocked, id=4176, stack(0x000000649ae00000,0x000000649af00000)]
  0x0000022f659cc000 JavaThread "C2 CompilerThread0" daemon [_thread_blocked, id=636, stack(0x000000649af00000,0x000000649b000000)]
  0x0000022f659d2800 JavaThread "C1 CompilerThread0" daemon [_thread_blocked, id=3816, stack(0x000000649b000000,0x000000649b100000)]
  0x0000022f659d7000 JavaThread "Sweeper thread" daemon [_thread_blocked, id=7100, stack(0x000000649b100000,0x000000649b200000)]
  0x0000022f65b8e000 JavaThread "Service Thread" daemon [_thread_blocked, id=7456, stack(0x000000649b200000,0x000000649b300000)]
  0x0000022f65b98800 JavaThread "Common-Cleaner" daemon [_thread_blocked, id=4964, stack(0x000000649b400000,0x000000649b500000)]

Other Threads:
  0x0000022f65181000 VMThread "VM Thread" [stack: 0x000000649aa00000,0x000000649ab00000] [id=2800]
  0x0000022f65b93800 WatcherThread [stack: 0x000000649b300000,0x000000649b400000] [id=808]
  0x0000022f444e4800 GCTaskThread "GC Thread#0" [stack: 0x000000649a500000,0x000000649a600000] [id=13752]
  0x0000022f4452b000 ConcurrentGCThread "G1 Main Marker" [stack: 0x000000649a600000,0x000000649a700000] [id=6384]
  0x0000022f4452c000 ConcurrentGCThread "G1 Conc#0" [stack: 0x000000649a700000,0x000000649a800000] [id=12096]
  0x0000022f4459e800 ConcurrentGCThread "G1 Refine#0" [stack: 0x000000649a800000,0x000000649a900000] [id=9904]
  0x0000022f64feb000 ConcurrentGCThread "G1 Young RemSet Sampling" [stack: 0x000000649a900000,0x000000649aa00000] [id=8380]

Threads with active compile tasks:

VM state:not at safepoint (normal execution)

VM Mutex/Monitor currently owned by a thread: None

Heap address: 0x0000000741000000, size: 3056 MB, Compressed Oops mode: Zero based, Oop shift amount: 3
Narrow klass base: 0x0000000800000000, Narrow klass shift: 0
Compressed class space size: 1073741824 Address: 0x0000000800000000

Heap:
 garbage-first heap   total 196608K, used 2048K [0x0000000741000000, 0x0000000800000000)
  region size 1024K, 3 young (3072K), 0 survivors (0K)
 Metaspace       used 6087K, capacity 6204K, committed 6272K, reserved 1056768K
  class space    used 522K, capacity 600K, committed 640K, reserved 1048576K
Heap Regions: E=young(eden), S=young(survivor), O=old, HS=humongous(starts), HC=humongous(continues), CS=collection set, F=free, A=archive, TAMS=top-at-mark-start (previous, next)
|   0|0x0000000741000000, 0x0000000741000000, 0x0000000741100000|  0%| F|  |TAMS 0x0000000741000000, 0x0000000741000000| Untracked 
|   1|0x0000000741100000, 0x0000000741100000, 0x0000000741200000|  0%| F|  |TAMS 0x0000000741100000, 0x0000000741100000| Untracked 
|   2|0x0000000741200000, 0x0000000741200000, 0x0000000741300000|  0%| F|  |TAMS 0x0000000741200000, 0x0000000741200000| Untracked 
|   3|0x0000000741300000, 0x0000000741300000, 0x0000000741400000|  0%| F|  |TAMS 0x0000000741300000, 0x0000000741300000| Untracked 
|   4|0x0000000741400000, 0x0000000741400000, 0x0000000741500000|  0%| F|  |TAMS 0x0000000741400000, 0x0000000741400000| Untracked 
|   5|0x0000000741500000, 0x0000000741500000, 0x0000000741600000|  0%| F|  |TAMS 0x0000000741500000, 0x0000000741500000| Untracked 
|   6|0x0000000741600000, 0x0000000741600000, 0x0000000741700000|  0%| F|  |TAMS 0x0000000741600000, 0x0000000741600000| Untracked 
|   7|0x0000000741700000, 0x0000000741700000, 0x0000000741800000|  0%| F|  |TAMS 0x0000000741700000, 0x0000000741700000| Untracked 
|   8|0x0000000741800000, 0x0000000741800000, 0x0000000741900000|  0%| F|  |TAMS 0x0000000741800000, 0x0000000741800000| Untracked 
|   9|0x0000000741900000, 0x0000000741900000, 0x0000000741a00000|  0%| F|  |TAMS 0x0000000741900000, 0x0000000741900000| Untracked 
|  10|0x0000000741a00000, 0x0000000741a00000, 0x0000000741b00000|  0%| F|  |TAMS 0x0000000741a00000, 0x0000000741a00000| Untracked 
|  11|0x0000000741b00000, 0x0000000741b00000, 0x0000000741c00000|  0%| F|  |TAMS 0x0000000741b00000, 0x0000000741b00000| Untracked 
|  12|0x0000000741c00000, 0x0000000741c00000, 0x0000000741d00000|  0%| F|  |TAMS 0x0000000741c00000, 0x0000000741c00000| Untracked 
|  13|0x0000000741d00000, 0x0000000741d00000, 0x0000000741e00000|  0%| F|  |TAMS 0x0000000741d00000, 0x0000000741d00000| Untracked 
|  14|0x0000000741e00000, 0x0000000741e00000, 0x0000000741f00000|  0%| F|  |TAMS 0x0000000741e00000, 0x0000000741e00000| Untracked 
|  15|0x0000000741f00000, 0x0000000741f00000, 0x0000000742000000|  0%| F|  |TAMS 0x0000000741f00000, 0x0000000741f00000| Untracked 
|  16|0x0000000742000000, 0x0000000742000000, 0x0000000742100000|  0%| F|  |TAMS 0x0000000742000000, 0x0000000742000000| Untracked 
|  17|0x0000000742100000, 0x0000000742100000, 0x0000000742200000|  0%| F|  |TAMS 0x0000000742100000, 0x0000000742100000| Untracked 
|  18|0x0000000742200000, 0x0000000742200000, 0x0000000742300000|  0%| F|  |TAMS 0x0000000742200000, 0x0000000742200000| Untracked 
|  19|0x0000000742300000, 0x0000000742300000, 0x0000000742400000|  0%| F|  |TAMS 0x0000000742300000, 0x0000000742300000| Untracked 
|  20|0x0000000742400000, 0x0000000742400000, 0x0000000742500000|  0%| F|  |TAMS 0x0000000742400000, 0x0000000742400000| Untracked 
|  21|0x0000000742500000, 0x0000000742500000, 0x0000000742600000|  0%| F|  |TAMS 0x0000000742500000, 0x0000000742500000| Untracked 
|  22|0x0000000742600000, 0x0000000742600000, 0x0000000742700000|  0%| F|  |TAMS 0x0000000742600000, 0x0000000742600000| Untracked 
|  23|0x0000000742700000, 0x0000000742700000, 0x0000000742800000|  0%| F|  |TAMS 0x0000000742700000, 0x0000000742700000| Untracked 
|  24|0x0000000742800000, 0x0000000742800000, 0x0000000742900000|  0%| F|  |TAMS 0x0000000742800000, 0x0000000742800000| Untracked 
|  25|0x0000000742900000, 0x0000000742900000, 0x0000000742a00000|  0%| F|  |TAMS 0x0000000742900000, 0x0000000742900000| Untracked 
|  26|0x0000000742a00000, 0x0000000742a00000, 0x0000000742b00000|  0%| F|  |TAMS 0x0000000742a00000, 0x0000000742a00000| Untracked 
|  27|0x0000000742b00000, 0x0000000742b00000, 0x0000000742c00000|  0%| F|  |TAMS 0x0000000742b00000, 0x0000000742b00000| Untracked 
|  28|0x0000000742c00000, 0x0000000742c00000, 0x0000000742d00000|  0%| F|  |TAMS 0x0000000742c00000, 0x0000000742c00000| Untracked 
|  29|0x0000000742d00000, 0x0000000742d00000, 0x0000000742e00000|  0%| F|  |TAMS 0x0000000742d00000, 0x0000000742d00000| Untracked 
|  30|0x0000000742e00000, 0x0000000742e00000, 0x0000000742f00000|  0%| F|  |TAMS 0x0000000742e00000, 0x0000000742e00000| Untracked 
|  31|0x0000000742f00000, 0x0000000742f00000, 0x0000000743000000|  0%| F|  |TAMS 0x0000000742f00000, 0x0000000742f00000| Untracked 
|  32|0x0000000743000000, 0x0000000743000000, 0x0000000743100000|  0%| F|  |TAMS 0x0000000743000000, 0x0000000743000000| Untracked 
|  33|0x0000000743100000, 0x0000000743100000, 0x0000000743200000|  0%| F|  |TAMS 0x0000000743100000, 0x0000000743100000| Untracked 
|  34|0x0000000743200000, 0x0000000743200000, 0x0000000743300000|  0%| F|  |TAMS 0x0000000743200000, 0x0000000743200000| Untracked 
|  35|0x0000000743300000, 0x0000000743300000, 0x0000000743400000|  0%| F|  |TAMS 0x0000000743300000, 0x0000000743300000| Untracked 
|  36|0x0000000743400000, 0x0000000743400000, 0x0000000743500000|  0%| F|  |TAMS 0x0000000743400000, 0x0000000743400000| Untracked 
|  37|0x0000000743500000, 0x0000000743500000, 0x0000000743600000|  0%| F|  |TAMS 0x0000000743500000, 0x0000000743500000| Untracked 
|  38|0x0000000743600000, 0x0000000743600000, 0x0000000743700000|  0%| F|  |TAMS 0x0000000743600000, 0x0000000743600000| Untracked 
|  39|0x0000000743700000, 0x0000000743700000, 0x0000000743800000|  0%| F|  |TAMS 0x0000000743700000, 0x0000000743700000| Untracked 
|  40|0x0000000743800000, 0x0000000743800000, 0x0000000743900000|  0%| F|  |TAMS 0x0000000743800000, 0x0000000743800000| Untracked 
|  41|0x0000000743900000, 0x0000000743900000, 0x0000000743a00000|  0%| F|  |TAMS 0x0000000743900000, 0x0000000743900000| Untracked 
|  42|0x0000000743a00000, 0x0000000743a00000, 0x0000000743b00000|  0%| F|  |TAMS 0x0000000743a00000, 0x0000000743a00000| Untracked 
|  43|0x0000000743b00000, 0x0000000743b00000, 0x0000000743c00000|  0%| F|  |TAMS 0x0000000743b00000, 0x0000000743b00000| Untracked 
|  44|0x0000000743c00000, 0x0000000743c00000, 0x0000000743d00000|  0%| F|  |TAMS 0x0000000743c00000, 0x0000000743c00000| Untracked 
|  45|0x0000000743d00000, 0x0000000743d00000, 0x0000000743e00000|  0%| F|  |TAMS 0x0000000743d00000, 0x0000000743d00000| Untracked 
|  46|0x0000000743e00000, 0x0000000743e00000, 0x0000000743f00000|  0%| F|  |TAMS 0x0000000743e00000, 0x0000000743e00000| Untracked 
|  47|0x0000000743f00000, 0x0000000743f00000, 0x0000000744000000|  0%| F|  |TAMS 0x0000000743f00000, 0x0000000743f00000| Untracked 
|  48|0x0000000744000000, 0x0000000744000000, 0x0000000744100000|  0%| F|  |TAMS 0x0000000744000000, 0x0000000744000000| Untracked 
|  49|0x0000000744100000, 0x0000000744100000, 0x0000000744200000|  0%| F|  |TAMS 0x0000000744100000, 0x0000000744100000| Untracked 
|  50|0x0000000744200000, 0x0000000744200000, 0x0000000744300000|  0%| F|  |TAMS 0x0000000744200000, 0x0000000744200000| Untracked 
|  51|0x0000000744300000, 0x0000000744300000, 0x0000000744400000|  0%| F|  |TAMS 0x0000000744300000, 0x0000000744300000| Untracked 
|  52|0x0000000744400000, 0x0000000744400000, 0x0000000744500000|  0%| F|  |TAMS 0x0000000744400000, 0x0000000744400000| Untracked 
|  53|0x0000000744500000, 0x0000000744500000, 0x0000000744600000|  0%| F|  |TAMS 0x0000000744500000, 0x0000000744500000| Untracked 
|  54|0x0000000744600000, 0x0000000744600000, 0x0000000744700000|  0%| F|  |TAMS 0x0000000744600000, 0x0000000744600000| Untracked 
|  55|0x0000000744700000, 0x0000000744700000, 0x0000000744800000|  0%| F|  |TAMS 0x0000000744700000, 0x0000000744700000| Untracked 
|  56|0x0000000744800000, 0x0000000744800000, 0x0000000744900000|  0%| F|  |TAMS 0x0000000744800000, 0x0000000744800000| Untracked 
|  57|0x0000000744900000, 0x0000000744900000, 0x0000000744a00000|  0%| F|  |TAMS 0x0000000744900000, 0x0000000744900000| Untracked 
|  58|0x0000000744a00000, 0x0000000744a00000, 0x0000000744b00000|  0%| F|  |TAMS 0x0000000744a00000, 0x0000000744a00000| Untracked 
|  59|0x0000000744b00000, 0x0000000744b00000, 0x0000000744c00000|  0%| F|  |TAMS 0x0000000744b00000, 0x0000000744b00000| Untracked 
|  60|0x0000000744c00000, 0x0000000744c00000, 0x0000000744d00000|  0%| F|  |TAMS 0x0000000744c00000, 0x0000000744c00000| Untracked 
|  61|0x0000000744d00000, 0x0000000744d00000, 0x0000000744e00000|  0%| F|  |TAMS 0x0000000744d00000, 0x0000000744d00000| Untracked 
|  62|0x0000000744e00000, 0x0000000744e00000, 0x0000000744f00000|  0%| F|  |TAMS 0x0000000744e00000, 0x0000000744e00000| Untracked 
|  63|0x0000000744f00000, 0x0000000744f00000, 0x0000000745000000|  0%| F|  |TAMS 0x0000000744f00000, 0x0000000744f00000| Untracked 
|  64|0x0000000745000000, 0x0000000745000000, 0x0000000745100000|  0%| F|  |TAMS 0x0000000745000000, 0x0000000745000000| Untracked 
|  65|0x0000000745100000, 0x0000000745100000, 0x0000000745200000|  0%| F|  |TAMS 0x0000000745100000, 0x0000000745100000| Untracked 
|  66|0x0000000745200000, 0x0000000745200000, 0x0000000745300000|  0%| F|  |TAMS 0x0000000745200000, 0x0000000745200000| Untracked 
|  67|0x0000000745300000, 0x0000000745300000, 0x0000000745400000|  0%| F|  |TAMS 0x0000000745300000, 0x0000000745300000| Untracked 
|  68|0x0000000745400000, 0x0000000745400000, 0x0000000745500000|  0%| F|  |TAMS 0x0000000745400000, 0x0000000745400000| Untracked 
|  69|0x0000000745500000, 0x0000000745500000, 0x0000000745600000|  0%| F|  |TAMS 0x0000000745500000, 0x0000000745500000| Untracked 
|  70|0x0000000745600000, 0x0000000745600000, 0x0000000745700000|  0%| F|  |TAMS 0x0000000745600000, 0x0000000745600000| Untracked 
|  71|0x0000000745700000, 0x0000000745700000, 0x0000000745800000|  0%| F|  |TAMS 0x0000000745700000, 0x0000000745700000| Untracked 
|  72|0x0000000745800000, 0x0000000745800000, 0x0000000745900000|  0%| F|  |TAMS 0x0000000745800000, 0x0000000745800000| Untracked 
|  73|0x0000000745900000, 0x0000000745900000, 0x0000000745a00000|  0%| F|  |TAMS 0x0000000745900000, 0x0000000745900000| Untracked 
|  74|0x0000000745a00000, 0x0000000745a00000, 0x0000000745b00000|  0%| F|  |TAMS 0x0000000745a00000, 0x0000000745a00000| Untracked 
|  75|0x0000000745b00000, 0x0000000745b00000, 0x0000000745c00000|  0%| F|  |TAMS 0x0000000745b00000, 0x0000000745b00000| Untracked 
|  76|0x0000000745c00000, 0x0000000745c00000, 0x0000000745d00000|  0%| F|  |TAMS 0x0000000745c00000, 0x0000000745c00000| Untracked 
|  77|0x0000000745d00000, 0x0000000745d00000, 0x0000000745e00000|  0%| F|  |TAMS 0x0000000745d00000, 0x0000000745d00000| Untracked 
|  78|0x0000000745e00000, 0x0000000745e00000, 0x0000000745f00000|  0%| F|  |TAMS 0x0000000745e00000, 0x0000000745e00000| Untracked 
|  79|0x0000000745f00000, 0x0000000745f00000, 0x0000000746000000|  0%| F|  |TAMS 0x0000000745f00000, 0x0000000745f00000| Untracked 
|  80|0x0000000746000000, 0x0000000746000000, 0x0000000746100000|  0%| F|  |TAMS 0x0000000746000000, 0x0000000746000000| Untracked 
|  81|0x0000000746100000, 0x0000000746100000, 0x0000000746200000|  0%| F|  |TAMS 0x0000000746100000, 0x0000000746100000| Untracked 
|  82|0x0000000746200000, 0x0000000746200000, 0x0000000746300000|  0%| F|  |TAMS 0x0000000746200000, 0x0000000746200000| Untracked 
|  83|0x0000000746300000, 0x0000000746300000, 0x0000000746400000|  0%| F|  |TAMS 0x0000000746300000, 0x0000000746300000| Untracked 
|  84|0x0000000746400000, 0x0000000746400000, 0x0000000746500000|  0%| F|  |TAMS 0x0000000746400000, 0x0000000746400000| Untracked 
|  85|0x0000000746500000, 0x0000000746500000, 0x0000000746600000|  0%| F|  |TAMS 0x0000000746500000, 0x0000000746500000| Untracked 
|  86|0x0000000746600000, 0x0000000746600000, 0x0000000746700000|  0%| F|  |TAMS 0x0000000746600000, 0x0000000746600000| Untracked 
|  87|0x0000000746700000, 0x0000000746700000, 0x0000000746800000|  0%| F|  |TAMS 0x0000000746700000, 0x0000000746700000| Untracked 
|  88|0x0000000746800000, 0x0000000746800000, 0x0000000746900000|  0%| F|  |TAMS 0x0000000746800000, 0x0000000746800000| Untracked 
|  89|0x0000000746900000, 0x0000000746900000, 0x0000000746a00000|  0%| F|  |TAMS 0x0000000746900000, 0x0000000746900000| Untracked 
|  90|0x0000000746a00000, 0x0000000746a00000, 0x0000000746b00000|  0%| F|  |TAMS 0x0000000746a00000, 0x0000000746a00000| Untracked 
|  91|0x0000000746b00000, 0x0000000746b00000, 0x0000000746c00000|  0%| F|  |TAMS 0x0000000746b00000, 0x0000000746b00000| Untracked 
|  92|0x0000000746c00000, 0x0000000746c00000, 0x0000000746d00000|  0%| F|  |TAMS 0x0000000746c00000, 0x0000000746c00000| Untracked 
|  93|0x0000000746d00000, 0x0000000746d00000, 0x0000000746e00000|  0%| F|  |TAMS 0x0000000746d00000, 0x0000000746d00000| Untracked 
|  94|0x0000000746e00000, 0x0000000746e00000, 0x0000000746f00000|  0%| F|  |TAMS 0x0000000746e00000, 0x0000000746e00000| Untracked 
|  95|0x0000000746f00000, 0x0000000746f00000, 0x0000000747000000|  0%| F|  |TAMS 0x0000000746f00000, 0x0000000746f00000| Untracked 
|  96|0x0000000747000000, 0x0000000747000000, 0x0000000747100000|  0%| F|  |TAMS 0x0000000747000000, 0x0000000747000000| Untracked 
|  97|0x0000000747100000, 0x0000000747100000, 0x0000000747200000|  0%| F|  |TAMS 0x0000000747100000, 0x0000000747100000| Untracked 
|  98|0x0000000747200000, 0x0000000747200000, 0x0000000747300000|  0%| F|  |TAMS 0x0000000747200000, 0x0000000747200000| Untracked 
|  99|0x0000000747300000, 0x0000000747300000, 0x0000000747400000|  0%| F|  |TAMS 0x0000000747300000, 0x0000000747300000| Untracked 
| 100|0x0000000747400000, 0x0000000747400000, 0x0000000747500000|  0%| F|  |TAMS 0x0000000747400000, 0x0000000747400000| Untracked 
| 101|0x0000000747500000, 0x0000000747500000, 0x0000000747600000|  0%| F|  |TAMS 0x0000000747500000, 0x0000000747500000| Untracked 
| 102|0x0000000747600000, 0x0000000747600000, 0x0000000747700000|  0%| F|  |TAMS 0x0000000747600000, 0x0000000747600000| Untracked 
| 103|0x0000000747700000, 0x0000000747700000, 0x0000000747800000|  0%| F|  |TAMS 0x0000000747700000, 0x0000000747700000| Untracked 
| 104|0x0000000747800000, 0x0000000747800000, 0x0000000747900000|  0%| F|  |TAMS 0x0000000747800000, 0x0000000747800000| Untracked 
| 105|0x0000000747900000, 0x0000000747900000, 0x0000000747a00000|  0%| F|  |TAMS 0x0000000747900000, 0x0000000747900000| Untracked 
| 106|0x0000000747a00000, 0x0000000747a00000, 0x0000000747b00000|  0%| F|  |TAMS 0x0000000747a00000, 0x0000000747a00000| Untracked 
| 107|0x0000000747b00000, 0x0000000747b00000, 0x0000000747c00000|  0%| F|  |TAMS 0x0000000747b00000, 0x0000000747b00000| Untracked 
| 108|0x0000000747c00000, 0x0000000747c00000, 0x0000000747d00000|  0%| F|  |TAMS 0x0000000747c00000, 0x0000000747c00000| Untracked 
| 109|0x0000000747d00000, 0x0000000747d00000, 0x0000000747e00000|  0%| F|  |TAMS 0x0000000747d00000, 0x0000000747d00000| Untracked 
| 110|0x0000000747e00000, 0x0000000747e00000, 0x0000000747f00000|  0%| F|  |TAMS 0x0000000747e00000, 0x0000000747e00000| Untracked 
| 111|0x0000000747f00000, 0x0000000747f00000, 0x0000000748000000|  0%| F|  |TAMS 0x0000000747f00000, 0x0000000747f00000| Untracked 
| 112|0x0000000748000000, 0x0000000748000000, 0x0000000748100000|  0%| F|  |TAMS 0x0000000748000000, 0x0000000748000000| Untracked 
| 113|0x0000000748100000, 0x0000000748100000, 0x0000000748200000|  0%| F|  |TAMS 0x0000000748100000, 0x0000000748100000| Untracked 
| 114|0x0000000748200000, 0x0000000748200000, 0x0000000748300000|  0%| F|  |TAMS 0x0000000748200000, 0x0000000748200000| Untracked 
| 115|0x0000000748300000, 0x0000000748300000, 0x0000000748400000|  0%| F|  |TAMS 0x0000000748300000, 0x0000000748300000| Untracked 
| 116|0x0000000748400000, 0x0000000748400000, 0x0000000748500000|  0%| F|  |TAMS 0x0000000748400000, 0x0000000748400000| Untracked 
| 117|0x0000000748500000, 0x0000000748500000, 0x0000000748600000|  0%| F|  |TAMS 0x0000000748500000, 0x0000000748500000| Untracked 
| 118|0x0000000748600000, 0x0000000748600000, 0x0000000748700000|  0%| F|  |TAMS 0x0000000748600000, 0x0000000748600000| Untracked 
| 119|0x0000000748700000, 0x0000000748700000, 0x0000000748800000|  0%| F|  |TAMS 0x0000000748700000, 0x0000000748700000| Untracked 
| 120|0x0000000748800000, 0x0000000748800000, 0x0000000748900000|  0%| F|  |TAMS 0x0000000748800000, 0x0000000748800000| Untracked 
| 121|0x0000000748900000, 0x0000000748900000, 0x0000000748a00000|  0%| F|  |TAMS 0x0000000748900000, 0x0000000748900000| Untracked 
| 122|0x0000000748a00000, 0x0000000748a00000, 0x0000000748b00000|  0%| F|  |TAMS 0x0000000748a00000, 0x0000000748a00000| Untracked 
| 123|0x0000000748b00000, 0x0000000748b00000, 0x0000000748c00000|  0%| F|  |TAMS 0x0000000748b00000, 0x0000000748b00000| Untracked 
| 124|0x0000000748c00000, 0x0000000748c00000, 0x0000000748d00000|  0%| F|  |TAMS 0x0000000748c00000, 0x0000000748c00000| Untracked 
| 125|0x0000000748d00000, 0x0000000748d00000, 0x0000000748e00000|  0%| F|  |TAMS 0x0000000748d00000, 0x0000000748d00000| Untracked 
| 126|0x0000000748e00000, 0x0000000748e00000, 0x0000000748f00000|  0%| F|  |TAMS 0x0000000748e00000, 0x0000000748e00000| Untracked 
| 127|0x0000000748f00000, 0x0000000748f00000, 0x0000000749000000|  0%| F|  |TAMS 0x0000000748f00000, 0x0000000748f00000| Untracked 
| 128|0x0000000749000000, 0x0000000749000000, 0x0000000749100000|  0%| F|  |TAMS 0x0000000749000000, 0x0000000749000000| Untracked 
| 129|0x0000000749100000, 0x0000000749100000, 0x0000000749200000|  0%| F|  |TAMS 0x0000000749100000, 0x0000000749100000| Untracked 
| 130|0x0000000749200000, 0x0000000749200000, 0x0000000749300000|  0%| F|  |TAMS 0x0000000749200000, 0x0000000749200000| Untracked 
| 131|0x0000000749300000, 0x0000000749300000, 0x0000000749400000|  0%| F|  |TAMS 0x0000000749300000, 0x0000000749300000| Untracked 
| 132|0x0000000749400000, 0x0000000749400000, 0x0000000749500000|  0%| F|  |TAMS 0x0000000749400000, 0x0000000749400000| Untracked 
| 133|0x0000000749500000, 0x0000000749500000, 0x0000000749600000|  0%| F|  |TAMS 0x0000000749500000, 0x0000000749500000| Untracked 
| 134|0x0000000749600000, 0x0000000749600000, 0x0000000749700000|  0%| F|  |TAMS 0x0000000749600000, 0x0000000749600000| Untracked 
| 135|0x0000000749700000, 0x0000000749700000, 0x0000000749800000|  0%| F|  |TAMS 0x0000000749700000, 0x0000000749700000| Untracked 
| 136|0x0000000749800000, 0x0000000749800000, 0x0000000749900000|  0%| F|  |TAMS 0x0000000749800000, 0x0000000749800000| Untracked 
| 137|0x0000000749900000, 0x0000000749900000, 0x0000000749a00000|  0%| F|  |TAMS 0x0000000749900000, 0x0000000749900000| Untracked 
| 138|0x0000000749a00000, 0x0000000749a00000, 0x0000000749b00000|  0%| F|  |TAMS 0x0000000749a00000, 0x0000000749a00000| Untracked 
| 139|0x0000000749b00000, 0x0000000749b00000, 0x0000000749c00000|  0%| F|  |TAMS 0x0000000749b00000, 0x0000000749b00000| Untracked 
| 140|0x0000000749c00000, 0x0000000749c00000, 0x0000000749d00000|  0%| F|  |TAMS 0x0000000749c00000, 0x0000000749c00000| Untracked 
| 141|0x0000000749d00000, 0x0000000749d00000, 0x0000000749e00000|  0%| F|  |TAMS 0x0000000749d00000, 0x0000000749d00000| Untracked 
| 142|0x0000000749e00000, 0x0000000749e00000, 0x0000000749f00000|  0%| F|  |TAMS 0x0000000749e00000, 0x0000000749e00000| Untracked 
| 143|0x0000000749f00000, 0x0000000749f00000, 0x000000074a000000|  0%| F|  |TAMS 0x0000000749f00000, 0x0000000749f00000| Untracked 
| 144|0x000000074a000000, 0x000000074a000000, 0x000000074a100000|  0%| F|  |TAMS 0x000000074a000000, 0x000000074a000000| Untracked 
| 145|0x000000074a100000, 0x000000074a100000, 0x000000074a200000|  0%| F|  |TAMS 0x000000074a100000, 0x000000074a100000| Untracked 
| 146|0x000000074a200000, 0x000000074a200000, 0x000000074a300000|  0%| F|  |TAMS 0x000000074a200000, 0x000000074a200000| Untracked 
| 147|0x000000074a300000, 0x000000074a300000, 0x000000074a400000|  0%| F|  |TAMS 0x000000074a300000, 0x000000074a300000| Untracked 
| 148|0x000000074a400000, 0x000000074a400000, 0x000000074a500000|  0%| F|  |TAMS 0x000000074a400000, 0x000000074a400000| Untracked 
| 149|0x000000074a500000, 0x000000074a500000, 0x000000074a600000|  0%| F|  |TAMS 0x000000074a500000, 0x000000074a500000| Untracked 
| 150|0x000000074a600000, 0x000000074a600000, 0x000000074a700000|  0%| F|  |TAMS 0x000000074a600000, 0x000000074a600000| Untracked 
| 151|0x000000074a700000, 0x000000074a700000, 0x000000074a800000|  0%| F|  |TAMS 0x000000074a700000, 0x000000074a700000| Untracked 
| 152|0x000000074a800000, 0x000000074a800000, 0x000000074a900000|  0%| F|  |TAMS 0x000000074a800000, 0x000000074a800000| Untracked 
| 153|0x000000074a900000, 0x000000074a900000, 0x000000074aa00000|  0%| F|  |TAMS 0x000000074a900000, 0x000000074a900000| Untracked 
| 154|0x000000074aa00000, 0x000000074aa00000, 0x000000074ab00000|  0%| F|  |TAMS 0x000000074aa00000, 0x000000074aa00000| Untracked 
| 155|0x000000074ab00000, 0x000000074ab00000, 0x000000074ac00000|  0%| F|  |TAMS 0x000000074ab00000, 0x000000074ab00000| Untracked 
| 156|0x000000074ac00000, 0x000000074ac00000, 0x000000074ad00000|  0%| F|  |TAMS 0x000000074ac00000, 0x000000074ac00000| Untracked 
| 157|0x000000074ad00000, 0x000000074ad00000, 0x000000074ae00000|  0%| F|  |TAMS 0x000000074ad00000, 0x000000074ad00000| Untracked 
| 158|0x000000074ae00000, 0x000000074ae00000, 0x000000074af00000|  0%| F|  |TAMS 0x000000074ae00000, 0x000000074ae00000| Untracked 
| 159|0x000000074af00000, 0x000000074af00000, 0x000000074b000000|  0%| F|  |TAMS 0x000000074af00000, 0x000000074af00000| Untracked 
| 160|0x000000074b000000, 0x000000074b000000, 0x000000074b100000|  0%| F|  |TAMS 0x000000074b000000, 0x000000074b000000| Untracked 
| 161|0x000000074b100000, 0x000000074b100000, 0x000000074b200000|  0%| F|  |TAMS 0x000000074b100000, 0x000000074b100000| Untracked 
| 162|0x000000074b200000, 0x000000074b200000, 0x000000074b300000|  0%| F|  |TAMS 0x000000074b200000, 0x000000074b200000| Untracked 
| 163|0x000000074b300000, 0x000000074b300000, 0x000000074b400000|  0%| F|  |TAMS 0x000000074b300000, 0x000000074b300000| Untracked 
| 164|0x000000074b400000, 0x000000074b400000, 0x000000074b500000|  0%| F|  |TAMS 0x000000074b400000, 0x000000074b400000| Untracked 
| 165|0x000000074b500000, 0x000000074b500000, 0x000000074b600000|  0%| F|  |TAMS 0x000000074b500000, 0x000000074b500000| Untracked 
| 166|0x000000074b600000, 0x000000074b600000, 0x000000074b700000|  0%| F|  |TAMS 0x000000074b600000, 0x000000074b600000| Untracked 
| 167|0x000000074b700000, 0x000000074b700000, 0x000000074b800000|  0%| F|  |TAMS 0x000000074b700000, 0x000000074b700000| Untracked 
| 168|0x000000074b800000, 0x000000074b800000, 0x000000074b900000|  0%| F|  |TAMS 0x000000074b800000, 0x000000074b800000| Untracked 
| 169|0x000000074b900000, 0x000000074b900000, 0x000000074ba00000|  0%| F|  |TAMS 0x000000074b900000, 0x000000074b900000| Untracked 
| 170|0x000000074ba00000, 0x000000074ba00000, 0x000000074bb00000|  0%| F|  |TAMS 0x000000074ba00000, 0x000000074ba00000| Untracked 
| 171|0x000000074bb00000, 0x000000074bb00000, 0x000000074bc00000|  0%| F|  |TAMS 0x000000074bb00000, 0x000000074bb00000| Untracked 
| 172|0x000000074bc00000, 0x000000074bc00000, 0x000000074bd00000|  0%| F|  |TAMS 0x000000074bc00000, 0x000000074bc00000| Untracked 
| 173|0x000000074bd00000, 0x000000074bd00000, 0x000000074be00000|  0%| F|  |TAMS 0x000000074bd00000, 0x000000074bd00000| Untracked 
| 174|0x000000074be00000, 0x000000074be00000, 0x000000074bf00000|  0%| F|  |TAMS 0x000000074be00000, 0x000000074be00000| Untracked 
| 175|0x000000074bf00000, 0x000000074bf00000, 0x000000074c000000|  0%| F|  |TAMS 0x000000074bf00000, 0x000000074bf00000| Untracked 
| 176|0x000000074c000000, 0x000000074c000000, 0x000000074c100000|  0%| F|  |TAMS 0x000000074c000000, 0x000000074c000000| Untracked 
| 177|0x000000074c100000, 0x000000074c100000, 0x000000074c200000|  0%| F|  |TAMS 0x000000074c100000, 0x000000074c100000| Untracked 
| 178|0x000000074c200000, 0x000000074c200000, 0x000000074c300000|  0%| F|  |TAMS 0x000000074c200000, 0x000000074c200000| Untracked 
| 179|0x000000074c300000, 0x000000074c300000, 0x000000074c400000|  0%| F|  |TAMS 0x000000074c300000, 0x000000074c300000| Untracked 
| 180|0x000000074c400000, 0x000000074c400000, 0x000000074c500000|  0%| F|  |TAMS 0x000000074c400000, 0x000000074c400000| Untracked 
| 181|0x000000074c500000, 0x000000074c500000, 0x000000074c600000|  0%| F|  |TAMS 0x000000074c500000, 0x000000074c500000| Untracked 
| 182|0x000000074c600000, 0x000000074c600000, 0x000000074c700000|  0%| F|  |TAMS 0x000000074c600000, 0x000000074c600000| Untracked 
| 183|0x000000074c700000, 0x000000074c700000, 0x000000074c800000|  0%| F|  |TAMS 0x000000074c700000, 0x000000074c700000| Untracked 
| 184|0x000000074c800000, 0x000000074c800000, 0x000000074c900000|  0%| F|  |TAMS 0x000000074c800000, 0x000000074c800000| Untracked 
| 185|0x000000074c900000, 0x000000074c900000, 0x000000074ca00000|  0%| F|  |TAMS 0x000000074c900000, 0x000000074c900000| Untracked 
| 186|0x000000074ca00000, 0x000000074ca00000, 0x000000074cb00000|  0%| F|  |TAMS 0x000000074ca00000, 0x000000074ca00000| Untracked 
| 187|0x000000074cb00000, 0x000000074cb00000, 0x000000074cc00000|  0%| F|  |TAMS 0x000000074cb00000, 0x000000074cb00000| Untracked 
| 188|0x000000074cc00000, 0x000000074cc00000, 0x000000074cd00000|  0%| F|  |TAMS 0x000000074cc00000, 0x000000074cc00000| Untracked 
| 189|0x000000074cd00000, 0x000000074cdd7dc0, 0x000000074ce00000| 84%| E|  |TAMS 0x000000074cd00000, 0x000000074cd00000| Complete 
| 190|0x000000074ce00000, 0x000000074cf00000, 0x000000074cf00000|100%| E|CS|TAMS 0x000000074ce00000, 0x000000074ce00000| Complete 
| 191|0x000000074cf00000, 0x000000074d000000, 0x000000074d000000|100%| E|CS|TAMS 0x000000074cf00000, 0x000000074cf00000| Complete 

Card table byte_map: [0x0000022f5c0e0000,0x0000022f5c6e0000] _byte_map_base: 0x0000022f586d8000

Marking Bits (Prev, Next): (CMBitMap*) 0x0000022f4451e0f8, (CMBitMap*) 0x0000022f4451e130
 Prev Bits: [0x0000022f5cce0000, 0x0000022f5fca0000)
 Next Bits: [0x0000022f5fca0000, 0x0000022f62c60000)

Polling page: 0x0000022f43c10000

Metaspace:

Usage:
  Non-class:      5.47 MB capacity,     5.44 MB (>99%) used,    32.27 KB ( <1%) free+waste,     6.19 KB ( <1%) overhead. 
      Class:    600.00 KB capacity,   522.02 KB ( 87%) used,    74.61 KB ( 12%) free+waste,     3.38 KB ( <1%) overhead. 
       Both:      6.06 MB capacity,     5.94 MB ( 98%) used,   106.88 KB (  2%) free+waste,     9.56 KB ( <1%) overhead. 

Virtual space:
  Non-class space:        8.00 MB reserved,       5.50 MB ( 69%) committed 
      Class space:        1.00 GB reserved,     640.00 KB ( <1%) committed 
             Both:        1.01 GB reserved,       6.13 MB ( <1%) committed 

Chunk freelists:
   Non-Class:  28.00 KB
       Class:  8.00 KB
        Both:  36.00 KB

CodeHeap 'non-profiled nmethods': size=120064Kb used=88Kb max_used=88Kb free=119975Kb
 bounds [0x0000022f545a0000, 0x0000022f54810000, 0x0000022f5bae0000]
CodeHeap 'profiled nmethods': size=120000Kb used=463Kb max_used=463Kb free=119537Kb
 bounds [0x0000022f4d070000, 0x0000022f4d2e0000, 0x0000022f545a0000]
CodeHeap 'non-nmethods': size=5696Kb used=1083Kb max_used=1095Kb free=4612Kb
 bounds [0x0000022f4cae0000, 0x0000022f4cd50000, 0x0000022f4d070000]
 total_blobs=742 nmethods=303 adapters=288
 compilation: enabled
              stopped_count=0, restarted_count=0
 full_count=0

Compilation events (10 events):
Event: 0.149 Thread 0x0000022f659d2800  298       3       java.lang.invoke.LambdaForm::uncustomize (57 bytes)
Event: 0.149 Thread 0x0000022f659d2800 nmethod 298 0x0000022f4d0e2390 code [0x0000022f4d0e2560, 0x0000022f4d0e28d0]
Event: 0.149 Thread 0x0000022f659d2800  297       3       java.lang.invoke.LambdaFormEditor$Transform::bval (26 bytes)
Event: 0.149 Thread 0x0000022f659d2800 nmethod 297 0x0000022f4d0e2a10 code [0x0000022f4d0e2bc0, 0x0000022f4d0e2d18]
Event: 0.149 Thread 0x0000022f659d2800  299       3       java.lang.ref.SoftReference::<init> (13 bytes)
Event: 0.149 Thread 0x0000022f659d2800 nmethod 299 0x0000022f4d0e2d90 code [0x0000022f4d0e2f60, 0x0000022f4d0e32d8]
Event: 0.843 Thread 0x0000022f659d2800  300       3       com.cyberbotics.webots.controller.Robot::step (10 bytes)
Event: 0.844 Thread 0x0000022f659d2800 nmethod 300 0x0000022f4d0e3410 code [0x0000022f4d0e35c0, 0x0000022f4d0e3770]
Event: 0.850 Thread 0x0000022f659d2800  302       3       com.cyberbotics.webots.controller.Motion::isOver (9 bytes)
Event: 0.850 Thread 0x0000022f659d2800 nmethod 302 0x0000022f4d0e3810 code [0x0000022f4d0e39c0, 0x0000022f4d0e3b50]

GC Heap History (0 events):
No events

Deoptimization events (4 events):
Event: 0.064 Thread 0x0000022f444ce000 Uncommon trap: trap_request=0xffffff4d fr.pc=0x0000022f545a580c relative=0x00000000000001ec
Event: 0.064 Thread 0x0000022f444ce000 Uncommon trap: reason=unstable_if action=reinterpret pc=0x0000022f545a580c method=java.lang.String.hashCode()I @ 14 c2
Event: 0.064 Thread 0x0000022f444ce000 DEOPT PACKING pc=0x0000022f545a580c sp=0x000000649a4fd8b0
Event: 0.064 Thread 0x0000022f444ce000 DEOPT UNPACKING pc=0x0000022f4cb091af sp=0x000000649a4fd848 mode 2

Classes redefined (0 events):
No events

Internal exceptions (1 events):
Event: 0.123 Thread 0x0000022f444ce000 Exception <a 'java/lang/NoSuchMethodError'{0x000000074cef4590}: 'java.lang.Object java.lang.invoke.DirectMethodHandle$Holder.invokeStatic(java.lang.Object, java.lang.Object, java.lang.Object, java.lang.Object, java.lang.Object, java.lang.Object, java.lang

Events (10 events):
Event: 0.129 loading class java/lang/invoke/BoundMethodHandle$Species_LLLLLLLLLLLLII
Event: 0.129 loading class java/lang/invoke/BoundMethodHandle$Species_LLLLLLLLLLLLII done
Event: 0.133 loading class com/cyberbotics/webots/controller/Motion
Event: 0.133 loading class com/cyberbotics/webots/controller/Motion done
Event: 0.135 loading class java/lang/invoke/BoundMethodHandle$Species_LLLLLLI
Event: 0.135 loading class java/lang/invoke/BoundMethodHandle$Species_LLLLLLI done
Event: 0.136 loading class java/lang/invoke/BoundMethodHandle$Species_LLLLLLII
Event: 0.136 loading class java/lang/invoke/BoundMethodHandle$Species_LLLLLLII done
Event: 0.137 loading class java/lang/invoke/BoundMethodHandle$Species_LLLLLLIIL
Event: 0.137 loading class java/lang/invoke/BoundMethodHandle$Species_LLLLLLIIL done


Dynamic libraries:
0x00007ff698180000 - 0x00007ff6981ca000 	C:\Program Files\AdoptOpenJDK\jdk-11.0.4.11-hotspot\bin\javaw.exe
0x00007ffe42980000 - 0x00007ffe42b70000 	C:\WINDOWS\SYSTEM32\ntdll.dll
0x00007ffe41250000 - 0x00007ffe41302000 	C:\WINDOWS\System32\KERNEL32.DLL
0x00007ffe3fbd0000 - 0x00007ffe3fe73000 	C:\WINDOWS\System32\KERNELBASE.dll
0x00007ffe41010000 - 0x00007ffe411a3000 	C:\WINDOWS\System32\USER32.dll
0x00007ffe40a00000 - 0x00007ffe40a21000 	C:\WINDOWS\System32\win32u.dll
0x00007ffe41f10000 - 0x00007ffe41f36000 	C:\WINDOWS\System32\GDI32.dll
0x00007ffe406a0000 - 0x00007ffe40834000 	C:\WINDOWS\System32\gdi32full.dll
0x00007ffe40600000 - 0x00007ffe4069e000 	C:\WINDOWS\System32\msvcp_win.dll
0x00007ffe3fad0000 - 0x00007ffe3fbca000 	C:\WINDOWS\System32\ucrtbase.dll
0x00007ffe34090000 - 0x00007ffe34315000 	C:\WINDOWS\WinSxS\amd64_microsoft.windows.common-controls_6595b64144ccf1df_6.0.18362.295_none_e6c3acbd13101292\COMCTL32.dll
0x00007ffe411b0000 - 0x00007ffe4124e000 	C:\WINDOWS\System32\msvcrt.dll
0x00007ffe40a60000 - 0x00007ffe40d96000 	C:\WINDOWS\System32\combase.dll
0x00007ffe41df0000 - 0x00007ffe41f10000 	C:\WINDOWS\System32\RPCRT4.dll
0x00007ffe40920000 - 0x00007ffe409a0000 	C:\WINDOWS\System32\bcryptPrimitives.dll
0x00007ffe40a30000 - 0x00007ffe40a5e000 	C:\WINDOWS\System32\IMM32.DLL
0x00007ffe3f2e0000 - 0x00007ffe3f31c000 	C:\WINDOWS\system32\SophosAV\SOPHOS~1.DLL
0x00007ffe41f40000 - 0x00007ffe41f48000 	C:\WINDOWS\System32\PSAPI.DLL
0x00007ffe328e0000 - 0x00007ffe328f6000 	C:\Program Files\AdoptOpenJDK\jdk-11.0.4.11-hotspot\bin\vcruntime140.dll
0x00007ffe140a0000 - 0x00007ffe1413b000 	C:\Program Files\AdoptOpenJDK\jdk-11.0.4.11-hotspot\bin\msvcp140.dll
0x00007ffe07520000 - 0x00007ffe07fd6000 	C:\Program Files\AdoptOpenJDK\jdk-11.0.4.11-hotspot\bin\server\jvm.dll
0x00007ffe40f60000 - 0x00007ffe41003000 	C:\WINDOWS\System32\ADVAPI32.dll
0x00007ffe42090000 - 0x00007ffe42127000 	C:\WINDOWS\System32\sechost.dll
0x00007ffe3a7b0000 - 0x00007ffe3a7ba000 	C:\WINDOWS\SYSTEM32\VERSION.dll
0x00007ffe3c4d0000 - 0x00007ffe3c4f4000 	C:\WINDOWS\SYSTEM32\WINMM.dll
0x00007ffe24da0000 - 0x00007ffe24da9000 	C:\WINDOWS\SYSTEM32\WSOCK32.dll
0x00007ffe417a0000 - 0x00007ffe4180f000 	C:\WINDOWS\System32\WS2_32.dll
0x00007ffe3c4a0000 - 0x00007ffe3c4cd000 	C:\WINDOWS\SYSTEM32\winmmbase.dll
0x00007ffe3f910000 - 0x00007ffe3f95a000 	C:\WINDOWS\System32\cfgmgr32.dll
0x00007ffe3f8d0000 - 0x00007ffe3f8e1000 	C:\WINDOWS\System32\kernel.appcore.dll
0x00007ffe3c5b0000 - 0x00007ffe3c5c0000 	C:\Program Files\AdoptOpenJDK\jdk-11.0.4.11-hotspot\bin\verify.dll
0x00007ffe2c610000 - 0x00007ffe2c804000 	C:\WINDOWS\SYSTEM32\DBGHELP.DLL
0x00007ffe2c9b0000 - 0x00007ffe2c9da000 	C:\WINDOWS\SYSTEM32\dbgcore.DLL
0x00007ffe327d0000 - 0x00007ffe327f8000 	C:\Program Files\AdoptOpenJDK\jdk-11.0.4.11-hotspot\bin\java.dll
0x00007ffe328c0000 - 0x00007ffe328d6000 	C:\Program Files\AdoptOpenJDK\jdk-11.0.4.11-hotspot\bin\zip.dll
0x00007ffe396c0000 - 0x00007ffe396ca000 	C:\Program Files\AdoptOpenJDK\jdk-11.0.4.11-hotspot\bin\jimage.dll
0x00007ffe42130000 - 0x00007ffe42812000 	C:\WINDOWS\System32\SHELL32.dll
0x00007ffe41580000 - 0x00007ffe41629000 	C:\WINDOWS\System32\shcore.dll
0x00007ffe3fe80000 - 0x00007ffe405fc000 	C:\WINDOWS\System32\windows.storage.dll
0x00007ffe3f8f0000 - 0x00007ffe3f90f000 	C:\WINDOWS\System32\profapi.dll
0x00007ffe3f880000 - 0x00007ffe3f8ca000 	C:\WINDOWS\System32\powrprof.dll
0x00007ffe3f850000 - 0x00007ffe3f860000 	C:\WINDOWS\System32\UMPDC.dll
0x00007ffe40f00000 - 0x00007ffe40f52000 	C:\WINDOWS\System32\shlwapi.dll
0x00007ffe3f960000 - 0x00007ffe3f977000 	C:\WINDOWS\System32\cryptsp.dll
0x00007ffe30130000 - 0x00007ffe30149000 	C:\Program Files\AdoptOpenJDK\jdk-11.0.4.11-hotspot\bin\net.dll
0x00007ffe39a60000 - 0x00007ffe39b50000 	C:\WINDOWS\SYSTEM32\WINHTTP.dll
0x00007ffe34780000 - 0x00007ffe34956000 	C:\WINDOWS\SYSTEM32\urlmon.dll
0x00007ffe344d0000 - 0x00007ffe34776000 	C:\WINDOWS\SYSTEM32\iertutil.dll
0x00007ffe3f250000 - 0x00007ffe3f25c000 	C:\WINDOWS\SYSTEM32\CRYPTBASE.DLL
0x00007ffe3f020000 - 0x00007ffe3f087000 	C:\WINDOWS\system32\mswsock.dll
0x00007ffe2ec50000 - 0x00007ffe2ec62000 	C:\Program Files\AdoptOpenJDK\jdk-11.0.4.11-hotspot\bin\nio.dll
0x000000006bbc0000 - 0x000000006bc30000 	C:\Users\Herfel\AppData\Local\Programs\Webots\lib\java\JavaController.dll
0x000000006ea80000 - 0x000000006eb23000 	C:\Users\Herfel\AppData\Local\Programs\Webots\msys64\mingw64\bin\CppController.dll
0x000000006fc40000 - 0x000000006fdeb000 	C:\Users\Herfel\AppData\Local\Programs\Webots\msys64\mingw64\bin\libstdc++-6.dll
0x0000000061440000 - 0x000000006145c000 	C:\Users\Herfel\AppData\Local\Programs\Webots\msys64\mingw64\bin\libgcc_s_seh-1.dll
0x0000000064940000 - 0x0000000064955000 	C:\Users\Herfel\AppData\Local\Programs\Webots\msys64\mingw64\bin\libwinpthread-1.dll
0x000000006a240000 - 0x000000006a46b000 	C:\Users\Herfel\AppData\Local\Programs\Webots\msys64\mingw64\bin\Controller.dll
0x0000000063e00000 - 0x0000000063e0e000 	C:\Users\Herfel\AppData\Local\Programs\Webots\RESOUR~1\projects\plugins\ROBOT_~1\generic\generic.dll

dbghelp: loaded successfully - version: 4.0.5 - missing functions: none
symbol engine: initialized successfully - sym options: 0x614 - pdb path: .;C:\Program Files\AdoptOpenJDK\jdk-11.0.4.11-hotspot\bin;C:\WINDOWS\SYSTEM32;C:\WINDOWS\WinSxS\amd64_microsoft.windows.common-controls_6595b64144ccf1df_6.0.18362.295_none_e6c3acbd13101292;C:\WINDOWS\system32\SophosAV;C:\Program Files\AdoptOpenJDK\jdk-11.0.4.11-hotspot\bin\server;C:\Users\Herfel\AppData\Local\Programs\Webots\lib\java;C:\Users\Herfel\AppData\Local\Programs\Webots\msys64\mingw64\bin;C:\Users\Herfel\AppData\Local\Programs\Webots\RESOUR~1\projects\plugins\ROBOT_~1\generic

VM Arguments:
jvm_args: -Djava.library.path=C:/Users/Herfel/AppData/Local/Programs/Webots/lib/java 
java_command: SensorController
java_class_path (initial): C:/Users/Herfel/AppData/Local/Programs/Webots/lib/java\Controller.jar;C:/Users/Herfel/DOCUME~1/SP1920/MY_PRO~1/CONTRO~1/SENSOR~1/
Launcher Type: SUN_STANDARD

[Global flags]
     intx CICompilerCount                          = 3                                         {product} {ergonomic}
     uint ConcGCThreads                            = 1                                         {product} {ergonomic}
     uint G1ConcRefinementThreads                  = 4                                         {product} {ergonomic}
   size_t G1HeapRegionSize                         = 1048576                                   {product} {ergonomic}
    uintx GCDrainStackTargetSize                   = 64                                        {product} {ergonomic}
   size_t InitialHeapSize                          = 201326592                                 {product} {ergonomic}
   size_t MarkStackSize                            = 4194304                                   {product} {ergonomic}
   size_t MaxHeapSize                              = 3204448256                                {product} {ergonomic}
   size_t MaxNewSize                               = 1922039808                                {product} {ergonomic}
   size_t MinHeapDeltaBytes                        = 1048576                                   {product} {ergonomic}
    uintx NonNMethodCodeHeapSize                   = 5830092                                {pd product} {ergonomic}
    uintx NonProfiledCodeHeapSize                  = 122914074                              {pd product} {ergonomic}
    uintx ProfiledCodeHeapSize                     = 122914074                              {pd product} {ergonomic}
    uintx ReservedCodeCacheSize                    = 251658240                              {pd product} {ergonomic}
     bool SegmentedCodeCache                       = true                                      {product} {ergonomic}
     bool UseCompressedClassPointers               = true                                 {lp64_product} {ergonomic}
     bool UseCompressedOops                        = true                                 {lp64_product} {ergonomic}
     bool UseG1GC                                  = true                                      {product} {ergonomic}
     bool UseLargePagesIndividualAllocation        = false                                  {pd product} {ergonomic}

Logging:
Log output configuration:
 #0: stdout all=warning uptime,level,tags
 #1: stderr all=off uptime,level,tags

Environment Variables:
JAVA_HOME=C:\Program Files\AdoptOpenJDK\jdk-11.0.4.11-hotspot\
PATH=C:\Users\Herfel\AppData\Local\Programs\Webots\projects\default\libraries\vehicle;C:\Users\Herfel\AppData\Local\Programs\Webots\resources\projects\libraries\qt_utils;C:\Users\Herfel\AppData\Local\Programs\Webots\msys64\mingw64\bin;Path=C:\Users\Herfel\AppData\Local\Programs\Webots\msys64\mingw64\bin;C:\Users\Herfel\AppData\Local\Programs\Webots\msys64\usr\bin;C:\Program Files\AdoptOpenJDK\jdk-11.0.4.11-hotspot\bin;D:\app\Herfel\product\11.2.0\dbhome_1\bin;C:\Windows\system32;C:\Windows;C:\Windows\System32\Wbem;C:\Windows\System32\WindowsPowerShell\v1.0\;C:\Program Files (x86)\GtkSharp\2.12\bin;C:\WINDOWS\system32;C:\WINDOWS;C:\WINDOWS\System32\Wbem;C:\WINDOWS\System32\WindowsPowerShell\v1.0\;C:\Program Files\Java\jdk1.8.0_112\bin;C:\Program Files\Microsoft SQL Server\130\Tools\Binn\;C:\Program Files\Java\jdk1.8.0_102\bin;C:\adb;C:\Program Files (x86)\NVIDIA Corporation\PhysX\Common;C:\WINDOWS\System32\OpenSSH\;C:\Program Files\Microsoft VS Code\bin;C:\Program Files\TortoiseSVN\bin;C:\Program Files\NVIDIA Corporation\NVIDIA NvDLISR;C:\WINDOWS\system32;C:\WINDOWS;C:\WINDOWS\System32\Wbem;C:\WINDOWS\System32\WindowsPowerShell\v1.0\;C:\WINDOWS\System32\OpenSSH\;C:\Users\Herfel\AppData\Local\Microsoft\WindowsApps;C:\Program Files\Microsoft VS Code\bin;C:\Program Files\Java\jdk1.8.0_201\bin;
USERNAME=Arslan
OS=Windows_NT
PROCESSOR_IDENTIFIER=Intel64 Family 6 Model 60 Stepping 3, GenuineIntel



---------------  S Y S T E M  ---------------

OS: Windows 10 , 64 bit Build 18362 (10.0.18362.86)

CPU:total 4 (initial active 4) (4 cores per cpu, 1 threads per core) family 6 model 60 stepping 3, cmov, cx8, fxsr, mmx, sse, sse2, sse3, ssse3, sse4.1, sse4.2, popcnt, avx, avx2, aes, clmul, erms, lzcnt, tsc, tscinvbit, bmi1, bmi2, fma

Memory: 4k page, system-wide physical 12217M (6712M free)
TotalPageFile size 14073M (AvailPageFile size 6404M)
current process WorkingSet (physical memory assigned to process): 41M, peak: 41M
current process commit charge ("private bytes"): 266M, peak: 266M

vm_info: OpenJDK 64-Bit Server VM (11.0.4+11) for windows-amd64 JRE (11.0.4+11), built on Jul 18 2019 06:43:34 by "" with MS VC++ 15.8 (VS2017)

END.
