#
# A fatal error has been detected by the Java Runtime Environment:
#
#  SIGSEGV (0xb) at pc=0x00007f01c26edb32, pid=2702, tid=2703
#
# JRE version: OpenJDK Runtime Environment (10.0.2+13) (build 10.0.2+13-Ubuntu-1ubuntu0.18.04.4)
# Java VM: OpenJDK 64-Bit Server VM (10.0.2+13-Ubuntu-1ubuntu0.18.04.4, mixed mode, tiered, compressed oops, g1 gc, linux-amd64)
# Problematic frame:
# C  [libController.so+0x1bb32]  wbu_motion_new+0x5d2
#
# Core dump will be written. Default location: Core dumps may be processed with "/usr/share/apport/apport %p %s %c %d %P" (or dumping to /home/pc/Dokumente/my_project/controllers/SensorController/core.2702)
#
# If you would like to submit a bug report, please visit:
#   http://bugreport.java.com/bugreport/crash.jsp
# The crash happened outside the Java Virtual Machine in native code.
# See problematic frame for where to report the bug.
#

---------------  S U M M A R Y ------------

Command Line: -Djava.library.path=/home/pc/Downloads/webots/lib/java SensorController

Host: Intel(R) Core(TM) i7-3770 CPU @ 3.40GHz, 8 cores, 7G, Linux Mint 19.1 Tessa
Time: Wed Jun 19 10:47:11 2019 CEST elapsed time: 0 seconds (0d 0h 0m 0s)

---------------  T H R E A D  ---------------

Current thread (0x00007f0238012000):  JavaThread "main" [_thread_in_native, id=2703, stack(0x00007f0241ade000,0x00007f0241bdf000)]

Stack: [0x00007f0241ade000,0x00007f0241bdf000],  sp=0x00007f0241bdc6f0,  free space=1017k
Native frames: (J=compiled Java code, A=aot compiled Java code, j=interpreted, Vv=VM code, C=native code)
C  [libController.so+0x1bb32]  wbu_motion_new+0x5d2
C  [libCppController.so+0x28c7a]  webots::Motion::Motion(std::__cxx11::basic_string<char, std::char_traits<char>, std::allocator<char> > const&)+0x36
C  [libJavaController.so+0x27c5d]  Java_com_cyberbotics_webots_controller_wrapperJNI_new_1Motion+0x10a
j  com.cyberbotics.webots.controller.wrapperJNI.new_Motion(Ljava/lang/String;)J+0
j  com.cyberbotics.webots.controller.Motion.<init>(Ljava/lang/String;)V+2
j  SensorController.loadMotionFiles()V+118
j  SensorController.main([Ljava/lang/String;)V+22
v  ~StubRoutines::call_stub
V  [libjvm.so+0x83d38f]
V  [libjvm.so+0x85c3cd]
V  [libjvm.so+0x85e60e]
C  [libjli.so+0x4aa0]
C  [libjli.so+0x89dd]
C  [libpthread.so.0+0x76db]  start_thread+0xdb

Java frames: (J=compiled Java code, j=interpreted, Vv=VM code)
j  com.cyberbotics.webots.controller.wrapperJNI.new_Motion(Ljava/lang/String;)J+0
j  com.cyberbotics.webots.controller.Motion.<init>(Ljava/lang/String;)V+2
j  SensorController.loadMotionFiles()V+118
j  SensorController.main([Ljava/lang/String;)V+22
v  ~StubRoutines::call_stub

siginfo: si_signo: 11 (SIGSEGV), si_code: 1 (SEGV_MAPERR), si_addr: 0x0000000000000000

Register to memory mapping:

RAX=0x0000000000000000 is an unknown value
RBX=0x00007f02382469c0 is an unknown value
RCX=0x0000000000000000 is an unknown value
RDX=0x00007f02417c0a68: <offset 0x00000000003eda68> in /lib/x86_64-linux-gnu/libc.so.6 at 0x00007f02413d3000
RSP=0x00007f0241bdc6f0 is pointing into the stack for thread: 0x00007f0238012000
RBP=0x00007f0241bdd770 is pointing into the stack for thread: 0x00007f0238012000
RSI=0x00007f01c270afc3: <offset 0x0000000000038fc3> in /home/pc/Downloads/webots/lib/libController.so at 0x00007f01c26d2000
RDI=0x0000000000000000 is an unknown value
R8 =0x0000000000000001 is an unknown value
R9 =0x0000000000000000 is an unknown value
R10=0x3b22d0e560418937 is an unknown value
R11=0x00007f01c270afde: <offset 0x0000000000038fde> in /home/pc/Downloads/webots/lib/libController.so at 0x00007f01c26d2000
R12=0x0000000000000168 is an unknown value
R13=0x00000000000000b4 is an unknown value
R14=0x0000000000000038 is an unknown value
R15=0x0000000000000007 is an unknown value


Registers:
RAX=0x0000000000000000, RBX=0x00007f02382469c0, RCX=0x0000000000000000, RDX=0x00007f02417c0a68
RSP=0x00007f0241bdc6f0, RBP=0x00007f0241bdd770, RSI=0x00007f01c270afc3, RDI=0x0000000000000000
R8 =0x0000000000000001, R9 =0x0000000000000000, R10=0x3b22d0e560418937, R11=0x00007f01c270afde
R12=0x0000000000000168, R13=0x00000000000000b4, R14=0x0000000000000038, R15=0x0000000000000007
RIP=0x00007f01c26edb32, EFLAGS=0x0000000000010246, CSGSFS=0x002b000000000033, ERR=0x0000000000000004
  TRAPNO=0x000000000000000e

Top of Stack: (sp=0x00007f0241bdc6f0)
0x00007f0241bdc6f0:   30383a31303a3030 363465736f500030
0x00007f0241bdc700:   003133322e302d00 2d003131322e302d
0x00007f0241bdc710:   2e30003833322e30 352e302d00363439
0x00007f0241bdc720:   3730332e30003132 003133322e302d00 

Instructions: (pc=0x00007f01c26edb32)
0x00007f01c26edb12:   08 4a 03 0c 22 48 89 ca e8 f1 21 ff ff 44 3b 3b
0x00007f01c26edb22:   7d 3c 48 8d 35 98 d4 01 00 31 ff e8 5e 26 ff ff
0x00007f01c26edb32:   80 38 2a 75 c1 80 78 01 00 75 bb 48 8b 43 30 f2
0x00007f01c26edb42:   0f 10 05 07 db 01 00 41 83 c7 01 4a 8b 04 20 f2 


---------------  P R O C E S S  ---------------

Threads class SMR info:
_java_thread_list=0x00007f02381f4d70, length=11, elements={
0x00007f0238012000, 0x00007f0238142800, 0x00007f0238144800, 0x00007f023814e000,
0x00007f0238158800, 0x00007f023815a800, 0x00007f023815c800, 0x00007f023815e800,
0x00007f0238160800, 0x00007f02381dc800, 0x00007f02381f5800
}

Java Threads: ( => current thread )
=>0x00007f0238012000 JavaThread "main" [_thread_in_native, id=2703, stack(0x00007f0241ade000,0x00007f0241bdf000)]
  0x00007f0238142800 JavaThread "Reference Handler" daemon [_thread_blocked, id=2725, stack(0x00007f01c3eff000,0x00007f01c4000000)]
  0x00007f0238144800 JavaThread "Finalizer" daemon [_thread_blocked, id=2726, stack(0x00007f01c3dfe000,0x00007f01c3eff000)]
  0x00007f023814e000 JavaThread "Signal Dispatcher" daemon [_thread_blocked, id=2727, stack(0x00007f01c39cd000,0x00007f01c3ace000)]
  0x00007f0238158800 JavaThread "C2 CompilerThread0" daemon [_thread_blocked, id=2728, stack(0x00007f01c38cc000,0x00007f01c39cd000)]
  0x00007f023815a800 JavaThread "C2 CompilerThread1" daemon [_thread_blocked, id=2729, stack(0x00007f01c37cb000,0x00007f01c38cc000)]
  0x00007f023815c800 JavaThread "C2 CompilerThread2" daemon [_thread_blocked, id=2730, stack(0x00007f01c36ca000,0x00007f01c37cb000)]
  0x00007f023815e800 JavaThread "C1 CompilerThread3" daemon [_thread_blocked, id=2731, stack(0x00007f01c35c9000,0x00007f01c36ca000)]
  0x00007f0238160800 JavaThread "Sweeper thread" daemon [_thread_blocked, id=2733, stack(0x00007f01c34c8000,0x00007f01c35c9000)]
  0x00007f02381dc800 JavaThread "Service Thread" daemon [_thread_blocked, id=2734, stack(0x00007f01c33c7000,0x00007f01c34c8000)]
  0x00007f02381f5800 JavaThread "Common-Cleaner" daemon [_thread_blocked, id=2736, stack(0x00007f01c31c4000,0x00007f01c32c5000)]

Other Threads:
  0x00007f0238139000 VMThread "VM Thread" [stack: 0x00007f01fc048000,0x00007f01fc148000] [id=2724]
  0x00007f02381df000 WatcherThread [stack: 0x00007f01c32c7000,0x00007f01c33c7000] [id=2735]
  0x00007f0238028800 GCTaskThread "GC Thread#0" [stack: 0x00007f023dc07000,0x00007f023dd07000] [id=2704]
  0x00007f023802a000 GCTaskThread "GC Thread#1" [stack: 0x00007f023db05000,0x00007f023dc05000] [id=2705]
  0x00007f023802c000 GCTaskThread "GC Thread#2" [stack: 0x00007f023da03000,0x00007f023db03000] [id=2706]
  0x00007f023802d800 GCTaskThread "GC Thread#3" [stack: 0x00007f023d901000,0x00007f023da01000] [id=2707]
  0x00007f023802f000 GCTaskThread "GC Thread#4" [stack: 0x00007f023d7ff000,0x00007f023d8ff000] [id=2708]
  0x00007f0238031000 GCTaskThread "GC Thread#5" [stack: 0x00007f023d6fd000,0x00007f023d7fd000] [id=2709]
  0x00007f0238032800 GCTaskThread "GC Thread#6" [stack: 0x00007f023d5fb000,0x00007f023d6fb000] [id=2710]
  0x00007f0238034800 GCTaskThread "GC Thread#7" [stack: 0x00007f023d4f9000,0x00007f023d5f9000] [id=2711]
  0x00007f023805d800 ConcurrentGCThread "G1 Main Marker" [stack: 0x00007f023c06a000,0x00007f023c16a000] [id=2712]
  0x00007f023805f800 ConcurrentGCThread "G1 Conc#0" [stack: 0x00007f021db6d000,0x00007f021dc6d000] [id=2713]
  0x00007f0238061000 ConcurrentGCThread "G1 Conc#1" [stack: 0x00007f021da6b000,0x00007f021db6b000] [id=2714]
  0x00007f02380c9800 ConcurrentGCThread "G1 Refine#0" [stack: 0x00007f021d161000,0x00007f021d261000] [id=2715]
  0x00007f02380cb800 ConcurrentGCThread "G1 Refine#1" [stack: 0x00007f021d05f000,0x00007f021d15f000] [id=2716]
  0x00007f02380cd000 ConcurrentGCThread "G1 Refine#2" [stack: 0x00007f021cf5d000,0x00007f021d05d000] [id=2717]
  0x00007f02380cf000 ConcurrentGCThread "G1 Refine#3" [stack: 0x00007f021ce5b000,0x00007f021cf5b000] [id=2718]
  0x00007f02380d0800 ConcurrentGCThread "G1 Refine#4" [stack: 0x00007f021cd59000,0x00007f021ce59000] [id=2719]
  0x00007f02380d2800 ConcurrentGCThread "G1 Refine#5" [stack: 0x00007f021cc57000,0x00007f021cd57000] [id=2720]
  0x00007f02380d4000 ConcurrentGCThread "G1 Refine#6" [stack: 0x00007f021cb55000,0x00007f021cc55000] [id=2721]
  0x00007f02380d6000 ConcurrentGCThread "G1 Refine#7" [stack: 0x00007f021ca53000,0x00007f021cb53000] [id=2722]
  0x00007f02380d7800 ConcurrentGCThread "G1 Young RemSet Sampling" [stack: 0x00007f021c951000,0x00007f021ca51000] [id=2723]

Threads with active compile tasks:

VM state:not at safepoint (normal execution)

VM Mutex/Monitor currently owned by a thread: None

Heap address: 0x0000000085200000, size: 1966 MB, Compressed Oops mode: 32-bit
Narrow klass base: 0x0000000000000000, Narrow klass shift: 3
Compressed class space size: 1073741824 Address: 0x0000000100000000

Heap:
 garbage-first heap   total 126976K, used 1024K [0x0000000085200000, 0x0000000100000000)
  region size 1024K, 2 young (2048K), 0 survivors (0K)
 Metaspace       used 4857K, capacity 4990K, committed 5120K, reserved 1056768K
  class space    used 398K, capacity 430K, committed 512K, reserved 1048576K
Heap Regions: E=young(eden), S=young(survivor), O=old, HS=humongous(starts), HC=humongous(continues), CS=collection set, F=free, A=archive, TS=gc time stamp, AC=allocation context, TAMS=top-at-mark-start (previous, next)
|   0|0x0000000085200000, 0x0000000085200000, 0x0000000085300000|  0%| F|  |TS  0|AC  0|TAMS 0x0000000085200000, 0x0000000085200000|
|   1|0x0000000085300000, 0x0000000085300000, 0x0000000085400000|  0%| F|  |TS  0|AC  0|TAMS 0x0000000085300000, 0x0000000085300000|
|   2|0x0000000085400000, 0x0000000085400000, 0x0000000085500000|  0%| F|  |TS  0|AC  0|TAMS 0x0000000085400000, 0x0000000085400000|
|   3|0x0000000085500000, 0x0000000085500000, 0x0000000085600000|  0%| F|  |TS  0|AC  0|TAMS 0x0000000085500000, 0x0000000085500000|
|   4|0x0000000085600000, 0x0000000085600000, 0x0000000085700000|  0%| F|  |TS  0|AC  0|TAMS 0x0000000085600000, 0x0000000085600000|
|   5|0x0000000085700000, 0x0000000085700000, 0x0000000085800000|  0%| F|  |TS  0|AC  0|TAMS 0x0000000085700000, 0x0000000085700000|
|   6|0x0000000085800000, 0x0000000085800000, 0x0000000085900000|  0%| F|  |TS  0|AC  0|TAMS 0x0000000085800000, 0x0000000085800000|
|   7|0x0000000085900000, 0x0000000085900000, 0x0000000085a00000|  0%| F|  |TS  0|AC  0|TAMS 0x0000000085900000, 0x0000000085900000|
|   8|0x0000000085a00000, 0x0000000085a00000, 0x0000000085b00000|  0%| F|  |TS  0|AC  0|TAMS 0x0000000085a00000, 0x0000000085a00000|
|   9|0x0000000085b00000, 0x0000000085b00000, 0x0000000085c00000|  0%| F|  |TS  0|AC  0|TAMS 0x0000000085b00000, 0x0000000085b00000|
|  10|0x0000000085c00000, 0x0000000085c00000, 0x0000000085d00000|  0%| F|  |TS  0|AC  0|TAMS 0x0000000085c00000, 0x0000000085c00000|
|  11|0x0000000085d00000, 0x0000000085d00000, 0x0000000085e00000|  0%| F|  |TS  0|AC  0|TAMS 0x0000000085d00000, 0x0000000085d00000|
|  12|0x0000000085e00000, 0x0000000085e00000, 0x0000000085f00000|  0%| F|  |TS  0|AC  0|TAMS 0x0000000085e00000, 0x0000000085e00000|
|  13|0x0000000085f00000, 0x0000000085f00000, 0x0000000086000000|  0%| F|  |TS  0|AC  0|TAMS 0x0000000085f00000, 0x0000000085f00000|
|  14|0x0000000086000000, 0x0000000086000000, 0x0000000086100000|  0%| F|  |TS  0|AC  0|TAMS 0x0000000086000000, 0x0000000086000000|
|  15|0x0000000086100000, 0x0000000086100000, 0x0000000086200000|  0%| F|  |TS  0|AC  0|TAMS 0x0000000086100000, 0x0000000086100000|
|  16|0x0000000086200000, 0x0000000086200000, 0x0000000086300000|  0%| F|  |TS  0|AC  0|TAMS 0x0000000086200000, 0x0000000086200000|
|  17|0x0000000086300000, 0x0000000086300000, 0x0000000086400000|  0%| F|  |TS  0|AC  0|TAMS 0x0000000086300000, 0x0000000086300000|
|  18|0x0000000086400000, 0x0000000086400000, 0x0000000086500000|  0%| F|  |TS  0|AC  0|TAMS 0x0000000086400000, 0x0000000086400000|
|  19|0x0000000086500000, 0x0000000086500000, 0x0000000086600000|  0%| F|  |TS  0|AC  0|TAMS 0x0000000086500000, 0x0000000086500000|
|  20|0x0000000086600000, 0x0000000086600000, 0x0000000086700000|  0%| F|  |TS  0|AC  0|TAMS 0x0000000086600000, 0x0000000086600000|
|  21|0x0000000086700000, 0x0000000086700000, 0x0000000086800000|  0%| F|  |TS  0|AC  0|TAMS 0x0000000086700000, 0x0000000086700000|
|  22|0x0000000086800000, 0x0000000086800000, 0x0000000086900000|  0%| F|  |TS  0|AC  0|TAMS 0x0000000086800000, 0x0000000086800000|
|  23|0x0000000086900000, 0x0000000086900000, 0x0000000086a00000|  0%| F|  |TS  0|AC  0|TAMS 0x0000000086900000, 0x0000000086900000|
|  24|0x0000000086a00000, 0x0000000086a00000, 0x0000000086b00000|  0%| F|  |TS  0|AC  0|TAMS 0x0000000086a00000, 0x0000000086a00000|
|  25|0x0000000086b00000, 0x0000000086b00000, 0x0000000086c00000|  0%| F|  |TS  0|AC  0|TAMS 0x0000000086b00000, 0x0000000086b00000|
|  26|0x0000000086c00000, 0x0000000086c00000, 0x0000000086d00000|  0%| F|  |TS  0|AC  0|TAMS 0x0000000086c00000, 0x0000000086c00000|
|  27|0x0000000086d00000, 0x0000000086d00000, 0x0000000086e00000|  0%| F|  |TS  0|AC  0|TAMS 0x0000000086d00000, 0x0000000086d00000|
|  28|0x0000000086e00000, 0x0000000086e00000, 0x0000000086f00000|  0%| F|  |TS  0|AC  0|TAMS 0x0000000086e00000, 0x0000000086e00000|
|  29|0x0000000086f00000, 0x0000000086f00000, 0x0000000087000000|  0%| F|  |TS  0|AC  0|TAMS 0x0000000086f00000, 0x0000000086f00000|
|  30|0x0000000087000000, 0x0000000087000000, 0x0000000087100000|  0%| F|  |TS  0|AC  0|TAMS 0x0000000087000000, 0x0000000087000000|
|  31|0x0000000087100000, 0x0000000087100000, 0x0000000087200000|  0%| F|  |TS  0|AC  0|TAMS 0x0000000087100000, 0x0000000087100000|
|  32|0x0000000087200000, 0x0000000087200000, 0x0000000087300000|  0%| F|  |TS  0|AC  0|TAMS 0x0000000087200000, 0x0000000087200000|
|  33|0x0000000087300000, 0x0000000087300000, 0x0000000087400000|  0%| F|  |TS  0|AC  0|TAMS 0x0000000087300000, 0x0000000087300000|
|  34|0x0000000087400000, 0x0000000087400000, 0x0000000087500000|  0%| F|  |TS  0|AC  0|TAMS 0x0000000087400000, 0x0000000087400000|
|  35|0x0000000087500000, 0x0000000087500000, 0x0000000087600000|  0%| F|  |TS  0|AC  0|TAMS 0x0000000087500000, 0x0000000087500000|
|  36|0x0000000087600000, 0x0000000087600000, 0x0000000087700000|  0%| F|  |TS  0|AC  0|TAMS 0x0000000087600000, 0x0000000087600000|
|  37|0x0000000087700000, 0x0000000087700000, 0x0000000087800000|  0%| F|  |TS  0|AC  0|TAMS 0x0000000087700000, 0x0000000087700000|
|  38|0x0000000087800000, 0x0000000087800000, 0x0000000087900000|  0%| F|  |TS  0|AC  0|TAMS 0x0000000087800000, 0x0000000087800000|
|  39|0x0000000087900000, 0x0000000087900000, 0x0000000087a00000|  0%| F|  |TS  0|AC  0|TAMS 0x0000000087900000, 0x0000000087900000|
|  40|0x0000000087a00000, 0x0000000087a00000, 0x0000000087b00000|  0%| F|  |TS  0|AC  0|TAMS 0x0000000087a00000, 0x0000000087a00000|
|  41|0x0000000087b00000, 0x0000000087b00000, 0x0000000087c00000|  0%| F|  |TS  0|AC  0|TAMS 0x0000000087b00000, 0x0000000087b00000|
|  42|0x0000000087c00000, 0x0000000087c00000, 0x0000000087d00000|  0%| F|  |TS  0|AC  0|TAMS 0x0000000087c00000, 0x0000000087c00000|
|  43|0x0000000087d00000, 0x0000000087d00000, 0x0000000087e00000|  0%| F|  |TS  0|AC  0|TAMS 0x0000000087d00000, 0x0000000087d00000|
|  44|0x0000000087e00000, 0x0000000087e00000, 0x0000000087f00000|  0%| F|  |TS  0|AC  0|TAMS 0x0000000087e00000, 0x0000000087e00000|
|  45|0x0000000087f00000, 0x0000000087f00000, 0x0000000088000000|  0%| F|  |TS  0|AC  0|TAMS 0x0000000087f00000, 0x0000000087f00000|
|  46|0x0000000088000000, 0x0000000088000000, 0x0000000088100000|  0%| F|  |TS  0|AC  0|TAMS 0x0000000088000000, 0x0000000088000000|
|  47|0x0000000088100000, 0x0000000088100000, 0x0000000088200000|  0%| F|  |TS  0|AC  0|TAMS 0x0000000088100000, 0x0000000088100000|
|  48|0x0000000088200000, 0x0000000088200000, 0x0000000088300000|  0%| F|  |TS  0|AC  0|TAMS 0x0000000088200000, 0x0000000088200000|
|  49|0x0000000088300000, 0x0000000088300000, 0x0000000088400000|  0%| F|  |TS  0|AC  0|TAMS 0x0000000088300000, 0x0000000088300000|
|  50|0x0000000088400000, 0x0000000088400000, 0x0000000088500000|  0%| F|  |TS  0|AC  0|TAMS 0x0000000088400000, 0x0000000088400000|
|  51|0x0000000088500000, 0x0000000088500000, 0x0000000088600000|  0%| F|  |TS  0|AC  0|TAMS 0x0000000088500000, 0x0000000088500000|
|  52|0x0000000088600000, 0x0000000088600000, 0x0000000088700000|  0%| F|  |TS  0|AC  0|TAMS 0x0000000088600000, 0x0000000088600000|
|  53|0x0000000088700000, 0x0000000088700000, 0x0000000088800000|  0%| F|  |TS  0|AC  0|TAMS 0x0000000088700000, 0x0000000088700000|
|  54|0x0000000088800000, 0x0000000088800000, 0x0000000088900000|  0%| F|  |TS  0|AC  0|TAMS 0x0000000088800000, 0x0000000088800000|
|  55|0x0000000088900000, 0x0000000088900000, 0x0000000088a00000|  0%| F|  |TS  0|AC  0|TAMS 0x0000000088900000, 0x0000000088900000|
|  56|0x0000000088a00000, 0x0000000088a00000, 0x0000000088b00000|  0%| F|  |TS  0|AC  0|TAMS 0x0000000088a00000, 0x0000000088a00000|
|  57|0x0000000088b00000, 0x0000000088b00000, 0x0000000088c00000|  0%| F|  |TS  0|AC  0|TAMS 0x0000000088b00000, 0x0000000088b00000|
|  58|0x0000000088c00000, 0x0000000088c00000, 0x0000000088d00000|  0%| F|  |TS  0|AC  0|TAMS 0x0000000088c00000, 0x0000000088c00000|
|  59|0x0000000088d00000, 0x0000000088d00000, 0x0000000088e00000|  0%| F|  |TS  0|AC  0|TAMS 0x0000000088d00000, 0x0000000088d00000|
|  60|0x0000000088e00000, 0x0000000088e00000, 0x0000000088f00000|  0%| F|  |TS  0|AC  0|TAMS 0x0000000088e00000, 0x0000000088e00000|
|  61|0x0000000088f00000, 0x0000000088f00000, 0x0000000089000000|  0%| F|  |TS  0|AC  0|TAMS 0x0000000088f00000, 0x0000000088f00000|
|  62|0x0000000089000000, 0x0000000089000000, 0x0000000089100000|  0%| F|  |TS  0|AC  0|TAMS 0x0000000089000000, 0x0000000089000000|
|  63|0x0000000089100000, 0x0000000089100000, 0x0000000089200000|  0%| F|  |TS  0|AC  0|TAMS 0x0000000089100000, 0x0000000089100000|
|  64|0x0000000089200000, 0x0000000089200000, 0x0000000089300000|  0%| F|  |TS  0|AC  0|TAMS 0x0000000089200000, 0x0000000089200000|
|  65|0x0000000089300000, 0x0000000089300000, 0x0000000089400000|  0%| F|  |TS  0|AC  0|TAMS 0x0000000089300000, 0x0000000089300000|
|  66|0x0000000089400000, 0x0000000089400000, 0x0000000089500000|  0%| F|  |TS  0|AC  0|TAMS 0x0000000089400000, 0x0000000089400000|
|  67|0x0000000089500000, 0x0000000089500000, 0x0000000089600000|  0%| F|  |TS  0|AC  0|TAMS 0x0000000089500000, 0x0000000089500000|
|  68|0x0000000089600000, 0x0000000089600000, 0x0000000089700000|  0%| F|  |TS  0|AC  0|TAMS 0x0000000089600000, 0x0000000089600000|
|  69|0x0000000089700000, 0x0000000089700000, 0x0000000089800000|  0%| F|  |TS  0|AC  0|TAMS 0x0000000089700000, 0x0000000089700000|
|  70|0x0000000089800000, 0x0000000089800000, 0x0000000089900000|  0%| F|  |TS  0|AC  0|TAMS 0x0000000089800000, 0x0000000089800000|
|  71|0x0000000089900000, 0x0000000089900000, 0x0000000089a00000|  0%| F|  |TS  0|AC  0|TAMS 0x0000000089900000, 0x0000000089900000|
|  72|0x0000000089a00000, 0x0000000089a00000, 0x0000000089b00000|  0%| F|  |TS  0|AC  0|TAMS 0x0000000089a00000, 0x0000000089a00000|
|  73|0x0000000089b00000, 0x0000000089b00000, 0x0000000089c00000|  0%| F|  |TS  0|AC  0|TAMS 0x0000000089b00000, 0x0000000089b00000|
|  74|0x0000000089c00000, 0x0000000089c00000, 0x0000000089d00000|  0%| F|  |TS  0|AC  0|TAMS 0x0000000089c00000, 0x0000000089c00000|
|  75|0x0000000089d00000, 0x0000000089d00000, 0x0000000089e00000|  0%| F|  |TS  0|AC  0|TAMS 0x0000000089d00000, 0x0000000089d00000|
|  76|0x0000000089e00000, 0x0000000089e00000, 0x0000000089f00000|  0%| F|  |TS  0|AC  0|TAMS 0x0000000089e00000, 0x0000000089e00000|
|  77|0x0000000089f00000, 0x0000000089f00000, 0x000000008a000000|  0%| F|  |TS  0|AC  0|TAMS 0x0000000089f00000, 0x0000000089f00000|
|  78|0x000000008a000000, 0x000000008a000000, 0x000000008a100000|  0%| F|  |TS  0|AC  0|TAMS 0x000000008a000000, 0x000000008a000000|
|  79|0x000000008a100000, 0x000000008a100000, 0x000000008a200000|  0%| F|  |TS  0|AC  0|TAMS 0x000000008a100000, 0x000000008a100000|
|  80|0x000000008a200000, 0x000000008a200000, 0x000000008a300000|  0%| F|  |TS  0|AC  0|TAMS 0x000000008a200000, 0x000000008a200000|
|  81|0x000000008a300000, 0x000000008a300000, 0x000000008a400000|  0%| F|  |TS  0|AC  0|TAMS 0x000000008a300000, 0x000000008a300000|
|  82|0x000000008a400000, 0x000000008a400000, 0x000000008a500000|  0%| F|  |TS  0|AC  0|TAMS 0x000000008a400000, 0x000000008a400000|
|  83|0x000000008a500000, 0x000000008a500000, 0x000000008a600000|  0%| F|  |TS  0|AC  0|TAMS 0x000000008a500000, 0x000000008a500000|
|  84|0x000000008a600000, 0x000000008a600000, 0x000000008a700000|  0%| F|  |TS  0|AC  0|TAMS 0x000000008a600000, 0x000000008a600000|
|  85|0x000000008a700000, 0x000000008a700000, 0x000000008a800000|  0%| F|  |TS  0|AC  0|TAMS 0x000000008a700000, 0x000000008a700000|
|  86|0x000000008a800000, 0x000000008a800000, 0x000000008a900000|  0%| F|  |TS  0|AC  0|TAMS 0x000000008a800000, 0x000000008a800000|
|  87|0x000000008a900000, 0x000000008a900000, 0x000000008aa00000|  0%| F|  |TS  0|AC  0|TAMS 0x000000008a900000, 0x000000008a900000|
|  88|0x000000008aa00000, 0x000000008aa00000, 0x000000008ab00000|  0%| F|  |TS  0|AC  0|TAMS 0x000000008aa00000, 0x000000008aa00000|
|  89|0x000000008ab00000, 0x000000008ab00000, 0x000000008ac00000|  0%| F|  |TS  0|AC  0|TAMS 0x000000008ab00000, 0x000000008ab00000|
|  90|0x000000008ac00000, 0x000000008ac00000, 0x000000008ad00000|  0%| F|  |TS  0|AC  0|TAMS 0x000000008ac00000, 0x000000008ac00000|
|  91|0x000000008ad00000, 0x000000008ad00000, 0x000000008ae00000|  0%| F|  |TS  0|AC  0|TAMS 0x000000008ad00000, 0x000000008ad00000|
|  92|0x000000008ae00000, 0x000000008ae00000, 0x000000008af00000|  0%| F|  |TS  0|AC  0|TAMS 0x000000008ae00000, 0x000000008ae00000|
|  93|0x000000008af00000, 0x000000008af00000, 0x000000008b000000|  0%| F|  |TS  0|AC  0|TAMS 0x000000008af00000, 0x000000008af00000|
|  94|0x000000008b000000, 0x000000008b000000, 0x000000008b100000|  0%| F|  |TS  0|AC  0|TAMS 0x000000008b000000, 0x000000008b000000|
|  95|0x000000008b100000, 0x000000008b100000, 0x000000008b200000|  0%| F|  |TS  0|AC  0|TAMS 0x000000008b100000, 0x000000008b100000|
|  96|0x000000008b200000, 0x000000008b200000, 0x000000008b300000|  0%| F|  |TS  0|AC  0|TAMS 0x000000008b200000, 0x000000008b200000|
|  97|0x000000008b300000, 0x000000008b300000, 0x000000008b400000|  0%| F|  |TS  0|AC  0|TAMS 0x000000008b300000, 0x000000008b300000|
|  98|0x000000008b400000, 0x000000008b400000, 0x000000008b500000|  0%| F|  |TS  0|AC  0|TAMS 0x000000008b400000, 0x000000008b400000|
|  99|0x000000008b500000, 0x000000008b500000, 0x000000008b600000|  0%| F|  |TS  0|AC  0|TAMS 0x000000008b500000, 0x000000008b500000|
| 100|0x000000008b600000, 0x000000008b600000, 0x000000008b700000|  0%| F|  |TS  0|AC  0|TAMS 0x000000008b600000, 0x000000008b600000|
| 101|0x000000008b700000, 0x000000008b700000, 0x000000008b800000|  0%| F|  |TS  0|AC  0|TAMS 0x000000008b700000, 0x000000008b700000|
| 102|0x000000008b800000, 0x000000008b800000, 0x000000008b900000|  0%| F|  |TS  0|AC  0|TAMS 0x000000008b800000, 0x000000008b800000|
| 103|0x000000008b900000, 0x000000008b900000, 0x000000008ba00000|  0%| F|  |TS  0|AC  0|TAMS 0x000000008b900000, 0x000000008b900000|
| 104|0x000000008ba00000, 0x000000008ba00000, 0x000000008bb00000|  0%| F|  |TS  0|AC  0|TAMS 0x000000008ba00000, 0x000000008ba00000|
| 105|0x000000008bb00000, 0x000000008bb00000, 0x000000008bc00000|  0%| F|  |TS  0|AC  0|TAMS 0x000000008bb00000, 0x000000008bb00000|
| 106|0x000000008bc00000, 0x000000008bc00000, 0x000000008bd00000|  0%| F|  |TS  0|AC  0|TAMS 0x000000008bc00000, 0x000000008bc00000|
| 107|0x000000008bd00000, 0x000000008bd00000, 0x000000008be00000|  0%| F|  |TS  0|AC  0|TAMS 0x000000008bd00000, 0x000000008bd00000|
| 108|0x000000008be00000, 0x000000008be00000, 0x000000008bf00000|  0%| F|  |TS  0|AC  0|TAMS 0x000000008be00000, 0x000000008be00000|
| 109|0x000000008bf00000, 0x000000008bf00000, 0x000000008c000000|  0%| F|  |TS  0|AC  0|TAMS 0x000000008bf00000, 0x000000008bf00000|
| 110|0x000000008c000000, 0x000000008c000000, 0x000000008c100000|  0%| F|  |TS  0|AC  0|TAMS 0x000000008c000000, 0x000000008c000000|
| 111|0x000000008c100000, 0x000000008c100000, 0x000000008c200000|  0%| F|  |TS  0|AC  0|TAMS 0x000000008c100000, 0x000000008c100000|
| 112|0x000000008c200000, 0x000000008c200000, 0x000000008c300000|  0%| F|  |TS  0|AC  0|TAMS 0x000000008c200000, 0x000000008c200000|
| 113|0x000000008c300000, 0x000000008c300000, 0x000000008c400000|  0%| F|  |TS  0|AC  0|TAMS 0x000000008c300000, 0x000000008c300000|
| 114|0x000000008c400000, 0x000000008c400000, 0x000000008c500000|  0%| F|  |TS  0|AC  0|TAMS 0x000000008c400000, 0x000000008c400000|
| 115|0x000000008c500000, 0x000000008c500000, 0x000000008c600000|  0%| F|  |TS  0|AC  0|TAMS 0x000000008c500000, 0x000000008c500000|
| 116|0x000000008c600000, 0x000000008c600000, 0x000000008c700000|  0%| F|  |TS  0|AC  0|TAMS 0x000000008c600000, 0x000000008c600000|
| 117|0x000000008c700000, 0x000000008c700000, 0x000000008c800000|  0%| F|  |TS  0|AC  0|TAMS 0x000000008c700000, 0x000000008c700000|
| 118|0x000000008c800000, 0x000000008c800000, 0x000000008c900000|  0%| F|  |TS  0|AC  0|TAMS 0x000000008c800000, 0x000000008c800000|
| 119|0x000000008c900000, 0x000000008c900000, 0x000000008ca00000|  0%| F|  |TS  0|AC  0|TAMS 0x000000008c900000, 0x000000008c900000|
| 120|0x000000008ca00000, 0x000000008ca00000, 0x000000008cb00000|  0%| F|  |TS  0|AC  0|TAMS 0x000000008ca00000, 0x000000008ca00000|
| 121|0x000000008cb00000, 0x000000008cb00000, 0x000000008cc00000|  0%| F|  |TS  0|AC  0|TAMS 0x000000008cb00000, 0x000000008cb00000|
| 122|0x000000008cc00000, 0x000000008ccf6488, 0x000000008cd00000| 96%| E|  |TS  0|AC  0|TAMS 0x000000008cc00000, 0x000000008cc00000|
| 123|0x000000008cd00000, 0x000000008ce00000, 0x000000008ce00000|100%| E|CS|TS  0|AC  0|TAMS 0x000000008cd00000, 0x000000008cd00000|

Card table byte_map: [0x00007f023c541000,0x00007f023c918000] byte_map_base: 0x00007f023c118000

Marking Bits (Prev, Next): (CMBitMap*) 0x00007f023805ce80, (CMBitMap*) 0x00007f023805ceb8
 Prev Bits: [0x00007f021dc6d000, 0x00007f021fb25000)
 Next Bits: [0x00007f01fe148000, 0x00007f0200000000)

Polling page: 0x00007f0241bf7000

CodeHeap 'non-profiled nmethods': size=120032Kb used=23Kb max_used=23Kb free=120008Kb
 bounds [0x00007f02275ed000, 0x00007f022785d000, 0x00007f022eb25000]
CodeHeap 'profiled nmethods': size=120028Kb used=143Kb max_used=143Kb free=119885Kb
 bounds [0x00007f02200b6000, 0x00007f0220326000, 0x00007f02275ed000]
CodeHeap 'non-nmethods': size=5700Kb used=1018Kb max_used=1029Kb free=4682Kb
 bounds [0x00007f021fb25000, 0x00007f021fd95000, 0x00007f02200b6000]
 total_blobs=472 nmethods=105 adapters=222
 compilation: enabled

Compilation events (10 events):
Event: 0.117 Thread 0x00007f023815e800 nmethod 101 0x00007f02200d6990 code [0x00007f02200d6b60, 0x00007f02200d6f70]
Event: 0.117 Thread 0x00007f023815e800  102       3       java.lang.StringBuilder::append (8 bytes)
Event: 0.117 Thread 0x00007f023815e800 nmethod 102 0x00007f02200d7110 code [0x00007f02200d72c0, 0x00007f02200d7468]
Event: 0.117 Thread 0x00007f023815e800  103       3       java.lang.AbstractStringBuilder::append (45 bytes)
Event: 0.117 Thread 0x00007f023815e800 nmethod 103 0x00007f02200d7510 code [0x00007f02200d7740, 0x00007f02200d7cb8]
Event: 0.118 Thread 0x00007f023815e800  104       3       java.lang.Character::toLowerCase (9 bytes)
Event: 0.118 Thread 0x00007f023815e800 nmethod 104 0x00007f02200d7f10 code [0x00007f02200d80e0, 0x00007f02200d8318]
Event: 0.119 Thread 0x00007f023815e800  105       3       java.lang.CharacterDataLatin1::toLowerCase (39 bytes)
Event: 0.119 Thread 0x00007f023815e800 nmethod 105 0x00007f02200d8410 code [0x00007f02200d85e0, 0x00007f02200d8870]
Event: 0.122 Thread 0x00007f023815e800  106       3       java.util.Arrays::copyOfRange (63 bytes)

GC Heap History (0 events):
No events

Deoptimization events (1 events):
Event: 0.073 Thread 0x00007f0238012000 Uncommon trap: reason=unstable_if action=reinterpret pc=0x00007f02275f24e8 method=java.lang.String.hashCode()I @ 14 c2

Classes redefined (0 events):
No events

Internal exceptions (0 events):
No events

Events (10 events):
Event: 0.117 loading class com/cyberbotics/webots/controller/Mouse
Event: 0.117 loading class com/cyberbotics/webots/controller/Mouse done
Event: 0.117 loading class com/cyberbotics/webots/controller/Camera
Event: 0.117 loading class com/cyberbotics/webots/controller/Camera done
Event: 0.118 loading class com/cyberbotics/webots/controller/Device
Event: 0.118 loading class com/cyberbotics/webots/controller/Device done
Event: 0.118 loading class com/cyberbotics/webots/controller/DistanceSensor
Event: 0.118 loading class com/cyberbotics/webots/controller/DistanceSensor done
Event: 0.119 loading class com/cyberbotics/webots/controller/Motion
Event: 0.119 loading class com/cyberbotics/webots/controller/Motion done


Dynamic libraries:
85200000-8ce00000 rw-p 00000000 00:00 0 
8ce00000-100000000 ---p 00000000 00:00 0 
100000000-100080000 rw-p 00000000 00:00 0 
100080000-140000000 ---p 00000000 00:00 0 
55aff2f03000-55aff2f04000 r-xp 00000000 08:01 23598097                   /usr/lib/jvm/java-11-openjdk-amd64/bin/java
55aff3104000-55aff3105000 r--p 00001000 08:01 23598097                   /usr/lib/jvm/java-11-openjdk-amd64/bin/java
55aff3105000-55aff3106000 rw-p 00002000 08:01 23598097                   /usr/lib/jvm/java-11-openjdk-amd64/bin/java
55aff3c9f000-55aff3cc0000 rw-p 00000000 00:00 0                          [heap]
7f0194000000-7f0194021000 rw-p 00000000 00:00 0 
7f0194021000-7f0198000000 ---p 00000000 00:00 0 
7f0198000000-7f0198021000 rw-p 00000000 00:00 0 
7f0198021000-7f019c000000 ---p 00000000 00:00 0 
7f019c000000-7f019c021000 rw-p 00000000 00:00 0 
7f019c021000-7f01a0000000 ---p 00000000 00:00 0 
7f01a0000000-7f01a0021000 rw-p 00000000 00:00 0 
7f01a0021000-7f01a4000000 ---p 00000000 00:00 0 
7f01a4000000-7f01a4021000 rw-p 00000000 00:00 0 
7f01a4021000-7f01a8000000 ---p 00000000 00:00 0 
7f01a8000000-7f01a8066000 rw-p 00000000 00:00 0 
7f01a8066000-7f01ac000000 ---p 00000000 00:00 0 
7f01ac000000-7f01ac086000 rw-p 00000000 00:00 0 
7f01ac086000-7f01b0000000 ---p 00000000 00:00 0 
7f01b0000000-7f01b0021000 rw-p 00000000 00:00 0 
7f01b0021000-7f01b4000000 ---p 00000000 00:00 0 
7f01b4000000-7f01b4021000 rw-p 00000000 00:00 0 
7f01b4021000-7f01b8000000 ---p 00000000 00:00 0 
7f01b8000000-7f01b8021000 rw-p 00000000 00:00 0 
7f01b8021000-7f01bc000000 ---p 00000000 00:00 0 
7f01bc000000-7f01bc021000 rw-p 00000000 00:00 0 
7f01bc021000-7f01c0000000 ---p 00000000 00:00 0 
7f01c19a7000-7f01c19aa000 r-xp 00000000 08:01 26486645                   /home/pc/Downloads/webots/resources/projects/plugins/robot_windows/generic/libgeneric.so
7f01c19aa000-7f01c1ba9000 ---p 00003000 08:01 26486645                   /home/pc/Downloads/webots/resources/projects/plugins/robot_windows/generic/libgeneric.so
7f01c1ba9000-7f01c1baa000 r--p 00002000 08:01 26486645                   /home/pc/Downloads/webots/resources/projects/plugins/robot_windows/generic/libgeneric.so
7f01c1baa000-7f01c1bab000 rw-p 00003000 08:01 26486645                   /home/pc/Downloads/webots/resources/projects/plugins/robot_windows/generic/libgeneric.so
7f01c1bab000-7f01c1bb6000 r-xp 00000000 08:01 27920412                   /home/pc/Downloads/webots/lib/libjbig.so.0
7f01c1bb6000-7f01c1db5000 ---p 0000b000 08:01 27920412                   /home/pc/Downloads/webots/lib/libjbig.so.0
7f01c1db5000-7f01c1db6000 r--p 0000a000 08:01 27920412                   /home/pc/Downloads/webots/lib/libjbig.so.0
7f01c1db6000-7f01c1db9000 rw-p 0000b000 08:01 27920412                   /home/pc/Downloads/webots/lib/libjbig.so.0
7f01c1db9000-7f01c1ddd000 r-xp 00000000 08:01 14684814                   /lib/x86_64-linux-gnu/liblzma.so.5.2.2
7f01c1ddd000-7f01c1fdd000 ---p 00024000 08:01 14684814                   /lib/x86_64-linux-gnu/liblzma.so.5.2.2
7f01c1fdd000-7f01c1fde000 r--p 00024000 08:01 14684814                   /lib/x86_64-linux-gnu/liblzma.so.5.2.2
7f01c1fde000-7f01c1fdf000 rw-p 00025000 08:01 14684814                   /lib/x86_64-linux-gnu/liblzma.so.5.2.2
7f01c1fdf000-7f01c2003000 r-xp 00000000 08:01 27920444                   /home/pc/Downloads/webots/lib/libpng12.so.0
7f01c2003000-7f01c2202000 ---p 00024000 08:01 27920444                   /home/pc/Downloads/webots/lib/libpng12.so.0
7f01c2202000-7f01c2203000 r--p 00023000 08:01 27920444                   /home/pc/Downloads/webots/lib/libpng12.so.0
7f01c2203000-7f01c2204000 rw-p 00024000 08:01 27920444                   /home/pc/Downloads/webots/lib/libpng12.so.0
7f01c2204000-7f01c225b000 r-xp 00000000 08:01 27920405                   /home/pc/Downloads/webots/lib/libjpeg.so.8
7f01c225b000-7f01c245b000 ---p 00057000 08:01 27920405                   /home/pc/Downloads/webots/lib/libjpeg.so.8
7f01c245b000-7f01c245c000 r--p 00057000 08:01 27920405                   /home/pc/Downloads/webots/lib/libjpeg.so.8
7f01c245c000-7f01c245d000 rw-p 00058000 08:01 27920405                   /home/pc/Downloads/webots/lib/libjpeg.so.8
7f01c245d000-7f01c24ce000 r-xp 00000000 08:01 27920407                   /home/pc/Downloads/webots/lib/libtiff.so.5
7f01c24ce000-7f01c26ce000 ---p 00071000 08:01 27920407                   /home/pc/Downloads/webots/lib/libtiff.so.5
7f01c26ce000-7f01c26cf000 r--p 00071000 08:01 27920407                   /home/pc/Downloads/webots/lib/libtiff.so.5
7f01c26cf000-7f01c26d2000 rw-p 00072000 08:01 27920407                   /home/pc/Downloads/webots/lib/libtiff.so.5
7f01c26d2000-7f01c271e000 r-xp 00000000 08:01 27920416                   /home/pc/Downloads/webots/lib/libController.so
7f01c271e000-7f01c291d000 ---p 0004c000 08:01 27920416                   /home/pc/Downloads/webots/lib/libController.so
7f01c291d000-7f01c291e000 r--p 0004b000 08:01 27920416                   /home/pc/Downloads/webots/lib/libController.so
7f01c291e000-7f01c291f000 rw-p 0004c000 08:01 27920416                   /home/pc/Downloads/webots/lib/libController.so
7f01c291f000-7f01c2920000 rw-p 00000000 00:00 0 
7f01c2920000-7f01c295a000 r-xp 00000000 08:01 27920467                   /home/pc/Downloads/webots/lib/libCppController.so
7f01c295a000-7f01c2b59000 ---p 0003a000 08:01 27920467                   /home/pc/Downloads/webots/lib/libCppController.so
7f01c2b59000-7f01c2b5b000 r--p 00039000 08:01 27920467                   /home/pc/Downloads/webots/lib/libCppController.so
7f01c2b5b000-7f01c2b5d000 rw-p 0003b000 08:01 27920467                   /home/pc/Downloads/webots/lib/libCppController.so
7f01c2b5d000-7f01c2b99000 r-xp 00000000 08:01 27920367                   /home/pc/Downloads/webots/lib/java/libJavaController.so
7f01c2b99000-7f01c2d98000 ---p 0003c000 08:01 27920367                   /home/pc/Downloads/webots/lib/java/libJavaController.so
7f01c2d98000-7f01c2d99000 r--p 0003b000 08:01 27920367                   /home/pc/Downloads/webots/lib/java/libJavaController.so
7f01c2d99000-7f01c2d9a000 rw-p 0003c000 08:01 27920367                   /home/pc/Downloads/webots/lib/java/libJavaController.so
7f01c2d9a000-7f01c2db1000 r-xp 00000000 08:01 23598500                   /usr/lib/jvm/java-11-openjdk-amd64/lib/libnet.so
7f01c2db1000-7f01c2fb0000 ---p 00017000 08:01 23598500                   /usr/lib/jvm/java-11-openjdk-amd64/lib/libnet.so
7f01c2fb0000-7f01c2fb1000 r--p 00016000 08:01 23598500                   /usr/lib/jvm/java-11-openjdk-amd64/lib/libnet.so
7f01c2fb1000-7f01c2fb2000 rw-p 00017000 08:01 23598500                   /usr/lib/jvm/java-11-openjdk-amd64/lib/libnet.so
7f01c2fb2000-7f01c2fc3000 r-xp 00000000 08:01 23598501                   /usr/lib/jvm/java-11-openjdk-amd64/lib/libnio.so
7f01c2fc3000-7f01c31c2000 ---p 00011000 08:01 23598501                   /usr/lib/jvm/java-11-openjdk-amd64/lib/libnio.so
7f01c31c2000-7f01c31c3000 r--p 00010000 08:01 23598501                   /usr/lib/jvm/java-11-openjdk-amd64/lib/libnio.so
7f01c31c3000-7f01c31c4000 rw-p 00011000 08:01 23598501                   /usr/lib/jvm/java-11-openjdk-amd64/lib/libnio.so
7f01c31c4000-7f01c31c8000 ---p 00000000 00:00 0 
7f01c31c8000-7f01c32c5000 rw-p 00000000 00:00 0 
7f01c32c5000-7f01c32c6000 ---p 00000000 00:00 0 
7f01c32c6000-7f01c33c7000 rw-p 00000000 00:00 0 
7f01c33c7000-7f01c33cb000 ---p 00000000 00:00 0 
7f01c33cb000-7f01c34c8000 rw-p 00000000 00:00 0 
7f01c34c8000-7f01c34cc000 ---p 00000000 00:00 0 
7f01c34cc000-7f01c35c9000 rw-p 00000000 00:00 0 
7f01c35c9000-7f01c35cd000 ---p 00000000 00:00 0 
7f01c35cd000-7f01c36ca000 rw-p 00000000 00:00 0 
7f01c36ca000-7f01c36ce000 ---p 00000000 00:00 0 
7f01c36ce000-7f01c37cb000 rw-p 00000000 00:00 0 
7f01c37cb000-7f01c37cf000 ---p 00000000 00:00 0 
7f01c37cf000-7f01c38cc000 rw-p 00000000 00:00 0 
7f01c38cc000-7f01c38d0000 ---p 00000000 00:00 0 
7f01c38d0000-7f01c39cd000 rw-p 00000000 00:00 0 
7f01c39cd000-7f01c39d1000 ---p 00000000 00:00 0 
7f01c39d1000-7f01c3ace000 rw-p 00000000 00:00 0 
7f01c3ace000-7f01c3dfe000 r--p 00000000 08:01 23598983                   /usr/lib/locale/locale-archive
7f01c3dfe000-7f01c3e02000 ---p 00000000 00:00 0 
7f01c3e02000-7f01c3eff000 rw-p 00000000 00:00 0 
7f01c3eff000-7f01c3f03000 ---p 00000000 00:00 0 
7f01c3f03000-7f01c4000000 rw-p 00000000 00:00 0 
7f01c4000000-7f01c4021000 rw-p 00000000 00:00 0 
7f01c4021000-7f01c8000000 ---p 00000000 00:00 0 
7f01c8000000-7f01c8021000 rw-p 00000000 00:00 0 
7f01c8021000-7f01cc000000 ---p 00000000 00:00 0 
7f01cc000000-7f01cc021000 rw-p 00000000 00:00 0 
7f01cc021000-7f01d0000000 ---p 00000000 00:00 0 
7f01d0000000-7f01d0021000 rw-p 00000000 00:00 0 
7f01d0021000-7f01d4000000 ---p 00000000 00:00 0 
7f01d4000000-7f01d4021000 rw-p 00000000 00:00 0 
7f01d4021000-7f01d8000000 ---p 00000000 00:00 0 
7f01d8000000-7f01d8021000 rw-p 00000000 00:00 0 
7f01d8021000-7f01dc000000 ---p 00000000 00:00 0 
7f01dc000000-7f01dc021000 rw-p 00000000 00:00 0 
7f01dc021000-7f01e0000000 ---p 00000000 00:00 0 
7f01e0000000-7f01e0021000 rw-p 00000000 00:00 0 
7f01e0021000-7f01e4000000 ---p 00000000 00:00 0 
7f01e4000000-7f01e4021000 rw-p 00000000 00:00 0 
7f01e4021000-7f01e8000000 ---p 00000000 00:00 0 
7f01e8000000-7f01e8021000 rw-p 00000000 00:00 0 
7f01e8021000-7f01ec000000 ---p 00000000 00:00 0 
7f01ec000000-7f01ec021000 rw-p 00000000 00:00 0 
7f01ec021000-7f01f0000000 ---p 00000000 00:00 0 
7f01f0000000-7f01f0021000 rw-p 00000000 00:00 0 
7f01f0021000-7f01f4000000 ---p 00000000 00:00 0 
7f01f4000000-7f01f4021000 rw-p 00000000 00:00 0 
7f01f4021000-7f01f8000000 ---p 00000000 00:00 0 
7f01f8000000-7f01f8021000 rw-p 00000000 00:00 0 
7f01f8021000-7f01fc000000 ---p 00000000 00:00 0 
7f01fc046000-7f01fc047000 ---p 00000000 00:00 0 
7f01fc047000-7f01fe338000 rw-p 00000000 00:00 0 
7f01fe338000-7f0200000000 ---p 00000000 00:00 0 
7f0200000000-7f0200021000 rw-p 00000000 00:00 0 
7f0200021000-7f0204000000 ---p 00000000 00:00 0 
7f0204000000-7f0204021000 rw-p 00000000 00:00 0 
7f0204021000-7f0208000000 ---p 00000000 00:00 0 
7f0208000000-7f0208021000 rw-p 00000000 00:00 0 
7f0208021000-7f020c000000 ---p 00000000 00:00 0 
7f020c000000-7f020c021000 rw-p 00000000 00:00 0 
7f020c021000-7f0210000000 ---p 00000000 00:00 0 
7f0210000000-7f0210021000 rw-p 00000000 00:00 0 
7f0210021000-7f0214000000 ---p 00000000 00:00 0 
7f0214000000-7f0214021000 rw-p 00000000 00:00 0 
7f0214021000-7f0218000000 ---p 00000000 00:00 0 
7f0218000000-7f0218021000 rw-p 00000000 00:00 0 
7f0218021000-7f021c000000 ---p 00000000 00:00 0 
7f021c07e000-7f021c5cf000 rw-p 00000000 00:00 0 
7f021c5cf000-7f021c94f000 ---p 00000000 00:00 0 
7f021c94f000-7f021c950000 ---p 00000000 00:00 0 
7f021c950000-7f021ca51000 rw-p 00000000 00:00 0 
7f021ca51000-7f021ca52000 ---p 00000000 00:00 0 
7f021ca52000-7f021cb53000 rw-p 00000000 00:00 0 
7f021cb53000-7f021cb54000 ---p 00000000 00:00 0 
7f021cb54000-7f021cc55000 rw-p 00000000 00:00 0 
7f021cc55000-7f021cc56000 ---p 00000000 00:00 0 
7f021cc56000-7f021cd57000 rw-p 00000000 00:00 0 
7f021cd57000-7f021cd58000 ---p 00000000 00:00 0 
7f021cd58000-7f021ce59000 rw-p 00000000 00:00 0 
7f021ce59000-7f021ce5a000 ---p 00000000 00:00 0 
7f021ce5a000-7f021cf5b000 rw-p 00000000 00:00 0 
7f021cf5b000-7f021cf5c000 ---p 00000000 00:00 0 
7f021cf5c000-7f021d05d000 rw-p 00000000 00:00 0 
7f021d05d000-7f021d05e000 ---p 00000000 00:00 0 
7f021d05e000-7f021d15f000 rw-p 00000000 00:00 0 
7f021d15f000-7f021d160000 ---p 00000000 00:00 0 
7f021d160000-7f021da69000 rw-p 00000000 00:00 0 
7f021da69000-7f021da6a000 ---p 00000000 00:00 0 
7f021da6a000-7f021db6b000 rw-p 00000000 00:00 0 
7f021db6b000-7f021db6c000 ---p 00000000 00:00 0 
7f021db6c000-7f021de5d000 rw-p 00000000 00:00 0 
7f021de5d000-7f021fb25000 ---p 00000000 00:00 0 
7f021fb25000-7f021fd95000 rwxp 00000000 00:00 0 
7f021fd95000-7f02200b6000 ---p 00000000 00:00 0 
7f02200b6000-7f0220326000 rwxp 00000000 00:00 0 
7f0220326000-7f02275ed000 ---p 00000000 00:00 0 
7f02275ed000-7f022785d000 rwxp 00000000 00:00 0 
7f022785d000-7f022eb25000 ---p 00000000 00:00 0 
7f022eb25000-7f0238000000 r--s 00000000 08:01 23598511                   /usr/lib/jvm/java-11-openjdk-amd64/lib/modules
7f0238000000-7f0238265000 rw-p 00000000 00:00 0 
7f0238265000-7f023c000000 ---p 00000000 00:00 0 
7f023c00f000-7f023c068000 rw-p 00000000 00:00 0 
7f023c068000-7f023c069000 ---p 00000000 00:00 0 
7f023c069000-7f023c1a8000 rw-p 00000000 00:00 0 
7f023c1a8000-7f023c541000 ---p 00000000 00:00 0 
7f023c541000-7f023c57f000 rw-p 00000000 00:00 0 
7f023c57f000-7f023c918000 ---p 00000000 00:00 0 
7f023c918000-7f023c956000 rw-p 00000000 00:00 0 
7f023c956000-7f023ccef000 ---p 00000000 00:00 0 
7f023ccef000-7f023d4f7000 rw-p 00000000 00:00 0 
7f023d4f7000-7f023d4f8000 ---p 00000000 00:00 0 
7f023d4f8000-7f023d5f9000 rw-p 00000000 00:00 0 
7f023d5f9000-7f023d5fa000 ---p 00000000 00:00 0 
7f023d5fa000-7f023d6fb000 rw-p 00000000 00:00 0 
7f023d6fb000-7f023d6fc000 ---p 00000000 00:00 0 
7f023d6fc000-7f023d7fd000 rw-p 00000000 00:00 0 
7f023d7fd000-7f023d7fe000 ---p 00000000 00:00 0 
7f023d7fe000-7f023d8ff000 rw-p 00000000 00:00 0 
7f023d8ff000-7f023d900000 ---p 00000000 00:00 0 
7f023d900000-7f023da01000 rw-p 00000000 00:00 0 
7f023da01000-7f023da02000 ---p 00000000 00:00 0 
7f023da02000-7f023db03000 rw-p 00000000 00:00 0 
7f023db03000-7f023db04000 ---p 00000000 00:00 0 
7f023db04000-7f023dc05000 rw-p 00000000 00:00 0 
7f023dc05000-7f023dc06000 ---p 00000000 00:00 0 
7f023dc06000-7f023dd0c000 rw-p 00000000 00:00 0 
7f023dd0c000-7f023ddf2000 ---p 00000000 00:00 0 
7f023ddf2000-7f023ddf7000 rw-p 00000000 00:00 0 
7f023ddf7000-7f023dedd000 ---p 00000000 00:00 0 
7f023dedd000-7f023dee2000 r-xp 00000000 08:01 23598491                   /usr/lib/jvm/java-11-openjdk-amd64/lib/libjimage.so
7f023dee2000-7f023e0e1000 ---p 00005000 08:01 23598491                   /usr/lib/jvm/java-11-openjdk-amd64/lib/libjimage.so
7f023e0e1000-7f023e0e2000 r--p 00004000 08:01 23598491                   /usr/lib/jvm/java-11-openjdk-amd64/lib/libjimage.so
7f023e0e2000-7f023e0e3000 rw-p 00005000 08:01 23598491                   /usr/lib/jvm/java-11-openjdk-amd64/lib/libjimage.so
7f023e0e3000-7f023e0ea000 r-xp 00000000 08:01 23598510                   /usr/lib/jvm/java-11-openjdk-amd64/lib/libzip.so
7f023e0ea000-7f023e2e9000 ---p 00007000 08:01 23598510                   /usr/lib/jvm/java-11-openjdk-amd64/lib/libzip.so
7f023e2e9000-7f023e2ea000 r--p 00006000 08:01 23598510                   /usr/lib/jvm/java-11-openjdk-amd64/lib/libzip.so
7f023e2ea000-7f023e2eb000 rw-p 00007000 08:01 23598510                   /usr/lib/jvm/java-11-openjdk-amd64/lib/libzip.so
7f023e2eb000-7f023e2f6000 r-xp 00000000 08:01 14684844                   /lib/x86_64-linux-gnu/libnss_files-2.27.so
7f023e2f6000-7f023e4f5000 ---p 0000b000 08:01 14684844                   /lib/x86_64-linux-gnu/libnss_files-2.27.so
7f023e4f5000-7f023e4f6000 r--p 0000a000 08:01 14684844                   /lib/x86_64-linux-gnu/libnss_files-2.27.so
7f023e4f6000-7f023e4f7000 rw-p 0000b000 08:01 14684844                   /lib/x86_64-linux-gnu/libnss_files-2.27.so
7f023e4f7000-7f023e4fd000 rw-p 00000000 00:00 0 
7f023e4fd000-7f023e514000 r-xp 00000000 08:01 14684838                   /lib/x86_64-linux-gnu/libnsl-2.27.so
7f023e514000-7f023e713000 ---p 00017000 08:01 14684838                   /lib/x86_64-linux-gnu/libnsl-2.27.so
7f023e713000-7f023e714000 r--p 00016000 08:01 14684838                   /lib/x86_64-linux-gnu/libnsl-2.27.so
7f023e714000-7f023e715000 rw-p 00017000 08:01 14684838                   /lib/x86_64-linux-gnu/libnsl-2.27.so
7f023e715000-7f023e717000 rw-p 00000000 00:00 0 
7f023e717000-7f023e722000 r-xp 00000000 08:01 14684855                   /lib/x86_64-linux-gnu/libnss_nis-2.27.so
7f023e722000-7f023e921000 ---p 0000b000 08:01 14684855                   /lib/x86_64-linux-gnu/libnss_nis-2.27.so
7f023e921000-7f023e922000 r--p 0000a000 08:01 14684855                   /lib/x86_64-linux-gnu/libnss_nis-2.27.so
7f023e922000-7f023e923000 rw-p 0000b000 08:01 14684855                   /lib/x86_64-linux-gnu/libnss_nis-2.27.so
7f023e923000-7f023e92b000 r-xp 00000000 08:01 14684840                   /lib/x86_64-linux-gnu/libnss_compat-2.27.so
7f023e92b000-7f023eb2b000 ---p 00008000 08:01 14684840                   /lib/x86_64-linux-gnu/libnss_compat-2.27.so
7f023eb2b000-7f023eb2c000 r--p 00008000 08:01 14684840                   /lib/x86_64-linux-gnu/libnss_compat-2.27.so
7f023eb2c000-7f023eb2d000 rw-p 00009000 08:01 14684840                   /lib/x86_64-linux-gnu/libnss_compat-2.27.so
7f023eb2d000-7f023eb59000 r-xp 00000000 08:01 23598487                   /usr/lib/jvm/java-11-openjdk-amd64/lib/libjava.so
7f023eb59000-7f023ed58000 ---p 0002c000 08:01 23598487                   /usr/lib/jvm/java-11-openjdk-amd64/lib/libjava.so
7f023ed58000-7f023ed59000 r--p 0002b000 08:01 23598487                   /usr/lib/jvm/java-11-openjdk-amd64/lib/libjava.so
7f023ed59000-7f023ed5b000 rw-p 0002c000 08:01 23598487                   /usr/lib/jvm/java-11-openjdk-amd64/lib/libjava.so
7f023ed5b000-7f023ed68000 r-xp 00000000 08:01 23598509                   /usr/lib/jvm/java-11-openjdk-amd64/lib/libverify.so
7f023ed68000-7f023ef67000 ---p 0000d000 08:01 23598509                   /usr/lib/jvm/java-11-openjdk-amd64/lib/libverify.so
7f023ef67000-7f023ef69000 r--p 0000c000 08:01 23598509                   /usr/lib/jvm/java-11-openjdk-amd64/lib/libverify.so
7f023ef69000-7f023ef6a000 rw-p 0000e000 08:01 23598509                   /usr/lib/jvm/java-11-openjdk-amd64/lib/libverify.so
7f023ef6a000-7f023ef71000 r-xp 00000000 08:01 14684895                   /lib/x86_64-linux-gnu/librt-2.27.so
7f023ef71000-7f023f170000 ---p 00007000 08:01 14684895                   /lib/x86_64-linux-gnu/librt-2.27.so
7f023f170000-7f023f171000 r--p 00006000 08:01 14684895                   /lib/x86_64-linux-gnu/librt-2.27.so
7f023f171000-7f023f172000 rw-p 00007000 08:01 14684895                   /lib/x86_64-linux-gnu/librt-2.27.so
7f023f172000-7f023f189000 r-xp 00000000 08:01 14684791                   /lib/x86_64-linux-gnu/libgcc_s.so.1
7f023f189000-7f023f388000 ---p 00017000 08:01 14684791                   /lib/x86_64-linux-gnu/libgcc_s.so.1
7f023f388000-7f023f389000 r--p 00016000 08:01 14684791                   /lib/x86_64-linux-gnu/libgcc_s.so.1
7f023f389000-7f023f38a000 rw-p 00017000 08:01 14684791                   /lib/x86_64-linux-gnu/libgcc_s.so.1
7f023f38a000-7f023f527000 r-xp 00000000 08:01 14684817                   /lib/x86_64-linux-gnu/libm-2.27.so
7f023f527000-7f023f726000 ---p 0019d000 08:01 14684817                   /lib/x86_64-linux-gnu/libm-2.27.so
7f023f726000-7f023f727000 r--p 0019c000 08:01 14684817                   /lib/x86_64-linux-gnu/libm-2.27.so
7f023f727000-7f023f728000 rw-p 0019d000 08:01 14684817                   /lib/x86_64-linux-gnu/libm-2.27.so
7f023f728000-7f023f8a1000 r-xp 00000000 08:01 23601225                   /usr/lib/x86_64-linux-gnu/libstdc++.so.6.0.25
7f023f8a1000-7f023faa1000 ---p 00179000 08:01 23601225                   /usr/lib/x86_64-linux-gnu/libstdc++.so.6.0.25
7f023faa1000-7f023faab000 r--p 00179000 08:01 23601225                   /usr/lib/x86_64-linux-gnu/libstdc++.so.6.0.25
7f023faab000-7f023faad000 rw-p 00183000 08:01 23601225                   /usr/lib/x86_64-linux-gnu/libstdc++.so.6.0.25
7f023faad000-7f023fab1000 rw-p 00000000 00:00 0 
7f023fab1000-7f0240a4e000 r-xp 00000000 08:01 23598523                   /usr/lib/jvm/java-11-openjdk-amd64/lib/server/libjvm.so
7f0240a4e000-7f0240c4e000 ---p 00f9d000 08:01 23598523                   /usr/lib/jvm/java-11-openjdk-amd64/lib/server/libjvm.so
7f0240c4e000-7f0240d12000 r--p 00f9d000 08:01 23598523                   /usr/lib/jvm/java-11-openjdk-amd64/lib/server/libjvm.so
7f0240d12000-7f0240d4a000 rw-p 01061000 08:01 23598523                   /usr/lib/jvm/java-11-openjdk-amd64/lib/server/libjvm.so
7f0240d4a000-7f0240d93000 rw-p 00000000 00:00 0 
7f0240d93000-7f0240dad000 r-xp 00000000 08:01 14684887                   /lib/x86_64-linux-gnu/libpthread-2.27.so
7f0240dad000-7f0240fac000 ---p 0001a000 08:01 14684887                   /lib/x86_64-linux-gnu/libpthread-2.27.so
7f0240fac000-7f0240fad000 r--p 00019000 08:01 14684887                   /lib/x86_64-linux-gnu/libpthread-2.27.so
7f0240fad000-7f0240fae000 rw-p 0001a000 08:01 14684887                   /lib/x86_64-linux-gnu/libpthread-2.27.so
7f0240fae000-7f0240fb2000 rw-p 00000000 00:00 0 
7f0240fb2000-7f0240fb5000 r-xp 00000000 08:01 14684777                   /lib/x86_64-linux-gnu/libdl-2.27.so
7f0240fb5000-7f02411b4000 ---p 00003000 08:01 14684777                   /lib/x86_64-linux-gnu/libdl-2.27.so
7f02411b4000-7f02411b5000 r--p 00002000 08:01 14684777                   /lib/x86_64-linux-gnu/libdl-2.27.so
7f02411b5000-7f02411b6000 rw-p 00003000 08:01 14684777                   /lib/x86_64-linux-gnu/libdl-2.27.so
7f02411b6000-7f02411d2000 r-xp 00000000 08:01 14684928                   /lib/x86_64-linux-gnu/libz.so.1.2.11
7f02411d2000-7f02413d1000 ---p 0001c000 08:01 14684928                   /lib/x86_64-linux-gnu/libz.so.1.2.11
7f02413d1000-7f02413d2000 r--p 0001b000 08:01 14684928                   /lib/x86_64-linux-gnu/libz.so.1.2.11
7f02413d2000-7f02413d3000 rw-p 0001c000 08:01 14684928                   /lib/x86_64-linux-gnu/libz.so.1.2.11
7f02413d3000-7f02415ba000 r-xp 00000000 08:01 14684754                   /lib/x86_64-linux-gnu/libc-2.27.so
7f02415ba000-7f02417ba000 ---p 001e7000 08:01 14684754                   /lib/x86_64-linux-gnu/libc-2.27.so
7f02417ba000-7f02417be000 r--p 001e7000 08:01 14684754                   /lib/x86_64-linux-gnu/libc-2.27.so
7f02417be000-7f02417c0000 rw-p 001eb000 08:01 14684754                   /lib/x86_64-linux-gnu/libc-2.27.so
7f02417c0000-7f02417c4000 rw-p 00000000 00:00 0 
7f02417c4000-7f02417d3000 r-xp 00000000 08:01 23598516                   /usr/lib/jvm/java-11-openjdk-amd64/lib/jli/libjli.so
7f02417d3000-7f02419d2000 ---p 0000f000 08:01 23598516                   /usr/lib/jvm/java-11-openjdk-amd64/lib/jli/libjli.so
7f02419d2000-7f02419d3000 r--p 0000e000 08:01 23598516                   /usr/lib/jvm/java-11-openjdk-amd64/lib/jli/libjli.so
7f02419d3000-7f02419d4000 rw-p 0000f000 08:01 23598516                   /usr/lib/jvm/java-11-openjdk-amd64/lib/jli/libjli.so
7f02419d4000-7f02419fb000 r-xp 00000000 08:01 14684726                   /lib/x86_64-linux-gnu/ld-2.27.so
7f0241a20000-7f0241ade000 rw-p 00000000 00:00 0 
7f0241ade000-7f0241ae2000 ---p 00000000 00:00 0 
7f0241ae2000-7f0241be8000 rw-p 00000000 00:00 0 
7f0241be8000-7f0241bef000 ---p 00000000 00:00 0 
7f0241bef000-7f0241bf7000 rw-s 00000000 08:01 28966951                   /tmp/hsperfdata_pc/2702
7f0241bf7000-7f0241bf8000 ---p 00000000 00:00 0 
7f0241bf8000-7f0241bf9000 r--p 00000000 00:00 0 
7f0241bf9000-7f0241bfb000 rw-p 00000000 00:00 0 
7f0241bfb000-7f0241bfc000 r--p 00027000 08:01 14684726                   /lib/x86_64-linux-gnu/ld-2.27.so
7f0241bfc000-7f0241bfd000 rw-p 00028000 08:01 14684726                   /lib/x86_64-linux-gnu/ld-2.27.so
7f0241bfd000-7f0241bfe000 rw-p 00000000 00:00 0 
7fff9e9f2000-7fff9ea13000 rw-p 00000000 00:00 0                          [stack]
7fff9eba4000-7fff9eba7000 r--p 00000000 00:00 0                          [vvar]
7fff9eba7000-7fff9eba9000 r-xp 00000000 00:00 0                          [vdso]
ffffffffff600000-ffffffffff601000 r-xp 00000000 00:00 0                  [vsyscall]


VM Arguments:
jvm_args: -Djava.library.path=/home/pc/Downloads/webots/lib/java 
java_command: SensorController
java_class_path (initial): /home/pc/Downloads/webots/lib/java/Controller.jar:/home/pc/Dokumente/my_project/controllers/SensorController/
Launcher Type: SUN_STANDARD

Logging:
Log output configuration:
#0: stdout all=warning uptime,level,tags
#1: stderr all=off uptime,level,tags

Environment Variables:
PATH=/usr/local/sbin:/usr/local/bin:/usr/sbin:/usr/bin:/sbin:/bin:/usr/games:/usr/local/games
LD_LIBRARY_PATH=/home/pc/Downloads/webots/projects/default/libraries/vehicle:/home/pc/Downloads/webots/projects/default/libraries/ros:/home/pc/Downloads/webots/resources/projects/libraries/qt_utils:/home/pc/Dokumente/my_project/controllers/SensorController/:/home/pc/Downloads/webots/lib/:/tmp/webots-1607/lib:
SHELL=/bin/bash
DISPLAY=:0

Signal Handlers:
SIGSEGV: [libjvm.so+0xd28b70], sa_mask[0]=11111111011111111101111111111110, sa_flags=SA_RESTART|SA_SIGINFO
SIGBUS: [libjvm.so+0xd28b70], sa_mask[0]=11111111011111111101111111111110, sa_flags=SA_RESTART|SA_SIGINFO
SIGFPE: [libjvm.so+0xd28b70], sa_mask[0]=11111111011111111101111111111110, sa_flags=SA_RESTART|SA_SIGINFO
SIGPIPE: [libjvm.so+0xb2a1f0], sa_mask[0]=11111111011111111101111111111110, sa_flags=SA_RESTART|SA_SIGINFO
SIGXFSZ: [libjvm.so+0xb2a1f0], sa_mask[0]=11111111011111111101111111111110, sa_flags=SA_RESTART|SA_SIGINFO
SIGILL: [libjvm.so+0xd28b70], sa_mask[0]=11111111011111111101111111111110, sa_flags=SA_RESTART|SA_SIGINFO
SIGUSR2: [libjvm.so+0xb2a030], sa_mask[0]=00000000000000000000000000000000, sa_flags=SA_RESTART|SA_SIGINFO
SIGHUP: [libjvm.so+0xb2a180], sa_mask[0]=11111111011111111101111111111110, sa_flags=SA_RESTART|SA_SIGINFO
SIGINT: [libjvm.so+0xb2a180], sa_mask[0]=11111111011111111101111111111110, sa_flags=SA_RESTART|SA_SIGINFO
SIGTERM: [libjvm.so+0xb2a180], sa_mask[0]=11111111011111111101111111111110, sa_flags=SA_RESTART|SA_SIGINFO
SIGQUIT: [libjvm.so+0xb2a180], sa_mask[0]=11111111011111111101111111111110, sa_flags=SA_RESTART|SA_SIGINFO


---------------  S Y S T E M  ---------------

OS:DISTRIB_ID=LinuxMint
DISTRIB_RELEASE=19.1
DISTRIB_CODENAME=tessa
DISTRIB_DESCRIPTION="Linux Mint 19.1 Tessa"
uname:Linux 4.15.0-20-generic #21-Ubuntu SMP Tue Apr 24 06:16:15 UTC 2018 x86_64
libc:glibc 2.27 NPTL 2.27 
rlimit: STACK 8192k, CORE 0k, NPROC 31207, NOFILE 4096, AS infinity, DATA infinity, FSIZE infinity
load average:1.76 1.13 1.16

/proc/meminfo:
MemTotal:        8051996 kB
MemFree:         1958328 kB
MemAvailable:    2694548 kB
Buffers:          100928 kB
Cached:          4219436 kB
SwapCached:            0 kB
Active:          1899808 kB
Inactive:        3958488 kB
Active(anon):    1538816 kB
Inactive(anon):  3405256 kB
Active(file):     360992 kB
Inactive(file):   553232 kB
Unevictable:          32 kB
Mlocked:              32 kB
SwapTotal:       2097148 kB
SwapFree:        2097148 kB
Dirty:                84 kB
Writeback:             0 kB
AnonPages:       1538176 kB
Mapped:          1590616 kB
Shmem:           3406144 kB
Slab:             128936 kB
SReclaimable:      82676 kB
SUnreclaim:        46260 kB
KernelStack:       11456 kB
PageTables:        41648 kB
NFS_Unstable:          0 kB
Bounce:                0 kB
WritebackTmp:          0 kB
CommitLimit:     6123144 kB
Committed_AS:    8897920 kB
VmallocTotal:   34359738367 kB
VmallocUsed:           0 kB
VmallocChunk:          0 kB
HardwareCorrupted:     0 kB
AnonHugePages:         0 kB
ShmemHugePages:        0 kB
ShmemPmdMapped:        0 kB
CmaTotal:              0 kB
CmaFree:               0 kB
HugePages_Total:       0
HugePages_Free:        0
HugePages_Rsvd:        0
HugePages_Surp:        0
Hugepagesize:       2048 kB
DirectMap4k:      142272 kB
DirectMap2M:     8130560 kB

container (cgroup) information:
container_type: cgroupv1
cpu_cpuset_cpus: 0-7
cpu_memory_nodes: 0
active_processor_count: 8
cpu_quota: -1
cpu_period: 100000
cpu_shares: -1
memory_limit_in_bytes: -1
memory_and_swap_limit_in_bytes: -2
memory_soft_limit_in_bytes: -1
memory_usage_in_bytes: 5999620096
memory_max_usage_in_bytes: 0


CPU:total 8 (initial active 8) (4 cores per cpu, 2 threads per core) family 6 model 58 stepping 9, cmov, cx8, fxsr, mmx, sse, sse2, sse3, ssse3, sse4.1, sse4.2, popcnt, avx, aes, clmul, erms, ht, tsc, tscinvbit, tscinv
CPU Model and flags from /proc/cpuinfo:
model name	: Intel(R) Core(TM) i7-3770 CPU @ 3.40GHz
flags		: fpu vme de pse tsc msr pae mce cx8 apic sep mtrr pge mca cmov pat pse36 clflush dts acpi mmx fxsr sse sse2 ss ht tm pbe syscall nx rdtscp lm constant_tsc arch_perfmon pebs bts rep_good nopl xtopology nonstop_tsc cpuid aperfmperf pni pclmulqdq dtes64 monitor ds_cpl vmx smx est tm2 ssse3 cx16 xtpr pdcm pcid sse4_1 sse4_2 x2apic popcnt tsc_deadline_timer aes xsave avx f16c rdrand lahf_lm cpuid_fault epb pti tpr_shadow vnmi flexpriority ept vpid fsgsbase smep erms xsaveopt dtherm ida arat pln pts

Memory: 4k page, physical 8051996k(1958328k free), swap 2097148k(2097148k free)

vm_info: OpenJDK 64-Bit Server VM (10.0.2+13-Ubuntu-1ubuntu0.18.04.4) for linux-amd64 JRE (10.0.2+13-Ubuntu-1ubuntu0.18.04.4), built on Nov 13 2018 12:53:39 by "buildd" with gcc 7.3.0

END.
