#
# A fatal error has been detected by the Java Runtime Environment:
#
#  SIGSEGV (0xb) at pc=0x00007f2efbb90d52, pid=3950, tid=3951
#
# JRE version: OpenJDK Runtime Environment (11.0.4+11) (build 11.0.4+11-post-Ubuntu-1ubuntu218.04.3)
# Java VM: OpenJDK 64-Bit Server VM (11.0.4+11-post-Ubuntu-1ubuntu218.04.3, mixed mode, sharing, tiered, compressed oops, g1 gc, linux-amd64)
# Problematic frame:
# C  [libController.so+0x1bd52]  wbu_motion_new+0x5d2
#
# Core dump will be written. Default location: Core dumps may be processed with "/usr/share/apport/apport %p %s %c %d %P" (or dumping to /home/pc/Dokumente/SP1920/my_project/controllers/SensorController/core.3950)
#
# If you would like to submit a bug report, please visit:
#   https://bugs.launchpad.net/ubuntu/+source/openjdk-lts
# The crash happened outside the Java Virtual Machine in native code.
# See problematic frame for where to report the bug.
#

---------------  S U M M A R Y ------------

Command Line: -Djava.library.path=/home/pc/Downloads/webots/lib/java SensorController

Host: Intel(R) Core(TM) i7-3770 CPU @ 3.40GHz, 8 cores, 7G, Linux Mint 19.1 Tessa
Time: Wed Aug 21 10:49:34 2019 CEST elapsed time: 0 seconds (0d 0h 0m 0s)

---------------  T H R E A D  ---------------

Current thread (0x00007f2f54012000):  JavaThread "main" [_thread_in_native, id=3951, stack(0x00007f2f5d2d2000,0x00007f2f5d3d3000)]

Stack: [0x00007f2f5d2d2000,0x00007f2f5d3d3000],  sp=0x00007f2f5d3d0700,  free space=1017k
Native frames: (J=compiled Java code, A=aot compiled Java code, j=interpreted, Vv=VM code, C=native code)
C  [libController.so+0x1bd52]  wbu_motion_new+0x5d2
C  [libCppController.so+0x28c7a]  webots::Motion::Motion(std::__cxx11::basic_string<char, std::char_traits<char>, std::allocator<char> > const&)+0x36
C  [libJavaController.so+0x27c5d]  Java_com_cyberbotics_webots_controller_wrapperJNI_new_1Motion+0x10a
j  com.cyberbotics.webots.controller.wrapperJNI.new_Motion(Ljava/lang/String;)J+0
j  com.cyberbotics.webots.controller.Motion.<init>(Ljava/lang/String;)V+2
j  SensorController.loadMotionFiles()V+273
j  SensorController.main([Ljava/lang/String;)V+3
v  ~StubRoutines::call_stub
V  [libjvm.so+0x841c99]
V  [libjvm.so+0x8b9c7d]
V  [libjvm.so+0x8bbd6e]
C  [libjli.so+0x5856]
C  [libjli.so+0x92cd]

Java frames: (J=compiled Java code, j=interpreted, Vv=VM code)
j  com.cyberbotics.webots.controller.wrapperJNI.new_Motion(Ljava/lang/String;)J+0
j  com.cyberbotics.webots.controller.Motion.<init>(Ljava/lang/String;)V+2
j  SensorController.loadMotionFiles()V+273
j  SensorController.main([Ljava/lang/String;)V+3
v  ~StubRoutines::call_stub

siginfo: si_signo: 11 (SIGSEGV), si_code: 1 (SEGV_MAPERR), si_addr: 0x0000000000000000

Register to memory mapping:

RAX=0x0 is NULL
RBX=0x00007f2f541f5740 points into unknown readable memory: 0c 00 00 00 72 00 00 00
RCX=0x0 is NULL
RDX=0x00007f2f5cfb3a68: <offset 0x00000000003eda68> in /lib/x86_64-linux-gnu/libc.so.6 at 0x00007f2f5cbc6000
RSP=0x00007f2f5d3d0700 is pointing into the stack for thread: 0x00007f2f54012000
RBP=0x00007f2f5d3d1780 is pointing into the stack for thread: 0x00007f2f54012000
RSI=0x00007f2efbbae603: <offset 0x0000000000039603> in /home/pc/Downloads/webots/lib/libController.so at 0x00007f2efbb75000
RDI=0x0 is NULL
R8 =0x0000000000000001 is an unknown value
R9 =0x0 is NULL
R10=0x7eb851eb851eb851 is an unknown value
R11=0x00007f2efbbae61e: <offset 0x000000000003961e> in /home/pc/Downloads/webots/lib/libController.so at 0x00007f2efbb75000
R12=0x0000000000000128 is an unknown value
R13=0x0000000000000094 is an unknown value
R14=0x0000000000000058 is an unknown value
R15=0x000000000000000b is an unknown value


Registers:
RAX=0x0000000000000000, RBX=0x00007f2f541f5740, RCX=0x0000000000000000, RDX=0x00007f2f5cfb3a68
RSP=0x00007f2f5d3d0700, RBP=0x00007f2f5d3d1780, RSI=0x00007f2efbbae603, RDI=0x0000000000000000
R8 =0x0000000000000001, R9 =0x0000000000000000, R10=0x7eb851eb851eb851, R11=0x00007f2efbbae61e
R12=0x0000000000000128, R13=0x0000000000000094, R14=0x0000000000000058, R15=0x000000000000000b
RIP=0x00007f2efbb90d52, EFLAGS=0x0000000000010246, CSGSFS=0x002b000000000033, ERR=0x0000000000000004
  TRAPNO=0x000000000000000e

Top of Stack: (sp=0x00007f2f5d3d0700)
0x00007f2f5d3d0700:   38343a31303a3030 383365736f500030
0x00007f2f5d3d0710:   003336332e302d00 2d003933312e302d
0x00007f2f5d3d0720:   2e30003338312e30 352e302d00333939
0x00007f2f5d3d0730:   3736312e30003235 003336332e302d00 

Instructions: (pc=0x00007f2efbb90d52)
0x00007f2efbb90c52:   35 ac d9 01 00 31 ff 4d 89 e7 41 83 c5 01 e8 4b
0x00007f2efbb90c62:   27 ff ff 4c 03 7b 10 48 89 c7 49 89 c6 e8 ec 19
0x00007f2efbb90c72:   ff ff 48 8d 78 01 e8 33 22 ff ff 49 89 07 48 8b
0x00007f2efbb90c82:   43 10 4c 89 f6 4a 8b 3c 20 49 83 c4 08 e8 6c 16
0x00007f2efbb90c92:   ff ff 44 3b 2b 7c b7 8b 53 04 45 31 ed c7 45 b8
0x00007f2efbb90ca2:   00 00 00 00 85 d2 0f 8e e6 00 00 00 66 90 4c 8b
0x00007f2efbb90cb2:   75 a8 48 8b 55 b0 be 00 10 00 00 4c 89 f7 e8 3b
0x00007f2efbb90cc2:   1e ff ff 48 85 c0 0f 84 c6 00 00 00 48 8d 35 2e
0x00007f2efbb90cd2:   d9 01 00 4c 89 f7 4d 89 ec 45 31 f6 45 31 ff e8
0x00007f2efbb90ce2:   ca 26 ff ff 4c 03 63 28 48 89 c7 e8 5e f6 ff ff
0x00007f2efbb90cf2:   48 8d 35 0a d9 01 00 31 ff 41 89 04 24 4f 8d 64
0x00007f2efbb90d02:   2d 00 e8 a7 26 ff ff 8b 03 85 c0 7f 35 eb 6f 0f
0x00007f2efbb90d12:   1f 80 00 00 00 00 48 8b 53 30 4c 89 f1 48 8d 35
0x00007f2efbb90d22:   f5 d8 01 00 48 89 c7 31 c0 41 83 c7 01 49 83 c6
0x00007f2efbb90d32:   08 4a 03 0c 22 48 89 ca e8 f1 21 ff ff 44 3b 3b
0x00007f2efbb90d42:   7d 3c 48 8d 35 b8 d8 01 00 31 ff e8 5e 26 ff ff
0x00007f2efbb90d52:   80 38 2a 75 c1 80 78 01 00 75 bb 48 8b 43 30 f2
0x00007f2efbb90d62:   0f 10 05 27 df 01 00 41 83 c7 01 4a 8b 04 20 f2
0x00007f2efbb90d72:   42 0f 11 04 30 49 83 c6 08 44 3b 3b 7c c4 83 45
0x00007f2efbb90d82:   b8 01 49 83 c5 04 8b 45 b8 3b 43 04 0f 8c 1c ff
0x00007f2efbb90d92:   ff ff 48 8b 65 88 48 8b 7d b0 e8 df 17 ff ff 4c
0x00007f2efbb90da2:   8b 75 90 4b 8d 3c 36 e8 02 21 ff ff 4a 8d 3c b5
0x00007f2efbb90db2:   00 00 00 00 48 89 43 18 49 89 c4 e8 ee 20 ff ff
0x00007f2efbb90dc2:   48 89 43 20 8b 45 9c 85 c0 0f 84 f2 00 00 00 83
0x00007f2efbb90dd2:   e8 01 4d 89 e7 45 31 f6 48 01 c0 48 89 45 a8 0f
0x00007f2efbb90de2:   1f 80 00 00 00 00 4b 8d 04 37 45 31 ff 48 89 45
0x00007f2efbb90df2:   b8 4a 8d 04 b5 00 00 00 00 48 89 45 b0 48 8b 43
0x00007f2efbb90e02:   10 4e 8b 2c b0 31 c0 e8 f2 1e ff ff 85 c0 41 89
0x00007f2efbb90e12:   c4 7f 14 eb 71 66 0f 1f 84 00 00 00 00 00 41 83
0x00007f2efbb90e22:   c7 01 45 39 fc 74 5f 41 0f b7 ff e8 fe 28 ff ff
0x00007f2efbb90e32:   4c 89 ee 48 89 c7 e8 93 1d ff ff 85 c0 75 df 44
0x00007f2efbb90e42:   89 fa 48 8b 45 b8 66 89 10 48 8b 43 20 4e 8d 24 


Stack slot to memory mapping:
stack at sp + 0 slots: 0x38343a31303a3030 is an unknown value
stack at sp + 1 slots: 0x383365736f500030 is an unknown value
stack at sp + 2 slots: 0x003336332e302d00 is an unknown value
stack at sp + 3 slots: 0x2d003933312e302d is an unknown value
stack at sp + 4 slots: 0x2e30003338312e30 is an unknown value
stack at sp + 5 slots: 0x352e302d00333939 is an unknown value
stack at sp + 6 slots: 0x3736312e30003235 is an unknown value
stack at sp + 7 slots: 0x003336332e302d00 is an unknown value


---------------  P R O C E S S  ---------------

Threads class SMR info:
_java_thread_list=0x00007f2f54198140, length=9, elements={
0x00007f2f54012000, 0x00007f2f54119800, 0x00007f2f5411b800, 0x00007f2f54121000,
0x00007f2f54123000, 0x00007f2f54125000, 0x00007f2f54127000, 0x00007f2f5418e000,
0x00007f2f54196800
}

Java Threads: ( => current thread )
=>0x00007f2f54012000 JavaThread "main" [_thread_in_native, id=3951, stack(0x00007f2f5d2d2000,0x00007f2f5d3d3000)]
  0x00007f2f54119800 JavaThread "Reference Handler" daemon [_thread_blocked, id=3958, stack(0x00007f2f2d378000,0x00007f2f2d479000)]
  0x00007f2f5411b800 JavaThread "Finalizer" daemon [_thread_blocked, id=3959, stack(0x00007f2f2d277000,0x00007f2f2d378000)]
  0x00007f2f54121000 JavaThread "Signal Dispatcher" daemon [_thread_blocked, id=3960, stack(0x00007f2f2ce46000,0x00007f2f2cf47000)]
  0x00007f2f54123000 JavaThread "C2 CompilerThread0" daemon [_thread_blocked, id=3961, stack(0x00007f2f2cd45000,0x00007f2f2ce46000)]
  0x00007f2f54125000 JavaThread "C1 CompilerThread0" daemon [_thread_blocked, id=3962, stack(0x00007f2f2cc44000,0x00007f2f2cd45000)]
  0x00007f2f54127000 JavaThread "Sweeper thread" daemon [_thread_blocked, id=3963, stack(0x00007f2f2cb43000,0x00007f2f2cc44000)]
  0x00007f2f5418e000 JavaThread "Service Thread" daemon [_thread_blocked, id=3964, stack(0x00007f2f2ca42000,0x00007f2f2cb43000)]
  0x00007f2f54196800 JavaThread "Common-Cleaner" daemon [_thread_blocked, id=3966, stack(0x00007f2f2c83f000,0x00007f2f2c940000)]

Other Threads:
  0x00007f2f54116800 VMThread "VM Thread" [stack: 0x00007f2f2d47b000,0x00007f2f2d57b000] [id=3957]
  0x00007f2f54190800 WatcherThread [stack: 0x00007f2f2c942000,0x00007f2f2ca42000] [id=3965]
  0x00007f2f54028800 GCTaskThread "GC Thread#0" [stack: 0x00007f2f592c8000,0x00007f2f593c8000] [id=3952]
  0x00007f2f54059800 ConcurrentGCThread "G1 Main Marker" [stack: 0x00007f2f58210000,0x00007f2f58310000] [id=3953]
  0x00007f2f5405b000 ConcurrentGCThread "G1 Conc#0" [stack: 0x00007f2f5810e000,0x00007f2f5820e000] [id=3954]
  0x00007f2f540e4000 ConcurrentGCThread "G1 Refine#0" [stack: 0x00007f2f2df00000,0x00007f2f2e000000] [id=3955]
  0x00007f2f540e5800 ConcurrentGCThread "G1 Young RemSet Sampling" [stack: 0x00007f2f2ddfe000,0x00007f2f2defe000] [id=3956]

Threads with active compile tasks:

VM state:not at safepoint (normal execution)

VM Mutex/Monitor currently owned by a thread: None

Heap address: 0x0000000085200000, size: 1966 MB, Compressed Oops mode: 32-bit
Narrow klass base: 0x0000000800000000, Narrow klass shift: 3
Compressed class space size: 1073741824 Address: 0x0000000840000000

Heap:
 garbage-first heap   total 129024K, used 1656K [0x0000000085200000, 0x0000000100000000)
  region size 1024K, 2 young (2048K), 0 survivors (0K)
 Metaspace       used 447K, capacity 4728K, committed 4864K, reserved 1056768K
  class space    used 23K, capacity 424K, committed 512K, reserved 1048576K
Heap Regions: E=young(eden), S=young(survivor), O=old, HS=humongous(starts), HC=humongous(continues), CS=collection set, F=free, A=archive, TAMS=top-at-mark-start (previous, next)
|   0|0x0000000085200000, 0x0000000085200000, 0x0000000085300000|  0%| F|  |TAMS 0x0000000085200000, 0x0000000085200000| Untracked 
|   1|0x0000000085300000, 0x0000000085300000, 0x0000000085400000|  0%| F|  |TAMS 0x0000000085300000, 0x0000000085300000| Untracked 
|   2|0x0000000085400000, 0x0000000085400000, 0x0000000085500000|  0%| F|  |TAMS 0x0000000085400000, 0x0000000085400000| Untracked 
|   3|0x0000000085500000, 0x0000000085500000, 0x0000000085600000|  0%| F|  |TAMS 0x0000000085500000, 0x0000000085500000| Untracked 
|   4|0x0000000085600000, 0x0000000085600000, 0x0000000085700000|  0%| F|  |TAMS 0x0000000085600000, 0x0000000085600000| Untracked 
|   5|0x0000000085700000, 0x0000000085700000, 0x0000000085800000|  0%| F|  |TAMS 0x0000000085700000, 0x0000000085700000| Untracked 
|   6|0x0000000085800000, 0x0000000085800000, 0x0000000085900000|  0%| F|  |TAMS 0x0000000085800000, 0x0000000085800000| Untracked 
|   7|0x0000000085900000, 0x0000000085900000, 0x0000000085a00000|  0%| F|  |TAMS 0x0000000085900000, 0x0000000085900000| Untracked 
|   8|0x0000000085a00000, 0x0000000085a00000, 0x0000000085b00000|  0%| F|  |TAMS 0x0000000085a00000, 0x0000000085a00000| Untracked 
|   9|0x0000000085b00000, 0x0000000085b00000, 0x0000000085c00000|  0%| F|  |TAMS 0x0000000085b00000, 0x0000000085b00000| Untracked 
|  10|0x0000000085c00000, 0x0000000085c00000, 0x0000000085d00000|  0%| F|  |TAMS 0x0000000085c00000, 0x0000000085c00000| Untracked 
|  11|0x0000000085d00000, 0x0000000085d00000, 0x0000000085e00000|  0%| F|  |TAMS 0x0000000085d00000, 0x0000000085d00000| Untracked 
|  12|0x0000000085e00000, 0x0000000085e00000, 0x0000000085f00000|  0%| F|  |TAMS 0x0000000085e00000, 0x0000000085e00000| Untracked 
|  13|0x0000000085f00000, 0x0000000085f00000, 0x0000000086000000|  0%| F|  |TAMS 0x0000000085f00000, 0x0000000085f00000| Untracked 
|  14|0x0000000086000000, 0x0000000086000000, 0x0000000086100000|  0%| F|  |TAMS 0x0000000086000000, 0x0000000086000000| Untracked 
|  15|0x0000000086100000, 0x0000000086100000, 0x0000000086200000|  0%| F|  |TAMS 0x0000000086100000, 0x0000000086100000| Untracked 
|  16|0x0000000086200000, 0x0000000086200000, 0x0000000086300000|  0%| F|  |TAMS 0x0000000086200000, 0x0000000086200000| Untracked 
|  17|0x0000000086300000, 0x0000000086300000, 0x0000000086400000|  0%| F|  |TAMS 0x0000000086300000, 0x0000000086300000| Untracked 
|  18|0x0000000086400000, 0x0000000086400000, 0x0000000086500000|  0%| F|  |TAMS 0x0000000086400000, 0x0000000086400000| Untracked 
|  19|0x0000000086500000, 0x0000000086500000, 0x0000000086600000|  0%| F|  |TAMS 0x0000000086500000, 0x0000000086500000| Untracked 
|  20|0x0000000086600000, 0x0000000086600000, 0x0000000086700000|  0%| F|  |TAMS 0x0000000086600000, 0x0000000086600000| Untracked 
|  21|0x0000000086700000, 0x0000000086700000, 0x0000000086800000|  0%| F|  |TAMS 0x0000000086700000, 0x0000000086700000| Untracked 
|  22|0x0000000086800000, 0x0000000086800000, 0x0000000086900000|  0%| F|  |TAMS 0x0000000086800000, 0x0000000086800000| Untracked 
|  23|0x0000000086900000, 0x0000000086900000, 0x0000000086a00000|  0%| F|  |TAMS 0x0000000086900000, 0x0000000086900000| Untracked 
|  24|0x0000000086a00000, 0x0000000086a00000, 0x0000000086b00000|  0%| F|  |TAMS 0x0000000086a00000, 0x0000000086a00000| Untracked 
|  25|0x0000000086b00000, 0x0000000086b00000, 0x0000000086c00000|  0%| F|  |TAMS 0x0000000086b00000, 0x0000000086b00000| Untracked 
|  26|0x0000000086c00000, 0x0000000086c00000, 0x0000000086d00000|  0%| F|  |TAMS 0x0000000086c00000, 0x0000000086c00000| Untracked 
|  27|0x0000000086d00000, 0x0000000086d00000, 0x0000000086e00000|  0%| F|  |TAMS 0x0000000086d00000, 0x0000000086d00000| Untracked 
|  28|0x0000000086e00000, 0x0000000086e00000, 0x0000000086f00000|  0%| F|  |TAMS 0x0000000086e00000, 0x0000000086e00000| Untracked 
|  29|0x0000000086f00000, 0x0000000086f00000, 0x0000000087000000|  0%| F|  |TAMS 0x0000000086f00000, 0x0000000086f00000| Untracked 
|  30|0x0000000087000000, 0x0000000087000000, 0x0000000087100000|  0%| F|  |TAMS 0x0000000087000000, 0x0000000087000000| Untracked 
|  31|0x0000000087100000, 0x0000000087100000, 0x0000000087200000|  0%| F|  |TAMS 0x0000000087100000, 0x0000000087100000| Untracked 
|  32|0x0000000087200000, 0x0000000087200000, 0x0000000087300000|  0%| F|  |TAMS 0x0000000087200000, 0x0000000087200000| Untracked 
|  33|0x0000000087300000, 0x0000000087300000, 0x0000000087400000|  0%| F|  |TAMS 0x0000000087300000, 0x0000000087300000| Untracked 
|  34|0x0000000087400000, 0x0000000087400000, 0x0000000087500000|  0%| F|  |TAMS 0x0000000087400000, 0x0000000087400000| Untracked 
|  35|0x0000000087500000, 0x0000000087500000, 0x0000000087600000|  0%| F|  |TAMS 0x0000000087500000, 0x0000000087500000| Untracked 
|  36|0x0000000087600000, 0x0000000087600000, 0x0000000087700000|  0%| F|  |TAMS 0x0000000087600000, 0x0000000087600000| Untracked 
|  37|0x0000000087700000, 0x0000000087700000, 0x0000000087800000|  0%| F|  |TAMS 0x0000000087700000, 0x0000000087700000| Untracked 
|  38|0x0000000087800000, 0x0000000087800000, 0x0000000087900000|  0%| F|  |TAMS 0x0000000087800000, 0x0000000087800000| Untracked 
|  39|0x0000000087900000, 0x0000000087900000, 0x0000000087a00000|  0%| F|  |TAMS 0x0000000087900000, 0x0000000087900000| Untracked 
|  40|0x0000000087a00000, 0x0000000087a00000, 0x0000000087b00000|  0%| F|  |TAMS 0x0000000087a00000, 0x0000000087a00000| Untracked 
|  41|0x0000000087b00000, 0x0000000087b00000, 0x0000000087c00000|  0%| F|  |TAMS 0x0000000087b00000, 0x0000000087b00000| Untracked 
|  42|0x0000000087c00000, 0x0000000087c00000, 0x0000000087d00000|  0%| F|  |TAMS 0x0000000087c00000, 0x0000000087c00000| Untracked 
|  43|0x0000000087d00000, 0x0000000087d00000, 0x0000000087e00000|  0%| F|  |TAMS 0x0000000087d00000, 0x0000000087d00000| Untracked 
|  44|0x0000000087e00000, 0x0000000087e00000, 0x0000000087f00000|  0%| F|  |TAMS 0x0000000087e00000, 0x0000000087e00000| Untracked 
|  45|0x0000000087f00000, 0x0000000087f00000, 0x0000000088000000|  0%| F|  |TAMS 0x0000000087f00000, 0x0000000087f00000| Untracked 
|  46|0x0000000088000000, 0x0000000088000000, 0x0000000088100000|  0%| F|  |TAMS 0x0000000088000000, 0x0000000088000000| Untracked 
|  47|0x0000000088100000, 0x0000000088100000, 0x0000000088200000|  0%| F|  |TAMS 0x0000000088100000, 0x0000000088100000| Untracked 
|  48|0x0000000088200000, 0x0000000088200000, 0x0000000088300000|  0%| F|  |TAMS 0x0000000088200000, 0x0000000088200000| Untracked 
|  49|0x0000000088300000, 0x0000000088300000, 0x0000000088400000|  0%| F|  |TAMS 0x0000000088300000, 0x0000000088300000| Untracked 
|  50|0x0000000088400000, 0x0000000088400000, 0x0000000088500000|  0%| F|  |TAMS 0x0000000088400000, 0x0000000088400000| Untracked 
|  51|0x0000000088500000, 0x0000000088500000, 0x0000000088600000|  0%| F|  |TAMS 0x0000000088500000, 0x0000000088500000| Untracked 
|  52|0x0000000088600000, 0x0000000088600000, 0x0000000088700000|  0%| F|  |TAMS 0x0000000088600000, 0x0000000088600000| Untracked 
|  53|0x0000000088700000, 0x0000000088700000, 0x0000000088800000|  0%| F|  |TAMS 0x0000000088700000, 0x0000000088700000| Untracked 
|  54|0x0000000088800000, 0x0000000088800000, 0x0000000088900000|  0%| F|  |TAMS 0x0000000088800000, 0x0000000088800000| Untracked 
|  55|0x0000000088900000, 0x0000000088900000, 0x0000000088a00000|  0%| F|  |TAMS 0x0000000088900000, 0x0000000088900000| Untracked 
|  56|0x0000000088a00000, 0x0000000088a00000, 0x0000000088b00000|  0%| F|  |TAMS 0x0000000088a00000, 0x0000000088a00000| Untracked 
|  57|0x0000000088b00000, 0x0000000088b00000, 0x0000000088c00000|  0%| F|  |TAMS 0x0000000088b00000, 0x0000000088b00000| Untracked 
|  58|0x0000000088c00000, 0x0000000088c00000, 0x0000000088d00000|  0%| F|  |TAMS 0x0000000088c00000, 0x0000000088c00000| Untracked 
|  59|0x0000000088d00000, 0x0000000088d00000, 0x0000000088e00000|  0%| F|  |TAMS 0x0000000088d00000, 0x0000000088d00000| Untracked 
|  60|0x0000000088e00000, 0x0000000088e00000, 0x0000000088f00000|  0%| F|  |TAMS 0x0000000088e00000, 0x0000000088e00000| Untracked 
|  61|0x0000000088f00000, 0x0000000088f00000, 0x0000000089000000|  0%| F|  |TAMS 0x0000000088f00000, 0x0000000088f00000| Untracked 
|  62|0x0000000089000000, 0x0000000089000000, 0x0000000089100000|  0%| F|  |TAMS 0x0000000089000000, 0x0000000089000000| Untracked 
|  63|0x0000000089100000, 0x0000000089100000, 0x0000000089200000|  0%| F|  |TAMS 0x0000000089100000, 0x0000000089100000| Untracked 
|  64|0x0000000089200000, 0x0000000089200000, 0x0000000089300000|  0%| F|  |TAMS 0x0000000089200000, 0x0000000089200000| Untracked 
|  65|0x0000000089300000, 0x0000000089300000, 0x0000000089400000|  0%| F|  |TAMS 0x0000000089300000, 0x0000000089300000| Untracked 
|  66|0x0000000089400000, 0x0000000089400000, 0x0000000089500000|  0%| F|  |TAMS 0x0000000089400000, 0x0000000089400000| Untracked 
|  67|0x0000000089500000, 0x0000000089500000, 0x0000000089600000|  0%| F|  |TAMS 0x0000000089500000, 0x0000000089500000| Untracked 
|  68|0x0000000089600000, 0x0000000089600000, 0x0000000089700000|  0%| F|  |TAMS 0x0000000089600000, 0x0000000089600000| Untracked 
|  69|0x0000000089700000, 0x0000000089700000, 0x0000000089800000|  0%| F|  |TAMS 0x0000000089700000, 0x0000000089700000| Untracked 
|  70|0x0000000089800000, 0x0000000089800000, 0x0000000089900000|  0%| F|  |TAMS 0x0000000089800000, 0x0000000089800000| Untracked 
|  71|0x0000000089900000, 0x0000000089900000, 0x0000000089a00000|  0%| F|  |TAMS 0x0000000089900000, 0x0000000089900000| Untracked 
|  72|0x0000000089a00000, 0x0000000089a00000, 0x0000000089b00000|  0%| F|  |TAMS 0x0000000089a00000, 0x0000000089a00000| Untracked 
|  73|0x0000000089b00000, 0x0000000089b00000, 0x0000000089c00000|  0%| F|  |TAMS 0x0000000089b00000, 0x0000000089b00000| Untracked 
|  74|0x0000000089c00000, 0x0000000089c00000, 0x0000000089d00000|  0%| F|  |TAMS 0x0000000089c00000, 0x0000000089c00000| Untracked 
|  75|0x0000000089d00000, 0x0000000089d00000, 0x0000000089e00000|  0%| F|  |TAMS 0x0000000089d00000, 0x0000000089d00000| Untracked 
|  76|0x0000000089e00000, 0x0000000089e00000, 0x0000000089f00000|  0%| F|  |TAMS 0x0000000089e00000, 0x0000000089e00000| Untracked 
|  77|0x0000000089f00000, 0x0000000089f00000, 0x000000008a000000|  0%| F|  |TAMS 0x0000000089f00000, 0x0000000089f00000| Untracked 
|  78|0x000000008a000000, 0x000000008a000000, 0x000000008a100000|  0%| F|  |TAMS 0x000000008a000000, 0x000000008a000000| Untracked 
|  79|0x000000008a100000, 0x000000008a100000, 0x000000008a200000|  0%| F|  |TAMS 0x000000008a100000, 0x000000008a100000| Untracked 
|  80|0x000000008a200000, 0x000000008a200000, 0x000000008a300000|  0%| F|  |TAMS 0x000000008a200000, 0x000000008a200000| Untracked 
|  81|0x000000008a300000, 0x000000008a300000, 0x000000008a400000|  0%| F|  |TAMS 0x000000008a300000, 0x000000008a300000| Untracked 
|  82|0x000000008a400000, 0x000000008a400000, 0x000000008a500000|  0%| F|  |TAMS 0x000000008a400000, 0x000000008a400000| Untracked 
|  83|0x000000008a500000, 0x000000008a500000, 0x000000008a600000|  0%| F|  |TAMS 0x000000008a500000, 0x000000008a500000| Untracked 
|  84|0x000000008a600000, 0x000000008a600000, 0x000000008a700000|  0%| F|  |TAMS 0x000000008a600000, 0x000000008a600000| Untracked 
|  85|0x000000008a700000, 0x000000008a700000, 0x000000008a800000|  0%| F|  |TAMS 0x000000008a700000, 0x000000008a700000| Untracked 
|  86|0x000000008a800000, 0x000000008a800000, 0x000000008a900000|  0%| F|  |TAMS 0x000000008a800000, 0x000000008a800000| Untracked 
|  87|0x000000008a900000, 0x000000008a900000, 0x000000008aa00000|  0%| F|  |TAMS 0x000000008a900000, 0x000000008a900000| Untracked 
|  88|0x000000008aa00000, 0x000000008aa00000, 0x000000008ab00000|  0%| F|  |TAMS 0x000000008aa00000, 0x000000008aa00000| Untracked 
|  89|0x000000008ab00000, 0x000000008ab00000, 0x000000008ac00000|  0%| F|  |TAMS 0x000000008ab00000, 0x000000008ab00000| Untracked 
|  90|0x000000008ac00000, 0x000000008ac00000, 0x000000008ad00000|  0%| F|  |TAMS 0x000000008ac00000, 0x000000008ac00000| Untracked 
|  91|0x000000008ad00000, 0x000000008ad00000, 0x000000008ae00000|  0%| F|  |TAMS 0x000000008ad00000, 0x000000008ad00000| Untracked 
|  92|0x000000008ae00000, 0x000000008ae00000, 0x000000008af00000|  0%| F|  |TAMS 0x000000008ae00000, 0x000000008ae00000| Untracked 
|  93|0x000000008af00000, 0x000000008af00000, 0x000000008b000000|  0%| F|  |TAMS 0x000000008af00000, 0x000000008af00000| Untracked 
|  94|0x000000008b000000, 0x000000008b000000, 0x000000008b100000|  0%| F|  |TAMS 0x000000008b000000, 0x000000008b000000| Untracked 
|  95|0x000000008b100000, 0x000000008b100000, 0x000000008b200000|  0%| F|  |TAMS 0x000000008b100000, 0x000000008b100000| Untracked 
|  96|0x000000008b200000, 0x000000008b200000, 0x000000008b300000|  0%| F|  |TAMS 0x000000008b200000, 0x000000008b200000| Untracked 
|  97|0x000000008b300000, 0x000000008b300000, 0x000000008b400000|  0%| F|  |TAMS 0x000000008b300000, 0x000000008b300000| Untracked 
|  98|0x000000008b400000, 0x000000008b400000, 0x000000008b500000|  0%| F|  |TAMS 0x000000008b400000, 0x000000008b400000| Untracked 
|  99|0x000000008b500000, 0x000000008b500000, 0x000000008b600000|  0%| F|  |TAMS 0x000000008b500000, 0x000000008b500000| Untracked 
| 100|0x000000008b600000, 0x000000008b600000, 0x000000008b700000|  0%| F|  |TAMS 0x000000008b600000, 0x000000008b600000| Untracked 
| 101|0x000000008b700000, 0x000000008b700000, 0x000000008b800000|  0%| F|  |TAMS 0x000000008b700000, 0x000000008b700000| Untracked 
| 102|0x000000008b800000, 0x000000008b800000, 0x000000008b900000|  0%| F|  |TAMS 0x000000008b800000, 0x000000008b800000| Untracked 
| 103|0x000000008b900000, 0x000000008b900000, 0x000000008ba00000|  0%| F|  |TAMS 0x000000008b900000, 0x000000008b900000| Untracked 
| 104|0x000000008ba00000, 0x000000008ba00000, 0x000000008bb00000|  0%| F|  |TAMS 0x000000008ba00000, 0x000000008ba00000| Untracked 
| 105|0x000000008bb00000, 0x000000008bb00000, 0x000000008bc00000|  0%| F|  |TAMS 0x000000008bb00000, 0x000000008bb00000| Untracked 
| 106|0x000000008bc00000, 0x000000008bc00000, 0x000000008bd00000|  0%| F|  |TAMS 0x000000008bc00000, 0x000000008bc00000| Untracked 
| 107|0x000000008bd00000, 0x000000008bd00000, 0x000000008be00000|  0%| F|  |TAMS 0x000000008bd00000, 0x000000008bd00000| Untracked 
| 108|0x000000008be00000, 0x000000008be00000, 0x000000008bf00000|  0%| F|  |TAMS 0x000000008be00000, 0x000000008be00000| Untracked 
| 109|0x000000008bf00000, 0x000000008bf00000, 0x000000008c000000|  0%| F|  |TAMS 0x000000008bf00000, 0x000000008bf00000| Untracked 
| 110|0x000000008c000000, 0x000000008c000000, 0x000000008c100000|  0%| F|  |TAMS 0x000000008c000000, 0x000000008c000000| Untracked 
| 111|0x000000008c100000, 0x000000008c100000, 0x000000008c200000|  0%| F|  |TAMS 0x000000008c100000, 0x000000008c100000| Untracked 
| 112|0x000000008c200000, 0x000000008c200000, 0x000000008c300000|  0%| F|  |TAMS 0x000000008c200000, 0x000000008c200000| Untracked 
| 113|0x000000008c300000, 0x000000008c300000, 0x000000008c400000|  0%| F|  |TAMS 0x000000008c300000, 0x000000008c300000| Untracked 
| 114|0x000000008c400000, 0x000000008c400000, 0x000000008c500000|  0%| F|  |TAMS 0x000000008c400000, 0x000000008c400000| Untracked 
| 115|0x000000008c500000, 0x000000008c500000, 0x000000008c600000|  0%| F|  |TAMS 0x000000008c500000, 0x000000008c500000| Untracked 
| 116|0x000000008c600000, 0x000000008c600000, 0x000000008c700000|  0%| F|  |TAMS 0x000000008c600000, 0x000000008c600000| Untracked 
| 117|0x000000008c700000, 0x000000008c700000, 0x000000008c800000|  0%| F|  |TAMS 0x000000008c700000, 0x000000008c700000| Untracked 
| 118|0x000000008c800000, 0x000000008c800000, 0x000000008c900000|  0%| F|  |TAMS 0x000000008c800000, 0x000000008c800000| Untracked 
| 119|0x000000008c900000, 0x000000008c900000, 0x000000008ca00000|  0%| F|  |TAMS 0x000000008c900000, 0x000000008c900000| Untracked 
| 120|0x000000008ca00000, 0x000000008ca00000, 0x000000008cb00000|  0%| F|  |TAMS 0x000000008ca00000, 0x000000008ca00000| Untracked 
| 121|0x000000008cb00000, 0x000000008cb00000, 0x000000008cc00000|  0%| F|  |TAMS 0x000000008cb00000, 0x000000008cb00000| Untracked 
| 122|0x000000008cc00000, 0x000000008cc7b698, 0x000000008cd00000| 48%| E|  |TAMS 0x000000008cc00000, 0x000000008cc00000| Complete 
| 123|0x000000008cd00000, 0x000000008ce00000, 0x000000008ce00000|100%| E|CS|TAMS 0x000000008cd00000, 0x000000008cd00000| Complete 
|1964|0x00000000ffe00000, 0x00000000ffe34000, 0x00000000fff00000| 20%|OA|  |TAMS 0x00000000ffe00000, 0x00000000ffe00000| Untracked 
|1965|0x00000000fff00000, 0x00000000fff6a000, 0x0000000100000000| 41%|CA|  |TAMS 0x00000000fff00000, 0x00000000fff00000| Untracked 

Card table byte_map: [0x00007f2f58310000,0x00007f2f586e7000] _byte_map_base: 0x00007f2f57ee7000

Marking Bits (Prev, Next): (CMBitMap*) 0x00007f2f54050d58, (CMBitMap*) 0x00007f2f54050d90
 Prev Bits: [0x00007f2f36148000, 0x00007f2f38000000)
 Next Bits: [0x00007f2f34290000, 0x00007f2f36148000)

Polling page: 0x00007f2f5d3eb000

Metaspace:

Usage:
  Non-class:      4.20 MB capacity,   423.60 KB ( 10%) used,     3.79 MB ( 90%) free+waste,   512 bytes ( <1%) overhead. 
      Class:    424.00 KB capacity,    23.40 KB (  6%) used,   400.23 KB ( 94%) free+waste,   384 bytes ( <1%) overhead. 
       Both:      4.62 MB capacity,   447.00 KB (  9%) used,     4.18 MB ( 91%) free+waste,   896 bytes ( <1%) overhead. 

Virtual space:
  Non-class space:        8.00 MB reserved,       4.25 MB ( 53%) committed 
      Class space:        1.00 GB reserved,     512.00 KB ( <1%) committed 
             Both:        1.01 GB reserved,       4.75 MB ( <1%) committed 

Chunk freelists:
   Non-Class:  0 bytes
       Class:  24.00 KB
        Both:  24.00 KB

CodeHeap 'non-profiled nmethods': size=120032Kb used=22Kb max_used=22Kb free=120009Kb
 bounds [0x00007f2f4441e000, 0x00007f2f4468e000, 0x00007f2f4b956000]
CodeHeap 'profiled nmethods': size=120028Kb used=130Kb max_used=130Kb free=119897Kb
 bounds [0x00007f2f3cee7000, 0x00007f2f3d157000, 0x00007f2f4441e000]
CodeHeap 'non-nmethods': size=5700Kb used=1036Kb max_used=1047Kb free=4663Kb
 bounds [0x00007f2f3c956000, 0x00007f2f3cbc6000, 0x00007f2f3cee7000]
 total_blobs=464 nmethods=94 adapters=230
 compilation: enabled
              stopped_count=0, restarted_count=0
 full_count=0

Compilation events (10 events):
Event: 0.052 Thread 0x00007f2f54123000 nmethod 89 0x00007f2f44423510 code [0x00007f2f444236a0, 0x00007f2f44423738]
Event: 0.052 Thread 0x00007f2f54125000   90       3       java.util.Arrays::copyOfRange (63 bytes)
Event: 0.052 Thread 0x00007f2f54125000 nmethod 90 0x00007f2f3cf05690 code [0x00007f2f3cf05920, 0x00007f2f3cf064b8]
Event: 0.053 Thread 0x00007f2f54125000   91       1       java.util.zip.Inflater$InflaterZStreamRef::address (5 bytes)
Event: 0.053 Thread 0x00007f2f54125000 nmethod 91 0x00007f2f44423810 code [0x00007f2f444239c0, 0x00007f2f44423af0]
Event: 0.059 Thread 0x00007f2f54125000   92       3       java.lang.AbstractStringBuilder::putStringAt (29 bytes)
Event: 0.060 Thread 0x00007f2f54125000 nmethod 92 0x00007f2f3cf06910 code [0x00007f2f3cf06b00, 0x00007f2f3cf06e78]
Event: 0.060 Thread 0x00007f2f54125000   93       3       java.lang.AbstractStringBuilder::getCoder (15 bytes)
Event: 0.060 Thread 0x00007f2f54125000 nmethod 93 0x00007f2f3cf06f90 code [0x00007f2f3cf07140, 0x00007f2f3cf072f0]
Event: 0.060 Thread 0x00007f2f54125000   94       3       java.lang.String::getBytes (44 bytes)

GC Heap History (0 events):
No events

Deoptimization events (4 events):
Event: 0.029 Thread 0x00007f2f54012000 Uncommon trap: trap_request=0xffffff4d fr.pc=0x00007f2f444223c8 relative=0x0000000000000088
Event: 0.029 Thread 0x00007f2f54012000 Uncommon trap: reason=unstable_if action=reinterpret pc=0x00007f2f444223c8 method=java.lang.String.hashCode()I @ 14 c2
Event: 0.029 Thread 0x00007f2f54012000 DEOPT PACKING pc=0x00007f2f444223c8 sp=0x00007f2f5d3d01a0
Event: 0.029 Thread 0x00007f2f54012000 DEOPT UNPACKING pc=0x00007f2f3c97e9a5 sp=0x00007f2f5d3d0158 mode 2

Classes redefined (0 events):
No events

Internal exceptions (0 events):
No events

Events (10 events):
Event: 0.051 loading class com/cyberbotics/webots/controller/Accelerometer
Event: 0.051 loading class com/cyberbotics/webots/controller/Accelerometer done
Event: 0.051 loading class com/cyberbotics/webots/controller/GPS
Event: 0.051 loading class com/cyberbotics/webots/controller/GPS done
Event: 0.052 loading class com/cyberbotics/webots/controller/Gyro
Event: 0.052 loading class com/cyberbotics/webots/controller/Gyro done
Event: 0.052 loading class com/cyberbotics/webots/controller/TouchSensor
Event: 0.052 loading class com/cyberbotics/webots/controller/TouchSensor done
Event: 0.052 loading class com/cyberbotics/webots/controller/Motion
Event: 0.052 loading class com/cyberbotics/webots/controller/Motion done


Dynamic libraries:
85200000-8ce00000 rw-p 00000000 00:00 0 
8ce00000-ffe00000 ---p 00000000 00:00 0 
ffe00000-ffe34000 rw-p 01116000 08:01 23594776                           /usr/lib/jvm/java-11-openjdk-amd64/lib/server/classes.jsa
ffe34000-fff00000 rw-p 00000000 00:00 0 
fff00000-fff6a000 rw-p 010ac000 08:01 23594776                           /usr/lib/jvm/java-11-openjdk-amd64/lib/server/classes.jsa
fff6a000-100000000 rw-p 00000000 00:00 0 
800000000-800002000 rwxp 00001000 08:01 23594776                         /usr/lib/jvm/java-11-openjdk-amd64/lib/server/classes.jsa
800002000-8003bd000 rw-p 00003000 08:01 23594776                         /usr/lib/jvm/java-11-openjdk-amd64/lib/server/classes.jsa
8003bd000-800a98000 r--p 003be000 08:01 23594776                         /usr/lib/jvm/java-11-openjdk-amd64/lib/server/classes.jsa
800a98000-800a99000 rw-p 00a99000 08:01 23594776                         /usr/lib/jvm/java-11-openjdk-amd64/lib/server/classes.jsa
800a99000-8010ab000 r--p 00a9a000 08:01 23594776                         /usr/lib/jvm/java-11-openjdk-amd64/lib/server/classes.jsa
840000000-840080000 rw-p 00000000 00:00 0 
840080000-880000000 ---p 00000000 00:00 0 
55fea6f08000-55fea6f09000 r-xp 00000000 08:01 23598662                   /usr/lib/jvm/java-11-openjdk-amd64/bin/java
55fea7109000-55fea710a000 r--p 00001000 08:01 23598662                   /usr/lib/jvm/java-11-openjdk-amd64/bin/java
55fea710a000-55fea710b000 rw-p 00002000 08:01 23598662                   /usr/lib/jvm/java-11-openjdk-amd64/bin/java
55fea7aa0000-55fea7ac1000 rw-p 00000000 00:00 0                          [heap]
7f2ef4000000-7f2ef4021000 rw-p 00000000 00:00 0 
7f2ef4021000-7f2ef8000000 ---p 00000000 00:00 0 
7f2efae4a000-7f2efae4d000 r-xp 00000000 08:01 26486644                   /home/pc/Downloads/webots/resources/projects/plugins/robot_windows/generic/libgeneric.so
7f2efae4d000-7f2efb04c000 ---p 00003000 08:01 26486644                   /home/pc/Downloads/webots/resources/projects/plugins/robot_windows/generic/libgeneric.so
7f2efb04c000-7f2efb04d000 r--p 00002000 08:01 26486644                   /home/pc/Downloads/webots/resources/projects/plugins/robot_windows/generic/libgeneric.so
7f2efb04d000-7f2efb04e000 rw-p 00003000 08:01 26486644                   /home/pc/Downloads/webots/resources/projects/plugins/robot_windows/generic/libgeneric.so
7f2efb04e000-7f2efb059000 r-xp 00000000 08:01 27920478                   /home/pc/Downloads/webots/lib/libjbig.so.0
7f2efb059000-7f2efb258000 ---p 0000b000 08:01 27920478                   /home/pc/Downloads/webots/lib/libjbig.so.0
7f2efb258000-7f2efb259000 r--p 0000a000 08:01 27920478                   /home/pc/Downloads/webots/lib/libjbig.so.0
7f2efb259000-7f2efb25c000 rw-p 0000b000 08:01 27920478                   /home/pc/Downloads/webots/lib/libjbig.so.0
7f2efb25c000-7f2efb280000 r-xp 00000000 08:01 14684814                   /lib/x86_64-linux-gnu/liblzma.so.5.2.2
7f2efb280000-7f2efb480000 ---p 00024000 08:01 14684814                   /lib/x86_64-linux-gnu/liblzma.so.5.2.2
7f2efb480000-7f2efb481000 r--p 00024000 08:01 14684814                   /lib/x86_64-linux-gnu/liblzma.so.5.2.2
7f2efb481000-7f2efb482000 rw-p 00025000 08:01 14684814                   /lib/x86_64-linux-gnu/liblzma.so.5.2.2
7f2efb482000-7f2efb4a6000 r-xp 00000000 08:01 27920388                   /home/pc/Downloads/webots/lib/libpng12.so.0
7f2efb4a6000-7f2efb6a5000 ---p 00024000 08:01 27920388                   /home/pc/Downloads/webots/lib/libpng12.so.0
7f2efb6a5000-7f2efb6a6000 r--p 00023000 08:01 27920388                   /home/pc/Downloads/webots/lib/libpng12.so.0
7f2efb6a6000-7f2efb6a7000 rw-p 00024000 08:01 27920388                   /home/pc/Downloads/webots/lib/libpng12.so.0
7f2efb6a7000-7f2efb6fe000 r-xp 00000000 08:01 27920398                   /home/pc/Downloads/webots/lib/libjpeg.so.8
7f2efb6fe000-7f2efb8fe000 ---p 00057000 08:01 27920398                   /home/pc/Downloads/webots/lib/libjpeg.so.8
7f2efb8fe000-7f2efb8ff000 r--p 00057000 08:01 27920398                   /home/pc/Downloads/webots/lib/libjpeg.so.8
7f2efb8ff000-7f2efb900000 rw-p 00058000 08:01 27920398                   /home/pc/Downloads/webots/lib/libjpeg.so.8
7f2efb900000-7f2efb971000 r-xp 00000000 08:01 27920411                   /home/pc/Downloads/webots/lib/libtiff.so.5
7f2efb971000-7f2efbb71000 ---p 00071000 08:01 27920411                   /home/pc/Downloads/webots/lib/libtiff.so.5
7f2efbb71000-7f2efbb72000 r--p 00071000 08:01 27920411                   /home/pc/Downloads/webots/lib/libtiff.so.5
7f2efbb72000-7f2efbb75000 rw-p 00072000 08:01 27920411                   /home/pc/Downloads/webots/lib/libtiff.so.5
7f2efbb75000-7f2efbbc1000 r-xp 00000000 08:01 27920472                   /home/pc/Downloads/webots/lib/libController.so
7f2efbbc1000-7f2efbdc0000 ---p 0004c000 08:01 27920472                   /home/pc/Downloads/webots/lib/libController.so
7f2efbdc0000-7f2efbdc1000 r--p 0004b000 08:01 27920472                   /home/pc/Downloads/webots/lib/libController.so
7f2efbdc1000-7f2efbdc2000 rw-p 0004c000 08:01 27920472                   /home/pc/Downloads/webots/lib/libController.so
7f2efbdc2000-7f2efbdc3000 rw-p 00000000 00:00 0 
7f2efbdc3000-7f2efbdfd000 r-xp 00000000 08:01 27920444                   /home/pc/Downloads/webots/lib/libCppController.so
7f2efbdfd000-7f2efbffc000 ---p 0003a000 08:01 27920444                   /home/pc/Downloads/webots/lib/libCppController.so
7f2efbffc000-7f2efbffe000 r--p 00039000 08:01 27920444                   /home/pc/Downloads/webots/lib/libCppController.so
7f2efbffe000-7f2efc000000 rw-p 0003b000 08:01 27920444                   /home/pc/Downloads/webots/lib/libCppController.so
7f2efc000000-7f2efc021000 rw-p 00000000 00:00 0 
7f2efc021000-7f2f00000000 ---p 00000000 00:00 0 
7f2f00000000-7f2f00021000 rw-p 00000000 00:00 0 
7f2f00021000-7f2f04000000 ---p 00000000 00:00 0 
7f2f04000000-7f2f04057000 rw-p 00000000 00:00 0 
7f2f04057000-7f2f08000000 ---p 00000000 00:00 0 
7f2f08000000-7f2f08021000 rw-p 00000000 00:00 0 
7f2f08021000-7f2f0c000000 ---p 00000000 00:00 0 
7f2f0c000000-7f2f0c021000 rw-p 00000000 00:00 0 
7f2f0c021000-7f2f10000000 ---p 00000000 00:00 0 
7f2f10000000-7f2f10060000 rw-p 00000000 00:00 0 
7f2f10060000-7f2f14000000 ---p 00000000 00:00 0 
7f2f14000000-7f2f14021000 rw-p 00000000 00:00 0 
7f2f14021000-7f2f18000000 ---p 00000000 00:00 0 
7f2f18000000-7f2f18021000 rw-p 00000000 00:00 0 
7f2f18021000-7f2f1c000000 ---p 00000000 00:00 0 
7f2f1c000000-7f2f1c021000 rw-p 00000000 00:00 0 
7f2f1c021000-7f2f20000000 ---p 00000000 00:00 0 
7f2f20000000-7f2f20021000 rw-p 00000000 00:00 0 
7f2f20021000-7f2f24000000 ---p 00000000 00:00 0 
7f2f24000000-7f2f24021000 rw-p 00000000 00:00 0 
7f2f24021000-7f2f28000000 ---p 00000000 00:00 0 
7f2f28000000-7f2f28021000 rw-p 00000000 00:00 0 
7f2f28021000-7f2f2c000000 ---p 00000000 00:00 0 
7f2f2c1da000-7f2f2c216000 r-xp 00000000 08:01 27920368                   /home/pc/Downloads/webots/lib/java/libJavaController.so
7f2f2c216000-7f2f2c415000 ---p 0003c000 08:01 27920368                   /home/pc/Downloads/webots/lib/java/libJavaController.so
7f2f2c415000-7f2f2c416000 r--p 0003b000 08:01 27920368                   /home/pc/Downloads/webots/lib/java/libJavaController.so
7f2f2c416000-7f2f2c417000 rw-p 0003c000 08:01 27920368                   /home/pc/Downloads/webots/lib/java/libJavaController.so
7f2f2c417000-7f2f2c42d000 r-xp 00000000 08:01 23598796                   /usr/lib/jvm/java-11-openjdk-amd64/lib/libnet.so
7f2f2c42d000-7f2f2c62c000 ---p 00016000 08:01 23598796                   /usr/lib/jvm/java-11-openjdk-amd64/lib/libnet.so
7f2f2c62c000-7f2f2c62d000 r--p 00015000 08:01 23598796                   /usr/lib/jvm/java-11-openjdk-amd64/lib/libnet.so
7f2f2c62d000-7f2f2c62e000 rw-p 00016000 08:01 23598796                   /usr/lib/jvm/java-11-openjdk-amd64/lib/libnet.so
7f2f2c62e000-7f2f2c63e000 r-xp 00000000 08:01 23598797                   /usr/lib/jvm/java-11-openjdk-amd64/lib/libnio.so
7f2f2c63e000-7f2f2c83d000 ---p 00010000 08:01 23598797                   /usr/lib/jvm/java-11-openjdk-amd64/lib/libnio.so
7f2f2c83d000-7f2f2c83e000 r--p 0000f000 08:01 23598797                   /usr/lib/jvm/java-11-openjdk-amd64/lib/libnio.so
7f2f2c83e000-7f2f2c83f000 rw-p 00010000 08:01 23598797                   /usr/lib/jvm/java-11-openjdk-amd64/lib/libnio.so
7f2f2c83f000-7f2f2c843000 ---p 00000000 00:00 0 
7f2f2c843000-7f2f2c940000 rw-p 00000000 00:00 0 
7f2f2c940000-7f2f2c941000 ---p 00000000 00:00 0 
7f2f2c941000-7f2f2ca42000 rw-p 00000000 00:00 0 
7f2f2ca42000-7f2f2ca46000 ---p 00000000 00:00 0 
7f2f2ca46000-7f2f2cb43000 rw-p 00000000 00:00 0 
7f2f2cb43000-7f2f2cb47000 ---p 00000000 00:00 0 
7f2f2cb47000-7f2f2cc44000 rw-p 00000000 00:00 0 
7f2f2cc44000-7f2f2cc48000 ---p 00000000 00:00 0 
7f2f2cc48000-7f2f2cd45000 rw-p 00000000 00:00 0 
7f2f2cd45000-7f2f2cd49000 ---p 00000000 00:00 0 
7f2f2cd49000-7f2f2ce46000 rw-p 00000000 00:00 0 
7f2f2ce46000-7f2f2ce4a000 ---p 00000000 00:00 0 
7f2f2ce4a000-7f2f2cf47000 rw-p 00000000 00:00 0 
7f2f2cf47000-7f2f2d277000 r--p 00000000 08:01 23598983                   /usr/lib/locale/locale-archive
7f2f2d277000-7f2f2d27b000 ---p 00000000 00:00 0 
7f2f2d27b000-7f2f2d378000 rw-p 00000000 00:00 0 
7f2f2d378000-7f2f2d37c000 ---p 00000000 00:00 0 
7f2f2d37c000-7f2f2d479000 rw-p 00000000 00:00 0 
7f2f2d479000-7f2f2d47a000 ---p 00000000 00:00 0 
7f2f2d47a000-7f2f2da3c000 rw-p 00000000 00:00 0 
7f2f2da3c000-7f2f2ddfc000 ---p 00000000 00:00 0 
7f2f2ddfc000-7f2f2ddfd000 ---p 00000000 00:00 0 
7f2f2ddfd000-7f2f2defe000 rw-p 00000000 00:00 0 
7f2f2defe000-7f2f2deff000 ---p 00000000 00:00 0 
7f2f2deff000-7f2f30000000 rw-p 00000000 00:00 0 
7f2f30000000-7f2f30021000 rw-p 00000000 00:00 0 
7f2f30021000-7f2f34000000 ---p 00000000 00:00 0 
7f2f34033000-7f2f34480000 rw-p 00000000 00:00 0 
7f2f34480000-7f2f36140000 ---p 00000000 00:00 0 
7f2f36140000-7f2f36338000 rw-p 00000000 00:00 0 
7f2f36338000-7f2f37ff8000 ---p 00000000 00:00 0 
7f2f37ff8000-7f2f38000000 rw-p 00000000 00:00 0 
7f2f38000000-7f2f38021000 rw-p 00000000 00:00 0 
7f2f38021000-7f2f3c000000 ---p 00000000 00:00 0 
7f2f3c021000-7f2f3c5bd000 rw-p 00000000 00:00 0 
7f2f3c5bd000-7f2f3c955000 ---p 00000000 00:00 0 
7f2f3c955000-7f2f3c956000 rw-p 00000000 00:00 0 
7f2f3c956000-7f2f3cbc6000 rwxp 00000000 00:00 0 
7f2f3cbc6000-7f2f3cee7000 ---p 00000000 00:00 0 
7f2f3cee7000-7f2f3d157000 rwxp 00000000 00:00 0 
7f2f3d157000-7f2f4441e000 ---p 00000000 00:00 0 
7f2f4441e000-7f2f4468e000 rwxp 00000000 00:00 0 
7f2f4468e000-7f2f4b956000 ---p 00000000 00:00 0 
7f2f4b956000-7f2f54000000 r--s 00000000 08:01 23598823                   /usr/lib/jvm/java-11-openjdk-amd64/lib/modules
7f2f54000000-7f2f54204000 rw-p 00000000 00:00 0 
7f2f54204000-7f2f58000000 ---p 00000000 00:00 0 
7f2f5800b000-7f2f5810c000 rw-p 00000000 00:00 0 
7f2f5810c000-7f2f5810d000 ---p 00000000 00:00 0 
7f2f5810d000-7f2f5820e000 rw-p 00000000 00:00 0 
7f2f5820e000-7f2f5820f000 ---p 00000000 00:00 0 
7f2f5820f000-7f2f5834e000 rw-p 00000000 00:00 0 
7f2f5834e000-7f2f586e6000 ---p 00000000 00:00 0 
7f2f586e6000-7f2f58725000 rw-p 00000000 00:00 0 
7f2f58725000-7f2f58abd000 ---p 00000000 00:00 0 
7f2f58abd000-7f2f592c6000 rw-p 00000000 00:00 0 
7f2f592c6000-7f2f592c7000 ---p 00000000 00:00 0 
7f2f592c7000-7f2f593cd000 rw-p 00000000 00:00 0 
7f2f593cd000-7f2f594b3000 ---p 00000000 00:00 0 
7f2f594b3000-7f2f594b8000 rw-p 00000000 00:00 0 
7f2f594b8000-7f2f5959e000 ---p 00000000 00:00 0 
7f2f5959e000-7f2f595a3000 r-xp 00000000 08:01 23598787                   /usr/lib/jvm/java-11-openjdk-amd64/lib/libjimage.so
7f2f595a3000-7f2f597a2000 ---p 00005000 08:01 23598787                   /usr/lib/jvm/java-11-openjdk-amd64/lib/libjimage.so
7f2f597a2000-7f2f597a3000 r--p 00004000 08:01 23598787                   /usr/lib/jvm/java-11-openjdk-amd64/lib/libjimage.so
7f2f597a3000-7f2f597a4000 rw-p 00005000 08:01 23598787                   /usr/lib/jvm/java-11-openjdk-amd64/lib/libjimage.so
7f2f597a4000-7f2f597ab000 r-xp 00000000 08:01 23598822                   /usr/lib/jvm/java-11-openjdk-amd64/lib/libzip.so
7f2f597ab000-7f2f599aa000 ---p 00007000 08:01 23598822                   /usr/lib/jvm/java-11-openjdk-amd64/lib/libzip.so
7f2f599aa000-7f2f599ab000 r--p 00006000 08:01 23598822                   /usr/lib/jvm/java-11-openjdk-amd64/lib/libzip.so
7f2f599ab000-7f2f599ac000 rw-p 00007000 08:01 23598822                   /usr/lib/jvm/java-11-openjdk-amd64/lib/libzip.so
7f2f599ac000-7f2f599b7000 r-xp 00000000 08:01 14684844                   /lib/x86_64-linux-gnu/libnss_files-2.27.so
7f2f599b7000-7f2f59bb6000 ---p 0000b000 08:01 14684844                   /lib/x86_64-linux-gnu/libnss_files-2.27.so
7f2f59bb6000-7f2f59bb7000 r--p 0000a000 08:01 14684844                   /lib/x86_64-linux-gnu/libnss_files-2.27.so
7f2f59bb7000-7f2f59bb8000 rw-p 0000b000 08:01 14684844                   /lib/x86_64-linux-gnu/libnss_files-2.27.so
7f2f59bb8000-7f2f59bbe000 rw-p 00000000 00:00 0 
7f2f59bbe000-7f2f59bd5000 r-xp 00000000 08:01 14684838                   /lib/x86_64-linux-gnu/libnsl-2.27.so
7f2f59bd5000-7f2f59dd4000 ---p 00017000 08:01 14684838                   /lib/x86_64-linux-gnu/libnsl-2.27.so
7f2f59dd4000-7f2f59dd5000 r--p 00016000 08:01 14684838                   /lib/x86_64-linux-gnu/libnsl-2.27.so
7f2f59dd5000-7f2f59dd6000 rw-p 00017000 08:01 14684838                   /lib/x86_64-linux-gnu/libnsl-2.27.so
7f2f59dd6000-7f2f59dd8000 rw-p 00000000 00:00 0 
7f2f59dd8000-7f2f59de3000 r-xp 00000000 08:01 14684855                   /lib/x86_64-linux-gnu/libnss_nis-2.27.so
7f2f59de3000-7f2f59fe2000 ---p 0000b000 08:01 14684855                   /lib/x86_64-linux-gnu/libnss_nis-2.27.so
7f2f59fe2000-7f2f59fe3000 r--p 0000a000 08:01 14684855                   /lib/x86_64-linux-gnu/libnss_nis-2.27.so
7f2f59fe3000-7f2f59fe4000 rw-p 0000b000 08:01 14684855                   /lib/x86_64-linux-gnu/libnss_nis-2.27.so
7f2f59fe4000-7f2f59fec000 r-xp 00000000 08:01 14684840                   /lib/x86_64-linux-gnu/libnss_compat-2.27.so
7f2f59fec000-7f2f5a1ec000 ---p 00008000 08:01 14684840                   /lib/x86_64-linux-gnu/libnss_compat-2.27.so
7f2f5a1ec000-7f2f5a1ed000 r--p 00008000 08:01 14684840                   /lib/x86_64-linux-gnu/libnss_compat-2.27.so
7f2f5a1ed000-7f2f5a1ee000 rw-p 00009000 08:01 14684840                   /lib/x86_64-linux-gnu/libnss_compat-2.27.so
7f2f5a1ee000-7f2f5a217000 r-xp 00000000 08:01 23598779                   /usr/lib/jvm/java-11-openjdk-amd64/lib/libjava.so
7f2f5a217000-7f2f5a416000 ---p 00029000 08:01 23598779                   /usr/lib/jvm/java-11-openjdk-amd64/lib/libjava.so
7f2f5a416000-7f2f5a417000 r--p 00028000 08:01 23598779                   /usr/lib/jvm/java-11-openjdk-amd64/lib/libjava.so
7f2f5a417000-7f2f5a419000 rw-p 00029000 08:01 23598779                   /usr/lib/jvm/java-11-openjdk-amd64/lib/libjava.so
7f2f5a419000-7f2f5a426000 r-xp 00000000 08:01 23598814                   /usr/lib/jvm/java-11-openjdk-amd64/lib/libverify.so
7f2f5a426000-7f2f5a625000 ---p 0000d000 08:01 23598814                   /usr/lib/jvm/java-11-openjdk-amd64/lib/libverify.so
7f2f5a625000-7f2f5a627000 r--p 0000c000 08:01 23598814                   /usr/lib/jvm/java-11-openjdk-amd64/lib/libverify.so
7f2f5a627000-7f2f5a628000 rw-p 0000e000 08:01 23598814                   /usr/lib/jvm/java-11-openjdk-amd64/lib/libverify.so
7f2f5a628000-7f2f5a62f000 r-xp 00000000 08:01 14684895                   /lib/x86_64-linux-gnu/librt-2.27.so
7f2f5a62f000-7f2f5a82e000 ---p 00007000 08:01 14684895                   /lib/x86_64-linux-gnu/librt-2.27.so
7f2f5a82e000-7f2f5a82f000 r--p 00006000 08:01 14684895                   /lib/x86_64-linux-gnu/librt-2.27.so
7f2f5a82f000-7f2f5a830000 rw-p 00007000 08:01 14684895                   /lib/x86_64-linux-gnu/librt-2.27.so
7f2f5a830000-7f2f5a847000 r-xp 00000000 08:01 14680140                   /lib/x86_64-linux-gnu/libgcc_s.so.1
7f2f5a847000-7f2f5aa46000 ---p 00017000 08:01 14680140                   /lib/x86_64-linux-gnu/libgcc_s.so.1
7f2f5aa46000-7f2f5aa47000 r--p 00016000 08:01 14680140                   /lib/x86_64-linux-gnu/libgcc_s.so.1
7f2f5aa47000-7f2f5aa48000 rw-p 00017000 08:01 14680140                   /lib/x86_64-linux-gnu/libgcc_s.so.1
7f2f5aa48000-7f2f5abe5000 r-xp 00000000 08:01 14684817                   /lib/x86_64-linux-gnu/libm-2.27.so
7f2f5abe5000-7f2f5ade4000 ---p 0019d000 08:01 14684817                   /lib/x86_64-linux-gnu/libm-2.27.so
7f2f5ade4000-7f2f5ade5000 r--p 0019c000 08:01 14684817                   /lib/x86_64-linux-gnu/libm-2.27.so
7f2f5ade5000-7f2f5ade6000 rw-p 0019d000 08:01 14684817                   /lib/x86_64-linux-gnu/libm-2.27.so
7f2f5ade6000-7f2f5af5f000 r-xp 00000000 08:01 23597848                   /usr/lib/x86_64-linux-gnu/libstdc++.so.6.0.25
7f2f5af5f000-7f2f5b15f000 ---p 00179000 08:01 23597848                   /usr/lib/x86_64-linux-gnu/libstdc++.so.6.0.25
7f2f5b15f000-7f2f5b169000 r--p 00179000 08:01 23597848                   /usr/lib/x86_64-linux-gnu/libstdc++.so.6.0.25
7f2f5b169000-7f2f5b16b000 rw-p 00183000 08:01 23597848                   /usr/lib/x86_64-linux-gnu/libstdc++.so.6.0.25
7f2f5b16b000-7f2f5b16f000 rw-p 00000000 00:00 0 
7f2f5b16f000-7f2f5c23b000 r-xp 00000000 08:01 23598827                   /usr/lib/jvm/java-11-openjdk-amd64/lib/server/libjvm.so
7f2f5c23b000-7f2f5c43a000 ---p 010cc000 08:01 23598827                   /usr/lib/jvm/java-11-openjdk-amd64/lib/server/libjvm.so
7f2f5c43a000-7f2f5c4f7000 r--p 010cb000 08:01 23598827                   /usr/lib/jvm/java-11-openjdk-amd64/lib/server/libjvm.so
7f2f5c4f7000-7f2f5c530000 rw-p 01188000 08:01 23598827                   /usr/lib/jvm/java-11-openjdk-amd64/lib/server/libjvm.so
7f2f5c530000-7f2f5c586000 rw-p 00000000 00:00 0 
7f2f5c586000-7f2f5c5a0000 r-xp 00000000 08:01 14684887                   /lib/x86_64-linux-gnu/libpthread-2.27.so
7f2f5c5a0000-7f2f5c79f000 ---p 0001a000 08:01 14684887                   /lib/x86_64-linux-gnu/libpthread-2.27.so
7f2f5c79f000-7f2f5c7a0000 r--p 00019000 08:01 14684887                   /lib/x86_64-linux-gnu/libpthread-2.27.so
7f2f5c7a0000-7f2f5c7a1000 rw-p 0001a000 08:01 14684887                   /lib/x86_64-linux-gnu/libpthread-2.27.so
7f2f5c7a1000-7f2f5c7a5000 rw-p 00000000 00:00 0 
7f2f5c7a5000-7f2f5c7a8000 r-xp 00000000 08:01 14684777                   /lib/x86_64-linux-gnu/libdl-2.27.so
7f2f5c7a8000-7f2f5c9a7000 ---p 00003000 08:01 14684777                   /lib/x86_64-linux-gnu/libdl-2.27.so
7f2f5c9a7000-7f2f5c9a8000 r--p 00002000 08:01 14684777                   /lib/x86_64-linux-gnu/libdl-2.27.so
7f2f5c9a8000-7f2f5c9a9000 rw-p 00003000 08:01 14684777                   /lib/x86_64-linux-gnu/libdl-2.27.so
7f2f5c9a9000-7f2f5c9c5000 r-xp 00000000 08:01 14684928                   /lib/x86_64-linux-gnu/libz.so.1.2.11
7f2f5c9c5000-7f2f5cbc4000 ---p 0001c000 08:01 14684928                   /lib/x86_64-linux-gnu/libz.so.1.2.11
7f2f5cbc4000-7f2f5cbc5000 r--p 0001b000 08:01 14684928                   /lib/x86_64-linux-gnu/libz.so.1.2.11
7f2f5cbc5000-7f2f5cbc6000 rw-p 0001c000 08:01 14684928                   /lib/x86_64-linux-gnu/libz.so.1.2.11
7f2f5cbc6000-7f2f5cdad000 r-xp 00000000 08:01 14684754                   /lib/x86_64-linux-gnu/libc-2.27.so
7f2f5cdad000-7f2f5cfad000 ---p 001e7000 08:01 14684754                   /lib/x86_64-linux-gnu/libc-2.27.so
7f2f5cfad000-7f2f5cfb1000 r--p 001e7000 08:01 14684754                   /lib/x86_64-linux-gnu/libc-2.27.so
7f2f5cfb1000-7f2f5cfb3000 rw-p 001eb000 08:01 14684754                   /lib/x86_64-linux-gnu/libc-2.27.so
7f2f5cfb3000-7f2f5cfb7000 rw-p 00000000 00:00 0 
7f2f5cfb7000-7f2f5cfc7000 r-xp 00000000 08:01 23598742                   /usr/lib/jvm/java-11-openjdk-amd64/lib/jli/libjli.so
7f2f5cfc7000-7f2f5d1c6000 ---p 00010000 08:01 23598742                   /usr/lib/jvm/java-11-openjdk-amd64/lib/jli/libjli.so
7f2f5d1c6000-7f2f5d1c7000 r--p 0000f000 08:01 23598742                   /usr/lib/jvm/java-11-openjdk-amd64/lib/jli/libjli.so
7f2f5d1c7000-7f2f5d1c8000 rw-p 00010000 08:01 23598742                   /usr/lib/jvm/java-11-openjdk-amd64/lib/jli/libjli.so
7f2f5d1c8000-7f2f5d1ef000 r-xp 00000000 08:01 14684726                   /lib/x86_64-linux-gnu/ld-2.27.so
7f2f5d211000-7f2f5d2d2000 rw-p 00000000 00:00 0 
7f2f5d2d2000-7f2f5d2d6000 ---p 00000000 00:00 0 
7f2f5d2d6000-7f2f5d3dc000 rw-p 00000000 00:00 0 
7f2f5d3dc000-7f2f5d3e3000 ---p 00000000 00:00 0 
7f2f5d3e3000-7f2f5d3eb000 rw-s 00000000 08:01 28966981                   /tmp/hsperfdata_pc/3950
7f2f5d3eb000-7f2f5d3ec000 ---p 00000000 00:00 0 
7f2f5d3ec000-7f2f5d3ed000 r--p 00000000 00:00 0 
7f2f5d3ed000-7f2f5d3ef000 rw-p 00000000 00:00 0 
7f2f5d3ef000-7f2f5d3f0000 r--p 00027000 08:01 14684726                   /lib/x86_64-linux-gnu/ld-2.27.so
7f2f5d3f0000-7f2f5d3f1000 rw-p 00028000 08:01 14684726                   /lib/x86_64-linux-gnu/ld-2.27.so
7f2f5d3f1000-7f2f5d3f2000 rw-p 00000000 00:00 0 
7ffe5acf7000-7ffe5ad18000 rw-p 00000000 00:00 0                          [stack]
7ffe5aded000-7ffe5adf0000 r--p 00000000 00:00 0                          [vvar]
7ffe5adf0000-7ffe5adf2000 r-xp 00000000 00:00 0                          [vdso]
ffffffffff600000-ffffffffff601000 r-xp 00000000 00:00 0                  [vsyscall]


VM Arguments:
jvm_args: -Djava.library.path=/home/pc/Downloads/webots/lib/java 
java_command: SensorController
java_class_path (initial): /home/pc/Downloads/webots/lib/java/Controller.jar:/home/pc/Dokumente/SP1920/my_project/controllers/SensorController/
Launcher Type: SUN_STANDARD

[Global flags]
     intx CICompilerCount                          = 4                                         {product} {ergonomic}
     uint ConcGCThreads                            = 2                                         {product} {ergonomic}
     uint G1ConcRefinementThreads                  = 8                                         {product} {ergonomic}
   size_t G1HeapRegionSize                         = 1048576                                   {product} {ergonomic}
    uintx GCDrainStackTargetSize                   = 64                                        {product} {ergonomic}
   size_t InitialHeapSize                          = 130023424                                 {product} {ergonomic}
   size_t MarkStackSize                            = 4194304                                   {product} {ergonomic}
   size_t MaxHeapSize                              = 2061500416                                {product} {ergonomic}
   size_t MaxNewSize                               = 1236271104                                {product} {ergonomic}
   size_t MinHeapDeltaBytes                        = 1048576                                   {product} {ergonomic}
    uintx NonNMethodCodeHeapSize                   = 5835340                                {pd product} {ergonomic}
    uintx NonProfiledCodeHeapSize                  = 122911450                              {pd product} {ergonomic}
    uintx ProfiledCodeHeapSize                     = 122911450                              {pd product} {ergonomic}
    uintx ReservedCodeCacheSize                    = 251658240                              {pd product} {ergonomic}
     bool SegmentedCodeCache                       = true                                      {product} {ergonomic}
     bool UseCompressedClassPointers               = true                                 {lp64_product} {ergonomic}
     bool UseCompressedOops                        = true                                 {lp64_product} {ergonomic}
     bool UseG1GC                                  = true                                      {product} {ergonomic}

Logging:
Log output configuration:
 #0: stdout all=warning uptime,level,tags
 #1: stderr all=off uptime,level,tags

Environment Variables:
PATH=/usr/local/sbin:/usr/local/bin:/usr/sbin:/usr/bin:/sbin:/bin:/usr/games:/usr/local/games
LD_LIBRARY_PATH=/home/pc/Downloads/webots/projects/default/libraries/vehicle:/home/pc/Downloads/webots/projects/default/libraries/ros:/home/pc/Downloads/webots/resources/projects/libraries/qt_utils:/home/pc/Dokumente/SP1920/my_project/controllers/SensorController/:/home/pc/Downloads/webots/lib/:/tmp/webots-3220/lib:
SHELL=/bin/bash
DISPLAY=:0

Signal Handlers:
SIGSEGV: [libjvm.so+0xde5f50], sa_mask[0]=11111111011111111101111111111110, sa_flags=SA_RESTART|SA_SIGINFO
SIGBUS: [libjvm.so+0xde5f50], sa_mask[0]=11111111011111111101111111111110, sa_flags=SA_RESTART|SA_SIGINFO
SIGFPE: [libjvm.so+0xde5f50], sa_mask[0]=11111111011111111101111111111110, sa_flags=SA_RESTART|SA_SIGINFO
SIGPIPE: [libjvm.so+0xbba5b0], sa_mask[0]=11111111011111111101111111111110, sa_flags=SA_RESTART|SA_SIGINFO
SIGXFSZ: [libjvm.so+0xbba5b0], sa_mask[0]=11111111011111111101111111111110, sa_flags=SA_RESTART|SA_SIGINFO
SIGILL: [libjvm.so+0xde5f50], sa_mask[0]=11111111011111111101111111111110, sa_flags=SA_RESTART|SA_SIGINFO
SIGUSR2: [libjvm.so+0xbba450], sa_mask[0]=00000000000000000000000000000000, sa_flags=SA_RESTART|SA_SIGINFO
SIGHUP: [libjvm.so+0xbba7b0], sa_mask[0]=11111111011111111101111111111110, sa_flags=SA_RESTART|SA_SIGINFO
SIGINT: [libjvm.so+0xbba7b0], sa_mask[0]=11111111011111111101111111111110, sa_flags=SA_RESTART|SA_SIGINFO
SIGTERM: [libjvm.so+0xbba7b0], sa_mask[0]=11111111011111111101111111111110, sa_flags=SA_RESTART|SA_SIGINFO
SIGQUIT: [libjvm.so+0xbba7b0], sa_mask[0]=11111111011111111101111111111110, sa_flags=SA_RESTART|SA_SIGINFO


---------------  S Y S T E M  ---------------

OS:DISTRIB_ID=LinuxMint
DISTRIB_RELEASE=19.1
DISTRIB_CODENAME=tessa
DISTRIB_DESCRIPTION="Linux Mint 19.1 Tessa"
uname:Linux 4.15.0-55-generic #60-Ubuntu SMP Tue Jul 2 18:22:20 UTC 2019 x86_64
libc:glibc 2.27 NPTL 2.27 
rlimit: STACK 8192k, CORE 0k, NPROC 31197, NOFILE 4096, AS infinity, DATA infinity, FSIZE infinity
load average:0.90 0.94 0.52

/proc/meminfo:
MemTotal:        8051960 kB
MemFree:         4949928 kB
MemAvailable:    5854176 kB
Buffers:          149536 kB
Cached:          1658720 kB
SwapCached:            0 kB
Active:          1437944 kB
Inactive:        1417628 kB
Active(anon):    1048520 kB
Inactive(anon):   730860 kB
Active(file):     389424 kB
Inactive(file):   686768 kB
Unevictable:          32 kB
Mlocked:              32 kB
SwapTotal:       2097148 kB
SwapFree:        2097148 kB
Dirty:                52 kB
Writeback:             0 kB
AnonPages:       1048112 kB
Mapped:           493684 kB
Shmem:            731724 kB
Slab:             139648 kB
SReclaimable:      94584 kB
SUnreclaim:        45064 kB
KernelStack:        9988 kB
PageTables:        34204 kB
NFS_Unstable:          0 kB
Bounce:                0 kB
WritebackTmp:          0 kB
CommitLimit:     6123128 kB
Committed_AS:    5042836 kB
VmallocTotal:   34359738367 kB
VmallocUsed:           0 kB
VmallocChunk:          0 kB
HardwareCorrupted:     0 kB
AnonHugePages:         0 kB
ShmemHugePages:        0 kB
ShmemPmdMapped:        0 kB
CmaTotal:              0 kB
CmaFree:               0 kB
HugePages_Total:       0
HugePages_Free:        0
HugePages_Rsvd:        0
HugePages_Surp:        0
Hugepagesize:       2048 kB
DirectMap4k:      140224 kB
DirectMap2M:     8132608 kB


/proc/sys/kernel/threads-max (system-wide limit on the number of threads):
62394


/proc/sys/vm/max_map_count (maximum number of memory map areas a process may have):
65530


/proc/sys/kernel/pid_max (system-wide limit on number of process identifiers):
32768



container (cgroup) information:
container_type: cgroupv1
cpu_cpuset_cpus: 0-7
cpu_memory_nodes: 0
active_processor_count: 8
cpu_quota: -1
cpu_period: 100000
cpu_shares: -1
memory_limit_in_bytes: -1
memory_and_swap_limit_in_bytes: -2
memory_soft_limit_in_bytes: -1
memory_usage_in_bytes: 2925506560
memory_max_usage_in_bytes: 0

Steal ticks since vm start: 0
Steal ticks percentage since vm start:  0.000

CPU:total 8 (initial active 8) (4 cores per cpu, 2 threads per core) family 6 model 58 stepping 9, cmov, cx8, fxsr, mmx, sse, sse2, sse3, ssse3, sse4.1, sse4.2, popcnt, avx, aes, clmul, erms, ht, tsc, tscinvbit, tscinv
CPU Model and flags from /proc/cpuinfo:
model name	: Intel(R) Core(TM) i7-3770 CPU @ 3.40GHz
flags		: fpu vme de pse tsc msr pae mce cx8 apic sep mtrr pge mca cmov pat pse36 clflush dts acpi mmx fxsr sse sse2 ss ht tm pbe syscall nx rdtscp lm constant_tsc arch_perfmon pebs bts rep_good nopl xtopology nonstop_tsc cpuid aperfmperf pni pclmulqdq dtes64 monitor ds_cpl vmx smx est tm2 ssse3 cx16 xtpr pdcm pcid sse4_1 sse4_2 x2apic popcnt tsc_deadline_timer aes xsave avx f16c rdrand lahf_lm cpuid_fault epb pti ssbd ibrs ibpb stibp tpr_shadow vnmi flexpriority ept vpid fsgsbase smep erms xsaveopt dtherm ida arat pln pts md_clear flush_l1d

Memory: 4k page, physical 8051960k(4949928k free), swap 2097148k(2097148k free)

vm_info: OpenJDK 64-Bit Server VM (11.0.4+11-post-Ubuntu-1ubuntu218.04.3) for linux-amd64 JRE (11.0.4+11-post-Ubuntu-1ubuntu218.04.3), built on Jul 18 2019 18:21:46 by "buildd" with gcc 7.4.0

END.
