#
# A fatal error has been detected by the Java Runtime Environment:
#
#  SIGSEGV (0xb) at pc=0x00007f26ffdcdb32, pid=2624, tid=2625
#
# JRE version: OpenJDK Runtime Environment (10.0.2+13) (build 10.0.2+13-Ubuntu-1ubuntu0.18.04.4)
# Java VM: OpenJDK 64-Bit Server VM (10.0.2+13-Ubuntu-1ubuntu0.18.04.4, mixed mode, tiered, compressed oops, g1 gc, linux-amd64)
# Problematic frame:
# C  [libController.so+0x1bb32]  wbu_motion_new+0x5d2
#
# Core dump will be written. Default location: Core dumps may be processed with "/usr/share/apport/apport %p %s %c %d %P" (or dumping to /home/pc/Dokumente/my_project/controllers/SensorController/core.2624)
#
# If you would like to submit a bug report, please visit:
#   http://bugreport.java.com/bugreport/crash.jsp
# The crash happened outside the Java Virtual Machine in native code.
# See problematic frame for where to report the bug.
#

---------------  S U M M A R Y ------------

Command Line: -Djava.library.path=/home/pc/Downloads/webots/lib/java SensorController

Host: Intel(R) Core(TM) i7-3770 CPU @ 3.40GHz, 8 cores, 7G, Linux Mint 19.1 Tessa
Time: Wed Jun 19 10:47:05 2019 CEST elapsed time: 0 seconds (0d 0h 0m 0s)

---------------  T H R E A D  ---------------

Current thread (0x00007f27a4012000):  JavaThread "main" [_thread_in_native, id=2625, stack(0x00007f27ab125000,0x00007f27ab226000)]

Stack: [0x00007f27ab125000,0x00007f27ab226000],  sp=0x00007f27ab2236f0,  free space=1017k
Native frames: (J=compiled Java code, A=aot compiled Java code, j=interpreted, Vv=VM code, C=native code)
C  [libController.so+0x1bb32]  wbu_motion_new+0x5d2
C  [libCppController.so+0x28c7a]  webots::Motion::Motion(std::__cxx11::basic_string<char, std::char_traits<char>, std::allocator<char> > const&)+0x36
C  [libJavaController.so+0x27c5d]  Java_com_cyberbotics_webots_controller_wrapperJNI_new_1Motion+0x10a
j  com.cyberbotics.webots.controller.wrapperJNI.new_Motion(Ljava/lang/String;)J+0
j  com.cyberbotics.webots.controller.Motion.<init>(Ljava/lang/String;)V+2
j  SensorController.loadMotionFiles()V+118
j  SensorController.main([Ljava/lang/String;)V+22
v  ~StubRoutines::call_stub
V  [libjvm.so+0x83d38f]
V  [libjvm.so+0x85c3cd]
V  [libjvm.so+0x85e60e]
C  [libjli.so+0x4aa0]
C  [libjli.so+0x89dd]
C  [libpthread.so.0+0x76db]  start_thread+0xdb

Java frames: (J=compiled Java code, j=interpreted, Vv=VM code)
j  com.cyberbotics.webots.controller.wrapperJNI.new_Motion(Ljava/lang/String;)J+0
j  com.cyberbotics.webots.controller.Motion.<init>(Ljava/lang/String;)V+2
j  SensorController.loadMotionFiles()V+118
j  SensorController.main([Ljava/lang/String;)V+22
v  ~StubRoutines::call_stub

siginfo: si_signo: 11 (SIGSEGV), si_code: 1 (SEGV_MAPERR), si_addr: 0x0000000000000000

Register to memory mapping:

RAX=0x0000000000000000 is an unknown value
RBX=0x00007f27a424e650 is an unknown value
RCX=0x0000000000000000 is an unknown value
RDX=0x00007f27aae07a68: <offset 0x00000000003eda68> in /lib/x86_64-linux-gnu/libc.so.6 at 0x00007f27aaa1a000
RSP=0x00007f27ab2236f0 is pointing into the stack for thread: 0x00007f27a4012000
RBP=0x00007f27ab224770 is pointing into the stack for thread: 0x00007f27a4012000
RSI=0x00007f26ffdeafc3: <offset 0x0000000000038fc3> in /home/pc/Downloads/webots/lib/libController.so at 0x00007f26ffdb2000
RDI=0x0000000000000000 is an unknown value
R8 =0x0000000000000001 is an unknown value
R9 =0x0000000000000000 is an unknown value
R10=0x2b851eb851eb851e is an unknown value
R11=0x00007f26ffdeafde: <offset 0x0000000000038fde> in /home/pc/Downloads/webots/lib/libController.so at 0x00007f26ffdb2000
R12=0x00000000000000f8 is an unknown value
R13=0x000000000000007c is an unknown value
R14=0x0000000000000018 is an unknown value
R15=0x0000000000000003 is an unknown value


Registers:
RAX=0x0000000000000000, RBX=0x00007f27a424e650, RCX=0x0000000000000000, RDX=0x00007f27aae07a68
RSP=0x00007f27ab2236f0, RBP=0x00007f27ab224770, RSI=0x00007f26ffdeafc3, RDI=0x0000000000000000
R8 =0x0000000000000001, R9 =0x0000000000000000, R10=0x2b851eb851eb851e, R11=0x00007f26ffdeafde
R12=0x00000000000000f8, R13=0x000000000000007c, R14=0x0000000000000018, R15=0x0000000000000003
RIP=0x00007f26ffdcdb32, EFLAGS=0x0000000000010246, CSGSFS=0x002b000000000033, ERR=0x0000000000000004
  TRAPNO=0x000000000000000e

Top of Stack: (sp=0x00007f27ab2236f0)
0x00007f27ab2236f0:   34323a31303a3030 323365736f500030
0x00007f27ab223700:   003837342e302d00 302d003833322e30
0x00007f27ab223710:   39392e300037312e 3738342e302d2c33
0x00007f27ab223720:   2d2c37312e302d2c 2e302c3837342e30 

Instructions: (pc=0x00007f26ffdcdb32)
0x00007f26ffdcdb12:   08 4a 03 0c 22 48 89 ca e8 f1 21 ff ff 44 3b 3b
0x00007f26ffdcdb22:   7d 3c 48 8d 35 98 d4 01 00 31 ff e8 5e 26 ff ff
0x00007f26ffdcdb32:   80 38 2a 75 c1 80 78 01 00 75 bb 48 8b 43 30 f2
0x00007f26ffdcdb42:   0f 10 05 07 db 01 00 41 83 c7 01 4a 8b 04 20 f2 


---------------  P R O C E S S  ---------------

Threads class SMR info:
_java_thread_list=0x00007f27a41fc960, length=11, elements={
0x00007f27a4012000, 0x00007f27a4142800, 0x00007f27a4144800, 0x00007f27a414e000,
0x00007f27a4158800, 0x00007f27a415a800, 0x00007f27a415c800, 0x00007f27a415e800,
0x00007f27a4160800, 0x00007f27a41e4800, 0x00007f27a41fd000
}

Java Threads: ( => current thread )
=>0x00007f27a4012000 JavaThread "main" [_thread_in_native, id=2625, stack(0x00007f27ab125000,0x00007f27ab226000)]
  0x00007f27a4142800 JavaThread "Reference Handler" daemon [_thread_blocked, id=2648, stack(0x00007f27555fd000,0x00007f27556fe000)]
  0x00007f27a4144800 JavaThread "Finalizer" daemon [_thread_blocked, id=2649, stack(0x00007f27554fc000,0x00007f27555fd000)]
  0x00007f27a414e000 JavaThread "Signal Dispatcher" daemon [_thread_blocked, id=2650, stack(0x00007f27550cb000,0x00007f27551cc000)]
  0x00007f27a4158800 JavaThread "C2 CompilerThread0" daemon [_thread_blocked, id=2651, stack(0x00007f2754fca000,0x00007f27550cb000)]
  0x00007f27a415a800 JavaThread "C2 CompilerThread1" daemon [_thread_blocked, id=2652, stack(0x00007f2754ec9000,0x00007f2754fca000)]
  0x00007f27a415c800 JavaThread "C2 CompilerThread2" daemon [_thread_blocked, id=2653, stack(0x00007f2754dc8000,0x00007f2754ec9000)]
  0x00007f27a415e800 JavaThread "C1 CompilerThread3" daemon [_thread_blocked, id=2654, stack(0x00007f2754cc7000,0x00007f2754dc8000)]
  0x00007f27a4160800 JavaThread "Sweeper thread" daemon [_thread_blocked, id=2655, stack(0x00007f2754bc6000,0x00007f2754cc7000)]
  0x00007f27a41e4800 JavaThread "Service Thread" daemon [_thread_blocked, id=2659, stack(0x00007f2754ac5000,0x00007f2754bc6000)]
  0x00007f27a41fd000 JavaThread "Common-Cleaner" daemon [_thread_blocked, id=2661, stack(0x00007f27548c2000,0x00007f27549c3000)]

Other Threads:
  0x00007f27a4139000 VMThread "VM Thread" [stack: 0x00007f2755700000,0x00007f2755800000] [id=2646]
  0x00007f27a41e6800 WatcherThread [stack: 0x00007f27549c5000,0x00007f2754ac5000] [id=2660]
  0x00007f27a4028800 GCTaskThread "GC Thread#0" [stack: 0x00007f278acea000,0x00007f278adea000] [id=2626]
  0x00007f27a402a000 GCTaskThread "GC Thread#1" [stack: 0x00007f278abe8000,0x00007f278ace8000] [id=2627]
  0x00007f27a402c000 GCTaskThread "GC Thread#2" [stack: 0x00007f278aae6000,0x00007f278abe6000] [id=2628]
  0x00007f27a402d800 GCTaskThread "GC Thread#3" [stack: 0x00007f278a9e4000,0x00007f278aae4000] [id=2629]
  0x00007f27a402f000 GCTaskThread "GC Thread#4" [stack: 0x00007f278a8e2000,0x00007f278a9e2000] [id=2630]
  0x00007f27a4031000 GCTaskThread "GC Thread#5" [stack: 0x00007f278a7e0000,0x00007f278a8e0000] [id=2631]
  0x00007f27a4032800 GCTaskThread "GC Thread#6" [stack: 0x00007f278a6de000,0x00007f278a7de000] [id=2632]
  0x00007f27a4034800 GCTaskThread "GC Thread#7" [stack: 0x00007f278a5dc000,0x00007f278a6dc000] [id=2633]
  0x00007f27a405d800 ConcurrentGCThread "G1 Main Marker" [stack: 0x00007f278914d000,0x00007f278924d000] [id=2634]
  0x00007f27a405f800 ConcurrentGCThread "G1 Conc#0" [stack: 0x00007f278904b000,0x00007f278914b000] [id=2635]
  0x00007f27a4061000 ConcurrentGCThread "G1 Conc#1" [stack: 0x00007f2788f49000,0x00007f2789049000] [id=2636]
  0x00007f27a40c9800 ConcurrentGCThread "G1 Refine#0" [stack: 0x00007f278863f000,0x00007f278873f000] [id=2637]
  0x00007f27a40cb800 ConcurrentGCThread "G1 Refine#1" [stack: 0x00007f278853d000,0x00007f278863d000] [id=2638]
  0x00007f27a40cd000 ConcurrentGCThread "G1 Refine#2" [stack: 0x00007f278843b000,0x00007f278853b000] [id=2639]
  0x00007f27a40cf000 ConcurrentGCThread "G1 Refine#3" [stack: 0x00007f2788339000,0x00007f2788439000] [id=2640]
  0x00007f27a40d0800 ConcurrentGCThread "G1 Refine#4" [stack: 0x00007f2788237000,0x00007f2788337000] [id=2641]
  0x00007f27a40d2800 ConcurrentGCThread "G1 Refine#5" [stack: 0x00007f2788135000,0x00007f2788235000] [id=2642]
  0x00007f27a40d4000 ConcurrentGCThread "G1 Refine#6" [stack: 0x00007f2788033000,0x00007f2788133000] [id=2643]
  0x00007f27a40d6000 ConcurrentGCThread "G1 Refine#7" [stack: 0x00007f2768190000,0x00007f2768290000] [id=2644]
  0x00007f27a40d7800 ConcurrentGCThread "G1 Young RemSet Sampling" [stack: 0x00007f276808e000,0x00007f276818e000] [id=2645]

Threads with active compile tasks:

VM state:not at safepoint (normal execution)

VM Mutex/Monitor currently owned by a thread: None

Heap address: 0x0000000085200000, size: 1966 MB, Compressed Oops mode: 32-bit
Narrow klass base: 0x0000000000000000, Narrow klass shift: 3
Compressed class space size: 1073741824 Address: 0x0000000100000000

Heap:
 garbage-first heap   total 126976K, used 1024K [0x0000000085200000, 0x0000000100000000)
  region size 1024K, 2 young (2048K), 0 survivors (0K)
 Metaspace       used 4857K, capacity 4990K, committed 5120K, reserved 1056768K
  class space    used 398K, capacity 430K, committed 512K, reserved 1048576K
Heap Regions: E=young(eden), S=young(survivor), O=old, HS=humongous(starts), HC=humongous(continues), CS=collection set, F=free, A=archive, TS=gc time stamp, AC=allocation context, TAMS=top-at-mark-start (previous, next)
|   0|0x0000000085200000, 0x0000000085200000, 0x0000000085300000|  0%| F|  |TS  0|AC  0|TAMS 0x0000000085200000, 0x0000000085200000|
|   1|0x0000000085300000, 0x0000000085300000, 0x0000000085400000|  0%| F|  |TS  0|AC  0|TAMS 0x0000000085300000, 0x0000000085300000|
|   2|0x0000000085400000, 0x0000000085400000, 0x0000000085500000|  0%| F|  |TS  0|AC  0|TAMS 0x0000000085400000, 0x0000000085400000|
|   3|0x0000000085500000, 0x0000000085500000, 0x0000000085600000|  0%| F|  |TS  0|AC  0|TAMS 0x0000000085500000, 0x0000000085500000|
|   4|0x0000000085600000, 0x0000000085600000, 0x0000000085700000|  0%| F|  |TS  0|AC  0|TAMS 0x0000000085600000, 0x0000000085600000|
|   5|0x0000000085700000, 0x0000000085700000, 0x0000000085800000|  0%| F|  |TS  0|AC  0|TAMS 0x0000000085700000, 0x0000000085700000|
|   6|0x0000000085800000, 0x0000000085800000, 0x0000000085900000|  0%| F|  |TS  0|AC  0|TAMS 0x0000000085800000, 0x0000000085800000|
|   7|0x0000000085900000, 0x0000000085900000, 0x0000000085a00000|  0%| F|  |TS  0|AC  0|TAMS 0x0000000085900000, 0x0000000085900000|
|   8|0x0000000085a00000, 0x0000000085a00000, 0x0000000085b00000|  0%| F|  |TS  0|AC  0|TAMS 0x0000000085a00000, 0x0000000085a00000|
|   9|0x0000000085b00000, 0x0000000085b00000, 0x0000000085c00000|  0%| F|  |TS  0|AC  0|TAMS 0x0000000085b00000, 0x0000000085b00000|
|  10|0x0000000085c00000, 0x0000000085c00000, 0x0000000085d00000|  0%| F|  |TS  0|AC  0|TAMS 0x0000000085c00000, 0x0000000085c00000|
|  11|0x0000000085d00000, 0x0000000085d00000, 0x0000000085e00000|  0%| F|  |TS  0|AC  0|TAMS 0x0000000085d00000, 0x0000000085d00000|
|  12|0x0000000085e00000, 0x0000000085e00000, 0x0000000085f00000|  0%| F|  |TS  0|AC  0|TAMS 0x0000000085e00000, 0x0000000085e00000|
|  13|0x0000000085f00000, 0x0000000085f00000, 0x0000000086000000|  0%| F|  |TS  0|AC  0|TAMS 0x0000000085f00000, 0x0000000085f00000|
|  14|0x0000000086000000, 0x0000000086000000, 0x0000000086100000|  0%| F|  |TS  0|AC  0|TAMS 0x0000000086000000, 0x0000000086000000|
|  15|0x0000000086100000, 0x0000000086100000, 0x0000000086200000|  0%| F|  |TS  0|AC  0|TAMS 0x0000000086100000, 0x0000000086100000|
|  16|0x0000000086200000, 0x0000000086200000, 0x0000000086300000|  0%| F|  |TS  0|AC  0|TAMS 0x0000000086200000, 0x0000000086200000|
|  17|0x0000000086300000, 0x0000000086300000, 0x0000000086400000|  0%| F|  |TS  0|AC  0|TAMS 0x0000000086300000, 0x0000000086300000|
|  18|0x0000000086400000, 0x0000000086400000, 0x0000000086500000|  0%| F|  |TS  0|AC  0|TAMS 0x0000000086400000, 0x0000000086400000|
|  19|0x0000000086500000, 0x0000000086500000, 0x0000000086600000|  0%| F|  |TS  0|AC  0|TAMS 0x0000000086500000, 0x0000000086500000|
|  20|0x0000000086600000, 0x0000000086600000, 0x0000000086700000|  0%| F|  |TS  0|AC  0|TAMS 0x0000000086600000, 0x0000000086600000|
|  21|0x0000000086700000, 0x0000000086700000, 0x0000000086800000|  0%| F|  |TS  0|AC  0|TAMS 0x0000000086700000, 0x0000000086700000|
|  22|0x0000000086800000, 0x0000000086800000, 0x0000000086900000|  0%| F|  |TS  0|AC  0|TAMS 0x0000000086800000, 0x0000000086800000|
|  23|0x0000000086900000, 0x0000000086900000, 0x0000000086a00000|  0%| F|  |TS  0|AC  0|TAMS 0x0000000086900000, 0x0000000086900000|
|  24|0x0000000086a00000, 0x0000000086a00000, 0x0000000086b00000|  0%| F|  |TS  0|AC  0|TAMS 0x0000000086a00000, 0x0000000086a00000|
|  25|0x0000000086b00000, 0x0000000086b00000, 0x0000000086c00000|  0%| F|  |TS  0|AC  0|TAMS 0x0000000086b00000, 0x0000000086b00000|
|  26|0x0000000086c00000, 0x0000000086c00000, 0x0000000086d00000|  0%| F|  |TS  0|AC  0|TAMS 0x0000000086c00000, 0x0000000086c00000|
|  27|0x0000000086d00000, 0x0000000086d00000, 0x0000000086e00000|  0%| F|  |TS  0|AC  0|TAMS 0x0000000086d00000, 0x0000000086d00000|
|  28|0x0000000086e00000, 0x0000000086e00000, 0x0000000086f00000|  0%| F|  |TS  0|AC  0|TAMS 0x0000000086e00000, 0x0000000086e00000|
|  29|0x0000000086f00000, 0x0000000086f00000, 0x0000000087000000|  0%| F|  |TS  0|AC  0|TAMS 0x0000000086f00000, 0x0000000086f00000|
|  30|0x0000000087000000, 0x0000000087000000, 0x0000000087100000|  0%| F|  |TS  0|AC  0|TAMS 0x0000000087000000, 0x0000000087000000|
|  31|0x0000000087100000, 0x0000000087100000, 0x0000000087200000|  0%| F|  |TS  0|AC  0|TAMS 0x0000000087100000, 0x0000000087100000|
|  32|0x0000000087200000, 0x0000000087200000, 0x0000000087300000|  0%| F|  |TS  0|AC  0|TAMS 0x0000000087200000, 0x0000000087200000|
|  33|0x0000000087300000, 0x0000000087300000, 0x0000000087400000|  0%| F|  |TS  0|AC  0|TAMS 0x0000000087300000, 0x0000000087300000|
|  34|0x0000000087400000, 0x0000000087400000, 0x0000000087500000|  0%| F|  |TS  0|AC  0|TAMS 0x0000000087400000, 0x0000000087400000|
|  35|0x0000000087500000, 0x0000000087500000, 0x0000000087600000|  0%| F|  |TS  0|AC  0|TAMS 0x0000000087500000, 0x0000000087500000|
|  36|0x0000000087600000, 0x0000000087600000, 0x0000000087700000|  0%| F|  |TS  0|AC  0|TAMS 0x0000000087600000, 0x0000000087600000|
|  37|0x0000000087700000, 0x0000000087700000, 0x0000000087800000|  0%| F|  |TS  0|AC  0|TAMS 0x0000000087700000, 0x0000000087700000|
|  38|0x0000000087800000, 0x0000000087800000, 0x0000000087900000|  0%| F|  |TS  0|AC  0|TAMS 0x0000000087800000, 0x0000000087800000|
|  39|0x0000000087900000, 0x0000000087900000, 0x0000000087a00000|  0%| F|  |TS  0|AC  0|TAMS 0x0000000087900000, 0x0000000087900000|
|  40|0x0000000087a00000, 0x0000000087a00000, 0x0000000087b00000|  0%| F|  |TS  0|AC  0|TAMS 0x0000000087a00000, 0x0000000087a00000|
|  41|0x0000000087b00000, 0x0000000087b00000, 0x0000000087c00000|  0%| F|  |TS  0|AC  0|TAMS 0x0000000087b00000, 0x0000000087b00000|
|  42|0x0000000087c00000, 0x0000000087c00000, 0x0000000087d00000|  0%| F|  |TS  0|AC  0|TAMS 0x0000000087c00000, 0x0000000087c00000|
|  43|0x0000000087d00000, 0x0000000087d00000, 0x0000000087e00000|  0%| F|  |TS  0|AC  0|TAMS 0x0000000087d00000, 0x0000000087d00000|
|  44|0x0000000087e00000, 0x0000000087e00000, 0x0000000087f00000|  0%| F|  |TS  0|AC  0|TAMS 0x0000000087e00000, 0x0000000087e00000|
|  45|0x0000000087f00000, 0x0000000087f00000, 0x0000000088000000|  0%| F|  |TS  0|AC  0|TAMS 0x0000000087f00000, 0x0000000087f00000|
|  46|0x0000000088000000, 0x0000000088000000, 0x0000000088100000|  0%| F|  |TS  0|AC  0|TAMS 0x0000000088000000, 0x0000000088000000|
|  47|0x0000000088100000, 0x0000000088100000, 0x0000000088200000|  0%| F|  |TS  0|AC  0|TAMS 0x0000000088100000, 0x0000000088100000|
|  48|0x0000000088200000, 0x0000000088200000, 0x0000000088300000|  0%| F|  |TS  0|AC  0|TAMS 0x0000000088200000, 0x0000000088200000|
|  49|0x0000000088300000, 0x0000000088300000, 0x0000000088400000|  0%| F|  |TS  0|AC  0|TAMS 0x0000000088300000, 0x0000000088300000|
|  50|0x0000000088400000, 0x0000000088400000, 0x0000000088500000|  0%| F|  |TS  0|AC  0|TAMS 0x0000000088400000, 0x0000000088400000|
|  51|0x0000000088500000, 0x0000000088500000, 0x0000000088600000|  0%| F|  |TS  0|AC  0|TAMS 0x0000000088500000, 0x0000000088500000|
|  52|0x0000000088600000, 0x0000000088600000, 0x0000000088700000|  0%| F|  |TS  0|AC  0|TAMS 0x0000000088600000, 0x0000000088600000|
|  53|0x0000000088700000, 0x0000000088700000, 0x0000000088800000|  0%| F|  |TS  0|AC  0|TAMS 0x0000000088700000, 0x0000000088700000|
|  54|0x0000000088800000, 0x0000000088800000, 0x0000000088900000|  0%| F|  |TS  0|AC  0|TAMS 0x0000000088800000, 0x0000000088800000|
|  55|0x0000000088900000, 0x0000000088900000, 0x0000000088a00000|  0%| F|  |TS  0|AC  0|TAMS 0x0000000088900000, 0x0000000088900000|
|  56|0x0000000088a00000, 0x0000000088a00000, 0x0000000088b00000|  0%| F|  |TS  0|AC  0|TAMS 0x0000000088a00000, 0x0000000088a00000|
|  57|0x0000000088b00000, 0x0000000088b00000, 0x0000000088c00000|  0%| F|  |TS  0|AC  0|TAMS 0x0000000088b00000, 0x0000000088b00000|
|  58|0x0000000088c00000, 0x0000000088c00000, 0x0000000088d00000|  0%| F|  |TS  0|AC  0|TAMS 0x0000000088c00000, 0x0000000088c00000|
|  59|0x0000000088d00000, 0x0000000088d00000, 0x0000000088e00000|  0%| F|  |TS  0|AC  0|TAMS 0x0000000088d00000, 0x0000000088d00000|
|  60|0x0000000088e00000, 0x0000000088e00000, 0x0000000088f00000|  0%| F|  |TS  0|AC  0|TAMS 0x0000000088e00000, 0x0000000088e00000|
|  61|0x0000000088f00000, 0x0000000088f00000, 0x0000000089000000|  0%| F|  |TS  0|AC  0|TAMS 0x0000000088f00000, 0x0000000088f00000|
|  62|0x0000000089000000, 0x0000000089000000, 0x0000000089100000|  0%| F|  |TS  0|AC  0|TAMS 0x0000000089000000, 0x0000000089000000|
|  63|0x0000000089100000, 0x0000000089100000, 0x0000000089200000|  0%| F|  |TS  0|AC  0|TAMS 0x0000000089100000, 0x0000000089100000|
|  64|0x0000000089200000, 0x0000000089200000, 0x0000000089300000|  0%| F|  |TS  0|AC  0|TAMS 0x0000000089200000, 0x0000000089200000|
|  65|0x0000000089300000, 0x0000000089300000, 0x0000000089400000|  0%| F|  |TS  0|AC  0|TAMS 0x0000000089300000, 0x0000000089300000|
|  66|0x0000000089400000, 0x0000000089400000, 0x0000000089500000|  0%| F|  |TS  0|AC  0|TAMS 0x0000000089400000, 0x0000000089400000|
|  67|0x0000000089500000, 0x0000000089500000, 0x0000000089600000|  0%| F|  |TS  0|AC  0|TAMS 0x0000000089500000, 0x0000000089500000|
|  68|0x0000000089600000, 0x0000000089600000, 0x0000000089700000|  0%| F|  |TS  0|AC  0|TAMS 0x0000000089600000, 0x0000000089600000|
|  69|0x0000000089700000, 0x0000000089700000, 0x0000000089800000|  0%| F|  |TS  0|AC  0|TAMS 0x0000000089700000, 0x0000000089700000|
|  70|0x0000000089800000, 0x0000000089800000, 0x0000000089900000|  0%| F|  |TS  0|AC  0|TAMS 0x0000000089800000, 0x0000000089800000|
|  71|0x0000000089900000, 0x0000000089900000, 0x0000000089a00000|  0%| F|  |TS  0|AC  0|TAMS 0x0000000089900000, 0x0000000089900000|
|  72|0x0000000089a00000, 0x0000000089a00000, 0x0000000089b00000|  0%| F|  |TS  0|AC  0|TAMS 0x0000000089a00000, 0x0000000089a00000|
|  73|0x0000000089b00000, 0x0000000089b00000, 0x0000000089c00000|  0%| F|  |TS  0|AC  0|TAMS 0x0000000089b00000, 0x0000000089b00000|
|  74|0x0000000089c00000, 0x0000000089c00000, 0x0000000089d00000|  0%| F|  |TS  0|AC  0|TAMS 0x0000000089c00000, 0x0000000089c00000|
|  75|0x0000000089d00000, 0x0000000089d00000, 0x0000000089e00000|  0%| F|  |TS  0|AC  0|TAMS 0x0000000089d00000, 0x0000000089d00000|
|  76|0x0000000089e00000, 0x0000000089e00000, 0x0000000089f00000|  0%| F|  |TS  0|AC  0|TAMS 0x0000000089e00000, 0x0000000089e00000|
|  77|0x0000000089f00000, 0x0000000089f00000, 0x000000008a000000|  0%| F|  |TS  0|AC  0|TAMS 0x0000000089f00000, 0x0000000089f00000|
|  78|0x000000008a000000, 0x000000008a000000, 0x000000008a100000|  0%| F|  |TS  0|AC  0|TAMS 0x000000008a000000, 0x000000008a000000|
|  79|0x000000008a100000, 0x000000008a100000, 0x000000008a200000|  0%| F|  |TS  0|AC  0|TAMS 0x000000008a100000, 0x000000008a100000|
|  80|0x000000008a200000, 0x000000008a200000, 0x000000008a300000|  0%| F|  |TS  0|AC  0|TAMS 0x000000008a200000, 0x000000008a200000|
|  81|0x000000008a300000, 0x000000008a300000, 0x000000008a400000|  0%| F|  |TS  0|AC  0|TAMS 0x000000008a300000, 0x000000008a300000|
|  82|0x000000008a400000, 0x000000008a400000, 0x000000008a500000|  0%| F|  |TS  0|AC  0|TAMS 0x000000008a400000, 0x000000008a400000|
|  83|0x000000008a500000, 0x000000008a500000, 0x000000008a600000|  0%| F|  |TS  0|AC  0|TAMS 0x000000008a500000, 0x000000008a500000|
|  84|0x000000008a600000, 0x000000008a600000, 0x000000008a700000|  0%| F|  |TS  0|AC  0|TAMS 0x000000008a600000, 0x000000008a600000|
|  85|0x000000008a700000, 0x000000008a700000, 0x000000008a800000|  0%| F|  |TS  0|AC  0|TAMS 0x000000008a700000, 0x000000008a700000|
|  86|0x000000008a800000, 0x000000008a800000, 0x000000008a900000|  0%| F|  |TS  0|AC  0|TAMS 0x000000008a800000, 0x000000008a800000|
|  87|0x000000008a900000, 0x000000008a900000, 0x000000008aa00000|  0%| F|  |TS  0|AC  0|TAMS 0x000000008a900000, 0x000000008a900000|
|  88|0x000000008aa00000, 0x000000008aa00000, 0x000000008ab00000|  0%| F|  |TS  0|AC  0|TAMS 0x000000008aa00000, 0x000000008aa00000|
|  89|0x000000008ab00000, 0x000000008ab00000, 0x000000008ac00000|  0%| F|  |TS  0|AC  0|TAMS 0x000000008ab00000, 0x000000008ab00000|
|  90|0x000000008ac00000, 0x000000008ac00000, 0x000000008ad00000|  0%| F|  |TS  0|AC  0|TAMS 0x000000008ac00000, 0x000000008ac00000|
|  91|0x000000008ad00000, 0x000000008ad00000, 0x000000008ae00000|  0%| F|  |TS  0|AC  0|TAMS 0x000000008ad00000, 0x000000008ad00000|
|  92|0x000000008ae00000, 0x000000008ae00000, 0x000000008af00000|  0%| F|  |TS  0|AC  0|TAMS 0x000000008ae00000, 0x000000008ae00000|
|  93|0x000000008af00000, 0x000000008af00000, 0x000000008b000000|  0%| F|  |TS  0|AC  0|TAMS 0x000000008af00000, 0x000000008af00000|
|  94|0x000000008b000000, 0x000000008b000000, 0x000000008b100000|  0%| F|  |TS  0|AC  0|TAMS 0x000000008b000000, 0x000000008b000000|
|  95|0x000000008b100000, 0x000000008b100000, 0x000000008b200000|  0%| F|  |TS  0|AC  0|TAMS 0x000000008b100000, 0x000000008b100000|
|  96|0x000000008b200000, 0x000000008b200000, 0x000000008b300000|  0%| F|  |TS  0|AC  0|TAMS 0x000000008b200000, 0x000000008b200000|
|  97|0x000000008b300000, 0x000000008b300000, 0x000000008b400000|  0%| F|  |TS  0|AC  0|TAMS 0x000000008b300000, 0x000000008b300000|
|  98|0x000000008b400000, 0x000000008b400000, 0x000000008b500000|  0%| F|  |TS  0|AC  0|TAMS 0x000000008b400000, 0x000000008b400000|
|  99|0x000000008b500000, 0x000000008b500000, 0x000000008b600000|  0%| F|  |TS  0|AC  0|TAMS 0x000000008b500000, 0x000000008b500000|
| 100|0x000000008b600000, 0x000000008b600000, 0x000000008b700000|  0%| F|  |TS  0|AC  0|TAMS 0x000000008b600000, 0x000000008b600000|
| 101|0x000000008b700000, 0x000000008b700000, 0x000000008b800000|  0%| F|  |TS  0|AC  0|TAMS 0x000000008b700000, 0x000000008b700000|
| 102|0x000000008b800000, 0x000000008b800000, 0x000000008b900000|  0%| F|  |TS  0|AC  0|TAMS 0x000000008b800000, 0x000000008b800000|
| 103|0x000000008b900000, 0x000000008b900000, 0x000000008ba00000|  0%| F|  |TS  0|AC  0|TAMS 0x000000008b900000, 0x000000008b900000|
| 104|0x000000008ba00000, 0x000000008ba00000, 0x000000008bb00000|  0%| F|  |TS  0|AC  0|TAMS 0x000000008ba00000, 0x000000008ba00000|
| 105|0x000000008bb00000, 0x000000008bb00000, 0x000000008bc00000|  0%| F|  |TS  0|AC  0|TAMS 0x000000008bb00000, 0x000000008bb00000|
| 106|0x000000008bc00000, 0x000000008bc00000, 0x000000008bd00000|  0%| F|  |TS  0|AC  0|TAMS 0x000000008bc00000, 0x000000008bc00000|
| 107|0x000000008bd00000, 0x000000008bd00000, 0x000000008be00000|  0%| F|  |TS  0|AC  0|TAMS 0x000000008bd00000, 0x000000008bd00000|
| 108|0x000000008be00000, 0x000000008be00000, 0x000000008bf00000|  0%| F|  |TS  0|AC  0|TAMS 0x000000008be00000, 0x000000008be00000|
| 109|0x000000008bf00000, 0x000000008bf00000, 0x000000008c000000|  0%| F|  |TS  0|AC  0|TAMS 0x000000008bf00000, 0x000000008bf00000|
| 110|0x000000008c000000, 0x000000008c000000, 0x000000008c100000|  0%| F|  |TS  0|AC  0|TAMS 0x000000008c000000, 0x000000008c000000|
| 111|0x000000008c100000, 0x000000008c100000, 0x000000008c200000|  0%| F|  |TS  0|AC  0|TAMS 0x000000008c100000, 0x000000008c100000|
| 112|0x000000008c200000, 0x000000008c200000, 0x000000008c300000|  0%| F|  |TS  0|AC  0|TAMS 0x000000008c200000, 0x000000008c200000|
| 113|0x000000008c300000, 0x000000008c300000, 0x000000008c400000|  0%| F|  |TS  0|AC  0|TAMS 0x000000008c300000, 0x000000008c300000|
| 114|0x000000008c400000, 0x000000008c400000, 0x000000008c500000|  0%| F|  |TS  0|AC  0|TAMS 0x000000008c400000, 0x000000008c400000|
| 115|0x000000008c500000, 0x000000008c500000, 0x000000008c600000|  0%| F|  |TS  0|AC  0|TAMS 0x000000008c500000, 0x000000008c500000|
| 116|0x000000008c600000, 0x000000008c600000, 0x000000008c700000|  0%| F|  |TS  0|AC  0|TAMS 0x000000008c600000, 0x000000008c600000|
| 117|0x000000008c700000, 0x000000008c700000, 0x000000008c800000|  0%| F|  |TS  0|AC  0|TAMS 0x000000008c700000, 0x000000008c700000|
| 118|0x000000008c800000, 0x000000008c800000, 0x000000008c900000|  0%| F|  |TS  0|AC  0|TAMS 0x000000008c800000, 0x000000008c800000|
| 119|0x000000008c900000, 0x000000008c900000, 0x000000008ca00000|  0%| F|  |TS  0|AC  0|TAMS 0x000000008c900000, 0x000000008c900000|
| 120|0x000000008ca00000, 0x000000008ca00000, 0x000000008cb00000|  0%| F|  |TS  0|AC  0|TAMS 0x000000008ca00000, 0x000000008ca00000|
| 121|0x000000008cb00000, 0x000000008cb00000, 0x000000008cc00000|  0%| F|  |TS  0|AC  0|TAMS 0x000000008cb00000, 0x000000008cb00000|
| 122|0x000000008cc00000, 0x000000008ccf6470, 0x000000008cd00000| 96%| E|  |TS  0|AC  0|TAMS 0x000000008cc00000, 0x000000008cc00000|
| 123|0x000000008cd00000, 0x000000008ce00000, 0x000000008ce00000|100%| E|CS|TS  0|AC  0|TAMS 0x000000008cd00000, 0x000000008cd00000|

Card table byte_map: [0x00007f2789624000,0x00007f27899fb000] byte_map_base: 0x00007f27891fb000

Marking Bits (Prev, Next): (CMBitMap*) 0x00007f27a405ce80, (CMBitMap*) 0x00007f27a405ceb8
 Prev Bits: [0x00007f276a148000, 0x00007f276c000000)
 Next Bits: [0x00007f2768290000, 0x00007f276a148000)

Polling page: 0x00007f27ab23e000

CodeHeap 'non-profiled nmethods': size=120032Kb used=23Kb max_used=23Kb free=120008Kb
 bounds [0x00007f279299d000, 0x00007f2792c0d000, 0x00007f2799ed5000]
CodeHeap 'profiled nmethods': size=120028Kb used=143Kb max_used=143Kb free=119884Kb
 bounds [0x00007f278b466000, 0x00007f278b6d6000, 0x00007f279299d000]
CodeHeap 'non-nmethods': size=5700Kb used=1018Kb max_used=1029Kb free=4681Kb
 bounds [0x00007f278aed5000, 0x00007f278b145000, 0x00007f278b466000]
 total_blobs=472 nmethods=105 adapters=222
 compilation: enabled

Compilation events (10 events):
Event: 0.112 Thread 0x00007f27a415e800 nmethod 101 0x00007f278b486c90 code [0x00007f278b486e60, 0x00007f278b487270]
Event: 0.112 Thread 0x00007f27a415e800  102       3       java.lang.StringBuilder::append (8 bytes)
Event: 0.112 Thread 0x00007f27a415e800 nmethod 102 0x00007f278b487410 code [0x00007f278b4875c0, 0x00007f278b487768]
Event: 0.112 Thread 0x00007f27a415e800  103       3       java.lang.AbstractStringBuilder::append (45 bytes)
Event: 0.113 Thread 0x00007f27a415e800 nmethod 103 0x00007f278b487810 code [0x00007f278b487a40, 0x00007f278b487fb8]
Event: 0.114 Thread 0x00007f27a415e800  104       3       java.lang.Character::toLowerCase (9 bytes)
Event: 0.114 Thread 0x00007f27a415e800 nmethod 104 0x00007f278b488210 code [0x00007f278b4883e0, 0x00007f278b488618]
Event: 0.114 Thread 0x00007f27a415e800  105       3       java.lang.CharacterDataLatin1::toLowerCase (39 bytes)
Event: 0.114 Thread 0x00007f27a415e800 nmethod 105 0x00007f278b488710 code [0x00007f278b4888e0, 0x00007f278b488b70]
Event: 0.116 Thread 0x00007f27a415e800  106       3       java.util.Arrays::copyOfRange (63 bytes)

GC Heap History (0 events):
No events

Deoptimization events (1 events):
Event: 0.081 Thread 0x00007f27a4012000 Uncommon trap: reason=unstable_if action=reinterpret pc=0x00007f27929a1eec method=java.lang.String.hashCode()I @ 14 c2

Classes redefined (0 events):
No events

Internal exceptions (0 events):
No events

Events (10 events):
Event: 0.112 loading class com/cyberbotics/webots/controller/Mouse
Event: 0.112 loading class com/cyberbotics/webots/controller/Mouse done
Event: 0.113 loading class com/cyberbotics/webots/controller/Camera
Event: 0.113 loading class com/cyberbotics/webots/controller/Camera done
Event: 0.113 loading class com/cyberbotics/webots/controller/Device
Event: 0.113 loading class com/cyberbotics/webots/controller/Device done
Event: 0.113 loading class com/cyberbotics/webots/controller/DistanceSensor
Event: 0.113 loading class com/cyberbotics/webots/controller/DistanceSensor done
Event: 0.114 loading class com/cyberbotics/webots/controller/Motion
Event: 0.114 loading class com/cyberbotics/webots/controller/Motion done


Dynamic libraries:
85200000-8ce00000 rw-p 00000000 00:00 0 
8ce00000-100000000 ---p 00000000 00:00 0 
100000000-100080000 rw-p 00000000 00:00 0 
100080000-140000000 ---p 00000000 00:00 0 
556f99be5000-556f99be6000 r-xp 00000000 08:01 23598097                   /usr/lib/jvm/java-11-openjdk-amd64/bin/java
556f99de6000-556f99de7000 r--p 00001000 08:01 23598097                   /usr/lib/jvm/java-11-openjdk-amd64/bin/java
556f99de7000-556f99de8000 rw-p 00002000 08:01 23598097                   /usr/lib/jvm/java-11-openjdk-amd64/bin/java
556f9b478000-556f9b499000 rw-p 00000000 00:00 0                          [heap]
7f26ff087000-7f26ff08a000 r-xp 00000000 08:01 26486645                   /home/pc/Downloads/webots/resources/projects/plugins/robot_windows/generic/libgeneric.so
7f26ff08a000-7f26ff289000 ---p 00003000 08:01 26486645                   /home/pc/Downloads/webots/resources/projects/plugins/robot_windows/generic/libgeneric.so
7f26ff289000-7f26ff28a000 r--p 00002000 08:01 26486645                   /home/pc/Downloads/webots/resources/projects/plugins/robot_windows/generic/libgeneric.so
7f26ff28a000-7f26ff28b000 rw-p 00003000 08:01 26486645                   /home/pc/Downloads/webots/resources/projects/plugins/robot_windows/generic/libgeneric.so
7f26ff28b000-7f26ff296000 r-xp 00000000 08:01 27920412                   /home/pc/Downloads/webots/lib/libjbig.so.0
7f26ff296000-7f26ff495000 ---p 0000b000 08:01 27920412                   /home/pc/Downloads/webots/lib/libjbig.so.0
7f26ff495000-7f26ff496000 r--p 0000a000 08:01 27920412                   /home/pc/Downloads/webots/lib/libjbig.so.0
7f26ff496000-7f26ff499000 rw-p 0000b000 08:01 27920412                   /home/pc/Downloads/webots/lib/libjbig.so.0
7f26ff499000-7f26ff4bd000 r-xp 00000000 08:01 14684814                   /lib/x86_64-linux-gnu/liblzma.so.5.2.2
7f26ff4bd000-7f26ff6bd000 ---p 00024000 08:01 14684814                   /lib/x86_64-linux-gnu/liblzma.so.5.2.2
7f26ff6bd000-7f26ff6be000 r--p 00024000 08:01 14684814                   /lib/x86_64-linux-gnu/liblzma.so.5.2.2
7f26ff6be000-7f26ff6bf000 rw-p 00025000 08:01 14684814                   /lib/x86_64-linux-gnu/liblzma.so.5.2.2
7f26ff6bf000-7f26ff6e3000 r-xp 00000000 08:01 27920444                   /home/pc/Downloads/webots/lib/libpng12.so.0
7f26ff6e3000-7f26ff8e2000 ---p 00024000 08:01 27920444                   /home/pc/Downloads/webots/lib/libpng12.so.0
7f26ff8e2000-7f26ff8e3000 r--p 00023000 08:01 27920444                   /home/pc/Downloads/webots/lib/libpng12.so.0
7f26ff8e3000-7f26ff8e4000 rw-p 00024000 08:01 27920444                   /home/pc/Downloads/webots/lib/libpng12.so.0
7f26ff8e4000-7f26ff93b000 r-xp 00000000 08:01 27920405                   /home/pc/Downloads/webots/lib/libjpeg.so.8
7f26ff93b000-7f26ffb3b000 ---p 00057000 08:01 27920405                   /home/pc/Downloads/webots/lib/libjpeg.so.8
7f26ffb3b000-7f26ffb3c000 r--p 00057000 08:01 27920405                   /home/pc/Downloads/webots/lib/libjpeg.so.8
7f26ffb3c000-7f26ffb3d000 rw-p 00058000 08:01 27920405                   /home/pc/Downloads/webots/lib/libjpeg.so.8
7f26ffb3d000-7f26ffbae000 r-xp 00000000 08:01 27920407                   /home/pc/Downloads/webots/lib/libtiff.so.5
7f26ffbae000-7f26ffdae000 ---p 00071000 08:01 27920407                   /home/pc/Downloads/webots/lib/libtiff.so.5
7f26ffdae000-7f26ffdaf000 r--p 00071000 08:01 27920407                   /home/pc/Downloads/webots/lib/libtiff.so.5
7f26ffdaf000-7f26ffdb2000 rw-p 00072000 08:01 27920407                   /home/pc/Downloads/webots/lib/libtiff.so.5
7f26ffdb2000-7f26ffdfe000 r-xp 00000000 08:01 27920416                   /home/pc/Downloads/webots/lib/libController.so
7f26ffdfe000-7f26ffffd000 ---p 0004c000 08:01 27920416                   /home/pc/Downloads/webots/lib/libController.so
7f26ffffd000-7f26ffffe000 r--p 0004b000 08:01 27920416                   /home/pc/Downloads/webots/lib/libController.so
7f26ffffe000-7f26fffff000 rw-p 0004c000 08:01 27920416                   /home/pc/Downloads/webots/lib/libController.so
7f26fffff000-7f2700000000 rw-p 00000000 00:00 0 
7f2700000000-7f2700021000 rw-p 00000000 00:00 0 
7f2700021000-7f2704000000 ---p 00000000 00:00 0 
7f2704000000-7f2704021000 rw-p 00000000 00:00 0 
7f2704021000-7f2708000000 ---p 00000000 00:00 0 
7f2708000000-7f2708021000 rw-p 00000000 00:00 0 
7f2708021000-7f270c000000 ---p 00000000 00:00 0 
7f270c000000-7f270c021000 rw-p 00000000 00:00 0 
7f270c021000-7f2710000000 ---p 00000000 00:00 0 
7f2710000000-7f2710021000 rw-p 00000000 00:00 0 
7f2710021000-7f2714000000 ---p 00000000 00:00 0 
7f2714000000-7f271406e000 rw-p 00000000 00:00 0 
7f271406e000-7f2718000000 ---p 00000000 00:00 0 
7f2718000000-7f2718087000 rw-p 00000000 00:00 0 
7f2718087000-7f271c000000 ---p 00000000 00:00 0 
7f271c000000-7f271c021000 rw-p 00000000 00:00 0 
7f271c021000-7f2720000000 ---p 00000000 00:00 0 
7f2720000000-7f2720021000 rw-p 00000000 00:00 0 
7f2720021000-7f2724000000 ---p 00000000 00:00 0 
7f2724000000-7f2724021000 rw-p 00000000 00:00 0 
7f2724021000-7f2728000000 ---p 00000000 00:00 0 
7f2728000000-7f2728021000 rw-p 00000000 00:00 0 
7f2728021000-7f272c000000 ---p 00000000 00:00 0 
7f272c000000-7f272c021000 rw-p 00000000 00:00 0 
7f272c021000-7f2730000000 ---p 00000000 00:00 0 
7f2730000000-7f2730021000 rw-p 00000000 00:00 0 
7f2730021000-7f2734000000 ---p 00000000 00:00 0 
7f2734000000-7f2734021000 rw-p 00000000 00:00 0 
7f2734021000-7f2738000000 ---p 00000000 00:00 0 
7f2738000000-7f2738021000 rw-p 00000000 00:00 0 
7f2738021000-7f273c000000 ---p 00000000 00:00 0 
7f273c000000-7f273c021000 rw-p 00000000 00:00 0 
7f273c021000-7f2740000000 ---p 00000000 00:00 0 
7f2740000000-7f2740021000 rw-p 00000000 00:00 0 
7f2740021000-7f2744000000 ---p 00000000 00:00 0 
7f2744000000-7f2744021000 rw-p 00000000 00:00 0 
7f2744021000-7f2748000000 ---p 00000000 00:00 0 
7f2748000000-7f2748021000 rw-p 00000000 00:00 0 
7f2748021000-7f274c000000 ---p 00000000 00:00 0 
7f274c000000-7f274c021000 rw-p 00000000 00:00 0 
7f274c021000-7f2750000000 ---p 00000000 00:00 0 
7f2750000000-7f2750021000 rw-p 00000000 00:00 0 
7f2750021000-7f2754000000 ---p 00000000 00:00 0 
7f275401e000-7f2754058000 r-xp 00000000 08:01 27920467                   /home/pc/Downloads/webots/lib/libCppController.so
7f2754058000-7f2754257000 ---p 0003a000 08:01 27920467                   /home/pc/Downloads/webots/lib/libCppController.so
7f2754257000-7f2754259000 r--p 00039000 08:01 27920467                   /home/pc/Downloads/webots/lib/libCppController.so
7f2754259000-7f275425b000 rw-p 0003b000 08:01 27920467                   /home/pc/Downloads/webots/lib/libCppController.so
7f275425b000-7f2754297000 r-xp 00000000 08:01 27920367                   /home/pc/Downloads/webots/lib/java/libJavaController.so
7f2754297000-7f2754496000 ---p 0003c000 08:01 27920367                   /home/pc/Downloads/webots/lib/java/libJavaController.so
7f2754496000-7f2754497000 r--p 0003b000 08:01 27920367                   /home/pc/Downloads/webots/lib/java/libJavaController.so
7f2754497000-7f2754498000 rw-p 0003c000 08:01 27920367                   /home/pc/Downloads/webots/lib/java/libJavaController.so
7f2754498000-7f27544af000 r-xp 00000000 08:01 23598500                   /usr/lib/jvm/java-11-openjdk-amd64/lib/libnet.so
7f27544af000-7f27546ae000 ---p 00017000 08:01 23598500                   /usr/lib/jvm/java-11-openjdk-amd64/lib/libnet.so
7f27546ae000-7f27546af000 r--p 00016000 08:01 23598500                   /usr/lib/jvm/java-11-openjdk-amd64/lib/libnet.so
7f27546af000-7f27546b0000 rw-p 00017000 08:01 23598500                   /usr/lib/jvm/java-11-openjdk-amd64/lib/libnet.so
7f27546b0000-7f27546c1000 r-xp 00000000 08:01 23598501                   /usr/lib/jvm/java-11-openjdk-amd64/lib/libnio.so
7f27546c1000-7f27548c0000 ---p 00011000 08:01 23598501                   /usr/lib/jvm/java-11-openjdk-amd64/lib/libnio.so
7f27548c0000-7f27548c1000 r--p 00010000 08:01 23598501                   /usr/lib/jvm/java-11-openjdk-amd64/lib/libnio.so
7f27548c1000-7f27548c2000 rw-p 00011000 08:01 23598501                   /usr/lib/jvm/java-11-openjdk-amd64/lib/libnio.so
7f27548c2000-7f27548c6000 ---p 00000000 00:00 0 
7f27548c6000-7f27549c3000 rw-p 00000000 00:00 0 
7f27549c3000-7f27549c4000 ---p 00000000 00:00 0 
7f27549c4000-7f2754ac5000 rw-p 00000000 00:00 0 
7f2754ac5000-7f2754ac9000 ---p 00000000 00:00 0 
7f2754ac9000-7f2754bc6000 rw-p 00000000 00:00 0 
7f2754bc6000-7f2754bca000 ---p 00000000 00:00 0 
7f2754bca000-7f2754cc7000 rw-p 00000000 00:00 0 
7f2754cc7000-7f2754ccb000 ---p 00000000 00:00 0 
7f2754ccb000-7f2754dc8000 rw-p 00000000 00:00 0 
7f2754dc8000-7f2754dcc000 ---p 00000000 00:00 0 
7f2754dcc000-7f2754ec9000 rw-p 00000000 00:00 0 
7f2754ec9000-7f2754ecd000 ---p 00000000 00:00 0 
7f2754ecd000-7f2754fca000 rw-p 00000000 00:00 0 
7f2754fca000-7f2754fce000 ---p 00000000 00:00 0 
7f2754fce000-7f27550cb000 rw-p 00000000 00:00 0 
7f27550cb000-7f27550cf000 ---p 00000000 00:00 0 
7f27550cf000-7f27551cc000 rw-p 00000000 00:00 0 
7f27551cc000-7f27554fc000 r--p 00000000 08:01 23598983                   /usr/lib/locale/locale-archive
7f27554fc000-7f2755500000 ---p 00000000 00:00 0 
7f2755500000-7f27555fd000 rw-p 00000000 00:00 0 
7f27555fd000-7f2755601000 ---p 00000000 00:00 0 
7f2755601000-7f27556fe000 rw-p 00000000 00:00 0 
7f27556fe000-7f27556ff000 ---p 00000000 00:00 0 
7f27556ff000-7f2755c80000 rw-p 00000000 00:00 0 
7f2755c80000-7f2756000000 ---p 00000000 00:00 0 
7f2756000000-7f2758000000 rw-p 00000000 00:00 0 
7f2758000000-7f2758021000 rw-p 00000000 00:00 0 
7f2758021000-7f275c000000 ---p 00000000 00:00 0 
7f275c000000-7f275c021000 rw-p 00000000 00:00 0 
7f275c021000-7f2760000000 ---p 00000000 00:00 0 
7f2760000000-7f2760021000 rw-p 00000000 00:00 0 
7f2760021000-7f2764000000 ---p 00000000 00:00 0 
7f2764000000-7f2764021000 rw-p 00000000 00:00 0 
7f2764021000-7f2768000000 ---p 00000000 00:00 0 
7f2768016000-7f276808c000 rw-p 00000000 00:00 0 
7f276808c000-7f276808d000 ---p 00000000 00:00 0 
7f276808d000-7f276818e000 rw-p 00000000 00:00 0 
7f276818e000-7f276818f000 ---p 00000000 00:00 0 
7f276818f000-7f2768480000 rw-p 00000000 00:00 0 
7f2768480000-7f276a148000 ---p 00000000 00:00 0 
7f276a148000-7f276a338000 rw-p 00000000 00:00 0 
7f276a338000-7f276c000000 ---p 00000000 00:00 0 
7f276c000000-7f276c021000 rw-p 00000000 00:00 0 
7f276c021000-7f2770000000 ---p 00000000 00:00 0 
7f2770000000-7f2770021000 rw-p 00000000 00:00 0 
7f2770021000-7f2774000000 ---p 00000000 00:00 0 
7f2774000000-7f2774021000 rw-p 00000000 00:00 0 
7f2774021000-7f2778000000 ---p 00000000 00:00 0 
7f2778000000-7f2778021000 rw-p 00000000 00:00 0 
7f2778021000-7f277c000000 ---p 00000000 00:00 0 
7f277c000000-7f277c021000 rw-p 00000000 00:00 0 
7f277c021000-7f2780000000 ---p 00000000 00:00 0 
7f2780000000-7f2780021000 rw-p 00000000 00:00 0 
7f2780021000-7f2784000000 ---p 00000000 00:00 0 
7f2784000000-7f2784021000 rw-p 00000000 00:00 0 
7f2784021000-7f2788000000 ---p 00000000 00:00 0 
7f2788000000-7f2788031000 rw-p 00000000 00:00 0 
7f2788031000-7f2788032000 ---p 00000000 00:00 0 
7f2788032000-7f2788133000 rw-p 00000000 00:00 0 
7f2788133000-7f2788134000 ---p 00000000 00:00 0 
7f2788134000-7f2788235000 rw-p 00000000 00:00 0 
7f2788235000-7f2788236000 ---p 00000000 00:00 0 
7f2788236000-7f2788337000 rw-p 00000000 00:00 0 
7f2788337000-7f2788338000 ---p 00000000 00:00 0 
7f2788338000-7f2788439000 rw-p 00000000 00:00 0 
7f2788439000-7f278843a000 ---p 00000000 00:00 0 
7f278843a000-7f278853b000 rw-p 00000000 00:00 0 
7f278853b000-7f278853c000 ---p 00000000 00:00 0 
7f278853c000-7f278863d000 rw-p 00000000 00:00 0 
7f278863d000-7f278863e000 ---p 00000000 00:00 0 
7f278863e000-7f2788f47000 rw-p 00000000 00:00 0 
7f2788f47000-7f2788f48000 ---p 00000000 00:00 0 
7f2788f48000-7f2789049000 rw-p 00000000 00:00 0 
7f2789049000-7f278904a000 ---p 00000000 00:00 0 
7f278904a000-7f278914b000 rw-p 00000000 00:00 0 
7f278914b000-7f278914c000 ---p 00000000 00:00 0 
7f278914c000-7f278928b000 rw-p 00000000 00:00 0 
7f278928b000-7f2789624000 ---p 00000000 00:00 0 
7f2789624000-7f2789662000 rw-p 00000000 00:00 0 
7f2789662000-7f27899fb000 ---p 00000000 00:00 0 
7f27899fb000-7f2789a39000 rw-p 00000000 00:00 0 
7f2789a39000-7f2789dd2000 ---p 00000000 00:00 0 
7f2789dd2000-7f278a5da000 rw-p 00000000 00:00 0 
7f278a5da000-7f278a5db000 ---p 00000000 00:00 0 
7f278a5db000-7f278a6dc000 rw-p 00000000 00:00 0 
7f278a6dc000-7f278a6dd000 ---p 00000000 00:00 0 
7f278a6dd000-7f278a7de000 rw-p 00000000 00:00 0 
7f278a7de000-7f278a7df000 ---p 00000000 00:00 0 
7f278a7df000-7f278a8e0000 rw-p 00000000 00:00 0 
7f278a8e0000-7f278a8e1000 ---p 00000000 00:00 0 
7f278a8e1000-7f278a9e2000 rw-p 00000000 00:00 0 
7f278a9e2000-7f278a9e3000 ---p 00000000 00:00 0 
7f278a9e3000-7f278aae4000 rw-p 00000000 00:00 0 
7f278aae4000-7f278aae5000 ---p 00000000 00:00 0 
7f278aae5000-7f278abe6000 rw-p 00000000 00:00 0 
7f278abe6000-7f278abe7000 ---p 00000000 00:00 0 
7f278abe7000-7f278ace8000 rw-p 00000000 00:00 0 
7f278ace8000-7f278ace9000 ---p 00000000 00:00 0 
7f278ace9000-7f278adef000 rw-p 00000000 00:00 0 
7f278adef000-7f278aed5000 ---p 00000000 00:00 0 
7f278aed5000-7f278b145000 rwxp 00000000 00:00 0 
7f278b145000-7f278b466000 ---p 00000000 00:00 0 
7f278b466000-7f278b6d6000 rwxp 00000000 00:00 0 
7f278b6d6000-7f279299d000 ---p 00000000 00:00 0 
7f279299d000-7f2792c0d000 rwxp 00000000 00:00 0 
7f2792c0d000-7f2799ed5000 ---p 00000000 00:00 0 
7f2799ed5000-7f27a33b0000 r--s 00000000 08:01 23598511                   /usr/lib/jvm/java-11-openjdk-amd64/lib/modules
7f27a33b0000-7f27a33b5000 r-xp 00000000 08:01 23598491                   /usr/lib/jvm/java-11-openjdk-amd64/lib/libjimage.so
7f27a33b5000-7f27a35b4000 ---p 00005000 08:01 23598491                   /usr/lib/jvm/java-11-openjdk-amd64/lib/libjimage.so
7f27a35b4000-7f27a35b5000 r--p 00004000 08:01 23598491                   /usr/lib/jvm/java-11-openjdk-amd64/lib/libjimage.so
7f27a35b5000-7f27a35b6000 rw-p 00005000 08:01 23598491                   /usr/lib/jvm/java-11-openjdk-amd64/lib/libjimage.so
7f27a35b6000-7f27a35bd000 r-xp 00000000 08:01 23598510                   /usr/lib/jvm/java-11-openjdk-amd64/lib/libzip.so
7f27a35bd000-7f27a37bc000 ---p 00007000 08:01 23598510                   /usr/lib/jvm/java-11-openjdk-amd64/lib/libzip.so
7f27a37bc000-7f27a37bd000 r--p 00006000 08:01 23598510                   /usr/lib/jvm/java-11-openjdk-amd64/lib/libzip.so
7f27a37bd000-7f27a37be000 rw-p 00007000 08:01 23598510                   /usr/lib/jvm/java-11-openjdk-amd64/lib/libzip.so
7f27a37be000-7f27a37c9000 r-xp 00000000 08:01 14684844                   /lib/x86_64-linux-gnu/libnss_files-2.27.so
7f27a37c9000-7f27a39c8000 ---p 0000b000 08:01 14684844                   /lib/x86_64-linux-gnu/libnss_files-2.27.so
7f27a39c8000-7f27a39c9000 r--p 0000a000 08:01 14684844                   /lib/x86_64-linux-gnu/libnss_files-2.27.so
7f27a39c9000-7f27a39ca000 rw-p 0000b000 08:01 14684844                   /lib/x86_64-linux-gnu/libnss_files-2.27.so
7f27a39ca000-7f27a39d0000 rw-p 00000000 00:00 0 
7f27a39d0000-7f27a39e7000 r-xp 00000000 08:01 14684838                   /lib/x86_64-linux-gnu/libnsl-2.27.so
7f27a39e7000-7f27a3be6000 ---p 00017000 08:01 14684838                   /lib/x86_64-linux-gnu/libnsl-2.27.so
7f27a3be6000-7f27a3be7000 r--p 00016000 08:01 14684838                   /lib/x86_64-linux-gnu/libnsl-2.27.so
7f27a3be7000-7f27a3be8000 rw-p 00017000 08:01 14684838                   /lib/x86_64-linux-gnu/libnsl-2.27.so
7f27a3be8000-7f27a3bea000 rw-p 00000000 00:00 0 
7f27a3bea000-7f27a3bf5000 r-xp 00000000 08:01 14684855                   /lib/x86_64-linux-gnu/libnss_nis-2.27.so
7f27a3bf5000-7f27a3df4000 ---p 0000b000 08:01 14684855                   /lib/x86_64-linux-gnu/libnss_nis-2.27.so
7f27a3df4000-7f27a3df5000 r--p 0000a000 08:01 14684855                   /lib/x86_64-linux-gnu/libnss_nis-2.27.so
7f27a3df5000-7f27a3df6000 rw-p 0000b000 08:01 14684855                   /lib/x86_64-linux-gnu/libnss_nis-2.27.so
7f27a3df6000-7f27a3dfe000 r-xp 00000000 08:01 14684840                   /lib/x86_64-linux-gnu/libnss_compat-2.27.so
7f27a3dfe000-7f27a3ffe000 ---p 00008000 08:01 14684840                   /lib/x86_64-linux-gnu/libnss_compat-2.27.so
7f27a3ffe000-7f27a3fff000 r--p 00008000 08:01 14684840                   /lib/x86_64-linux-gnu/libnss_compat-2.27.so
7f27a3fff000-7f27a4000000 rw-p 00009000 08:01 14684840                   /lib/x86_64-linux-gnu/libnss_compat-2.27.so
7f27a4000000-7f27a426d000 rw-p 00000000 00:00 0 
7f27a426d000-7f27a8000000 ---p 00000000 00:00 0 
7f27a8006000-7f27a808e000 rw-p 00000000 00:00 0 
7f27a808e000-7f27a8174000 ---p 00000000 00:00 0 
7f27a8174000-7f27a81a0000 r-xp 00000000 08:01 23598487                   /usr/lib/jvm/java-11-openjdk-amd64/lib/libjava.so
7f27a81a0000-7f27a839f000 ---p 0002c000 08:01 23598487                   /usr/lib/jvm/java-11-openjdk-amd64/lib/libjava.so
7f27a839f000-7f27a83a0000 r--p 0002b000 08:01 23598487                   /usr/lib/jvm/java-11-openjdk-amd64/lib/libjava.so
7f27a83a0000-7f27a83a2000 rw-p 0002c000 08:01 23598487                   /usr/lib/jvm/java-11-openjdk-amd64/lib/libjava.so
7f27a83a2000-7f27a83af000 r-xp 00000000 08:01 23598509                   /usr/lib/jvm/java-11-openjdk-amd64/lib/libverify.so
7f27a83af000-7f27a85ae000 ---p 0000d000 08:01 23598509                   /usr/lib/jvm/java-11-openjdk-amd64/lib/libverify.so
7f27a85ae000-7f27a85b0000 r--p 0000c000 08:01 23598509                   /usr/lib/jvm/java-11-openjdk-amd64/lib/libverify.so
7f27a85b0000-7f27a85b1000 rw-p 0000e000 08:01 23598509                   /usr/lib/jvm/java-11-openjdk-amd64/lib/libverify.so
7f27a85b1000-7f27a85b8000 r-xp 00000000 08:01 14684895                   /lib/x86_64-linux-gnu/librt-2.27.so
7f27a85b8000-7f27a87b7000 ---p 00007000 08:01 14684895                   /lib/x86_64-linux-gnu/librt-2.27.so
7f27a87b7000-7f27a87b8000 r--p 00006000 08:01 14684895                   /lib/x86_64-linux-gnu/librt-2.27.so
7f27a87b8000-7f27a87b9000 rw-p 00007000 08:01 14684895                   /lib/x86_64-linux-gnu/librt-2.27.so
7f27a87b9000-7f27a87d0000 r-xp 00000000 08:01 14684791                   /lib/x86_64-linux-gnu/libgcc_s.so.1
7f27a87d0000-7f27a89cf000 ---p 00017000 08:01 14684791                   /lib/x86_64-linux-gnu/libgcc_s.so.1
7f27a89cf000-7f27a89d0000 r--p 00016000 08:01 14684791                   /lib/x86_64-linux-gnu/libgcc_s.so.1
7f27a89d0000-7f27a89d1000 rw-p 00017000 08:01 14684791                   /lib/x86_64-linux-gnu/libgcc_s.so.1
7f27a89d1000-7f27a8b6e000 r-xp 00000000 08:01 14684817                   /lib/x86_64-linux-gnu/libm-2.27.so
7f27a8b6e000-7f27a8d6d000 ---p 0019d000 08:01 14684817                   /lib/x86_64-linux-gnu/libm-2.27.so
7f27a8d6d000-7f27a8d6e000 r--p 0019c000 08:01 14684817                   /lib/x86_64-linux-gnu/libm-2.27.so
7f27a8d6e000-7f27a8d6f000 rw-p 0019d000 08:01 14684817                   /lib/x86_64-linux-gnu/libm-2.27.so
7f27a8d6f000-7f27a8ee8000 r-xp 00000000 08:01 23601225                   /usr/lib/x86_64-linux-gnu/libstdc++.so.6.0.25
7f27a8ee8000-7f27a90e8000 ---p 00179000 08:01 23601225                   /usr/lib/x86_64-linux-gnu/libstdc++.so.6.0.25
7f27a90e8000-7f27a90f2000 r--p 00179000 08:01 23601225                   /usr/lib/x86_64-linux-gnu/libstdc++.so.6.0.25
7f27a90f2000-7f27a90f4000 rw-p 00183000 08:01 23601225                   /usr/lib/x86_64-linux-gnu/libstdc++.so.6.0.25
7f27a90f4000-7f27a90f8000 rw-p 00000000 00:00 0 
7f27a90f8000-7f27aa095000 r-xp 00000000 08:01 23598523                   /usr/lib/jvm/java-11-openjdk-amd64/lib/server/libjvm.so
7f27aa095000-7f27aa295000 ---p 00f9d000 08:01 23598523                   /usr/lib/jvm/java-11-openjdk-amd64/lib/server/libjvm.so
7f27aa295000-7f27aa359000 r--p 00f9d000 08:01 23598523                   /usr/lib/jvm/java-11-openjdk-amd64/lib/server/libjvm.so
7f27aa359000-7f27aa391000 rw-p 01061000 08:01 23598523                   /usr/lib/jvm/java-11-openjdk-amd64/lib/server/libjvm.so
7f27aa391000-7f27aa3da000 rw-p 00000000 00:00 0 
7f27aa3da000-7f27aa3f4000 r-xp 00000000 08:01 14684887                   /lib/x86_64-linux-gnu/libpthread-2.27.so
7f27aa3f4000-7f27aa5f3000 ---p 0001a000 08:01 14684887                   /lib/x86_64-linux-gnu/libpthread-2.27.so
7f27aa5f3000-7f27aa5f4000 r--p 00019000 08:01 14684887                   /lib/x86_64-linux-gnu/libpthread-2.27.so
7f27aa5f4000-7f27aa5f5000 rw-p 0001a000 08:01 14684887                   /lib/x86_64-linux-gnu/libpthread-2.27.so
7f27aa5f5000-7f27aa5f9000 rw-p 00000000 00:00 0 
7f27aa5f9000-7f27aa5fc000 r-xp 00000000 08:01 14684777                   /lib/x86_64-linux-gnu/libdl-2.27.so
7f27aa5fc000-7f27aa7fb000 ---p 00003000 08:01 14684777                   /lib/x86_64-linux-gnu/libdl-2.27.so
7f27aa7fb000-7f27aa7fc000 r--p 00002000 08:01 14684777                   /lib/x86_64-linux-gnu/libdl-2.27.so
7f27aa7fc000-7f27aa7fd000 rw-p 00003000 08:01 14684777                   /lib/x86_64-linux-gnu/libdl-2.27.so
7f27aa7fd000-7f27aa819000 r-xp 00000000 08:01 14684928                   /lib/x86_64-linux-gnu/libz.so.1.2.11
7f27aa819000-7f27aaa18000 ---p 0001c000 08:01 14684928                   /lib/x86_64-linux-gnu/libz.so.1.2.11
7f27aaa18000-7f27aaa19000 r--p 0001b000 08:01 14684928                   /lib/x86_64-linux-gnu/libz.so.1.2.11
7f27aaa19000-7f27aaa1a000 rw-p 0001c000 08:01 14684928                   /lib/x86_64-linux-gnu/libz.so.1.2.11
7f27aaa1a000-7f27aac01000 r-xp 00000000 08:01 14684754                   /lib/x86_64-linux-gnu/libc-2.27.so
7f27aac01000-7f27aae01000 ---p 001e7000 08:01 14684754                   /lib/x86_64-linux-gnu/libc-2.27.so
7f27aae01000-7f27aae05000 r--p 001e7000 08:01 14684754                   /lib/x86_64-linux-gnu/libc-2.27.so
7f27aae05000-7f27aae07000 rw-p 001eb000 08:01 14684754                   /lib/x86_64-linux-gnu/libc-2.27.so
7f27aae07000-7f27aae0b000 rw-p 00000000 00:00 0 
7f27aae0b000-7f27aae1a000 r-xp 00000000 08:01 23598516                   /usr/lib/jvm/java-11-openjdk-amd64/lib/jli/libjli.so
7f27aae1a000-7f27ab019000 ---p 0000f000 08:01 23598516                   /usr/lib/jvm/java-11-openjdk-amd64/lib/jli/libjli.so
7f27ab019000-7f27ab01a000 r--p 0000e000 08:01 23598516                   /usr/lib/jvm/java-11-openjdk-amd64/lib/jli/libjli.so
7f27ab01a000-7f27ab01b000 rw-p 0000f000 08:01 23598516                   /usr/lib/jvm/java-11-openjdk-amd64/lib/jli/libjli.so
7f27ab01b000-7f27ab042000 r-xp 00000000 08:01 14684726                   /lib/x86_64-linux-gnu/ld-2.27.so
7f27ab067000-7f27ab125000 rw-p 00000000 00:00 0 
7f27ab125000-7f27ab129000 ---p 00000000 00:00 0 
7f27ab129000-7f27ab22f000 rw-p 00000000 00:00 0 
7f27ab22f000-7f27ab236000 ---p 00000000 00:00 0 
7f27ab236000-7f27ab23e000 rw-s 00000000 08:01 28966951                   /tmp/hsperfdata_pc/2624
7f27ab23e000-7f27ab23f000 ---p 00000000 00:00 0 
7f27ab23f000-7f27ab240000 r--p 00000000 00:00 0 
7f27ab240000-7f27ab242000 rw-p 00000000 00:00 0 
7f27ab242000-7f27ab243000 r--p 00027000 08:01 14684726                   /lib/x86_64-linux-gnu/ld-2.27.so
7f27ab243000-7f27ab244000 rw-p 00028000 08:01 14684726                   /lib/x86_64-linux-gnu/ld-2.27.so
7f27ab244000-7f27ab245000 rw-p 00000000 00:00 0 
7ffcbb88c000-7ffcbb8ad000 rw-p 00000000 00:00 0                          [stack]
7ffcbb9b3000-7ffcbb9b6000 r--p 00000000 00:00 0                          [vvar]
7ffcbb9b6000-7ffcbb9b8000 r-xp 00000000 00:00 0                          [vdso]
ffffffffff600000-ffffffffff601000 r-xp 00000000 00:00 0                  [vsyscall]


VM Arguments:
jvm_args: -Djava.library.path=/home/pc/Downloads/webots/lib/java 
java_command: SensorController
java_class_path (initial): /home/pc/Downloads/webots/lib/java/Controller.jar:/home/pc/Dokumente/my_project/controllers/SensorController/
Launcher Type: SUN_STANDARD

Logging:
Log output configuration:
#0: stdout all=warning uptime,level,tags
#1: stderr all=off uptime,level,tags

Environment Variables:
PATH=/usr/local/sbin:/usr/local/bin:/usr/sbin:/usr/bin:/sbin:/bin:/usr/games:/usr/local/games
LD_LIBRARY_PATH=/home/pc/Downloads/webots/projects/default/libraries/vehicle:/home/pc/Downloads/webots/projects/default/libraries/ros:/home/pc/Downloads/webots/resources/projects/libraries/qt_utils:/home/pc/Dokumente/my_project/controllers/SensorController/:/home/pc/Downloads/webots/lib/:/tmp/webots-1607/lib:
SHELL=/bin/bash
DISPLAY=:0

Signal Handlers:
SIGSEGV: [libjvm.so+0xd28b70], sa_mask[0]=11111111011111111101111111111110, sa_flags=SA_RESTART|SA_SIGINFO
SIGBUS: [libjvm.so+0xd28b70], sa_mask[0]=11111111011111111101111111111110, sa_flags=SA_RESTART|SA_SIGINFO
SIGFPE: [libjvm.so+0xd28b70], sa_mask[0]=11111111011111111101111111111110, sa_flags=SA_RESTART|SA_SIGINFO
SIGPIPE: [libjvm.so+0xb2a1f0], sa_mask[0]=11111111011111111101111111111110, sa_flags=SA_RESTART|SA_SIGINFO
SIGXFSZ: [libjvm.so+0xb2a1f0], sa_mask[0]=11111111011111111101111111111110, sa_flags=SA_RESTART|SA_SIGINFO
SIGILL: [libjvm.so+0xd28b70], sa_mask[0]=11111111011111111101111111111110, sa_flags=SA_RESTART|SA_SIGINFO
SIGUSR2: [libjvm.so+0xb2a030], sa_mask[0]=00000000000000000000000000000000, sa_flags=SA_RESTART|SA_SIGINFO
SIGHUP: [libjvm.so+0xb2a180], sa_mask[0]=11111111011111111101111111111110, sa_flags=SA_RESTART|SA_SIGINFO
SIGINT: [libjvm.so+0xb2a180], sa_mask[0]=11111111011111111101111111111110, sa_flags=SA_RESTART|SA_SIGINFO
SIGTERM: [libjvm.so+0xb2a180], sa_mask[0]=11111111011111111101111111111110, sa_flags=SA_RESTART|SA_SIGINFO
SIGQUIT: [libjvm.so+0xb2a180], sa_mask[0]=11111111011111111101111111111110, sa_flags=SA_RESTART|SA_SIGINFO


---------------  S Y S T E M  ---------------

OS:DISTRIB_ID=LinuxMint
DISTRIB_RELEASE=19.1
DISTRIB_CODENAME=tessa
DISTRIB_DESCRIPTION="Linux Mint 19.1 Tessa"
uname:Linux 4.15.0-20-generic #21-Ubuntu SMP Tue Apr 24 06:16:15 UTC 2018 x86_64
libc:glibc 2.27 NPTL 2.27 
rlimit: STACK 8192k, CORE 0k, NPROC 31207, NOFILE 4096, AS infinity, DATA infinity, FSIZE infinity
load average:1.57 1.08 1.14

/proc/meminfo:
MemTotal:        8051996 kB
MemFree:         1979192 kB
MemAvailable:    2714984 kB
Buffers:          100920 kB
Cached:          4212832 kB
SwapCached:            0 kB
Active:          1867672 kB
Inactive:        3970324 kB
Active(anon):    1525108 kB
Inactive(anon):  3398980 kB
Active(file):     342564 kB
Inactive(file):   571344 kB
Unevictable:          32 kB
Mlocked:              32 kB
SwapTotal:       2097148 kB
SwapFree:        2097148 kB
Dirty:               156 kB
Writeback:             0 kB
AnonPages:       1524696 kB
Mapped:          1588752 kB
Shmem:           3399848 kB
Slab:             128416 kB
SReclaimable:      82456 kB
SUnreclaim:        45960 kB
KernelStack:       11248 kB
PageTables:        40672 kB
NFS_Unstable:          0 kB
Bounce:                0 kB
WritebackTmp:          0 kB
CommitLimit:     6123144 kB
Committed_AS:    8744908 kB
VmallocTotal:   34359738367 kB
VmallocUsed:           0 kB
VmallocChunk:          0 kB
HardwareCorrupted:     0 kB
AnonHugePages:         0 kB
ShmemHugePages:        0 kB
ShmemPmdMapped:        0 kB
CmaTotal:              0 kB
CmaFree:               0 kB
HugePages_Total:       0
HugePages_Free:        0
HugePages_Rsvd:        0
HugePages_Surp:        0
Hugepagesize:       2048 kB
DirectMap4k:      140224 kB
DirectMap2M:     8132608 kB

container (cgroup) information:
container_type: cgroupv1
cpu_cpuset_cpus: 0-7
cpu_memory_nodes: 0
active_processor_count: 8
cpu_quota: -1
cpu_period: 100000
cpu_shares: -1
memory_limit_in_bytes: -1
memory_and_swap_limit_in_bytes: -2
memory_soft_limit_in_bytes: -1
memory_usage_in_bytes: 5978910720
memory_max_usage_in_bytes: 0


CPU:total 8 (initial active 8) (4 cores per cpu, 2 threads per core) family 6 model 58 stepping 9, cmov, cx8, fxsr, mmx, sse, sse2, sse3, ssse3, sse4.1, sse4.2, popcnt, avx, aes, clmul, erms, ht, tsc, tscinvbit, tscinv
CPU Model and flags from /proc/cpuinfo:
model name	: Intel(R) Core(TM) i7-3770 CPU @ 3.40GHz
flags		: fpu vme de pse tsc msr pae mce cx8 apic sep mtrr pge mca cmov pat pse36 clflush dts acpi mmx fxsr sse sse2 ss ht tm pbe syscall nx rdtscp lm constant_tsc arch_perfmon pebs bts rep_good nopl xtopology nonstop_tsc cpuid aperfmperf pni pclmulqdq dtes64 monitor ds_cpl vmx smx est tm2 ssse3 cx16 xtpr pdcm pcid sse4_1 sse4_2 x2apic popcnt tsc_deadline_timer aes xsave avx f16c rdrand lahf_lm cpuid_fault epb pti tpr_shadow vnmi flexpriority ept vpid fsgsbase smep erms xsaveopt dtherm ida arat pln pts

Memory: 4k page, physical 8051996k(1979192k free), swap 2097148k(2097148k free)

vm_info: OpenJDK 64-Bit Server VM (10.0.2+13-Ubuntu-1ubuntu0.18.04.4) for linux-amd64 JRE (10.0.2+13-Ubuntu-1ubuntu0.18.04.4), built on Nov 13 2018 12:53:39 by "buildd" with gcc 7.3.0

END.
