#
# A fatal error has been detected by the Java Runtime Environment:
#
#  SIGSEGV (0xb) at pc=0x00007f68e7b90b32, pid=3507, tid=3508
#
# JRE version: OpenJDK Runtime Environment (10.0.2+13) (build 10.0.2+13-Ubuntu-1ubuntu0.18.04.4)
# Java VM: OpenJDK 64-Bit Server VM (10.0.2+13-Ubuntu-1ubuntu0.18.04.4, mixed mode, tiered, compressed oops, g1 gc, linux-amd64)
# Problematic frame:
# C  [libController.so+0x1bb32]  wbu_motion_new+0x5d2
#
# Core dump will be written. Default location: Core dumps may be processed with "/usr/share/apport/apport %p %s %c %d %P" (or dumping to /home/pc/Dokumente/my_project/controllers/SensorController/core.3507)
#
# If you would like to submit a bug report, please visit:
#   http://bugreport.java.com/bugreport/crash.jsp
# The crash happened outside the Java Virtual Machine in native code.
# See problematic frame for where to report the bug.
#

---------------  S U M M A R Y ------------

Command Line: -Djava.library.path=/home/pc/Downloads/webots/lib/java SensorController

Host: Intel(R) Core(TM) i7-3770 CPU @ 3.40GHz, 8 cores, 7G, Linux Mint 19.1 Tessa
Time: Wed Jun 19 10:49:48 2019 CEST elapsed time: 0 seconds (0d 0h 0m 0s)

---------------  T H R E A D  ---------------

Current thread (0x00007f698c012000):  JavaThread "main" [_thread_in_native, id=3508, stack(0x00007f6992fee000,0x00007f69930ef000)]

Stack: [0x00007f6992fee000,0x00007f69930ef000],  sp=0x00007f69930ec6f0,  free space=1017k
Native frames: (J=compiled Java code, A=aot compiled Java code, j=interpreted, Vv=VM code, C=native code)
C  [libController.so+0x1bb32]  wbu_motion_new+0x5d2
C  [libCppController.so+0x28c7a]  webots::Motion::Motion(std::__cxx11::basic_string<char, std::char_traits<char>, std::allocator<char> > const&)+0x36
C  [libJavaController.so+0x27c5d]  Java_com_cyberbotics_webots_controller_wrapperJNI_new_1Motion+0x10a
j  com.cyberbotics.webots.controller.wrapperJNI.new_Motion(Ljava/lang/String;)J+0
j  com.cyberbotics.webots.controller.Motion.<init>(Ljava/lang/String;)V+2
j  SensorController.loadMotionFiles()V+118
j  SensorController.main([Ljava/lang/String;)V+22
v  ~StubRoutines::call_stub
V  [libjvm.so+0x83d38f]
V  [libjvm.so+0x85c3cd]
V  [libjvm.so+0x85e60e]
C  [libjli.so+0x4aa0]
C  [libjli.so+0x89dd]
C  [libpthread.so.0+0x76db]  start_thread+0xdb

Java frames: (J=compiled Java code, j=interpreted, Vv=VM code)
j  com.cyberbotics.webots.controller.wrapperJNI.new_Motion(Ljava/lang/String;)J+0
j  com.cyberbotics.webots.controller.Motion.<init>(Ljava/lang/String;)V+2
j  SensorController.loadMotionFiles()V+118
j  SensorController.main([Ljava/lang/String;)V+22
v  ~StubRoutines::call_stub

siginfo: si_signo: 11 (SIGSEGV), si_code: 1 (SEGV_MAPERR), si_addr: 0x0000000000000000

Register to memory mapping:

RAX=0x0000000000000000 is an unknown value
RBX=0x00007f698c24e390 is an unknown value
RCX=0x0000000000000000 is an unknown value
RDX=0x00007f6992cd0a68: <offset 0x00000000003eda68> in /lib/x86_64-linux-gnu/libc.so.6 at 0x00007f69928e3000
RSP=0x00007f69930ec6f0 is pointing into the stack for thread: 0x00007f698c012000
RBP=0x00007f69930ed770 is pointing into the stack for thread: 0x00007f698c012000
RSI=0x00007f68e7badfc3: <offset 0x0000000000038fc3> in /home/pc/Downloads/webots/lib/libController.so at 0x00007f68e7b75000
RDI=0x0000000000000000 is an unknown value
R8 =0x0000000000000001 is an unknown value
R9 =0x0000000000000000 is an unknown value
R10=0x10e5604189374bc6 is an unknown value
R11=0x00007f68e7badfde: <offset 0x0000000000038fde> in /home/pc/Downloads/webots/lib/libController.so at 0x00007f68e7b75000
R12=0x0000000000000220 is an unknown value
R13=0x0000000000000110 is an unknown value
R14=0x0000000000000030 is an unknown value
R15=0x0000000000000006 is an unknown value


Registers:
RAX=0x0000000000000000, RBX=0x00007f698c24e390, RCX=0x0000000000000000, RDX=0x00007f6992cd0a68
RSP=0x00007f69930ec6f0, RBP=0x00007f69930ed770, RSI=0x00007f68e7badfc3, RDI=0x0000000000000000
R8 =0x0000000000000001, R9 =0x0000000000000000, R10=0x10e5604189374bc6, R11=0x00007f68e7badfde
R12=0x0000000000000220, R13=0x0000000000000110, R14=0x0000000000000030, R15=0x0000000000000006
RIP=0x00007f68e7b90b32, EFLAGS=0x0000000000010246, CSGSFS=0x002b000000000033, ERR=0x0000000000000004
  TRAPNO=0x000000000000000e

Top of Stack: (sp=0x00007f69930ec6f0)
0x00007f69930ec6f0:   32373a32303a3030 393665736f500030
0x00007f69930ec700:   36302e302d003000 3132352e302d0036
0x00007f69930ec710:   2d003334302e3100 2e30003232352e30
0x00007f69930ec720:   302d2c3000363630 2e302d2c3636302e 

Instructions: (pc=0x00007f68e7b90b32)
0x00007f68e7b90b12:   08 4a 03 0c 22 48 89 ca e8 f1 21 ff ff 44 3b 3b
0x00007f68e7b90b22:   7d 3c 48 8d 35 98 d4 01 00 31 ff e8 5e 26 ff ff
0x00007f68e7b90b32:   80 38 2a 75 c1 80 78 01 00 75 bb 48 8b 43 30 f2
0x00007f68e7b90b42:   0f 10 05 07 db 01 00 41 83 c7 01 4a 8b 04 20 f2 


---------------  P R O C E S S  ---------------

Threads class SMR info:
_java_thread_list=0x00007f698c1fc5c0, length=11, elements={
0x00007f698c012000, 0x00007f698c142800, 0x00007f698c144800, 0x00007f698c14e000,
0x00007f698c158800, 0x00007f698c15a800, 0x00007f698c15c800, 0x00007f698c15e800,
0x00007f698c160000, 0x00007f698c1e4000, 0x00007f698c1fd000
}

Java Threads: ( => current thread )
=>0x00007f698c012000 JavaThread "main" [_thread_in_native, id=3508, stack(0x00007f6992fee000,0x00007f69930ef000)]
  0x00007f698c142800 JavaThread "Reference Handler" daemon [_thread_blocked, id=3530, stack(0x00007f693d485000,0x00007f693d586000)]
  0x00007f698c144800 JavaThread "Finalizer" daemon [_thread_blocked, id=3531, stack(0x00007f693d384000,0x00007f693d485000)]
  0x00007f698c14e000 JavaThread "Signal Dispatcher" daemon [_thread_blocked, id=3532, stack(0x00007f693cf53000,0x00007f693d054000)]
  0x00007f698c158800 JavaThread "C2 CompilerThread0" daemon [_thread_blocked, id=3533, stack(0x00007f693ce52000,0x00007f693cf53000)]
  0x00007f698c15a800 JavaThread "C2 CompilerThread1" daemon [_thread_blocked, id=3534, stack(0x00007f693cd51000,0x00007f693ce52000)]
  0x00007f698c15c800 JavaThread "C2 CompilerThread2" daemon [_thread_blocked, id=3535, stack(0x00007f693cc50000,0x00007f693cd51000)]
  0x00007f698c15e800 JavaThread "C1 CompilerThread3" daemon [_thread_blocked, id=3536, stack(0x00007f693cb4f000,0x00007f693cc50000)]
  0x00007f698c160000 JavaThread "Sweeper thread" daemon [_thread_blocked, id=3537, stack(0x00007f693ca4e000,0x00007f693cb4f000)]
  0x00007f698c1e4000 JavaThread "Service Thread" daemon [_thread_blocked, id=3538, stack(0x00007f693c94d000,0x00007f693ca4e000)]
  0x00007f698c1fd000 JavaThread "Common-Cleaner" daemon [_thread_blocked, id=3540, stack(0x00007f693c74a000,0x00007f693c84b000)]

Other Threads:
  0x00007f698c139000 VMThread "VM Thread" [stack: 0x00007f693d588000,0x00007f693d688000] [id=3529]
  0x00007f698c1e6800 WatcherThread [stack: 0x00007f693c84d000,0x00007f693c94d000] [id=3539]
  0x00007f698c028800 GCTaskThread "GC Thread#0" [stack: 0x00007f6972bff000,0x00007f6972cff000] [id=3509]
  0x00007f698c02a000 GCTaskThread "GC Thread#1" [stack: 0x00007f6972afd000,0x00007f6972bfd000] [id=3510]
  0x00007f698c02c000 GCTaskThread "GC Thread#2" [stack: 0x00007f69729fb000,0x00007f6972afb000] [id=3511]
  0x00007f698c02d800 GCTaskThread "GC Thread#3" [stack: 0x00007f69728f9000,0x00007f69729f9000] [id=3512]
  0x00007f698c02f000 GCTaskThread "GC Thread#4" [stack: 0x00007f69727f7000,0x00007f69728f7000] [id=3513]
  0x00007f698c031000 GCTaskThread "GC Thread#5" [stack: 0x00007f69726f5000,0x00007f69727f5000] [id=3514]
  0x00007f698c032800 GCTaskThread "GC Thread#6" [stack: 0x00007f69725f3000,0x00007f69726f3000] [id=3515]
  0x00007f698c034800 GCTaskThread "GC Thread#7" [stack: 0x00007f69724f1000,0x00007f69725f1000] [id=3516]
  0x00007f698c05d800 ConcurrentGCThread "G1 Main Marker" [stack: 0x00007f6971062000,0x00007f6971162000] [id=3517]
  0x00007f698c05f800 ConcurrentGCThread "G1 Conc#0" [stack: 0x00007f6970f60000,0x00007f6971060000] [id=3518]
  0x00007f698c061000 ConcurrentGCThread "G1 Conc#1" [stack: 0x00007f6970e5e000,0x00007f6970f5e000] [id=3519]
  0x00007f698c0c9800 ConcurrentGCThread "G1 Refine#0" [stack: 0x00007f6970554000,0x00007f6970654000] [id=3520]
  0x00007f698c0cb800 ConcurrentGCThread "G1 Refine#1" [stack: 0x00007f6970452000,0x00007f6970552000] [id=3521]
  0x00007f698c0cd000 ConcurrentGCThread "G1 Refine#2" [stack: 0x00007f6970350000,0x00007f6970450000] [id=3522]
  0x00007f698c0cf000 ConcurrentGCThread "G1 Refine#3" [stack: 0x00007f697024e000,0x00007f697034e000] [id=3523]
  0x00007f698c0d0800 ConcurrentGCThread "G1 Refine#4" [stack: 0x00007f697014c000,0x00007f697024c000] [id=3524]
  0x00007f698c0d2800 ConcurrentGCThread "G1 Refine#5" [stack: 0x00007f697004a000,0x00007f697014a000] [id=3525]
  0x00007f698c0d4000 ConcurrentGCThread "G1 Refine#6" [stack: 0x00007f6950190000,0x00007f6950290000] [id=3526]
  0x00007f698c0d6000 ConcurrentGCThread "G1 Refine#7" [stack: 0x00007f695008e000,0x00007f695018e000] [id=3527]
  0x00007f698c0d7800 ConcurrentGCThread "G1 Young RemSet Sampling" [stack: 0x00007f693df00000,0x00007f693e000000] [id=3528]

Threads with active compile tasks:

VM state:not at safepoint (normal execution)

VM Mutex/Monitor currently owned by a thread: None

Heap address: 0x0000000085200000, size: 1966 MB, Compressed Oops mode: 32-bit
Narrow klass base: 0x0000000000000000, Narrow klass shift: 3
Compressed class space size: 1073741824 Address: 0x0000000100000000

Heap:
 garbage-first heap   total 126976K, used 1024K [0x0000000085200000, 0x0000000100000000)
  region size 1024K, 2 young (2048K), 0 survivors (0K)
 Metaspace       used 4857K, capacity 4990K, committed 5120K, reserved 1056768K
  class space    used 398K, capacity 430K, committed 512K, reserved 1048576K
Heap Regions: E=young(eden), S=young(survivor), O=old, HS=humongous(starts), HC=humongous(continues), CS=collection set, F=free, A=archive, TS=gc time stamp, AC=allocation context, TAMS=top-at-mark-start (previous, next)
|   0|0x0000000085200000, 0x0000000085200000, 0x0000000085300000|  0%| F|  |TS  0|AC  0|TAMS 0x0000000085200000, 0x0000000085200000|
|   1|0x0000000085300000, 0x0000000085300000, 0x0000000085400000|  0%| F|  |TS  0|AC  0|TAMS 0x0000000085300000, 0x0000000085300000|
|   2|0x0000000085400000, 0x0000000085400000, 0x0000000085500000|  0%| F|  |TS  0|AC  0|TAMS 0x0000000085400000, 0x0000000085400000|
|   3|0x0000000085500000, 0x0000000085500000, 0x0000000085600000|  0%| F|  |TS  0|AC  0|TAMS 0x0000000085500000, 0x0000000085500000|
|   4|0x0000000085600000, 0x0000000085600000, 0x0000000085700000|  0%| F|  |TS  0|AC  0|TAMS 0x0000000085600000, 0x0000000085600000|
|   5|0x0000000085700000, 0x0000000085700000, 0x0000000085800000|  0%| F|  |TS  0|AC  0|TAMS 0x0000000085700000, 0x0000000085700000|
|   6|0x0000000085800000, 0x0000000085800000, 0x0000000085900000|  0%| F|  |TS  0|AC  0|TAMS 0x0000000085800000, 0x0000000085800000|
|   7|0x0000000085900000, 0x0000000085900000, 0x0000000085a00000|  0%| F|  |TS  0|AC  0|TAMS 0x0000000085900000, 0x0000000085900000|
|   8|0x0000000085a00000, 0x0000000085a00000, 0x0000000085b00000|  0%| F|  |TS  0|AC  0|TAMS 0x0000000085a00000, 0x0000000085a00000|
|   9|0x0000000085b00000, 0x0000000085b00000, 0x0000000085c00000|  0%| F|  |TS  0|AC  0|TAMS 0x0000000085b00000, 0x0000000085b00000|
|  10|0x0000000085c00000, 0x0000000085c00000, 0x0000000085d00000|  0%| F|  |TS  0|AC  0|TAMS 0x0000000085c00000, 0x0000000085c00000|
|  11|0x0000000085d00000, 0x0000000085d00000, 0x0000000085e00000|  0%| F|  |TS  0|AC  0|TAMS 0x0000000085d00000, 0x0000000085d00000|
|  12|0x0000000085e00000, 0x0000000085e00000, 0x0000000085f00000|  0%| F|  |TS  0|AC  0|TAMS 0x0000000085e00000, 0x0000000085e00000|
|  13|0x0000000085f00000, 0x0000000085f00000, 0x0000000086000000|  0%| F|  |TS  0|AC  0|TAMS 0x0000000085f00000, 0x0000000085f00000|
|  14|0x0000000086000000, 0x0000000086000000, 0x0000000086100000|  0%| F|  |TS  0|AC  0|TAMS 0x0000000086000000, 0x0000000086000000|
|  15|0x0000000086100000, 0x0000000086100000, 0x0000000086200000|  0%| F|  |TS  0|AC  0|TAMS 0x0000000086100000, 0x0000000086100000|
|  16|0x0000000086200000, 0x0000000086200000, 0x0000000086300000|  0%| F|  |TS  0|AC  0|TAMS 0x0000000086200000, 0x0000000086200000|
|  17|0x0000000086300000, 0x0000000086300000, 0x0000000086400000|  0%| F|  |TS  0|AC  0|TAMS 0x0000000086300000, 0x0000000086300000|
|  18|0x0000000086400000, 0x0000000086400000, 0x0000000086500000|  0%| F|  |TS  0|AC  0|TAMS 0x0000000086400000, 0x0000000086400000|
|  19|0x0000000086500000, 0x0000000086500000, 0x0000000086600000|  0%| F|  |TS  0|AC  0|TAMS 0x0000000086500000, 0x0000000086500000|
|  20|0x0000000086600000, 0x0000000086600000, 0x0000000086700000|  0%| F|  |TS  0|AC  0|TAMS 0x0000000086600000, 0x0000000086600000|
|  21|0x0000000086700000, 0x0000000086700000, 0x0000000086800000|  0%| F|  |TS  0|AC  0|TAMS 0x0000000086700000, 0x0000000086700000|
|  22|0x0000000086800000, 0x0000000086800000, 0x0000000086900000|  0%| F|  |TS  0|AC  0|TAMS 0x0000000086800000, 0x0000000086800000|
|  23|0x0000000086900000, 0x0000000086900000, 0x0000000086a00000|  0%| F|  |TS  0|AC  0|TAMS 0x0000000086900000, 0x0000000086900000|
|  24|0x0000000086a00000, 0x0000000086a00000, 0x0000000086b00000|  0%| F|  |TS  0|AC  0|TAMS 0x0000000086a00000, 0x0000000086a00000|
|  25|0x0000000086b00000, 0x0000000086b00000, 0x0000000086c00000|  0%| F|  |TS  0|AC  0|TAMS 0x0000000086b00000, 0x0000000086b00000|
|  26|0x0000000086c00000, 0x0000000086c00000, 0x0000000086d00000|  0%| F|  |TS  0|AC  0|TAMS 0x0000000086c00000, 0x0000000086c00000|
|  27|0x0000000086d00000, 0x0000000086d00000, 0x0000000086e00000|  0%| F|  |TS  0|AC  0|TAMS 0x0000000086d00000, 0x0000000086d00000|
|  28|0x0000000086e00000, 0x0000000086e00000, 0x0000000086f00000|  0%| F|  |TS  0|AC  0|TAMS 0x0000000086e00000, 0x0000000086e00000|
|  29|0x0000000086f00000, 0x0000000086f00000, 0x0000000087000000|  0%| F|  |TS  0|AC  0|TAMS 0x0000000086f00000, 0x0000000086f00000|
|  30|0x0000000087000000, 0x0000000087000000, 0x0000000087100000|  0%| F|  |TS  0|AC  0|TAMS 0x0000000087000000, 0x0000000087000000|
|  31|0x0000000087100000, 0x0000000087100000, 0x0000000087200000|  0%| F|  |TS  0|AC  0|TAMS 0x0000000087100000, 0x0000000087100000|
|  32|0x0000000087200000, 0x0000000087200000, 0x0000000087300000|  0%| F|  |TS  0|AC  0|TAMS 0x0000000087200000, 0x0000000087200000|
|  33|0x0000000087300000, 0x0000000087300000, 0x0000000087400000|  0%| F|  |TS  0|AC  0|TAMS 0x0000000087300000, 0x0000000087300000|
|  34|0x0000000087400000, 0x0000000087400000, 0x0000000087500000|  0%| F|  |TS  0|AC  0|TAMS 0x0000000087400000, 0x0000000087400000|
|  35|0x0000000087500000, 0x0000000087500000, 0x0000000087600000|  0%| F|  |TS  0|AC  0|TAMS 0x0000000087500000, 0x0000000087500000|
|  36|0x0000000087600000, 0x0000000087600000, 0x0000000087700000|  0%| F|  |TS  0|AC  0|TAMS 0x0000000087600000, 0x0000000087600000|
|  37|0x0000000087700000, 0x0000000087700000, 0x0000000087800000|  0%| F|  |TS  0|AC  0|TAMS 0x0000000087700000, 0x0000000087700000|
|  38|0x0000000087800000, 0x0000000087800000, 0x0000000087900000|  0%| F|  |TS  0|AC  0|TAMS 0x0000000087800000, 0x0000000087800000|
|  39|0x0000000087900000, 0x0000000087900000, 0x0000000087a00000|  0%| F|  |TS  0|AC  0|TAMS 0x0000000087900000, 0x0000000087900000|
|  40|0x0000000087a00000, 0x0000000087a00000, 0x0000000087b00000|  0%| F|  |TS  0|AC  0|TAMS 0x0000000087a00000, 0x0000000087a00000|
|  41|0x0000000087b00000, 0x0000000087b00000, 0x0000000087c00000|  0%| F|  |TS  0|AC  0|TAMS 0x0000000087b00000, 0x0000000087b00000|
|  42|0x0000000087c00000, 0x0000000087c00000, 0x0000000087d00000|  0%| F|  |TS  0|AC  0|TAMS 0x0000000087c00000, 0x0000000087c00000|
|  43|0x0000000087d00000, 0x0000000087d00000, 0x0000000087e00000|  0%| F|  |TS  0|AC  0|TAMS 0x0000000087d00000, 0x0000000087d00000|
|  44|0x0000000087e00000, 0x0000000087e00000, 0x0000000087f00000|  0%| F|  |TS  0|AC  0|TAMS 0x0000000087e00000, 0x0000000087e00000|
|  45|0x0000000087f00000, 0x0000000087f00000, 0x0000000088000000|  0%| F|  |TS  0|AC  0|TAMS 0x0000000087f00000, 0x0000000087f00000|
|  46|0x0000000088000000, 0x0000000088000000, 0x0000000088100000|  0%| F|  |TS  0|AC  0|TAMS 0x0000000088000000, 0x0000000088000000|
|  47|0x0000000088100000, 0x0000000088100000, 0x0000000088200000|  0%| F|  |TS  0|AC  0|TAMS 0x0000000088100000, 0x0000000088100000|
|  48|0x0000000088200000, 0x0000000088200000, 0x0000000088300000|  0%| F|  |TS  0|AC  0|TAMS 0x0000000088200000, 0x0000000088200000|
|  49|0x0000000088300000, 0x0000000088300000, 0x0000000088400000|  0%| F|  |TS  0|AC  0|TAMS 0x0000000088300000, 0x0000000088300000|
|  50|0x0000000088400000, 0x0000000088400000, 0x0000000088500000|  0%| F|  |TS  0|AC  0|TAMS 0x0000000088400000, 0x0000000088400000|
|  51|0x0000000088500000, 0x0000000088500000, 0x0000000088600000|  0%| F|  |TS  0|AC  0|TAMS 0x0000000088500000, 0x0000000088500000|
|  52|0x0000000088600000, 0x0000000088600000, 0x0000000088700000|  0%| F|  |TS  0|AC  0|TAMS 0x0000000088600000, 0x0000000088600000|
|  53|0x0000000088700000, 0x0000000088700000, 0x0000000088800000|  0%| F|  |TS  0|AC  0|TAMS 0x0000000088700000, 0x0000000088700000|
|  54|0x0000000088800000, 0x0000000088800000, 0x0000000088900000|  0%| F|  |TS  0|AC  0|TAMS 0x0000000088800000, 0x0000000088800000|
|  55|0x0000000088900000, 0x0000000088900000, 0x0000000088a00000|  0%| F|  |TS  0|AC  0|TAMS 0x0000000088900000, 0x0000000088900000|
|  56|0x0000000088a00000, 0x0000000088a00000, 0x0000000088b00000|  0%| F|  |TS  0|AC  0|TAMS 0x0000000088a00000, 0x0000000088a00000|
|  57|0x0000000088b00000, 0x0000000088b00000, 0x0000000088c00000|  0%| F|  |TS  0|AC  0|TAMS 0x0000000088b00000, 0x0000000088b00000|
|  58|0x0000000088c00000, 0x0000000088c00000, 0x0000000088d00000|  0%| F|  |TS  0|AC  0|TAMS 0x0000000088c00000, 0x0000000088c00000|
|  59|0x0000000088d00000, 0x0000000088d00000, 0x0000000088e00000|  0%| F|  |TS  0|AC  0|TAMS 0x0000000088d00000, 0x0000000088d00000|
|  60|0x0000000088e00000, 0x0000000088e00000, 0x0000000088f00000|  0%| F|  |TS  0|AC  0|TAMS 0x0000000088e00000, 0x0000000088e00000|
|  61|0x0000000088f00000, 0x0000000088f00000, 0x0000000089000000|  0%| F|  |TS  0|AC  0|TAMS 0x0000000088f00000, 0x0000000088f00000|
|  62|0x0000000089000000, 0x0000000089000000, 0x0000000089100000|  0%| F|  |TS  0|AC  0|TAMS 0x0000000089000000, 0x0000000089000000|
|  63|0x0000000089100000, 0x0000000089100000, 0x0000000089200000|  0%| F|  |TS  0|AC  0|TAMS 0x0000000089100000, 0x0000000089100000|
|  64|0x0000000089200000, 0x0000000089200000, 0x0000000089300000|  0%| F|  |TS  0|AC  0|TAMS 0x0000000089200000, 0x0000000089200000|
|  65|0x0000000089300000, 0x0000000089300000, 0x0000000089400000|  0%| F|  |TS  0|AC  0|TAMS 0x0000000089300000, 0x0000000089300000|
|  66|0x0000000089400000, 0x0000000089400000, 0x0000000089500000|  0%| F|  |TS  0|AC  0|TAMS 0x0000000089400000, 0x0000000089400000|
|  67|0x0000000089500000, 0x0000000089500000, 0x0000000089600000|  0%| F|  |TS  0|AC  0|TAMS 0x0000000089500000, 0x0000000089500000|
|  68|0x0000000089600000, 0x0000000089600000, 0x0000000089700000|  0%| F|  |TS  0|AC  0|TAMS 0x0000000089600000, 0x0000000089600000|
|  69|0x0000000089700000, 0x0000000089700000, 0x0000000089800000|  0%| F|  |TS  0|AC  0|TAMS 0x0000000089700000, 0x0000000089700000|
|  70|0x0000000089800000, 0x0000000089800000, 0x0000000089900000|  0%| F|  |TS  0|AC  0|TAMS 0x0000000089800000, 0x0000000089800000|
|  71|0x0000000089900000, 0x0000000089900000, 0x0000000089a00000|  0%| F|  |TS  0|AC  0|TAMS 0x0000000089900000, 0x0000000089900000|
|  72|0x0000000089a00000, 0x0000000089a00000, 0x0000000089b00000|  0%| F|  |TS  0|AC  0|TAMS 0x0000000089a00000, 0x0000000089a00000|
|  73|0x0000000089b00000, 0x0000000089b00000, 0x0000000089c00000|  0%| F|  |TS  0|AC  0|TAMS 0x0000000089b00000, 0x0000000089b00000|
|  74|0x0000000089c00000, 0x0000000089c00000, 0x0000000089d00000|  0%| F|  |TS  0|AC  0|TAMS 0x0000000089c00000, 0x0000000089c00000|
|  75|0x0000000089d00000, 0x0000000089d00000, 0x0000000089e00000|  0%| F|  |TS  0|AC  0|TAMS 0x0000000089d00000, 0x0000000089d00000|
|  76|0x0000000089e00000, 0x0000000089e00000, 0x0000000089f00000|  0%| F|  |TS  0|AC  0|TAMS 0x0000000089e00000, 0x0000000089e00000|
|  77|0x0000000089f00000, 0x0000000089f00000, 0x000000008a000000|  0%| F|  |TS  0|AC  0|TAMS 0x0000000089f00000, 0x0000000089f00000|
|  78|0x000000008a000000, 0x000000008a000000, 0x000000008a100000|  0%| F|  |TS  0|AC  0|TAMS 0x000000008a000000, 0x000000008a000000|
|  79|0x000000008a100000, 0x000000008a100000, 0x000000008a200000|  0%| F|  |TS  0|AC  0|TAMS 0x000000008a100000, 0x000000008a100000|
|  80|0x000000008a200000, 0x000000008a200000, 0x000000008a300000|  0%| F|  |TS  0|AC  0|TAMS 0x000000008a200000, 0x000000008a200000|
|  81|0x000000008a300000, 0x000000008a300000, 0x000000008a400000|  0%| F|  |TS  0|AC  0|TAMS 0x000000008a300000, 0x000000008a300000|
|  82|0x000000008a400000, 0x000000008a400000, 0x000000008a500000|  0%| F|  |TS  0|AC  0|TAMS 0x000000008a400000, 0x000000008a400000|
|  83|0x000000008a500000, 0x000000008a500000, 0x000000008a600000|  0%| F|  |TS  0|AC  0|TAMS 0x000000008a500000, 0x000000008a500000|
|  84|0x000000008a600000, 0x000000008a600000, 0x000000008a700000|  0%| F|  |TS  0|AC  0|TAMS 0x000000008a600000, 0x000000008a600000|
|  85|0x000000008a700000, 0x000000008a700000, 0x000000008a800000|  0%| F|  |TS  0|AC  0|TAMS 0x000000008a700000, 0x000000008a700000|
|  86|0x000000008a800000, 0x000000008a800000, 0x000000008a900000|  0%| F|  |TS  0|AC  0|TAMS 0x000000008a800000, 0x000000008a800000|
|  87|0x000000008a900000, 0x000000008a900000, 0x000000008aa00000|  0%| F|  |TS  0|AC  0|TAMS 0x000000008a900000, 0x000000008a900000|
|  88|0x000000008aa00000, 0x000000008aa00000, 0x000000008ab00000|  0%| F|  |TS  0|AC  0|TAMS 0x000000008aa00000, 0x000000008aa00000|
|  89|0x000000008ab00000, 0x000000008ab00000, 0x000000008ac00000|  0%| F|  |TS  0|AC  0|TAMS 0x000000008ab00000, 0x000000008ab00000|
|  90|0x000000008ac00000, 0x000000008ac00000, 0x000000008ad00000|  0%| F|  |TS  0|AC  0|TAMS 0x000000008ac00000, 0x000000008ac00000|
|  91|0x000000008ad00000, 0x000000008ad00000, 0x000000008ae00000|  0%| F|  |TS  0|AC  0|TAMS 0x000000008ad00000, 0x000000008ad00000|
|  92|0x000000008ae00000, 0x000000008ae00000, 0x000000008af00000|  0%| F|  |TS  0|AC  0|TAMS 0x000000008ae00000, 0x000000008ae00000|
|  93|0x000000008af00000, 0x000000008af00000, 0x000000008b000000|  0%| F|  |TS  0|AC  0|TAMS 0x000000008af00000, 0x000000008af00000|
|  94|0x000000008b000000, 0x000000008b000000, 0x000000008b100000|  0%| F|  |TS  0|AC  0|TAMS 0x000000008b000000, 0x000000008b000000|
|  95|0x000000008b100000, 0x000000008b100000, 0x000000008b200000|  0%| F|  |TS  0|AC  0|TAMS 0x000000008b100000, 0x000000008b100000|
|  96|0x000000008b200000, 0x000000008b200000, 0x000000008b300000|  0%| F|  |TS  0|AC  0|TAMS 0x000000008b200000, 0x000000008b200000|
|  97|0x000000008b300000, 0x000000008b300000, 0x000000008b400000|  0%| F|  |TS  0|AC  0|TAMS 0x000000008b300000, 0x000000008b300000|
|  98|0x000000008b400000, 0x000000008b400000, 0x000000008b500000|  0%| F|  |TS  0|AC  0|TAMS 0x000000008b400000, 0x000000008b400000|
|  99|0x000000008b500000, 0x000000008b500000, 0x000000008b600000|  0%| F|  |TS  0|AC  0|TAMS 0x000000008b500000, 0x000000008b500000|
| 100|0x000000008b600000, 0x000000008b600000, 0x000000008b700000|  0%| F|  |TS  0|AC  0|TAMS 0x000000008b600000, 0x000000008b600000|
| 101|0x000000008b700000, 0x000000008b700000, 0x000000008b800000|  0%| F|  |TS  0|AC  0|TAMS 0x000000008b700000, 0x000000008b700000|
| 102|0x000000008b800000, 0x000000008b800000, 0x000000008b900000|  0%| F|  |TS  0|AC  0|TAMS 0x000000008b800000, 0x000000008b800000|
| 103|0x000000008b900000, 0x000000008b900000, 0x000000008ba00000|  0%| F|  |TS  0|AC  0|TAMS 0x000000008b900000, 0x000000008b900000|
| 104|0x000000008ba00000, 0x000000008ba00000, 0x000000008bb00000|  0%| F|  |TS  0|AC  0|TAMS 0x000000008ba00000, 0x000000008ba00000|
| 105|0x000000008bb00000, 0x000000008bb00000, 0x000000008bc00000|  0%| F|  |TS  0|AC  0|TAMS 0x000000008bb00000, 0x000000008bb00000|
| 106|0x000000008bc00000, 0x000000008bc00000, 0x000000008bd00000|  0%| F|  |TS  0|AC  0|TAMS 0x000000008bc00000, 0x000000008bc00000|
| 107|0x000000008bd00000, 0x000000008bd00000, 0x000000008be00000|  0%| F|  |TS  0|AC  0|TAMS 0x000000008bd00000, 0x000000008bd00000|
| 108|0x000000008be00000, 0x000000008be00000, 0x000000008bf00000|  0%| F|  |TS  0|AC  0|TAMS 0x000000008be00000, 0x000000008be00000|
| 109|0x000000008bf00000, 0x000000008bf00000, 0x000000008c000000|  0%| F|  |TS  0|AC  0|TAMS 0x000000008bf00000, 0x000000008bf00000|
| 110|0x000000008c000000, 0x000000008c000000, 0x000000008c100000|  0%| F|  |TS  0|AC  0|TAMS 0x000000008c000000, 0x000000008c000000|
| 111|0x000000008c100000, 0x000000008c100000, 0x000000008c200000|  0%| F|  |TS  0|AC  0|TAMS 0x000000008c100000, 0x000000008c100000|
| 112|0x000000008c200000, 0x000000008c200000, 0x000000008c300000|  0%| F|  |TS  0|AC  0|TAMS 0x000000008c200000, 0x000000008c200000|
| 113|0x000000008c300000, 0x000000008c300000, 0x000000008c400000|  0%| F|  |TS  0|AC  0|TAMS 0x000000008c300000, 0x000000008c300000|
| 114|0x000000008c400000, 0x000000008c400000, 0x000000008c500000|  0%| F|  |TS  0|AC  0|TAMS 0x000000008c400000, 0x000000008c400000|
| 115|0x000000008c500000, 0x000000008c500000, 0x000000008c600000|  0%| F|  |TS  0|AC  0|TAMS 0x000000008c500000, 0x000000008c500000|
| 116|0x000000008c600000, 0x000000008c600000, 0x000000008c700000|  0%| F|  |TS  0|AC  0|TAMS 0x000000008c600000, 0x000000008c600000|
| 117|0x000000008c700000, 0x000000008c700000, 0x000000008c800000|  0%| F|  |TS  0|AC  0|TAMS 0x000000008c700000, 0x000000008c700000|
| 118|0x000000008c800000, 0x000000008c800000, 0x000000008c900000|  0%| F|  |TS  0|AC  0|TAMS 0x000000008c800000, 0x000000008c800000|
| 119|0x000000008c900000, 0x000000008c900000, 0x000000008ca00000|  0%| F|  |TS  0|AC  0|TAMS 0x000000008c900000, 0x000000008c900000|
| 120|0x000000008ca00000, 0x000000008ca00000, 0x000000008cb00000|  0%| F|  |TS  0|AC  0|TAMS 0x000000008ca00000, 0x000000008ca00000|
| 121|0x000000008cb00000, 0x000000008cb00000, 0x000000008cc00000|  0%| F|  |TS  0|AC  0|TAMS 0x000000008cb00000, 0x000000008cb00000|
| 122|0x000000008cc00000, 0x000000008ccf6480, 0x000000008cd00000| 96%| E|  |TS  0|AC  0|TAMS 0x000000008cc00000, 0x000000008cc00000|
| 123|0x000000008cd00000, 0x000000008ce00000, 0x000000008ce00000|100%| E|CS|TS  0|AC  0|TAMS 0x000000008cd00000, 0x000000008cd00000|

Card table byte_map: [0x00007f6971539000,0x00007f6971910000] byte_map_base: 0x00007f6971110000

Marking Bits (Prev, Next): (CMBitMap*) 0x00007f698c05ce80, (CMBitMap*) 0x00007f698c05ceb8
 Prev Bits: [0x00007f6952148000, 0x00007f6954000000)
 Next Bits: [0x00007f6950290000, 0x00007f6952148000)

Polling page: 0x00007f6993107000

CodeHeap 'non-profiled nmethods': size=120032Kb used=22Kb max_used=22Kb free=120009Kb
 bounds [0x00007f697a99d000, 0x00007f697ac0d000, 0x00007f6981ed5000]
CodeHeap 'profiled nmethods': size=120028Kb used=141Kb max_used=141Kb free=119886Kb
 bounds [0x00007f6973466000, 0x00007f69736d6000, 0x00007f697a99d000]
CodeHeap 'non-nmethods': size=5700Kb used=1018Kb max_used=1018Kb free=4681Kb
 bounds [0x00007f6972ed5000, 0x00007f6973145000, 0x00007f6973466000]
 total_blobs=468 nmethods=103 adapters=222
 compilation: enabled

Compilation events (10 events):
Event: 0.080 Thread 0x00007f698c15e800 nmethod 99 0x00007f6973486510 code [0x00007f69734866c0, 0x00007f6973486868]
Event: 0.080 Thread 0x00007f698c15e800  100       3       java.lang.AbstractStringBuilder::append (45 bytes)
Event: 0.080 Thread 0x00007f698c15e800 nmethod 100 0x00007f6973486910 code [0x00007f6973486b40, 0x00007f69734870b8]
Event: 0.080 Thread 0x00007f698c15e800  101       3       java.lang.StringLatin1::lastIndexOf (40 bytes)
Event: 0.081 Thread 0x00007f698c15e800 nmethod 101 0x00007f6973487310 code [0x00007f69734874e0, 0x00007f69734878f0]
Event: 0.081 Thread 0x00007f698c15e800  102       3       java.lang.Character::toLowerCase (9 bytes)
Event: 0.082 Thread 0x00007f698c15e800 nmethod 102 0x00007f6973487a90 code [0x00007f6973487c60, 0x00007f6973487e98]
Event: 0.082 Thread 0x00007f698c15e800  103       3       java.lang.CharacterDataLatin1::toLowerCase (39 bytes)
Event: 0.082 Thread 0x00007f698c15e800 nmethod 103 0x00007f6973487f90 code [0x00007f6973488160, 0x00007f69734883f0]
Event: 0.084 Thread 0x00007f698c15e800  104       3       java.util.Arrays::copyOfRange (63 bytes)

GC Heap History (0 events):
No events

Deoptimization events (1 events):
Event: 0.051 Thread 0x00007f698c012000 Uncommon trap: reason=unstable_if action=reinterpret pc=0x00007f697a9a21ec method=java.lang.String.hashCode()I @ 14 c2

Classes redefined (0 events):
No events

Internal exceptions (0 events):
No events

Events (10 events):
Event: 0.079 loading class com/cyberbotics/webots/controller/Mouse
Event: 0.079 loading class com/cyberbotics/webots/controller/Mouse done
Event: 0.080 loading class com/cyberbotics/webots/controller/Camera
Event: 0.080 loading class com/cyberbotics/webots/controller/Camera done
Event: 0.081 loading class com/cyberbotics/webots/controller/Device
Event: 0.081 loading class com/cyberbotics/webots/controller/Device done
Event: 0.081 loading class com/cyberbotics/webots/controller/DistanceSensor
Event: 0.081 loading class com/cyberbotics/webots/controller/DistanceSensor done
Event: 0.082 loading class com/cyberbotics/webots/controller/Motion
Event: 0.082 loading class com/cyberbotics/webots/controller/Motion done


Dynamic libraries:
85200000-8ce00000 rw-p 00000000 00:00 0 
8ce00000-100000000 ---p 00000000 00:00 0 
100000000-100080000 rw-p 00000000 00:00 0 
100080000-140000000 ---p 00000000 00:00 0 
55d86229f000-55d8622a0000 r-xp 00000000 08:01 23598097                   /usr/lib/jvm/java-11-openjdk-amd64/bin/java
55d8624a0000-55d8624a1000 r--p 00001000 08:01 23598097                   /usr/lib/jvm/java-11-openjdk-amd64/bin/java
55d8624a1000-55d8624a2000 rw-p 00002000 08:01 23598097                   /usr/lib/jvm/java-11-openjdk-amd64/bin/java
55d862576000-55d862597000 rw-p 00000000 00:00 0                          [heap]
7f68e6e4a000-7f68e6e4d000 r-xp 00000000 08:01 26486645                   /home/pc/Downloads/webots/resources/projects/plugins/robot_windows/generic/libgeneric.so
7f68e6e4d000-7f68e704c000 ---p 00003000 08:01 26486645                   /home/pc/Downloads/webots/resources/projects/plugins/robot_windows/generic/libgeneric.so
7f68e704c000-7f68e704d000 r--p 00002000 08:01 26486645                   /home/pc/Downloads/webots/resources/projects/plugins/robot_windows/generic/libgeneric.so
7f68e704d000-7f68e704e000 rw-p 00003000 08:01 26486645                   /home/pc/Downloads/webots/resources/projects/plugins/robot_windows/generic/libgeneric.so
7f68e704e000-7f68e7059000 r-xp 00000000 08:01 27920412                   /home/pc/Downloads/webots/lib/libjbig.so.0
7f68e7059000-7f68e7258000 ---p 0000b000 08:01 27920412                   /home/pc/Downloads/webots/lib/libjbig.so.0
7f68e7258000-7f68e7259000 r--p 0000a000 08:01 27920412                   /home/pc/Downloads/webots/lib/libjbig.so.0
7f68e7259000-7f68e725c000 rw-p 0000b000 08:01 27920412                   /home/pc/Downloads/webots/lib/libjbig.so.0
7f68e725c000-7f68e7280000 r-xp 00000000 08:01 14684814                   /lib/x86_64-linux-gnu/liblzma.so.5.2.2
7f68e7280000-7f68e7480000 ---p 00024000 08:01 14684814                   /lib/x86_64-linux-gnu/liblzma.so.5.2.2
7f68e7480000-7f68e7481000 r--p 00024000 08:01 14684814                   /lib/x86_64-linux-gnu/liblzma.so.5.2.2
7f68e7481000-7f68e7482000 rw-p 00025000 08:01 14684814                   /lib/x86_64-linux-gnu/liblzma.so.5.2.2
7f68e7482000-7f68e74a6000 r-xp 00000000 08:01 27920444                   /home/pc/Downloads/webots/lib/libpng12.so.0
7f68e74a6000-7f68e76a5000 ---p 00024000 08:01 27920444                   /home/pc/Downloads/webots/lib/libpng12.so.0
7f68e76a5000-7f68e76a6000 r--p 00023000 08:01 27920444                   /home/pc/Downloads/webots/lib/libpng12.so.0
7f68e76a6000-7f68e76a7000 rw-p 00024000 08:01 27920444                   /home/pc/Downloads/webots/lib/libpng12.so.0
7f68e76a7000-7f68e76fe000 r-xp 00000000 08:01 27920405                   /home/pc/Downloads/webots/lib/libjpeg.so.8
7f68e76fe000-7f68e78fe000 ---p 00057000 08:01 27920405                   /home/pc/Downloads/webots/lib/libjpeg.so.8
7f68e78fe000-7f68e78ff000 r--p 00057000 08:01 27920405                   /home/pc/Downloads/webots/lib/libjpeg.so.8
7f68e78ff000-7f68e7900000 rw-p 00058000 08:01 27920405                   /home/pc/Downloads/webots/lib/libjpeg.so.8
7f68e7900000-7f68e7971000 r-xp 00000000 08:01 27920407                   /home/pc/Downloads/webots/lib/libtiff.so.5
7f68e7971000-7f68e7b71000 ---p 00071000 08:01 27920407                   /home/pc/Downloads/webots/lib/libtiff.so.5
7f68e7b71000-7f68e7b72000 r--p 00071000 08:01 27920407                   /home/pc/Downloads/webots/lib/libtiff.so.5
7f68e7b72000-7f68e7b75000 rw-p 00072000 08:01 27920407                   /home/pc/Downloads/webots/lib/libtiff.so.5
7f68e7b75000-7f68e7bc1000 r-xp 00000000 08:01 27920416                   /home/pc/Downloads/webots/lib/libController.so
7f68e7bc1000-7f68e7dc0000 ---p 0004c000 08:01 27920416                   /home/pc/Downloads/webots/lib/libController.so
7f68e7dc0000-7f68e7dc1000 r--p 0004b000 08:01 27920416                   /home/pc/Downloads/webots/lib/libController.so
7f68e7dc1000-7f68e7dc2000 rw-p 0004c000 08:01 27920416                   /home/pc/Downloads/webots/lib/libController.so
7f68e7dc2000-7f68e7dc3000 rw-p 00000000 00:00 0 
7f68e7dc3000-7f68e7dfd000 r-xp 00000000 08:01 27920467                   /home/pc/Downloads/webots/lib/libCppController.so
7f68e7dfd000-7f68e7ffc000 ---p 0003a000 08:01 27920467                   /home/pc/Downloads/webots/lib/libCppController.so
7f68e7ffc000-7f68e7ffe000 r--p 00039000 08:01 27920467                   /home/pc/Downloads/webots/lib/libCppController.so
7f68e7ffe000-7f68e8000000 rw-p 0003b000 08:01 27920467                   /home/pc/Downloads/webots/lib/libCppController.so
7f68e8000000-7f68e8021000 rw-p 00000000 00:00 0 
7f68e8021000-7f68ec000000 ---p 00000000 00:00 0 
7f68ec000000-7f68ec021000 rw-p 00000000 00:00 0 
7f68ec021000-7f68f0000000 ---p 00000000 00:00 0 
7f68f0000000-7f68f0021000 rw-p 00000000 00:00 0 
7f68f0021000-7f68f4000000 ---p 00000000 00:00 0 
7f68f4000000-7f68f4021000 rw-p 00000000 00:00 0 
7f68f4021000-7f68f8000000 ---p 00000000 00:00 0 
7f68f8000000-7f68f807f000 rw-p 00000000 00:00 0 
7f68f807f000-7f68fc000000 ---p 00000000 00:00 0 
7f68fc000000-7f68fc05e000 rw-p 00000000 00:00 0 
7f68fc05e000-7f6900000000 ---p 00000000 00:00 0 
7f6900000000-7f6900021000 rw-p 00000000 00:00 0 
7f6900021000-7f6904000000 ---p 00000000 00:00 0 
7f6904000000-7f6904021000 rw-p 00000000 00:00 0 
7f6904021000-7f6908000000 ---p 00000000 00:00 0 
7f6908000000-7f6908021000 rw-p 00000000 00:00 0 
7f6908021000-7f690c000000 ---p 00000000 00:00 0 
7f690c000000-7f690c021000 rw-p 00000000 00:00 0 
7f690c021000-7f6910000000 ---p 00000000 00:00 0 
7f6910000000-7f6910021000 rw-p 00000000 00:00 0 
7f6910021000-7f6914000000 ---p 00000000 00:00 0 
7f6914000000-7f6914021000 rw-p 00000000 00:00 0 
7f6914021000-7f6918000000 ---p 00000000 00:00 0 
7f6918000000-7f6918021000 rw-p 00000000 00:00 0 
7f6918021000-7f691c000000 ---p 00000000 00:00 0 
7f691c000000-7f691c021000 rw-p 00000000 00:00 0 
7f691c021000-7f6920000000 ---p 00000000 00:00 0 
7f6920000000-7f6920021000 rw-p 00000000 00:00 0 
7f6920021000-7f6924000000 ---p 00000000 00:00 0 
7f6924000000-7f6924021000 rw-p 00000000 00:00 0 
7f6924021000-7f6928000000 ---p 00000000 00:00 0 
7f6928000000-7f6928021000 rw-p 00000000 00:00 0 
7f6928021000-7f692c000000 ---p 00000000 00:00 0 
7f692c000000-7f692c021000 rw-p 00000000 00:00 0 
7f692c021000-7f6930000000 ---p 00000000 00:00 0 
7f6930000000-7f6930021000 rw-p 00000000 00:00 0 
7f6930021000-7f6934000000 ---p 00000000 00:00 0 
7f6934000000-7f6934021000 rw-p 00000000 00:00 0 
7f6934021000-7f6938000000 ---p 00000000 00:00 0 
7f6938000000-7f6938021000 rw-p 00000000 00:00 0 
7f6938021000-7f693c000000 ---p 00000000 00:00 0 
7f693c0e3000-7f693c11f000 r-xp 00000000 08:01 27920367                   /home/pc/Downloads/webots/lib/java/libJavaController.so
7f693c11f000-7f693c31e000 ---p 0003c000 08:01 27920367                   /home/pc/Downloads/webots/lib/java/libJavaController.so
7f693c31e000-7f693c31f000 r--p 0003b000 08:01 27920367                   /home/pc/Downloads/webots/lib/java/libJavaController.so
7f693c31f000-7f693c320000 rw-p 0003c000 08:01 27920367                   /home/pc/Downloads/webots/lib/java/libJavaController.so
7f693c320000-7f693c337000 r-xp 00000000 08:01 23598500                   /usr/lib/jvm/java-11-openjdk-amd64/lib/libnet.so
7f693c337000-7f693c536000 ---p 00017000 08:01 23598500                   /usr/lib/jvm/java-11-openjdk-amd64/lib/libnet.so
7f693c536000-7f693c537000 r--p 00016000 08:01 23598500                   /usr/lib/jvm/java-11-openjdk-amd64/lib/libnet.so
7f693c537000-7f693c538000 rw-p 00017000 08:01 23598500                   /usr/lib/jvm/java-11-openjdk-amd64/lib/libnet.so
7f693c538000-7f693c549000 r-xp 00000000 08:01 23598501                   /usr/lib/jvm/java-11-openjdk-amd64/lib/libnio.so
7f693c549000-7f693c748000 ---p 00011000 08:01 23598501                   /usr/lib/jvm/java-11-openjdk-amd64/lib/libnio.so
7f693c748000-7f693c749000 r--p 00010000 08:01 23598501                   /usr/lib/jvm/java-11-openjdk-amd64/lib/libnio.so
7f693c749000-7f693c74a000 rw-p 00011000 08:01 23598501                   /usr/lib/jvm/java-11-openjdk-amd64/lib/libnio.so
7f693c74a000-7f693c74e000 ---p 00000000 00:00 0 
7f693c74e000-7f693c84b000 rw-p 00000000 00:00 0 
7f693c84b000-7f693c84c000 ---p 00000000 00:00 0 
7f693c84c000-7f693c94d000 rw-p 00000000 00:00 0 
7f693c94d000-7f693c951000 ---p 00000000 00:00 0 
7f693c951000-7f693ca4e000 rw-p 00000000 00:00 0 
7f693ca4e000-7f693ca52000 ---p 00000000 00:00 0 
7f693ca52000-7f693cb4f000 rw-p 00000000 00:00 0 
7f693cb4f000-7f693cb53000 ---p 00000000 00:00 0 
7f693cb53000-7f693cc50000 rw-p 00000000 00:00 0 
7f693cc50000-7f693cc54000 ---p 00000000 00:00 0 
7f693cc54000-7f693cd51000 rw-p 00000000 00:00 0 
7f693cd51000-7f693cd55000 ---p 00000000 00:00 0 
7f693cd55000-7f693ce52000 rw-p 00000000 00:00 0 
7f693ce52000-7f693ce56000 ---p 00000000 00:00 0 
7f693ce56000-7f693cf53000 rw-p 00000000 00:00 0 
7f693cf53000-7f693cf57000 ---p 00000000 00:00 0 
7f693cf57000-7f693d054000 rw-p 00000000 00:00 0 
7f693d054000-7f693d384000 r--p 00000000 08:01 23598983                   /usr/lib/locale/locale-archive
7f693d384000-7f693d388000 ---p 00000000 00:00 0 
7f693d388000-7f693d485000 rw-p 00000000 00:00 0 
7f693d485000-7f693d489000 ---p 00000000 00:00 0 
7f693d489000-7f693d586000 rw-p 00000000 00:00 0 
7f693d586000-7f693d587000 ---p 00000000 00:00 0 
7f693d587000-7f693db7e000 rw-p 00000000 00:00 0 
7f693db7e000-7f693defe000 ---p 00000000 00:00 0 
7f693defe000-7f693deff000 ---p 00000000 00:00 0 
7f693deff000-7f6940000000 rw-p 00000000 00:00 0 
7f6940000000-7f6940021000 rw-p 00000000 00:00 0 
7f6940021000-7f6944000000 ---p 00000000 00:00 0 
7f6944000000-7f6944021000 rw-p 00000000 00:00 0 
7f6944021000-7f6948000000 ---p 00000000 00:00 0 
7f6948000000-7f6948021000 rw-p 00000000 00:00 0 
7f6948021000-7f694c000000 ---p 00000000 00:00 0 
7f694c000000-7f694c021000 rw-p 00000000 00:00 0 
7f694c021000-7f6950000000 ---p 00000000 00:00 0 
7f6950031000-7f695008c000 rw-p 00000000 00:00 0 
7f695008c000-7f695008d000 ---p 00000000 00:00 0 
7f695008d000-7f695018e000 rw-p 00000000 00:00 0 
7f695018e000-7f695018f000 ---p 00000000 00:00 0 
7f695018f000-7f6950480000 rw-p 00000000 00:00 0 
7f6950480000-7f6952148000 ---p 00000000 00:00 0 
7f6952148000-7f6952338000 rw-p 00000000 00:00 0 
7f6952338000-7f6954000000 ---p 00000000 00:00 0 
7f6954000000-7f6954021000 rw-p 00000000 00:00 0 
7f6954021000-7f6958000000 ---p 00000000 00:00 0 
7f6958000000-7f6958021000 rw-p 00000000 00:00 0 
7f6958021000-7f695c000000 ---p 00000000 00:00 0 
7f695c000000-7f695c021000 rw-p 00000000 00:00 0 
7f695c021000-7f6960000000 ---p 00000000 00:00 0 
7f6960000000-7f6960021000 rw-p 00000000 00:00 0 
7f6960021000-7f6964000000 ---p 00000000 00:00 0 
7f6964000000-7f6964021000 rw-p 00000000 00:00 0 
7f6964021000-7f6968000000 ---p 00000000 00:00 0 
7f6968000000-7f6968021000 rw-p 00000000 00:00 0 
7f6968021000-7f696c000000 ---p 00000000 00:00 0 
7f696c000000-7f696c021000 rw-p 00000000 00:00 0 
7f696c021000-7f6970000000 ---p 00000000 00:00 0 
7f6970017000-7f6970048000 rw-p 00000000 00:00 0 
7f6970048000-7f6970049000 ---p 00000000 00:00 0 
7f6970049000-7f697014a000 rw-p 00000000 00:00 0 
7f697014a000-7f697014b000 ---p 00000000 00:00 0 
7f697014b000-7f697024c000 rw-p 00000000 00:00 0 
7f697024c000-7f697024d000 ---p 00000000 00:00 0 
7f697024d000-7f697034e000 rw-p 00000000 00:00 0 
7f697034e000-7f697034f000 ---p 00000000 00:00 0 
7f697034f000-7f6970450000 rw-p 00000000 00:00 0 
7f6970450000-7f6970451000 ---p 00000000 00:00 0 
7f6970451000-7f6970552000 rw-p 00000000 00:00 0 
7f6970552000-7f6970553000 ---p 00000000 00:00 0 
7f6970553000-7f6970e5c000 rw-p 00000000 00:00 0 
7f6970e5c000-7f6970e5d000 ---p 00000000 00:00 0 
7f6970e5d000-7f6970f5e000 rw-p 00000000 00:00 0 
7f6970f5e000-7f6970f5f000 ---p 00000000 00:00 0 
7f6970f5f000-7f6971060000 rw-p 00000000 00:00 0 
7f6971060000-7f6971061000 ---p 00000000 00:00 0 
7f6971061000-7f69711a0000 rw-p 00000000 00:00 0 
7f69711a0000-7f6971539000 ---p 00000000 00:00 0 
7f6971539000-7f6971577000 rw-p 00000000 00:00 0 
7f6971577000-7f6971910000 ---p 00000000 00:00 0 
7f6971910000-7f697194e000 rw-p 00000000 00:00 0 
7f697194e000-7f6971ce7000 ---p 00000000 00:00 0 
7f6971ce7000-7f69724ef000 rw-p 00000000 00:00 0 
7f69724ef000-7f69724f0000 ---p 00000000 00:00 0 
7f69724f0000-7f69725f1000 rw-p 00000000 00:00 0 
7f69725f1000-7f69725f2000 ---p 00000000 00:00 0 
7f69725f2000-7f69726f3000 rw-p 00000000 00:00 0 
7f69726f3000-7f69726f4000 ---p 00000000 00:00 0 
7f69726f4000-7f69727f5000 rw-p 00000000 00:00 0 
7f69727f5000-7f69727f6000 ---p 00000000 00:00 0 
7f69727f6000-7f69728f7000 rw-p 00000000 00:00 0 
7f69728f7000-7f69728f8000 ---p 00000000 00:00 0 
7f69728f8000-7f69729f9000 rw-p 00000000 00:00 0 
7f69729f9000-7f69729fa000 ---p 00000000 00:00 0 
7f69729fa000-7f6972afb000 rw-p 00000000 00:00 0 
7f6972afb000-7f6972afc000 ---p 00000000 00:00 0 
7f6972afc000-7f6972bfd000 rw-p 00000000 00:00 0 
7f6972bfd000-7f6972bfe000 ---p 00000000 00:00 0 
7f6972bfe000-7f6972d04000 rw-p 00000000 00:00 0 
7f6972d04000-7f6972dea000 ---p 00000000 00:00 0 
7f6972dea000-7f6972def000 rw-p 00000000 00:00 0 
7f6972def000-7f6972ed5000 ---p 00000000 00:00 0 
7f6972ed5000-7f6973145000 rwxp 00000000 00:00 0 
7f6973145000-7f6973466000 ---p 00000000 00:00 0 
7f6973466000-7f69736d6000 rwxp 00000000 00:00 0 
7f69736d6000-7f697a99d000 ---p 00000000 00:00 0 
7f697a99d000-7f697ac0d000 rwxp 00000000 00:00 0 
7f697ac0d000-7f6981ed5000 ---p 00000000 00:00 0 
7f6981ed5000-7f698b3b0000 r--s 00000000 08:01 23598511                   /usr/lib/jvm/java-11-openjdk-amd64/lib/modules
7f698b3b0000-7f698b3b5000 r-xp 00000000 08:01 23598491                   /usr/lib/jvm/java-11-openjdk-amd64/lib/libjimage.so
7f698b3b5000-7f698b5b4000 ---p 00005000 08:01 23598491                   /usr/lib/jvm/java-11-openjdk-amd64/lib/libjimage.so
7f698b5b4000-7f698b5b5000 r--p 00004000 08:01 23598491                   /usr/lib/jvm/java-11-openjdk-amd64/lib/libjimage.so
7f698b5b5000-7f698b5b6000 rw-p 00005000 08:01 23598491                   /usr/lib/jvm/java-11-openjdk-amd64/lib/libjimage.so
7f698b5b6000-7f698b5bd000 r-xp 00000000 08:01 23598510                   /usr/lib/jvm/java-11-openjdk-amd64/lib/libzip.so
7f698b5bd000-7f698b7bc000 ---p 00007000 08:01 23598510                   /usr/lib/jvm/java-11-openjdk-amd64/lib/libzip.so
7f698b7bc000-7f698b7bd000 r--p 00006000 08:01 23598510                   /usr/lib/jvm/java-11-openjdk-amd64/lib/libzip.so
7f698b7bd000-7f698b7be000 rw-p 00007000 08:01 23598510                   /usr/lib/jvm/java-11-openjdk-amd64/lib/libzip.so
7f698b7be000-7f698b7c9000 r-xp 00000000 08:01 14684844                   /lib/x86_64-linux-gnu/libnss_files-2.27.so
7f698b7c9000-7f698b9c8000 ---p 0000b000 08:01 14684844                   /lib/x86_64-linux-gnu/libnss_files-2.27.so
7f698b9c8000-7f698b9c9000 r--p 0000a000 08:01 14684844                   /lib/x86_64-linux-gnu/libnss_files-2.27.so
7f698b9c9000-7f698b9ca000 rw-p 0000b000 08:01 14684844                   /lib/x86_64-linux-gnu/libnss_files-2.27.so
7f698b9ca000-7f698b9d0000 rw-p 00000000 00:00 0 
7f698b9d0000-7f698b9e7000 r-xp 00000000 08:01 14684838                   /lib/x86_64-linux-gnu/libnsl-2.27.so
7f698b9e7000-7f698bbe6000 ---p 00017000 08:01 14684838                   /lib/x86_64-linux-gnu/libnsl-2.27.so
7f698bbe6000-7f698bbe7000 r--p 00016000 08:01 14684838                   /lib/x86_64-linux-gnu/libnsl-2.27.so
7f698bbe7000-7f698bbe8000 rw-p 00017000 08:01 14684838                   /lib/x86_64-linux-gnu/libnsl-2.27.so
7f698bbe8000-7f698bbea000 rw-p 00000000 00:00 0 
7f698bbea000-7f698bbf5000 r-xp 00000000 08:01 14684855                   /lib/x86_64-linux-gnu/libnss_nis-2.27.so
7f698bbf5000-7f698bdf4000 ---p 0000b000 08:01 14684855                   /lib/x86_64-linux-gnu/libnss_nis-2.27.so
7f698bdf4000-7f698bdf5000 r--p 0000a000 08:01 14684855                   /lib/x86_64-linux-gnu/libnss_nis-2.27.so
7f698bdf5000-7f698bdf6000 rw-p 0000b000 08:01 14684855                   /lib/x86_64-linux-gnu/libnss_nis-2.27.so
7f698bdf6000-7f698bdfe000 r-xp 00000000 08:01 14684840                   /lib/x86_64-linux-gnu/libnss_compat-2.27.so
7f698bdfe000-7f698bffe000 ---p 00008000 08:01 14684840                   /lib/x86_64-linux-gnu/libnss_compat-2.27.so
7f698bffe000-7f698bfff000 r--p 00008000 08:01 14684840                   /lib/x86_64-linux-gnu/libnss_compat-2.27.so
7f698bfff000-7f698c000000 rw-p 00009000 08:01 14684840                   /lib/x86_64-linux-gnu/libnss_compat-2.27.so
7f698c000000-7f698c26d000 rw-p 00000000 00:00 0 
7f698c26d000-7f6990000000 ---p 00000000 00:00 0 
7f6990015000-7f699003d000 rw-p 00000000 00:00 0 
7f699003d000-7f6990069000 r-xp 00000000 08:01 23598487                   /usr/lib/jvm/java-11-openjdk-amd64/lib/libjava.so
7f6990069000-7f6990268000 ---p 0002c000 08:01 23598487                   /usr/lib/jvm/java-11-openjdk-amd64/lib/libjava.so
7f6990268000-7f6990269000 r--p 0002b000 08:01 23598487                   /usr/lib/jvm/java-11-openjdk-amd64/lib/libjava.so
7f6990269000-7f699026b000 rw-p 0002c000 08:01 23598487                   /usr/lib/jvm/java-11-openjdk-amd64/lib/libjava.so
7f699026b000-7f6990278000 r-xp 00000000 08:01 23598509                   /usr/lib/jvm/java-11-openjdk-amd64/lib/libverify.so
7f6990278000-7f6990477000 ---p 0000d000 08:01 23598509                   /usr/lib/jvm/java-11-openjdk-amd64/lib/libverify.so
7f6990477000-7f6990479000 r--p 0000c000 08:01 23598509                   /usr/lib/jvm/java-11-openjdk-amd64/lib/libverify.so
7f6990479000-7f699047a000 rw-p 0000e000 08:01 23598509                   /usr/lib/jvm/java-11-openjdk-amd64/lib/libverify.so
7f699047a000-7f6990481000 r-xp 00000000 08:01 14684895                   /lib/x86_64-linux-gnu/librt-2.27.so
7f6990481000-7f6990680000 ---p 00007000 08:01 14684895                   /lib/x86_64-linux-gnu/librt-2.27.so
7f6990680000-7f6990681000 r--p 00006000 08:01 14684895                   /lib/x86_64-linux-gnu/librt-2.27.so
7f6990681000-7f6990682000 rw-p 00007000 08:01 14684895                   /lib/x86_64-linux-gnu/librt-2.27.so
7f6990682000-7f6990699000 r-xp 00000000 08:01 14684791                   /lib/x86_64-linux-gnu/libgcc_s.so.1
7f6990699000-7f6990898000 ---p 00017000 08:01 14684791                   /lib/x86_64-linux-gnu/libgcc_s.so.1
7f6990898000-7f6990899000 r--p 00016000 08:01 14684791                   /lib/x86_64-linux-gnu/libgcc_s.so.1
7f6990899000-7f699089a000 rw-p 00017000 08:01 14684791                   /lib/x86_64-linux-gnu/libgcc_s.so.1
7f699089a000-7f6990a37000 r-xp 00000000 08:01 14684817                   /lib/x86_64-linux-gnu/libm-2.27.so
7f6990a37000-7f6990c36000 ---p 0019d000 08:01 14684817                   /lib/x86_64-linux-gnu/libm-2.27.so
7f6990c36000-7f6990c37000 r--p 0019c000 08:01 14684817                   /lib/x86_64-linux-gnu/libm-2.27.so
7f6990c37000-7f6990c38000 rw-p 0019d000 08:01 14684817                   /lib/x86_64-linux-gnu/libm-2.27.so
7f6990c38000-7f6990db1000 r-xp 00000000 08:01 23601225                   /usr/lib/x86_64-linux-gnu/libstdc++.so.6.0.25
7f6990db1000-7f6990fb1000 ---p 00179000 08:01 23601225                   /usr/lib/x86_64-linux-gnu/libstdc++.so.6.0.25
7f6990fb1000-7f6990fbb000 r--p 00179000 08:01 23601225                   /usr/lib/x86_64-linux-gnu/libstdc++.so.6.0.25
7f6990fbb000-7f6990fbd000 rw-p 00183000 08:01 23601225                   /usr/lib/x86_64-linux-gnu/libstdc++.so.6.0.25
7f6990fbd000-7f6990fc1000 rw-p 00000000 00:00 0 
7f6990fc1000-7f6991f5e000 r-xp 00000000 08:01 23598523                   /usr/lib/jvm/java-11-openjdk-amd64/lib/server/libjvm.so
7f6991f5e000-7f699215e000 ---p 00f9d000 08:01 23598523                   /usr/lib/jvm/java-11-openjdk-amd64/lib/server/libjvm.so
7f699215e000-7f6992222000 r--p 00f9d000 08:01 23598523                   /usr/lib/jvm/java-11-openjdk-amd64/lib/server/libjvm.so
7f6992222000-7f699225a000 rw-p 01061000 08:01 23598523                   /usr/lib/jvm/java-11-openjdk-amd64/lib/server/libjvm.so
7f699225a000-7f69922a3000 rw-p 00000000 00:00 0 
7f69922a3000-7f69922bd000 r-xp 00000000 08:01 14684887                   /lib/x86_64-linux-gnu/libpthread-2.27.so
7f69922bd000-7f69924bc000 ---p 0001a000 08:01 14684887                   /lib/x86_64-linux-gnu/libpthread-2.27.so
7f69924bc000-7f69924bd000 r--p 00019000 08:01 14684887                   /lib/x86_64-linux-gnu/libpthread-2.27.so
7f69924bd000-7f69924be000 rw-p 0001a000 08:01 14684887                   /lib/x86_64-linux-gnu/libpthread-2.27.so
7f69924be000-7f69924c2000 rw-p 00000000 00:00 0 
7f69924c2000-7f69924c5000 r-xp 00000000 08:01 14684777                   /lib/x86_64-linux-gnu/libdl-2.27.so
7f69924c5000-7f69926c4000 ---p 00003000 08:01 14684777                   /lib/x86_64-linux-gnu/libdl-2.27.so
7f69926c4000-7f69926c5000 r--p 00002000 08:01 14684777                   /lib/x86_64-linux-gnu/libdl-2.27.so
7f69926c5000-7f69926c6000 rw-p 00003000 08:01 14684777                   /lib/x86_64-linux-gnu/libdl-2.27.so
7f69926c6000-7f69926e2000 r-xp 00000000 08:01 14684928                   /lib/x86_64-linux-gnu/libz.so.1.2.11
7f69926e2000-7f69928e1000 ---p 0001c000 08:01 14684928                   /lib/x86_64-linux-gnu/libz.so.1.2.11
7f69928e1000-7f69928e2000 r--p 0001b000 08:01 14684928                   /lib/x86_64-linux-gnu/libz.so.1.2.11
7f69928e2000-7f69928e3000 rw-p 0001c000 08:01 14684928                   /lib/x86_64-linux-gnu/libz.so.1.2.11
7f69928e3000-7f6992aca000 r-xp 00000000 08:01 14684754                   /lib/x86_64-linux-gnu/libc-2.27.so
7f6992aca000-7f6992cca000 ---p 001e7000 08:01 14684754                   /lib/x86_64-linux-gnu/libc-2.27.so
7f6992cca000-7f6992cce000 r--p 001e7000 08:01 14684754                   /lib/x86_64-linux-gnu/libc-2.27.so
7f6992cce000-7f6992cd0000 rw-p 001eb000 08:01 14684754                   /lib/x86_64-linux-gnu/libc-2.27.so
7f6992cd0000-7f6992cd4000 rw-p 00000000 00:00 0 
7f6992cd4000-7f6992ce3000 r-xp 00000000 08:01 23598516                   /usr/lib/jvm/java-11-openjdk-amd64/lib/jli/libjli.so
7f6992ce3000-7f6992ee2000 ---p 0000f000 08:01 23598516                   /usr/lib/jvm/java-11-openjdk-amd64/lib/jli/libjli.so
7f6992ee2000-7f6992ee3000 r--p 0000e000 08:01 23598516                   /usr/lib/jvm/java-11-openjdk-amd64/lib/jli/libjli.so
7f6992ee3000-7f6992ee4000 rw-p 0000f000 08:01 23598516                   /usr/lib/jvm/java-11-openjdk-amd64/lib/jli/libjli.so
7f6992ee4000-7f6992f0b000 r-xp 00000000 08:01 14684726                   /lib/x86_64-linux-gnu/ld-2.27.so
7f6992f30000-7f6992fee000 rw-p 00000000 00:00 0 
7f6992fee000-7f6992ff2000 ---p 00000000 00:00 0 
7f6992ff2000-7f69930f8000 rw-p 00000000 00:00 0 
7f69930f8000-7f69930ff000 ---p 00000000 00:00 0 
7f69930ff000-7f6993107000 rw-s 00000000 08:01 28966951                   /tmp/hsperfdata_pc/3507
7f6993107000-7f6993108000 ---p 00000000 00:00 0 
7f6993108000-7f6993109000 r--p 00000000 00:00 0 
7f6993109000-7f699310b000 rw-p 00000000 00:00 0 
7f699310b000-7f699310c000 r--p 00027000 08:01 14684726                   /lib/x86_64-linux-gnu/ld-2.27.so
7f699310c000-7f699310d000 rw-p 00028000 08:01 14684726                   /lib/x86_64-linux-gnu/ld-2.27.so
7f699310d000-7f699310e000 rw-p 00000000 00:00 0 
7ffd6cac0000-7ffd6cae1000 rw-p 00000000 00:00 0                          [stack]
7ffd6cb23000-7ffd6cb26000 r--p 00000000 00:00 0                          [vvar]
7ffd6cb26000-7ffd6cb28000 r-xp 00000000 00:00 0                          [vdso]
ffffffffff600000-ffffffffff601000 r-xp 00000000 00:00 0                  [vsyscall]


VM Arguments:
jvm_args: -Djava.library.path=/home/pc/Downloads/webots/lib/java 
java_command: SensorController
java_class_path (initial): /home/pc/Downloads/webots/lib/java/Controller.jar:/home/pc/Dokumente/my_project/controllers/SensorController/
Launcher Type: SUN_STANDARD

Logging:
Log output configuration:
#0: stdout all=warning uptime,level,tags
#1: stderr all=off uptime,level,tags

Environment Variables:
PATH=/usr/local/sbin:/usr/local/bin:/usr/sbin:/usr/bin:/sbin:/bin:/usr/games:/usr/local/games
LD_LIBRARY_PATH=/home/pc/Downloads/webots/projects/default/libraries/vehicle:/home/pc/Downloads/webots/projects/default/libraries/ros:/home/pc/Downloads/webots/resources/projects/libraries/qt_utils:/home/pc/Dokumente/my_project/controllers/SensorController/:/home/pc/Downloads/webots/lib/:/tmp/webots-1607/lib:
SHELL=/bin/bash
DISPLAY=:0

Signal Handlers:
SIGSEGV: [libjvm.so+0xd28b70], sa_mask[0]=11111111011111111101111111111110, sa_flags=SA_RESTART|SA_SIGINFO
SIGBUS: [libjvm.so+0xd28b70], sa_mask[0]=11111111011111111101111111111110, sa_flags=SA_RESTART|SA_SIGINFO
SIGFPE: [libjvm.so+0xd28b70], sa_mask[0]=11111111011111111101111111111110, sa_flags=SA_RESTART|SA_SIGINFO
SIGPIPE: [libjvm.so+0xb2a1f0], sa_mask[0]=11111111011111111101111111111110, sa_flags=SA_RESTART|SA_SIGINFO
SIGXFSZ: [libjvm.so+0xb2a1f0], sa_mask[0]=11111111011111111101111111111110, sa_flags=SA_RESTART|SA_SIGINFO
SIGILL: [libjvm.so+0xd28b70], sa_mask[0]=11111111011111111101111111111110, sa_flags=SA_RESTART|SA_SIGINFO
SIGUSR2: [libjvm.so+0xb2a030], sa_mask[0]=00000000000000000000000000000000, sa_flags=SA_RESTART|SA_SIGINFO
SIGHUP: [libjvm.so+0xb2a180], sa_mask[0]=11111111011111111101111111111110, sa_flags=SA_RESTART|SA_SIGINFO
SIGINT: [libjvm.so+0xb2a180], sa_mask[0]=11111111011111111101111111111110, sa_flags=SA_RESTART|SA_SIGINFO
SIGTERM: [libjvm.so+0xb2a180], sa_mask[0]=11111111011111111101111111111110, sa_flags=SA_RESTART|SA_SIGINFO
SIGQUIT: [libjvm.so+0xb2a180], sa_mask[0]=11111111011111111101111111111110, sa_flags=SA_RESTART|SA_SIGINFO


---------------  S Y S T E M  ---------------

OS:DISTRIB_ID=LinuxMint
DISTRIB_RELEASE=19.1
DISTRIB_CODENAME=tessa
DISTRIB_DESCRIPTION="Linux Mint 19.1 Tessa"
uname:Linux 4.15.0-20-generic #21-Ubuntu SMP Tue Apr 24 06:16:15 UTC 2018 x86_64
libc:glibc 2.27 NPTL 2.27 
rlimit: STACK 8192k, CORE 0k, NPROC 31207, NOFILE 4096, AS infinity, DATA infinity, FSIZE infinity
load average:1.45 1.32 1.23

/proc/meminfo:
MemTotal:        8051996 kB
MemFree:         2001676 kB
MemAvailable:    2738960 kB
Buffers:          101160 kB
Cached:          4147096 kB
SwapCached:            0 kB
Active:          1907420 kB
Inactive:        3884704 kB
Active(anon):    1544720 kB
Inactive(anon):  3332488 kB
Active(file):     362700 kB
Inactive(file):   552216 kB
Unevictable:          32 kB
Mlocked:              32 kB
SwapTotal:       2097148 kB
SwapFree:        2097148 kB
Dirty:               292 kB
Writeback:             0 kB
AnonPages:       1543896 kB
Mapped:          1609208 kB
Shmem:           3333344 kB
Slab:             134172 kB
SReclaimable:      83424 kB
SUnreclaim:        50748 kB
KernelStack:       14736 kB
PageTables:        51432 kB
NFS_Unstable:          0 kB
Bounce:                0 kB
WritebackTmp:          0 kB
CommitLimit:     6123144 kB
Committed_AS:   10960376 kB
VmallocTotal:   34359738367 kB
VmallocUsed:           0 kB
VmallocChunk:          0 kB
HardwareCorrupted:     0 kB
AnonHugePages:         0 kB
ShmemHugePages:        0 kB
ShmemPmdMapped:        0 kB
CmaTotal:              0 kB
CmaFree:               0 kB
HugePages_Total:       0
HugePages_Free:        0
HugePages_Rsvd:        0
HugePages_Surp:        0
Hugepagesize:       2048 kB
DirectMap4k:      166848 kB
DirectMap2M:     8105984 kB

container (cgroup) information:
container_type: cgroupv1
cpu_cpuset_cpus: 0-7
cpu_memory_nodes: 0
active_processor_count: 8
cpu_quota: -1
cpu_period: 100000
cpu_shares: -1
memory_limit_in_bytes: -1
memory_and_swap_limit_in_bytes: -2
memory_soft_limit_in_bytes: -1
memory_usage_in_bytes: 5931585536
memory_max_usage_in_bytes: 0


CPU:total 8 (initial active 8) (4 cores per cpu, 2 threads per core) family 6 model 58 stepping 9, cmov, cx8, fxsr, mmx, sse, sse2, sse3, ssse3, sse4.1, sse4.2, popcnt, avx, aes, clmul, erms, ht, tsc, tscinvbit, tscinv
CPU Model and flags from /proc/cpuinfo:
model name	: Intel(R) Core(TM) i7-3770 CPU @ 3.40GHz
flags		: fpu vme de pse tsc msr pae mce cx8 apic sep mtrr pge mca cmov pat pse36 clflush dts acpi mmx fxsr sse sse2 ss ht tm pbe syscall nx rdtscp lm constant_tsc arch_perfmon pebs bts rep_good nopl xtopology nonstop_tsc cpuid aperfmperf pni pclmulqdq dtes64 monitor ds_cpl vmx smx est tm2 ssse3 cx16 xtpr pdcm pcid sse4_1 sse4_2 x2apic popcnt tsc_deadline_timer aes xsave avx f16c rdrand lahf_lm cpuid_fault epb pti tpr_shadow vnmi flexpriority ept vpid fsgsbase smep erms xsaveopt dtherm ida arat pln pts

Memory: 4k page, physical 8051996k(2001676k free), swap 2097148k(2097148k free)

vm_info: OpenJDK 64-Bit Server VM (10.0.2+13-Ubuntu-1ubuntu0.18.04.4) for linux-amd64 JRE (10.0.2+13-Ubuntu-1ubuntu0.18.04.4), built on Nov 13 2018 12:53:39 by "buildd" with gcc 7.3.0

END.
