#
# A fatal error has been detected by the Java Runtime Environment:
#
#  SIGSEGV (0xb) at pc=0x00007f3ca11d6b32, pid=3021, tid=3022
#
# JRE version: OpenJDK Runtime Environment (10.0.2+13) (build 10.0.2+13-Ubuntu-1ubuntu0.18.04.4)
# Java VM: OpenJDK 64-Bit Server VM (10.0.2+13-Ubuntu-1ubuntu0.18.04.4, mixed mode, tiered, compressed oops, g1 gc, linux-amd64)
# Problematic frame:
# C  [libController.so+0x1bb32]  wbu_motion_new+0x5d2
#
# Core dump will be written. Default location: Core dumps may be processed with "/usr/share/apport/apport %p %s %c %d %P" (or dumping to /home/pc/Dokumente/my_project/controllers/SensorController/core.3021)
#
# If you would like to submit a bug report, please visit:
#   http://bugreport.java.com/bugreport/crash.jsp
# The crash happened outside the Java Virtual Machine in native code.
# See problematic frame for where to report the bug.
#

---------------  S U M M A R Y ------------

Command Line: -Djava.library.path=/home/pc/Downloads/webots/lib/java SensorController

Host: Intel(R) Core(TM) i7-3770 CPU @ 3.40GHz, 8 cores, 7G, Linux Mint 19.1 Tessa
Time: Wed Jun 19 10:49:03 2019 CEST elapsed time: 0 seconds (0d 0h 0m 0s)

---------------  T H R E A D  ---------------

Current thread (0x00007f3cf0012000):  JavaThread "main" [_thread_in_native, id=3022, stack(0x00007f3cf853e000,0x00007f3cf863f000)]

Stack: [0x00007f3cf853e000,0x00007f3cf863f000],  sp=0x00007f3cf863c6f0,  free space=1017k
Native frames: (J=compiled Java code, A=aot compiled Java code, j=interpreted, Vv=VM code, C=native code)
C  [libController.so+0x1bb32]  wbu_motion_new+0x5d2
C  [libCppController.so+0x28c7a]  webots::Motion::Motion(std::__cxx11::basic_string<char, std::char_traits<char>, std::allocator<char> > const&)+0x36
C  [libJavaController.so+0x27c5d]  Java_com_cyberbotics_webots_controller_wrapperJNI_new_1Motion+0x10a
j  com.cyberbotics.webots.controller.wrapperJNI.new_Motion(Ljava/lang/String;)J+0
j  com.cyberbotics.webots.controller.Motion.<init>(Ljava/lang/String;)V+2
j  SensorController.loadMotionFiles()V+118
j  SensorController.main([Ljava/lang/String;)V+22
v  ~StubRoutines::call_stub
V  [libjvm.so+0x83d38f]
V  [libjvm.so+0x85c3cd]
V  [libjvm.so+0x85e60e]
C  [libjli.so+0x4aa0]
C  [libjli.so+0x89dd]
C  [libpthread.so.0+0x76db]  start_thread+0xdb

Java frames: (J=compiled Java code, j=interpreted, Vv=VM code)
j  com.cyberbotics.webots.controller.wrapperJNI.new_Motion(Ljava/lang/String;)J+0
j  com.cyberbotics.webots.controller.Motion.<init>(Ljava/lang/String;)V+2
j  SensorController.loadMotionFiles()V+118
j  SensorController.main([Ljava/lang/String;)V+22
v  ~StubRoutines::call_stub

siginfo: si_signo: 11 (SIGSEGV), si_code: 1 (SEGV_MAPERR), si_addr: 0x0000000000000000

Register to memory mapping:

RAX=0x0000000000000000 is an unknown value
RBX=0x00007f3cf026ed90 is an unknown value
RCX=0x0000000000000000 is an unknown value
RDX=0x00007f3cf8220a68: <offset 0x00000000003eda68> in /lib/x86_64-linux-gnu/libc.so.6 at 0x00007f3cf7e33000
RSP=0x00007f3cf863c6f0 is pointing into the stack for thread: 0x00007f3cf0012000
RBP=0x00007f3cf863d770 is pointing into the stack for thread: 0x00007f3cf0012000
RSI=0x00007f3ca11f3fc3: <offset 0x0000000000038fc3> in /home/pc/Downloads/webots/lib/libController.so at 0x00007f3ca11bb000
RDI=0x0000000000000000 is an unknown value
R8 =0x0000000000000001 is an unknown value
R9 =0x0000000000000000 is an unknown value
R10=0x28b4395810624dd2 is an unknown value
R11=0x00007f3ca11f3fde: <offset 0x0000000000038fde> in /home/pc/Downloads/webots/lib/libController.so at 0x00007f3ca11bb000
R12=0x0000000000000140 is an unknown value
R13=0x00000000000000a0 is an unknown value
R14=0x0000000000000010 is an unknown value
R15=0x0000000000000002 is an unknown value


Registers:
RAX=0x0000000000000000, RBX=0x00007f3cf026ed90, RCX=0x0000000000000000, RDX=0x00007f3cf8220a68
RSP=0x00007f3cf863c6f0, RBP=0x00007f3cf863d770, RSI=0x00007f3ca11f3fc3, RDI=0x0000000000000000
R8 =0x0000000000000001, R9 =0x0000000000000000, R10=0x28b4395810624dd2, R11=0x00007f3ca11f3fde
R12=0x0000000000000140, R13=0x00000000000000a0, R14=0x0000000000000010, R15=0x0000000000000002
RIP=0x00007f3ca11d6b32, EFLAGS=0x0000000000010246, CSGSFS=0x002b000000000033, ERR=0x0000000000000004
  TRAPNO=0x000000000000000e

Top of Stack: (sp=0x00007f3cf863c6f0)
0x00007f3cf863c6f0:   30363a31303a3030 313465736f500030
0x00007f3cf863c700:   003633342e302d00 2d003935312e302d
0x00007f3cf863c710:   2e302c3434302e30 352e302d2c393139
0x00007f3cf863c720:   3735322e302c3235 2c3633342e302d2c 

Instructions: (pc=0x00007f3ca11d6b32)
0x00007f3ca11d6b12:   08 4a 03 0c 22 48 89 ca e8 f1 21 ff ff 44 3b 3b
0x00007f3ca11d6b22:   7d 3c 48 8d 35 98 d4 01 00 31 ff e8 5e 26 ff ff
0x00007f3ca11d6b32:   80 38 2a 75 c1 80 78 01 00 75 bb 48 8b 43 30 f2
0x00007f3ca11d6b42:   0f 10 05 07 db 01 00 41 83 c7 01 4a 8b 04 20 f2 


---------------  P R O C E S S  ---------------

Threads class SMR info:
_java_thread_list=0x00007f3cf021d0b0, length=11, elements={
0x00007f3cf0012000, 0x00007f3cf0142800, 0x00007f3cf0144800, 0x00007f3cf014e000,
0x00007f3cf0158800, 0x00007f3cf015a800, 0x00007f3cf015c800, 0x00007f3cf015e800,
0x00007f3cf0160800, 0x00007f3cf0205000, 0x00007f3cf021d800
}

Java Threads: ( => current thread )
=>0x00007f3cf0012000 JavaThread "main" [_thread_in_native, id=3022, stack(0x00007f3cf853e000,0x00007f3cf863f000)]
  0x00007f3cf0142800 JavaThread "Reference Handler" daemon [_thread_blocked, id=3044, stack(0x00007f3ca29e8000,0x00007f3ca2ae9000)]
  0x00007f3cf0144800 JavaThread "Finalizer" daemon [_thread_blocked, id=3045, stack(0x00007f3ca28e7000,0x00007f3ca29e8000)]
  0x00007f3cf014e000 JavaThread "Signal Dispatcher" daemon [_thread_blocked, id=3046, stack(0x00007f3ca24b6000,0x00007f3ca25b7000)]
  0x00007f3cf0158800 JavaThread "C2 CompilerThread0" daemon [_thread_blocked, id=3047, stack(0x00007f3ca23b5000,0x00007f3ca24b6000)]
  0x00007f3cf015a800 JavaThread "C2 CompilerThread1" daemon [_thread_blocked, id=3048, stack(0x00007f3ca22b4000,0x00007f3ca23b5000)]
  0x00007f3cf015c800 JavaThread "C2 CompilerThread2" daemon [_thread_blocked, id=3049, stack(0x00007f3ca21b3000,0x00007f3ca22b4000)]
  0x00007f3cf015e800 JavaThread "C1 CompilerThread3" daemon [_thread_blocked, id=3050, stack(0x00007f3ca20b2000,0x00007f3ca21b3000)]
  0x00007f3cf0160800 JavaThread "Sweeper thread" daemon [_thread_blocked, id=3051, stack(0x00007f3ca1fb1000,0x00007f3ca20b2000)]
  0x00007f3cf0205000 JavaThread "Service Thread" daemon [_thread_blocked, id=3053, stack(0x00007f3ca1eb0000,0x00007f3ca1fb1000)]
  0x00007f3cf021d800 JavaThread "Common-Cleaner" daemon [_thread_blocked, id=3055, stack(0x00007f3ca1cad000,0x00007f3ca1dae000)]

Other Threads:
  0x00007f3cf0139000 VMThread "VM Thread" [stack: 0x00007f3ca2aeb000,0x00007f3ca2beb000] [id=3043]
  0x00007f3cf0207000 WatcherThread [stack: 0x00007f3ca1db0000,0x00007f3ca1eb0000] [id=3054]
  0x00007f3cf0028800 GCTaskThread "GC Thread#0" [stack: 0x00007f3cf4667000,0x00007f3cf4767000] [id=3023]
  0x00007f3cf002a000 GCTaskThread "GC Thread#1" [stack: 0x00007f3cf4565000,0x00007f3cf4665000] [id=3024]
  0x00007f3cf002c000 GCTaskThread "GC Thread#2" [stack: 0x00007f3cf4463000,0x00007f3cf4563000] [id=3025]
  0x00007f3cf002d800 GCTaskThread "GC Thread#3" [stack: 0x00007f3cf4361000,0x00007f3cf4461000] [id=3026]
  0x00007f3cf002f000 GCTaskThread "GC Thread#4" [stack: 0x00007f3cf425f000,0x00007f3cf435f000] [id=3027]
  0x00007f3cf0031000 GCTaskThread "GC Thread#5" [stack: 0x00007f3cf415d000,0x00007f3cf425d000] [id=3028]
  0x00007f3cf0032800 GCTaskThread "GC Thread#6" [stack: 0x00007f3cf405b000,0x00007f3cf415b000] [id=3029]
  0x00007f3cf0034800 GCTaskThread "GC Thread#7" [stack: 0x00007f3cd7a25000,0x00007f3cd7b25000] [id=3030]
  0x00007f3cf005d800 ConcurrentGCThread "G1 Main Marker" [stack: 0x00007f3cd46de000,0x00007f3cd47de000] [id=3031]
  0x00007f3cf005f800 ConcurrentGCThread "G1 Conc#0" [stack: 0x00007f3cd45dc000,0x00007f3cd46dc000] [id=3032]
  0x00007f3cf0061000 ConcurrentGCThread "G1 Conc#1" [stack: 0x00007f3cd44da000,0x00007f3cd45da000] [id=3033]
  0x00007f3cf00c9800 ConcurrentGCThread "G1 Refine#0" [stack: 0x00007f3ca3bfd000,0x00007f3ca3cfd000] [id=3034]
  0x00007f3cf00cb800 ConcurrentGCThread "G1 Refine#1" [stack: 0x00007f3ca3afb000,0x00007f3ca3bfb000] [id=3035]
  0x00007f3cf00cd000 ConcurrentGCThread "G1 Refine#2" [stack: 0x00007f3ca39f9000,0x00007f3ca3af9000] [id=3036]
  0x00007f3cf00cf000 ConcurrentGCThread "G1 Refine#3" [stack: 0x00007f3ca38f7000,0x00007f3ca39f7000] [id=3037]
  0x00007f3cf00d0800 ConcurrentGCThread "G1 Refine#4" [stack: 0x00007f3ca37f5000,0x00007f3ca38f5000] [id=3038]
  0x00007f3cf00d2800 ConcurrentGCThread "G1 Refine#5" [stack: 0x00007f3ca36f3000,0x00007f3ca37f3000] [id=3039]
  0x00007f3cf00d4000 ConcurrentGCThread "G1 Refine#6" [stack: 0x00007f3ca35f1000,0x00007f3ca36f1000] [id=3040]
  0x00007f3cf00d6000 ConcurrentGCThread "G1 Refine#7" [stack: 0x00007f3ca34ef000,0x00007f3ca35ef000] [id=3041]
  0x00007f3cf00d7800 ConcurrentGCThread "G1 Young RemSet Sampling" [stack: 0x00007f3ca33ed000,0x00007f3ca34ed000] [id=3042]

Threads with active compile tasks:

VM state:not at safepoint (normal execution)

VM Mutex/Monitor currently owned by a thread: None

Heap address: 0x0000000085200000, size: 1966 MB, Compressed Oops mode: 32-bit
Narrow klass base: 0x0000000000000000, Narrow klass shift: 3
Compressed class space size: 1073741824 Address: 0x0000000100000000

Heap:
 garbage-first heap   total 126976K, used 1024K [0x0000000085200000, 0x0000000100000000)
  region size 1024K, 2 young (2048K), 0 survivors (0K)
 Metaspace       used 4857K, capacity 4990K, committed 5120K, reserved 1056768K
  class space    used 398K, capacity 430K, committed 512K, reserved 1048576K
Heap Regions: E=young(eden), S=young(survivor), O=old, HS=humongous(starts), HC=humongous(continues), CS=collection set, F=free, A=archive, TS=gc time stamp, AC=allocation context, TAMS=top-at-mark-start (previous, next)
|   0|0x0000000085200000, 0x0000000085200000, 0x0000000085300000|  0%| F|  |TS  0|AC  0|TAMS 0x0000000085200000, 0x0000000085200000|
|   1|0x0000000085300000, 0x0000000085300000, 0x0000000085400000|  0%| F|  |TS  0|AC  0|TAMS 0x0000000085300000, 0x0000000085300000|
|   2|0x0000000085400000, 0x0000000085400000, 0x0000000085500000|  0%| F|  |TS  0|AC  0|TAMS 0x0000000085400000, 0x0000000085400000|
|   3|0x0000000085500000, 0x0000000085500000, 0x0000000085600000|  0%| F|  |TS  0|AC  0|TAMS 0x0000000085500000, 0x0000000085500000|
|   4|0x0000000085600000, 0x0000000085600000, 0x0000000085700000|  0%| F|  |TS  0|AC  0|TAMS 0x0000000085600000, 0x0000000085600000|
|   5|0x0000000085700000, 0x0000000085700000, 0x0000000085800000|  0%| F|  |TS  0|AC  0|TAMS 0x0000000085700000, 0x0000000085700000|
|   6|0x0000000085800000, 0x0000000085800000, 0x0000000085900000|  0%| F|  |TS  0|AC  0|TAMS 0x0000000085800000, 0x0000000085800000|
|   7|0x0000000085900000, 0x0000000085900000, 0x0000000085a00000|  0%| F|  |TS  0|AC  0|TAMS 0x0000000085900000, 0x0000000085900000|
|   8|0x0000000085a00000, 0x0000000085a00000, 0x0000000085b00000|  0%| F|  |TS  0|AC  0|TAMS 0x0000000085a00000, 0x0000000085a00000|
|   9|0x0000000085b00000, 0x0000000085b00000, 0x0000000085c00000|  0%| F|  |TS  0|AC  0|TAMS 0x0000000085b00000, 0x0000000085b00000|
|  10|0x0000000085c00000, 0x0000000085c00000, 0x0000000085d00000|  0%| F|  |TS  0|AC  0|TAMS 0x0000000085c00000, 0x0000000085c00000|
|  11|0x0000000085d00000, 0x0000000085d00000, 0x0000000085e00000|  0%| F|  |TS  0|AC  0|TAMS 0x0000000085d00000, 0x0000000085d00000|
|  12|0x0000000085e00000, 0x0000000085e00000, 0x0000000085f00000|  0%| F|  |TS  0|AC  0|TAMS 0x0000000085e00000, 0x0000000085e00000|
|  13|0x0000000085f00000, 0x0000000085f00000, 0x0000000086000000|  0%| F|  |TS  0|AC  0|TAMS 0x0000000085f00000, 0x0000000085f00000|
|  14|0x0000000086000000, 0x0000000086000000, 0x0000000086100000|  0%| F|  |TS  0|AC  0|TAMS 0x0000000086000000, 0x0000000086000000|
|  15|0x0000000086100000, 0x0000000086100000, 0x0000000086200000|  0%| F|  |TS  0|AC  0|TAMS 0x0000000086100000, 0x0000000086100000|
|  16|0x0000000086200000, 0x0000000086200000, 0x0000000086300000|  0%| F|  |TS  0|AC  0|TAMS 0x0000000086200000, 0x0000000086200000|
|  17|0x0000000086300000, 0x0000000086300000, 0x0000000086400000|  0%| F|  |TS  0|AC  0|TAMS 0x0000000086300000, 0x0000000086300000|
|  18|0x0000000086400000, 0x0000000086400000, 0x0000000086500000|  0%| F|  |TS  0|AC  0|TAMS 0x0000000086400000, 0x0000000086400000|
|  19|0x0000000086500000, 0x0000000086500000, 0x0000000086600000|  0%| F|  |TS  0|AC  0|TAMS 0x0000000086500000, 0x0000000086500000|
|  20|0x0000000086600000, 0x0000000086600000, 0x0000000086700000|  0%| F|  |TS  0|AC  0|TAMS 0x0000000086600000, 0x0000000086600000|
|  21|0x0000000086700000, 0x0000000086700000, 0x0000000086800000|  0%| F|  |TS  0|AC  0|TAMS 0x0000000086700000, 0x0000000086700000|
|  22|0x0000000086800000, 0x0000000086800000, 0x0000000086900000|  0%| F|  |TS  0|AC  0|TAMS 0x0000000086800000, 0x0000000086800000|
|  23|0x0000000086900000, 0x0000000086900000, 0x0000000086a00000|  0%| F|  |TS  0|AC  0|TAMS 0x0000000086900000, 0x0000000086900000|
|  24|0x0000000086a00000, 0x0000000086a00000, 0x0000000086b00000|  0%| F|  |TS  0|AC  0|TAMS 0x0000000086a00000, 0x0000000086a00000|
|  25|0x0000000086b00000, 0x0000000086b00000, 0x0000000086c00000|  0%| F|  |TS  0|AC  0|TAMS 0x0000000086b00000, 0x0000000086b00000|
|  26|0x0000000086c00000, 0x0000000086c00000, 0x0000000086d00000|  0%| F|  |TS  0|AC  0|TAMS 0x0000000086c00000, 0x0000000086c00000|
|  27|0x0000000086d00000, 0x0000000086d00000, 0x0000000086e00000|  0%| F|  |TS  0|AC  0|TAMS 0x0000000086d00000, 0x0000000086d00000|
|  28|0x0000000086e00000, 0x0000000086e00000, 0x0000000086f00000|  0%| F|  |TS  0|AC  0|TAMS 0x0000000086e00000, 0x0000000086e00000|
|  29|0x0000000086f00000, 0x0000000086f00000, 0x0000000087000000|  0%| F|  |TS  0|AC  0|TAMS 0x0000000086f00000, 0x0000000086f00000|
|  30|0x0000000087000000, 0x0000000087000000, 0x0000000087100000|  0%| F|  |TS  0|AC  0|TAMS 0x0000000087000000, 0x0000000087000000|
|  31|0x0000000087100000, 0x0000000087100000, 0x0000000087200000|  0%| F|  |TS  0|AC  0|TAMS 0x0000000087100000, 0x0000000087100000|
|  32|0x0000000087200000, 0x0000000087200000, 0x0000000087300000|  0%| F|  |TS  0|AC  0|TAMS 0x0000000087200000, 0x0000000087200000|
|  33|0x0000000087300000, 0x0000000087300000, 0x0000000087400000|  0%| F|  |TS  0|AC  0|TAMS 0x0000000087300000, 0x0000000087300000|
|  34|0x0000000087400000, 0x0000000087400000, 0x0000000087500000|  0%| F|  |TS  0|AC  0|TAMS 0x0000000087400000, 0x0000000087400000|
|  35|0x0000000087500000, 0x0000000087500000, 0x0000000087600000|  0%| F|  |TS  0|AC  0|TAMS 0x0000000087500000, 0x0000000087500000|
|  36|0x0000000087600000, 0x0000000087600000, 0x0000000087700000|  0%| F|  |TS  0|AC  0|TAMS 0x0000000087600000, 0x0000000087600000|
|  37|0x0000000087700000, 0x0000000087700000, 0x0000000087800000|  0%| F|  |TS  0|AC  0|TAMS 0x0000000087700000, 0x0000000087700000|
|  38|0x0000000087800000, 0x0000000087800000, 0x0000000087900000|  0%| F|  |TS  0|AC  0|TAMS 0x0000000087800000, 0x0000000087800000|
|  39|0x0000000087900000, 0x0000000087900000, 0x0000000087a00000|  0%| F|  |TS  0|AC  0|TAMS 0x0000000087900000, 0x0000000087900000|
|  40|0x0000000087a00000, 0x0000000087a00000, 0x0000000087b00000|  0%| F|  |TS  0|AC  0|TAMS 0x0000000087a00000, 0x0000000087a00000|
|  41|0x0000000087b00000, 0x0000000087b00000, 0x0000000087c00000|  0%| F|  |TS  0|AC  0|TAMS 0x0000000087b00000, 0x0000000087b00000|
|  42|0x0000000087c00000, 0x0000000087c00000, 0x0000000087d00000|  0%| F|  |TS  0|AC  0|TAMS 0x0000000087c00000, 0x0000000087c00000|
|  43|0x0000000087d00000, 0x0000000087d00000, 0x0000000087e00000|  0%| F|  |TS  0|AC  0|TAMS 0x0000000087d00000, 0x0000000087d00000|
|  44|0x0000000087e00000, 0x0000000087e00000, 0x0000000087f00000|  0%| F|  |TS  0|AC  0|TAMS 0x0000000087e00000, 0x0000000087e00000|
|  45|0x0000000087f00000, 0x0000000087f00000, 0x0000000088000000|  0%| F|  |TS  0|AC  0|TAMS 0x0000000087f00000, 0x0000000087f00000|
|  46|0x0000000088000000, 0x0000000088000000, 0x0000000088100000|  0%| F|  |TS  0|AC  0|TAMS 0x0000000088000000, 0x0000000088000000|
|  47|0x0000000088100000, 0x0000000088100000, 0x0000000088200000|  0%| F|  |TS  0|AC  0|TAMS 0x0000000088100000, 0x0000000088100000|
|  48|0x0000000088200000, 0x0000000088200000, 0x0000000088300000|  0%| F|  |TS  0|AC  0|TAMS 0x0000000088200000, 0x0000000088200000|
|  49|0x0000000088300000, 0x0000000088300000, 0x0000000088400000|  0%| F|  |TS  0|AC  0|TAMS 0x0000000088300000, 0x0000000088300000|
|  50|0x0000000088400000, 0x0000000088400000, 0x0000000088500000|  0%| F|  |TS  0|AC  0|TAMS 0x0000000088400000, 0x0000000088400000|
|  51|0x0000000088500000, 0x0000000088500000, 0x0000000088600000|  0%| F|  |TS  0|AC  0|TAMS 0x0000000088500000, 0x0000000088500000|
|  52|0x0000000088600000, 0x0000000088600000, 0x0000000088700000|  0%| F|  |TS  0|AC  0|TAMS 0x0000000088600000, 0x0000000088600000|
|  53|0x0000000088700000, 0x0000000088700000, 0x0000000088800000|  0%| F|  |TS  0|AC  0|TAMS 0x0000000088700000, 0x0000000088700000|
|  54|0x0000000088800000, 0x0000000088800000, 0x0000000088900000|  0%| F|  |TS  0|AC  0|TAMS 0x0000000088800000, 0x0000000088800000|
|  55|0x0000000088900000, 0x0000000088900000, 0x0000000088a00000|  0%| F|  |TS  0|AC  0|TAMS 0x0000000088900000, 0x0000000088900000|
|  56|0x0000000088a00000, 0x0000000088a00000, 0x0000000088b00000|  0%| F|  |TS  0|AC  0|TAMS 0x0000000088a00000, 0x0000000088a00000|
|  57|0x0000000088b00000, 0x0000000088b00000, 0x0000000088c00000|  0%| F|  |TS  0|AC  0|TAMS 0x0000000088b00000, 0x0000000088b00000|
|  58|0x0000000088c00000, 0x0000000088c00000, 0x0000000088d00000|  0%| F|  |TS  0|AC  0|TAMS 0x0000000088c00000, 0x0000000088c00000|
|  59|0x0000000088d00000, 0x0000000088d00000, 0x0000000088e00000|  0%| F|  |TS  0|AC  0|TAMS 0x0000000088d00000, 0x0000000088d00000|
|  60|0x0000000088e00000, 0x0000000088e00000, 0x0000000088f00000|  0%| F|  |TS  0|AC  0|TAMS 0x0000000088e00000, 0x0000000088e00000|
|  61|0x0000000088f00000, 0x0000000088f00000, 0x0000000089000000|  0%| F|  |TS  0|AC  0|TAMS 0x0000000088f00000, 0x0000000088f00000|
|  62|0x0000000089000000, 0x0000000089000000, 0x0000000089100000|  0%| F|  |TS  0|AC  0|TAMS 0x0000000089000000, 0x0000000089000000|
|  63|0x0000000089100000, 0x0000000089100000, 0x0000000089200000|  0%| F|  |TS  0|AC  0|TAMS 0x0000000089100000, 0x0000000089100000|
|  64|0x0000000089200000, 0x0000000089200000, 0x0000000089300000|  0%| F|  |TS  0|AC  0|TAMS 0x0000000089200000, 0x0000000089200000|
|  65|0x0000000089300000, 0x0000000089300000, 0x0000000089400000|  0%| F|  |TS  0|AC  0|TAMS 0x0000000089300000, 0x0000000089300000|
|  66|0x0000000089400000, 0x0000000089400000, 0x0000000089500000|  0%| F|  |TS  0|AC  0|TAMS 0x0000000089400000, 0x0000000089400000|
|  67|0x0000000089500000, 0x0000000089500000, 0x0000000089600000|  0%| F|  |TS  0|AC  0|TAMS 0x0000000089500000, 0x0000000089500000|
|  68|0x0000000089600000, 0x0000000089600000, 0x0000000089700000|  0%| F|  |TS  0|AC  0|TAMS 0x0000000089600000, 0x0000000089600000|
|  69|0x0000000089700000, 0x0000000089700000, 0x0000000089800000|  0%| F|  |TS  0|AC  0|TAMS 0x0000000089700000, 0x0000000089700000|
|  70|0x0000000089800000, 0x0000000089800000, 0x0000000089900000|  0%| F|  |TS  0|AC  0|TAMS 0x0000000089800000, 0x0000000089800000|
|  71|0x0000000089900000, 0x0000000089900000, 0x0000000089a00000|  0%| F|  |TS  0|AC  0|TAMS 0x0000000089900000, 0x0000000089900000|
|  72|0x0000000089a00000, 0x0000000089a00000, 0x0000000089b00000|  0%| F|  |TS  0|AC  0|TAMS 0x0000000089a00000, 0x0000000089a00000|
|  73|0x0000000089b00000, 0x0000000089b00000, 0x0000000089c00000|  0%| F|  |TS  0|AC  0|TAMS 0x0000000089b00000, 0x0000000089b00000|
|  74|0x0000000089c00000, 0x0000000089c00000, 0x0000000089d00000|  0%| F|  |TS  0|AC  0|TAMS 0x0000000089c00000, 0x0000000089c00000|
|  75|0x0000000089d00000, 0x0000000089d00000, 0x0000000089e00000|  0%| F|  |TS  0|AC  0|TAMS 0x0000000089d00000, 0x0000000089d00000|
|  76|0x0000000089e00000, 0x0000000089e00000, 0x0000000089f00000|  0%| F|  |TS  0|AC  0|TAMS 0x0000000089e00000, 0x0000000089e00000|
|  77|0x0000000089f00000, 0x0000000089f00000, 0x000000008a000000|  0%| F|  |TS  0|AC  0|TAMS 0x0000000089f00000, 0x0000000089f00000|
|  78|0x000000008a000000, 0x000000008a000000, 0x000000008a100000|  0%| F|  |TS  0|AC  0|TAMS 0x000000008a000000, 0x000000008a000000|
|  79|0x000000008a100000, 0x000000008a100000, 0x000000008a200000|  0%| F|  |TS  0|AC  0|TAMS 0x000000008a100000, 0x000000008a100000|
|  80|0x000000008a200000, 0x000000008a200000, 0x000000008a300000|  0%| F|  |TS  0|AC  0|TAMS 0x000000008a200000, 0x000000008a200000|
|  81|0x000000008a300000, 0x000000008a300000, 0x000000008a400000|  0%| F|  |TS  0|AC  0|TAMS 0x000000008a300000, 0x000000008a300000|
|  82|0x000000008a400000, 0x000000008a400000, 0x000000008a500000|  0%| F|  |TS  0|AC  0|TAMS 0x000000008a400000, 0x000000008a400000|
|  83|0x000000008a500000, 0x000000008a500000, 0x000000008a600000|  0%| F|  |TS  0|AC  0|TAMS 0x000000008a500000, 0x000000008a500000|
|  84|0x000000008a600000, 0x000000008a600000, 0x000000008a700000|  0%| F|  |TS  0|AC  0|TAMS 0x000000008a600000, 0x000000008a600000|
|  85|0x000000008a700000, 0x000000008a700000, 0x000000008a800000|  0%| F|  |TS  0|AC  0|TAMS 0x000000008a700000, 0x000000008a700000|
|  86|0x000000008a800000, 0x000000008a800000, 0x000000008a900000|  0%| F|  |TS  0|AC  0|TAMS 0x000000008a800000, 0x000000008a800000|
|  87|0x000000008a900000, 0x000000008a900000, 0x000000008aa00000|  0%| F|  |TS  0|AC  0|TAMS 0x000000008a900000, 0x000000008a900000|
|  88|0x000000008aa00000, 0x000000008aa00000, 0x000000008ab00000|  0%| F|  |TS  0|AC  0|TAMS 0x000000008aa00000, 0x000000008aa00000|
|  89|0x000000008ab00000, 0x000000008ab00000, 0x000000008ac00000|  0%| F|  |TS  0|AC  0|TAMS 0x000000008ab00000, 0x000000008ab00000|
|  90|0x000000008ac00000, 0x000000008ac00000, 0x000000008ad00000|  0%| F|  |TS  0|AC  0|TAMS 0x000000008ac00000, 0x000000008ac00000|
|  91|0x000000008ad00000, 0x000000008ad00000, 0x000000008ae00000|  0%| F|  |TS  0|AC  0|TAMS 0x000000008ad00000, 0x000000008ad00000|
|  92|0x000000008ae00000, 0x000000008ae00000, 0x000000008af00000|  0%| F|  |TS  0|AC  0|TAMS 0x000000008ae00000, 0x000000008ae00000|
|  93|0x000000008af00000, 0x000000008af00000, 0x000000008b000000|  0%| F|  |TS  0|AC  0|TAMS 0x000000008af00000, 0x000000008af00000|
|  94|0x000000008b000000, 0x000000008b000000, 0x000000008b100000|  0%| F|  |TS  0|AC  0|TAMS 0x000000008b000000, 0x000000008b000000|
|  95|0x000000008b100000, 0x000000008b100000, 0x000000008b200000|  0%| F|  |TS  0|AC  0|TAMS 0x000000008b100000, 0x000000008b100000|
|  96|0x000000008b200000, 0x000000008b200000, 0x000000008b300000|  0%| F|  |TS  0|AC  0|TAMS 0x000000008b200000, 0x000000008b200000|
|  97|0x000000008b300000, 0x000000008b300000, 0x000000008b400000|  0%| F|  |TS  0|AC  0|TAMS 0x000000008b300000, 0x000000008b300000|
|  98|0x000000008b400000, 0x000000008b400000, 0x000000008b500000|  0%| F|  |TS  0|AC  0|TAMS 0x000000008b400000, 0x000000008b400000|
|  99|0x000000008b500000, 0x000000008b500000, 0x000000008b600000|  0%| F|  |TS  0|AC  0|TAMS 0x000000008b500000, 0x000000008b500000|
| 100|0x000000008b600000, 0x000000008b600000, 0x000000008b700000|  0%| F|  |TS  0|AC  0|TAMS 0x000000008b600000, 0x000000008b600000|
| 101|0x000000008b700000, 0x000000008b700000, 0x000000008b800000|  0%| F|  |TS  0|AC  0|TAMS 0x000000008b700000, 0x000000008b700000|
| 102|0x000000008b800000, 0x000000008b800000, 0x000000008b900000|  0%| F|  |TS  0|AC  0|TAMS 0x000000008b800000, 0x000000008b800000|
| 103|0x000000008b900000, 0x000000008b900000, 0x000000008ba00000|  0%| F|  |TS  0|AC  0|TAMS 0x000000008b900000, 0x000000008b900000|
| 104|0x000000008ba00000, 0x000000008ba00000, 0x000000008bb00000|  0%| F|  |TS  0|AC  0|TAMS 0x000000008ba00000, 0x000000008ba00000|
| 105|0x000000008bb00000, 0x000000008bb00000, 0x000000008bc00000|  0%| F|  |TS  0|AC  0|TAMS 0x000000008bb00000, 0x000000008bb00000|
| 106|0x000000008bc00000, 0x000000008bc00000, 0x000000008bd00000|  0%| F|  |TS  0|AC  0|TAMS 0x000000008bc00000, 0x000000008bc00000|
| 107|0x000000008bd00000, 0x000000008bd00000, 0x000000008be00000|  0%| F|  |TS  0|AC  0|TAMS 0x000000008bd00000, 0x000000008bd00000|
| 108|0x000000008be00000, 0x000000008be00000, 0x000000008bf00000|  0%| F|  |TS  0|AC  0|TAMS 0x000000008be00000, 0x000000008be00000|
| 109|0x000000008bf00000, 0x000000008bf00000, 0x000000008c000000|  0%| F|  |TS  0|AC  0|TAMS 0x000000008bf00000, 0x000000008bf00000|
| 110|0x000000008c000000, 0x000000008c000000, 0x000000008c100000|  0%| F|  |TS  0|AC  0|TAMS 0x000000008c000000, 0x000000008c000000|
| 111|0x000000008c100000, 0x000000008c100000, 0x000000008c200000|  0%| F|  |TS  0|AC  0|TAMS 0x000000008c100000, 0x000000008c100000|
| 112|0x000000008c200000, 0x000000008c200000, 0x000000008c300000|  0%| F|  |TS  0|AC  0|TAMS 0x000000008c200000, 0x000000008c200000|
| 113|0x000000008c300000, 0x000000008c300000, 0x000000008c400000|  0%| F|  |TS  0|AC  0|TAMS 0x000000008c300000, 0x000000008c300000|
| 114|0x000000008c400000, 0x000000008c400000, 0x000000008c500000|  0%| F|  |TS  0|AC  0|TAMS 0x000000008c400000, 0x000000008c400000|
| 115|0x000000008c500000, 0x000000008c500000, 0x000000008c600000|  0%| F|  |TS  0|AC  0|TAMS 0x000000008c500000, 0x000000008c500000|
| 116|0x000000008c600000, 0x000000008c600000, 0x000000008c700000|  0%| F|  |TS  0|AC  0|TAMS 0x000000008c600000, 0x000000008c600000|
| 117|0x000000008c700000, 0x000000008c700000, 0x000000008c800000|  0%| F|  |TS  0|AC  0|TAMS 0x000000008c700000, 0x000000008c700000|
| 118|0x000000008c800000, 0x000000008c800000, 0x000000008c900000|  0%| F|  |TS  0|AC  0|TAMS 0x000000008c800000, 0x000000008c800000|
| 119|0x000000008c900000, 0x000000008c900000, 0x000000008ca00000|  0%| F|  |TS  0|AC  0|TAMS 0x000000008c900000, 0x000000008c900000|
| 120|0x000000008ca00000, 0x000000008ca00000, 0x000000008cb00000|  0%| F|  |TS  0|AC  0|TAMS 0x000000008ca00000, 0x000000008ca00000|
| 121|0x000000008cb00000, 0x000000008cb00000, 0x000000008cc00000|  0%| F|  |TS  0|AC  0|TAMS 0x000000008cb00000, 0x000000008cb00000|
| 122|0x000000008cc00000, 0x000000008ccf6458, 0x000000008cd00000| 96%| E|  |TS  0|AC  0|TAMS 0x000000008cc00000, 0x000000008cc00000|
| 123|0x000000008cd00000, 0x000000008ce00000, 0x000000008ce00000|100%| E|CS|TS  0|AC  0|TAMS 0x000000008cd00000, 0x000000008cd00000|

Card table byte_map: [0x00007f3cd6a6d000,0x00007f3cd6e44000] byte_map_base: 0x00007f3cd6644000

Marking Bits (Prev, Next): (CMBitMap*) 0x00007f3cf005ce80, (CMBitMap*) 0x00007f3cf005ceb8
 Prev Bits: [0x00007f3cd47de000, 0x00007f3cd6696000)
 Next Bits: [0x00007f3cb6148000, 0x00007f3cb8000000)

Polling page: 0x00007f3cf8657000

CodeHeap 'non-profiled nmethods': size=120032Kb used=22Kb max_used=22Kb free=120009Kb
 bounds [0x00007f3cdf5ed000, 0x00007f3cdf85d000, 0x00007f3ce6b25000]
CodeHeap 'profiled nmethods': size=120028Kb used=136Kb max_used=136Kb free=119891Kb
 bounds [0x00007f3cd80b6000, 0x00007f3cd8326000, 0x00007f3cdf5ed000]
CodeHeap 'non-nmethods': size=5700Kb used=1019Kb max_used=1019Kb free=4680Kb
 bounds [0x00007f3cd7b25000, 0x00007f3cd7d95000, 0x00007f3cd80b6000]
 total_blobs=465 nmethods=100 adapters=222
 compilation: enabled

Compilation events (10 events):
Event: 0.097 Thread 0x00007f3cf015e800 nmethod 96 0x00007f3cd80d5110 code [0x00007f3cd80d52c0, 0x00007f3cd80d5468]
Event: 0.097 Thread 0x00007f3cf015e800   97       3       java.lang.AbstractStringBuilder::append (45 bytes)
Event: 0.097 Thread 0x00007f3cf015e800 nmethod 97 0x00007f3cd80d5510 code [0x00007f3cd80d5740, 0x00007f3cd80d5cb8]
Event: 0.097 Thread 0x00007f3cf015e800   98       3       java.lang.AbstractStringBuilder::putStringAt (29 bytes)
Event: 0.097 Thread 0x00007f3cf015e800 nmethod 98 0x00007f3cd80d5f10 code [0x00007f3cd80d6100, 0x00007f3cd80d6438]
Event: 0.098 Thread 0x00007f3cf015e800   99       3       java.lang.Character::toLowerCase (9 bytes)
Event: 0.098 Thread 0x00007f3cf015e800 nmethod 99 0x00007f3cd80d6590 code [0x00007f3cd80d6760, 0x00007f3cd80d6998]
Event: 0.098 Thread 0x00007f3cf015e800  100       3       java.lang.CharacterDataLatin1::toLowerCase (39 bytes)
Event: 0.098 Thread 0x00007f3cf015e800 nmethod 100 0x00007f3cd80d6a90 code [0x00007f3cd80d6c60, 0x00007f3cd80d6ef0]
Event: 0.101 Thread 0x00007f3cf015e800  101       3       java.util.Arrays::copyOfRange (63 bytes)

GC Heap History (0 events):
No events

Deoptimization events (1 events):
Event: 0.064 Thread 0x00007f3cf0012000 Uncommon trap: reason=unstable_if action=reinterpret pc=0x00007f3cdf5f24ec method=java.lang.String.hashCode()I @ 14 c2

Classes redefined (0 events):
No events

Internal exceptions (0 events):
No events

Events (10 events):
Event: 0.096 loading class com/cyberbotics/webots/controller/Mouse
Event: 0.096 loading class com/cyberbotics/webots/controller/Mouse done
Event: 0.097 loading class com/cyberbotics/webots/controller/Camera
Event: 0.097 loading class com/cyberbotics/webots/controller/Camera done
Event: 0.097 loading class com/cyberbotics/webots/controller/Device
Event: 0.097 loading class com/cyberbotics/webots/controller/Device done
Event: 0.097 loading class com/cyberbotics/webots/controller/DistanceSensor
Event: 0.097 loading class com/cyberbotics/webots/controller/DistanceSensor done
Event: 0.098 loading class com/cyberbotics/webots/controller/Motion
Event: 0.098 loading class com/cyberbotics/webots/controller/Motion done


Dynamic libraries:
85200000-8ce00000 rw-p 00000000 00:00 0 
8ce00000-100000000 ---p 00000000 00:00 0 
100000000-100080000 rw-p 00000000 00:00 0 
100080000-140000000 ---p 00000000 00:00 0 
5649b6c7a000-5649b6c7b000 r-xp 00000000 08:01 23598097                   /usr/lib/jvm/java-11-openjdk-amd64/bin/java
5649b6e7b000-5649b6e7c000 r--p 00001000 08:01 23598097                   /usr/lib/jvm/java-11-openjdk-amd64/bin/java
5649b6e7c000-5649b6e7d000 rw-p 00002000 08:01 23598097                   /usr/lib/jvm/java-11-openjdk-amd64/bin/java
5649b7b08000-5649b7b29000 rw-p 00000000 00:00 0                          [heap]
7f3c4c000000-7f3c4c021000 rw-p 00000000 00:00 0 
7f3c4c021000-7f3c50000000 ---p 00000000 00:00 0 
7f3c50000000-7f3c50021000 rw-p 00000000 00:00 0 
7f3c50021000-7f3c54000000 ---p 00000000 00:00 0 
7f3c54000000-7f3c54021000 rw-p 00000000 00:00 0 
7f3c54021000-7f3c58000000 ---p 00000000 00:00 0 
7f3c58000000-7f3c58021000 rw-p 00000000 00:00 0 
7f3c58021000-7f3c5c000000 ---p 00000000 00:00 0 
7f3c5c000000-7f3c5c021000 rw-p 00000000 00:00 0 
7f3c5c021000-7f3c60000000 ---p 00000000 00:00 0 
7f3c60000000-7f3c6008e000 rw-p 00000000 00:00 0 
7f3c6008e000-7f3c64000000 ---p 00000000 00:00 0 
7f3c64000000-7f3c6405e000 rw-p 00000000 00:00 0 
7f3c6405e000-7f3c68000000 ---p 00000000 00:00 0 
7f3c68000000-7f3c68022000 rw-p 00000000 00:00 0 
7f3c68022000-7f3c6c000000 ---p 00000000 00:00 0 
7f3c6c000000-7f3c6c021000 rw-p 00000000 00:00 0 
7f3c6c021000-7f3c70000000 ---p 00000000 00:00 0 
7f3c70000000-7f3c70021000 rw-p 00000000 00:00 0 
7f3c70021000-7f3c74000000 ---p 00000000 00:00 0 
7f3c74000000-7f3c74021000 rw-p 00000000 00:00 0 
7f3c74021000-7f3c78000000 ---p 00000000 00:00 0 
7f3c78000000-7f3c78021000 rw-p 00000000 00:00 0 
7f3c78021000-7f3c7c000000 ---p 00000000 00:00 0 
7f3c7c000000-7f3c7c021000 rw-p 00000000 00:00 0 
7f3c7c021000-7f3c80000000 ---p 00000000 00:00 0 
7f3c80000000-7f3c80021000 rw-p 00000000 00:00 0 
7f3c80021000-7f3c84000000 ---p 00000000 00:00 0 
7f3c84000000-7f3c84021000 rw-p 00000000 00:00 0 
7f3c84021000-7f3c88000000 ---p 00000000 00:00 0 
7f3c88000000-7f3c88021000 rw-p 00000000 00:00 0 
7f3c88021000-7f3c8c000000 ---p 00000000 00:00 0 
7f3c8c000000-7f3c8c021000 rw-p 00000000 00:00 0 
7f3c8c021000-7f3c90000000 ---p 00000000 00:00 0 
7f3c90000000-7f3c90021000 rw-p 00000000 00:00 0 
7f3c90021000-7f3c94000000 ---p 00000000 00:00 0 
7f3c94000000-7f3c94021000 rw-p 00000000 00:00 0 
7f3c94021000-7f3c98000000 ---p 00000000 00:00 0 
7f3c98000000-7f3c98021000 rw-p 00000000 00:00 0 
7f3c98021000-7f3c9c000000 ---p 00000000 00:00 0 
7f3c9c000000-7f3c9c021000 rw-p 00000000 00:00 0 
7f3c9c021000-7f3ca0000000 ---p 00000000 00:00 0 
7f3ca0490000-7f3ca0493000 r-xp 00000000 08:01 26486645                   /home/pc/Downloads/webots/resources/projects/plugins/robot_windows/generic/libgeneric.so
7f3ca0493000-7f3ca0692000 ---p 00003000 08:01 26486645                   /home/pc/Downloads/webots/resources/projects/plugins/robot_windows/generic/libgeneric.so
7f3ca0692000-7f3ca0693000 r--p 00002000 08:01 26486645                   /home/pc/Downloads/webots/resources/projects/plugins/robot_windows/generic/libgeneric.so
7f3ca0693000-7f3ca0694000 rw-p 00003000 08:01 26486645                   /home/pc/Downloads/webots/resources/projects/plugins/robot_windows/generic/libgeneric.so
7f3ca0694000-7f3ca069f000 r-xp 00000000 08:01 27920412                   /home/pc/Downloads/webots/lib/libjbig.so.0
7f3ca069f000-7f3ca089e000 ---p 0000b000 08:01 27920412                   /home/pc/Downloads/webots/lib/libjbig.so.0
7f3ca089e000-7f3ca089f000 r--p 0000a000 08:01 27920412                   /home/pc/Downloads/webots/lib/libjbig.so.0
7f3ca089f000-7f3ca08a2000 rw-p 0000b000 08:01 27920412                   /home/pc/Downloads/webots/lib/libjbig.so.0
7f3ca08a2000-7f3ca08c6000 r-xp 00000000 08:01 14684814                   /lib/x86_64-linux-gnu/liblzma.so.5.2.2
7f3ca08c6000-7f3ca0ac6000 ---p 00024000 08:01 14684814                   /lib/x86_64-linux-gnu/liblzma.so.5.2.2
7f3ca0ac6000-7f3ca0ac7000 r--p 00024000 08:01 14684814                   /lib/x86_64-linux-gnu/liblzma.so.5.2.2
7f3ca0ac7000-7f3ca0ac8000 rw-p 00025000 08:01 14684814                   /lib/x86_64-linux-gnu/liblzma.so.5.2.2
7f3ca0ac8000-7f3ca0aec000 r-xp 00000000 08:01 27920444                   /home/pc/Downloads/webots/lib/libpng12.so.0
7f3ca0aec000-7f3ca0ceb000 ---p 00024000 08:01 27920444                   /home/pc/Downloads/webots/lib/libpng12.so.0
7f3ca0ceb000-7f3ca0cec000 r--p 00023000 08:01 27920444                   /home/pc/Downloads/webots/lib/libpng12.so.0
7f3ca0cec000-7f3ca0ced000 rw-p 00024000 08:01 27920444                   /home/pc/Downloads/webots/lib/libpng12.so.0
7f3ca0ced000-7f3ca0d44000 r-xp 00000000 08:01 27920405                   /home/pc/Downloads/webots/lib/libjpeg.so.8
7f3ca0d44000-7f3ca0f44000 ---p 00057000 08:01 27920405                   /home/pc/Downloads/webots/lib/libjpeg.so.8
7f3ca0f44000-7f3ca0f45000 r--p 00057000 08:01 27920405                   /home/pc/Downloads/webots/lib/libjpeg.so.8
7f3ca0f45000-7f3ca0f46000 rw-p 00058000 08:01 27920405                   /home/pc/Downloads/webots/lib/libjpeg.so.8
7f3ca0f46000-7f3ca0fb7000 r-xp 00000000 08:01 27920407                   /home/pc/Downloads/webots/lib/libtiff.so.5
7f3ca0fb7000-7f3ca11b7000 ---p 00071000 08:01 27920407                   /home/pc/Downloads/webots/lib/libtiff.so.5
7f3ca11b7000-7f3ca11b8000 r--p 00071000 08:01 27920407                   /home/pc/Downloads/webots/lib/libtiff.so.5
7f3ca11b8000-7f3ca11bb000 rw-p 00072000 08:01 27920407                   /home/pc/Downloads/webots/lib/libtiff.so.5
7f3ca11bb000-7f3ca1207000 r-xp 00000000 08:01 27920416                   /home/pc/Downloads/webots/lib/libController.so
7f3ca1207000-7f3ca1406000 ---p 0004c000 08:01 27920416                   /home/pc/Downloads/webots/lib/libController.so
7f3ca1406000-7f3ca1407000 r--p 0004b000 08:01 27920416                   /home/pc/Downloads/webots/lib/libController.so
7f3ca1407000-7f3ca1408000 rw-p 0004c000 08:01 27920416                   /home/pc/Downloads/webots/lib/libController.so
7f3ca1408000-7f3ca1409000 rw-p 00000000 00:00 0 
7f3ca1409000-7f3ca1443000 r-xp 00000000 08:01 27920467                   /home/pc/Downloads/webots/lib/libCppController.so
7f3ca1443000-7f3ca1642000 ---p 0003a000 08:01 27920467                   /home/pc/Downloads/webots/lib/libCppController.so
7f3ca1642000-7f3ca1644000 r--p 00039000 08:01 27920467                   /home/pc/Downloads/webots/lib/libCppController.so
7f3ca1644000-7f3ca1646000 rw-p 0003b000 08:01 27920467                   /home/pc/Downloads/webots/lib/libCppController.so
7f3ca1646000-7f3ca1682000 r-xp 00000000 08:01 27920367                   /home/pc/Downloads/webots/lib/java/libJavaController.so
7f3ca1682000-7f3ca1881000 ---p 0003c000 08:01 27920367                   /home/pc/Downloads/webots/lib/java/libJavaController.so
7f3ca1881000-7f3ca1882000 r--p 0003b000 08:01 27920367                   /home/pc/Downloads/webots/lib/java/libJavaController.so
7f3ca1882000-7f3ca1883000 rw-p 0003c000 08:01 27920367                   /home/pc/Downloads/webots/lib/java/libJavaController.so
7f3ca1883000-7f3ca189a000 r-xp 00000000 08:01 23598500                   /usr/lib/jvm/java-11-openjdk-amd64/lib/libnet.so
7f3ca189a000-7f3ca1a99000 ---p 00017000 08:01 23598500                   /usr/lib/jvm/java-11-openjdk-amd64/lib/libnet.so
7f3ca1a99000-7f3ca1a9a000 r--p 00016000 08:01 23598500                   /usr/lib/jvm/java-11-openjdk-amd64/lib/libnet.so
7f3ca1a9a000-7f3ca1a9b000 rw-p 00017000 08:01 23598500                   /usr/lib/jvm/java-11-openjdk-amd64/lib/libnet.so
7f3ca1a9b000-7f3ca1aac000 r-xp 00000000 08:01 23598501                   /usr/lib/jvm/java-11-openjdk-amd64/lib/libnio.so
7f3ca1aac000-7f3ca1cab000 ---p 00011000 08:01 23598501                   /usr/lib/jvm/java-11-openjdk-amd64/lib/libnio.so
7f3ca1cab000-7f3ca1cac000 r--p 00010000 08:01 23598501                   /usr/lib/jvm/java-11-openjdk-amd64/lib/libnio.so
7f3ca1cac000-7f3ca1cad000 rw-p 00011000 08:01 23598501                   /usr/lib/jvm/java-11-openjdk-amd64/lib/libnio.so
7f3ca1cad000-7f3ca1cb1000 ---p 00000000 00:00 0 
7f3ca1cb1000-7f3ca1dae000 rw-p 00000000 00:00 0 
7f3ca1dae000-7f3ca1daf000 ---p 00000000 00:00 0 
7f3ca1daf000-7f3ca1eb0000 rw-p 00000000 00:00 0 
7f3ca1eb0000-7f3ca1eb4000 ---p 00000000 00:00 0 
7f3ca1eb4000-7f3ca1fb1000 rw-p 00000000 00:00 0 
7f3ca1fb1000-7f3ca1fb5000 ---p 00000000 00:00 0 
7f3ca1fb5000-7f3ca20b2000 rw-p 00000000 00:00 0 
7f3ca20b2000-7f3ca20b6000 ---p 00000000 00:00 0 
7f3ca20b6000-7f3ca21b3000 rw-p 00000000 00:00 0 
7f3ca21b3000-7f3ca21b7000 ---p 00000000 00:00 0 
7f3ca21b7000-7f3ca22b4000 rw-p 00000000 00:00 0 
7f3ca22b4000-7f3ca22b8000 ---p 00000000 00:00 0 
7f3ca22b8000-7f3ca23b5000 rw-p 00000000 00:00 0 
7f3ca23b5000-7f3ca23b9000 ---p 00000000 00:00 0 
7f3ca23b9000-7f3ca24b6000 rw-p 00000000 00:00 0 
7f3ca24b6000-7f3ca24ba000 ---p 00000000 00:00 0 
7f3ca24ba000-7f3ca25b7000 rw-p 00000000 00:00 0 
7f3ca25b7000-7f3ca28e7000 r--p 00000000 08:01 23598983                   /usr/lib/locale/locale-archive
7f3ca28e7000-7f3ca28eb000 ---p 00000000 00:00 0 
7f3ca28eb000-7f3ca29e8000 rw-p 00000000 00:00 0 
7f3ca29e8000-7f3ca29ec000 ---p 00000000 00:00 0 
7f3ca29ec000-7f3ca2ae9000 rw-p 00000000 00:00 0 
7f3ca2ae9000-7f3ca2aea000 ---p 00000000 00:00 0 
7f3ca2aea000-7f3ca306b000 rw-p 00000000 00:00 0 
7f3ca306b000-7f3ca33eb000 ---p 00000000 00:00 0 
7f3ca33eb000-7f3ca33ec000 ---p 00000000 00:00 0 
7f3ca33ec000-7f3ca34ed000 rw-p 00000000 00:00 0 
7f3ca34ed000-7f3ca34ee000 ---p 00000000 00:00 0 
7f3ca34ee000-7f3ca35ef000 rw-p 00000000 00:00 0 
7f3ca35ef000-7f3ca35f0000 ---p 00000000 00:00 0 
7f3ca35f0000-7f3ca36f1000 rw-p 00000000 00:00 0 
7f3ca36f1000-7f3ca36f2000 ---p 00000000 00:00 0 
7f3ca36f2000-7f3ca37f3000 rw-p 00000000 00:00 0 
7f3ca37f3000-7f3ca37f4000 ---p 00000000 00:00 0 
7f3ca37f4000-7f3ca38f5000 rw-p 00000000 00:00 0 
7f3ca38f5000-7f3ca38f6000 ---p 00000000 00:00 0 
7f3ca38f6000-7f3ca39f7000 rw-p 00000000 00:00 0 
7f3ca39f7000-7f3ca39f8000 ---p 00000000 00:00 0 
7f3ca39f8000-7f3ca3af9000 rw-p 00000000 00:00 0 
7f3ca3af9000-7f3ca3afa000 ---p 00000000 00:00 0 
7f3ca3afa000-7f3ca3bfb000 rw-p 00000000 00:00 0 
7f3ca3bfb000-7f3ca3bfc000 ---p 00000000 00:00 0 
7f3ca3bfc000-7f3ca4000000 rw-p 00000000 00:00 0 
7f3ca4000000-7f3ca4021000 rw-p 00000000 00:00 0 
7f3ca4021000-7f3ca8000000 ---p 00000000 00:00 0 
7f3ca8000000-7f3ca8021000 rw-p 00000000 00:00 0 
7f3ca8021000-7f3cac000000 ---p 00000000 00:00 0 
7f3cac000000-7f3cac021000 rw-p 00000000 00:00 0 
7f3cac021000-7f3cb0000000 ---p 00000000 00:00 0 
7f3cb0000000-7f3cb0021000 rw-p 00000000 00:00 0 
7f3cb0021000-7f3cb4000000 ---p 00000000 00:00 0 
7f3cb4047000-7f3cb6338000 rw-p 00000000 00:00 0 
7f3cb6338000-7f3cb8000000 ---p 00000000 00:00 0 
7f3cb8000000-7f3cb8021000 rw-p 00000000 00:00 0 
7f3cb8021000-7f3cbc000000 ---p 00000000 00:00 0 
7f3cbc000000-7f3cbc021000 rw-p 00000000 00:00 0 
7f3cbc021000-7f3cc0000000 ---p 00000000 00:00 0 
7f3cc0000000-7f3cc0021000 rw-p 00000000 00:00 0 
7f3cc0021000-7f3cc4000000 ---p 00000000 00:00 0 
7f3cc4000000-7f3cc4021000 rw-p 00000000 00:00 0 
7f3cc4021000-7f3cc8000000 ---p 00000000 00:00 0 
7f3cc8000000-7f3cc8021000 rw-p 00000000 00:00 0 
7f3cc8021000-7f3ccc000000 ---p 00000000 00:00 0 
7f3ccc000000-7f3ccc021000 rw-p 00000000 00:00 0 
7f3ccc021000-7f3cd0000000 ---p 00000000 00:00 0 
7f3cd0000000-7f3cd0021000 rw-p 00000000 00:00 0 
7f3cd0021000-7f3cd4000000 ---p 00000000 00:00 0 
7f3cd4003000-7f3cd44d8000 rw-p 00000000 00:00 0 
7f3cd44d8000-7f3cd44d9000 ---p 00000000 00:00 0 
7f3cd44d9000-7f3cd45da000 rw-p 00000000 00:00 0 
7f3cd45da000-7f3cd45db000 ---p 00000000 00:00 0 
7f3cd45db000-7f3cd46dc000 rw-p 00000000 00:00 0 
7f3cd46dc000-7f3cd46dd000 ---p 00000000 00:00 0 
7f3cd46dd000-7f3cd49ce000 rw-p 00000000 00:00 0 
7f3cd49ce000-7f3cd6696000 ---p 00000000 00:00 0 
7f3cd6696000-7f3cd66d4000 rw-p 00000000 00:00 0 
7f3cd66d4000-7f3cd6a6d000 ---p 00000000 00:00 0 
7f3cd6a6d000-7f3cd6aab000 rw-p 00000000 00:00 0 
7f3cd6aab000-7f3cd6e44000 ---p 00000000 00:00 0 
7f3cd6e44000-7f3cd6e82000 rw-p 00000000 00:00 0 
7f3cd6e82000-7f3cd721b000 ---p 00000000 00:00 0 
7f3cd721b000-7f3cd7a23000 rw-p 00000000 00:00 0 
7f3cd7a23000-7f3cd7a24000 ---p 00000000 00:00 0 
7f3cd7a24000-7f3cd7b25000 rw-p 00000000 00:00 0 
7f3cd7b25000-7f3cd7d95000 rwxp 00000000 00:00 0 
7f3cd7d95000-7f3cd80b6000 ---p 00000000 00:00 0 
7f3cd80b6000-7f3cd8326000 rwxp 00000000 00:00 0 
7f3cd8326000-7f3cdf5ed000 ---p 00000000 00:00 0 
7f3cdf5ed000-7f3cdf85d000 rwxp 00000000 00:00 0 
7f3cdf85d000-7f3ce6b25000 ---p 00000000 00:00 0 
7f3ce6b25000-7f3cf0000000 r--s 00000000 08:01 23598511                   /usr/lib/jvm/java-11-openjdk-amd64/lib/modules
7f3cf0000000-7f3cf028d000 rw-p 00000000 00:00 0 
7f3cf028d000-7f3cf4000000 ---p 00000000 00:00 0 
7f3cf4000000-7f3cf4059000 rw-p 00000000 00:00 0 
7f3cf4059000-7f3cf405a000 ---p 00000000 00:00 0 
7f3cf405a000-7f3cf415b000 rw-p 00000000 00:00 0 
7f3cf415b000-7f3cf415c000 ---p 00000000 00:00 0 
7f3cf415c000-7f3cf425d000 rw-p 00000000 00:00 0 
7f3cf425d000-7f3cf425e000 ---p 00000000 00:00 0 
7f3cf425e000-7f3cf435f000 rw-p 00000000 00:00 0 
7f3cf435f000-7f3cf4360000 ---p 00000000 00:00 0 
7f3cf4360000-7f3cf4461000 rw-p 00000000 00:00 0 
7f3cf4461000-7f3cf4462000 ---p 00000000 00:00 0 
7f3cf4462000-7f3cf4563000 rw-p 00000000 00:00 0 
7f3cf4563000-7f3cf4564000 ---p 00000000 00:00 0 
7f3cf4564000-7f3cf4665000 rw-p 00000000 00:00 0 
7f3cf4665000-7f3cf4666000 ---p 00000000 00:00 0 
7f3cf4666000-7f3cf476c000 rw-p 00000000 00:00 0 
7f3cf476c000-7f3cf4852000 ---p 00000000 00:00 0 
7f3cf4852000-7f3cf4857000 rw-p 00000000 00:00 0 
7f3cf4857000-7f3cf493d000 ---p 00000000 00:00 0 
7f3cf493d000-7f3cf4942000 r-xp 00000000 08:01 23598491                   /usr/lib/jvm/java-11-openjdk-amd64/lib/libjimage.so
7f3cf4942000-7f3cf4b41000 ---p 00005000 08:01 23598491                   /usr/lib/jvm/java-11-openjdk-amd64/lib/libjimage.so
7f3cf4b41000-7f3cf4b42000 r--p 00004000 08:01 23598491                   /usr/lib/jvm/java-11-openjdk-amd64/lib/libjimage.so
7f3cf4b42000-7f3cf4b43000 rw-p 00005000 08:01 23598491                   /usr/lib/jvm/java-11-openjdk-amd64/lib/libjimage.so
7f3cf4b43000-7f3cf4b4a000 r-xp 00000000 08:01 23598510                   /usr/lib/jvm/java-11-openjdk-amd64/lib/libzip.so
7f3cf4b4a000-7f3cf4d49000 ---p 00007000 08:01 23598510                   /usr/lib/jvm/java-11-openjdk-amd64/lib/libzip.so
7f3cf4d49000-7f3cf4d4a000 r--p 00006000 08:01 23598510                   /usr/lib/jvm/java-11-openjdk-amd64/lib/libzip.so
7f3cf4d4a000-7f3cf4d4b000 rw-p 00007000 08:01 23598510                   /usr/lib/jvm/java-11-openjdk-amd64/lib/libzip.so
7f3cf4d4b000-7f3cf4d56000 r-xp 00000000 08:01 14684844                   /lib/x86_64-linux-gnu/libnss_files-2.27.so
7f3cf4d56000-7f3cf4f55000 ---p 0000b000 08:01 14684844                   /lib/x86_64-linux-gnu/libnss_files-2.27.so
7f3cf4f55000-7f3cf4f56000 r--p 0000a000 08:01 14684844                   /lib/x86_64-linux-gnu/libnss_files-2.27.so
7f3cf4f56000-7f3cf4f57000 rw-p 0000b000 08:01 14684844                   /lib/x86_64-linux-gnu/libnss_files-2.27.so
7f3cf4f57000-7f3cf4f5d000 rw-p 00000000 00:00 0 
7f3cf4f5d000-7f3cf4f74000 r-xp 00000000 08:01 14684838                   /lib/x86_64-linux-gnu/libnsl-2.27.so
7f3cf4f74000-7f3cf5173000 ---p 00017000 08:01 14684838                   /lib/x86_64-linux-gnu/libnsl-2.27.so
7f3cf5173000-7f3cf5174000 r--p 00016000 08:01 14684838                   /lib/x86_64-linux-gnu/libnsl-2.27.so
7f3cf5174000-7f3cf5175000 rw-p 00017000 08:01 14684838                   /lib/x86_64-linux-gnu/libnsl-2.27.so
7f3cf5175000-7f3cf5177000 rw-p 00000000 00:00 0 
7f3cf5177000-7f3cf5182000 r-xp 00000000 08:01 14684855                   /lib/x86_64-linux-gnu/libnss_nis-2.27.so
7f3cf5182000-7f3cf5381000 ---p 0000b000 08:01 14684855                   /lib/x86_64-linux-gnu/libnss_nis-2.27.so
7f3cf5381000-7f3cf5382000 r--p 0000a000 08:01 14684855                   /lib/x86_64-linux-gnu/libnss_nis-2.27.so
7f3cf5382000-7f3cf5383000 rw-p 0000b000 08:01 14684855                   /lib/x86_64-linux-gnu/libnss_nis-2.27.so
7f3cf5383000-7f3cf538b000 r-xp 00000000 08:01 14684840                   /lib/x86_64-linux-gnu/libnss_compat-2.27.so
7f3cf538b000-7f3cf558b000 ---p 00008000 08:01 14684840                   /lib/x86_64-linux-gnu/libnss_compat-2.27.so
7f3cf558b000-7f3cf558c000 r--p 00008000 08:01 14684840                   /lib/x86_64-linux-gnu/libnss_compat-2.27.so
7f3cf558c000-7f3cf558d000 rw-p 00009000 08:01 14684840                   /lib/x86_64-linux-gnu/libnss_compat-2.27.so
7f3cf558d000-7f3cf55b9000 r-xp 00000000 08:01 23598487                   /usr/lib/jvm/java-11-openjdk-amd64/lib/libjava.so
7f3cf55b9000-7f3cf57b8000 ---p 0002c000 08:01 23598487                   /usr/lib/jvm/java-11-openjdk-amd64/lib/libjava.so
7f3cf57b8000-7f3cf57b9000 r--p 0002b000 08:01 23598487                   /usr/lib/jvm/java-11-openjdk-amd64/lib/libjava.so
7f3cf57b9000-7f3cf57bb000 rw-p 0002c000 08:01 23598487                   /usr/lib/jvm/java-11-openjdk-amd64/lib/libjava.so
7f3cf57bb000-7f3cf57c8000 r-xp 00000000 08:01 23598509                   /usr/lib/jvm/java-11-openjdk-amd64/lib/libverify.so
7f3cf57c8000-7f3cf59c7000 ---p 0000d000 08:01 23598509                   /usr/lib/jvm/java-11-openjdk-amd64/lib/libverify.so
7f3cf59c7000-7f3cf59c9000 r--p 0000c000 08:01 23598509                   /usr/lib/jvm/java-11-openjdk-amd64/lib/libverify.so
7f3cf59c9000-7f3cf59ca000 rw-p 0000e000 08:01 23598509                   /usr/lib/jvm/java-11-openjdk-amd64/lib/libverify.so
7f3cf59ca000-7f3cf59d1000 r-xp 00000000 08:01 14684895                   /lib/x86_64-linux-gnu/librt-2.27.so
7f3cf59d1000-7f3cf5bd0000 ---p 00007000 08:01 14684895                   /lib/x86_64-linux-gnu/librt-2.27.so
7f3cf5bd0000-7f3cf5bd1000 r--p 00006000 08:01 14684895                   /lib/x86_64-linux-gnu/librt-2.27.so
7f3cf5bd1000-7f3cf5bd2000 rw-p 00007000 08:01 14684895                   /lib/x86_64-linux-gnu/librt-2.27.so
7f3cf5bd2000-7f3cf5be9000 r-xp 00000000 08:01 14684791                   /lib/x86_64-linux-gnu/libgcc_s.so.1
7f3cf5be9000-7f3cf5de8000 ---p 00017000 08:01 14684791                   /lib/x86_64-linux-gnu/libgcc_s.so.1
7f3cf5de8000-7f3cf5de9000 r--p 00016000 08:01 14684791                   /lib/x86_64-linux-gnu/libgcc_s.so.1
7f3cf5de9000-7f3cf5dea000 rw-p 00017000 08:01 14684791                   /lib/x86_64-linux-gnu/libgcc_s.so.1
7f3cf5dea000-7f3cf5f87000 r-xp 00000000 08:01 14684817                   /lib/x86_64-linux-gnu/libm-2.27.so
7f3cf5f87000-7f3cf6186000 ---p 0019d000 08:01 14684817                   /lib/x86_64-linux-gnu/libm-2.27.so
7f3cf6186000-7f3cf6187000 r--p 0019c000 08:01 14684817                   /lib/x86_64-linux-gnu/libm-2.27.so
7f3cf6187000-7f3cf6188000 rw-p 0019d000 08:01 14684817                   /lib/x86_64-linux-gnu/libm-2.27.so
7f3cf6188000-7f3cf6301000 r-xp 00000000 08:01 23601225                   /usr/lib/x86_64-linux-gnu/libstdc++.so.6.0.25
7f3cf6301000-7f3cf6501000 ---p 00179000 08:01 23601225                   /usr/lib/x86_64-linux-gnu/libstdc++.so.6.0.25
7f3cf6501000-7f3cf650b000 r--p 00179000 08:01 23601225                   /usr/lib/x86_64-linux-gnu/libstdc++.so.6.0.25
7f3cf650b000-7f3cf650d000 rw-p 00183000 08:01 23601225                   /usr/lib/x86_64-linux-gnu/libstdc++.so.6.0.25
7f3cf650d000-7f3cf6511000 rw-p 00000000 00:00 0 
7f3cf6511000-7f3cf74ae000 r-xp 00000000 08:01 23598523                   /usr/lib/jvm/java-11-openjdk-amd64/lib/server/libjvm.so
7f3cf74ae000-7f3cf76ae000 ---p 00f9d000 08:01 23598523                   /usr/lib/jvm/java-11-openjdk-amd64/lib/server/libjvm.so
7f3cf76ae000-7f3cf7772000 r--p 00f9d000 08:01 23598523                   /usr/lib/jvm/java-11-openjdk-amd64/lib/server/libjvm.so
7f3cf7772000-7f3cf77aa000 rw-p 01061000 08:01 23598523                   /usr/lib/jvm/java-11-openjdk-amd64/lib/server/libjvm.so
7f3cf77aa000-7f3cf77f3000 rw-p 00000000 00:00 0 
7f3cf77f3000-7f3cf780d000 r-xp 00000000 08:01 14684887                   /lib/x86_64-linux-gnu/libpthread-2.27.so
7f3cf780d000-7f3cf7a0c000 ---p 0001a000 08:01 14684887                   /lib/x86_64-linux-gnu/libpthread-2.27.so
7f3cf7a0c000-7f3cf7a0d000 r--p 00019000 08:01 14684887                   /lib/x86_64-linux-gnu/libpthread-2.27.so
7f3cf7a0d000-7f3cf7a0e000 rw-p 0001a000 08:01 14684887                   /lib/x86_64-linux-gnu/libpthread-2.27.so
7f3cf7a0e000-7f3cf7a12000 rw-p 00000000 00:00 0 
7f3cf7a12000-7f3cf7a15000 r-xp 00000000 08:01 14684777                   /lib/x86_64-linux-gnu/libdl-2.27.so
7f3cf7a15000-7f3cf7c14000 ---p 00003000 08:01 14684777                   /lib/x86_64-linux-gnu/libdl-2.27.so
7f3cf7c14000-7f3cf7c15000 r--p 00002000 08:01 14684777                   /lib/x86_64-linux-gnu/libdl-2.27.so
7f3cf7c15000-7f3cf7c16000 rw-p 00003000 08:01 14684777                   /lib/x86_64-linux-gnu/libdl-2.27.so
7f3cf7c16000-7f3cf7c32000 r-xp 00000000 08:01 14684928                   /lib/x86_64-linux-gnu/libz.so.1.2.11
7f3cf7c32000-7f3cf7e31000 ---p 0001c000 08:01 14684928                   /lib/x86_64-linux-gnu/libz.so.1.2.11
7f3cf7e31000-7f3cf7e32000 r--p 0001b000 08:01 14684928                   /lib/x86_64-linux-gnu/libz.so.1.2.11
7f3cf7e32000-7f3cf7e33000 rw-p 0001c000 08:01 14684928                   /lib/x86_64-linux-gnu/libz.so.1.2.11
7f3cf7e33000-7f3cf801a000 r-xp 00000000 08:01 14684754                   /lib/x86_64-linux-gnu/libc-2.27.so
7f3cf801a000-7f3cf821a000 ---p 001e7000 08:01 14684754                   /lib/x86_64-linux-gnu/libc-2.27.so
7f3cf821a000-7f3cf821e000 r--p 001e7000 08:01 14684754                   /lib/x86_64-linux-gnu/libc-2.27.so
7f3cf821e000-7f3cf8220000 rw-p 001eb000 08:01 14684754                   /lib/x86_64-linux-gnu/libc-2.27.so
7f3cf8220000-7f3cf8224000 rw-p 00000000 00:00 0 
7f3cf8224000-7f3cf8233000 r-xp 00000000 08:01 23598516                   /usr/lib/jvm/java-11-openjdk-amd64/lib/jli/libjli.so
7f3cf8233000-7f3cf8432000 ---p 0000f000 08:01 23598516                   /usr/lib/jvm/java-11-openjdk-amd64/lib/jli/libjli.so
7f3cf8432000-7f3cf8433000 r--p 0000e000 08:01 23598516                   /usr/lib/jvm/java-11-openjdk-amd64/lib/jli/libjli.so
7f3cf8433000-7f3cf8434000 rw-p 0000f000 08:01 23598516                   /usr/lib/jvm/java-11-openjdk-amd64/lib/jli/libjli.so
7f3cf8434000-7f3cf845b000 r-xp 00000000 08:01 14684726                   /lib/x86_64-linux-gnu/ld-2.27.so
7f3cf8480000-7f3cf853e000 rw-p 00000000 00:00 0 
7f3cf853e000-7f3cf8542000 ---p 00000000 00:00 0 
7f3cf8542000-7f3cf8648000 rw-p 00000000 00:00 0 
7f3cf8648000-7f3cf864f000 ---p 00000000 00:00 0 
7f3cf864f000-7f3cf8657000 rw-s 00000000 08:01 28966951                   /tmp/hsperfdata_pc/3021
7f3cf8657000-7f3cf8658000 ---p 00000000 00:00 0 
7f3cf8658000-7f3cf8659000 r--p 00000000 00:00 0 
7f3cf8659000-7f3cf865b000 rw-p 00000000 00:00 0 
7f3cf865b000-7f3cf865c000 r--p 00027000 08:01 14684726                   /lib/x86_64-linux-gnu/ld-2.27.so
7f3cf865c000-7f3cf865d000 rw-p 00028000 08:01 14684726                   /lib/x86_64-linux-gnu/ld-2.27.so
7f3cf865d000-7f3cf865e000 rw-p 00000000 00:00 0 
7ffe392c8000-7ffe392e9000 rw-p 00000000 00:00 0                          [stack]
7ffe393d5000-7ffe393d8000 r--p 00000000 00:00 0                          [vvar]
7ffe393d8000-7ffe393da000 r-xp 00000000 00:00 0                          [vdso]
ffffffffff600000-ffffffffff601000 r-xp 00000000 00:00 0                  [vsyscall]


VM Arguments:
jvm_args: -Djava.library.path=/home/pc/Downloads/webots/lib/java 
java_command: SensorController
java_class_path (initial): /home/pc/Downloads/webots/lib/java/Controller.jar:/home/pc/Dokumente/my_project/controllers/SensorController/
Launcher Type: SUN_STANDARD

Logging:
Log output configuration:
#0: stdout all=warning uptime,level,tags
#1: stderr all=off uptime,level,tags

Environment Variables:
PATH=/usr/local/sbin:/usr/local/bin:/usr/sbin:/usr/bin:/sbin:/bin:/usr/games:/usr/local/games
LD_LIBRARY_PATH=/home/pc/Downloads/webots/projects/default/libraries/vehicle:/home/pc/Downloads/webots/projects/default/libraries/ros:/home/pc/Downloads/webots/resources/projects/libraries/qt_utils:/home/pc/Dokumente/my_project/controllers/SensorController/:/home/pc/Downloads/webots/lib/:/tmp/webots-1607/lib:
SHELL=/bin/bash
DISPLAY=:0

Signal Handlers:
SIGSEGV: [libjvm.so+0xd28b70], sa_mask[0]=11111111011111111101111111111110, sa_flags=SA_RESTART|SA_SIGINFO
SIGBUS: [libjvm.so+0xd28b70], sa_mask[0]=11111111011111111101111111111110, sa_flags=SA_RESTART|SA_SIGINFO
SIGFPE: [libjvm.so+0xd28b70], sa_mask[0]=11111111011111111101111111111110, sa_flags=SA_RESTART|SA_SIGINFO
SIGPIPE: [libjvm.so+0xb2a1f0], sa_mask[0]=11111111011111111101111111111110, sa_flags=SA_RESTART|SA_SIGINFO
SIGXFSZ: [libjvm.so+0xb2a1f0], sa_mask[0]=11111111011111111101111111111110, sa_flags=SA_RESTART|SA_SIGINFO
SIGILL: [libjvm.so+0xd28b70], sa_mask[0]=11111111011111111101111111111110, sa_flags=SA_RESTART|SA_SIGINFO
SIGUSR2: [libjvm.so+0xb2a030], sa_mask[0]=00000000000000000000000000000000, sa_flags=SA_RESTART|SA_SIGINFO
SIGHUP: [libjvm.so+0xb2a180], sa_mask[0]=11111111011111111101111111111110, sa_flags=SA_RESTART|SA_SIGINFO
SIGINT: [libjvm.so+0xb2a180], sa_mask[0]=11111111011111111101111111111110, sa_flags=SA_RESTART|SA_SIGINFO
SIGTERM: [libjvm.so+0xb2a180], sa_mask[0]=11111111011111111101111111111110, sa_flags=SA_RESTART|SA_SIGINFO
SIGQUIT: [libjvm.so+0xb2a180], sa_mask[0]=11111111011111111101111111111110, sa_flags=SA_RESTART|SA_SIGINFO


---------------  S Y S T E M  ---------------

OS:DISTRIB_ID=LinuxMint
DISTRIB_RELEASE=19.1
DISTRIB_CODENAME=tessa
DISTRIB_DESCRIPTION="Linux Mint 19.1 Tessa"
uname:Linux 4.15.0-20-generic #21-Ubuntu SMP Tue Apr 24 06:16:15 UTC 2018 x86_64
libc:glibc 2.27 NPTL 2.27 
rlimit: STACK 8192k, CORE 0k, NPROC 31207, NOFILE 4096, AS infinity, DATA infinity, FSIZE infinity
load average:2.03 1.38 1.24

/proc/meminfo:
MemTotal:        8051996 kB
MemFree:         2026816 kB
MemAvailable:    2763556 kB
Buffers:          101104 kB
Cached:          4219304 kB
SwapCached:            0 kB
Active:          1823344 kB
Inactive:        3956984 kB
Active(anon):    1460864 kB
Inactive(anon):  3404852 kB
Active(file):     362480 kB
Inactive(file):   552132 kB
Unevictable:          32 kB
Mlocked:              32 kB
SwapTotal:       2097148 kB
SwapFree:        2097148 kB
Dirty:               228 kB
Writeback:             0 kB
AnonPages:       1459980 kB
Mapped:          1599032 kB
Shmem:           3405800 kB
Slab:             131364 kB
SReclaimable:      82944 kB
SUnreclaim:        48420 kB
KernelStack:       12916 kB
PageTables:        45552 kB
NFS_Unstable:          0 kB
Bounce:                0 kB
WritebackTmp:          0 kB
CommitLimit:     6123144 kB
Committed_AS:    9746936 kB
VmallocTotal:   34359738367 kB
VmallocUsed:           0 kB
VmallocChunk:          0 kB
HardwareCorrupted:     0 kB
AnonHugePages:         0 kB
ShmemHugePages:        0 kB
ShmemPmdMapped:        0 kB
CmaTotal:              0 kB
CmaFree:               0 kB
HugePages_Total:       0
HugePages_Free:        0
HugePages_Rsvd:        0
HugePages_Surp:        0
Hugepagesize:       2048 kB
DirectMap4k:      152512 kB
DirectMap2M:     8120320 kB

container (cgroup) information:
container_type: cgroupv1
cpu_cpuset_cpus: 0-7
cpu_memory_nodes: 0
active_processor_count: 8
cpu_quota: -1
cpu_period: 100000
cpu_shares: -1
memory_limit_in_bytes: -1
memory_and_swap_limit_in_bytes: -2
memory_soft_limit_in_bytes: -1
memory_usage_in_bytes: 5920243712
memory_max_usage_in_bytes: 0


CPU:total 8 (initial active 8) (4 cores per cpu, 2 threads per core) family 6 model 58 stepping 9, cmov, cx8, fxsr, mmx, sse, sse2, sse3, ssse3, sse4.1, sse4.2, popcnt, avx, aes, clmul, erms, ht, tsc, tscinvbit, tscinv
CPU Model and flags from /proc/cpuinfo:
model name	: Intel(R) Core(TM) i7-3770 CPU @ 3.40GHz
flags		: fpu vme de pse tsc msr pae mce cx8 apic sep mtrr pge mca cmov pat pse36 clflush dts acpi mmx fxsr sse sse2 ss ht tm pbe syscall nx rdtscp lm constant_tsc arch_perfmon pebs bts rep_good nopl xtopology nonstop_tsc cpuid aperfmperf pni pclmulqdq dtes64 monitor ds_cpl vmx smx est tm2 ssse3 cx16 xtpr pdcm pcid sse4_1 sse4_2 x2apic popcnt tsc_deadline_timer aes xsave avx f16c rdrand lahf_lm cpuid_fault epb pti tpr_shadow vnmi flexpriority ept vpid fsgsbase smep erms xsaveopt dtherm ida arat pln pts

Memory: 4k page, physical 8051996k(2026816k free), swap 2097148k(2097148k free)

vm_info: OpenJDK 64-Bit Server VM (10.0.2+13-Ubuntu-1ubuntu0.18.04.4) for linux-amd64 JRE (10.0.2+13-Ubuntu-1ubuntu0.18.04.4), built on Nov 13 2018 12:53:39 by "buildd" with gcc 7.3.0

END.
