#
# A fatal error has been detected by the Java Runtime Environment:
#
#  SIGSEGV (0xb) at pc=0x00007fdb89debb32, pid=3590, tid=3591
#
# JRE version: OpenJDK Runtime Environment (10.0.2+13) (build 10.0.2+13-Ubuntu-1ubuntu0.18.04.4)
# Java VM: OpenJDK 64-Bit Server VM (10.0.2+13-Ubuntu-1ubuntu0.18.04.4, mixed mode, tiered, compressed oops, g1 gc, linux-amd64)
# Problematic frame:
# C  [libController.so+0x1bb32]  wbu_motion_new+0x5d2
#
# Core dump will be written. Default location: Core dumps may be processed with "/usr/share/apport/apport %p %s %c %d %P" (or dumping to /home/pc/Dokumente/my_project/controllers/SensorController/core.3590)
#
# If you would like to submit a bug report, please visit:
#   http://bugreport.java.com/bugreport/crash.jsp
# The crash happened outside the Java Virtual Machine in native code.
# See problematic frame for where to report the bug.
#

---------------  S U M M A R Y ------------

Command Line: -Djava.library.path=/home/pc/Downloads/webots/lib/java SensorController

Host: Intel(R) Core(TM) i7-3770 CPU @ 3.40GHz, 8 cores, 7G, Linux Mint 19.1 Tessa
Time: Tue Jun 18 11:47:35 2019 CEST elapsed time: 0 seconds (0d 0h 0m 0s)

---------------  T H R E A D  ---------------

Current thread (0x00007fdbf8012000):  JavaThread "main" [_thread_in_native, id=3591, stack(0x00007fdc011a3000,0x00007fdc012a4000)]

Stack: [0x00007fdc011a3000,0x00007fdc012a4000],  sp=0x00007fdc012a16f0,  free space=1017k
Native frames: (J=compiled Java code, A=aot compiled Java code, j=interpreted, Vv=VM code, C=native code)
C  [libController.so+0x1bb32]  wbu_motion_new+0x5d2
C  [libCppController.so+0x28c7a]  webots::Motion::Motion(std::__cxx11::basic_string<char, std::char_traits<char>, std::allocator<char> > const&)+0x36
C  [libJavaController.so+0x27c5d]  Java_com_cyberbotics_webots_controller_wrapperJNI_new_1Motion+0x10a
j  com.cyberbotics.webots.controller.wrapperJNI.new_Motion(Ljava/lang/String;)J+0
j  com.cyberbotics.webots.controller.Motion.<init>(Ljava/lang/String;)V+2
j  SensorController.loadMotionFiles()V+180
j  SensorController.main([Ljava/lang/String;)V+22
v  ~StubRoutines::call_stub
V  [libjvm.so+0x83d38f]
V  [libjvm.so+0x85c3cd]
V  [libjvm.so+0x85e60e]
C  [libjli.so+0x4aa0]
C  [libjli.so+0x89dd]
C  [libpthread.so.0+0x76db]  start_thread+0xdb

Java frames: (J=compiled Java code, j=interpreted, Vv=VM code)
j  com.cyberbotics.webots.controller.wrapperJNI.new_Motion(Ljava/lang/String;)J+0
j  com.cyberbotics.webots.controller.Motion.<init>(Ljava/lang/String;)V+2
j  SensorController.loadMotionFiles()V+180
j  SensorController.main([Ljava/lang/String;)V+22
v  ~StubRoutines::call_stub

siginfo: si_signo: 11 (SIGSEGV), si_code: 1 (SEGV_MAPERR), si_addr: 0x0000000000000000

Register to memory mapping:

RAX=0x0000000000000000 is an unknown value
RBX=0x00007fdbf8253670 is an unknown value
RCX=0x0000000000000000 is an unknown value
RDX=0x00007fdc00e85a68: <offset 0x00000000003eda68> in /lib/x86_64-linux-gnu/libc.so.6 at 0x00007fdc00a98000
RSP=0x00007fdc012a16f0 is pointing into the stack for thread: 0x00007fdbf8012000
RBP=0x00007fdc012a2770 is pointing into the stack for thread: 0x00007fdbf8012000
RSI=0x00007fdb89e08fc3: <offset 0x0000000000038fc3> in /home/pc/Downloads/webots/lib/libController.so at 0x00007fdb89dd0000
RDI=0x0000000000000000 is an unknown value
R8 =0x0000000000000001 is an unknown value
R9 =0x0000000000000000 is an unknown value
R10=0x0000000000000000 is an unknown value
R11=0x00007fdb89e08fde: <offset 0x0000000000038fde> in /home/pc/Downloads/webots/lib/libController.so at 0x00007fdb89dd0000
R12=0x0000000000000000 is an unknown value
R13=0x0000000000000000 is an unknown value
R14=0x0000000000000048 is an unknown value
R15=0x0000000000000009 is an unknown value


Registers:
RAX=0x0000000000000000, RBX=0x00007fdbf8253670, RCX=0x0000000000000000, RDX=0x00007fdc00e85a68
RSP=0x00007fdc012a16f0, RBP=0x00007fdc012a2770, RSI=0x00007fdb89e08fc3, RDI=0x0000000000000000
R8 =0x0000000000000001, R9 =0x0000000000000000, R10=0x0000000000000000, R11=0x00007fdb89e08fde
R12=0x0000000000000000, R13=0x0000000000000000, R14=0x0000000000000048, R15=0x0000000000000009
RIP=0x00007fdb89debb32, EFLAGS=0x0000000000010246, CSGSFS=0x002b000000000033, ERR=0x0000000000000004
  TRAPNO=0x000000000000000e

Top of Stack: (sp=0x00007fdc012a16f0)
0x00007fdc012a16f0:   30303a30303a3030 003165736f500030
0x00007fdc012a1700:   0032353536352e31 33333333332e302d
0x00007fdc012a1710:   2e31003000300038 2e30003739373035
0x00007fdc012a1720:   2d00363335323334 2d00383338302e30 

Instructions: (pc=0x00007fdb89debb32)
0x00007fdb89debb12:   08 4a 03 0c 22 48 89 ca e8 f1 21 ff ff 44 3b 3b
0x00007fdb89debb22:   7d 3c 48 8d 35 98 d4 01 00 31 ff e8 5e 26 ff ff
0x00007fdb89debb32:   80 38 2a 75 c1 80 78 01 00 75 bb 48 8b 43 30 f2
0x00007fdb89debb42:   0f 10 05 07 db 01 00 41 83 c7 01 4a 8b 04 20 f2 


---------------  P R O C E S S  ---------------

Threads class SMR info:
_java_thread_list=0x00007fdbf81fcce0, length=11, elements={
0x00007fdbf8012000, 0x00007fdbf8142800, 0x00007fdbf8144800, 0x00007fdbf814e000,
0x00007fdbf8158800, 0x00007fdbf815a800, 0x00007fdbf815c800, 0x00007fdbf815e800,
0x00007fdbf8160800, 0x00007fdbf81e5000, 0x00007fdbf81fd800
}

Java Threads: ( => current thread )
=>0x00007fdbf8012000 JavaThread "main" [_thread_in_native, id=3591, stack(0x00007fdc011a3000,0x00007fdc012a4000)]
  0x00007fdbf8142800 JavaThread "Reference Handler" daemon [_thread_blocked, id=3613, stack(0x00007fdb8b5fd000,0x00007fdb8b6fe000)]
  0x00007fdbf8144800 JavaThread "Finalizer" daemon [_thread_blocked, id=3614, stack(0x00007fdb8b4fc000,0x00007fdb8b5fd000)]
  0x00007fdbf814e000 JavaThread "Signal Dispatcher" daemon [_thread_blocked, id=3615, stack(0x00007fdb8b0cb000,0x00007fdb8b1cc000)]
  0x00007fdbf8158800 JavaThread "C2 CompilerThread0" daemon [_thread_blocked, id=3616, stack(0x00007fdb8afca000,0x00007fdb8b0cb000)]
  0x00007fdbf815a800 JavaThread "C2 CompilerThread1" daemon [_thread_blocked, id=3617, stack(0x00007fdb8aec9000,0x00007fdb8afca000)]
  0x00007fdbf815c800 JavaThread "C2 CompilerThread2" daemon [_thread_blocked, id=3618, stack(0x00007fdb8adc8000,0x00007fdb8aec9000)]
  0x00007fdbf815e800 JavaThread "C1 CompilerThread3" daemon [_thread_blocked, id=3619, stack(0x00007fdb8acc7000,0x00007fdb8adc8000)]
  0x00007fdbf8160800 JavaThread "Sweeper thread" daemon [_thread_blocked, id=3620, stack(0x00007fdb8abc6000,0x00007fdb8acc7000)]
  0x00007fdbf81e5000 JavaThread "Service Thread" daemon [_thread_blocked, id=3621, stack(0x00007fdb8aac5000,0x00007fdb8abc6000)]
  0x00007fdbf81fd800 JavaThread "Common-Cleaner" daemon [_thread_blocked, id=3623, stack(0x00007fdb8a8c2000,0x00007fdb8a9c3000)]

Other Threads:
  0x00007fdbf8139000 VMThread "VM Thread" [stack: 0x00007fdb8b700000,0x00007fdb8b800000] [id=3612]
  0x00007fdbf81e7000 WatcherThread [stack: 0x00007fdb8a9c5000,0x00007fdb8aac5000] [id=3622]
  0x00007fdbf8028800 GCTaskThread "GC Thread#0" [stack: 0x00007fdbfd2cc000,0x00007fdbfd3cc000] [id=3592]
  0x00007fdbf802a000 GCTaskThread "GC Thread#1" [stack: 0x00007fdbfd1ca000,0x00007fdbfd2ca000] [id=3593]
  0x00007fdbf802c000 GCTaskThread "GC Thread#2" [stack: 0x00007fdbfd0c8000,0x00007fdbfd1c8000] [id=3594]
  0x00007fdbf802d800 GCTaskThread "GC Thread#3" [stack: 0x00007fdbfcfc6000,0x00007fdbfd0c6000] [id=3595]
  0x00007fdbf802f000 GCTaskThread "GC Thread#4" [stack: 0x00007fdbfcec4000,0x00007fdbfcfc4000] [id=3596]
  0x00007fdbf8031000 GCTaskThread "GC Thread#5" [stack: 0x00007fdbfcdc2000,0x00007fdbfcec2000] [id=3597]
  0x00007fdbf8032800 GCTaskThread "GC Thread#6" [stack: 0x00007fdbfccc0000,0x00007fdbfcdc0000] [id=3598]
  0x00007fdbf8034800 GCTaskThread "GC Thread#7" [stack: 0x00007fdbfcbbe000,0x00007fdbfccbe000] [id=3599]
  0x00007fdbf805d800 ConcurrentGCThread "G1 Main Marker" [stack: 0x00007fdbfc2b4000,0x00007fdbfc3b4000] [id=3600]
  0x00007fdbf805f800 ConcurrentGCThread "G1 Conc#0" [stack: 0x00007fdbfc1b2000,0x00007fdbfc2b2000] [id=3601]
  0x00007fdbf8061000 ConcurrentGCThread "G1 Conc#1" [stack: 0x00007fdbfc0b0000,0x00007fdbfc1b0000] [id=3602]
  0x00007fdbf80c9800 ConcurrentGCThread "G1 Refine#0" [stack: 0x00007fdbdc7e0000,0x00007fdbdc8e0000] [id=3603]
  0x00007fdbf80cb800 ConcurrentGCThread "G1 Refine#1" [stack: 0x00007fdbdc6de000,0x00007fdbdc7de000] [id=3604]
  0x00007fdbf80cd000 ConcurrentGCThread "G1 Refine#2" [stack: 0x00007fdbdc5dc000,0x00007fdbdc6dc000] [id=3605]
  0x00007fdbf80cf000 ConcurrentGCThread "G1 Refine#3" [stack: 0x00007fdbdc4da000,0x00007fdbdc5da000] [id=3606]
  0x00007fdbf80d0800 ConcurrentGCThread "G1 Refine#4" [stack: 0x00007fdbdc3d8000,0x00007fdbdc4d8000] [id=3607]
  0x00007fdbf80d2800 ConcurrentGCThread "G1 Refine#5" [stack: 0x00007fdbdc2d6000,0x00007fdbdc3d6000] [id=3608]
  0x00007fdbf80d4000 ConcurrentGCThread "G1 Refine#6" [stack: 0x00007fdbdc1d4000,0x00007fdbdc2d4000] [id=3609]
  0x00007fdbf80d6000 ConcurrentGCThread "G1 Refine#7" [stack: 0x00007fdbdc0d2000,0x00007fdbdc1d2000] [id=3610]
  0x00007fdbf80d7800 ConcurrentGCThread "G1 Young RemSet Sampling" [stack: 0x00007fdbbc048000,0x00007fdbbc148000] [id=3611]

Threads with active compile tasks:

VM state:not at safepoint (normal execution)

VM Mutex/Monitor currently owned by a thread: None

Heap address: 0x0000000085200000, size: 1966 MB, Compressed Oops mode: 32-bit
Narrow klass base: 0x0000000000000000, Narrow klass shift: 3
Compressed class space size: 1073741824 Address: 0x0000000100000000

Heap:
 garbage-first heap   total 126976K, used 1024K [0x0000000085200000, 0x0000000100000000)
  region size 1024K, 2 young (2048K), 0 survivors (0K)
 Metaspace       used 4857K, capacity 4990K, committed 5120K, reserved 1056768K
  class space    used 398K, capacity 430K, committed 512K, reserved 1048576K
Heap Regions: E=young(eden), S=young(survivor), O=old, HS=humongous(starts), HC=humongous(continues), CS=collection set, F=free, A=archive, TS=gc time stamp, AC=allocation context, TAMS=top-at-mark-start (previous, next)
|   0|0x0000000085200000, 0x0000000085200000, 0x0000000085300000|  0%| F|  |TS  0|AC  0|TAMS 0x0000000085200000, 0x0000000085200000|
|   1|0x0000000085300000, 0x0000000085300000, 0x0000000085400000|  0%| F|  |TS  0|AC  0|TAMS 0x0000000085300000, 0x0000000085300000|
|   2|0x0000000085400000, 0x0000000085400000, 0x0000000085500000|  0%| F|  |TS  0|AC  0|TAMS 0x0000000085400000, 0x0000000085400000|
|   3|0x0000000085500000, 0x0000000085500000, 0x0000000085600000|  0%| F|  |TS  0|AC  0|TAMS 0x0000000085500000, 0x0000000085500000|
|   4|0x0000000085600000, 0x0000000085600000, 0x0000000085700000|  0%| F|  |TS  0|AC  0|TAMS 0x0000000085600000, 0x0000000085600000|
|   5|0x0000000085700000, 0x0000000085700000, 0x0000000085800000|  0%| F|  |TS  0|AC  0|TAMS 0x0000000085700000, 0x0000000085700000|
|   6|0x0000000085800000, 0x0000000085800000, 0x0000000085900000|  0%| F|  |TS  0|AC  0|TAMS 0x0000000085800000, 0x0000000085800000|
|   7|0x0000000085900000, 0x0000000085900000, 0x0000000085a00000|  0%| F|  |TS  0|AC  0|TAMS 0x0000000085900000, 0x0000000085900000|
|   8|0x0000000085a00000, 0x0000000085a00000, 0x0000000085b00000|  0%| F|  |TS  0|AC  0|TAMS 0x0000000085a00000, 0x0000000085a00000|
|   9|0x0000000085b00000, 0x0000000085b00000, 0x0000000085c00000|  0%| F|  |TS  0|AC  0|TAMS 0x0000000085b00000, 0x0000000085b00000|
|  10|0x0000000085c00000, 0x0000000085c00000, 0x0000000085d00000|  0%| F|  |TS  0|AC  0|TAMS 0x0000000085c00000, 0x0000000085c00000|
|  11|0x0000000085d00000, 0x0000000085d00000, 0x0000000085e00000|  0%| F|  |TS  0|AC  0|TAMS 0x0000000085d00000, 0x0000000085d00000|
|  12|0x0000000085e00000, 0x0000000085e00000, 0x0000000085f00000|  0%| F|  |TS  0|AC  0|TAMS 0x0000000085e00000, 0x0000000085e00000|
|  13|0x0000000085f00000, 0x0000000085f00000, 0x0000000086000000|  0%| F|  |TS  0|AC  0|TAMS 0x0000000085f00000, 0x0000000085f00000|
|  14|0x0000000086000000, 0x0000000086000000, 0x0000000086100000|  0%| F|  |TS  0|AC  0|TAMS 0x0000000086000000, 0x0000000086000000|
|  15|0x0000000086100000, 0x0000000086100000, 0x0000000086200000|  0%| F|  |TS  0|AC  0|TAMS 0x0000000086100000, 0x0000000086100000|
|  16|0x0000000086200000, 0x0000000086200000, 0x0000000086300000|  0%| F|  |TS  0|AC  0|TAMS 0x0000000086200000, 0x0000000086200000|
|  17|0x0000000086300000, 0x0000000086300000, 0x0000000086400000|  0%| F|  |TS  0|AC  0|TAMS 0x0000000086300000, 0x0000000086300000|
|  18|0x0000000086400000, 0x0000000086400000, 0x0000000086500000|  0%| F|  |TS  0|AC  0|TAMS 0x0000000086400000, 0x0000000086400000|
|  19|0x0000000086500000, 0x0000000086500000, 0x0000000086600000|  0%| F|  |TS  0|AC  0|TAMS 0x0000000086500000, 0x0000000086500000|
|  20|0x0000000086600000, 0x0000000086600000, 0x0000000086700000|  0%| F|  |TS  0|AC  0|TAMS 0x0000000086600000, 0x0000000086600000|
|  21|0x0000000086700000, 0x0000000086700000, 0x0000000086800000|  0%| F|  |TS  0|AC  0|TAMS 0x0000000086700000, 0x0000000086700000|
|  22|0x0000000086800000, 0x0000000086800000, 0x0000000086900000|  0%| F|  |TS  0|AC  0|TAMS 0x0000000086800000, 0x0000000086800000|
|  23|0x0000000086900000, 0x0000000086900000, 0x0000000086a00000|  0%| F|  |TS  0|AC  0|TAMS 0x0000000086900000, 0x0000000086900000|
|  24|0x0000000086a00000, 0x0000000086a00000, 0x0000000086b00000|  0%| F|  |TS  0|AC  0|TAMS 0x0000000086a00000, 0x0000000086a00000|
|  25|0x0000000086b00000, 0x0000000086b00000, 0x0000000086c00000|  0%| F|  |TS  0|AC  0|TAMS 0x0000000086b00000, 0x0000000086b00000|
|  26|0x0000000086c00000, 0x0000000086c00000, 0x0000000086d00000|  0%| F|  |TS  0|AC  0|TAMS 0x0000000086c00000, 0x0000000086c00000|
|  27|0x0000000086d00000, 0x0000000086d00000, 0x0000000086e00000|  0%| F|  |TS  0|AC  0|TAMS 0x0000000086d00000, 0x0000000086d00000|
|  28|0x0000000086e00000, 0x0000000086e00000, 0x0000000086f00000|  0%| F|  |TS  0|AC  0|TAMS 0x0000000086e00000, 0x0000000086e00000|
|  29|0x0000000086f00000, 0x0000000086f00000, 0x0000000087000000|  0%| F|  |TS  0|AC  0|TAMS 0x0000000086f00000, 0x0000000086f00000|
|  30|0x0000000087000000, 0x0000000087000000, 0x0000000087100000|  0%| F|  |TS  0|AC  0|TAMS 0x0000000087000000, 0x0000000087000000|
|  31|0x0000000087100000, 0x0000000087100000, 0x0000000087200000|  0%| F|  |TS  0|AC  0|TAMS 0x0000000087100000, 0x0000000087100000|
|  32|0x0000000087200000, 0x0000000087200000, 0x0000000087300000|  0%| F|  |TS  0|AC  0|TAMS 0x0000000087200000, 0x0000000087200000|
|  33|0x0000000087300000, 0x0000000087300000, 0x0000000087400000|  0%| F|  |TS  0|AC  0|TAMS 0x0000000087300000, 0x0000000087300000|
|  34|0x0000000087400000, 0x0000000087400000, 0x0000000087500000|  0%| F|  |TS  0|AC  0|TAMS 0x0000000087400000, 0x0000000087400000|
|  35|0x0000000087500000, 0x0000000087500000, 0x0000000087600000|  0%| F|  |TS  0|AC  0|TAMS 0x0000000087500000, 0x0000000087500000|
|  36|0x0000000087600000, 0x0000000087600000, 0x0000000087700000|  0%| F|  |TS  0|AC  0|TAMS 0x0000000087600000, 0x0000000087600000|
|  37|0x0000000087700000, 0x0000000087700000, 0x0000000087800000|  0%| F|  |TS  0|AC  0|TAMS 0x0000000087700000, 0x0000000087700000|
|  38|0x0000000087800000, 0x0000000087800000, 0x0000000087900000|  0%| F|  |TS  0|AC  0|TAMS 0x0000000087800000, 0x0000000087800000|
|  39|0x0000000087900000, 0x0000000087900000, 0x0000000087a00000|  0%| F|  |TS  0|AC  0|TAMS 0x0000000087900000, 0x0000000087900000|
|  40|0x0000000087a00000, 0x0000000087a00000, 0x0000000087b00000|  0%| F|  |TS  0|AC  0|TAMS 0x0000000087a00000, 0x0000000087a00000|
|  41|0x0000000087b00000, 0x0000000087b00000, 0x0000000087c00000|  0%| F|  |TS  0|AC  0|TAMS 0x0000000087b00000, 0x0000000087b00000|
|  42|0x0000000087c00000, 0x0000000087c00000, 0x0000000087d00000|  0%| F|  |TS  0|AC  0|TAMS 0x0000000087c00000, 0x0000000087c00000|
|  43|0x0000000087d00000, 0x0000000087d00000, 0x0000000087e00000|  0%| F|  |TS  0|AC  0|TAMS 0x0000000087d00000, 0x0000000087d00000|
|  44|0x0000000087e00000, 0x0000000087e00000, 0x0000000087f00000|  0%| F|  |TS  0|AC  0|TAMS 0x0000000087e00000, 0x0000000087e00000|
|  45|0x0000000087f00000, 0x0000000087f00000, 0x0000000088000000|  0%| F|  |TS  0|AC  0|TAMS 0x0000000087f00000, 0x0000000087f00000|
|  46|0x0000000088000000, 0x0000000088000000, 0x0000000088100000|  0%| F|  |TS  0|AC  0|TAMS 0x0000000088000000, 0x0000000088000000|
|  47|0x0000000088100000, 0x0000000088100000, 0x0000000088200000|  0%| F|  |TS  0|AC  0|TAMS 0x0000000088100000, 0x0000000088100000|
|  48|0x0000000088200000, 0x0000000088200000, 0x0000000088300000|  0%| F|  |TS  0|AC  0|TAMS 0x0000000088200000, 0x0000000088200000|
|  49|0x0000000088300000, 0x0000000088300000, 0x0000000088400000|  0%| F|  |TS  0|AC  0|TAMS 0x0000000088300000, 0x0000000088300000|
|  50|0x0000000088400000, 0x0000000088400000, 0x0000000088500000|  0%| F|  |TS  0|AC  0|TAMS 0x0000000088400000, 0x0000000088400000|
|  51|0x0000000088500000, 0x0000000088500000, 0x0000000088600000|  0%| F|  |TS  0|AC  0|TAMS 0x0000000088500000, 0x0000000088500000|
|  52|0x0000000088600000, 0x0000000088600000, 0x0000000088700000|  0%| F|  |TS  0|AC  0|TAMS 0x0000000088600000, 0x0000000088600000|
|  53|0x0000000088700000, 0x0000000088700000, 0x0000000088800000|  0%| F|  |TS  0|AC  0|TAMS 0x0000000088700000, 0x0000000088700000|
|  54|0x0000000088800000, 0x0000000088800000, 0x0000000088900000|  0%| F|  |TS  0|AC  0|TAMS 0x0000000088800000, 0x0000000088800000|
|  55|0x0000000088900000, 0x0000000088900000, 0x0000000088a00000|  0%| F|  |TS  0|AC  0|TAMS 0x0000000088900000, 0x0000000088900000|
|  56|0x0000000088a00000, 0x0000000088a00000, 0x0000000088b00000|  0%| F|  |TS  0|AC  0|TAMS 0x0000000088a00000, 0x0000000088a00000|
|  57|0x0000000088b00000, 0x0000000088b00000, 0x0000000088c00000|  0%| F|  |TS  0|AC  0|TAMS 0x0000000088b00000, 0x0000000088b00000|
|  58|0x0000000088c00000, 0x0000000088c00000, 0x0000000088d00000|  0%| F|  |TS  0|AC  0|TAMS 0x0000000088c00000, 0x0000000088c00000|
|  59|0x0000000088d00000, 0x0000000088d00000, 0x0000000088e00000|  0%| F|  |TS  0|AC  0|TAMS 0x0000000088d00000, 0x0000000088d00000|
|  60|0x0000000088e00000, 0x0000000088e00000, 0x0000000088f00000|  0%| F|  |TS  0|AC  0|TAMS 0x0000000088e00000, 0x0000000088e00000|
|  61|0x0000000088f00000, 0x0000000088f00000, 0x0000000089000000|  0%| F|  |TS  0|AC  0|TAMS 0x0000000088f00000, 0x0000000088f00000|
|  62|0x0000000089000000, 0x0000000089000000, 0x0000000089100000|  0%| F|  |TS  0|AC  0|TAMS 0x0000000089000000, 0x0000000089000000|
|  63|0x0000000089100000, 0x0000000089100000, 0x0000000089200000|  0%| F|  |TS  0|AC  0|TAMS 0x0000000089100000, 0x0000000089100000|
|  64|0x0000000089200000, 0x0000000089200000, 0x0000000089300000|  0%| F|  |TS  0|AC  0|TAMS 0x0000000089200000, 0x0000000089200000|
|  65|0x0000000089300000, 0x0000000089300000, 0x0000000089400000|  0%| F|  |TS  0|AC  0|TAMS 0x0000000089300000, 0x0000000089300000|
|  66|0x0000000089400000, 0x0000000089400000, 0x0000000089500000|  0%| F|  |TS  0|AC  0|TAMS 0x0000000089400000, 0x0000000089400000|
|  67|0x0000000089500000, 0x0000000089500000, 0x0000000089600000|  0%| F|  |TS  0|AC  0|TAMS 0x0000000089500000, 0x0000000089500000|
|  68|0x0000000089600000, 0x0000000089600000, 0x0000000089700000|  0%| F|  |TS  0|AC  0|TAMS 0x0000000089600000, 0x0000000089600000|
|  69|0x0000000089700000, 0x0000000089700000, 0x0000000089800000|  0%| F|  |TS  0|AC  0|TAMS 0x0000000089700000, 0x0000000089700000|
|  70|0x0000000089800000, 0x0000000089800000, 0x0000000089900000|  0%| F|  |TS  0|AC  0|TAMS 0x0000000089800000, 0x0000000089800000|
|  71|0x0000000089900000, 0x0000000089900000, 0x0000000089a00000|  0%| F|  |TS  0|AC  0|TAMS 0x0000000089900000, 0x0000000089900000|
|  72|0x0000000089a00000, 0x0000000089a00000, 0x0000000089b00000|  0%| F|  |TS  0|AC  0|TAMS 0x0000000089a00000, 0x0000000089a00000|
|  73|0x0000000089b00000, 0x0000000089b00000, 0x0000000089c00000|  0%| F|  |TS  0|AC  0|TAMS 0x0000000089b00000, 0x0000000089b00000|
|  74|0x0000000089c00000, 0x0000000089c00000, 0x0000000089d00000|  0%| F|  |TS  0|AC  0|TAMS 0x0000000089c00000, 0x0000000089c00000|
|  75|0x0000000089d00000, 0x0000000089d00000, 0x0000000089e00000|  0%| F|  |TS  0|AC  0|TAMS 0x0000000089d00000, 0x0000000089d00000|
|  76|0x0000000089e00000, 0x0000000089e00000, 0x0000000089f00000|  0%| F|  |TS  0|AC  0|TAMS 0x0000000089e00000, 0x0000000089e00000|
|  77|0x0000000089f00000, 0x0000000089f00000, 0x000000008a000000|  0%| F|  |TS  0|AC  0|TAMS 0x0000000089f00000, 0x0000000089f00000|
|  78|0x000000008a000000, 0x000000008a000000, 0x000000008a100000|  0%| F|  |TS  0|AC  0|TAMS 0x000000008a000000, 0x000000008a000000|
|  79|0x000000008a100000, 0x000000008a100000, 0x000000008a200000|  0%| F|  |TS  0|AC  0|TAMS 0x000000008a100000, 0x000000008a100000|
|  80|0x000000008a200000, 0x000000008a200000, 0x000000008a300000|  0%| F|  |TS  0|AC  0|TAMS 0x000000008a200000, 0x000000008a200000|
|  81|0x000000008a300000, 0x000000008a300000, 0x000000008a400000|  0%| F|  |TS  0|AC  0|TAMS 0x000000008a300000, 0x000000008a300000|
|  82|0x000000008a400000, 0x000000008a400000, 0x000000008a500000|  0%| F|  |TS  0|AC  0|TAMS 0x000000008a400000, 0x000000008a400000|
|  83|0x000000008a500000, 0x000000008a500000, 0x000000008a600000|  0%| F|  |TS  0|AC  0|TAMS 0x000000008a500000, 0x000000008a500000|
|  84|0x000000008a600000, 0x000000008a600000, 0x000000008a700000|  0%| F|  |TS  0|AC  0|TAMS 0x000000008a600000, 0x000000008a600000|
|  85|0x000000008a700000, 0x000000008a700000, 0x000000008a800000|  0%| F|  |TS  0|AC  0|TAMS 0x000000008a700000, 0x000000008a700000|
|  86|0x000000008a800000, 0x000000008a800000, 0x000000008a900000|  0%| F|  |TS  0|AC  0|TAMS 0x000000008a800000, 0x000000008a800000|
|  87|0x000000008a900000, 0x000000008a900000, 0x000000008aa00000|  0%| F|  |TS  0|AC  0|TAMS 0x000000008a900000, 0x000000008a900000|
|  88|0x000000008aa00000, 0x000000008aa00000, 0x000000008ab00000|  0%| F|  |TS  0|AC  0|TAMS 0x000000008aa00000, 0x000000008aa00000|
|  89|0x000000008ab00000, 0x000000008ab00000, 0x000000008ac00000|  0%| F|  |TS  0|AC  0|TAMS 0x000000008ab00000, 0x000000008ab00000|
|  90|0x000000008ac00000, 0x000000008ac00000, 0x000000008ad00000|  0%| F|  |TS  0|AC  0|TAMS 0x000000008ac00000, 0x000000008ac00000|
|  91|0x000000008ad00000, 0x000000008ad00000, 0x000000008ae00000|  0%| F|  |TS  0|AC  0|TAMS 0x000000008ad00000, 0x000000008ad00000|
|  92|0x000000008ae00000, 0x000000008ae00000, 0x000000008af00000|  0%| F|  |TS  0|AC  0|TAMS 0x000000008ae00000, 0x000000008ae00000|
|  93|0x000000008af00000, 0x000000008af00000, 0x000000008b000000|  0%| F|  |TS  0|AC  0|TAMS 0x000000008af00000, 0x000000008af00000|
|  94|0x000000008b000000, 0x000000008b000000, 0x000000008b100000|  0%| F|  |TS  0|AC  0|TAMS 0x000000008b000000, 0x000000008b000000|
|  95|0x000000008b100000, 0x000000008b100000, 0x000000008b200000|  0%| F|  |TS  0|AC  0|TAMS 0x000000008b100000, 0x000000008b100000|
|  96|0x000000008b200000, 0x000000008b200000, 0x000000008b300000|  0%| F|  |TS  0|AC  0|TAMS 0x000000008b200000, 0x000000008b200000|
|  97|0x000000008b300000, 0x000000008b300000, 0x000000008b400000|  0%| F|  |TS  0|AC  0|TAMS 0x000000008b300000, 0x000000008b300000|
|  98|0x000000008b400000, 0x000000008b400000, 0x000000008b500000|  0%| F|  |TS  0|AC  0|TAMS 0x000000008b400000, 0x000000008b400000|
|  99|0x000000008b500000, 0x000000008b500000, 0x000000008b600000|  0%| F|  |TS  0|AC  0|TAMS 0x000000008b500000, 0x000000008b500000|
| 100|0x000000008b600000, 0x000000008b600000, 0x000000008b700000|  0%| F|  |TS  0|AC  0|TAMS 0x000000008b600000, 0x000000008b600000|
| 101|0x000000008b700000, 0x000000008b700000, 0x000000008b800000|  0%| F|  |TS  0|AC  0|TAMS 0x000000008b700000, 0x000000008b700000|
| 102|0x000000008b800000, 0x000000008b800000, 0x000000008b900000|  0%| F|  |TS  0|AC  0|TAMS 0x000000008b800000, 0x000000008b800000|
| 103|0x000000008b900000, 0x000000008b900000, 0x000000008ba00000|  0%| F|  |TS  0|AC  0|TAMS 0x000000008b900000, 0x000000008b900000|
| 104|0x000000008ba00000, 0x000000008ba00000, 0x000000008bb00000|  0%| F|  |TS  0|AC  0|TAMS 0x000000008ba00000, 0x000000008ba00000|
| 105|0x000000008bb00000, 0x000000008bb00000, 0x000000008bc00000|  0%| F|  |TS  0|AC  0|TAMS 0x000000008bb00000, 0x000000008bb00000|
| 106|0x000000008bc00000, 0x000000008bc00000, 0x000000008bd00000|  0%| F|  |TS  0|AC  0|TAMS 0x000000008bc00000, 0x000000008bc00000|
| 107|0x000000008bd00000, 0x000000008bd00000, 0x000000008be00000|  0%| F|  |TS  0|AC  0|TAMS 0x000000008bd00000, 0x000000008bd00000|
| 108|0x000000008be00000, 0x000000008be00000, 0x000000008bf00000|  0%| F|  |TS  0|AC  0|TAMS 0x000000008be00000, 0x000000008be00000|
| 109|0x000000008bf00000, 0x000000008bf00000, 0x000000008c000000|  0%| F|  |TS  0|AC  0|TAMS 0x000000008bf00000, 0x000000008bf00000|
| 110|0x000000008c000000, 0x000000008c000000, 0x000000008c100000|  0%| F|  |TS  0|AC  0|TAMS 0x000000008c000000, 0x000000008c000000|
| 111|0x000000008c100000, 0x000000008c100000, 0x000000008c200000|  0%| F|  |TS  0|AC  0|TAMS 0x000000008c100000, 0x000000008c100000|
| 112|0x000000008c200000, 0x000000008c200000, 0x000000008c300000|  0%| F|  |TS  0|AC  0|TAMS 0x000000008c200000, 0x000000008c200000|
| 113|0x000000008c300000, 0x000000008c300000, 0x000000008c400000|  0%| F|  |TS  0|AC  0|TAMS 0x000000008c300000, 0x000000008c300000|
| 114|0x000000008c400000, 0x000000008c400000, 0x000000008c500000|  0%| F|  |TS  0|AC  0|TAMS 0x000000008c400000, 0x000000008c400000|
| 115|0x000000008c500000, 0x000000008c500000, 0x000000008c600000|  0%| F|  |TS  0|AC  0|TAMS 0x000000008c500000, 0x000000008c500000|
| 116|0x000000008c600000, 0x000000008c600000, 0x000000008c700000|  0%| F|  |TS  0|AC  0|TAMS 0x000000008c600000, 0x000000008c600000|
| 117|0x000000008c700000, 0x000000008c700000, 0x000000008c800000|  0%| F|  |TS  0|AC  0|TAMS 0x000000008c700000, 0x000000008c700000|
| 118|0x000000008c800000, 0x000000008c800000, 0x000000008c900000|  0%| F|  |TS  0|AC  0|TAMS 0x000000008c800000, 0x000000008c800000|
| 119|0x000000008c900000, 0x000000008c900000, 0x000000008ca00000|  0%| F|  |TS  0|AC  0|TAMS 0x000000008c900000, 0x000000008c900000|
| 120|0x000000008ca00000, 0x000000008ca00000, 0x000000008cb00000|  0%| F|  |TS  0|AC  0|TAMS 0x000000008ca00000, 0x000000008ca00000|
| 121|0x000000008cb00000, 0x000000008cb00000, 0x000000008cc00000|  0%| F|  |TS  0|AC  0|TAMS 0x000000008cb00000, 0x000000008cb00000|
| 122|0x000000008cc00000, 0x000000008ccf6990, 0x000000008cd00000| 96%| E|  |TS  0|AC  0|TAMS 0x000000008cc00000, 0x000000008cc00000|
| 123|0x000000008cd00000, 0x000000008ce00000, 0x000000008ce00000|100%| E|CS|TS  0|AC  0|TAMS 0x000000008cd00000, 0x000000008cd00000|

Card table byte_map: [0x00007fdbdf377000,0x00007fdbdf74e000] byte_map_base: 0x00007fdbdef4e000

Marking Bits (Prev, Next): (CMBitMap*) 0x00007fdbf805ce80, (CMBitMap*) 0x00007fdbf805ceb8
 Prev Bits: [0x00007fdbdd0e8000, 0x00007fdbdefa0000)
 Next Bits: [0x00007fdbbe148000, 0x00007fdbc0000000)

Polling page: 0x00007fdc012bc000

CodeHeap 'non-profiled nmethods': size=120032Kb used=23Kb max_used=23Kb free=120008Kb
 bounds [0x00007fdbe75ed000, 0x00007fdbe785d000, 0x00007fdbeeb25000]
CodeHeap 'profiled nmethods': size=120028Kb used=138Kb max_used=138Kb free=119889Kb
 bounds [0x00007fdbe00b6000, 0x00007fdbe0326000, 0x00007fdbe75ed000]
CodeHeap 'non-nmethods': size=5700Kb used=1018Kb max_used=1029Kb free=4681Kb
 bounds [0x00007fdbdfb25000, 0x00007fdbdfd95000, 0x00007fdbe00b6000]
 total_blobs=470 nmethods=103 adapters=222
 compilation: enabled

Compilation events (10 events):
Event: 0.101 Thread 0x00007fdbf815c800 nmethod 98 0x00007fdbe75f2a10 code [0x00007fdbe75f2ba0, 0x00007fdbe75f2bf8]
Event: 0.101 Thread 0x00007fdbf815e800  101       3       java.lang.StringLatin1::lastIndexOf (40 bytes)
Event: 0.101 Thread 0x00007fdbf815e800 nmethod 101 0x00007fdbe00d5c90 code [0x00007fdbe00d5e60, 0x00007fdbe00d6270]
Event: 0.101 Thread 0x00007fdbf815e800  100       3       java.lang.AbstractStringBuilder::append (45 bytes)
Event: 0.101 Thread 0x00007fdbf815e800 nmethod 100 0x00007fdbe00d6410 code [0x00007fdbe00d6640, 0x00007fdbe00d6bb8]
Event: 0.102 Thread 0x00007fdbf815e800  102       3       java.lang.Character::toLowerCase (9 bytes)
Event: 0.102 Thread 0x00007fdbf815e800 nmethod 102 0x00007fdbe00d6e10 code [0x00007fdbe00d6fe0, 0x00007fdbe00d7218]
Event: 0.102 Thread 0x00007fdbf815e800  103       3       java.lang.CharacterDataLatin1::toLowerCase (39 bytes)
Event: 0.102 Thread 0x00007fdbf815e800 nmethod 103 0x00007fdbe00d7310 code [0x00007fdbe00d74e0, 0x00007fdbe00d7770]
Event: 0.106 Thread 0x00007fdbf815e800  104       3       java.util.Arrays::copyOfRange (63 bytes)

GC Heap History (0 events):
No events

Deoptimization events (1 events):
Event: 0.060 Thread 0x00007fdbf8012000 Uncommon trap: reason=unstable_if action=reinterpret pc=0x00007fdbe75f21e8 method=java.lang.String.hashCode()I @ 14 c2

Classes redefined (0 events):
No events

Internal exceptions (0 events):
No events

Events (10 events):
Event: 0.100 loading class com/cyberbotics/webots/controller/Mouse
Event: 0.100 loading class com/cyberbotics/webots/controller/Mouse done
Event: 0.101 loading class com/cyberbotics/webots/controller/Camera
Event: 0.101 loading class com/cyberbotics/webots/controller/Camera done
Event: 0.101 loading class com/cyberbotics/webots/controller/Device
Event: 0.101 loading class com/cyberbotics/webots/controller/Device done
Event: 0.101 loading class com/cyberbotics/webots/controller/DistanceSensor
Event: 0.101 loading class com/cyberbotics/webots/controller/DistanceSensor done
Event: 0.102 loading class com/cyberbotics/webots/controller/Motion
Event: 0.102 loading class com/cyberbotics/webots/controller/Motion done


Dynamic libraries:
85200000-8ce00000 rw-p 00000000 00:00 0 
8ce00000-100000000 ---p 00000000 00:00 0 
100000000-100080000 rw-p 00000000 00:00 0 
100080000-140000000 ---p 00000000 00:00 0 
564ce20e1000-564ce20e2000 r-xp 00000000 08:01 23598097                   /usr/lib/jvm/java-11-openjdk-amd64/bin/java
564ce22e2000-564ce22e3000 r--p 00001000 08:01 23598097                   /usr/lib/jvm/java-11-openjdk-amd64/bin/java
564ce22e3000-564ce22e4000 rw-p 00002000 08:01 23598097                   /usr/lib/jvm/java-11-openjdk-amd64/bin/java
564ce38bf000-564ce38e0000 rw-p 00000000 00:00 0                          [heap]
7fdb50000000-7fdb50021000 rw-p 00000000 00:00 0 
7fdb50021000-7fdb54000000 ---p 00000000 00:00 0 
7fdb58000000-7fdb58021000 rw-p 00000000 00:00 0 
7fdb58021000-7fdb5c000000 ---p 00000000 00:00 0 
7fdb5c000000-7fdb5c021000 rw-p 00000000 00:00 0 
7fdb5c021000-7fdb60000000 ---p 00000000 00:00 0 
7fdb60000000-7fdb60096000 rw-p 00000000 00:00 0 
7fdb60096000-7fdb64000000 ---p 00000000 00:00 0 
7fdb64000000-7fdb64021000 rw-p 00000000 00:00 0 
7fdb64021000-7fdb68000000 ---p 00000000 00:00 0 
7fdb68000000-7fdb68021000 rw-p 00000000 00:00 0 
7fdb68021000-7fdb6c000000 ---p 00000000 00:00 0 
7fdb6c000000-7fdb6c021000 rw-p 00000000 00:00 0 
7fdb6c021000-7fdb70000000 ---p 00000000 00:00 0 
7fdb70000000-7fdb70021000 rw-p 00000000 00:00 0 
7fdb70021000-7fdb74000000 ---p 00000000 00:00 0 
7fdb74000000-7fdb74076000 rw-p 00000000 00:00 0 
7fdb74076000-7fdb78000000 ---p 00000000 00:00 0 
7fdb78000000-7fdb78021000 rw-p 00000000 00:00 0 
7fdb78021000-7fdb7c000000 ---p 00000000 00:00 0 
7fdb7c000000-7fdb7c021000 rw-p 00000000 00:00 0 
7fdb7c021000-7fdb80000000 ---p 00000000 00:00 0 
7fdb80000000-7fdb80021000 rw-p 00000000 00:00 0 
7fdb80021000-7fdb84000000 ---p 00000000 00:00 0 
7fdb84000000-7fdb84021000 rw-p 00000000 00:00 0 
7fdb84021000-7fdb88000000 ---p 00000000 00:00 0 
7fdb892a9000-7fdb892b4000 r-xp 00000000 08:01 27920412                   /home/pc/Downloads/webots/lib/libjbig.so.0
7fdb892b4000-7fdb894b3000 ---p 0000b000 08:01 27920412                   /home/pc/Downloads/webots/lib/libjbig.so.0
7fdb894b3000-7fdb894b4000 r--p 0000a000 08:01 27920412                   /home/pc/Downloads/webots/lib/libjbig.so.0
7fdb894b4000-7fdb894b7000 rw-p 0000b000 08:01 27920412                   /home/pc/Downloads/webots/lib/libjbig.so.0
7fdb894b7000-7fdb894db000 r-xp 00000000 08:01 14684814                   /lib/x86_64-linux-gnu/liblzma.so.5.2.2
7fdb894db000-7fdb896db000 ---p 00024000 08:01 14684814                   /lib/x86_64-linux-gnu/liblzma.so.5.2.2
7fdb896db000-7fdb896dc000 r--p 00024000 08:01 14684814                   /lib/x86_64-linux-gnu/liblzma.so.5.2.2
7fdb896dc000-7fdb896dd000 rw-p 00025000 08:01 14684814                   /lib/x86_64-linux-gnu/liblzma.so.5.2.2
7fdb896dd000-7fdb89701000 r-xp 00000000 08:01 27920444                   /home/pc/Downloads/webots/lib/libpng12.so.0
7fdb89701000-7fdb89900000 ---p 00024000 08:01 27920444                   /home/pc/Downloads/webots/lib/libpng12.so.0
7fdb89900000-7fdb89901000 r--p 00023000 08:01 27920444                   /home/pc/Downloads/webots/lib/libpng12.so.0
7fdb89901000-7fdb89902000 rw-p 00024000 08:01 27920444                   /home/pc/Downloads/webots/lib/libpng12.so.0
7fdb89902000-7fdb89959000 r-xp 00000000 08:01 27920405                   /home/pc/Downloads/webots/lib/libjpeg.so.8
7fdb89959000-7fdb89b59000 ---p 00057000 08:01 27920405                   /home/pc/Downloads/webots/lib/libjpeg.so.8
7fdb89b59000-7fdb89b5a000 r--p 00057000 08:01 27920405                   /home/pc/Downloads/webots/lib/libjpeg.so.8
7fdb89b5a000-7fdb89b5b000 rw-p 00058000 08:01 27920405                   /home/pc/Downloads/webots/lib/libjpeg.so.8
7fdb89b5b000-7fdb89bcc000 r-xp 00000000 08:01 27920407                   /home/pc/Downloads/webots/lib/libtiff.so.5
7fdb89bcc000-7fdb89dcc000 ---p 00071000 08:01 27920407                   /home/pc/Downloads/webots/lib/libtiff.so.5
7fdb89dcc000-7fdb89dcd000 r--p 00071000 08:01 27920407                   /home/pc/Downloads/webots/lib/libtiff.so.5
7fdb89dcd000-7fdb89dd0000 rw-p 00072000 08:01 27920407                   /home/pc/Downloads/webots/lib/libtiff.so.5
7fdb89dd0000-7fdb89e1c000 r-xp 00000000 08:01 27920416                   /home/pc/Downloads/webots/lib/libController.so
7fdb89e1c000-7fdb8a01b000 ---p 0004c000 08:01 27920416                   /home/pc/Downloads/webots/lib/libController.so
7fdb8a01b000-7fdb8a01c000 r--p 0004b000 08:01 27920416                   /home/pc/Downloads/webots/lib/libController.so
7fdb8a01c000-7fdb8a01d000 rw-p 0004c000 08:01 27920416                   /home/pc/Downloads/webots/lib/libController.so
7fdb8a01d000-7fdb8a01e000 rw-p 00000000 00:00 0 
7fdb8a01e000-7fdb8a058000 r-xp 00000000 08:01 27920467                   /home/pc/Downloads/webots/lib/libCppController.so
7fdb8a058000-7fdb8a257000 ---p 0003a000 08:01 27920467                   /home/pc/Downloads/webots/lib/libCppController.so
7fdb8a257000-7fdb8a259000 r--p 00039000 08:01 27920467                   /home/pc/Downloads/webots/lib/libCppController.so
7fdb8a259000-7fdb8a25b000 rw-p 0003b000 08:01 27920467                   /home/pc/Downloads/webots/lib/libCppController.so
7fdb8a25b000-7fdb8a297000 r-xp 00000000 08:01 27920367                   /home/pc/Downloads/webots/lib/java/libJavaController.so
7fdb8a297000-7fdb8a496000 ---p 0003c000 08:01 27920367                   /home/pc/Downloads/webots/lib/java/libJavaController.so
7fdb8a496000-7fdb8a497000 r--p 0003b000 08:01 27920367                   /home/pc/Downloads/webots/lib/java/libJavaController.so
7fdb8a497000-7fdb8a498000 rw-p 0003c000 08:01 27920367                   /home/pc/Downloads/webots/lib/java/libJavaController.so
7fdb8a498000-7fdb8a4af000 r-xp 00000000 08:01 23598500                   /usr/lib/jvm/java-11-openjdk-amd64/lib/libnet.so
7fdb8a4af000-7fdb8a6ae000 ---p 00017000 08:01 23598500                   /usr/lib/jvm/java-11-openjdk-amd64/lib/libnet.so
7fdb8a6ae000-7fdb8a6af000 r--p 00016000 08:01 23598500                   /usr/lib/jvm/java-11-openjdk-amd64/lib/libnet.so
7fdb8a6af000-7fdb8a6b0000 rw-p 00017000 08:01 23598500                   /usr/lib/jvm/java-11-openjdk-amd64/lib/libnet.so
7fdb8a6b0000-7fdb8a6c1000 r-xp 00000000 08:01 23598501                   /usr/lib/jvm/java-11-openjdk-amd64/lib/libnio.so
7fdb8a6c1000-7fdb8a8c0000 ---p 00011000 08:01 23598501                   /usr/lib/jvm/java-11-openjdk-amd64/lib/libnio.so
7fdb8a8c0000-7fdb8a8c1000 r--p 00010000 08:01 23598501                   /usr/lib/jvm/java-11-openjdk-amd64/lib/libnio.so
7fdb8a8c1000-7fdb8a8c2000 rw-p 00011000 08:01 23598501                   /usr/lib/jvm/java-11-openjdk-amd64/lib/libnio.so
7fdb8a8c2000-7fdb8a8c6000 ---p 00000000 00:00 0 
7fdb8a8c6000-7fdb8a9c3000 rw-p 00000000 00:00 0 
7fdb8a9c3000-7fdb8a9c4000 ---p 00000000 00:00 0 
7fdb8a9c4000-7fdb8aac5000 rw-p 00000000 00:00 0 
7fdb8aac5000-7fdb8aac9000 ---p 00000000 00:00 0 
7fdb8aac9000-7fdb8abc6000 rw-p 00000000 00:00 0 
7fdb8abc6000-7fdb8abca000 ---p 00000000 00:00 0 
7fdb8abca000-7fdb8acc7000 rw-p 00000000 00:00 0 
7fdb8acc7000-7fdb8accb000 ---p 00000000 00:00 0 
7fdb8accb000-7fdb8adc8000 rw-p 00000000 00:00 0 
7fdb8adc8000-7fdb8adcc000 ---p 00000000 00:00 0 
7fdb8adcc000-7fdb8aec9000 rw-p 00000000 00:00 0 
7fdb8aec9000-7fdb8aecd000 ---p 00000000 00:00 0 
7fdb8aecd000-7fdb8afca000 rw-p 00000000 00:00 0 
7fdb8afca000-7fdb8afce000 ---p 00000000 00:00 0 
7fdb8afce000-7fdb8b0cb000 rw-p 00000000 00:00 0 
7fdb8b0cb000-7fdb8b0cf000 ---p 00000000 00:00 0 
7fdb8b0cf000-7fdb8b1cc000 rw-p 00000000 00:00 0 
7fdb8b1cc000-7fdb8b4fc000 r--p 00000000 08:01 23598983                   /usr/lib/locale/locale-archive
7fdb8b4fc000-7fdb8b500000 ---p 00000000 00:00 0 
7fdb8b500000-7fdb8b5fd000 rw-p 00000000 00:00 0 
7fdb8b5fd000-7fdb8b601000 ---p 00000000 00:00 0 
7fdb8b601000-7fdb8b6fe000 rw-p 00000000 00:00 0 
7fdb8b6fe000-7fdb8b6ff000 ---p 00000000 00:00 0 
7fdb8b6ff000-7fdb8bc80000 rw-p 00000000 00:00 0 
7fdb8bc80000-7fdb8c000000 ---p 00000000 00:00 0 
7fdb8c000000-7fdb8c021000 rw-p 00000000 00:00 0 
7fdb8c021000-7fdb90000000 ---p 00000000 00:00 0 
7fdb90000000-7fdb90021000 rw-p 00000000 00:00 0 
7fdb90021000-7fdb94000000 ---p 00000000 00:00 0 
7fdb94000000-7fdb94021000 rw-p 00000000 00:00 0 
7fdb94021000-7fdb98000000 ---p 00000000 00:00 0 
7fdb98000000-7fdb98021000 rw-p 00000000 00:00 0 
7fdb98021000-7fdb9c000000 ---p 00000000 00:00 0 
7fdb9c000000-7fdb9c021000 rw-p 00000000 00:00 0 
7fdb9c021000-7fdba0000000 ---p 00000000 00:00 0 
7fdba0000000-7fdba0021000 rw-p 00000000 00:00 0 
7fdba0021000-7fdba4000000 ---p 00000000 00:00 0 
7fdba4000000-7fdba4021000 rw-p 00000000 00:00 0 
7fdba4021000-7fdba8000000 ---p 00000000 00:00 0 
7fdba8000000-7fdba8021000 rw-p 00000000 00:00 0 
7fdba8021000-7fdbac000000 ---p 00000000 00:00 0 
7fdbac000000-7fdbac021000 rw-p 00000000 00:00 0 
7fdbac021000-7fdbb0000000 ---p 00000000 00:00 0 
7fdbb0000000-7fdbb0021000 rw-p 00000000 00:00 0 
7fdbb0021000-7fdbb4000000 ---p 00000000 00:00 0 
7fdbb4000000-7fdbb4021000 rw-p 00000000 00:00 0 
7fdbb4021000-7fdbb8000000 ---p 00000000 00:00 0 
7fdbb8000000-7fdbb8021000 rw-p 00000000 00:00 0 
7fdbb8021000-7fdbbc000000 ---p 00000000 00:00 0 
7fdbbc046000-7fdbbc047000 ---p 00000000 00:00 0 
7fdbbc047000-7fdbbe338000 rw-p 00000000 00:00 0 
7fdbbe338000-7fdbc0000000 ---p 00000000 00:00 0 
7fdbc0000000-7fdbc0021000 rw-p 00000000 00:00 0 
7fdbc0021000-7fdbc4000000 ---p 00000000 00:00 0 
7fdbc4000000-7fdbc4021000 rw-p 00000000 00:00 0 
7fdbc4021000-7fdbc8000000 ---p 00000000 00:00 0 
7fdbc8000000-7fdbc8021000 rw-p 00000000 00:00 0 
7fdbc8021000-7fdbcc000000 ---p 00000000 00:00 0 
7fdbcc000000-7fdbcc021000 rw-p 00000000 00:00 0 
7fdbcc021000-7fdbd0000000 ---p 00000000 00:00 0 
7fdbd0000000-7fdbd0021000 rw-p 00000000 00:00 0 
7fdbd0021000-7fdbd4000000 ---p 00000000 00:00 0 
7fdbd4000000-7fdbd4021000 rw-p 00000000 00:00 0 
7fdbd4021000-7fdbd8000000 ---p 00000000 00:00 0 
7fdbd8000000-7fdbd8021000 rw-p 00000000 00:00 0 
7fdbd8021000-7fdbdc000000 ---p 00000000 00:00 0 
7fdbdc029000-7fdbdc0d0000 rw-p 00000000 00:00 0 
7fdbdc0d0000-7fdbdc0d1000 ---p 00000000 00:00 0 
7fdbdc0d1000-7fdbdc1d2000 rw-p 00000000 00:00 0 
7fdbdc1d2000-7fdbdc1d3000 ---p 00000000 00:00 0 
7fdbdc1d3000-7fdbdc2d4000 rw-p 00000000 00:00 0 
7fdbdc2d4000-7fdbdc2d5000 ---p 00000000 00:00 0 
7fdbdc2d5000-7fdbdc3d6000 rw-p 00000000 00:00 0 
7fdbdc3d6000-7fdbdc3d7000 ---p 00000000 00:00 0 
7fdbdc3d7000-7fdbdc4d8000 rw-p 00000000 00:00 0 
7fdbdc4d8000-7fdbdc4d9000 ---p 00000000 00:00 0 
7fdbdc4d9000-7fdbdc5da000 rw-p 00000000 00:00 0 
7fdbdc5da000-7fdbdc5db000 ---p 00000000 00:00 0 
7fdbdc5db000-7fdbdc6dc000 rw-p 00000000 00:00 0 
7fdbdc6dc000-7fdbdc6dd000 ---p 00000000 00:00 0 
7fdbdc6dd000-7fdbdc7de000 rw-p 00000000 00:00 0 
7fdbdc7de000-7fdbdc7df000 ---p 00000000 00:00 0 
7fdbdc7df000-7fdbdd2d8000 rw-p 00000000 00:00 0 
7fdbdd2d8000-7fdbdefa0000 ---p 00000000 00:00 0 
7fdbdefa0000-7fdbdefde000 rw-p 00000000 00:00 0 
7fdbdefde000-7fdbdf377000 ---p 00000000 00:00 0 
7fdbdf377000-7fdbdf3b5000 rw-p 00000000 00:00 0 
7fdbdf3b5000-7fdbdf74e000 ---p 00000000 00:00 0 
7fdbdf74e000-7fdbdf78c000 rw-p 00000000 00:00 0 
7fdbdf78c000-7fdbdfb25000 ---p 00000000 00:00 0 
7fdbdfb25000-7fdbdfd95000 rwxp 00000000 00:00 0 
7fdbdfd95000-7fdbe00b6000 ---p 00000000 00:00 0 
7fdbe00b6000-7fdbe0326000 rwxp 00000000 00:00 0 
7fdbe0326000-7fdbe75ed000 ---p 00000000 00:00 0 
7fdbe75ed000-7fdbe785d000 rwxp 00000000 00:00 0 
7fdbe785d000-7fdbeeb25000 ---p 00000000 00:00 0 
7fdbeeb25000-7fdbf8000000 r--s 00000000 08:01 23598511                   /usr/lib/jvm/java-11-openjdk-amd64/lib/modules
7fdbf8000000-7fdbf8275000 rw-p 00000000 00:00 0 
7fdbf8275000-7fdbfc000000 ---p 00000000 00:00 0 
7fdbfc02b000-7fdbfc0ae000 rw-p 00000000 00:00 0 
7fdbfc0ae000-7fdbfc0af000 ---p 00000000 00:00 0 
7fdbfc0af000-7fdbfc1b0000 rw-p 00000000 00:00 0 
7fdbfc1b0000-7fdbfc1b1000 ---p 00000000 00:00 0 
7fdbfc1b1000-7fdbfc2b2000 rw-p 00000000 00:00 0 
7fdbfc2b2000-7fdbfc2b3000 ---p 00000000 00:00 0 
7fdbfc2b3000-7fdbfcbbc000 rw-p 00000000 00:00 0 
7fdbfcbbc000-7fdbfcbbd000 ---p 00000000 00:00 0 
7fdbfcbbd000-7fdbfccbe000 rw-p 00000000 00:00 0 
7fdbfccbe000-7fdbfccbf000 ---p 00000000 00:00 0 
7fdbfccbf000-7fdbfcdc0000 rw-p 00000000 00:00 0 
7fdbfcdc0000-7fdbfcdc1000 ---p 00000000 00:00 0 
7fdbfcdc1000-7fdbfcec2000 rw-p 00000000 00:00 0 
7fdbfcec2000-7fdbfcec3000 ---p 00000000 00:00 0 
7fdbfcec3000-7fdbfcfc4000 rw-p 00000000 00:00 0 
7fdbfcfc4000-7fdbfcfc5000 ---p 00000000 00:00 0 
7fdbfcfc5000-7fdbfd0c6000 rw-p 00000000 00:00 0 
7fdbfd0c6000-7fdbfd0c7000 ---p 00000000 00:00 0 
7fdbfd0c7000-7fdbfd1c8000 rw-p 00000000 00:00 0 
7fdbfd1c8000-7fdbfd1c9000 ---p 00000000 00:00 0 
7fdbfd1c9000-7fdbfd2ca000 rw-p 00000000 00:00 0 
7fdbfd2ca000-7fdbfd2cb000 ---p 00000000 00:00 0 
7fdbfd2cb000-7fdbfd3d1000 rw-p 00000000 00:00 0 
7fdbfd3d1000-7fdbfd4b7000 ---p 00000000 00:00 0 
7fdbfd4b7000-7fdbfd4bc000 rw-p 00000000 00:00 0 
7fdbfd4bc000-7fdbfd5a2000 ---p 00000000 00:00 0 
7fdbfd5a2000-7fdbfd5a7000 r-xp 00000000 08:01 23598491                   /usr/lib/jvm/java-11-openjdk-amd64/lib/libjimage.so
7fdbfd5a7000-7fdbfd7a6000 ---p 00005000 08:01 23598491                   /usr/lib/jvm/java-11-openjdk-amd64/lib/libjimage.so
7fdbfd7a6000-7fdbfd7a7000 r--p 00004000 08:01 23598491                   /usr/lib/jvm/java-11-openjdk-amd64/lib/libjimage.so
7fdbfd7a7000-7fdbfd7a8000 rw-p 00005000 08:01 23598491                   /usr/lib/jvm/java-11-openjdk-amd64/lib/libjimage.so
7fdbfd7a8000-7fdbfd7af000 r-xp 00000000 08:01 23598510                   /usr/lib/jvm/java-11-openjdk-amd64/lib/libzip.so
7fdbfd7af000-7fdbfd9ae000 ---p 00007000 08:01 23598510                   /usr/lib/jvm/java-11-openjdk-amd64/lib/libzip.so
7fdbfd9ae000-7fdbfd9af000 r--p 00006000 08:01 23598510                   /usr/lib/jvm/java-11-openjdk-amd64/lib/libzip.so
7fdbfd9af000-7fdbfd9b0000 rw-p 00007000 08:01 23598510                   /usr/lib/jvm/java-11-openjdk-amd64/lib/libzip.so
7fdbfd9b0000-7fdbfd9bb000 r-xp 00000000 08:01 14684844                   /lib/x86_64-linux-gnu/libnss_files-2.27.so
7fdbfd9bb000-7fdbfdbba000 ---p 0000b000 08:01 14684844                   /lib/x86_64-linux-gnu/libnss_files-2.27.so
7fdbfdbba000-7fdbfdbbb000 r--p 0000a000 08:01 14684844                   /lib/x86_64-linux-gnu/libnss_files-2.27.so
7fdbfdbbb000-7fdbfdbbc000 rw-p 0000b000 08:01 14684844                   /lib/x86_64-linux-gnu/libnss_files-2.27.so
7fdbfdbbc000-7fdbfdbc2000 rw-p 00000000 00:00 0 
7fdbfdbc2000-7fdbfdbd9000 r-xp 00000000 08:01 14684838                   /lib/x86_64-linux-gnu/libnsl-2.27.so
7fdbfdbd9000-7fdbfddd8000 ---p 00017000 08:01 14684838                   /lib/x86_64-linux-gnu/libnsl-2.27.so
7fdbfddd8000-7fdbfddd9000 r--p 00016000 08:01 14684838                   /lib/x86_64-linux-gnu/libnsl-2.27.so
7fdbfddd9000-7fdbfddda000 rw-p 00017000 08:01 14684838                   /lib/x86_64-linux-gnu/libnsl-2.27.so
7fdbfddda000-7fdbfdddc000 rw-p 00000000 00:00 0 
7fdbfdddc000-7fdbfdde7000 r-xp 00000000 08:01 14684855                   /lib/x86_64-linux-gnu/libnss_nis-2.27.so
7fdbfdde7000-7fdbfdfe6000 ---p 0000b000 08:01 14684855                   /lib/x86_64-linux-gnu/libnss_nis-2.27.so
7fdbfdfe6000-7fdbfdfe7000 r--p 0000a000 08:01 14684855                   /lib/x86_64-linux-gnu/libnss_nis-2.27.so
7fdbfdfe7000-7fdbfdfe8000 rw-p 0000b000 08:01 14684855                   /lib/x86_64-linux-gnu/libnss_nis-2.27.so
7fdbfdfe8000-7fdbfdff0000 r-xp 00000000 08:01 14684840                   /lib/x86_64-linux-gnu/libnss_compat-2.27.so
7fdbfdff0000-7fdbfe1f0000 ---p 00008000 08:01 14684840                   /lib/x86_64-linux-gnu/libnss_compat-2.27.so
7fdbfe1f0000-7fdbfe1f1000 r--p 00008000 08:01 14684840                   /lib/x86_64-linux-gnu/libnss_compat-2.27.so
7fdbfe1f1000-7fdbfe1f2000 rw-p 00009000 08:01 14684840                   /lib/x86_64-linux-gnu/libnss_compat-2.27.so
7fdbfe1f2000-7fdbfe21e000 r-xp 00000000 08:01 23598487                   /usr/lib/jvm/java-11-openjdk-amd64/lib/libjava.so
7fdbfe21e000-7fdbfe41d000 ---p 0002c000 08:01 23598487                   /usr/lib/jvm/java-11-openjdk-amd64/lib/libjava.so
7fdbfe41d000-7fdbfe41e000 r--p 0002b000 08:01 23598487                   /usr/lib/jvm/java-11-openjdk-amd64/lib/libjava.so
7fdbfe41e000-7fdbfe420000 rw-p 0002c000 08:01 23598487                   /usr/lib/jvm/java-11-openjdk-amd64/lib/libjava.so
7fdbfe420000-7fdbfe42d000 r-xp 00000000 08:01 23598509                   /usr/lib/jvm/java-11-openjdk-amd64/lib/libverify.so
7fdbfe42d000-7fdbfe62c000 ---p 0000d000 08:01 23598509                   /usr/lib/jvm/java-11-openjdk-amd64/lib/libverify.so
7fdbfe62c000-7fdbfe62e000 r--p 0000c000 08:01 23598509                   /usr/lib/jvm/java-11-openjdk-amd64/lib/libverify.so
7fdbfe62e000-7fdbfe62f000 rw-p 0000e000 08:01 23598509                   /usr/lib/jvm/java-11-openjdk-amd64/lib/libverify.so
7fdbfe62f000-7fdbfe636000 r-xp 00000000 08:01 14684895                   /lib/x86_64-linux-gnu/librt-2.27.so
7fdbfe636000-7fdbfe835000 ---p 00007000 08:01 14684895                   /lib/x86_64-linux-gnu/librt-2.27.so
7fdbfe835000-7fdbfe836000 r--p 00006000 08:01 14684895                   /lib/x86_64-linux-gnu/librt-2.27.so
7fdbfe836000-7fdbfe837000 rw-p 00007000 08:01 14684895                   /lib/x86_64-linux-gnu/librt-2.27.so
7fdbfe837000-7fdbfe84e000 r-xp 00000000 08:01 14684791                   /lib/x86_64-linux-gnu/libgcc_s.so.1
7fdbfe84e000-7fdbfea4d000 ---p 00017000 08:01 14684791                   /lib/x86_64-linux-gnu/libgcc_s.so.1
7fdbfea4d000-7fdbfea4e000 r--p 00016000 08:01 14684791                   /lib/x86_64-linux-gnu/libgcc_s.so.1
7fdbfea4e000-7fdbfea4f000 rw-p 00017000 08:01 14684791                   /lib/x86_64-linux-gnu/libgcc_s.so.1
7fdbfea4f000-7fdbfebec000 r-xp 00000000 08:01 14684817                   /lib/x86_64-linux-gnu/libm-2.27.so
7fdbfebec000-7fdbfedeb000 ---p 0019d000 08:01 14684817                   /lib/x86_64-linux-gnu/libm-2.27.so
7fdbfedeb000-7fdbfedec000 r--p 0019c000 08:01 14684817                   /lib/x86_64-linux-gnu/libm-2.27.so
7fdbfedec000-7fdbfeded000 rw-p 0019d000 08:01 14684817                   /lib/x86_64-linux-gnu/libm-2.27.so
7fdbfeded000-7fdbfef66000 r-xp 00000000 08:01 23601225                   /usr/lib/x86_64-linux-gnu/libstdc++.so.6.0.25
7fdbfef66000-7fdbff166000 ---p 00179000 08:01 23601225                   /usr/lib/x86_64-linux-gnu/libstdc++.so.6.0.25
7fdbff166000-7fdbff170000 r--p 00179000 08:01 23601225                   /usr/lib/x86_64-linux-gnu/libstdc++.so.6.0.25
7fdbff170000-7fdbff172000 rw-p 00183000 08:01 23601225                   /usr/lib/x86_64-linux-gnu/libstdc++.so.6.0.25
7fdbff172000-7fdbff176000 rw-p 00000000 00:00 0 
7fdbff176000-7fdc00113000 r-xp 00000000 08:01 23598523                   /usr/lib/jvm/java-11-openjdk-amd64/lib/server/libjvm.so
7fdc00113000-7fdc00313000 ---p 00f9d000 08:01 23598523                   /usr/lib/jvm/java-11-openjdk-amd64/lib/server/libjvm.so
7fdc00313000-7fdc003d7000 r--p 00f9d000 08:01 23598523                   /usr/lib/jvm/java-11-openjdk-amd64/lib/server/libjvm.so
7fdc003d7000-7fdc0040f000 rw-p 01061000 08:01 23598523                   /usr/lib/jvm/java-11-openjdk-amd64/lib/server/libjvm.so
7fdc0040f000-7fdc00458000 rw-p 00000000 00:00 0 
7fdc00458000-7fdc00472000 r-xp 00000000 08:01 14684887                   /lib/x86_64-linux-gnu/libpthread-2.27.so
7fdc00472000-7fdc00671000 ---p 0001a000 08:01 14684887                   /lib/x86_64-linux-gnu/libpthread-2.27.so
7fdc00671000-7fdc00672000 r--p 00019000 08:01 14684887                   /lib/x86_64-linux-gnu/libpthread-2.27.so
7fdc00672000-7fdc00673000 rw-p 0001a000 08:01 14684887                   /lib/x86_64-linux-gnu/libpthread-2.27.so
7fdc00673000-7fdc00677000 rw-p 00000000 00:00 0 
7fdc00677000-7fdc0067a000 r-xp 00000000 08:01 14684777                   /lib/x86_64-linux-gnu/libdl-2.27.so
7fdc0067a000-7fdc00879000 ---p 00003000 08:01 14684777                   /lib/x86_64-linux-gnu/libdl-2.27.so
7fdc00879000-7fdc0087a000 r--p 00002000 08:01 14684777                   /lib/x86_64-linux-gnu/libdl-2.27.so
7fdc0087a000-7fdc0087b000 rw-p 00003000 08:01 14684777                   /lib/x86_64-linux-gnu/libdl-2.27.so
7fdc0087b000-7fdc00897000 r-xp 00000000 08:01 14684928                   /lib/x86_64-linux-gnu/libz.so.1.2.11
7fdc00897000-7fdc00a96000 ---p 0001c000 08:01 14684928                   /lib/x86_64-linux-gnu/libz.so.1.2.11
7fdc00a96000-7fdc00a97000 r--p 0001b000 08:01 14684928                   /lib/x86_64-linux-gnu/libz.so.1.2.11
7fdc00a97000-7fdc00a98000 rw-p 0001c000 08:01 14684928                   /lib/x86_64-linux-gnu/libz.so.1.2.11
7fdc00a98000-7fdc00c7f000 r-xp 00000000 08:01 14684754                   /lib/x86_64-linux-gnu/libc-2.27.so
7fdc00c7f000-7fdc00e7f000 ---p 001e7000 08:01 14684754                   /lib/x86_64-linux-gnu/libc-2.27.so
7fdc00e7f000-7fdc00e83000 r--p 001e7000 08:01 14684754                   /lib/x86_64-linux-gnu/libc-2.27.so
7fdc00e83000-7fdc00e85000 rw-p 001eb000 08:01 14684754                   /lib/x86_64-linux-gnu/libc-2.27.so
7fdc00e85000-7fdc00e89000 rw-p 00000000 00:00 0 
7fdc00e89000-7fdc00e98000 r-xp 00000000 08:01 23598516                   /usr/lib/jvm/java-11-openjdk-amd64/lib/jli/libjli.so
7fdc00e98000-7fdc01097000 ---p 0000f000 08:01 23598516                   /usr/lib/jvm/java-11-openjdk-amd64/lib/jli/libjli.so
7fdc01097000-7fdc01098000 r--p 0000e000 08:01 23598516                   /usr/lib/jvm/java-11-openjdk-amd64/lib/jli/libjli.so
7fdc01098000-7fdc01099000 rw-p 0000f000 08:01 23598516                   /usr/lib/jvm/java-11-openjdk-amd64/lib/jli/libjli.so
7fdc01099000-7fdc010c0000 r-xp 00000000 08:01 14684726                   /lib/x86_64-linux-gnu/ld-2.27.so
7fdc010e5000-7fdc011a3000 rw-p 00000000 00:00 0 
7fdc011a3000-7fdc011a7000 ---p 00000000 00:00 0 
7fdc011a7000-7fdc012ad000 rw-p 00000000 00:00 0 
7fdc012ad000-7fdc012b4000 ---p 00000000 00:00 0 
7fdc012b4000-7fdc012bc000 rw-s 00000000 08:01 28966959                   /tmp/hsperfdata_pc/3590
7fdc012bc000-7fdc012bd000 ---p 00000000 00:00 0 
7fdc012bd000-7fdc012be000 r--p 00000000 00:00 0 
7fdc012be000-7fdc012c0000 rw-p 00000000 00:00 0 
7fdc012c0000-7fdc012c1000 r--p 00027000 08:01 14684726                   /lib/x86_64-linux-gnu/ld-2.27.so
7fdc012c1000-7fdc012c2000 rw-p 00028000 08:01 14684726                   /lib/x86_64-linux-gnu/ld-2.27.so
7fdc012c2000-7fdc012c3000 rw-p 00000000 00:00 0 
7ffc38f5b000-7ffc38f7d000 rw-p 00000000 00:00 0                          [stack]
7ffc38f7d000-7ffc38f80000 r--p 00000000 00:00 0                          [vvar]
7ffc38f80000-7ffc38f82000 r-xp 00000000 00:00 0                          [vdso]
ffffffffff600000-ffffffffff601000 r-xp 00000000 00:00 0                  [vsyscall]


VM Arguments:
jvm_args: -Djava.library.path=/home/pc/Downloads/webots/lib/java 
java_command: SensorController
java_class_path (initial): /home/pc/Downloads/webots/lib/java/Controller.jar:/home/pc/Dokumente/my_project/controllers/SensorController/
Launcher Type: SUN_STANDARD

Logging:
Log output configuration:
#0: stdout all=warning uptime,level,tags
#1: stderr all=off uptime,level,tags

Environment Variables:
PATH=/usr/local/sbin:/usr/local/bin:/usr/sbin:/usr/bin:/sbin:/bin:/usr/games:/usr/local/games
LD_LIBRARY_PATH=/home/pc/Downloads/webots/projects/default/libraries/vehicle:/home/pc/Downloads/webots/projects/default/libraries/ros:/home/pc/Downloads/webots/resources/projects/libraries/qt_utils:/home/pc/Dokumente/my_project/controllers/SensorController/:/home/pc/Downloads/webots/lib/:/tmp/webots-3042/lib:
SHELL=/bin/bash
DISPLAY=:0

Signal Handlers:
SIGSEGV: [libjvm.so+0xd28b70], sa_mask[0]=11111111011111111101111111111110, sa_flags=SA_RESTART|SA_SIGINFO
SIGBUS: [libjvm.so+0xd28b70], sa_mask[0]=11111111011111111101111111111110, sa_flags=SA_RESTART|SA_SIGINFO
SIGFPE: [libjvm.so+0xd28b70], sa_mask[0]=11111111011111111101111111111110, sa_flags=SA_RESTART|SA_SIGINFO
SIGPIPE: [libjvm.so+0xb2a1f0], sa_mask[0]=11111111011111111101111111111110, sa_flags=SA_RESTART|SA_SIGINFO
SIGXFSZ: [libjvm.so+0xb2a1f0], sa_mask[0]=11111111011111111101111111111110, sa_flags=SA_RESTART|SA_SIGINFO
SIGILL: [libjvm.so+0xd28b70], sa_mask[0]=11111111011111111101111111111110, sa_flags=SA_RESTART|SA_SIGINFO
SIGUSR2: [libjvm.so+0xb2a030], sa_mask[0]=00000000000000000000000000000000, sa_flags=SA_RESTART|SA_SIGINFO
SIGHUP: [libjvm.so+0xb2a180], sa_mask[0]=11111111011111111101111111111110, sa_flags=SA_RESTART|SA_SIGINFO
SIGINT: [libjvm.so+0xb2a180], sa_mask[0]=11111111011111111101111111111110, sa_flags=SA_RESTART|SA_SIGINFO
SIGTERM: [libjvm.so+0xb2a180], sa_mask[0]=11111111011111111101111111111110, sa_flags=SA_RESTART|SA_SIGINFO
SIGQUIT: [libjvm.so+0xb2a180], sa_mask[0]=11111111011111111101111111111110, sa_flags=SA_RESTART|SA_SIGINFO


---------------  S Y S T E M  ---------------

OS:DISTRIB_ID=LinuxMint
DISTRIB_RELEASE=19.1
DISTRIB_CODENAME=tessa
DISTRIB_DESCRIPTION="Linux Mint 19.1 Tessa"
uname:Linux 4.15.0-20-generic #21-Ubuntu SMP Tue Apr 24 06:16:15 UTC 2018 x86_64
libc:glibc 2.27 NPTL 2.27 
rlimit: STACK 8192k, CORE 0k, NPROC 31207, NOFILE 4096, AS infinity, DATA infinity, FSIZE infinity
load average:1.08 1.34 1.35

/proc/meminfo:
MemTotal:        8051996 kB
MemFree:         4704736 kB
MemAvailable:    5725500 kB
Buffers:          105028 kB
Cached:          1901856 kB
SwapCached:            0 kB
Active:          1658424 kB
Inactive:        1453112 kB
Active(anon):    1106104 kB
Inactive(anon):   812788 kB
Active(file):     552320 kB
Inactive(file):   640324 kB
Unevictable:          32 kB
Mlocked:              32 kB
SwapTotal:       2097148 kB
SwapFree:        2097148 kB
Dirty:               300 kB
Writeback:             0 kB
AnonPages:       1104992 kB
Mapped:           576680 kB
Shmem:            814240 kB
Slab:             139632 kB
SReclaimable:      94708 kB
SUnreclaim:        44924 kB
KernelStack:       10080 kB
PageTables:        34428 kB
NFS_Unstable:          0 kB
Bounce:                0 kB
WritebackTmp:          0 kB
CommitLimit:     6123144 kB
Committed_AS:    5157384 kB
VmallocTotal:   34359738367 kB
VmallocUsed:           0 kB
VmallocChunk:          0 kB
HardwareCorrupted:     0 kB
AnonHugePages:         0 kB
ShmemHugePages:        0 kB
ShmemPmdMapped:        0 kB
CmaTotal:              0 kB
CmaFree:               0 kB
HugePages_Total:       0
HugePages_Free:        0
HugePages_Rsvd:        0
HugePages_Surp:        0
Hugepagesize:       2048 kB
DirectMap4k:      164800 kB
DirectMap2M:     8108032 kB

container (cgroup) information:
container_type: cgroupv1
cpu_cpuset_cpus: 0-7
cpu_memory_nodes: 0
active_processor_count: 8
cpu_quota: -1
cpu_period: 100000
cpu_shares: -1
memory_limit_in_bytes: -1
memory_and_swap_limit_in_bytes: -2
memory_soft_limit_in_bytes: -1
memory_usage_in_bytes: 3187269632
memory_max_usage_in_bytes: 0


CPU:total 8 (initial active 8) (4 cores per cpu, 2 threads per core) family 6 model 58 stepping 9, cmov, cx8, fxsr, mmx, sse, sse2, sse3, ssse3, sse4.1, sse4.2, popcnt, avx, aes, clmul, erms, ht, tsc, tscinvbit, tscinv
CPU Model and flags from /proc/cpuinfo:
model name	: Intel(R) Core(TM) i7-3770 CPU @ 3.40GHz
flags		: fpu vme de pse tsc msr pae mce cx8 apic sep mtrr pge mca cmov pat pse36 clflush dts acpi mmx fxsr sse sse2 ss ht tm pbe syscall nx rdtscp lm constant_tsc arch_perfmon pebs bts rep_good nopl xtopology nonstop_tsc cpuid aperfmperf pni pclmulqdq dtes64 monitor ds_cpl vmx smx est tm2 ssse3 cx16 xtpr pdcm pcid sse4_1 sse4_2 x2apic popcnt tsc_deadline_timer aes xsave avx f16c rdrand lahf_lm cpuid_fault epb pti tpr_shadow vnmi flexpriority ept vpid fsgsbase smep erms xsaveopt dtherm ida arat pln pts

Memory: 4k page, physical 8051996k(4704736k free), swap 2097148k(2097148k free)

vm_info: OpenJDK 64-Bit Server VM (10.0.2+13-Ubuntu-1ubuntu0.18.04.4) for linux-amd64 JRE (10.0.2+13-Ubuntu-1ubuntu0.18.04.4), built on Nov 13 2018 12:53:39 by "buildd" with gcc 7.3.0

END.
