#
# A fatal error has been detected by the Java Runtime Environment:
#
#  SIGSEGV (0xb) at pc=0x00007fcb01b71b32, pid=3466, tid=3467
#
# JRE version: OpenJDK Runtime Environment (10.0.2+13) (build 10.0.2+13-Ubuntu-1ubuntu0.18.04.4)
# Java VM: OpenJDK 64-Bit Server VM (10.0.2+13-Ubuntu-1ubuntu0.18.04.4, mixed mode, tiered, compressed oops, g1 gc, linux-amd64)
# Problematic frame:
# C  [libController.so+0x1bb32]  wbu_motion_new+0x5d2
#
# Core dump will be written. Default location: Core dumps may be processed with "/usr/share/apport/apport %p %s %c %d %P" (or dumping to /home/pc/Dokumente/my_project/controllers/SensorController/core.3466)
#
# If you would like to submit a bug report, please visit:
#   http://bugreport.java.com/bugreport/crash.jsp
# The crash happened outside the Java Virtual Machine in native code.
# See problematic frame for where to report the bug.
#

---------------  S U M M A R Y ------------

Command Line: -Djava.library.path=/home/pc/Downloads/webots/lib/java SensorController

Host: Intel(R) Core(TM) i7-3770 CPU @ 3.40GHz, 8 cores, 7G, Linux Mint 19.1 Tessa
Time: Tue Jun 18 11:46:43 2019 CEST elapsed time: 0 seconds (0d 0h 0m 0s)

---------------  T H R E A D  ---------------

Current thread (0x00007fcb68012000):  JavaThread "main" [_thread_in_native, id=3467, stack(0x00007fcb70ef0000,0x00007fcb70ff1000)]

Stack: [0x00007fcb70ef0000,0x00007fcb70ff1000],  sp=0x00007fcb70fee6f0,  free space=1017k
Native frames: (J=compiled Java code, A=aot compiled Java code, j=interpreted, Vv=VM code, C=native code)
C  [libController.so+0x1bb32]  wbu_motion_new+0x5d2
C  [libCppController.so+0x28c7a]  webots::Motion::Motion(std::__cxx11::basic_string<char, std::char_traits<char>, std::allocator<char> > const&)+0x36
C  [libJavaController.so+0x27c5d]  Java_com_cyberbotics_webots_controller_wrapperJNI_new_1Motion+0x10a
j  com.cyberbotics.webots.controller.wrapperJNI.new_Motion(Ljava/lang/String;)J+0
j  com.cyberbotics.webots.controller.Motion.<init>(Ljava/lang/String;)V+2
j  SensorController.loadMotionFiles()V+180
j  SensorController.main([Ljava/lang/String;)V+22
v  ~StubRoutines::call_stub
V  [libjvm.so+0x83d38f]
V  [libjvm.so+0x85c3cd]
V  [libjvm.so+0x85e60e]
C  [libjli.so+0x4aa0]
C  [libjli.so+0x89dd]
C  [libpthread.so.0+0x76db]  start_thread+0xdb

Java frames: (J=compiled Java code, j=interpreted, Vv=VM code)
j  com.cyberbotics.webots.controller.wrapperJNI.new_Motion(Ljava/lang/String;)J+0
j  com.cyberbotics.webots.controller.Motion.<init>(Ljava/lang/String;)V+2
j  SensorController.loadMotionFiles()V+180
j  SensorController.main([Ljava/lang/String;)V+22
v  ~StubRoutines::call_stub

siginfo: si_signo: 11 (SIGSEGV), si_code: 1 (SEGV_MAPERR), si_addr: 0x0000000000000000

Register to memory mapping:

RAX=0x0000000000000000 is an unknown value
RBX=0x00007fcb6825adf0 is an unknown value
RCX=0x0000000000000000 is an unknown value
RDX=0x00007fcb70bd2a68: <offset 0x00000000003eda68> in /lib/x86_64-linux-gnu/libc.so.6 at 0x00007fcb707e5000
RSP=0x00007fcb70fee6f0 is pointing into the stack for thread: 0x00007fcb68012000
RBP=0x00007fcb70fef770 is pointing into the stack for thread: 0x00007fcb68012000
RSI=0x00007fcb01b8efc3: <offset 0x0000000000038fc3> in /home/pc/Downloads/webots/lib/libController.so at 0x00007fcb01b56000
RDI=0x0000000000000000 is an unknown value
R8 =0x0000000000000001 is an unknown value
R9 =0x0000000000000000 is an unknown value
R10=0x0000000000000000 is an unknown value
R11=0x00007fcb01b8efde: <offset 0x0000000000038fde> in /home/pc/Downloads/webots/lib/libController.so at 0x00007fcb01b56000
R12=0x00000000000000f8 is an unknown value
R13=0x000000000000007c is an unknown value
R14=0x0000000000000028 is an unknown value
R15=0x0000000000000005 is an unknown value


Registers:
RAX=0x0000000000000000, RBX=0x00007fcb6825adf0, RCX=0x0000000000000000, RDX=0x00007fcb70bd2a68
RSP=0x00007fcb70fee6f0, RBP=0x00007fcb70fef770, RSI=0x00007fcb01b8efc3, RDI=0x0000000000000000
R8 =0x0000000000000001, R9 =0x0000000000000000, R10=0x0000000000000000, R11=0x00007fcb01b8efde
R12=0x00000000000000f8, R13=0x000000000000007c, R14=0x0000000000000028, R15=0x0000000000000005
RIP=0x00007fcb01b71b32, EFLAGS=0x0000000000010246, CSGSFS=0x002b000000000033, ERR=0x0000000000000004
  TRAPNO=0x000000000000000e

Top of Stack: (sp=0x00007fcb70fee6f0)
0x00007fcb70fee6f0:   30313a33303a3030 323365736f500030
0x00007fcb70fee700:   00362e302d003200 2e30003200300030
0x00007fcb70fee710:   3338302e302d2c36 3531302e302d2c38
0x00007fcb70fee720:   312e312d2c393037 2e302d2c322e302c 

Instructions: (pc=0x00007fcb01b71b32)
0x00007fcb01b71b12:   08 4a 03 0c 22 48 89 ca e8 f1 21 ff ff 44 3b 3b
0x00007fcb01b71b22:   7d 3c 48 8d 35 98 d4 01 00 31 ff e8 5e 26 ff ff
0x00007fcb01b71b32:   80 38 2a 75 c1 80 78 01 00 75 bb 48 8b 43 30 f2
0x00007fcb01b71b42:   0f 10 05 07 db 01 00 41 83 c7 01 4a 8b 04 20 f2 


---------------  P R O C E S S  ---------------

Threads class SMR info:
_java_thread_list=0x00007fcb681f44d0, length=11, elements={
0x00007fcb68012000, 0x00007fcb68142800, 0x00007fcb68144800, 0x00007fcb6814e000,
0x00007fcb68158800, 0x00007fcb6815a800, 0x00007fcb6815c800, 0x00007fcb6815e800,
0x00007fcb68160000, 0x00007fcb681dc000, 0x00007fcb681f5000
}

Java Threads: ( => current thread )
=>0x00007fcb68012000 JavaThread "main" [_thread_in_native, id=3467, stack(0x00007fcb70ef0000,0x00007fcb70ff1000)]
  0x00007fcb68142800 JavaThread "Reference Handler" daemon [_thread_blocked, id=3489, stack(0x00007fcb03383000,0x00007fcb03484000)]
  0x00007fcb68144800 JavaThread "Finalizer" daemon [_thread_blocked, id=3490, stack(0x00007fcb03282000,0x00007fcb03383000)]
  0x00007fcb6814e000 JavaThread "Signal Dispatcher" daemon [_thread_blocked, id=3491, stack(0x00007fcb02e51000,0x00007fcb02f52000)]
  0x00007fcb68158800 JavaThread "C2 CompilerThread0" daemon [_thread_blocked, id=3492, stack(0x00007fcb02d50000,0x00007fcb02e51000)]
  0x00007fcb6815a800 JavaThread "C2 CompilerThread1" daemon [_thread_blocked, id=3493, stack(0x00007fcb02c4f000,0x00007fcb02d50000)]
  0x00007fcb6815c800 JavaThread "C2 CompilerThread2" daemon [_thread_blocked, id=3494, stack(0x00007fcb02b4e000,0x00007fcb02c4f000)]
  0x00007fcb6815e800 JavaThread "C1 CompilerThread3" daemon [_thread_blocked, id=3495, stack(0x00007fcb02a4d000,0x00007fcb02b4e000)]
  0x00007fcb68160000 JavaThread "Sweeper thread" daemon [_thread_blocked, id=3496, stack(0x00007fcb0294c000,0x00007fcb02a4d000)]
  0x00007fcb681dc000 JavaThread "Service Thread" daemon [_thread_blocked, id=3497, stack(0x00007fcb0284b000,0x00007fcb0294c000)]
  0x00007fcb681f5000 JavaThread "Common-Cleaner" daemon [_thread_blocked, id=3499, stack(0x00007fcb02648000,0x00007fcb02749000)]

Other Threads:
  0x00007fcb68139000 VMThread "VM Thread" [stack: 0x00007fcb03486000,0x00007fcb03586000] [id=3488]
  0x00007fcb681de800 WatcherThread [stack: 0x00007fcb0274b000,0x00007fcb0284b000] [id=3498]
  0x00007fcb68028800 GCTaskThread "GC Thread#0" [stack: 0x00007fcb6d019000,0x00007fcb6d119000] [id=3468]
  0x00007fcb6802a000 GCTaskThread "GC Thread#1" [stack: 0x00007fcb6cf17000,0x00007fcb6d017000] [id=3469]
  0x00007fcb6802c000 GCTaskThread "GC Thread#2" [stack: 0x00007fcb6ce15000,0x00007fcb6cf15000] [id=3470]
  0x00007fcb6802d800 GCTaskThread "GC Thread#3" [stack: 0x00007fcb6cd13000,0x00007fcb6ce13000] [id=3471]
  0x00007fcb6802f000 GCTaskThread "GC Thread#4" [stack: 0x00007fcb6cc11000,0x00007fcb6cd11000] [id=3472]
  0x00007fcb68031000 GCTaskThread "GC Thread#5" [stack: 0x00007fcb6cb0f000,0x00007fcb6cc0f000] [id=3473]
  0x00007fcb68032800 GCTaskThread "GC Thread#6" [stack: 0x00007fcb6ca0d000,0x00007fcb6cb0d000] [id=3474]
  0x00007fcb68034800 GCTaskThread "GC Thread#7" [stack: 0x00007fcb6c90b000,0x00007fcb6ca0b000] [id=3475]
  0x00007fcb6805d800 ConcurrentGCThread "G1 Main Marker" [stack: 0x00007fcb4cfe8000,0x00007fcb4d0e8000] [id=3476]
  0x00007fcb6805f800 ConcurrentGCThread "G1 Conc#0" [stack: 0x00007fcb4cee6000,0x00007fcb4cfe6000] [id=3477]
  0x00007fcb68061000 ConcurrentGCThread "G1 Conc#1" [stack: 0x00007fcb4cde4000,0x00007fcb4cee4000] [id=3478]
  0x00007fcb680c9800 ConcurrentGCThread "G1 Refine#0" [stack: 0x00007fcb4c5db000,0x00007fcb4c6db000] [id=3479]
  0x00007fcb680cb800 ConcurrentGCThread "G1 Refine#1" [stack: 0x00007fcb4c4d9000,0x00007fcb4c5d9000] [id=3480]
  0x00007fcb680cd000 ConcurrentGCThread "G1 Refine#2" [stack: 0x00007fcb4c3d7000,0x00007fcb4c4d7000] [id=3481]
  0x00007fcb680cf000 ConcurrentGCThread "G1 Refine#3" [stack: 0x00007fcb4c2d5000,0x00007fcb4c3d5000] [id=3482]
  0x00007fcb680d0800 ConcurrentGCThread "G1 Refine#4" [stack: 0x00007fcb4c1d3000,0x00007fcb4c2d3000] [id=3483]
  0x00007fcb680d2800 ConcurrentGCThread "G1 Refine#5" [stack: 0x00007fcb4c0d1000,0x00007fcb4c1d1000] [id=3484]
  0x00007fcb680d4000 ConcurrentGCThread "G1 Refine#6" [stack: 0x00007fcb2c048000,0x00007fcb2c148000] [id=3485]
  0x00007fcb680d6000 ConcurrentGCThread "G1 Refine#7" [stack: 0x00007fcb03f00000,0x00007fcb04000000] [id=3486]
  0x00007fcb680d7800 ConcurrentGCThread "G1 Young RemSet Sampling" [stack: 0x00007fcb03dfe000,0x00007fcb03efe000] [id=3487]

Threads with active compile tasks:

VM state:not at safepoint (normal execution)

VM Mutex/Monitor currently owned by a thread: None

Heap address: 0x0000000085200000, size: 1966 MB, Compressed Oops mode: 32-bit
Narrow klass base: 0x0000000000000000, Narrow klass shift: 3
Compressed class space size: 1073741824 Address: 0x0000000100000000

Heap:
 garbage-first heap   total 126976K, used 1024K [0x0000000085200000, 0x0000000100000000)
  region size 1024K, 2 young (2048K), 0 survivors (0K)
 Metaspace       used 4857K, capacity 4990K, committed 5120K, reserved 1056768K
  class space    used 398K, capacity 430K, committed 512K, reserved 1048576K
Heap Regions: E=young(eden), S=young(survivor), O=old, HS=humongous(starts), HC=humongous(continues), CS=collection set, F=free, A=archive, TS=gc time stamp, AC=allocation context, TAMS=top-at-mark-start (previous, next)
|   0|0x0000000085200000, 0x0000000085200000, 0x0000000085300000|  0%| F|  |TS  0|AC  0|TAMS 0x0000000085200000, 0x0000000085200000|
|   1|0x0000000085300000, 0x0000000085300000, 0x0000000085400000|  0%| F|  |TS  0|AC  0|TAMS 0x0000000085300000, 0x0000000085300000|
|   2|0x0000000085400000, 0x0000000085400000, 0x0000000085500000|  0%| F|  |TS  0|AC  0|TAMS 0x0000000085400000, 0x0000000085400000|
|   3|0x0000000085500000, 0x0000000085500000, 0x0000000085600000|  0%| F|  |TS  0|AC  0|TAMS 0x0000000085500000, 0x0000000085500000|
|   4|0x0000000085600000, 0x0000000085600000, 0x0000000085700000|  0%| F|  |TS  0|AC  0|TAMS 0x0000000085600000, 0x0000000085600000|
|   5|0x0000000085700000, 0x0000000085700000, 0x0000000085800000|  0%| F|  |TS  0|AC  0|TAMS 0x0000000085700000, 0x0000000085700000|
|   6|0x0000000085800000, 0x0000000085800000, 0x0000000085900000|  0%| F|  |TS  0|AC  0|TAMS 0x0000000085800000, 0x0000000085800000|
|   7|0x0000000085900000, 0x0000000085900000, 0x0000000085a00000|  0%| F|  |TS  0|AC  0|TAMS 0x0000000085900000, 0x0000000085900000|
|   8|0x0000000085a00000, 0x0000000085a00000, 0x0000000085b00000|  0%| F|  |TS  0|AC  0|TAMS 0x0000000085a00000, 0x0000000085a00000|
|   9|0x0000000085b00000, 0x0000000085b00000, 0x0000000085c00000|  0%| F|  |TS  0|AC  0|TAMS 0x0000000085b00000, 0x0000000085b00000|
|  10|0x0000000085c00000, 0x0000000085c00000, 0x0000000085d00000|  0%| F|  |TS  0|AC  0|TAMS 0x0000000085c00000, 0x0000000085c00000|
|  11|0x0000000085d00000, 0x0000000085d00000, 0x0000000085e00000|  0%| F|  |TS  0|AC  0|TAMS 0x0000000085d00000, 0x0000000085d00000|
|  12|0x0000000085e00000, 0x0000000085e00000, 0x0000000085f00000|  0%| F|  |TS  0|AC  0|TAMS 0x0000000085e00000, 0x0000000085e00000|
|  13|0x0000000085f00000, 0x0000000085f00000, 0x0000000086000000|  0%| F|  |TS  0|AC  0|TAMS 0x0000000085f00000, 0x0000000085f00000|
|  14|0x0000000086000000, 0x0000000086000000, 0x0000000086100000|  0%| F|  |TS  0|AC  0|TAMS 0x0000000086000000, 0x0000000086000000|
|  15|0x0000000086100000, 0x0000000086100000, 0x0000000086200000|  0%| F|  |TS  0|AC  0|TAMS 0x0000000086100000, 0x0000000086100000|
|  16|0x0000000086200000, 0x0000000086200000, 0x0000000086300000|  0%| F|  |TS  0|AC  0|TAMS 0x0000000086200000, 0x0000000086200000|
|  17|0x0000000086300000, 0x0000000086300000, 0x0000000086400000|  0%| F|  |TS  0|AC  0|TAMS 0x0000000086300000, 0x0000000086300000|
|  18|0x0000000086400000, 0x0000000086400000, 0x0000000086500000|  0%| F|  |TS  0|AC  0|TAMS 0x0000000086400000, 0x0000000086400000|
|  19|0x0000000086500000, 0x0000000086500000, 0x0000000086600000|  0%| F|  |TS  0|AC  0|TAMS 0x0000000086500000, 0x0000000086500000|
|  20|0x0000000086600000, 0x0000000086600000, 0x0000000086700000|  0%| F|  |TS  0|AC  0|TAMS 0x0000000086600000, 0x0000000086600000|
|  21|0x0000000086700000, 0x0000000086700000, 0x0000000086800000|  0%| F|  |TS  0|AC  0|TAMS 0x0000000086700000, 0x0000000086700000|
|  22|0x0000000086800000, 0x0000000086800000, 0x0000000086900000|  0%| F|  |TS  0|AC  0|TAMS 0x0000000086800000, 0x0000000086800000|
|  23|0x0000000086900000, 0x0000000086900000, 0x0000000086a00000|  0%| F|  |TS  0|AC  0|TAMS 0x0000000086900000, 0x0000000086900000|
|  24|0x0000000086a00000, 0x0000000086a00000, 0x0000000086b00000|  0%| F|  |TS  0|AC  0|TAMS 0x0000000086a00000, 0x0000000086a00000|
|  25|0x0000000086b00000, 0x0000000086b00000, 0x0000000086c00000|  0%| F|  |TS  0|AC  0|TAMS 0x0000000086b00000, 0x0000000086b00000|
|  26|0x0000000086c00000, 0x0000000086c00000, 0x0000000086d00000|  0%| F|  |TS  0|AC  0|TAMS 0x0000000086c00000, 0x0000000086c00000|
|  27|0x0000000086d00000, 0x0000000086d00000, 0x0000000086e00000|  0%| F|  |TS  0|AC  0|TAMS 0x0000000086d00000, 0x0000000086d00000|
|  28|0x0000000086e00000, 0x0000000086e00000, 0x0000000086f00000|  0%| F|  |TS  0|AC  0|TAMS 0x0000000086e00000, 0x0000000086e00000|
|  29|0x0000000086f00000, 0x0000000086f00000, 0x0000000087000000|  0%| F|  |TS  0|AC  0|TAMS 0x0000000086f00000, 0x0000000086f00000|
|  30|0x0000000087000000, 0x0000000087000000, 0x0000000087100000|  0%| F|  |TS  0|AC  0|TAMS 0x0000000087000000, 0x0000000087000000|
|  31|0x0000000087100000, 0x0000000087100000, 0x0000000087200000|  0%| F|  |TS  0|AC  0|TAMS 0x0000000087100000, 0x0000000087100000|
|  32|0x0000000087200000, 0x0000000087200000, 0x0000000087300000|  0%| F|  |TS  0|AC  0|TAMS 0x0000000087200000, 0x0000000087200000|
|  33|0x0000000087300000, 0x0000000087300000, 0x0000000087400000|  0%| F|  |TS  0|AC  0|TAMS 0x0000000087300000, 0x0000000087300000|
|  34|0x0000000087400000, 0x0000000087400000, 0x0000000087500000|  0%| F|  |TS  0|AC  0|TAMS 0x0000000087400000, 0x0000000087400000|
|  35|0x0000000087500000, 0x0000000087500000, 0x0000000087600000|  0%| F|  |TS  0|AC  0|TAMS 0x0000000087500000, 0x0000000087500000|
|  36|0x0000000087600000, 0x0000000087600000, 0x0000000087700000|  0%| F|  |TS  0|AC  0|TAMS 0x0000000087600000, 0x0000000087600000|
|  37|0x0000000087700000, 0x0000000087700000, 0x0000000087800000|  0%| F|  |TS  0|AC  0|TAMS 0x0000000087700000, 0x0000000087700000|
|  38|0x0000000087800000, 0x0000000087800000, 0x0000000087900000|  0%| F|  |TS  0|AC  0|TAMS 0x0000000087800000, 0x0000000087800000|
|  39|0x0000000087900000, 0x0000000087900000, 0x0000000087a00000|  0%| F|  |TS  0|AC  0|TAMS 0x0000000087900000, 0x0000000087900000|
|  40|0x0000000087a00000, 0x0000000087a00000, 0x0000000087b00000|  0%| F|  |TS  0|AC  0|TAMS 0x0000000087a00000, 0x0000000087a00000|
|  41|0x0000000087b00000, 0x0000000087b00000, 0x0000000087c00000|  0%| F|  |TS  0|AC  0|TAMS 0x0000000087b00000, 0x0000000087b00000|
|  42|0x0000000087c00000, 0x0000000087c00000, 0x0000000087d00000|  0%| F|  |TS  0|AC  0|TAMS 0x0000000087c00000, 0x0000000087c00000|
|  43|0x0000000087d00000, 0x0000000087d00000, 0x0000000087e00000|  0%| F|  |TS  0|AC  0|TAMS 0x0000000087d00000, 0x0000000087d00000|
|  44|0x0000000087e00000, 0x0000000087e00000, 0x0000000087f00000|  0%| F|  |TS  0|AC  0|TAMS 0x0000000087e00000, 0x0000000087e00000|
|  45|0x0000000087f00000, 0x0000000087f00000, 0x0000000088000000|  0%| F|  |TS  0|AC  0|TAMS 0x0000000087f00000, 0x0000000087f00000|
|  46|0x0000000088000000, 0x0000000088000000, 0x0000000088100000|  0%| F|  |TS  0|AC  0|TAMS 0x0000000088000000, 0x0000000088000000|
|  47|0x0000000088100000, 0x0000000088100000, 0x0000000088200000|  0%| F|  |TS  0|AC  0|TAMS 0x0000000088100000, 0x0000000088100000|
|  48|0x0000000088200000, 0x0000000088200000, 0x0000000088300000|  0%| F|  |TS  0|AC  0|TAMS 0x0000000088200000, 0x0000000088200000|
|  49|0x0000000088300000, 0x0000000088300000, 0x0000000088400000|  0%| F|  |TS  0|AC  0|TAMS 0x0000000088300000, 0x0000000088300000|
|  50|0x0000000088400000, 0x0000000088400000, 0x0000000088500000|  0%| F|  |TS  0|AC  0|TAMS 0x0000000088400000, 0x0000000088400000|
|  51|0x0000000088500000, 0x0000000088500000, 0x0000000088600000|  0%| F|  |TS  0|AC  0|TAMS 0x0000000088500000, 0x0000000088500000|
|  52|0x0000000088600000, 0x0000000088600000, 0x0000000088700000|  0%| F|  |TS  0|AC  0|TAMS 0x0000000088600000, 0x0000000088600000|
|  53|0x0000000088700000, 0x0000000088700000, 0x0000000088800000|  0%| F|  |TS  0|AC  0|TAMS 0x0000000088700000, 0x0000000088700000|
|  54|0x0000000088800000, 0x0000000088800000, 0x0000000088900000|  0%| F|  |TS  0|AC  0|TAMS 0x0000000088800000, 0x0000000088800000|
|  55|0x0000000088900000, 0x0000000088900000, 0x0000000088a00000|  0%| F|  |TS  0|AC  0|TAMS 0x0000000088900000, 0x0000000088900000|
|  56|0x0000000088a00000, 0x0000000088a00000, 0x0000000088b00000|  0%| F|  |TS  0|AC  0|TAMS 0x0000000088a00000, 0x0000000088a00000|
|  57|0x0000000088b00000, 0x0000000088b00000, 0x0000000088c00000|  0%| F|  |TS  0|AC  0|TAMS 0x0000000088b00000, 0x0000000088b00000|
|  58|0x0000000088c00000, 0x0000000088c00000, 0x0000000088d00000|  0%| F|  |TS  0|AC  0|TAMS 0x0000000088c00000, 0x0000000088c00000|
|  59|0x0000000088d00000, 0x0000000088d00000, 0x0000000088e00000|  0%| F|  |TS  0|AC  0|TAMS 0x0000000088d00000, 0x0000000088d00000|
|  60|0x0000000088e00000, 0x0000000088e00000, 0x0000000088f00000|  0%| F|  |TS  0|AC  0|TAMS 0x0000000088e00000, 0x0000000088e00000|
|  61|0x0000000088f00000, 0x0000000088f00000, 0x0000000089000000|  0%| F|  |TS  0|AC  0|TAMS 0x0000000088f00000, 0x0000000088f00000|
|  62|0x0000000089000000, 0x0000000089000000, 0x0000000089100000|  0%| F|  |TS  0|AC  0|TAMS 0x0000000089000000, 0x0000000089000000|
|  63|0x0000000089100000, 0x0000000089100000, 0x0000000089200000|  0%| F|  |TS  0|AC  0|TAMS 0x0000000089100000, 0x0000000089100000|
|  64|0x0000000089200000, 0x0000000089200000, 0x0000000089300000|  0%| F|  |TS  0|AC  0|TAMS 0x0000000089200000, 0x0000000089200000|
|  65|0x0000000089300000, 0x0000000089300000, 0x0000000089400000|  0%| F|  |TS  0|AC  0|TAMS 0x0000000089300000, 0x0000000089300000|
|  66|0x0000000089400000, 0x0000000089400000, 0x0000000089500000|  0%| F|  |TS  0|AC  0|TAMS 0x0000000089400000, 0x0000000089400000|
|  67|0x0000000089500000, 0x0000000089500000, 0x0000000089600000|  0%| F|  |TS  0|AC  0|TAMS 0x0000000089500000, 0x0000000089500000|
|  68|0x0000000089600000, 0x0000000089600000, 0x0000000089700000|  0%| F|  |TS  0|AC  0|TAMS 0x0000000089600000, 0x0000000089600000|
|  69|0x0000000089700000, 0x0000000089700000, 0x0000000089800000|  0%| F|  |TS  0|AC  0|TAMS 0x0000000089700000, 0x0000000089700000|
|  70|0x0000000089800000, 0x0000000089800000, 0x0000000089900000|  0%| F|  |TS  0|AC  0|TAMS 0x0000000089800000, 0x0000000089800000|
|  71|0x0000000089900000, 0x0000000089900000, 0x0000000089a00000|  0%| F|  |TS  0|AC  0|TAMS 0x0000000089900000, 0x0000000089900000|
|  72|0x0000000089a00000, 0x0000000089a00000, 0x0000000089b00000|  0%| F|  |TS  0|AC  0|TAMS 0x0000000089a00000, 0x0000000089a00000|
|  73|0x0000000089b00000, 0x0000000089b00000, 0x0000000089c00000|  0%| F|  |TS  0|AC  0|TAMS 0x0000000089b00000, 0x0000000089b00000|
|  74|0x0000000089c00000, 0x0000000089c00000, 0x0000000089d00000|  0%| F|  |TS  0|AC  0|TAMS 0x0000000089c00000, 0x0000000089c00000|
|  75|0x0000000089d00000, 0x0000000089d00000, 0x0000000089e00000|  0%| F|  |TS  0|AC  0|TAMS 0x0000000089d00000, 0x0000000089d00000|
|  76|0x0000000089e00000, 0x0000000089e00000, 0x0000000089f00000|  0%| F|  |TS  0|AC  0|TAMS 0x0000000089e00000, 0x0000000089e00000|
|  77|0x0000000089f00000, 0x0000000089f00000, 0x000000008a000000|  0%| F|  |TS  0|AC  0|TAMS 0x0000000089f00000, 0x0000000089f00000|
|  78|0x000000008a000000, 0x000000008a000000, 0x000000008a100000|  0%| F|  |TS  0|AC  0|TAMS 0x000000008a000000, 0x000000008a000000|
|  79|0x000000008a100000, 0x000000008a100000, 0x000000008a200000|  0%| F|  |TS  0|AC  0|TAMS 0x000000008a100000, 0x000000008a100000|
|  80|0x000000008a200000, 0x000000008a200000, 0x000000008a300000|  0%| F|  |TS  0|AC  0|TAMS 0x000000008a200000, 0x000000008a200000|
|  81|0x000000008a300000, 0x000000008a300000, 0x000000008a400000|  0%| F|  |TS  0|AC  0|TAMS 0x000000008a300000, 0x000000008a300000|
|  82|0x000000008a400000, 0x000000008a400000, 0x000000008a500000|  0%| F|  |TS  0|AC  0|TAMS 0x000000008a400000, 0x000000008a400000|
|  83|0x000000008a500000, 0x000000008a500000, 0x000000008a600000|  0%| F|  |TS  0|AC  0|TAMS 0x000000008a500000, 0x000000008a500000|
|  84|0x000000008a600000, 0x000000008a600000, 0x000000008a700000|  0%| F|  |TS  0|AC  0|TAMS 0x000000008a600000, 0x000000008a600000|
|  85|0x000000008a700000, 0x000000008a700000, 0x000000008a800000|  0%| F|  |TS  0|AC  0|TAMS 0x000000008a700000, 0x000000008a700000|
|  86|0x000000008a800000, 0x000000008a800000, 0x000000008a900000|  0%| F|  |TS  0|AC  0|TAMS 0x000000008a800000, 0x000000008a800000|
|  87|0x000000008a900000, 0x000000008a900000, 0x000000008aa00000|  0%| F|  |TS  0|AC  0|TAMS 0x000000008a900000, 0x000000008a900000|
|  88|0x000000008aa00000, 0x000000008aa00000, 0x000000008ab00000|  0%| F|  |TS  0|AC  0|TAMS 0x000000008aa00000, 0x000000008aa00000|
|  89|0x000000008ab00000, 0x000000008ab00000, 0x000000008ac00000|  0%| F|  |TS  0|AC  0|TAMS 0x000000008ab00000, 0x000000008ab00000|
|  90|0x000000008ac00000, 0x000000008ac00000, 0x000000008ad00000|  0%| F|  |TS  0|AC  0|TAMS 0x000000008ac00000, 0x000000008ac00000|
|  91|0x000000008ad00000, 0x000000008ad00000, 0x000000008ae00000|  0%| F|  |TS  0|AC  0|TAMS 0x000000008ad00000, 0x000000008ad00000|
|  92|0x000000008ae00000, 0x000000008ae00000, 0x000000008af00000|  0%| F|  |TS  0|AC  0|TAMS 0x000000008ae00000, 0x000000008ae00000|
|  93|0x000000008af00000, 0x000000008af00000, 0x000000008b000000|  0%| F|  |TS  0|AC  0|TAMS 0x000000008af00000, 0x000000008af00000|
|  94|0x000000008b000000, 0x000000008b000000, 0x000000008b100000|  0%| F|  |TS  0|AC  0|TAMS 0x000000008b000000, 0x000000008b000000|
|  95|0x000000008b100000, 0x000000008b100000, 0x000000008b200000|  0%| F|  |TS  0|AC  0|TAMS 0x000000008b100000, 0x000000008b100000|
|  96|0x000000008b200000, 0x000000008b200000, 0x000000008b300000|  0%| F|  |TS  0|AC  0|TAMS 0x000000008b200000, 0x000000008b200000|
|  97|0x000000008b300000, 0x000000008b300000, 0x000000008b400000|  0%| F|  |TS  0|AC  0|TAMS 0x000000008b300000, 0x000000008b300000|
|  98|0x000000008b400000, 0x000000008b400000, 0x000000008b500000|  0%| F|  |TS  0|AC  0|TAMS 0x000000008b400000, 0x000000008b400000|
|  99|0x000000008b500000, 0x000000008b500000, 0x000000008b600000|  0%| F|  |TS  0|AC  0|TAMS 0x000000008b500000, 0x000000008b500000|
| 100|0x000000008b600000, 0x000000008b600000, 0x000000008b700000|  0%| F|  |TS  0|AC  0|TAMS 0x000000008b600000, 0x000000008b600000|
| 101|0x000000008b700000, 0x000000008b700000, 0x000000008b800000|  0%| F|  |TS  0|AC  0|TAMS 0x000000008b700000, 0x000000008b700000|
| 102|0x000000008b800000, 0x000000008b800000, 0x000000008b900000|  0%| F|  |TS  0|AC  0|TAMS 0x000000008b800000, 0x000000008b800000|
| 103|0x000000008b900000, 0x000000008b900000, 0x000000008ba00000|  0%| F|  |TS  0|AC  0|TAMS 0x000000008b900000, 0x000000008b900000|
| 104|0x000000008ba00000, 0x000000008ba00000, 0x000000008bb00000|  0%| F|  |TS  0|AC  0|TAMS 0x000000008ba00000, 0x000000008ba00000|
| 105|0x000000008bb00000, 0x000000008bb00000, 0x000000008bc00000|  0%| F|  |TS  0|AC  0|TAMS 0x000000008bb00000, 0x000000008bb00000|
| 106|0x000000008bc00000, 0x000000008bc00000, 0x000000008bd00000|  0%| F|  |TS  0|AC  0|TAMS 0x000000008bc00000, 0x000000008bc00000|
| 107|0x000000008bd00000, 0x000000008bd00000, 0x000000008be00000|  0%| F|  |TS  0|AC  0|TAMS 0x000000008bd00000, 0x000000008bd00000|
| 108|0x000000008be00000, 0x000000008be00000, 0x000000008bf00000|  0%| F|  |TS  0|AC  0|TAMS 0x000000008be00000, 0x000000008be00000|
| 109|0x000000008bf00000, 0x000000008bf00000, 0x000000008c000000|  0%| F|  |TS  0|AC  0|TAMS 0x000000008bf00000, 0x000000008bf00000|
| 110|0x000000008c000000, 0x000000008c000000, 0x000000008c100000|  0%| F|  |TS  0|AC  0|TAMS 0x000000008c000000, 0x000000008c000000|
| 111|0x000000008c100000, 0x000000008c100000, 0x000000008c200000|  0%| F|  |TS  0|AC  0|TAMS 0x000000008c100000, 0x000000008c100000|
| 112|0x000000008c200000, 0x000000008c200000, 0x000000008c300000|  0%| F|  |TS  0|AC  0|TAMS 0x000000008c200000, 0x000000008c200000|
| 113|0x000000008c300000, 0x000000008c300000, 0x000000008c400000|  0%| F|  |TS  0|AC  0|TAMS 0x000000008c300000, 0x000000008c300000|
| 114|0x000000008c400000, 0x000000008c400000, 0x000000008c500000|  0%| F|  |TS  0|AC  0|TAMS 0x000000008c400000, 0x000000008c400000|
| 115|0x000000008c500000, 0x000000008c500000, 0x000000008c600000|  0%| F|  |TS  0|AC  0|TAMS 0x000000008c500000, 0x000000008c500000|
| 116|0x000000008c600000, 0x000000008c600000, 0x000000008c700000|  0%| F|  |TS  0|AC  0|TAMS 0x000000008c600000, 0x000000008c600000|
| 117|0x000000008c700000, 0x000000008c700000, 0x000000008c800000|  0%| F|  |TS  0|AC  0|TAMS 0x000000008c700000, 0x000000008c700000|
| 118|0x000000008c800000, 0x000000008c800000, 0x000000008c900000|  0%| F|  |TS  0|AC  0|TAMS 0x000000008c800000, 0x000000008c800000|
| 119|0x000000008c900000, 0x000000008c900000, 0x000000008ca00000|  0%| F|  |TS  0|AC  0|TAMS 0x000000008c900000, 0x000000008c900000|
| 120|0x000000008ca00000, 0x000000008ca00000, 0x000000008cb00000|  0%| F|  |TS  0|AC  0|TAMS 0x000000008ca00000, 0x000000008ca00000|
| 121|0x000000008cb00000, 0x000000008cb00000, 0x000000008cc00000|  0%| F|  |TS  0|AC  0|TAMS 0x000000008cb00000, 0x000000008cb00000|
| 122|0x000000008cc00000, 0x000000008ccf6970, 0x000000008cd00000| 96%| E|  |TS  0|AC  0|TAMS 0x000000008cc00000, 0x000000008cc00000|
| 123|0x000000008cd00000, 0x000000008ce00000, 0x000000008ce00000|100%| E|CS|TS  0|AC  0|TAMS 0x000000008cd00000, 0x000000008cd00000|

Card table byte_map: [0x00007fcb4f377000,0x00007fcb4f74e000] byte_map_base: 0x00007fcb4ef4e000

Marking Bits (Prev, Next): (CMBitMap*) 0x00007fcb6805ce80, (CMBitMap*) 0x00007fcb6805ceb8
 Prev Bits: [0x00007fcb4d0e8000, 0x00007fcb4efa0000)
 Next Bits: [0x00007fcb2e148000, 0x00007fcb30000000)

Polling page: 0x00007fcb71009000

CodeHeap 'non-profiled nmethods': size=120032Kb used=23Kb max_used=23Kb free=120008Kb
 bounds [0x00007fcb575ed000, 0x00007fcb5785d000, 0x00007fcb5eb25000]
CodeHeap 'profiled nmethods': size=120028Kb used=137Kb max_used=137Kb free=119890Kb
 bounds [0x00007fcb500b6000, 0x00007fcb50326000, 0x00007fcb575ed000]
CodeHeap 'non-nmethods': size=5700Kb used=1019Kb max_used=1031Kb free=4680Kb
 bounds [0x00007fcb4fb25000, 0x00007fcb4fd95000, 0x00007fcb500b6000]
 total_blobs=469 nmethods=102 adapters=222
 compilation: enabled

Compilation events (10 events):
Event: 0.096 Thread 0x00007fcb6815e800   99       3       java.lang.StringBuilder::append (8 bytes)
Event: 0.096 Thread 0x00007fcb6815e800 nmethod 99 0x00007fcb500d5b10 code [0x00007fcb500d5cc0, 0x00007fcb500d5e68]
Event: 0.096 Thread 0x00007fcb6815e800  100       3       java.lang.AbstractStringBuilder::append (45 bytes)
Event: 0.096 Thread 0x00007fcb6815a800 nmethod 98 0x00007fcb575f2a10 code [0x00007fcb575f2ba0, 0x00007fcb575f2bf8]
Event: 0.096 Thread 0x00007fcb6815e800 nmethod 100 0x00007fcb500d5f10 code [0x00007fcb500d6140, 0x00007fcb500d66b8]
Event: 0.097 Thread 0x00007fcb6815e800  101       3       java.lang.Character::toLowerCase (9 bytes)
Event: 0.097 Thread 0x00007fcb6815e800 nmethod 101 0x00007fcb500d6910 code [0x00007fcb500d6ae0, 0x00007fcb500d6d18]
Event: 0.097 Thread 0x00007fcb6815e800  102       3       java.lang.CharacterDataLatin1::toLowerCase (39 bytes)
Event: 0.097 Thread 0x00007fcb6815e800 nmethod 102 0x00007fcb500d6e10 code [0x00007fcb500d6fe0, 0x00007fcb500d7270]
Event: 0.102 Thread 0x00007fcb6815e800  103       3       java.util.Arrays::copyOfRange (63 bytes)

GC Heap History (0 events):
No events

Deoptimization events (1 events):
Event: 0.065 Thread 0x00007fcb68012000 Uncommon trap: reason=unstable_if action=reinterpret pc=0x00007fcb575f21ec method=java.lang.String.hashCode()I @ 14 c2

Classes redefined (0 events):
No events

Internal exceptions (0 events):
No events

Events (10 events):
Event: 0.095 loading class com/cyberbotics/webots/controller/Mouse
Event: 0.095 loading class com/cyberbotics/webots/controller/Mouse done
Event: 0.096 loading class com/cyberbotics/webots/controller/Camera
Event: 0.096 loading class com/cyberbotics/webots/controller/Camera done
Event: 0.096 loading class com/cyberbotics/webots/controller/Device
Event: 0.096 loading class com/cyberbotics/webots/controller/Device done
Event: 0.097 loading class com/cyberbotics/webots/controller/DistanceSensor
Event: 0.097 loading class com/cyberbotics/webots/controller/DistanceSensor done
Event: 0.097 loading class com/cyberbotics/webots/controller/Motion
Event: 0.097 loading class com/cyberbotics/webots/controller/Motion done


Dynamic libraries:
85200000-8ce00000 rw-p 00000000 00:00 0 
8ce00000-100000000 ---p 00000000 00:00 0 
100000000-100080000 rw-p 00000000 00:00 0 
100080000-140000000 ---p 00000000 00:00 0 
557260478000-557260479000 r-xp 00000000 08:01 23598097                   /usr/lib/jvm/java-11-openjdk-amd64/bin/java
557260679000-55726067a000 r--p 00001000 08:01 23598097                   /usr/lib/jvm/java-11-openjdk-amd64/bin/java
55726067a000-55726067b000 rw-p 00002000 08:01 23598097                   /usr/lib/jvm/java-11-openjdk-amd64/bin/java
5572624d4000-5572624f5000 rw-p 00000000 00:00 0                          [heap]
7fcac0000000-7fcac0021000 rw-p 00000000 00:00 0 
7fcac0021000-7fcac4000000 ---p 00000000 00:00 0 
7fcac8000000-7fcac8021000 rw-p 00000000 00:00 0 
7fcac8021000-7fcacc000000 ---p 00000000 00:00 0 
7fcacc000000-7fcacc021000 rw-p 00000000 00:00 0 
7fcacc021000-7fcad0000000 ---p 00000000 00:00 0 
7fcad0000000-7fcad0086000 rw-p 00000000 00:00 0 
7fcad0086000-7fcad4000000 ---p 00000000 00:00 0 
7fcad4000000-7fcad4021000 rw-p 00000000 00:00 0 
7fcad4021000-7fcad8000000 ---p 00000000 00:00 0 
7fcad8000000-7fcad8021000 rw-p 00000000 00:00 0 
7fcad8021000-7fcadc000000 ---p 00000000 00:00 0 
7fcadc000000-7fcadc021000 rw-p 00000000 00:00 0 
7fcadc021000-7fcae0000000 ---p 00000000 00:00 0 
7fcae0000000-7fcae0021000 rw-p 00000000 00:00 0 
7fcae0021000-7fcae4000000 ---p 00000000 00:00 0 
7fcae4000000-7fcae4086000 rw-p 00000000 00:00 0 
7fcae4086000-7fcae8000000 ---p 00000000 00:00 0 
7fcae8000000-7fcae8021000 rw-p 00000000 00:00 0 
7fcae8021000-7fcaec000000 ---p 00000000 00:00 0 
7fcaec000000-7fcaec021000 rw-p 00000000 00:00 0 
7fcaec021000-7fcaf0000000 ---p 00000000 00:00 0 
7fcaf0000000-7fcaf0021000 rw-p 00000000 00:00 0 
7fcaf0021000-7fcaf4000000 ---p 00000000 00:00 0 
7fcaf4000000-7fcaf4021000 rw-p 00000000 00:00 0 
7fcaf4021000-7fcaf8000000 ---p 00000000 00:00 0 
7fcaf8000000-7fcaf8021000 rw-p 00000000 00:00 0 
7fcaf8021000-7fcafc000000 ---p 00000000 00:00 0 
7fcafc000000-7fcafc021000 rw-p 00000000 00:00 0 
7fcafc021000-7fcb00000000 ---p 00000000 00:00 0 
7fcb0102f000-7fcb0103a000 r-xp 00000000 08:01 27920412                   /home/pc/Downloads/webots/lib/libjbig.so.0
7fcb0103a000-7fcb01239000 ---p 0000b000 08:01 27920412                   /home/pc/Downloads/webots/lib/libjbig.so.0
7fcb01239000-7fcb0123a000 r--p 0000a000 08:01 27920412                   /home/pc/Downloads/webots/lib/libjbig.so.0
7fcb0123a000-7fcb0123d000 rw-p 0000b000 08:01 27920412                   /home/pc/Downloads/webots/lib/libjbig.so.0
7fcb0123d000-7fcb01261000 r-xp 00000000 08:01 14684814                   /lib/x86_64-linux-gnu/liblzma.so.5.2.2
7fcb01261000-7fcb01461000 ---p 00024000 08:01 14684814                   /lib/x86_64-linux-gnu/liblzma.so.5.2.2
7fcb01461000-7fcb01462000 r--p 00024000 08:01 14684814                   /lib/x86_64-linux-gnu/liblzma.so.5.2.2
7fcb01462000-7fcb01463000 rw-p 00025000 08:01 14684814                   /lib/x86_64-linux-gnu/liblzma.so.5.2.2
7fcb01463000-7fcb01487000 r-xp 00000000 08:01 27920444                   /home/pc/Downloads/webots/lib/libpng12.so.0
7fcb01487000-7fcb01686000 ---p 00024000 08:01 27920444                   /home/pc/Downloads/webots/lib/libpng12.so.0
7fcb01686000-7fcb01687000 r--p 00023000 08:01 27920444                   /home/pc/Downloads/webots/lib/libpng12.so.0
7fcb01687000-7fcb01688000 rw-p 00024000 08:01 27920444                   /home/pc/Downloads/webots/lib/libpng12.so.0
7fcb01688000-7fcb016df000 r-xp 00000000 08:01 27920405                   /home/pc/Downloads/webots/lib/libjpeg.so.8
7fcb016df000-7fcb018df000 ---p 00057000 08:01 27920405                   /home/pc/Downloads/webots/lib/libjpeg.so.8
7fcb018df000-7fcb018e0000 r--p 00057000 08:01 27920405                   /home/pc/Downloads/webots/lib/libjpeg.so.8
7fcb018e0000-7fcb018e1000 rw-p 00058000 08:01 27920405                   /home/pc/Downloads/webots/lib/libjpeg.so.8
7fcb018e1000-7fcb01952000 r-xp 00000000 08:01 27920407                   /home/pc/Downloads/webots/lib/libtiff.so.5
7fcb01952000-7fcb01b52000 ---p 00071000 08:01 27920407                   /home/pc/Downloads/webots/lib/libtiff.so.5
7fcb01b52000-7fcb01b53000 r--p 00071000 08:01 27920407                   /home/pc/Downloads/webots/lib/libtiff.so.5
7fcb01b53000-7fcb01b56000 rw-p 00072000 08:01 27920407                   /home/pc/Downloads/webots/lib/libtiff.so.5
7fcb01b56000-7fcb01ba2000 r-xp 00000000 08:01 27920416                   /home/pc/Downloads/webots/lib/libController.so
7fcb01ba2000-7fcb01da1000 ---p 0004c000 08:01 27920416                   /home/pc/Downloads/webots/lib/libController.so
7fcb01da1000-7fcb01da2000 r--p 0004b000 08:01 27920416                   /home/pc/Downloads/webots/lib/libController.so
7fcb01da2000-7fcb01da3000 rw-p 0004c000 08:01 27920416                   /home/pc/Downloads/webots/lib/libController.so
7fcb01da3000-7fcb01da4000 rw-p 00000000 00:00 0 
7fcb01da4000-7fcb01dde000 r-xp 00000000 08:01 27920467                   /home/pc/Downloads/webots/lib/libCppController.so
7fcb01dde000-7fcb01fdd000 ---p 0003a000 08:01 27920467                   /home/pc/Downloads/webots/lib/libCppController.so
7fcb01fdd000-7fcb01fdf000 r--p 00039000 08:01 27920467                   /home/pc/Downloads/webots/lib/libCppController.so
7fcb01fdf000-7fcb01fe1000 rw-p 0003b000 08:01 27920467                   /home/pc/Downloads/webots/lib/libCppController.so
7fcb01fe1000-7fcb0201d000 r-xp 00000000 08:01 27920367                   /home/pc/Downloads/webots/lib/java/libJavaController.so
7fcb0201d000-7fcb0221c000 ---p 0003c000 08:01 27920367                   /home/pc/Downloads/webots/lib/java/libJavaController.so
7fcb0221c000-7fcb0221d000 r--p 0003b000 08:01 27920367                   /home/pc/Downloads/webots/lib/java/libJavaController.so
7fcb0221d000-7fcb0221e000 rw-p 0003c000 08:01 27920367                   /home/pc/Downloads/webots/lib/java/libJavaController.so
7fcb0221e000-7fcb02235000 r-xp 00000000 08:01 23598500                   /usr/lib/jvm/java-11-openjdk-amd64/lib/libnet.so
7fcb02235000-7fcb02434000 ---p 00017000 08:01 23598500                   /usr/lib/jvm/java-11-openjdk-amd64/lib/libnet.so
7fcb02434000-7fcb02435000 r--p 00016000 08:01 23598500                   /usr/lib/jvm/java-11-openjdk-amd64/lib/libnet.so
7fcb02435000-7fcb02436000 rw-p 00017000 08:01 23598500                   /usr/lib/jvm/java-11-openjdk-amd64/lib/libnet.so
7fcb02436000-7fcb02447000 r-xp 00000000 08:01 23598501                   /usr/lib/jvm/java-11-openjdk-amd64/lib/libnio.so
7fcb02447000-7fcb02646000 ---p 00011000 08:01 23598501                   /usr/lib/jvm/java-11-openjdk-amd64/lib/libnio.so
7fcb02646000-7fcb02647000 r--p 00010000 08:01 23598501                   /usr/lib/jvm/java-11-openjdk-amd64/lib/libnio.so
7fcb02647000-7fcb02648000 rw-p 00011000 08:01 23598501                   /usr/lib/jvm/java-11-openjdk-amd64/lib/libnio.so
7fcb02648000-7fcb0264c000 ---p 00000000 00:00 0 
7fcb0264c000-7fcb02749000 rw-p 00000000 00:00 0 
7fcb02749000-7fcb0274a000 ---p 00000000 00:00 0 
7fcb0274a000-7fcb0284b000 rw-p 00000000 00:00 0 
7fcb0284b000-7fcb0284f000 ---p 00000000 00:00 0 
7fcb0284f000-7fcb0294c000 rw-p 00000000 00:00 0 
7fcb0294c000-7fcb02950000 ---p 00000000 00:00 0 
7fcb02950000-7fcb02a4d000 rw-p 00000000 00:00 0 
7fcb02a4d000-7fcb02a51000 ---p 00000000 00:00 0 
7fcb02a51000-7fcb02b4e000 rw-p 00000000 00:00 0 
7fcb02b4e000-7fcb02b52000 ---p 00000000 00:00 0 
7fcb02b52000-7fcb02c4f000 rw-p 00000000 00:00 0 
7fcb02c4f000-7fcb02c53000 ---p 00000000 00:00 0 
7fcb02c53000-7fcb02d50000 rw-p 00000000 00:00 0 
7fcb02d50000-7fcb02d54000 ---p 00000000 00:00 0 
7fcb02d54000-7fcb02e51000 rw-p 00000000 00:00 0 
7fcb02e51000-7fcb02e55000 ---p 00000000 00:00 0 
7fcb02e55000-7fcb02f52000 rw-p 00000000 00:00 0 
7fcb02f52000-7fcb03282000 r--p 00000000 08:01 23598983                   /usr/lib/locale/locale-archive
7fcb03282000-7fcb03286000 ---p 00000000 00:00 0 
7fcb03286000-7fcb03383000 rw-p 00000000 00:00 0 
7fcb03383000-7fcb03387000 ---p 00000000 00:00 0 
7fcb03387000-7fcb03484000 rw-p 00000000 00:00 0 
7fcb03484000-7fcb03485000 ---p 00000000 00:00 0 
7fcb03485000-7fcb03a7c000 rw-p 00000000 00:00 0 
7fcb03a7c000-7fcb03dfc000 ---p 00000000 00:00 0 
7fcb03dfc000-7fcb03dfd000 ---p 00000000 00:00 0 
7fcb03dfd000-7fcb03efe000 rw-p 00000000 00:00 0 
7fcb03efe000-7fcb03eff000 ---p 00000000 00:00 0 
7fcb03eff000-7fcb04000000 rw-p 00000000 00:00 0 
7fcb04000000-7fcb04021000 rw-p 00000000 00:00 0 
7fcb04021000-7fcb08000000 ---p 00000000 00:00 0 
7fcb08000000-7fcb08021000 rw-p 00000000 00:00 0 
7fcb08021000-7fcb0c000000 ---p 00000000 00:00 0 
7fcb0c000000-7fcb0c021000 rw-p 00000000 00:00 0 
7fcb0c021000-7fcb10000000 ---p 00000000 00:00 0 
7fcb10000000-7fcb10021000 rw-p 00000000 00:00 0 
7fcb10021000-7fcb14000000 ---p 00000000 00:00 0 
7fcb14000000-7fcb14021000 rw-p 00000000 00:00 0 
7fcb14021000-7fcb18000000 ---p 00000000 00:00 0 
7fcb18000000-7fcb18021000 rw-p 00000000 00:00 0 
7fcb18021000-7fcb1c000000 ---p 00000000 00:00 0 
7fcb1c000000-7fcb1c021000 rw-p 00000000 00:00 0 
7fcb1c021000-7fcb20000000 ---p 00000000 00:00 0 
7fcb20000000-7fcb20021000 rw-p 00000000 00:00 0 
7fcb20021000-7fcb24000000 ---p 00000000 00:00 0 
7fcb24000000-7fcb24021000 rw-p 00000000 00:00 0 
7fcb24021000-7fcb28000000 ---p 00000000 00:00 0 
7fcb28000000-7fcb28021000 rw-p 00000000 00:00 0 
7fcb28021000-7fcb2c000000 ---p 00000000 00:00 0 
7fcb2c046000-7fcb2c047000 ---p 00000000 00:00 0 
7fcb2c047000-7fcb2e338000 rw-p 00000000 00:00 0 
7fcb2e338000-7fcb30000000 ---p 00000000 00:00 0 
7fcb30000000-7fcb30021000 rw-p 00000000 00:00 0 
7fcb30021000-7fcb34000000 ---p 00000000 00:00 0 
7fcb34000000-7fcb34021000 rw-p 00000000 00:00 0 
7fcb34021000-7fcb38000000 ---p 00000000 00:00 0 
7fcb38000000-7fcb38021000 rw-p 00000000 00:00 0 
7fcb38021000-7fcb3c000000 ---p 00000000 00:00 0 
7fcb3c000000-7fcb3c021000 rw-p 00000000 00:00 0 
7fcb3c021000-7fcb40000000 ---p 00000000 00:00 0 
7fcb40000000-7fcb40021000 rw-p 00000000 00:00 0 
7fcb40021000-7fcb44000000 ---p 00000000 00:00 0 
7fcb44000000-7fcb44021000 rw-p 00000000 00:00 0 
7fcb44021000-7fcb48000000 ---p 00000000 00:00 0 
7fcb48000000-7fcb48021000 rw-p 00000000 00:00 0 
7fcb48021000-7fcb4c000000 ---p 00000000 00:00 0 
7fcb4c01b000-7fcb4c0cf000 rw-p 00000000 00:00 0 
7fcb4c0cf000-7fcb4c0d0000 ---p 00000000 00:00 0 
7fcb4c0d0000-7fcb4c1d1000 rw-p 00000000 00:00 0 
7fcb4c1d1000-7fcb4c1d2000 ---p 00000000 00:00 0 
7fcb4c1d2000-7fcb4c2d3000 rw-p 00000000 00:00 0 
7fcb4c2d3000-7fcb4c2d4000 ---p 00000000 00:00 0 
7fcb4c2d4000-7fcb4c3d5000 rw-p 00000000 00:00 0 
7fcb4c3d5000-7fcb4c3d6000 ---p 00000000 00:00 0 
7fcb4c3d6000-7fcb4c4d7000 rw-p 00000000 00:00 0 
7fcb4c4d7000-7fcb4c4d8000 ---p 00000000 00:00 0 
7fcb4c4d8000-7fcb4c5d9000 rw-p 00000000 00:00 0 
7fcb4c5d9000-7fcb4c5da000 ---p 00000000 00:00 0 
7fcb4c5da000-7fcb4cde2000 rw-p 00000000 00:00 0 
7fcb4cde2000-7fcb4cde3000 ---p 00000000 00:00 0 
7fcb4cde3000-7fcb4cee4000 rw-p 00000000 00:00 0 
7fcb4cee4000-7fcb4cee5000 ---p 00000000 00:00 0 
7fcb4cee5000-7fcb4cfe6000 rw-p 00000000 00:00 0 
7fcb4cfe6000-7fcb4cfe7000 ---p 00000000 00:00 0 
7fcb4cfe7000-7fcb4d2d8000 rw-p 00000000 00:00 0 
7fcb4d2d8000-7fcb4efa0000 ---p 00000000 00:00 0 
7fcb4efa0000-7fcb4efde000 rw-p 00000000 00:00 0 
7fcb4efde000-7fcb4f377000 ---p 00000000 00:00 0 
7fcb4f377000-7fcb4f3b5000 rw-p 00000000 00:00 0 
7fcb4f3b5000-7fcb4f74e000 ---p 00000000 00:00 0 
7fcb4f74e000-7fcb4f78c000 rw-p 00000000 00:00 0 
7fcb4f78c000-7fcb4fb25000 ---p 00000000 00:00 0 
7fcb4fb25000-7fcb4fd95000 rwxp 00000000 00:00 0 
7fcb4fd95000-7fcb500b6000 ---p 00000000 00:00 0 
7fcb500b6000-7fcb50326000 rwxp 00000000 00:00 0 
7fcb50326000-7fcb575ed000 ---p 00000000 00:00 0 
7fcb575ed000-7fcb5785d000 rwxp 00000000 00:00 0 
7fcb5785d000-7fcb5eb25000 ---p 00000000 00:00 0 
7fcb5eb25000-7fcb68000000 r--s 00000000 08:01 23598511                   /usr/lib/jvm/java-11-openjdk-amd64/lib/modules
7fcb68000000-7fcb6827d000 rw-p 00000000 00:00 0 
7fcb6827d000-7fcb6c000000 ---p 00000000 00:00 0 
7fcb6c000000-7fcb6c909000 rw-p 00000000 00:00 0 
7fcb6c909000-7fcb6c90a000 ---p 00000000 00:00 0 
7fcb6c90a000-7fcb6ca0b000 rw-p 00000000 00:00 0 
7fcb6ca0b000-7fcb6ca0c000 ---p 00000000 00:00 0 
7fcb6ca0c000-7fcb6cb0d000 rw-p 00000000 00:00 0 
7fcb6cb0d000-7fcb6cb0e000 ---p 00000000 00:00 0 
7fcb6cb0e000-7fcb6cc0f000 rw-p 00000000 00:00 0 
7fcb6cc0f000-7fcb6cc10000 ---p 00000000 00:00 0 
7fcb6cc10000-7fcb6cd11000 rw-p 00000000 00:00 0 
7fcb6cd11000-7fcb6cd12000 ---p 00000000 00:00 0 
7fcb6cd12000-7fcb6ce13000 rw-p 00000000 00:00 0 
7fcb6ce13000-7fcb6ce14000 ---p 00000000 00:00 0 
7fcb6ce14000-7fcb6cf15000 rw-p 00000000 00:00 0 
7fcb6cf15000-7fcb6cf16000 ---p 00000000 00:00 0 
7fcb6cf16000-7fcb6d017000 rw-p 00000000 00:00 0 
7fcb6d017000-7fcb6d018000 ---p 00000000 00:00 0 
7fcb6d018000-7fcb6d11e000 rw-p 00000000 00:00 0 
7fcb6d11e000-7fcb6d204000 ---p 00000000 00:00 0 
7fcb6d204000-7fcb6d209000 rw-p 00000000 00:00 0 
7fcb6d209000-7fcb6d2ef000 ---p 00000000 00:00 0 
7fcb6d2ef000-7fcb6d2f4000 r-xp 00000000 08:01 23598491                   /usr/lib/jvm/java-11-openjdk-amd64/lib/libjimage.so
7fcb6d2f4000-7fcb6d4f3000 ---p 00005000 08:01 23598491                   /usr/lib/jvm/java-11-openjdk-amd64/lib/libjimage.so
7fcb6d4f3000-7fcb6d4f4000 r--p 00004000 08:01 23598491                   /usr/lib/jvm/java-11-openjdk-amd64/lib/libjimage.so
7fcb6d4f4000-7fcb6d4f5000 rw-p 00005000 08:01 23598491                   /usr/lib/jvm/java-11-openjdk-amd64/lib/libjimage.so
7fcb6d4f5000-7fcb6d4fc000 r-xp 00000000 08:01 23598510                   /usr/lib/jvm/java-11-openjdk-amd64/lib/libzip.so
7fcb6d4fc000-7fcb6d6fb000 ---p 00007000 08:01 23598510                   /usr/lib/jvm/java-11-openjdk-amd64/lib/libzip.so
7fcb6d6fb000-7fcb6d6fc000 r--p 00006000 08:01 23598510                   /usr/lib/jvm/java-11-openjdk-amd64/lib/libzip.so
7fcb6d6fc000-7fcb6d6fd000 rw-p 00007000 08:01 23598510                   /usr/lib/jvm/java-11-openjdk-amd64/lib/libzip.so
7fcb6d6fd000-7fcb6d708000 r-xp 00000000 08:01 14684844                   /lib/x86_64-linux-gnu/libnss_files-2.27.so
7fcb6d708000-7fcb6d907000 ---p 0000b000 08:01 14684844                   /lib/x86_64-linux-gnu/libnss_files-2.27.so
7fcb6d907000-7fcb6d908000 r--p 0000a000 08:01 14684844                   /lib/x86_64-linux-gnu/libnss_files-2.27.so
7fcb6d908000-7fcb6d909000 rw-p 0000b000 08:01 14684844                   /lib/x86_64-linux-gnu/libnss_files-2.27.so
7fcb6d909000-7fcb6d90f000 rw-p 00000000 00:00 0 
7fcb6d90f000-7fcb6d926000 r-xp 00000000 08:01 14684838                   /lib/x86_64-linux-gnu/libnsl-2.27.so
7fcb6d926000-7fcb6db25000 ---p 00017000 08:01 14684838                   /lib/x86_64-linux-gnu/libnsl-2.27.so
7fcb6db25000-7fcb6db26000 r--p 00016000 08:01 14684838                   /lib/x86_64-linux-gnu/libnsl-2.27.so
7fcb6db26000-7fcb6db27000 rw-p 00017000 08:01 14684838                   /lib/x86_64-linux-gnu/libnsl-2.27.so
7fcb6db27000-7fcb6db29000 rw-p 00000000 00:00 0 
7fcb6db29000-7fcb6db34000 r-xp 00000000 08:01 14684855                   /lib/x86_64-linux-gnu/libnss_nis-2.27.so
7fcb6db34000-7fcb6dd33000 ---p 0000b000 08:01 14684855                   /lib/x86_64-linux-gnu/libnss_nis-2.27.so
7fcb6dd33000-7fcb6dd34000 r--p 0000a000 08:01 14684855                   /lib/x86_64-linux-gnu/libnss_nis-2.27.so
7fcb6dd34000-7fcb6dd35000 rw-p 0000b000 08:01 14684855                   /lib/x86_64-linux-gnu/libnss_nis-2.27.so
7fcb6dd35000-7fcb6dd3d000 r-xp 00000000 08:01 14684840                   /lib/x86_64-linux-gnu/libnss_compat-2.27.so
7fcb6dd3d000-7fcb6df3d000 ---p 00008000 08:01 14684840                   /lib/x86_64-linux-gnu/libnss_compat-2.27.so
7fcb6df3d000-7fcb6df3e000 r--p 00008000 08:01 14684840                   /lib/x86_64-linux-gnu/libnss_compat-2.27.so
7fcb6df3e000-7fcb6df3f000 rw-p 00009000 08:01 14684840                   /lib/x86_64-linux-gnu/libnss_compat-2.27.so
7fcb6df3f000-7fcb6df6b000 r-xp 00000000 08:01 23598487                   /usr/lib/jvm/java-11-openjdk-amd64/lib/libjava.so
7fcb6df6b000-7fcb6e16a000 ---p 0002c000 08:01 23598487                   /usr/lib/jvm/java-11-openjdk-amd64/lib/libjava.so
7fcb6e16a000-7fcb6e16b000 r--p 0002b000 08:01 23598487                   /usr/lib/jvm/java-11-openjdk-amd64/lib/libjava.so
7fcb6e16b000-7fcb6e16d000 rw-p 0002c000 08:01 23598487                   /usr/lib/jvm/java-11-openjdk-amd64/lib/libjava.so
7fcb6e16d000-7fcb6e17a000 r-xp 00000000 08:01 23598509                   /usr/lib/jvm/java-11-openjdk-amd64/lib/libverify.so
7fcb6e17a000-7fcb6e379000 ---p 0000d000 08:01 23598509                   /usr/lib/jvm/java-11-openjdk-amd64/lib/libverify.so
7fcb6e379000-7fcb6e37b000 r--p 0000c000 08:01 23598509                   /usr/lib/jvm/java-11-openjdk-amd64/lib/libverify.so
7fcb6e37b000-7fcb6e37c000 rw-p 0000e000 08:01 23598509                   /usr/lib/jvm/java-11-openjdk-amd64/lib/libverify.so
7fcb6e37c000-7fcb6e383000 r-xp 00000000 08:01 14684895                   /lib/x86_64-linux-gnu/librt-2.27.so
7fcb6e383000-7fcb6e582000 ---p 00007000 08:01 14684895                   /lib/x86_64-linux-gnu/librt-2.27.so
7fcb6e582000-7fcb6e583000 r--p 00006000 08:01 14684895                   /lib/x86_64-linux-gnu/librt-2.27.so
7fcb6e583000-7fcb6e584000 rw-p 00007000 08:01 14684895                   /lib/x86_64-linux-gnu/librt-2.27.so
7fcb6e584000-7fcb6e59b000 r-xp 00000000 08:01 14684791                   /lib/x86_64-linux-gnu/libgcc_s.so.1
7fcb6e59b000-7fcb6e79a000 ---p 00017000 08:01 14684791                   /lib/x86_64-linux-gnu/libgcc_s.so.1
7fcb6e79a000-7fcb6e79b000 r--p 00016000 08:01 14684791                   /lib/x86_64-linux-gnu/libgcc_s.so.1
7fcb6e79b000-7fcb6e79c000 rw-p 00017000 08:01 14684791                   /lib/x86_64-linux-gnu/libgcc_s.so.1
7fcb6e79c000-7fcb6e939000 r-xp 00000000 08:01 14684817                   /lib/x86_64-linux-gnu/libm-2.27.so
7fcb6e939000-7fcb6eb38000 ---p 0019d000 08:01 14684817                   /lib/x86_64-linux-gnu/libm-2.27.so
7fcb6eb38000-7fcb6eb39000 r--p 0019c000 08:01 14684817                   /lib/x86_64-linux-gnu/libm-2.27.so
7fcb6eb39000-7fcb6eb3a000 rw-p 0019d000 08:01 14684817                   /lib/x86_64-linux-gnu/libm-2.27.so
7fcb6eb3a000-7fcb6ecb3000 r-xp 00000000 08:01 23601225                   /usr/lib/x86_64-linux-gnu/libstdc++.so.6.0.25
7fcb6ecb3000-7fcb6eeb3000 ---p 00179000 08:01 23601225                   /usr/lib/x86_64-linux-gnu/libstdc++.so.6.0.25
7fcb6eeb3000-7fcb6eebd000 r--p 00179000 08:01 23601225                   /usr/lib/x86_64-linux-gnu/libstdc++.so.6.0.25
7fcb6eebd000-7fcb6eebf000 rw-p 00183000 08:01 23601225                   /usr/lib/x86_64-linux-gnu/libstdc++.so.6.0.25
7fcb6eebf000-7fcb6eec3000 rw-p 00000000 00:00 0 
7fcb6eec3000-7fcb6fe60000 r-xp 00000000 08:01 23598523                   /usr/lib/jvm/java-11-openjdk-amd64/lib/server/libjvm.so
7fcb6fe60000-7fcb70060000 ---p 00f9d000 08:01 23598523                   /usr/lib/jvm/java-11-openjdk-amd64/lib/server/libjvm.so
7fcb70060000-7fcb70124000 r--p 00f9d000 08:01 23598523                   /usr/lib/jvm/java-11-openjdk-amd64/lib/server/libjvm.so
7fcb70124000-7fcb7015c000 rw-p 01061000 08:01 23598523                   /usr/lib/jvm/java-11-openjdk-amd64/lib/server/libjvm.so
7fcb7015c000-7fcb701a5000 rw-p 00000000 00:00 0 
7fcb701a5000-7fcb701bf000 r-xp 00000000 08:01 14684887                   /lib/x86_64-linux-gnu/libpthread-2.27.so
7fcb701bf000-7fcb703be000 ---p 0001a000 08:01 14684887                   /lib/x86_64-linux-gnu/libpthread-2.27.so
7fcb703be000-7fcb703bf000 r--p 00019000 08:01 14684887                   /lib/x86_64-linux-gnu/libpthread-2.27.so
7fcb703bf000-7fcb703c0000 rw-p 0001a000 08:01 14684887                   /lib/x86_64-linux-gnu/libpthread-2.27.so
7fcb703c0000-7fcb703c4000 rw-p 00000000 00:00 0 
7fcb703c4000-7fcb703c7000 r-xp 00000000 08:01 14684777                   /lib/x86_64-linux-gnu/libdl-2.27.so
7fcb703c7000-7fcb705c6000 ---p 00003000 08:01 14684777                   /lib/x86_64-linux-gnu/libdl-2.27.so
7fcb705c6000-7fcb705c7000 r--p 00002000 08:01 14684777                   /lib/x86_64-linux-gnu/libdl-2.27.so
7fcb705c7000-7fcb705c8000 rw-p 00003000 08:01 14684777                   /lib/x86_64-linux-gnu/libdl-2.27.so
7fcb705c8000-7fcb705e4000 r-xp 00000000 08:01 14684928                   /lib/x86_64-linux-gnu/libz.so.1.2.11
7fcb705e4000-7fcb707e3000 ---p 0001c000 08:01 14684928                   /lib/x86_64-linux-gnu/libz.so.1.2.11
7fcb707e3000-7fcb707e4000 r--p 0001b000 08:01 14684928                   /lib/x86_64-linux-gnu/libz.so.1.2.11
7fcb707e4000-7fcb707e5000 rw-p 0001c000 08:01 14684928                   /lib/x86_64-linux-gnu/libz.so.1.2.11
7fcb707e5000-7fcb709cc000 r-xp 00000000 08:01 14684754                   /lib/x86_64-linux-gnu/libc-2.27.so
7fcb709cc000-7fcb70bcc000 ---p 001e7000 08:01 14684754                   /lib/x86_64-linux-gnu/libc-2.27.so
7fcb70bcc000-7fcb70bd0000 r--p 001e7000 08:01 14684754                   /lib/x86_64-linux-gnu/libc-2.27.so
7fcb70bd0000-7fcb70bd2000 rw-p 001eb000 08:01 14684754                   /lib/x86_64-linux-gnu/libc-2.27.so
7fcb70bd2000-7fcb70bd6000 rw-p 00000000 00:00 0 
7fcb70bd6000-7fcb70be5000 r-xp 00000000 08:01 23598516                   /usr/lib/jvm/java-11-openjdk-amd64/lib/jli/libjli.so
7fcb70be5000-7fcb70de4000 ---p 0000f000 08:01 23598516                   /usr/lib/jvm/java-11-openjdk-amd64/lib/jli/libjli.so
7fcb70de4000-7fcb70de5000 r--p 0000e000 08:01 23598516                   /usr/lib/jvm/java-11-openjdk-amd64/lib/jli/libjli.so
7fcb70de5000-7fcb70de6000 rw-p 0000f000 08:01 23598516                   /usr/lib/jvm/java-11-openjdk-amd64/lib/jli/libjli.so
7fcb70de6000-7fcb70e0d000 r-xp 00000000 08:01 14684726                   /lib/x86_64-linux-gnu/ld-2.27.so
7fcb70e32000-7fcb70ef0000 rw-p 00000000 00:00 0 
7fcb70ef0000-7fcb70ef4000 ---p 00000000 00:00 0 
7fcb70ef4000-7fcb70ffa000 rw-p 00000000 00:00 0 
7fcb70ffa000-7fcb71001000 ---p 00000000 00:00 0 
7fcb71001000-7fcb71009000 rw-s 00000000 08:01 28966955                   /tmp/hsperfdata_pc/3466
7fcb71009000-7fcb7100a000 ---p 00000000 00:00 0 
7fcb7100a000-7fcb7100b000 r--p 00000000 00:00 0 
7fcb7100b000-7fcb7100d000 rw-p 00000000 00:00 0 
7fcb7100d000-7fcb7100e000 r--p 00027000 08:01 14684726                   /lib/x86_64-linux-gnu/ld-2.27.so
7fcb7100e000-7fcb7100f000 rw-p 00028000 08:01 14684726                   /lib/x86_64-linux-gnu/ld-2.27.so
7fcb7100f000-7fcb71010000 rw-p 00000000 00:00 0 
7ffc6516b000-7ffc6518d000 rw-p 00000000 00:00 0                          [stack]
7ffc651cc000-7ffc651cf000 r--p 00000000 00:00 0                          [vvar]
7ffc651cf000-7ffc651d1000 r-xp 00000000 00:00 0                          [vdso]
ffffffffff600000-ffffffffff601000 r-xp 00000000 00:00 0                  [vsyscall]


VM Arguments:
jvm_args: -Djava.library.path=/home/pc/Downloads/webots/lib/java 
java_command: SensorController
java_class_path (initial): /home/pc/Downloads/webots/lib/java/Controller.jar:/home/pc/Dokumente/my_project/controllers/SensorController/
Launcher Type: SUN_STANDARD

Logging:
Log output configuration:
#0: stdout all=warning uptime,level,tags
#1: stderr all=off uptime,level,tags

Environment Variables:
PATH=/usr/local/sbin:/usr/local/bin:/usr/sbin:/usr/bin:/sbin:/bin:/usr/games:/usr/local/games
LD_LIBRARY_PATH=/home/pc/Downloads/webots/projects/default/libraries/vehicle:/home/pc/Downloads/webots/projects/default/libraries/ros:/home/pc/Downloads/webots/resources/projects/libraries/qt_utils:/home/pc/Dokumente/my_project/controllers/SensorController/:/home/pc/Downloads/webots/lib/:/tmp/webots-3042/lib:
SHELL=/bin/bash
DISPLAY=:0

Signal Handlers:
SIGSEGV: [libjvm.so+0xd28b70], sa_mask[0]=11111111011111111101111111111110, sa_flags=SA_RESTART|SA_SIGINFO
SIGBUS: [libjvm.so+0xd28b70], sa_mask[0]=11111111011111111101111111111110, sa_flags=SA_RESTART|SA_SIGINFO
SIGFPE: [libjvm.so+0xd28b70], sa_mask[0]=11111111011111111101111111111110, sa_flags=SA_RESTART|SA_SIGINFO
SIGPIPE: [libjvm.so+0xb2a1f0], sa_mask[0]=11111111011111111101111111111110, sa_flags=SA_RESTART|SA_SIGINFO
SIGXFSZ: [libjvm.so+0xb2a1f0], sa_mask[0]=11111111011111111101111111111110, sa_flags=SA_RESTART|SA_SIGINFO
SIGILL: [libjvm.so+0xd28b70], sa_mask[0]=11111111011111111101111111111110, sa_flags=SA_RESTART|SA_SIGINFO
SIGUSR2: [libjvm.so+0xb2a030], sa_mask[0]=00000000000000000000000000000000, sa_flags=SA_RESTART|SA_SIGINFO
SIGHUP: [libjvm.so+0xb2a180], sa_mask[0]=11111111011111111101111111111110, sa_flags=SA_RESTART|SA_SIGINFO
SIGINT: [libjvm.so+0xb2a180], sa_mask[0]=11111111011111111101111111111110, sa_flags=SA_RESTART|SA_SIGINFO
SIGTERM: [libjvm.so+0xb2a180], sa_mask[0]=11111111011111111101111111111110, sa_flags=SA_RESTART|SA_SIGINFO
SIGQUIT: [libjvm.so+0xb2a180], sa_mask[0]=11111111011111111101111111111110, sa_flags=SA_RESTART|SA_SIGINFO


---------------  S Y S T E M  ---------------

OS:DISTRIB_ID=LinuxMint
DISTRIB_RELEASE=19.1
DISTRIB_CODENAME=tessa
DISTRIB_DESCRIPTION="Linux Mint 19.1 Tessa"
uname:Linux 4.15.0-20-generic #21-Ubuntu SMP Tue Apr 24 06:16:15 UTC 2018 x86_64
libc:glibc 2.27 NPTL 2.27 
rlimit: STACK 8192k, CORE 0k, NPROC 31207, NOFILE 4096, AS infinity, DATA infinity, FSIZE infinity
load average:0.84 1.35 1.35

/proc/meminfo:
MemTotal:        8051996 kB
MemFree:         4784472 kB
MemAvailable:    5804596 kB
Buffers:          104932 kB
Cached:          1823740 kB
SwapCached:            0 kB
Active:          1657048 kB
Inactive:        1375944 kB
Active(anon):    1105564 kB
Inactive(anon):   735508 kB
Active(file):     551484 kB
Inactive(file):   640436 kB
Unevictable:          32 kB
Mlocked:              32 kB
SwapTotal:       2097148 kB
SwapFree:        2097148 kB
Dirty:              1140 kB
Writeback:             0 kB
AnonPages:       1104420 kB
Mapped:           576464 kB
Shmem:            736752 kB
Slab:             139616 kB
SReclaimable:      94876 kB
SUnreclaim:        44740 kB
KernelStack:        9996 kB
PageTables:        34588 kB
NFS_Unstable:          0 kB
Bounce:                0 kB
WritebackTmp:          0 kB
CommitLimit:     6123144 kB
Committed_AS:    5072840 kB
VmallocTotal:   34359738367 kB
VmallocUsed:           0 kB
VmallocChunk:          0 kB
HardwareCorrupted:     0 kB
AnonHugePages:         0 kB
ShmemHugePages:        0 kB
ShmemPmdMapped:        0 kB
CmaTotal:              0 kB
CmaFree:               0 kB
HugePages_Total:       0
HugePages_Free:        0
HugePages_Rsvd:        0
HugePages_Surp:        0
Hugepagesize:       2048 kB
DirectMap4k:      164800 kB
DirectMap2M:     8108032 kB

container (cgroup) information:
container_type: cgroupv1
cpu_cpuset_cpus: 0-7
cpu_memory_nodes: 0
active_processor_count: 8
cpu_quota: -1
cpu_period: 100000
cpu_shares: -1
memory_limit_in_bytes: -1
memory_and_swap_limit_in_bytes: -2
memory_soft_limit_in_bytes: -1
memory_usage_in_bytes: 3106291712
memory_max_usage_in_bytes: 0


CPU:total 8 (initial active 8) (4 cores per cpu, 2 threads per core) family 6 model 58 stepping 9, cmov, cx8, fxsr, mmx, sse, sse2, sse3, ssse3, sse4.1, sse4.2, popcnt, avx, aes, clmul, erms, ht, tsc, tscinvbit, tscinv
CPU Model and flags from /proc/cpuinfo:
model name	: Intel(R) Core(TM) i7-3770 CPU @ 3.40GHz
flags		: fpu vme de pse tsc msr pae mce cx8 apic sep mtrr pge mca cmov pat pse36 clflush dts acpi mmx fxsr sse sse2 ss ht tm pbe syscall nx rdtscp lm constant_tsc arch_perfmon pebs bts rep_good nopl xtopology nonstop_tsc cpuid aperfmperf pni pclmulqdq dtes64 monitor ds_cpl vmx smx est tm2 ssse3 cx16 xtpr pdcm pcid sse4_1 sse4_2 x2apic popcnt tsc_deadline_timer aes xsave avx f16c rdrand lahf_lm cpuid_fault epb pti tpr_shadow vnmi flexpriority ept vpid fsgsbase smep erms xsaveopt dtherm ida arat pln pts

Memory: 4k page, physical 8051996k(4784472k free), swap 2097148k(2097148k free)

vm_info: OpenJDK 64-Bit Server VM (10.0.2+13-Ubuntu-1ubuntu0.18.04.4) for linux-amd64 JRE (10.0.2+13-Ubuntu-1ubuntu0.18.04.4), built on Nov 13 2018 12:53:39 by "buildd" with gcc 7.3.0

END.
