#
# A fatal error has been detected by the Java Runtime Environment:
#
#  SIGSEGV (0xb) at pc=0x00007fadd3953b32, pid=6723, tid=6724
#
# JRE version: OpenJDK Runtime Environment (10.0.2+13) (build 10.0.2+13-Ubuntu-1ubuntu0.18.04.4)
# Java VM: OpenJDK 64-Bit Server VM (10.0.2+13-Ubuntu-1ubuntu0.18.04.4, mixed mode, tiered, compressed oops, g1 gc, linux-amd64)
# Problematic frame:
# C  [libController.so+0x1bb32]  wbu_motion_new+0x5d2
#
# Core dump will be written. Default location: Core dumps may be processed with "/usr/share/apport/apport %p %s %c %d %P" (or dumping to /home/pc/Dokumente/my_project/controllers/SensorController/core.6723)
#
# If you would like to submit a bug report, please visit:
#   http://bugreport.java.com/bugreport/crash.jsp
# The crash happened outside the Java Virtual Machine in native code.
# See problematic frame for where to report the bug.
#

---------------  S U M M A R Y ------------

Command Line: -Djava.library.path=/home/pc/Downloads/webots/lib/java SensorController

Host: Intel(R) Core(TM) i7-3770 CPU @ 3.40GHz, 8 cores, 7G, Linux Mint 19.1 Tessa
Time: Tue Jun 18 13:18:12 2019 CEST elapsed time: 0 seconds (0d 0h 0m 0s)

---------------  T H R E A D  ---------------

Current thread (0x00007fae78012000):  JavaThread "main" [_thread_in_native, id=6724, stack(0x00007fae7ee25000,0x00007fae7ef26000)]

Stack: [0x00007fae7ee25000,0x00007fae7ef26000],  sp=0x00007fae7ef236f0,  free space=1017k
Native frames: (J=compiled Java code, A=aot compiled Java code, j=interpreted, Vv=VM code, C=native code)
C  [libController.so+0x1bb32]  wbu_motion_new+0x5d2
C  [libCppController.so+0x28c7a]  webots::Motion::Motion(std::__cxx11::basic_string<char, std::char_traits<char>, std::allocator<char> > const&)+0x36
C  [libJavaController.so+0x27c5d]  Java_com_cyberbotics_webots_controller_wrapperJNI_new_1Motion+0x10a
j  com.cyberbotics.webots.controller.wrapperJNI.new_Motion(Ljava/lang/String;)J+0
j  com.cyberbotics.webots.controller.Motion.<init>(Ljava/lang/String;)V+2
j  SensorController.loadMotionFiles()V+118
j  SensorController.main([Ljava/lang/String;)V+22
v  ~StubRoutines::call_stub
V  [libjvm.so+0x83d38f]
V  [libjvm.so+0x85c3cd]
V  [libjvm.so+0x85e60e]
C  [libjli.so+0x4aa0]
C  [libjli.so+0x89dd]
C  [libpthread.so.0+0x76db]  start_thread+0xdb

Java frames: (J=compiled Java code, j=interpreted, Vv=VM code)
j  com.cyberbotics.webots.controller.wrapperJNI.new_Motion(Ljava/lang/String;)J+0
j  com.cyberbotics.webots.controller.Motion.<init>(Ljava/lang/String;)V+2
j  SensorController.loadMotionFiles()V+118
j  SensorController.main([Ljava/lang/String;)V+22
v  ~StubRoutines::call_stub

siginfo: si_signo: 11 (SIGSEGV), si_code: 1 (SEGV_MAPERR), si_addr: 0x0000000000000000

Register to memory mapping:

RAX=0x0000000000000000 is an unknown value
RBX=0x00007fae78262eb0 is an unknown value
RCX=0x0000000000000000 is an unknown value
RDX=0x00007fae7eb07a68: <offset 0x00000000003eda68> in /lib/x86_64-linux-gnu/libc.so.6 at 0x00007fae7e71a000
RSP=0x00007fae7ef236f0 is pointing into the stack for thread: 0x00007fae78012000
RBP=0x00007fae7ef24770 is pointing into the stack for thread: 0x00007fae78012000
RSI=0x00007fadd3970fc3: <offset 0x0000000000038fc3> in /home/pc/Downloads/webots/lib/libController.so at 0x00007fadd3938000
RDI=0x0000000000000000 is an unknown value
R8 =0x0000000000000001 is an unknown value
R9 =0x0000000000000000 is an unknown value
R10=0x8666666666666666 is an unknown value
R11=0x00007fadd3970fde: <offset 0x0000000000038fde> in /home/pc/Downloads/webots/lib/libController.so at 0x00007fadd3938000
R12=0x0000000000000038 is an unknown value
R13=0x000000000000001c is an unknown value
R14=0x0000000000000028 is an unknown value
R15=0x0000000000000005 is an unknown value


Registers:
RAX=0x0000000000000000, RBX=0x00007fae78262eb0, RCX=0x0000000000000000, RDX=0x00007fae7eb07a68
RSP=0x00007fae7ef236f0, RBP=0x00007fae7ef24770, RSI=0x00007fadd3970fc3, RDI=0x0000000000000000
R8 =0x0000000000000001, R9 =0x0000000000000000, R10=0x8666666666666666, R11=0x00007fadd3970fde
R12=0x0000000000000038, R13=0x000000000000001c, R14=0x0000000000000028, R15=0x0000000000000005
RIP=0x00007fadd3953b32, EFLAGS=0x0000000000010246, CSGSFS=0x002b000000000033, ERR=0x0000000000000004
  TRAPNO=0x000000000000000e

Top of Stack: (sp=0x00007fae7ef236f0)
0x00007fae7ef236f0:   38323a30303a3030 003865736f500030
0x00007fae7ef23700:   003231302e300030 31003532352e302d
0x00007fae7ef23710:   352e302d0035302e 31302e302d003532
0x00007fae7ef23720:   31302e302c302c32 3532352e302d2c32 

Instructions: (pc=0x00007fadd3953b32)
0x00007fadd3953b12:   08 4a 03 0c 22 48 89 ca e8 f1 21 ff ff 44 3b 3b
0x00007fadd3953b22:   7d 3c 48 8d 35 98 d4 01 00 31 ff e8 5e 26 ff ff
0x00007fadd3953b32:   80 38 2a 75 c1 80 78 01 00 75 bb 48 8b 43 30 f2
0x00007fadd3953b42:   0f 10 05 07 db 01 00 41 83 c7 01 4a 8b 04 20 f2 


---------------  P R O C E S S  ---------------

Threads class SMR info:
_java_thread_list=0x00007fae7820c980, length=11, elements={
0x00007fae78012000, 0x00007fae78142800, 0x00007fae78144800, 0x00007fae7814e000,
0x00007fae78158800, 0x00007fae7815a800, 0x00007fae7815c800, 0x00007fae7815e800,
0x00007fae78160800, 0x00007fae781f4800, 0x00007fae7820d000
}

Java Threads: ( => current thread )
=>0x00007fae78012000 JavaThread "main" [_thread_in_native, id=6724, stack(0x00007fae7ee25000,0x00007fae7ef26000)]
  0x00007fae78142800 JavaThread "Reference Handler" daemon [_thread_blocked, id=6746, stack(0x00007fae292f7000,0x00007fae293f8000)]
  0x00007fae78144800 JavaThread "Finalizer" daemon [_thread_blocked, id=6747, stack(0x00007fae291f6000,0x00007fae292f7000)]
  0x00007fae7814e000 JavaThread "Signal Dispatcher" daemon [_thread_blocked, id=6748, stack(0x00007fae28dc5000,0x00007fae28ec6000)]
  0x00007fae78158800 JavaThread "C2 CompilerThread0" daemon [_thread_blocked, id=6749, stack(0x00007fae28cc4000,0x00007fae28dc5000)]
  0x00007fae7815a800 JavaThread "C2 CompilerThread1" daemon [_thread_blocked, id=6750, stack(0x00007fae28bc3000,0x00007fae28cc4000)]
  0x00007fae7815c800 JavaThread "C2 CompilerThread2" daemon [_thread_blocked, id=6751, stack(0x00007fae28ac2000,0x00007fae28bc3000)]
  0x00007fae7815e800 JavaThread "C1 CompilerThread3" daemon [_thread_blocked, id=6752, stack(0x00007fae289c1000,0x00007fae28ac2000)]
  0x00007fae78160800 JavaThread "Sweeper thread" daemon [_thread_blocked, id=6753, stack(0x00007fae288c0000,0x00007fae289c1000)]
  0x00007fae781f4800 JavaThread "Service Thread" daemon [_thread_blocked, id=6754, stack(0x00007fae287bf000,0x00007fae288c0000)]
  0x00007fae7820d000 JavaThread "Common-Cleaner" daemon [_thread_blocked, id=6756, stack(0x00007fae285bc000,0x00007fae286bd000)]

Other Threads:
  0x00007fae78139000 VMThread "VM Thread" [stack: 0x00007fae293fa000,0x00007fae294fa000] [id=6745]
  0x00007fae781f6800 WatcherThread [stack: 0x00007fae286bf000,0x00007fae287bf000] [id=6755]
  0x00007fae78028800 GCTaskThread "GC Thread#0" [stack: 0x00007fae5e9d1000,0x00007fae5ead1000] [id=6725]
  0x00007fae7802a000 GCTaskThread "GC Thread#1" [stack: 0x00007fae5e8cf000,0x00007fae5e9cf000] [id=6726]
  0x00007fae7802c000 GCTaskThread "GC Thread#2" [stack: 0x00007fae5e7cd000,0x00007fae5e8cd000] [id=6727]
  0x00007fae7802d800 GCTaskThread "GC Thread#3" [stack: 0x00007fae5e6cb000,0x00007fae5e7cb000] [id=6728]
  0x00007fae7802f000 GCTaskThread "GC Thread#4" [stack: 0x00007fae5e5c9000,0x00007fae5e6c9000] [id=6729]
  0x00007fae78031000 GCTaskThread "GC Thread#5" [stack: 0x00007fae5e4c7000,0x00007fae5e5c7000] [id=6730]
  0x00007fae78032800 GCTaskThread "GC Thread#6" [stack: 0x00007fae5e3c5000,0x00007fae5e4c5000] [id=6731]
  0x00007fae78034800 GCTaskThread "GC Thread#7" [stack: 0x00007fae5e2c3000,0x00007fae5e3c3000] [id=6732]
  0x00007fae7805d800 ConcurrentGCThread "G1 Main Marker" [stack: 0x00007fae5ce34000,0x00007fae5cf34000] [id=6733]
  0x00007fae7805f800 ConcurrentGCThread "G1 Conc#0" [stack: 0x00007fae5cd32000,0x00007fae5ce32000] [id=6734]
  0x00007fae78061000 ConcurrentGCThread "G1 Conc#1" [stack: 0x00007fae5cc30000,0x00007fae5cd30000] [id=6735]
  0x00007fae780c9800 ConcurrentGCThread "G1 Refine#0" [stack: 0x00007fae5c326000,0x00007fae5c426000] [id=6736]
  0x00007fae780cb800 ConcurrentGCThread "G1 Refine#1" [stack: 0x00007fae5c224000,0x00007fae5c324000] [id=6737]
  0x00007fae780cd000 ConcurrentGCThread "G1 Refine#2" [stack: 0x00007fae5c122000,0x00007fae5c222000] [id=6738]
  0x00007fae780cf000 ConcurrentGCThread "G1 Refine#3" [stack: 0x00007fae5c020000,0x00007fae5c120000] [id=6739]
  0x00007fae780d0800 ConcurrentGCThread "G1 Refine#4" [stack: 0x00007fae3c190000,0x00007fae3c290000] [id=6740]
  0x00007fae780d2800 ConcurrentGCThread "G1 Refine#5" [stack: 0x00007fae3c08e000,0x00007fae3c18e000] [id=6741]
  0x00007fae780d4000 ConcurrentGCThread "G1 Refine#6" [stack: 0x00007fae29f00000,0x00007fae2a000000] [id=6742]
  0x00007fae780d6000 ConcurrentGCThread "G1 Refine#7" [stack: 0x00007fae29dfe000,0x00007fae29efe000] [id=6743]
  0x00007fae780d7800 ConcurrentGCThread "G1 Young RemSet Sampling" [stack: 0x00007fae29cfc000,0x00007fae29dfc000] [id=6744]

Threads with active compile tasks:

VM state:not at safepoint (normal execution)

VM Mutex/Monitor currently owned by a thread: None

Heap address: 0x0000000085200000, size: 1966 MB, Compressed Oops mode: 32-bit
Narrow klass base: 0x0000000000000000, Narrow klass shift: 3
Compressed class space size: 1073741824 Address: 0x0000000100000000

Heap:
 garbage-first heap   total 126976K, used 1024K [0x0000000085200000, 0x0000000100000000)
  region size 1024K, 2 young (2048K), 0 survivors (0K)
 Metaspace       used 4857K, capacity 4990K, committed 5120K, reserved 1056768K
  class space    used 398K, capacity 430K, committed 512K, reserved 1048576K
Heap Regions: E=young(eden), S=young(survivor), O=old, HS=humongous(starts), HC=humongous(continues), CS=collection set, F=free, A=archive, TS=gc time stamp, AC=allocation context, TAMS=top-at-mark-start (previous, next)
|   0|0x0000000085200000, 0x0000000085200000, 0x0000000085300000|  0%| F|  |TS  0|AC  0|TAMS 0x0000000085200000, 0x0000000085200000|
|   1|0x0000000085300000, 0x0000000085300000, 0x0000000085400000|  0%| F|  |TS  0|AC  0|TAMS 0x0000000085300000, 0x0000000085300000|
|   2|0x0000000085400000, 0x0000000085400000, 0x0000000085500000|  0%| F|  |TS  0|AC  0|TAMS 0x0000000085400000, 0x0000000085400000|
|   3|0x0000000085500000, 0x0000000085500000, 0x0000000085600000|  0%| F|  |TS  0|AC  0|TAMS 0x0000000085500000, 0x0000000085500000|
|   4|0x0000000085600000, 0x0000000085600000, 0x0000000085700000|  0%| F|  |TS  0|AC  0|TAMS 0x0000000085600000, 0x0000000085600000|
|   5|0x0000000085700000, 0x0000000085700000, 0x0000000085800000|  0%| F|  |TS  0|AC  0|TAMS 0x0000000085700000, 0x0000000085700000|
|   6|0x0000000085800000, 0x0000000085800000, 0x0000000085900000|  0%| F|  |TS  0|AC  0|TAMS 0x0000000085800000, 0x0000000085800000|
|   7|0x0000000085900000, 0x0000000085900000, 0x0000000085a00000|  0%| F|  |TS  0|AC  0|TAMS 0x0000000085900000, 0x0000000085900000|
|   8|0x0000000085a00000, 0x0000000085a00000, 0x0000000085b00000|  0%| F|  |TS  0|AC  0|TAMS 0x0000000085a00000, 0x0000000085a00000|
|   9|0x0000000085b00000, 0x0000000085b00000, 0x0000000085c00000|  0%| F|  |TS  0|AC  0|TAMS 0x0000000085b00000, 0x0000000085b00000|
|  10|0x0000000085c00000, 0x0000000085c00000, 0x0000000085d00000|  0%| F|  |TS  0|AC  0|TAMS 0x0000000085c00000, 0x0000000085c00000|
|  11|0x0000000085d00000, 0x0000000085d00000, 0x0000000085e00000|  0%| F|  |TS  0|AC  0|TAMS 0x0000000085d00000, 0x0000000085d00000|
|  12|0x0000000085e00000, 0x0000000085e00000, 0x0000000085f00000|  0%| F|  |TS  0|AC  0|TAMS 0x0000000085e00000, 0x0000000085e00000|
|  13|0x0000000085f00000, 0x0000000085f00000, 0x0000000086000000|  0%| F|  |TS  0|AC  0|TAMS 0x0000000085f00000, 0x0000000085f00000|
|  14|0x0000000086000000, 0x0000000086000000, 0x0000000086100000|  0%| F|  |TS  0|AC  0|TAMS 0x0000000086000000, 0x0000000086000000|
|  15|0x0000000086100000, 0x0000000086100000, 0x0000000086200000|  0%| F|  |TS  0|AC  0|TAMS 0x0000000086100000, 0x0000000086100000|
|  16|0x0000000086200000, 0x0000000086200000, 0x0000000086300000|  0%| F|  |TS  0|AC  0|TAMS 0x0000000086200000, 0x0000000086200000|
|  17|0x0000000086300000, 0x0000000086300000, 0x0000000086400000|  0%| F|  |TS  0|AC  0|TAMS 0x0000000086300000, 0x0000000086300000|
|  18|0x0000000086400000, 0x0000000086400000, 0x0000000086500000|  0%| F|  |TS  0|AC  0|TAMS 0x0000000086400000, 0x0000000086400000|
|  19|0x0000000086500000, 0x0000000086500000, 0x0000000086600000|  0%| F|  |TS  0|AC  0|TAMS 0x0000000086500000, 0x0000000086500000|
|  20|0x0000000086600000, 0x0000000086600000, 0x0000000086700000|  0%| F|  |TS  0|AC  0|TAMS 0x0000000086600000, 0x0000000086600000|
|  21|0x0000000086700000, 0x0000000086700000, 0x0000000086800000|  0%| F|  |TS  0|AC  0|TAMS 0x0000000086700000, 0x0000000086700000|
|  22|0x0000000086800000, 0x0000000086800000, 0x0000000086900000|  0%| F|  |TS  0|AC  0|TAMS 0x0000000086800000, 0x0000000086800000|
|  23|0x0000000086900000, 0x0000000086900000, 0x0000000086a00000|  0%| F|  |TS  0|AC  0|TAMS 0x0000000086900000, 0x0000000086900000|
|  24|0x0000000086a00000, 0x0000000086a00000, 0x0000000086b00000|  0%| F|  |TS  0|AC  0|TAMS 0x0000000086a00000, 0x0000000086a00000|
|  25|0x0000000086b00000, 0x0000000086b00000, 0x0000000086c00000|  0%| F|  |TS  0|AC  0|TAMS 0x0000000086b00000, 0x0000000086b00000|
|  26|0x0000000086c00000, 0x0000000086c00000, 0x0000000086d00000|  0%| F|  |TS  0|AC  0|TAMS 0x0000000086c00000, 0x0000000086c00000|
|  27|0x0000000086d00000, 0x0000000086d00000, 0x0000000086e00000|  0%| F|  |TS  0|AC  0|TAMS 0x0000000086d00000, 0x0000000086d00000|
|  28|0x0000000086e00000, 0x0000000086e00000, 0x0000000086f00000|  0%| F|  |TS  0|AC  0|TAMS 0x0000000086e00000, 0x0000000086e00000|
|  29|0x0000000086f00000, 0x0000000086f00000, 0x0000000087000000|  0%| F|  |TS  0|AC  0|TAMS 0x0000000086f00000, 0x0000000086f00000|
|  30|0x0000000087000000, 0x0000000087000000, 0x0000000087100000|  0%| F|  |TS  0|AC  0|TAMS 0x0000000087000000, 0x0000000087000000|
|  31|0x0000000087100000, 0x0000000087100000, 0x0000000087200000|  0%| F|  |TS  0|AC  0|TAMS 0x0000000087100000, 0x0000000087100000|
|  32|0x0000000087200000, 0x0000000087200000, 0x0000000087300000|  0%| F|  |TS  0|AC  0|TAMS 0x0000000087200000, 0x0000000087200000|
|  33|0x0000000087300000, 0x0000000087300000, 0x0000000087400000|  0%| F|  |TS  0|AC  0|TAMS 0x0000000087300000, 0x0000000087300000|
|  34|0x0000000087400000, 0x0000000087400000, 0x0000000087500000|  0%| F|  |TS  0|AC  0|TAMS 0x0000000087400000, 0x0000000087400000|
|  35|0x0000000087500000, 0x0000000087500000, 0x0000000087600000|  0%| F|  |TS  0|AC  0|TAMS 0x0000000087500000, 0x0000000087500000|
|  36|0x0000000087600000, 0x0000000087600000, 0x0000000087700000|  0%| F|  |TS  0|AC  0|TAMS 0x0000000087600000, 0x0000000087600000|
|  37|0x0000000087700000, 0x0000000087700000, 0x0000000087800000|  0%| F|  |TS  0|AC  0|TAMS 0x0000000087700000, 0x0000000087700000|
|  38|0x0000000087800000, 0x0000000087800000, 0x0000000087900000|  0%| F|  |TS  0|AC  0|TAMS 0x0000000087800000, 0x0000000087800000|
|  39|0x0000000087900000, 0x0000000087900000, 0x0000000087a00000|  0%| F|  |TS  0|AC  0|TAMS 0x0000000087900000, 0x0000000087900000|
|  40|0x0000000087a00000, 0x0000000087a00000, 0x0000000087b00000|  0%| F|  |TS  0|AC  0|TAMS 0x0000000087a00000, 0x0000000087a00000|
|  41|0x0000000087b00000, 0x0000000087b00000, 0x0000000087c00000|  0%| F|  |TS  0|AC  0|TAMS 0x0000000087b00000, 0x0000000087b00000|
|  42|0x0000000087c00000, 0x0000000087c00000, 0x0000000087d00000|  0%| F|  |TS  0|AC  0|TAMS 0x0000000087c00000, 0x0000000087c00000|
|  43|0x0000000087d00000, 0x0000000087d00000, 0x0000000087e00000|  0%| F|  |TS  0|AC  0|TAMS 0x0000000087d00000, 0x0000000087d00000|
|  44|0x0000000087e00000, 0x0000000087e00000, 0x0000000087f00000|  0%| F|  |TS  0|AC  0|TAMS 0x0000000087e00000, 0x0000000087e00000|
|  45|0x0000000087f00000, 0x0000000087f00000, 0x0000000088000000|  0%| F|  |TS  0|AC  0|TAMS 0x0000000087f00000, 0x0000000087f00000|
|  46|0x0000000088000000, 0x0000000088000000, 0x0000000088100000|  0%| F|  |TS  0|AC  0|TAMS 0x0000000088000000, 0x0000000088000000|
|  47|0x0000000088100000, 0x0000000088100000, 0x0000000088200000|  0%| F|  |TS  0|AC  0|TAMS 0x0000000088100000, 0x0000000088100000|
|  48|0x0000000088200000, 0x0000000088200000, 0x0000000088300000|  0%| F|  |TS  0|AC  0|TAMS 0x0000000088200000, 0x0000000088200000|
|  49|0x0000000088300000, 0x0000000088300000, 0x0000000088400000|  0%| F|  |TS  0|AC  0|TAMS 0x0000000088300000, 0x0000000088300000|
|  50|0x0000000088400000, 0x0000000088400000, 0x0000000088500000|  0%| F|  |TS  0|AC  0|TAMS 0x0000000088400000, 0x0000000088400000|
|  51|0x0000000088500000, 0x0000000088500000, 0x0000000088600000|  0%| F|  |TS  0|AC  0|TAMS 0x0000000088500000, 0x0000000088500000|
|  52|0x0000000088600000, 0x0000000088600000, 0x0000000088700000|  0%| F|  |TS  0|AC  0|TAMS 0x0000000088600000, 0x0000000088600000|
|  53|0x0000000088700000, 0x0000000088700000, 0x0000000088800000|  0%| F|  |TS  0|AC  0|TAMS 0x0000000088700000, 0x0000000088700000|
|  54|0x0000000088800000, 0x0000000088800000, 0x0000000088900000|  0%| F|  |TS  0|AC  0|TAMS 0x0000000088800000, 0x0000000088800000|
|  55|0x0000000088900000, 0x0000000088900000, 0x0000000088a00000|  0%| F|  |TS  0|AC  0|TAMS 0x0000000088900000, 0x0000000088900000|
|  56|0x0000000088a00000, 0x0000000088a00000, 0x0000000088b00000|  0%| F|  |TS  0|AC  0|TAMS 0x0000000088a00000, 0x0000000088a00000|
|  57|0x0000000088b00000, 0x0000000088b00000, 0x0000000088c00000|  0%| F|  |TS  0|AC  0|TAMS 0x0000000088b00000, 0x0000000088b00000|
|  58|0x0000000088c00000, 0x0000000088c00000, 0x0000000088d00000|  0%| F|  |TS  0|AC  0|TAMS 0x0000000088c00000, 0x0000000088c00000|
|  59|0x0000000088d00000, 0x0000000088d00000, 0x0000000088e00000|  0%| F|  |TS  0|AC  0|TAMS 0x0000000088d00000, 0x0000000088d00000|
|  60|0x0000000088e00000, 0x0000000088e00000, 0x0000000088f00000|  0%| F|  |TS  0|AC  0|TAMS 0x0000000088e00000, 0x0000000088e00000|
|  61|0x0000000088f00000, 0x0000000088f00000, 0x0000000089000000|  0%| F|  |TS  0|AC  0|TAMS 0x0000000088f00000, 0x0000000088f00000|
|  62|0x0000000089000000, 0x0000000089000000, 0x0000000089100000|  0%| F|  |TS  0|AC  0|TAMS 0x0000000089000000, 0x0000000089000000|
|  63|0x0000000089100000, 0x0000000089100000, 0x0000000089200000|  0%| F|  |TS  0|AC  0|TAMS 0x0000000089100000, 0x0000000089100000|
|  64|0x0000000089200000, 0x0000000089200000, 0x0000000089300000|  0%| F|  |TS  0|AC  0|TAMS 0x0000000089200000, 0x0000000089200000|
|  65|0x0000000089300000, 0x0000000089300000, 0x0000000089400000|  0%| F|  |TS  0|AC  0|TAMS 0x0000000089300000, 0x0000000089300000|
|  66|0x0000000089400000, 0x0000000089400000, 0x0000000089500000|  0%| F|  |TS  0|AC  0|TAMS 0x0000000089400000, 0x0000000089400000|
|  67|0x0000000089500000, 0x0000000089500000, 0x0000000089600000|  0%| F|  |TS  0|AC  0|TAMS 0x0000000089500000, 0x0000000089500000|
|  68|0x0000000089600000, 0x0000000089600000, 0x0000000089700000|  0%| F|  |TS  0|AC  0|TAMS 0x0000000089600000, 0x0000000089600000|
|  69|0x0000000089700000, 0x0000000089700000, 0x0000000089800000|  0%| F|  |TS  0|AC  0|TAMS 0x0000000089700000, 0x0000000089700000|
|  70|0x0000000089800000, 0x0000000089800000, 0x0000000089900000|  0%| F|  |TS  0|AC  0|TAMS 0x0000000089800000, 0x0000000089800000|
|  71|0x0000000089900000, 0x0000000089900000, 0x0000000089a00000|  0%| F|  |TS  0|AC  0|TAMS 0x0000000089900000, 0x0000000089900000|
|  72|0x0000000089a00000, 0x0000000089a00000, 0x0000000089b00000|  0%| F|  |TS  0|AC  0|TAMS 0x0000000089a00000, 0x0000000089a00000|
|  73|0x0000000089b00000, 0x0000000089b00000, 0x0000000089c00000|  0%| F|  |TS  0|AC  0|TAMS 0x0000000089b00000, 0x0000000089b00000|
|  74|0x0000000089c00000, 0x0000000089c00000, 0x0000000089d00000|  0%| F|  |TS  0|AC  0|TAMS 0x0000000089c00000, 0x0000000089c00000|
|  75|0x0000000089d00000, 0x0000000089d00000, 0x0000000089e00000|  0%| F|  |TS  0|AC  0|TAMS 0x0000000089d00000, 0x0000000089d00000|
|  76|0x0000000089e00000, 0x0000000089e00000, 0x0000000089f00000|  0%| F|  |TS  0|AC  0|TAMS 0x0000000089e00000, 0x0000000089e00000|
|  77|0x0000000089f00000, 0x0000000089f00000, 0x000000008a000000|  0%| F|  |TS  0|AC  0|TAMS 0x0000000089f00000, 0x0000000089f00000|
|  78|0x000000008a000000, 0x000000008a000000, 0x000000008a100000|  0%| F|  |TS  0|AC  0|TAMS 0x000000008a000000, 0x000000008a000000|
|  79|0x000000008a100000, 0x000000008a100000, 0x000000008a200000|  0%| F|  |TS  0|AC  0|TAMS 0x000000008a100000, 0x000000008a100000|
|  80|0x000000008a200000, 0x000000008a200000, 0x000000008a300000|  0%| F|  |TS  0|AC  0|TAMS 0x000000008a200000, 0x000000008a200000|
|  81|0x000000008a300000, 0x000000008a300000, 0x000000008a400000|  0%| F|  |TS  0|AC  0|TAMS 0x000000008a300000, 0x000000008a300000|
|  82|0x000000008a400000, 0x000000008a400000, 0x000000008a500000|  0%| F|  |TS  0|AC  0|TAMS 0x000000008a400000, 0x000000008a400000|
|  83|0x000000008a500000, 0x000000008a500000, 0x000000008a600000|  0%| F|  |TS  0|AC  0|TAMS 0x000000008a500000, 0x000000008a500000|
|  84|0x000000008a600000, 0x000000008a600000, 0x000000008a700000|  0%| F|  |TS  0|AC  0|TAMS 0x000000008a600000, 0x000000008a600000|
|  85|0x000000008a700000, 0x000000008a700000, 0x000000008a800000|  0%| F|  |TS  0|AC  0|TAMS 0x000000008a700000, 0x000000008a700000|
|  86|0x000000008a800000, 0x000000008a800000, 0x000000008a900000|  0%| F|  |TS  0|AC  0|TAMS 0x000000008a800000, 0x000000008a800000|
|  87|0x000000008a900000, 0x000000008a900000, 0x000000008aa00000|  0%| F|  |TS  0|AC  0|TAMS 0x000000008a900000, 0x000000008a900000|
|  88|0x000000008aa00000, 0x000000008aa00000, 0x000000008ab00000|  0%| F|  |TS  0|AC  0|TAMS 0x000000008aa00000, 0x000000008aa00000|
|  89|0x000000008ab00000, 0x000000008ab00000, 0x000000008ac00000|  0%| F|  |TS  0|AC  0|TAMS 0x000000008ab00000, 0x000000008ab00000|
|  90|0x000000008ac00000, 0x000000008ac00000, 0x000000008ad00000|  0%| F|  |TS  0|AC  0|TAMS 0x000000008ac00000, 0x000000008ac00000|
|  91|0x000000008ad00000, 0x000000008ad00000, 0x000000008ae00000|  0%| F|  |TS  0|AC  0|TAMS 0x000000008ad00000, 0x000000008ad00000|
|  92|0x000000008ae00000, 0x000000008ae00000, 0x000000008af00000|  0%| F|  |TS  0|AC  0|TAMS 0x000000008ae00000, 0x000000008ae00000|
|  93|0x000000008af00000, 0x000000008af00000, 0x000000008b000000|  0%| F|  |TS  0|AC  0|TAMS 0x000000008af00000, 0x000000008af00000|
|  94|0x000000008b000000, 0x000000008b000000, 0x000000008b100000|  0%| F|  |TS  0|AC  0|TAMS 0x000000008b000000, 0x000000008b000000|
|  95|0x000000008b100000, 0x000000008b100000, 0x000000008b200000|  0%| F|  |TS  0|AC  0|TAMS 0x000000008b100000, 0x000000008b100000|
|  96|0x000000008b200000, 0x000000008b200000, 0x000000008b300000|  0%| F|  |TS  0|AC  0|TAMS 0x000000008b200000, 0x000000008b200000|
|  97|0x000000008b300000, 0x000000008b300000, 0x000000008b400000|  0%| F|  |TS  0|AC  0|TAMS 0x000000008b300000, 0x000000008b300000|
|  98|0x000000008b400000, 0x000000008b400000, 0x000000008b500000|  0%| F|  |TS  0|AC  0|TAMS 0x000000008b400000, 0x000000008b400000|
|  99|0x000000008b500000, 0x000000008b500000, 0x000000008b600000|  0%| F|  |TS  0|AC  0|TAMS 0x000000008b500000, 0x000000008b500000|
| 100|0x000000008b600000, 0x000000008b600000, 0x000000008b700000|  0%| F|  |TS  0|AC  0|TAMS 0x000000008b600000, 0x000000008b600000|
| 101|0x000000008b700000, 0x000000008b700000, 0x000000008b800000|  0%| F|  |TS  0|AC  0|TAMS 0x000000008b700000, 0x000000008b700000|
| 102|0x000000008b800000, 0x000000008b800000, 0x000000008b900000|  0%| F|  |TS  0|AC  0|TAMS 0x000000008b800000, 0x000000008b800000|
| 103|0x000000008b900000, 0x000000008b900000, 0x000000008ba00000|  0%| F|  |TS  0|AC  0|TAMS 0x000000008b900000, 0x000000008b900000|
| 104|0x000000008ba00000, 0x000000008ba00000, 0x000000008bb00000|  0%| F|  |TS  0|AC  0|TAMS 0x000000008ba00000, 0x000000008ba00000|
| 105|0x000000008bb00000, 0x000000008bb00000, 0x000000008bc00000|  0%| F|  |TS  0|AC  0|TAMS 0x000000008bb00000, 0x000000008bb00000|
| 106|0x000000008bc00000, 0x000000008bc00000, 0x000000008bd00000|  0%| F|  |TS  0|AC  0|TAMS 0x000000008bc00000, 0x000000008bc00000|
| 107|0x000000008bd00000, 0x000000008bd00000, 0x000000008be00000|  0%| F|  |TS  0|AC  0|TAMS 0x000000008bd00000, 0x000000008bd00000|
| 108|0x000000008be00000, 0x000000008be00000, 0x000000008bf00000|  0%| F|  |TS  0|AC  0|TAMS 0x000000008be00000, 0x000000008be00000|
| 109|0x000000008bf00000, 0x000000008bf00000, 0x000000008c000000|  0%| F|  |TS  0|AC  0|TAMS 0x000000008bf00000, 0x000000008bf00000|
| 110|0x000000008c000000, 0x000000008c000000, 0x000000008c100000|  0%| F|  |TS  0|AC  0|TAMS 0x000000008c000000, 0x000000008c000000|
| 111|0x000000008c100000, 0x000000008c100000, 0x000000008c200000|  0%| F|  |TS  0|AC  0|TAMS 0x000000008c100000, 0x000000008c100000|
| 112|0x000000008c200000, 0x000000008c200000, 0x000000008c300000|  0%| F|  |TS  0|AC  0|TAMS 0x000000008c200000, 0x000000008c200000|
| 113|0x000000008c300000, 0x000000008c300000, 0x000000008c400000|  0%| F|  |TS  0|AC  0|TAMS 0x000000008c300000, 0x000000008c300000|
| 114|0x000000008c400000, 0x000000008c400000, 0x000000008c500000|  0%| F|  |TS  0|AC  0|TAMS 0x000000008c400000, 0x000000008c400000|
| 115|0x000000008c500000, 0x000000008c500000, 0x000000008c600000|  0%| F|  |TS  0|AC  0|TAMS 0x000000008c500000, 0x000000008c500000|
| 116|0x000000008c600000, 0x000000008c600000, 0x000000008c700000|  0%| F|  |TS  0|AC  0|TAMS 0x000000008c600000, 0x000000008c600000|
| 117|0x000000008c700000, 0x000000008c700000, 0x000000008c800000|  0%| F|  |TS  0|AC  0|TAMS 0x000000008c700000, 0x000000008c700000|
| 118|0x000000008c800000, 0x000000008c800000, 0x000000008c900000|  0%| F|  |TS  0|AC  0|TAMS 0x000000008c800000, 0x000000008c800000|
| 119|0x000000008c900000, 0x000000008c900000, 0x000000008ca00000|  0%| F|  |TS  0|AC  0|TAMS 0x000000008c900000, 0x000000008c900000|
| 120|0x000000008ca00000, 0x000000008ca00000, 0x000000008cb00000|  0%| F|  |TS  0|AC  0|TAMS 0x000000008ca00000, 0x000000008ca00000|
| 121|0x000000008cb00000, 0x000000008cb00000, 0x000000008cc00000|  0%| F|  |TS  0|AC  0|TAMS 0x000000008cb00000, 0x000000008cb00000|
| 122|0x000000008cc00000, 0x000000008ccf6488, 0x000000008cd00000| 96%| E|  |TS  0|AC  0|TAMS 0x000000008cc00000, 0x000000008cc00000|
| 123|0x000000008cd00000, 0x000000008ce00000, 0x000000008ce00000|100%| E|CS|TS  0|AC  0|TAMS 0x000000008cd00000, 0x000000008cd00000|

Card table byte_map: [0x00007fae5d30b000,0x00007fae5d6e2000] byte_map_base: 0x00007fae5cee2000

Marking Bits (Prev, Next): (CMBitMap*) 0x00007fae7805ce80, (CMBitMap*) 0x00007fae7805ceb8
 Prev Bits: [0x00007fae3e148000, 0x00007fae40000000)
 Next Bits: [0x00007fae3c290000, 0x00007fae3e148000)

Polling page: 0x00007fae7ef3e000

CodeHeap 'non-profiled nmethods': size=120032Kb used=23Kb max_used=23Kb free=120008Kb
 bounds [0x00007fae6676f000, 0x00007fae669df000, 0x00007fae6dca7000]
CodeHeap 'profiled nmethods': size=120028Kb used=138Kb max_used=138Kb free=119889Kb
 bounds [0x00007fae5f238000, 0x00007fae5f4a8000, 0x00007fae6676f000]
CodeHeap 'non-nmethods': size=5700Kb used=1017Kb max_used=1028Kb free=4682Kb
 bounds [0x00007fae5eca7000, 0x00007fae5ef17000, 0x00007fae5f238000]
 total_blobs=470 nmethods=103 adapters=222
 compilation: enabled

Compilation events (10 events):
Event: 0.085 Thread 0x00007fae7815e800  100       3       java.lang.AbstractStringBuilder::append (45 bytes)
Event: 0.085 Thread 0x00007fae7815a800 nmethod 98 0x00007fae66774a10 code [0x00007fae66774ba0, 0x00007fae66774bf8]
Event: 0.085 Thread 0x00007fae7815e800 nmethod 100 0x00007fae5f257b10 code [0x00007fae5f257d40, 0x00007fae5f2582b8]
Event: 0.086 Thread 0x00007fae7815e800  101       3       java.lang.StringLatin1::lastIndexOf (40 bytes)
Event: 0.086 Thread 0x00007fae7815e800 nmethod 101 0x00007fae5f258510 code [0x00007fae5f2586e0, 0x00007fae5f258af0]
Event: 0.086 Thread 0x00007fae7815e800  102       3       java.lang.Character::toLowerCase (9 bytes)
Event: 0.086 Thread 0x00007fae7815e800 nmethod 102 0x00007fae5f258c90 code [0x00007fae5f258e60, 0x00007fae5f259098]
Event: 0.086 Thread 0x00007fae7815e800  103       3       java.lang.CharacterDataLatin1::toLowerCase (39 bytes)
Event: 0.086 Thread 0x00007fae7815e800 nmethod 103 0x00007fae5f259190 code [0x00007fae5f259360, 0x00007fae5f2595f0]
Event: 0.089 Thread 0x00007fae7815e800  104       3       java.util.Arrays::copyOfRange (63 bytes)

GC Heap History (0 events):
No events

Deoptimization events (1 events):
Event: 0.053 Thread 0x00007fae78012000 Uncommon trap: reason=unstable_if action=reinterpret pc=0x00007fae667741ec method=java.lang.String.hashCode()I @ 14 c2

Classes redefined (0 events):
No events

Internal exceptions (0 events):
No events

Events (10 events):
Event: 0.084 loading class com/cyberbotics/webots/controller/Mouse
Event: 0.084 loading class com/cyberbotics/webots/controller/Mouse done
Event: 0.085 loading class com/cyberbotics/webots/controller/Camera
Event: 0.085 loading class com/cyberbotics/webots/controller/Camera done
Event: 0.085 loading class com/cyberbotics/webots/controller/Device
Event: 0.085 loading class com/cyberbotics/webots/controller/Device done
Event: 0.086 loading class com/cyberbotics/webots/controller/DistanceSensor
Event: 0.086 loading class com/cyberbotics/webots/controller/DistanceSensor done
Event: 0.086 loading class com/cyberbotics/webots/controller/Motion
Event: 0.086 loading class com/cyberbotics/webots/controller/Motion done


Dynamic libraries:
85200000-8ce00000 rw-p 00000000 00:00 0 
8ce00000-100000000 ---p 00000000 00:00 0 
100000000-100080000 rw-p 00000000 00:00 0 
100080000-140000000 ---p 00000000 00:00 0 
55584e636000-55584e637000 r-xp 00000000 08:01 23598097                   /usr/lib/jvm/java-11-openjdk-amd64/bin/java
55584e837000-55584e838000 r--p 00001000 08:01 23598097                   /usr/lib/jvm/java-11-openjdk-amd64/bin/java
55584e838000-55584e839000 rw-p 00002000 08:01 23598097                   /usr/lib/jvm/java-11-openjdk-amd64/bin/java
55584efdd000-55584effe000 rw-p 00000000 00:00 0                          [heap]
7fadd2c0d000-7fadd2c10000 r-xp 00000000 08:01 26486645                   /home/pc/Downloads/webots/resources/projects/plugins/robot_windows/generic/libgeneric.so
7fadd2c10000-7fadd2e0f000 ---p 00003000 08:01 26486645                   /home/pc/Downloads/webots/resources/projects/plugins/robot_windows/generic/libgeneric.so
7fadd2e0f000-7fadd2e10000 r--p 00002000 08:01 26486645                   /home/pc/Downloads/webots/resources/projects/plugins/robot_windows/generic/libgeneric.so
7fadd2e10000-7fadd2e11000 rw-p 00003000 08:01 26486645                   /home/pc/Downloads/webots/resources/projects/plugins/robot_windows/generic/libgeneric.so
7fadd2e11000-7fadd2e1c000 r-xp 00000000 08:01 27920412                   /home/pc/Downloads/webots/lib/libjbig.so.0
7fadd2e1c000-7fadd301b000 ---p 0000b000 08:01 27920412                   /home/pc/Downloads/webots/lib/libjbig.so.0
7fadd301b000-7fadd301c000 r--p 0000a000 08:01 27920412                   /home/pc/Downloads/webots/lib/libjbig.so.0
7fadd301c000-7fadd301f000 rw-p 0000b000 08:01 27920412                   /home/pc/Downloads/webots/lib/libjbig.so.0
7fadd301f000-7fadd3043000 r-xp 00000000 08:01 14684814                   /lib/x86_64-linux-gnu/liblzma.so.5.2.2
7fadd3043000-7fadd3243000 ---p 00024000 08:01 14684814                   /lib/x86_64-linux-gnu/liblzma.so.5.2.2
7fadd3243000-7fadd3244000 r--p 00024000 08:01 14684814                   /lib/x86_64-linux-gnu/liblzma.so.5.2.2
7fadd3244000-7fadd3245000 rw-p 00025000 08:01 14684814                   /lib/x86_64-linux-gnu/liblzma.so.5.2.2
7fadd3245000-7fadd3269000 r-xp 00000000 08:01 27920444                   /home/pc/Downloads/webots/lib/libpng12.so.0
7fadd3269000-7fadd3468000 ---p 00024000 08:01 27920444                   /home/pc/Downloads/webots/lib/libpng12.so.0
7fadd3468000-7fadd3469000 r--p 00023000 08:01 27920444                   /home/pc/Downloads/webots/lib/libpng12.so.0
7fadd3469000-7fadd346a000 rw-p 00024000 08:01 27920444                   /home/pc/Downloads/webots/lib/libpng12.so.0
7fadd346a000-7fadd34c1000 r-xp 00000000 08:01 27920405                   /home/pc/Downloads/webots/lib/libjpeg.so.8
7fadd34c1000-7fadd36c1000 ---p 00057000 08:01 27920405                   /home/pc/Downloads/webots/lib/libjpeg.so.8
7fadd36c1000-7fadd36c2000 r--p 00057000 08:01 27920405                   /home/pc/Downloads/webots/lib/libjpeg.so.8
7fadd36c2000-7fadd36c3000 rw-p 00058000 08:01 27920405                   /home/pc/Downloads/webots/lib/libjpeg.so.8
7fadd36c3000-7fadd3734000 r-xp 00000000 08:01 27920407                   /home/pc/Downloads/webots/lib/libtiff.so.5
7fadd3734000-7fadd3934000 ---p 00071000 08:01 27920407                   /home/pc/Downloads/webots/lib/libtiff.so.5
7fadd3934000-7fadd3935000 r--p 00071000 08:01 27920407                   /home/pc/Downloads/webots/lib/libtiff.so.5
7fadd3935000-7fadd3938000 rw-p 00072000 08:01 27920407                   /home/pc/Downloads/webots/lib/libtiff.so.5
7fadd3938000-7fadd3984000 r-xp 00000000 08:01 27920416                   /home/pc/Downloads/webots/lib/libController.so
7fadd3984000-7fadd3b83000 ---p 0004c000 08:01 27920416                   /home/pc/Downloads/webots/lib/libController.so
7fadd3b83000-7fadd3b84000 r--p 0004b000 08:01 27920416                   /home/pc/Downloads/webots/lib/libController.so
7fadd3b84000-7fadd3b85000 rw-p 0004c000 08:01 27920416                   /home/pc/Downloads/webots/lib/libController.so
7fadd3b85000-7fadd3b86000 rw-p 00000000 00:00 0 
7fadd3b86000-7fadd3bc0000 r-xp 00000000 08:01 27920467                   /home/pc/Downloads/webots/lib/libCppController.so
7fadd3bc0000-7fadd3dbf000 ---p 0003a000 08:01 27920467                   /home/pc/Downloads/webots/lib/libCppController.so
7fadd3dbf000-7fadd3dc1000 r--p 00039000 08:01 27920467                   /home/pc/Downloads/webots/lib/libCppController.so
7fadd3dc1000-7fadd3dc3000 rw-p 0003b000 08:01 27920467                   /home/pc/Downloads/webots/lib/libCppController.so
7fadd3dc3000-7fadd3dff000 r-xp 00000000 08:01 27920367                   /home/pc/Downloads/webots/lib/java/libJavaController.so
7fadd3dff000-7fadd3ffe000 ---p 0003c000 08:01 27920367                   /home/pc/Downloads/webots/lib/java/libJavaController.so
7fadd3ffe000-7fadd3fff000 r--p 0003b000 08:01 27920367                   /home/pc/Downloads/webots/lib/java/libJavaController.so
7fadd3fff000-7fadd4000000 rw-p 0003c000 08:01 27920367                   /home/pc/Downloads/webots/lib/java/libJavaController.so
7fadd4000000-7fadd4021000 rw-p 00000000 00:00 0 
7fadd4021000-7fadd8000000 ---p 00000000 00:00 0 
7fadd8000000-7fadd8021000 rw-p 00000000 00:00 0 
7fadd8021000-7faddc000000 ---p 00000000 00:00 0 
7faddc000000-7faddc021000 rw-p 00000000 00:00 0 
7faddc021000-7fade0000000 ---p 00000000 00:00 0 
7fade0000000-7fade0021000 rw-p 00000000 00:00 0 
7fade0021000-7fade4000000 ---p 00000000 00:00 0 
7fade4000000-7fade4021000 rw-p 00000000 00:00 0 
7fade4021000-7fade8000000 ---p 00000000 00:00 0 
7fade8000000-7fade807e000 rw-p 00000000 00:00 0 
7fade807e000-7fadec000000 ---p 00000000 00:00 0 
7fadec000000-7fadec076000 rw-p 00000000 00:00 0 
7fadec076000-7fadf0000000 ---p 00000000 00:00 0 
7fadf0000000-7fadf0021000 rw-p 00000000 00:00 0 
7fadf0021000-7fadf4000000 ---p 00000000 00:00 0 
7fadf4000000-7fadf4021000 rw-p 00000000 00:00 0 
7fadf4021000-7fadf8000000 ---p 00000000 00:00 0 
7fadf8000000-7fadf8021000 rw-p 00000000 00:00 0 
7fadf8021000-7fadfc000000 ---p 00000000 00:00 0 
7fadfc000000-7fadfc021000 rw-p 00000000 00:00 0 
7fadfc021000-7fae00000000 ---p 00000000 00:00 0 
7fae00000000-7fae00021000 rw-p 00000000 00:00 0 
7fae00021000-7fae04000000 ---p 00000000 00:00 0 
7fae04000000-7fae04021000 rw-p 00000000 00:00 0 
7fae04021000-7fae08000000 ---p 00000000 00:00 0 
7fae08000000-7fae08021000 rw-p 00000000 00:00 0 
7fae08021000-7fae0c000000 ---p 00000000 00:00 0 
7fae0c000000-7fae0c021000 rw-p 00000000 00:00 0 
7fae0c021000-7fae10000000 ---p 00000000 00:00 0 
7fae10000000-7fae10021000 rw-p 00000000 00:00 0 
7fae10021000-7fae14000000 ---p 00000000 00:00 0 
7fae14000000-7fae14021000 rw-p 00000000 00:00 0 
7fae14021000-7fae18000000 ---p 00000000 00:00 0 
7fae18000000-7fae18021000 rw-p 00000000 00:00 0 
7fae18021000-7fae1c000000 ---p 00000000 00:00 0 
7fae1c000000-7fae1c021000 rw-p 00000000 00:00 0 
7fae1c021000-7fae20000000 ---p 00000000 00:00 0 
7fae20000000-7fae20021000 rw-p 00000000 00:00 0 
7fae20021000-7fae24000000 ---p 00000000 00:00 0 
7fae24000000-7fae24021000 rw-p 00000000 00:00 0 
7fae24021000-7fae28000000 ---p 00000000 00:00 0 
7fae28161000-7fae28192000 rw-p 00000000 00:00 0 
7fae28192000-7fae281a9000 r-xp 00000000 08:01 23598500                   /usr/lib/jvm/java-11-openjdk-amd64/lib/libnet.so
7fae281a9000-7fae283a8000 ---p 00017000 08:01 23598500                   /usr/lib/jvm/java-11-openjdk-amd64/lib/libnet.so
7fae283a8000-7fae283a9000 r--p 00016000 08:01 23598500                   /usr/lib/jvm/java-11-openjdk-amd64/lib/libnet.so
7fae283a9000-7fae283aa000 rw-p 00017000 08:01 23598500                   /usr/lib/jvm/java-11-openjdk-amd64/lib/libnet.so
7fae283aa000-7fae283bb000 r-xp 00000000 08:01 23598501                   /usr/lib/jvm/java-11-openjdk-amd64/lib/libnio.so
7fae283bb000-7fae285ba000 ---p 00011000 08:01 23598501                   /usr/lib/jvm/java-11-openjdk-amd64/lib/libnio.so
7fae285ba000-7fae285bb000 r--p 00010000 08:01 23598501                   /usr/lib/jvm/java-11-openjdk-amd64/lib/libnio.so
7fae285bb000-7fae285bc000 rw-p 00011000 08:01 23598501                   /usr/lib/jvm/java-11-openjdk-amd64/lib/libnio.so
7fae285bc000-7fae285c0000 ---p 00000000 00:00 0 
7fae285c0000-7fae286bd000 rw-p 00000000 00:00 0 
7fae286bd000-7fae286be000 ---p 00000000 00:00 0 
7fae286be000-7fae287bf000 rw-p 00000000 00:00 0 
7fae287bf000-7fae287c3000 ---p 00000000 00:00 0 
7fae287c3000-7fae288c0000 rw-p 00000000 00:00 0 
7fae288c0000-7fae288c4000 ---p 00000000 00:00 0 
7fae288c4000-7fae289c1000 rw-p 00000000 00:00 0 
7fae289c1000-7fae289c5000 ---p 00000000 00:00 0 
7fae289c5000-7fae28ac2000 rw-p 00000000 00:00 0 
7fae28ac2000-7fae28ac6000 ---p 00000000 00:00 0 
7fae28ac6000-7fae28bc3000 rw-p 00000000 00:00 0 
7fae28bc3000-7fae28bc7000 ---p 00000000 00:00 0 
7fae28bc7000-7fae28cc4000 rw-p 00000000 00:00 0 
7fae28cc4000-7fae28cc8000 ---p 00000000 00:00 0 
7fae28cc8000-7fae28dc5000 rw-p 00000000 00:00 0 
7fae28dc5000-7fae28dc9000 ---p 00000000 00:00 0 
7fae28dc9000-7fae28ec6000 rw-p 00000000 00:00 0 
7fae28ec6000-7fae291f6000 r--p 00000000 08:01 23598983                   /usr/lib/locale/locale-archive
7fae291f6000-7fae291fa000 ---p 00000000 00:00 0 
7fae291fa000-7fae292f7000 rw-p 00000000 00:00 0 
7fae292f7000-7fae292fb000 ---p 00000000 00:00 0 
7fae292fb000-7fae293f8000 rw-p 00000000 00:00 0 
7fae293f8000-7fae293f9000 ---p 00000000 00:00 0 
7fae293f9000-7fae2997a000 rw-p 00000000 00:00 0 
7fae2997a000-7fae29cfa000 ---p 00000000 00:00 0 
7fae29cfa000-7fae29cfb000 ---p 00000000 00:00 0 
7fae29cfb000-7fae29dfc000 rw-p 00000000 00:00 0 
7fae29dfc000-7fae29dfd000 ---p 00000000 00:00 0 
7fae29dfd000-7fae29efe000 rw-p 00000000 00:00 0 
7fae29efe000-7fae29eff000 ---p 00000000 00:00 0 
7fae29eff000-7fae2c000000 rw-p 00000000 00:00 0 
7fae2c000000-7fae2c021000 rw-p 00000000 00:00 0 
7fae2c021000-7fae30000000 ---p 00000000 00:00 0 
7fae30000000-7fae30021000 rw-p 00000000 00:00 0 
7fae30021000-7fae34000000 ---p 00000000 00:00 0 
7fae34000000-7fae34021000 rw-p 00000000 00:00 0 
7fae34021000-7fae38000000 ---p 00000000 00:00 0 
7fae38000000-7fae38021000 rw-p 00000000 00:00 0 
7fae38021000-7fae3c000000 ---p 00000000 00:00 0 
7fae3c016000-7fae3c08c000 rw-p 00000000 00:00 0 
7fae3c08c000-7fae3c08d000 ---p 00000000 00:00 0 
7fae3c08d000-7fae3c18e000 rw-p 00000000 00:00 0 
7fae3c18e000-7fae3c18f000 ---p 00000000 00:00 0 
7fae3c18f000-7fae3c480000 rw-p 00000000 00:00 0 
7fae3c480000-7fae3e148000 ---p 00000000 00:00 0 
7fae3e148000-7fae3e338000 rw-p 00000000 00:00 0 
7fae3e338000-7fae40000000 ---p 00000000 00:00 0 
7fae40000000-7fae40021000 rw-p 00000000 00:00 0 
7fae40021000-7fae44000000 ---p 00000000 00:00 0 
7fae44000000-7fae44021000 rw-p 00000000 00:00 0 
7fae44021000-7fae48000000 ---p 00000000 00:00 0 
7fae48000000-7fae48021000 rw-p 00000000 00:00 0 
7fae48021000-7fae4c000000 ---p 00000000 00:00 0 
7fae4c000000-7fae4c021000 rw-p 00000000 00:00 0 
7fae4c021000-7fae50000000 ---p 00000000 00:00 0 
7fae50000000-7fae50021000 rw-p 00000000 00:00 0 
7fae50021000-7fae54000000 ---p 00000000 00:00 0 
7fae54000000-7fae54021000 rw-p 00000000 00:00 0 
7fae54021000-7fae58000000 ---p 00000000 00:00 0 
7fae58000000-7fae58021000 rw-p 00000000 00:00 0 
7fae58021000-7fae5c000000 ---p 00000000 00:00 0 
7fae5c01e000-7fae5c01f000 ---p 00000000 00:00 0 
7fae5c01f000-7fae5c120000 rw-p 00000000 00:00 0 
7fae5c120000-7fae5c121000 ---p 00000000 00:00 0 
7fae5c121000-7fae5c222000 rw-p 00000000 00:00 0 
7fae5c222000-7fae5c223000 ---p 00000000 00:00 0 
7fae5c223000-7fae5c324000 rw-p 00000000 00:00 0 
7fae5c324000-7fae5c325000 ---p 00000000 00:00 0 
7fae5c325000-7fae5cc2e000 rw-p 00000000 00:00 0 
7fae5cc2e000-7fae5cc2f000 ---p 00000000 00:00 0 
7fae5cc2f000-7fae5cd30000 rw-p 00000000 00:00 0 
7fae5cd30000-7fae5cd31000 ---p 00000000 00:00 0 
7fae5cd31000-7fae5ce32000 rw-p 00000000 00:00 0 
7fae5ce32000-7fae5ce33000 ---p 00000000 00:00 0 
7fae5ce33000-7fae5cf72000 rw-p 00000000 00:00 0 
7fae5cf72000-7fae5d30b000 ---p 00000000 00:00 0 
7fae5d30b000-7fae5d349000 rw-p 00000000 00:00 0 
7fae5d349000-7fae5d6e2000 ---p 00000000 00:00 0 
7fae5d6e2000-7fae5d720000 rw-p 00000000 00:00 0 
7fae5d720000-7fae5dab9000 ---p 00000000 00:00 0 
7fae5dab9000-7fae5e2c1000 rw-p 00000000 00:00 0 
7fae5e2c1000-7fae5e2c2000 ---p 00000000 00:00 0 
7fae5e2c2000-7fae5e3c3000 rw-p 00000000 00:00 0 
7fae5e3c3000-7fae5e3c4000 ---p 00000000 00:00 0 
7fae5e3c4000-7fae5e4c5000 rw-p 00000000 00:00 0 
7fae5e4c5000-7fae5e4c6000 ---p 00000000 00:00 0 
7fae5e4c6000-7fae5e5c7000 rw-p 00000000 00:00 0 
7fae5e5c7000-7fae5e5c8000 ---p 00000000 00:00 0 
7fae5e5c8000-7fae5e6c9000 rw-p 00000000 00:00 0 
7fae5e6c9000-7fae5e6ca000 ---p 00000000 00:00 0 
7fae5e6ca000-7fae5e7cb000 rw-p 00000000 00:00 0 
7fae5e7cb000-7fae5e7cc000 ---p 00000000 00:00 0 
7fae5e7cc000-7fae5e8cd000 rw-p 00000000 00:00 0 
7fae5e8cd000-7fae5e8ce000 ---p 00000000 00:00 0 
7fae5e8ce000-7fae5e9cf000 rw-p 00000000 00:00 0 
7fae5e9cf000-7fae5e9d0000 ---p 00000000 00:00 0 
7fae5e9d0000-7fae5ead6000 rw-p 00000000 00:00 0 
7fae5ead6000-7fae5ebbc000 ---p 00000000 00:00 0 
7fae5ebbc000-7fae5ebc1000 rw-p 00000000 00:00 0 
7fae5ebc1000-7fae5eca7000 ---p 00000000 00:00 0 
7fae5eca7000-7fae5ef17000 rwxp 00000000 00:00 0 
7fae5ef17000-7fae5f238000 ---p 00000000 00:00 0 
7fae5f238000-7fae5f4a8000 rwxp 00000000 00:00 0 
7fae5f4a8000-7fae6676f000 ---p 00000000 00:00 0 
7fae6676f000-7fae669df000 rwxp 00000000 00:00 0 
7fae669df000-7fae6dca7000 ---p 00000000 00:00 0 
7fae6dca7000-7fae77182000 r--s 00000000 08:01 23598511                   /usr/lib/jvm/java-11-openjdk-amd64/lib/modules
7fae77182000-7fae77187000 r-xp 00000000 08:01 23598491                   /usr/lib/jvm/java-11-openjdk-amd64/lib/libjimage.so
7fae77187000-7fae77386000 ---p 00005000 08:01 23598491                   /usr/lib/jvm/java-11-openjdk-amd64/lib/libjimage.so
7fae77386000-7fae77387000 r--p 00004000 08:01 23598491                   /usr/lib/jvm/java-11-openjdk-amd64/lib/libjimage.so
7fae77387000-7fae77388000 rw-p 00005000 08:01 23598491                   /usr/lib/jvm/java-11-openjdk-amd64/lib/libjimage.so
7fae77388000-7fae7738f000 r-xp 00000000 08:01 23598510                   /usr/lib/jvm/java-11-openjdk-amd64/lib/libzip.so
7fae7738f000-7fae7758e000 ---p 00007000 08:01 23598510                   /usr/lib/jvm/java-11-openjdk-amd64/lib/libzip.so
7fae7758e000-7fae7758f000 r--p 00006000 08:01 23598510                   /usr/lib/jvm/java-11-openjdk-amd64/lib/libzip.so
7fae7758f000-7fae77590000 rw-p 00007000 08:01 23598510                   /usr/lib/jvm/java-11-openjdk-amd64/lib/libzip.so
7fae77590000-7fae7759b000 r-xp 00000000 08:01 14684844                   /lib/x86_64-linux-gnu/libnss_files-2.27.so
7fae7759b000-7fae7779a000 ---p 0000b000 08:01 14684844                   /lib/x86_64-linux-gnu/libnss_files-2.27.so
7fae7779a000-7fae7779b000 r--p 0000a000 08:01 14684844                   /lib/x86_64-linux-gnu/libnss_files-2.27.so
7fae7779b000-7fae7779c000 rw-p 0000b000 08:01 14684844                   /lib/x86_64-linux-gnu/libnss_files-2.27.so
7fae7779c000-7fae777a2000 rw-p 00000000 00:00 0 
7fae777a2000-7fae777b9000 r-xp 00000000 08:01 14684838                   /lib/x86_64-linux-gnu/libnsl-2.27.so
7fae777b9000-7fae779b8000 ---p 00017000 08:01 14684838                   /lib/x86_64-linux-gnu/libnsl-2.27.so
7fae779b8000-7fae779b9000 r--p 00016000 08:01 14684838                   /lib/x86_64-linux-gnu/libnsl-2.27.so
7fae779b9000-7fae779ba000 rw-p 00017000 08:01 14684838                   /lib/x86_64-linux-gnu/libnsl-2.27.so
7fae779ba000-7fae779bc000 rw-p 00000000 00:00 0 
7fae779bc000-7fae779c7000 r-xp 00000000 08:01 14684855                   /lib/x86_64-linux-gnu/libnss_nis-2.27.so
7fae779c7000-7fae77bc6000 ---p 0000b000 08:01 14684855                   /lib/x86_64-linux-gnu/libnss_nis-2.27.so
7fae77bc6000-7fae77bc7000 r--p 0000a000 08:01 14684855                   /lib/x86_64-linux-gnu/libnss_nis-2.27.so
7fae77bc7000-7fae77bc8000 rw-p 0000b000 08:01 14684855                   /lib/x86_64-linux-gnu/libnss_nis-2.27.so
7fae77bc8000-7fae77bd0000 r-xp 00000000 08:01 14684840                   /lib/x86_64-linux-gnu/libnss_compat-2.27.so
7fae77bd0000-7fae77dd0000 ---p 00008000 08:01 14684840                   /lib/x86_64-linux-gnu/libnss_compat-2.27.so
7fae77dd0000-7fae77dd1000 r--p 00008000 08:01 14684840                   /lib/x86_64-linux-gnu/libnss_compat-2.27.so
7fae77dd1000-7fae77dd2000 rw-p 00009000 08:01 14684840                   /lib/x86_64-linux-gnu/libnss_compat-2.27.so
7fae77dd2000-7fae77dfe000 r-xp 00000000 08:01 23598487                   /usr/lib/jvm/java-11-openjdk-amd64/lib/libjava.so
7fae77dfe000-7fae77ffd000 ---p 0002c000 08:01 23598487                   /usr/lib/jvm/java-11-openjdk-amd64/lib/libjava.so
7fae77ffd000-7fae77ffe000 r--p 0002b000 08:01 23598487                   /usr/lib/jvm/java-11-openjdk-amd64/lib/libjava.so
7fae77ffe000-7fae78000000 rw-p 0002c000 08:01 23598487                   /usr/lib/jvm/java-11-openjdk-amd64/lib/libjava.so
7fae78000000-7fae7827e000 rw-p 00000000 00:00 0 
7fae7827e000-7fae7c000000 ---p 00000000 00:00 0 
7fae7c01f000-7fae7c0a2000 rw-p 00000000 00:00 0 
7fae7c0a2000-7fae7c0af000 r-xp 00000000 08:01 23598509                   /usr/lib/jvm/java-11-openjdk-amd64/lib/libverify.so
7fae7c0af000-7fae7c2ae000 ---p 0000d000 08:01 23598509                   /usr/lib/jvm/java-11-openjdk-amd64/lib/libverify.so
7fae7c2ae000-7fae7c2b0000 r--p 0000c000 08:01 23598509                   /usr/lib/jvm/java-11-openjdk-amd64/lib/libverify.so
7fae7c2b0000-7fae7c2b1000 rw-p 0000e000 08:01 23598509                   /usr/lib/jvm/java-11-openjdk-amd64/lib/libverify.so
7fae7c2b1000-7fae7c2b8000 r-xp 00000000 08:01 14684895                   /lib/x86_64-linux-gnu/librt-2.27.so
7fae7c2b8000-7fae7c4b7000 ---p 00007000 08:01 14684895                   /lib/x86_64-linux-gnu/librt-2.27.so
7fae7c4b7000-7fae7c4b8000 r--p 00006000 08:01 14684895                   /lib/x86_64-linux-gnu/librt-2.27.so
7fae7c4b8000-7fae7c4b9000 rw-p 00007000 08:01 14684895                   /lib/x86_64-linux-gnu/librt-2.27.so
7fae7c4b9000-7fae7c4d0000 r-xp 00000000 08:01 14684791                   /lib/x86_64-linux-gnu/libgcc_s.so.1
7fae7c4d0000-7fae7c6cf000 ---p 00017000 08:01 14684791                   /lib/x86_64-linux-gnu/libgcc_s.so.1
7fae7c6cf000-7fae7c6d0000 r--p 00016000 08:01 14684791                   /lib/x86_64-linux-gnu/libgcc_s.so.1
7fae7c6d0000-7fae7c6d1000 rw-p 00017000 08:01 14684791                   /lib/x86_64-linux-gnu/libgcc_s.so.1
7fae7c6d1000-7fae7c86e000 r-xp 00000000 08:01 14684817                   /lib/x86_64-linux-gnu/libm-2.27.so
7fae7c86e000-7fae7ca6d000 ---p 0019d000 08:01 14684817                   /lib/x86_64-linux-gnu/libm-2.27.so
7fae7ca6d000-7fae7ca6e000 r--p 0019c000 08:01 14684817                   /lib/x86_64-linux-gnu/libm-2.27.so
7fae7ca6e000-7fae7ca6f000 rw-p 0019d000 08:01 14684817                   /lib/x86_64-linux-gnu/libm-2.27.so
7fae7ca6f000-7fae7cbe8000 r-xp 00000000 08:01 23601225                   /usr/lib/x86_64-linux-gnu/libstdc++.so.6.0.25
7fae7cbe8000-7fae7cde8000 ---p 00179000 08:01 23601225                   /usr/lib/x86_64-linux-gnu/libstdc++.so.6.0.25
7fae7cde8000-7fae7cdf2000 r--p 00179000 08:01 23601225                   /usr/lib/x86_64-linux-gnu/libstdc++.so.6.0.25
7fae7cdf2000-7fae7cdf4000 rw-p 00183000 08:01 23601225                   /usr/lib/x86_64-linux-gnu/libstdc++.so.6.0.25
7fae7cdf4000-7fae7cdf8000 rw-p 00000000 00:00 0 
7fae7cdf8000-7fae7dd95000 r-xp 00000000 08:01 23598523                   /usr/lib/jvm/java-11-openjdk-amd64/lib/server/libjvm.so
7fae7dd95000-7fae7df95000 ---p 00f9d000 08:01 23598523                   /usr/lib/jvm/java-11-openjdk-amd64/lib/server/libjvm.so
7fae7df95000-7fae7e059000 r--p 00f9d000 08:01 23598523                   /usr/lib/jvm/java-11-openjdk-amd64/lib/server/libjvm.so
7fae7e059000-7fae7e091000 rw-p 01061000 08:01 23598523                   /usr/lib/jvm/java-11-openjdk-amd64/lib/server/libjvm.so
7fae7e091000-7fae7e0da000 rw-p 00000000 00:00 0 
7fae7e0da000-7fae7e0f4000 r-xp 00000000 08:01 14684887                   /lib/x86_64-linux-gnu/libpthread-2.27.so
7fae7e0f4000-7fae7e2f3000 ---p 0001a000 08:01 14684887                   /lib/x86_64-linux-gnu/libpthread-2.27.so
7fae7e2f3000-7fae7e2f4000 r--p 00019000 08:01 14684887                   /lib/x86_64-linux-gnu/libpthread-2.27.so
7fae7e2f4000-7fae7e2f5000 rw-p 0001a000 08:01 14684887                   /lib/x86_64-linux-gnu/libpthread-2.27.so
7fae7e2f5000-7fae7e2f9000 rw-p 00000000 00:00 0 
7fae7e2f9000-7fae7e2fc000 r-xp 00000000 08:01 14684777                   /lib/x86_64-linux-gnu/libdl-2.27.so
7fae7e2fc000-7fae7e4fb000 ---p 00003000 08:01 14684777                   /lib/x86_64-linux-gnu/libdl-2.27.so
7fae7e4fb000-7fae7e4fc000 r--p 00002000 08:01 14684777                   /lib/x86_64-linux-gnu/libdl-2.27.so
7fae7e4fc000-7fae7e4fd000 rw-p 00003000 08:01 14684777                   /lib/x86_64-linux-gnu/libdl-2.27.so
7fae7e4fd000-7fae7e519000 r-xp 00000000 08:01 14684928                   /lib/x86_64-linux-gnu/libz.so.1.2.11
7fae7e519000-7fae7e718000 ---p 0001c000 08:01 14684928                   /lib/x86_64-linux-gnu/libz.so.1.2.11
7fae7e718000-7fae7e719000 r--p 0001b000 08:01 14684928                   /lib/x86_64-linux-gnu/libz.so.1.2.11
7fae7e719000-7fae7e71a000 rw-p 0001c000 08:01 14684928                   /lib/x86_64-linux-gnu/libz.so.1.2.11
7fae7e71a000-7fae7e901000 r-xp 00000000 08:01 14684754                   /lib/x86_64-linux-gnu/libc-2.27.so
7fae7e901000-7fae7eb01000 ---p 001e7000 08:01 14684754                   /lib/x86_64-linux-gnu/libc-2.27.so
7fae7eb01000-7fae7eb05000 r--p 001e7000 08:01 14684754                   /lib/x86_64-linux-gnu/libc-2.27.so
7fae7eb05000-7fae7eb07000 rw-p 001eb000 08:01 14684754                   /lib/x86_64-linux-gnu/libc-2.27.so
7fae7eb07000-7fae7eb0b000 rw-p 00000000 00:00 0 
7fae7eb0b000-7fae7eb1a000 r-xp 00000000 08:01 23598516                   /usr/lib/jvm/java-11-openjdk-amd64/lib/jli/libjli.so
7fae7eb1a000-7fae7ed19000 ---p 0000f000 08:01 23598516                   /usr/lib/jvm/java-11-openjdk-amd64/lib/jli/libjli.so
7fae7ed19000-7fae7ed1a000 r--p 0000e000 08:01 23598516                   /usr/lib/jvm/java-11-openjdk-amd64/lib/jli/libjli.so
7fae7ed1a000-7fae7ed1b000 rw-p 0000f000 08:01 23598516                   /usr/lib/jvm/java-11-openjdk-amd64/lib/jli/libjli.so
7fae7ed1b000-7fae7ed42000 r-xp 00000000 08:01 14684726                   /lib/x86_64-linux-gnu/ld-2.27.so
7fae7ed67000-7fae7ee25000 rw-p 00000000 00:00 0 
7fae7ee25000-7fae7ee29000 ---p 00000000 00:00 0 
7fae7ee29000-7fae7ef2f000 rw-p 00000000 00:00 0 
7fae7ef2f000-7fae7ef36000 ---p 00000000 00:00 0 
7fae7ef36000-7fae7ef3e000 rw-s 00000000 08:01 28966955                   /tmp/hsperfdata_pc/6723
7fae7ef3e000-7fae7ef3f000 ---p 00000000 00:00 0 
7fae7ef3f000-7fae7ef40000 r--p 00000000 00:00 0 
7fae7ef40000-7fae7ef42000 rw-p 00000000 00:00 0 
7fae7ef42000-7fae7ef43000 r--p 00027000 08:01 14684726                   /lib/x86_64-linux-gnu/ld-2.27.so
7fae7ef43000-7fae7ef44000 rw-p 00028000 08:01 14684726                   /lib/x86_64-linux-gnu/ld-2.27.so
7fae7ef44000-7fae7ef45000 rw-p 00000000 00:00 0 
7ffcab83b000-7ffcab85d000 rw-p 00000000 00:00 0                          [stack]
7ffcab953000-7ffcab956000 r--p 00000000 00:00 0                          [vvar]
7ffcab956000-7ffcab958000 r-xp 00000000 00:00 0                          [vdso]
ffffffffff600000-ffffffffff601000 r-xp 00000000 00:00 0                  [vsyscall]


VM Arguments:
jvm_args: -Djava.library.path=/home/pc/Downloads/webots/lib/java 
java_command: SensorController
java_class_path (initial): /home/pc/Downloads/webots/lib/java/Controller.jar:/home/pc/Dokumente/my_project/controllers/SensorController/
Launcher Type: SUN_STANDARD

Logging:
Log output configuration:
#0: stdout all=warning uptime,level,tags
#1: stderr all=off uptime,level,tags

Environment Variables:
PATH=/usr/local/sbin:/usr/local/bin:/usr/sbin:/usr/bin:/sbin:/bin:/usr/games:/usr/local/games
LD_LIBRARY_PATH=/home/pc/Downloads/webots/projects/default/libraries/vehicle:/home/pc/Downloads/webots/projects/default/libraries/ros:/home/pc/Downloads/webots/resources/projects/libraries/qt_utils:/home/pc/Dokumente/my_project/controllers/SensorController/:/home/pc/Downloads/webots/lib/:/tmp/webots-6096/lib:
SHELL=/bin/bash
DISPLAY=:0

Signal Handlers:
SIGSEGV: [libjvm.so+0xd28b70], sa_mask[0]=11111111011111111101111111111110, sa_flags=SA_RESTART|SA_SIGINFO
SIGBUS: [libjvm.so+0xd28b70], sa_mask[0]=11111111011111111101111111111110, sa_flags=SA_RESTART|SA_SIGINFO
SIGFPE: [libjvm.so+0xd28b70], sa_mask[0]=11111111011111111101111111111110, sa_flags=SA_RESTART|SA_SIGINFO
SIGPIPE: [libjvm.so+0xb2a1f0], sa_mask[0]=11111111011111111101111111111110, sa_flags=SA_RESTART|SA_SIGINFO
SIGXFSZ: [libjvm.so+0xb2a1f0], sa_mask[0]=11111111011111111101111111111110, sa_flags=SA_RESTART|SA_SIGINFO
SIGILL: [libjvm.so+0xd28b70], sa_mask[0]=11111111011111111101111111111110, sa_flags=SA_RESTART|SA_SIGINFO
SIGUSR2: [libjvm.so+0xb2a030], sa_mask[0]=00000000000000000000000000000000, sa_flags=SA_RESTART|SA_SIGINFO
SIGHUP: [libjvm.so+0xb2a180], sa_mask[0]=11111111011111111101111111111110, sa_flags=SA_RESTART|SA_SIGINFO
SIGINT: [libjvm.so+0xb2a180], sa_mask[0]=11111111011111111101111111111110, sa_flags=SA_RESTART|SA_SIGINFO
SIGTERM: [libjvm.so+0xb2a180], sa_mask[0]=11111111011111111101111111111110, sa_flags=SA_RESTART|SA_SIGINFO
SIGQUIT: [libjvm.so+0xb2a180], sa_mask[0]=11111111011111111101111111111110, sa_flags=SA_RESTART|SA_SIGINFO


---------------  S Y S T E M  ---------------

OS:DISTRIB_ID=LinuxMint
DISTRIB_RELEASE=19.1
DISTRIB_CODENAME=tessa
DISTRIB_DESCRIPTION="Linux Mint 19.1 Tessa"
uname:Linux 4.15.0-20-generic #21-Ubuntu SMP Tue Apr 24 06:16:15 UTC 2018 x86_64
libc:glibc 2.27 NPTL 2.27 
rlimit: STACK 8192k, CORE 0k, NPROC 31207, NOFILE 4096, AS infinity, DATA infinity, FSIZE infinity
load average:0.67 0.65 0.79

/proc/meminfo:
MemTotal:        8051996 kB
MemFree:         4828440 kB
MemAvailable:    5925128 kB
Buffers:          108928 kB
Cached:          1813212 kB
SwapCached:            0 kB
Active:          1735344 kB
Inactive:        1252676 kB
Active(anon):    1067180 kB
Inactive(anon):   653588 kB
Active(file):     668164 kB
Inactive(file):   599088 kB
Unevictable:          32 kB
Mlocked:              32 kB
SwapTotal:       2097148 kB
SwapFree:        2097148 kB
Dirty:                32 kB
Writeback:             0 kB
AnonPages:       1066056 kB
Mapped:           539140 kB
Shmem:            654892 kB
Slab:             142412 kB
SReclaimable:      97340 kB
SUnreclaim:        45072 kB
KernelStack:       10028 kB
PageTables:        34236 kB
NFS_Unstable:          0 kB
Bounce:                0 kB
WritebackTmp:          0 kB
CommitLimit:     6123144 kB
Committed_AS:    4959052 kB
VmallocTotal:   34359738367 kB
VmallocUsed:           0 kB
VmallocChunk:          0 kB
HardwareCorrupted:     0 kB
AnonHugePages:         0 kB
ShmemHugePages:        0 kB
ShmemPmdMapped:        0 kB
CmaTotal:              0 kB
CmaFree:               0 kB
HugePages_Total:       0
HugePages_Free:        0
HugePages_Rsvd:        0
HugePages_Surp:        0
Hugepagesize:       2048 kB
DirectMap4k:      168896 kB
DirectMap2M:     8103936 kB

container (cgroup) information:
container_type: cgroupv1
cpu_cpuset_cpus: 0-7
cpu_memory_nodes: 0
active_processor_count: 8
cpu_quota: -1
cpu_period: 100000
cpu_shares: -1
memory_limit_in_bytes: -1
memory_and_swap_limit_in_bytes: -2
memory_soft_limit_in_bytes: -1
memory_usage_in_bytes: 3060420608
memory_max_usage_in_bytes: 0


CPU:total 8 (initial active 8) (4 cores per cpu, 2 threads per core) family 6 model 58 stepping 9, cmov, cx8, fxsr, mmx, sse, sse2, sse3, ssse3, sse4.1, sse4.2, popcnt, avx, aes, clmul, erms, ht, tsc, tscinvbit, tscinv
CPU Model and flags from /proc/cpuinfo:
model name	: Intel(R) Core(TM) i7-3770 CPU @ 3.40GHz
flags		: fpu vme de pse tsc msr pae mce cx8 apic sep mtrr pge mca cmov pat pse36 clflush dts acpi mmx fxsr sse sse2 ss ht tm pbe syscall nx rdtscp lm constant_tsc arch_perfmon pebs bts rep_good nopl xtopology nonstop_tsc cpuid aperfmperf pni pclmulqdq dtes64 monitor ds_cpl vmx smx est tm2 ssse3 cx16 xtpr pdcm pcid sse4_1 sse4_2 x2apic popcnt tsc_deadline_timer aes xsave avx f16c rdrand lahf_lm cpuid_fault epb pti tpr_shadow vnmi flexpriority ept vpid fsgsbase smep erms xsaveopt dtherm ida arat pln pts

Memory: 4k page, physical 8051996k(4828440k free), swap 2097148k(2097148k free)

vm_info: OpenJDK 64-Bit Server VM (10.0.2+13-Ubuntu-1ubuntu0.18.04.4) for linux-amd64 JRE (10.0.2+13-Ubuntu-1ubuntu0.18.04.4), built on Nov 13 2018 12:53:39 by "buildd" with gcc 7.3.0

END.
