#
# A fatal error has been detected by the Java Runtime Environment:
#
#  SIGSEGV (0xb) at pc=0x00007ff5096ddb32, pid=4934, tid=4935
#
# JRE version: OpenJDK Runtime Environment (10.0.2+13) (build 10.0.2+13-Ubuntu-1ubuntu0.18.04.4)
# Java VM: OpenJDK 64-Bit Server VM (10.0.2+13-Ubuntu-1ubuntu0.18.04.4, mixed mode, tiered, compressed oops, g1 gc, linux-amd64)
# Problematic frame:
# C  [libController.so+0x1bb32]  wbu_motion_new+0x5d2
#
# Core dump will be written. Default location: Core dumps may be processed with "/usr/share/apport/apport %p %s %c %d %P" (or dumping to /home/pc/Dokumente/my_project/controllers/SensorController/core.4934)
#
# If you would like to submit a bug report, please visit:
#   http://bugreport.java.com/bugreport/crash.jsp
# The crash happened outside the Java Virtual Machine in native code.
# See problematic frame for where to report the bug.
#

---------------  S U M M A R Y ------------

Command Line: -Djava.library.path=/home/pc/Downloads/webots/lib/java SensorController

Host: Intel(R) Core(TM) i7-3770 CPU @ 3.40GHz, 8 cores, 7G, Linux Mint 19.1 Tessa
Time: Tue Jun 18 12:33:35 2019 CEST elapsed time: 0 seconds (0d 0h 0m 0s)

---------------  T H R E A D  ---------------

Current thread (0x00007ff560012000):  JavaThread "main" [_thread_in_native, id=4935, stack(0x00007ff568a53000,0x00007ff568b54000)]

Stack: [0x00007ff568a53000,0x00007ff568b54000],  sp=0x00007ff568b516f0,  free space=1017k
Native frames: (J=compiled Java code, A=aot compiled Java code, j=interpreted, Vv=VM code, C=native code)
C  [libController.so+0x1bb32]  wbu_motion_new+0x5d2
C  [libCppController.so+0x28c7a]  webots::Motion::Motion(std::__cxx11::basic_string<char, std::char_traits<char>, std::allocator<char> > const&)+0x36
C  [libJavaController.so+0x27c5d]  Java_com_cyberbotics_webots_controller_wrapperJNI_new_1Motion+0x10a
j  com.cyberbotics.webots.controller.wrapperJNI.new_Motion(Ljava/lang/String;)J+0
j  com.cyberbotics.webots.controller.Motion.<init>(Ljava/lang/String;)V+2
j  SensorController.loadMotionFiles()V+118
j  SensorController.main([Ljava/lang/String;)V+22
v  ~StubRoutines::call_stub
V  [libjvm.so+0x83d38f]
V  [libjvm.so+0x85c3cd]
V  [libjvm.so+0x85e60e]
C  [libjli.so+0x4aa0]
C  [libjli.so+0x89dd]
C  [libpthread.so.0+0x76db]  start_thread+0xdb

Java frames: (J=compiled Java code, j=interpreted, Vv=VM code)
j  com.cyberbotics.webots.controller.wrapperJNI.new_Motion(Ljava/lang/String;)J+0
j  com.cyberbotics.webots.controller.Motion.<init>(Ljava/lang/String;)V+2
j  SensorController.loadMotionFiles()V+118
j  SensorController.main([Ljava/lang/String;)V+22
v  ~StubRoutines::call_stub

siginfo: si_signo: 11 (SIGSEGV), si_code: 1 (SEGV_MAPERR), si_addr: 0x0000000000000000

Register to memory mapping:

RAX=0x0000000000000000 is an unknown value
RBX=0x00007ff56026b2d0 is an unknown value
RCX=0x0000000000000000 is an unknown value
RDX=0x00007ff568735a68: <offset 0x00000000003eda68> in /lib/x86_64-linux-gnu/libc.so.6 at 0x00007ff568348000
RSP=0x00007ff568b516f0 is pointing into the stack for thread: 0x00007ff560012000
RBP=0x00007ff568b52770 is pointing into the stack for thread: 0x00007ff560012000
RSI=0x00007ff5096fafc3: <offset 0x0000000000038fc3> in /home/pc/Downloads/webots/lib/libController.so at 0x00007ff5096c2000
RDI=0x0000000000000000 is an unknown value
R8 =0x0000000000000001 is an unknown value
R9 =0x0000000000000000 is an unknown value
R10=0x0000000000000000 is an unknown value
R11=0x00007ff5096fafde: <offset 0x0000000000038fde> in /home/pc/Downloads/webots/lib/libController.so at 0x00007ff5096c2000
R12=0x0000000000000070 is an unknown value
R13=0x0000000000000038 is an unknown value
R14=0x0000000000000020 is an unknown value
R15=0x0000000000000004 is an unknown value


Registers:
RAX=0x0000000000000000, RBX=0x00007ff56026b2d0, RCX=0x0000000000000000, RDX=0x00007ff568735a68
RSP=0x00007ff568b516f0, RBP=0x00007ff568b52770, RSI=0x00007ff5096fafc3, RDI=0x0000000000000000
R8 =0x0000000000000001, R9 =0x0000000000000000, R10=0x0000000000000000, R11=0x00007ff5096fafde
R12=0x0000000000000070, R13=0x0000000000000038, R14=0x0000000000000020, R15=0x0000000000000004
RIP=0x00007ff5096ddb32, EFLAGS=0x0000000000010246, CSGSFS=0x002b000000000033, ERR=0x0000000000000004
  TRAPNO=0x000000000000000e

Top of Stack: (sp=0x00007ff568b516f0)
0x00007ff568b516f0:   36353a30303a3030 353165736f500030
0x00007ff568b51700:   0037312e30003000 31003739342e302d
0x00007ff568b51710:   2c3330352e302d00 2c302c37312e302d
0x00007ff568b51720:   2e302d2c37312e30 302d2c312c373934 

Instructions: (pc=0x00007ff5096ddb32)
0x00007ff5096ddb12:   08 4a 03 0c 22 48 89 ca e8 f1 21 ff ff 44 3b 3b
0x00007ff5096ddb22:   7d 3c 48 8d 35 98 d4 01 00 31 ff e8 5e 26 ff ff
0x00007ff5096ddb32:   80 38 2a 75 c1 80 78 01 00 75 bb 48 8b 43 30 f2
0x00007ff5096ddb42:   0f 10 05 07 db 01 00 41 83 c7 01 4a 8b 04 20 f2 


---------------  P R O C E S S  ---------------

Threads class SMR info:
_java_thread_list=0x00007ff560214ce0, length=11, elements={
0x00007ff560012000, 0x00007ff560142800, 0x00007ff560144800, 0x00007ff56014e000,
0x00007ff560158800, 0x00007ff56015a800, 0x00007ff56015c800, 0x00007ff56015e800,
0x00007ff560160800, 0x00007ff5601fc800, 0x00007ff560215800
}

Java Threads: ( => current thread )
=>0x00007ff560012000 JavaThread "main" [_thread_in_native, id=4935, stack(0x00007ff568a53000,0x00007ff568b54000)]
  0x00007ff560142800 JavaThread "Reference Handler" daemon [_thread_blocked, id=4957, stack(0x00007ff50aeef000,0x00007ff50aff0000)]
  0x00007ff560144800 JavaThread "Finalizer" daemon [_thread_blocked, id=4958, stack(0x00007ff50adee000,0x00007ff50aeef000)]
  0x00007ff56014e000 JavaThread "Signal Dispatcher" daemon [_thread_blocked, id=4959, stack(0x00007ff50a9bd000,0x00007ff50aabe000)]
  0x00007ff560158800 JavaThread "C2 CompilerThread0" daemon [_thread_blocked, id=4960, stack(0x00007ff50a8bc000,0x00007ff50a9bd000)]
  0x00007ff56015a800 JavaThread "C2 CompilerThread1" daemon [_thread_blocked, id=4961, stack(0x00007ff50a7bb000,0x00007ff50a8bc000)]
  0x00007ff56015c800 JavaThread "C2 CompilerThread2" daemon [_thread_blocked, id=4962, stack(0x00007ff50a6ba000,0x00007ff50a7bb000)]
  0x00007ff56015e800 JavaThread "C1 CompilerThread3" daemon [_thread_blocked, id=4963, stack(0x00007ff50a5b9000,0x00007ff50a6ba000)]
  0x00007ff560160800 JavaThread "Sweeper thread" daemon [_thread_blocked, id=4964, stack(0x00007ff50a4b8000,0x00007ff50a5b9000)]
  0x00007ff5601fc800 JavaThread "Service Thread" daemon [_thread_blocked, id=4965, stack(0x00007ff50a3b7000,0x00007ff50a4b8000)]
  0x00007ff560215800 JavaThread "Common-Cleaner" daemon [_thread_blocked, id=4967, stack(0x00007ff50a1b4000,0x00007ff50a2b5000)]

Other Threads:
  0x00007ff560139000 VMThread "VM Thread" [stack: 0x00007ff50aff2000,0x00007ff50b0f2000] [id=4956]
  0x00007ff5601ff000 WatcherThread [stack: 0x00007ff50a2b7000,0x00007ff50a3b7000] [id=4966]
  0x00007ff560028800 GCTaskThread "GC Thread#0" [stack: 0x00007ff564b7c000,0x00007ff564c7c000] [id=4936]
  0x00007ff56002a000 GCTaskThread "GC Thread#1" [stack: 0x00007ff564a7a000,0x00007ff564b7a000] [id=4937]
  0x00007ff56002c000 GCTaskThread "GC Thread#2" [stack: 0x00007ff564978000,0x00007ff564a78000] [id=4938]
  0x00007ff56002d800 GCTaskThread "GC Thread#3" [stack: 0x00007ff564876000,0x00007ff564976000] [id=4939]
  0x00007ff56002f000 GCTaskThread "GC Thread#4" [stack: 0x00007ff564774000,0x00007ff564874000] [id=4940]
  0x00007ff560031000 GCTaskThread "GC Thread#5" [stack: 0x00007ff564672000,0x00007ff564772000] [id=4941]
  0x00007ff560032800 GCTaskThread "GC Thread#6" [stack: 0x00007ff564570000,0x00007ff564670000] [id=4942]
  0x00007ff560034800 GCTaskThread "GC Thread#7" [stack: 0x00007ff56446e000,0x00007ff56456e000] [id=4943]
  0x00007ff56005d800 ConcurrentGCThread "G1 Main Marker" [stack: 0x00007ff544be4000,0x00007ff544ce4000] [id=4944]
  0x00007ff56005f800 ConcurrentGCThread "G1 Conc#0" [stack: 0x00007ff544ae2000,0x00007ff544be2000] [id=4945]
  0x00007ff560061000 ConcurrentGCThread "G1 Conc#1" [stack: 0x00007ff5449e0000,0x00007ff544ae0000] [id=4946]
  0x00007ff5600c9800 ConcurrentGCThread "G1 Refine#0" [stack: 0x00007ff5440d6000,0x00007ff5441d6000] [id=4947]
  0x00007ff5600cb800 ConcurrentGCThread "G1 Refine#1" [stack: 0x00007ff524048000,0x00007ff524148000] [id=4948]
  0x00007ff5600cd000 ConcurrentGCThread "G1 Refine#2" [stack: 0x00007ff50bf00000,0x00007ff50c000000] [id=4949]
  0x00007ff5600cf000 ConcurrentGCThread "G1 Refine#3" [stack: 0x00007ff50bdfe000,0x00007ff50befe000] [id=4950]
  0x00007ff5600d0800 ConcurrentGCThread "G1 Refine#4" [stack: 0x00007ff50bcfc000,0x00007ff50bdfc000] [id=4951]
  0x00007ff5600d2800 ConcurrentGCThread "G1 Refine#5" [stack: 0x00007ff50bbfa000,0x00007ff50bcfa000] [id=4952]
  0x00007ff5600d4000 ConcurrentGCThread "G1 Refine#6" [stack: 0x00007ff50baf8000,0x00007ff50bbf8000] [id=4953]
  0x00007ff5600d6000 ConcurrentGCThread "G1 Refine#7" [stack: 0x00007ff50b9f6000,0x00007ff50baf6000] [id=4954]
  0x00007ff5600d7800 ConcurrentGCThread "G1 Young RemSet Sampling" [stack: 0x00007ff50b8f4000,0x00007ff50b9f4000] [id=4955]

Threads with active compile tasks:

VM state:not at safepoint (normal execution)

VM Mutex/Monitor currently owned by a thread: None

Heap address: 0x0000000085200000, size: 1966 MB, Compressed Oops mode: 32-bit
Narrow klass base: 0x0000000000000000, Narrow klass shift: 3
Compressed class space size: 1073741824 Address: 0x0000000100000000

Heap:
 garbage-first heap   total 126976K, used 1024K [0x0000000085200000, 0x0000000100000000)
  region size 1024K, 2 young (2048K), 0 survivors (0K)
 Metaspace       used 4854K, capacity 4942K, committed 5120K, reserved 1056768K
  class space    used 398K, capacity 430K, committed 512K, reserved 1048576K
Heap Regions: E=young(eden), S=young(survivor), O=old, HS=humongous(starts), HC=humongous(continues), CS=collection set, F=free, A=archive, TS=gc time stamp, AC=allocation context, TAMS=top-at-mark-start (previous, next)
|   0|0x0000000085200000, 0x0000000085200000, 0x0000000085300000|  0%| F|  |TS  0|AC  0|TAMS 0x0000000085200000, 0x0000000085200000|
|   1|0x0000000085300000, 0x0000000085300000, 0x0000000085400000|  0%| F|  |TS  0|AC  0|TAMS 0x0000000085300000, 0x0000000085300000|
|   2|0x0000000085400000, 0x0000000085400000, 0x0000000085500000|  0%| F|  |TS  0|AC  0|TAMS 0x0000000085400000, 0x0000000085400000|
|   3|0x0000000085500000, 0x0000000085500000, 0x0000000085600000|  0%| F|  |TS  0|AC  0|TAMS 0x0000000085500000, 0x0000000085500000|
|   4|0x0000000085600000, 0x0000000085600000, 0x0000000085700000|  0%| F|  |TS  0|AC  0|TAMS 0x0000000085600000, 0x0000000085600000|
|   5|0x0000000085700000, 0x0000000085700000, 0x0000000085800000|  0%| F|  |TS  0|AC  0|TAMS 0x0000000085700000, 0x0000000085700000|
|   6|0x0000000085800000, 0x0000000085800000, 0x0000000085900000|  0%| F|  |TS  0|AC  0|TAMS 0x0000000085800000, 0x0000000085800000|
|   7|0x0000000085900000, 0x0000000085900000, 0x0000000085a00000|  0%| F|  |TS  0|AC  0|TAMS 0x0000000085900000, 0x0000000085900000|
|   8|0x0000000085a00000, 0x0000000085a00000, 0x0000000085b00000|  0%| F|  |TS  0|AC  0|TAMS 0x0000000085a00000, 0x0000000085a00000|
|   9|0x0000000085b00000, 0x0000000085b00000, 0x0000000085c00000|  0%| F|  |TS  0|AC  0|TAMS 0x0000000085b00000, 0x0000000085b00000|
|  10|0x0000000085c00000, 0x0000000085c00000, 0x0000000085d00000|  0%| F|  |TS  0|AC  0|TAMS 0x0000000085c00000, 0x0000000085c00000|
|  11|0x0000000085d00000, 0x0000000085d00000, 0x0000000085e00000|  0%| F|  |TS  0|AC  0|TAMS 0x0000000085d00000, 0x0000000085d00000|
|  12|0x0000000085e00000, 0x0000000085e00000, 0x0000000085f00000|  0%| F|  |TS  0|AC  0|TAMS 0x0000000085e00000, 0x0000000085e00000|
|  13|0x0000000085f00000, 0x0000000085f00000, 0x0000000086000000|  0%| F|  |TS  0|AC  0|TAMS 0x0000000085f00000, 0x0000000085f00000|
|  14|0x0000000086000000, 0x0000000086000000, 0x0000000086100000|  0%| F|  |TS  0|AC  0|TAMS 0x0000000086000000, 0x0000000086000000|
|  15|0x0000000086100000, 0x0000000086100000, 0x0000000086200000|  0%| F|  |TS  0|AC  0|TAMS 0x0000000086100000, 0x0000000086100000|
|  16|0x0000000086200000, 0x0000000086200000, 0x0000000086300000|  0%| F|  |TS  0|AC  0|TAMS 0x0000000086200000, 0x0000000086200000|
|  17|0x0000000086300000, 0x0000000086300000, 0x0000000086400000|  0%| F|  |TS  0|AC  0|TAMS 0x0000000086300000, 0x0000000086300000|
|  18|0x0000000086400000, 0x0000000086400000, 0x0000000086500000|  0%| F|  |TS  0|AC  0|TAMS 0x0000000086400000, 0x0000000086400000|
|  19|0x0000000086500000, 0x0000000086500000, 0x0000000086600000|  0%| F|  |TS  0|AC  0|TAMS 0x0000000086500000, 0x0000000086500000|
|  20|0x0000000086600000, 0x0000000086600000, 0x0000000086700000|  0%| F|  |TS  0|AC  0|TAMS 0x0000000086600000, 0x0000000086600000|
|  21|0x0000000086700000, 0x0000000086700000, 0x0000000086800000|  0%| F|  |TS  0|AC  0|TAMS 0x0000000086700000, 0x0000000086700000|
|  22|0x0000000086800000, 0x0000000086800000, 0x0000000086900000|  0%| F|  |TS  0|AC  0|TAMS 0x0000000086800000, 0x0000000086800000|
|  23|0x0000000086900000, 0x0000000086900000, 0x0000000086a00000|  0%| F|  |TS  0|AC  0|TAMS 0x0000000086900000, 0x0000000086900000|
|  24|0x0000000086a00000, 0x0000000086a00000, 0x0000000086b00000|  0%| F|  |TS  0|AC  0|TAMS 0x0000000086a00000, 0x0000000086a00000|
|  25|0x0000000086b00000, 0x0000000086b00000, 0x0000000086c00000|  0%| F|  |TS  0|AC  0|TAMS 0x0000000086b00000, 0x0000000086b00000|
|  26|0x0000000086c00000, 0x0000000086c00000, 0x0000000086d00000|  0%| F|  |TS  0|AC  0|TAMS 0x0000000086c00000, 0x0000000086c00000|
|  27|0x0000000086d00000, 0x0000000086d00000, 0x0000000086e00000|  0%| F|  |TS  0|AC  0|TAMS 0x0000000086d00000, 0x0000000086d00000|
|  28|0x0000000086e00000, 0x0000000086e00000, 0x0000000086f00000|  0%| F|  |TS  0|AC  0|TAMS 0x0000000086e00000, 0x0000000086e00000|
|  29|0x0000000086f00000, 0x0000000086f00000, 0x0000000087000000|  0%| F|  |TS  0|AC  0|TAMS 0x0000000086f00000, 0x0000000086f00000|
|  30|0x0000000087000000, 0x0000000087000000, 0x0000000087100000|  0%| F|  |TS  0|AC  0|TAMS 0x0000000087000000, 0x0000000087000000|
|  31|0x0000000087100000, 0x0000000087100000, 0x0000000087200000|  0%| F|  |TS  0|AC  0|TAMS 0x0000000087100000, 0x0000000087100000|
|  32|0x0000000087200000, 0x0000000087200000, 0x0000000087300000|  0%| F|  |TS  0|AC  0|TAMS 0x0000000087200000, 0x0000000087200000|
|  33|0x0000000087300000, 0x0000000087300000, 0x0000000087400000|  0%| F|  |TS  0|AC  0|TAMS 0x0000000087300000, 0x0000000087300000|
|  34|0x0000000087400000, 0x0000000087400000, 0x0000000087500000|  0%| F|  |TS  0|AC  0|TAMS 0x0000000087400000, 0x0000000087400000|
|  35|0x0000000087500000, 0x0000000087500000, 0x0000000087600000|  0%| F|  |TS  0|AC  0|TAMS 0x0000000087500000, 0x0000000087500000|
|  36|0x0000000087600000, 0x0000000087600000, 0x0000000087700000|  0%| F|  |TS  0|AC  0|TAMS 0x0000000087600000, 0x0000000087600000|
|  37|0x0000000087700000, 0x0000000087700000, 0x0000000087800000|  0%| F|  |TS  0|AC  0|TAMS 0x0000000087700000, 0x0000000087700000|
|  38|0x0000000087800000, 0x0000000087800000, 0x0000000087900000|  0%| F|  |TS  0|AC  0|TAMS 0x0000000087800000, 0x0000000087800000|
|  39|0x0000000087900000, 0x0000000087900000, 0x0000000087a00000|  0%| F|  |TS  0|AC  0|TAMS 0x0000000087900000, 0x0000000087900000|
|  40|0x0000000087a00000, 0x0000000087a00000, 0x0000000087b00000|  0%| F|  |TS  0|AC  0|TAMS 0x0000000087a00000, 0x0000000087a00000|
|  41|0x0000000087b00000, 0x0000000087b00000, 0x0000000087c00000|  0%| F|  |TS  0|AC  0|TAMS 0x0000000087b00000, 0x0000000087b00000|
|  42|0x0000000087c00000, 0x0000000087c00000, 0x0000000087d00000|  0%| F|  |TS  0|AC  0|TAMS 0x0000000087c00000, 0x0000000087c00000|
|  43|0x0000000087d00000, 0x0000000087d00000, 0x0000000087e00000|  0%| F|  |TS  0|AC  0|TAMS 0x0000000087d00000, 0x0000000087d00000|
|  44|0x0000000087e00000, 0x0000000087e00000, 0x0000000087f00000|  0%| F|  |TS  0|AC  0|TAMS 0x0000000087e00000, 0x0000000087e00000|
|  45|0x0000000087f00000, 0x0000000087f00000, 0x0000000088000000|  0%| F|  |TS  0|AC  0|TAMS 0x0000000087f00000, 0x0000000087f00000|
|  46|0x0000000088000000, 0x0000000088000000, 0x0000000088100000|  0%| F|  |TS  0|AC  0|TAMS 0x0000000088000000, 0x0000000088000000|
|  47|0x0000000088100000, 0x0000000088100000, 0x0000000088200000|  0%| F|  |TS  0|AC  0|TAMS 0x0000000088100000, 0x0000000088100000|
|  48|0x0000000088200000, 0x0000000088200000, 0x0000000088300000|  0%| F|  |TS  0|AC  0|TAMS 0x0000000088200000, 0x0000000088200000|
|  49|0x0000000088300000, 0x0000000088300000, 0x0000000088400000|  0%| F|  |TS  0|AC  0|TAMS 0x0000000088300000, 0x0000000088300000|
|  50|0x0000000088400000, 0x0000000088400000, 0x0000000088500000|  0%| F|  |TS  0|AC  0|TAMS 0x0000000088400000, 0x0000000088400000|
|  51|0x0000000088500000, 0x0000000088500000, 0x0000000088600000|  0%| F|  |TS  0|AC  0|TAMS 0x0000000088500000, 0x0000000088500000|
|  52|0x0000000088600000, 0x0000000088600000, 0x0000000088700000|  0%| F|  |TS  0|AC  0|TAMS 0x0000000088600000, 0x0000000088600000|
|  53|0x0000000088700000, 0x0000000088700000, 0x0000000088800000|  0%| F|  |TS  0|AC  0|TAMS 0x0000000088700000, 0x0000000088700000|
|  54|0x0000000088800000, 0x0000000088800000, 0x0000000088900000|  0%| F|  |TS  0|AC  0|TAMS 0x0000000088800000, 0x0000000088800000|
|  55|0x0000000088900000, 0x0000000088900000, 0x0000000088a00000|  0%| F|  |TS  0|AC  0|TAMS 0x0000000088900000, 0x0000000088900000|
|  56|0x0000000088a00000, 0x0000000088a00000, 0x0000000088b00000|  0%| F|  |TS  0|AC  0|TAMS 0x0000000088a00000, 0x0000000088a00000|
|  57|0x0000000088b00000, 0x0000000088b00000, 0x0000000088c00000|  0%| F|  |TS  0|AC  0|TAMS 0x0000000088b00000, 0x0000000088b00000|
|  58|0x0000000088c00000, 0x0000000088c00000, 0x0000000088d00000|  0%| F|  |TS  0|AC  0|TAMS 0x0000000088c00000, 0x0000000088c00000|
|  59|0x0000000088d00000, 0x0000000088d00000, 0x0000000088e00000|  0%| F|  |TS  0|AC  0|TAMS 0x0000000088d00000, 0x0000000088d00000|
|  60|0x0000000088e00000, 0x0000000088e00000, 0x0000000088f00000|  0%| F|  |TS  0|AC  0|TAMS 0x0000000088e00000, 0x0000000088e00000|
|  61|0x0000000088f00000, 0x0000000088f00000, 0x0000000089000000|  0%| F|  |TS  0|AC  0|TAMS 0x0000000088f00000, 0x0000000088f00000|
|  62|0x0000000089000000, 0x0000000089000000, 0x0000000089100000|  0%| F|  |TS  0|AC  0|TAMS 0x0000000089000000, 0x0000000089000000|
|  63|0x0000000089100000, 0x0000000089100000, 0x0000000089200000|  0%| F|  |TS  0|AC  0|TAMS 0x0000000089100000, 0x0000000089100000|
|  64|0x0000000089200000, 0x0000000089200000, 0x0000000089300000|  0%| F|  |TS  0|AC  0|TAMS 0x0000000089200000, 0x0000000089200000|
|  65|0x0000000089300000, 0x0000000089300000, 0x0000000089400000|  0%| F|  |TS  0|AC  0|TAMS 0x0000000089300000, 0x0000000089300000|
|  66|0x0000000089400000, 0x0000000089400000, 0x0000000089500000|  0%| F|  |TS  0|AC  0|TAMS 0x0000000089400000, 0x0000000089400000|
|  67|0x0000000089500000, 0x0000000089500000, 0x0000000089600000|  0%| F|  |TS  0|AC  0|TAMS 0x0000000089500000, 0x0000000089500000|
|  68|0x0000000089600000, 0x0000000089600000, 0x0000000089700000|  0%| F|  |TS  0|AC  0|TAMS 0x0000000089600000, 0x0000000089600000|
|  69|0x0000000089700000, 0x0000000089700000, 0x0000000089800000|  0%| F|  |TS  0|AC  0|TAMS 0x0000000089700000, 0x0000000089700000|
|  70|0x0000000089800000, 0x0000000089800000, 0x0000000089900000|  0%| F|  |TS  0|AC  0|TAMS 0x0000000089800000, 0x0000000089800000|
|  71|0x0000000089900000, 0x0000000089900000, 0x0000000089a00000|  0%| F|  |TS  0|AC  0|TAMS 0x0000000089900000, 0x0000000089900000|
|  72|0x0000000089a00000, 0x0000000089a00000, 0x0000000089b00000|  0%| F|  |TS  0|AC  0|TAMS 0x0000000089a00000, 0x0000000089a00000|
|  73|0x0000000089b00000, 0x0000000089b00000, 0x0000000089c00000|  0%| F|  |TS  0|AC  0|TAMS 0x0000000089b00000, 0x0000000089b00000|
|  74|0x0000000089c00000, 0x0000000089c00000, 0x0000000089d00000|  0%| F|  |TS  0|AC  0|TAMS 0x0000000089c00000, 0x0000000089c00000|
|  75|0x0000000089d00000, 0x0000000089d00000, 0x0000000089e00000|  0%| F|  |TS  0|AC  0|TAMS 0x0000000089d00000, 0x0000000089d00000|
|  76|0x0000000089e00000, 0x0000000089e00000, 0x0000000089f00000|  0%| F|  |TS  0|AC  0|TAMS 0x0000000089e00000, 0x0000000089e00000|
|  77|0x0000000089f00000, 0x0000000089f00000, 0x000000008a000000|  0%| F|  |TS  0|AC  0|TAMS 0x0000000089f00000, 0x0000000089f00000|
|  78|0x000000008a000000, 0x000000008a000000, 0x000000008a100000|  0%| F|  |TS  0|AC  0|TAMS 0x000000008a000000, 0x000000008a000000|
|  79|0x000000008a100000, 0x000000008a100000, 0x000000008a200000|  0%| F|  |TS  0|AC  0|TAMS 0x000000008a100000, 0x000000008a100000|
|  80|0x000000008a200000, 0x000000008a200000, 0x000000008a300000|  0%| F|  |TS  0|AC  0|TAMS 0x000000008a200000, 0x000000008a200000|
|  81|0x000000008a300000, 0x000000008a300000, 0x000000008a400000|  0%| F|  |TS  0|AC  0|TAMS 0x000000008a300000, 0x000000008a300000|
|  82|0x000000008a400000, 0x000000008a400000, 0x000000008a500000|  0%| F|  |TS  0|AC  0|TAMS 0x000000008a400000, 0x000000008a400000|
|  83|0x000000008a500000, 0x000000008a500000, 0x000000008a600000|  0%| F|  |TS  0|AC  0|TAMS 0x000000008a500000, 0x000000008a500000|
|  84|0x000000008a600000, 0x000000008a600000, 0x000000008a700000|  0%| F|  |TS  0|AC  0|TAMS 0x000000008a600000, 0x000000008a600000|
|  85|0x000000008a700000, 0x000000008a700000, 0x000000008a800000|  0%| F|  |TS  0|AC  0|TAMS 0x000000008a700000, 0x000000008a700000|
|  86|0x000000008a800000, 0x000000008a800000, 0x000000008a900000|  0%| F|  |TS  0|AC  0|TAMS 0x000000008a800000, 0x000000008a800000|
|  87|0x000000008a900000, 0x000000008a900000, 0x000000008aa00000|  0%| F|  |TS  0|AC  0|TAMS 0x000000008a900000, 0x000000008a900000|
|  88|0x000000008aa00000, 0x000000008aa00000, 0x000000008ab00000|  0%| F|  |TS  0|AC  0|TAMS 0x000000008aa00000, 0x000000008aa00000|
|  89|0x000000008ab00000, 0x000000008ab00000, 0x000000008ac00000|  0%| F|  |TS  0|AC  0|TAMS 0x000000008ab00000, 0x000000008ab00000|
|  90|0x000000008ac00000, 0x000000008ac00000, 0x000000008ad00000|  0%| F|  |TS  0|AC  0|TAMS 0x000000008ac00000, 0x000000008ac00000|
|  91|0x000000008ad00000, 0x000000008ad00000, 0x000000008ae00000|  0%| F|  |TS  0|AC  0|TAMS 0x000000008ad00000, 0x000000008ad00000|
|  92|0x000000008ae00000, 0x000000008ae00000, 0x000000008af00000|  0%| F|  |TS  0|AC  0|TAMS 0x000000008ae00000, 0x000000008ae00000|
|  93|0x000000008af00000, 0x000000008af00000, 0x000000008b000000|  0%| F|  |TS  0|AC  0|TAMS 0x000000008af00000, 0x000000008af00000|
|  94|0x000000008b000000, 0x000000008b000000, 0x000000008b100000|  0%| F|  |TS  0|AC  0|TAMS 0x000000008b000000, 0x000000008b000000|
|  95|0x000000008b100000, 0x000000008b100000, 0x000000008b200000|  0%| F|  |TS  0|AC  0|TAMS 0x000000008b100000, 0x000000008b100000|
|  96|0x000000008b200000, 0x000000008b200000, 0x000000008b300000|  0%| F|  |TS  0|AC  0|TAMS 0x000000008b200000, 0x000000008b200000|
|  97|0x000000008b300000, 0x000000008b300000, 0x000000008b400000|  0%| F|  |TS  0|AC  0|TAMS 0x000000008b300000, 0x000000008b300000|
|  98|0x000000008b400000, 0x000000008b400000, 0x000000008b500000|  0%| F|  |TS  0|AC  0|TAMS 0x000000008b400000, 0x000000008b400000|
|  99|0x000000008b500000, 0x000000008b500000, 0x000000008b600000|  0%| F|  |TS  0|AC  0|TAMS 0x000000008b500000, 0x000000008b500000|
| 100|0x000000008b600000, 0x000000008b600000, 0x000000008b700000|  0%| F|  |TS  0|AC  0|TAMS 0x000000008b600000, 0x000000008b600000|
| 101|0x000000008b700000, 0x000000008b700000, 0x000000008b800000|  0%| F|  |TS  0|AC  0|TAMS 0x000000008b700000, 0x000000008b700000|
| 102|0x000000008b800000, 0x000000008b800000, 0x000000008b900000|  0%| F|  |TS  0|AC  0|TAMS 0x000000008b800000, 0x000000008b800000|
| 103|0x000000008b900000, 0x000000008b900000, 0x000000008ba00000|  0%| F|  |TS  0|AC  0|TAMS 0x000000008b900000, 0x000000008b900000|
| 104|0x000000008ba00000, 0x000000008ba00000, 0x000000008bb00000|  0%| F|  |TS  0|AC  0|TAMS 0x000000008ba00000, 0x000000008ba00000|
| 105|0x000000008bb00000, 0x000000008bb00000, 0x000000008bc00000|  0%| F|  |TS  0|AC  0|TAMS 0x000000008bb00000, 0x000000008bb00000|
| 106|0x000000008bc00000, 0x000000008bc00000, 0x000000008bd00000|  0%| F|  |TS  0|AC  0|TAMS 0x000000008bc00000, 0x000000008bc00000|
| 107|0x000000008bd00000, 0x000000008bd00000, 0x000000008be00000|  0%| F|  |TS  0|AC  0|TAMS 0x000000008bd00000, 0x000000008bd00000|
| 108|0x000000008be00000, 0x000000008be00000, 0x000000008bf00000|  0%| F|  |TS  0|AC  0|TAMS 0x000000008be00000, 0x000000008be00000|
| 109|0x000000008bf00000, 0x000000008bf00000, 0x000000008c000000|  0%| F|  |TS  0|AC  0|TAMS 0x000000008bf00000, 0x000000008bf00000|
| 110|0x000000008c000000, 0x000000008c000000, 0x000000008c100000|  0%| F|  |TS  0|AC  0|TAMS 0x000000008c000000, 0x000000008c000000|
| 111|0x000000008c100000, 0x000000008c100000, 0x000000008c200000|  0%| F|  |TS  0|AC  0|TAMS 0x000000008c100000, 0x000000008c100000|
| 112|0x000000008c200000, 0x000000008c200000, 0x000000008c300000|  0%| F|  |TS  0|AC  0|TAMS 0x000000008c200000, 0x000000008c200000|
| 113|0x000000008c300000, 0x000000008c300000, 0x000000008c400000|  0%| F|  |TS  0|AC  0|TAMS 0x000000008c300000, 0x000000008c300000|
| 114|0x000000008c400000, 0x000000008c400000, 0x000000008c500000|  0%| F|  |TS  0|AC  0|TAMS 0x000000008c400000, 0x000000008c400000|
| 115|0x000000008c500000, 0x000000008c500000, 0x000000008c600000|  0%| F|  |TS  0|AC  0|TAMS 0x000000008c500000, 0x000000008c500000|
| 116|0x000000008c600000, 0x000000008c600000, 0x000000008c700000|  0%| F|  |TS  0|AC  0|TAMS 0x000000008c600000, 0x000000008c600000|
| 117|0x000000008c700000, 0x000000008c700000, 0x000000008c800000|  0%| F|  |TS  0|AC  0|TAMS 0x000000008c700000, 0x000000008c700000|
| 118|0x000000008c800000, 0x000000008c800000, 0x000000008c900000|  0%| F|  |TS  0|AC  0|TAMS 0x000000008c800000, 0x000000008c800000|
| 119|0x000000008c900000, 0x000000008c900000, 0x000000008ca00000|  0%| F|  |TS  0|AC  0|TAMS 0x000000008c900000, 0x000000008c900000|
| 120|0x000000008ca00000, 0x000000008ca00000, 0x000000008cb00000|  0%| F|  |TS  0|AC  0|TAMS 0x000000008ca00000, 0x000000008ca00000|
| 121|0x000000008cb00000, 0x000000008cb00000, 0x000000008cc00000|  0%| F|  |TS  0|AC  0|TAMS 0x000000008cb00000, 0x000000008cb00000|
| 122|0x000000008cc00000, 0x000000008ccf6478, 0x000000008cd00000| 96%| E|  |TS  0|AC  0|TAMS 0x000000008cc00000, 0x000000008cc00000|
| 123|0x000000008cd00000, 0x000000008ce00000, 0x000000008ce00000|100%| E|CS|TS  0|AC  0|TAMS 0x000000008cd00000, 0x000000008cd00000|

Card table byte_map: [0x00007ff546f73000,0x00007ff54734a000] byte_map_base: 0x00007ff546b4a000

Marking Bits (Prev, Next): (CMBitMap*) 0x00007ff56005ce80, (CMBitMap*) 0x00007ff56005ceb8
 Prev Bits: [0x00007ff544ce4000, 0x00007ff546b9c000)
 Next Bits: [0x00007ff526148000, 0x00007ff528000000)

Polling page: 0x00007ff568b6c000

CodeHeap 'non-profiled nmethods': size=120032Kb used=22Kb max_used=22Kb free=120009Kb
 bounds [0x00007ff54f5ed000, 0x00007ff54f85d000, 0x00007ff556b25000]
CodeHeap 'profiled nmethods': size=120028Kb used=134Kb max_used=134Kb free=119893Kb
 bounds [0x00007ff5480b6000, 0x00007ff548326000, 0x00007ff54f5ed000]
CodeHeap 'non-nmethods': size=5700Kb used=1017Kb max_used=1017Kb free=4682Kb
 bounds [0x00007ff547b25000, 0x00007ff547d95000, 0x00007ff5480b6000]
 total_blobs=464 nmethods=99 adapters=222
 compilation: enabled

Compilation events (10 events):
Event: 0.089 Thread 0x00007ff56015e800 nmethod 95 0x00007ff5480d4710 code [0x00007ff5480d48c0, 0x00007ff5480d4a68]
Event: 0.089 Thread 0x00007ff56015e800   96       3       java.lang.AbstractStringBuilder::append (45 bytes)
Event: 0.089 Thread 0x00007ff56015e800 nmethod 96 0x00007ff5480d4b10 code [0x00007ff5480d4d40, 0x00007ff5480d52b8]
Event: 0.089 Thread 0x00007ff56015e800   97       3       java.lang.AbstractStringBuilder::putStringAt (29 bytes)
Event: 0.089 Thread 0x00007ff56015e800 nmethod 97 0x00007ff5480d5510 code [0x00007ff5480d5700, 0x00007ff5480d5a38]
Event: 0.090 Thread 0x00007ff56015e800   98       3       java.lang.Character::toLowerCase (9 bytes)
Event: 0.090 Thread 0x00007ff56015e800 nmethod 98 0x00007ff5480d5b90 code [0x00007ff5480d5d60, 0x00007ff5480d5f98]
Event: 0.090 Thread 0x00007ff56015e800   99       3       java.lang.CharacterDataLatin1::toLowerCase (39 bytes)
Event: 0.090 Thread 0x00007ff56015e800 nmethod 99 0x00007ff5480d6090 code [0x00007ff5480d6260, 0x00007ff5480d64f0]
Event: 0.093 Thread 0x00007ff56015e800  100       3       java.util.Arrays::copyOfRange (63 bytes)

GC Heap History (0 events):
No events

Deoptimization events (1 events):
Event: 0.059 Thread 0x00007ff560012000 Uncommon trap: reason=unstable_if action=reinterpret pc=0x00007ff54f5f21e8 method=java.lang.String.hashCode()I @ 14 c2

Classes redefined (0 events):
No events

Internal exceptions (0 events):
No events

Events (10 events):
Event: 0.088 loading class com/cyberbotics/webots/controller/Mouse
Event: 0.088 loading class com/cyberbotics/webots/controller/Mouse done
Event: 0.089 loading class com/cyberbotics/webots/controller/Camera
Event: 0.089 loading class com/cyberbotics/webots/controller/Camera done
Event: 0.089 loading class com/cyberbotics/webots/controller/Device
Event: 0.089 loading class com/cyberbotics/webots/controller/Device done
Event: 0.090 loading class com/cyberbotics/webots/controller/DistanceSensor
Event: 0.090 loading class com/cyberbotics/webots/controller/DistanceSensor done
Event: 0.090 loading class com/cyberbotics/webots/controller/Motion
Event: 0.090 loading class com/cyberbotics/webots/controller/Motion done


Dynamic libraries:
85200000-8ce00000 rw-p 00000000 00:00 0 
8ce00000-100000000 ---p 00000000 00:00 0 
100000000-100080000 rw-p 00000000 00:00 0 
100080000-140000000 ---p 00000000 00:00 0 
5559654b5000-5559654b6000 r-xp 00000000 08:01 23598097                   /usr/lib/jvm/java-11-openjdk-amd64/bin/java
5559656b6000-5559656b7000 r--p 00001000 08:01 23598097                   /usr/lib/jvm/java-11-openjdk-amd64/bin/java
5559656b7000-5559656b8000 rw-p 00002000 08:01 23598097                   /usr/lib/jvm/java-11-openjdk-amd64/bin/java
555966af8000-555966b19000 rw-p 00000000 00:00 0                          [heap]
7ff4bc000000-7ff4bc021000 rw-p 00000000 00:00 0 
7ff4bc021000-7ff4c0000000 ---p 00000000 00:00 0 
7ff4c0000000-7ff4c0021000 rw-p 00000000 00:00 0 
7ff4c0021000-7ff4c4000000 ---p 00000000 00:00 0 
7ff4c4000000-7ff4c4021000 rw-p 00000000 00:00 0 
7ff4c4021000-7ff4c8000000 ---p 00000000 00:00 0 
7ff4c8000000-7ff4c8021000 rw-p 00000000 00:00 0 
7ff4c8021000-7ff4cc000000 ---p 00000000 00:00 0 
7ff4cc000000-7ff4cc021000 rw-p 00000000 00:00 0 
7ff4cc021000-7ff4d0000000 ---p 00000000 00:00 0 
7ff4d0000000-7ff4d008e000 rw-p 00000000 00:00 0 
7ff4d008e000-7ff4d4000000 ---p 00000000 00:00 0 
7ff4d4000000-7ff4d407e000 rw-p 00000000 00:00 0 
7ff4d407e000-7ff4d8000000 ---p 00000000 00:00 0 
7ff4d8000000-7ff4d8021000 rw-p 00000000 00:00 0 
7ff4d8021000-7ff4dc000000 ---p 00000000 00:00 0 
7ff4dc000000-7ff4dc021000 rw-p 00000000 00:00 0 
7ff4dc021000-7ff4e0000000 ---p 00000000 00:00 0 
7ff4e0000000-7ff4e0021000 rw-p 00000000 00:00 0 
7ff4e0021000-7ff4e4000000 ---p 00000000 00:00 0 
7ff4e4000000-7ff4e4021000 rw-p 00000000 00:00 0 
7ff4e4021000-7ff4e8000000 ---p 00000000 00:00 0 
7ff4e8000000-7ff4e8021000 rw-p 00000000 00:00 0 
7ff4e8021000-7ff4ec000000 ---p 00000000 00:00 0 
7ff4ec000000-7ff4ec021000 rw-p 00000000 00:00 0 
7ff4ec021000-7ff4f0000000 ---p 00000000 00:00 0 
7ff4f0000000-7ff4f0021000 rw-p 00000000 00:00 0 
7ff4f0021000-7ff4f4000000 ---p 00000000 00:00 0 
7ff4f4000000-7ff4f4021000 rw-p 00000000 00:00 0 
7ff4f4021000-7ff4f8000000 ---p 00000000 00:00 0 
7ff4f8000000-7ff4f8021000 rw-p 00000000 00:00 0 
7ff4f8021000-7ff4fc000000 ---p 00000000 00:00 0 
7ff4fc000000-7ff4fc021000 rw-p 00000000 00:00 0 
7ff4fc021000-7ff500000000 ---p 00000000 00:00 0 
7ff500000000-7ff500021000 rw-p 00000000 00:00 0 
7ff500021000-7ff504000000 ---p 00000000 00:00 0 
7ff504000000-7ff504021000 rw-p 00000000 00:00 0 
7ff504021000-7ff508000000 ---p 00000000 00:00 0 
7ff508997000-7ff50899a000 r-xp 00000000 08:01 26486645                   /home/pc/Downloads/webots/resources/projects/plugins/robot_windows/generic/libgeneric.so
7ff50899a000-7ff508b99000 ---p 00003000 08:01 26486645                   /home/pc/Downloads/webots/resources/projects/plugins/robot_windows/generic/libgeneric.so
7ff508b99000-7ff508b9a000 r--p 00002000 08:01 26486645                   /home/pc/Downloads/webots/resources/projects/plugins/robot_windows/generic/libgeneric.so
7ff508b9a000-7ff508b9b000 rw-p 00003000 08:01 26486645                   /home/pc/Downloads/webots/resources/projects/plugins/robot_windows/generic/libgeneric.so
7ff508b9b000-7ff508ba6000 r-xp 00000000 08:01 27920412                   /home/pc/Downloads/webots/lib/libjbig.so.0
7ff508ba6000-7ff508da5000 ---p 0000b000 08:01 27920412                   /home/pc/Downloads/webots/lib/libjbig.so.0
7ff508da5000-7ff508da6000 r--p 0000a000 08:01 27920412                   /home/pc/Downloads/webots/lib/libjbig.so.0
7ff508da6000-7ff508da9000 rw-p 0000b000 08:01 27920412                   /home/pc/Downloads/webots/lib/libjbig.so.0
7ff508da9000-7ff508dcd000 r-xp 00000000 08:01 14684814                   /lib/x86_64-linux-gnu/liblzma.so.5.2.2
7ff508dcd000-7ff508fcd000 ---p 00024000 08:01 14684814                   /lib/x86_64-linux-gnu/liblzma.so.5.2.2
7ff508fcd000-7ff508fce000 r--p 00024000 08:01 14684814                   /lib/x86_64-linux-gnu/liblzma.so.5.2.2
7ff508fce000-7ff508fcf000 rw-p 00025000 08:01 14684814                   /lib/x86_64-linux-gnu/liblzma.so.5.2.2
7ff508fcf000-7ff508ff3000 r-xp 00000000 08:01 27920444                   /home/pc/Downloads/webots/lib/libpng12.so.0
7ff508ff3000-7ff5091f2000 ---p 00024000 08:01 27920444                   /home/pc/Downloads/webots/lib/libpng12.so.0
7ff5091f2000-7ff5091f3000 r--p 00023000 08:01 27920444                   /home/pc/Downloads/webots/lib/libpng12.so.0
7ff5091f3000-7ff5091f4000 rw-p 00024000 08:01 27920444                   /home/pc/Downloads/webots/lib/libpng12.so.0
7ff5091f4000-7ff50924b000 r-xp 00000000 08:01 27920405                   /home/pc/Downloads/webots/lib/libjpeg.so.8
7ff50924b000-7ff50944b000 ---p 00057000 08:01 27920405                   /home/pc/Downloads/webots/lib/libjpeg.so.8
7ff50944b000-7ff50944c000 r--p 00057000 08:01 27920405                   /home/pc/Downloads/webots/lib/libjpeg.so.8
7ff50944c000-7ff50944d000 rw-p 00058000 08:01 27920405                   /home/pc/Downloads/webots/lib/libjpeg.so.8
7ff50944d000-7ff5094be000 r-xp 00000000 08:01 27920407                   /home/pc/Downloads/webots/lib/libtiff.so.5
7ff5094be000-7ff5096be000 ---p 00071000 08:01 27920407                   /home/pc/Downloads/webots/lib/libtiff.so.5
7ff5096be000-7ff5096bf000 r--p 00071000 08:01 27920407                   /home/pc/Downloads/webots/lib/libtiff.so.5
7ff5096bf000-7ff5096c2000 rw-p 00072000 08:01 27920407                   /home/pc/Downloads/webots/lib/libtiff.so.5
7ff5096c2000-7ff50970e000 r-xp 00000000 08:01 27920416                   /home/pc/Downloads/webots/lib/libController.so
7ff50970e000-7ff50990d000 ---p 0004c000 08:01 27920416                   /home/pc/Downloads/webots/lib/libController.so
7ff50990d000-7ff50990e000 r--p 0004b000 08:01 27920416                   /home/pc/Downloads/webots/lib/libController.so
7ff50990e000-7ff50990f000 rw-p 0004c000 08:01 27920416                   /home/pc/Downloads/webots/lib/libController.so
7ff50990f000-7ff509910000 rw-p 00000000 00:00 0 
7ff509910000-7ff50994a000 r-xp 00000000 08:01 27920467                   /home/pc/Downloads/webots/lib/libCppController.so
7ff50994a000-7ff509b49000 ---p 0003a000 08:01 27920467                   /home/pc/Downloads/webots/lib/libCppController.so
7ff509b49000-7ff509b4b000 r--p 00039000 08:01 27920467                   /home/pc/Downloads/webots/lib/libCppController.so
7ff509b4b000-7ff509b4d000 rw-p 0003b000 08:01 27920467                   /home/pc/Downloads/webots/lib/libCppController.so
7ff509b4d000-7ff509b89000 r-xp 00000000 08:01 27920367                   /home/pc/Downloads/webots/lib/java/libJavaController.so
7ff509b89000-7ff509d88000 ---p 0003c000 08:01 27920367                   /home/pc/Downloads/webots/lib/java/libJavaController.so
7ff509d88000-7ff509d89000 r--p 0003b000 08:01 27920367                   /home/pc/Downloads/webots/lib/java/libJavaController.so
7ff509d89000-7ff509d8a000 rw-p 0003c000 08:01 27920367                   /home/pc/Downloads/webots/lib/java/libJavaController.so
7ff509d8a000-7ff509da1000 r-xp 00000000 08:01 23598500                   /usr/lib/jvm/java-11-openjdk-amd64/lib/libnet.so
7ff509da1000-7ff509fa0000 ---p 00017000 08:01 23598500                   /usr/lib/jvm/java-11-openjdk-amd64/lib/libnet.so
7ff509fa0000-7ff509fa1000 r--p 00016000 08:01 23598500                   /usr/lib/jvm/java-11-openjdk-amd64/lib/libnet.so
7ff509fa1000-7ff509fa2000 rw-p 00017000 08:01 23598500                   /usr/lib/jvm/java-11-openjdk-amd64/lib/libnet.so
7ff509fa2000-7ff509fb3000 r-xp 00000000 08:01 23598501                   /usr/lib/jvm/java-11-openjdk-amd64/lib/libnio.so
7ff509fb3000-7ff50a1b2000 ---p 00011000 08:01 23598501                   /usr/lib/jvm/java-11-openjdk-amd64/lib/libnio.so
7ff50a1b2000-7ff50a1b3000 r--p 00010000 08:01 23598501                   /usr/lib/jvm/java-11-openjdk-amd64/lib/libnio.so
7ff50a1b3000-7ff50a1b4000 rw-p 00011000 08:01 23598501                   /usr/lib/jvm/java-11-openjdk-amd64/lib/libnio.so
7ff50a1b4000-7ff50a1b8000 ---p 00000000 00:00 0 
7ff50a1b8000-7ff50a2b5000 rw-p 00000000 00:00 0 
7ff50a2b5000-7ff50a2b6000 ---p 00000000 00:00 0 
7ff50a2b6000-7ff50a3b7000 rw-p 00000000 00:00 0 
7ff50a3b7000-7ff50a3bb000 ---p 00000000 00:00 0 
7ff50a3bb000-7ff50a4b8000 rw-p 00000000 00:00 0 
7ff50a4b8000-7ff50a4bc000 ---p 00000000 00:00 0 
7ff50a4bc000-7ff50a5b9000 rw-p 00000000 00:00 0 
7ff50a5b9000-7ff50a5bd000 ---p 00000000 00:00 0 
7ff50a5bd000-7ff50a6ba000 rw-p 00000000 00:00 0 
7ff50a6ba000-7ff50a6be000 ---p 00000000 00:00 0 
7ff50a6be000-7ff50a7bb000 rw-p 00000000 00:00 0 
7ff50a7bb000-7ff50a7bf000 ---p 00000000 00:00 0 
7ff50a7bf000-7ff50a8bc000 rw-p 00000000 00:00 0 
7ff50a8bc000-7ff50a8c0000 ---p 00000000 00:00 0 
7ff50a8c0000-7ff50a9bd000 rw-p 00000000 00:00 0 
7ff50a9bd000-7ff50a9c1000 ---p 00000000 00:00 0 
7ff50a9c1000-7ff50aabe000 rw-p 00000000 00:00 0 
7ff50aabe000-7ff50adee000 r--p 00000000 08:01 23598983                   /usr/lib/locale/locale-archive
7ff50adee000-7ff50adf2000 ---p 00000000 00:00 0 
7ff50adf2000-7ff50aeef000 rw-p 00000000 00:00 0 
7ff50aeef000-7ff50aef3000 ---p 00000000 00:00 0 
7ff50aef3000-7ff50aff0000 rw-p 00000000 00:00 0 
7ff50aff0000-7ff50aff1000 ---p 00000000 00:00 0 
7ff50aff1000-7ff50b572000 rw-p 00000000 00:00 0 
7ff50b572000-7ff50b8f2000 ---p 00000000 00:00 0 
7ff50b8f2000-7ff50b8f3000 ---p 00000000 00:00 0 
7ff50b8f3000-7ff50b9f4000 rw-p 00000000 00:00 0 
7ff50b9f4000-7ff50b9f5000 ---p 00000000 00:00 0 
7ff50b9f5000-7ff50baf6000 rw-p 00000000 00:00 0 
7ff50baf6000-7ff50baf7000 ---p 00000000 00:00 0 
7ff50baf7000-7ff50bbf8000 rw-p 00000000 00:00 0 
7ff50bbf8000-7ff50bbf9000 ---p 00000000 00:00 0 
7ff50bbf9000-7ff50bcfa000 rw-p 00000000 00:00 0 
7ff50bcfa000-7ff50bcfb000 ---p 00000000 00:00 0 
7ff50bcfb000-7ff50bdfc000 rw-p 00000000 00:00 0 
7ff50bdfc000-7ff50bdfd000 ---p 00000000 00:00 0 
7ff50bdfd000-7ff50befe000 rw-p 00000000 00:00 0 
7ff50befe000-7ff50beff000 ---p 00000000 00:00 0 
7ff50beff000-7ff50c000000 rw-p 00000000 00:00 0 
7ff50c000000-7ff50c021000 rw-p 00000000 00:00 0 
7ff50c021000-7ff510000000 ---p 00000000 00:00 0 
7ff510000000-7ff510021000 rw-p 00000000 00:00 0 
7ff510021000-7ff514000000 ---p 00000000 00:00 0 
7ff514000000-7ff514021000 rw-p 00000000 00:00 0 
7ff514021000-7ff518000000 ---p 00000000 00:00 0 
7ff518000000-7ff518021000 rw-p 00000000 00:00 0 
7ff518021000-7ff51c000000 ---p 00000000 00:00 0 
7ff51c000000-7ff51c021000 rw-p 00000000 00:00 0 
7ff51c021000-7ff520000000 ---p 00000000 00:00 0 
7ff520000000-7ff520021000 rw-p 00000000 00:00 0 
7ff520021000-7ff524000000 ---p 00000000 00:00 0 
7ff524046000-7ff524047000 ---p 00000000 00:00 0 
7ff524047000-7ff526338000 rw-p 00000000 00:00 0 
7ff526338000-7ff528000000 ---p 00000000 00:00 0 
7ff528000000-7ff528021000 rw-p 00000000 00:00 0 
7ff528021000-7ff52c000000 ---p 00000000 00:00 0 
7ff52c000000-7ff52c021000 rw-p 00000000 00:00 0 
7ff52c021000-7ff530000000 ---p 00000000 00:00 0 
7ff530000000-7ff530021000 rw-p 00000000 00:00 0 
7ff530021000-7ff534000000 ---p 00000000 00:00 0 
7ff534000000-7ff534021000 rw-p 00000000 00:00 0 
7ff534021000-7ff538000000 ---p 00000000 00:00 0 
7ff538000000-7ff538021000 rw-p 00000000 00:00 0 
7ff538021000-7ff53c000000 ---p 00000000 00:00 0 
7ff53c000000-7ff53c021000 rw-p 00000000 00:00 0 
7ff53c021000-7ff540000000 ---p 00000000 00:00 0 
7ff540000000-7ff540021000 rw-p 00000000 00:00 0 
7ff540021000-7ff544000000 ---p 00000000 00:00 0 
7ff544003000-7ff5440d4000 rw-p 00000000 00:00 0 
7ff5440d4000-7ff5440d5000 ---p 00000000 00:00 0 
7ff5440d5000-7ff5449de000 rw-p 00000000 00:00 0 
7ff5449de000-7ff5449df000 ---p 00000000 00:00 0 
7ff5449df000-7ff544ae0000 rw-p 00000000 00:00 0 
7ff544ae0000-7ff544ae1000 ---p 00000000 00:00 0 
7ff544ae1000-7ff544be2000 rw-p 00000000 00:00 0 
7ff544be2000-7ff544be3000 ---p 00000000 00:00 0 
7ff544be3000-7ff544ed4000 rw-p 00000000 00:00 0 
7ff544ed4000-7ff546b9c000 ---p 00000000 00:00 0 
7ff546b9c000-7ff546bda000 rw-p 00000000 00:00 0 
7ff546bda000-7ff546f73000 ---p 00000000 00:00 0 
7ff546f73000-7ff546fb1000 rw-p 00000000 00:00 0 
7ff546fb1000-7ff54734a000 ---p 00000000 00:00 0 
7ff54734a000-7ff547388000 rw-p 00000000 00:00 0 
7ff547388000-7ff547721000 ---p 00000000 00:00 0 
7ff547721000-7ff547b25000 rw-p 00000000 00:00 0 
7ff547b25000-7ff547d95000 rwxp 00000000 00:00 0 
7ff547d95000-7ff5480b6000 ---p 00000000 00:00 0 
7ff5480b6000-7ff548326000 rwxp 00000000 00:00 0 
7ff548326000-7ff54f5ed000 ---p 00000000 00:00 0 
7ff54f5ed000-7ff54f85d000 rwxp 00000000 00:00 0 
7ff54f85d000-7ff556b25000 ---p 00000000 00:00 0 
7ff556b25000-7ff560000000 r--s 00000000 08:01 23598511                   /usr/lib/jvm/java-11-openjdk-amd64/lib/modules
7ff560000000-7ff560286000 rw-p 00000000 00:00 0 
7ff560286000-7ff564000000 ---p 00000000 00:00 0 
7ff56400f000-7ff56446c000 rw-p 00000000 00:00 0 
7ff56446c000-7ff56446d000 ---p 00000000 00:00 0 
7ff56446d000-7ff56456e000 rw-p 00000000 00:00 0 
7ff56456e000-7ff56456f000 ---p 00000000 00:00 0 
7ff56456f000-7ff564670000 rw-p 00000000 00:00 0 
7ff564670000-7ff564671000 ---p 00000000 00:00 0 
7ff564671000-7ff564772000 rw-p 00000000 00:00 0 
7ff564772000-7ff564773000 ---p 00000000 00:00 0 
7ff564773000-7ff564874000 rw-p 00000000 00:00 0 
7ff564874000-7ff564875000 ---p 00000000 00:00 0 
7ff564875000-7ff564976000 rw-p 00000000 00:00 0 
7ff564976000-7ff564977000 ---p 00000000 00:00 0 
7ff564977000-7ff564a78000 rw-p 00000000 00:00 0 
7ff564a78000-7ff564a79000 ---p 00000000 00:00 0 
7ff564a79000-7ff564b7a000 rw-p 00000000 00:00 0 
7ff564b7a000-7ff564b7b000 ---p 00000000 00:00 0 
7ff564b7b000-7ff564c81000 rw-p 00000000 00:00 0 
7ff564c81000-7ff564d67000 ---p 00000000 00:00 0 
7ff564d67000-7ff564d6c000 rw-p 00000000 00:00 0 
7ff564d6c000-7ff564e52000 ---p 00000000 00:00 0 
7ff564e52000-7ff564e57000 r-xp 00000000 08:01 23598491                   /usr/lib/jvm/java-11-openjdk-amd64/lib/libjimage.so
7ff564e57000-7ff565056000 ---p 00005000 08:01 23598491                   /usr/lib/jvm/java-11-openjdk-amd64/lib/libjimage.so
7ff565056000-7ff565057000 r--p 00004000 08:01 23598491                   /usr/lib/jvm/java-11-openjdk-amd64/lib/libjimage.so
7ff565057000-7ff565058000 rw-p 00005000 08:01 23598491                   /usr/lib/jvm/java-11-openjdk-amd64/lib/libjimage.so
7ff565058000-7ff56505f000 r-xp 00000000 08:01 23598510                   /usr/lib/jvm/java-11-openjdk-amd64/lib/libzip.so
7ff56505f000-7ff56525e000 ---p 00007000 08:01 23598510                   /usr/lib/jvm/java-11-openjdk-amd64/lib/libzip.so
7ff56525e000-7ff56525f000 r--p 00006000 08:01 23598510                   /usr/lib/jvm/java-11-openjdk-amd64/lib/libzip.so
7ff56525f000-7ff565260000 rw-p 00007000 08:01 23598510                   /usr/lib/jvm/java-11-openjdk-amd64/lib/libzip.so
7ff565260000-7ff56526b000 r-xp 00000000 08:01 14684844                   /lib/x86_64-linux-gnu/libnss_files-2.27.so
7ff56526b000-7ff56546a000 ---p 0000b000 08:01 14684844                   /lib/x86_64-linux-gnu/libnss_files-2.27.so
7ff56546a000-7ff56546b000 r--p 0000a000 08:01 14684844                   /lib/x86_64-linux-gnu/libnss_files-2.27.so
7ff56546b000-7ff56546c000 rw-p 0000b000 08:01 14684844                   /lib/x86_64-linux-gnu/libnss_files-2.27.so
7ff56546c000-7ff565472000 rw-p 00000000 00:00 0 
7ff565472000-7ff565489000 r-xp 00000000 08:01 14684838                   /lib/x86_64-linux-gnu/libnsl-2.27.so
7ff565489000-7ff565688000 ---p 00017000 08:01 14684838                   /lib/x86_64-linux-gnu/libnsl-2.27.so
7ff565688000-7ff565689000 r--p 00016000 08:01 14684838                   /lib/x86_64-linux-gnu/libnsl-2.27.so
7ff565689000-7ff56568a000 rw-p 00017000 08:01 14684838                   /lib/x86_64-linux-gnu/libnsl-2.27.so
7ff56568a000-7ff56568c000 rw-p 00000000 00:00 0 
7ff56568c000-7ff565697000 r-xp 00000000 08:01 14684855                   /lib/x86_64-linux-gnu/libnss_nis-2.27.so
7ff565697000-7ff565896000 ---p 0000b000 08:01 14684855                   /lib/x86_64-linux-gnu/libnss_nis-2.27.so
7ff565896000-7ff565897000 r--p 0000a000 08:01 14684855                   /lib/x86_64-linux-gnu/libnss_nis-2.27.so
7ff565897000-7ff565898000 rw-p 0000b000 08:01 14684855                   /lib/x86_64-linux-gnu/libnss_nis-2.27.so
7ff565898000-7ff5658a0000 r-xp 00000000 08:01 14684840                   /lib/x86_64-linux-gnu/libnss_compat-2.27.so
7ff5658a0000-7ff565aa0000 ---p 00008000 08:01 14684840                   /lib/x86_64-linux-gnu/libnss_compat-2.27.so
7ff565aa0000-7ff565aa1000 r--p 00008000 08:01 14684840                   /lib/x86_64-linux-gnu/libnss_compat-2.27.so
7ff565aa1000-7ff565aa2000 rw-p 00009000 08:01 14684840                   /lib/x86_64-linux-gnu/libnss_compat-2.27.so
7ff565aa2000-7ff565ace000 r-xp 00000000 08:01 23598487                   /usr/lib/jvm/java-11-openjdk-amd64/lib/libjava.so
7ff565ace000-7ff565ccd000 ---p 0002c000 08:01 23598487                   /usr/lib/jvm/java-11-openjdk-amd64/lib/libjava.so
7ff565ccd000-7ff565cce000 r--p 0002b000 08:01 23598487                   /usr/lib/jvm/java-11-openjdk-amd64/lib/libjava.so
7ff565cce000-7ff565cd0000 rw-p 0002c000 08:01 23598487                   /usr/lib/jvm/java-11-openjdk-amd64/lib/libjava.so
7ff565cd0000-7ff565cdd000 r-xp 00000000 08:01 23598509                   /usr/lib/jvm/java-11-openjdk-amd64/lib/libverify.so
7ff565cdd000-7ff565edc000 ---p 0000d000 08:01 23598509                   /usr/lib/jvm/java-11-openjdk-amd64/lib/libverify.so
7ff565edc000-7ff565ede000 r--p 0000c000 08:01 23598509                   /usr/lib/jvm/java-11-openjdk-amd64/lib/libverify.so
7ff565ede000-7ff565edf000 rw-p 0000e000 08:01 23598509                   /usr/lib/jvm/java-11-openjdk-amd64/lib/libverify.so
7ff565edf000-7ff565ee6000 r-xp 00000000 08:01 14684895                   /lib/x86_64-linux-gnu/librt-2.27.so
7ff565ee6000-7ff5660e5000 ---p 00007000 08:01 14684895                   /lib/x86_64-linux-gnu/librt-2.27.so
7ff5660e5000-7ff5660e6000 r--p 00006000 08:01 14684895                   /lib/x86_64-linux-gnu/librt-2.27.so
7ff5660e6000-7ff5660e7000 rw-p 00007000 08:01 14684895                   /lib/x86_64-linux-gnu/librt-2.27.so
7ff5660e7000-7ff5660fe000 r-xp 00000000 08:01 14684791                   /lib/x86_64-linux-gnu/libgcc_s.so.1
7ff5660fe000-7ff5662fd000 ---p 00017000 08:01 14684791                   /lib/x86_64-linux-gnu/libgcc_s.so.1
7ff5662fd000-7ff5662fe000 r--p 00016000 08:01 14684791                   /lib/x86_64-linux-gnu/libgcc_s.so.1
7ff5662fe000-7ff5662ff000 rw-p 00017000 08:01 14684791                   /lib/x86_64-linux-gnu/libgcc_s.so.1
7ff5662ff000-7ff56649c000 r-xp 00000000 08:01 14684817                   /lib/x86_64-linux-gnu/libm-2.27.so
7ff56649c000-7ff56669b000 ---p 0019d000 08:01 14684817                   /lib/x86_64-linux-gnu/libm-2.27.so
7ff56669b000-7ff56669c000 r--p 0019c000 08:01 14684817                   /lib/x86_64-linux-gnu/libm-2.27.so
7ff56669c000-7ff56669d000 rw-p 0019d000 08:01 14684817                   /lib/x86_64-linux-gnu/libm-2.27.so
7ff56669d000-7ff566816000 r-xp 00000000 08:01 23601225                   /usr/lib/x86_64-linux-gnu/libstdc++.so.6.0.25
7ff566816000-7ff566a16000 ---p 00179000 08:01 23601225                   /usr/lib/x86_64-linux-gnu/libstdc++.so.6.0.25
7ff566a16000-7ff566a20000 r--p 00179000 08:01 23601225                   /usr/lib/x86_64-linux-gnu/libstdc++.so.6.0.25
7ff566a20000-7ff566a22000 rw-p 00183000 08:01 23601225                   /usr/lib/x86_64-linux-gnu/libstdc++.so.6.0.25
7ff566a22000-7ff566a26000 rw-p 00000000 00:00 0 
7ff566a26000-7ff5679c3000 r-xp 00000000 08:01 23598523                   /usr/lib/jvm/java-11-openjdk-amd64/lib/server/libjvm.so
7ff5679c3000-7ff567bc3000 ---p 00f9d000 08:01 23598523                   /usr/lib/jvm/java-11-openjdk-amd64/lib/server/libjvm.so
7ff567bc3000-7ff567c87000 r--p 00f9d000 08:01 23598523                   /usr/lib/jvm/java-11-openjdk-amd64/lib/server/libjvm.so
7ff567c87000-7ff567cbf000 rw-p 01061000 08:01 23598523                   /usr/lib/jvm/java-11-openjdk-amd64/lib/server/libjvm.so
7ff567cbf000-7ff567d08000 rw-p 00000000 00:00 0 
7ff567d08000-7ff567d22000 r-xp 00000000 08:01 14684887                   /lib/x86_64-linux-gnu/libpthread-2.27.so
7ff567d22000-7ff567f21000 ---p 0001a000 08:01 14684887                   /lib/x86_64-linux-gnu/libpthread-2.27.so
7ff567f21000-7ff567f22000 r--p 00019000 08:01 14684887                   /lib/x86_64-linux-gnu/libpthread-2.27.so
7ff567f22000-7ff567f23000 rw-p 0001a000 08:01 14684887                   /lib/x86_64-linux-gnu/libpthread-2.27.so
7ff567f23000-7ff567f27000 rw-p 00000000 00:00 0 
7ff567f27000-7ff567f2a000 r-xp 00000000 08:01 14684777                   /lib/x86_64-linux-gnu/libdl-2.27.so
7ff567f2a000-7ff568129000 ---p 00003000 08:01 14684777                   /lib/x86_64-linux-gnu/libdl-2.27.so
7ff568129000-7ff56812a000 r--p 00002000 08:01 14684777                   /lib/x86_64-linux-gnu/libdl-2.27.so
7ff56812a000-7ff56812b000 rw-p 00003000 08:01 14684777                   /lib/x86_64-linux-gnu/libdl-2.27.so
7ff56812b000-7ff568147000 r-xp 00000000 08:01 14684928                   /lib/x86_64-linux-gnu/libz.so.1.2.11
7ff568147000-7ff568346000 ---p 0001c000 08:01 14684928                   /lib/x86_64-linux-gnu/libz.so.1.2.11
7ff568346000-7ff568347000 r--p 0001b000 08:01 14684928                   /lib/x86_64-linux-gnu/libz.so.1.2.11
7ff568347000-7ff568348000 rw-p 0001c000 08:01 14684928                   /lib/x86_64-linux-gnu/libz.so.1.2.11
7ff568348000-7ff56852f000 r-xp 00000000 08:01 14684754                   /lib/x86_64-linux-gnu/libc-2.27.so
7ff56852f000-7ff56872f000 ---p 001e7000 08:01 14684754                   /lib/x86_64-linux-gnu/libc-2.27.so
7ff56872f000-7ff568733000 r--p 001e7000 08:01 14684754                   /lib/x86_64-linux-gnu/libc-2.27.so
7ff568733000-7ff568735000 rw-p 001eb000 08:01 14684754                   /lib/x86_64-linux-gnu/libc-2.27.so
7ff568735000-7ff568739000 rw-p 00000000 00:00 0 
7ff568739000-7ff568748000 r-xp 00000000 08:01 23598516                   /usr/lib/jvm/java-11-openjdk-amd64/lib/jli/libjli.so
7ff568748000-7ff568947000 ---p 0000f000 08:01 23598516                   /usr/lib/jvm/java-11-openjdk-amd64/lib/jli/libjli.so
7ff568947000-7ff568948000 r--p 0000e000 08:01 23598516                   /usr/lib/jvm/java-11-openjdk-amd64/lib/jli/libjli.so
7ff568948000-7ff568949000 rw-p 0000f000 08:01 23598516                   /usr/lib/jvm/java-11-openjdk-amd64/lib/jli/libjli.so
7ff568949000-7ff568970000 r-xp 00000000 08:01 14684726                   /lib/x86_64-linux-gnu/ld-2.27.so
7ff568995000-7ff568a53000 rw-p 00000000 00:00 0 
7ff568a53000-7ff568a57000 ---p 00000000 00:00 0 
7ff568a57000-7ff568b5d000 rw-p 00000000 00:00 0 
7ff568b5d000-7ff568b64000 ---p 00000000 00:00 0 
7ff568b64000-7ff568b6c000 rw-s 00000000 08:01 28966955                   /tmp/hsperfdata_pc/4934
7ff568b6c000-7ff568b6d000 ---p 00000000 00:00 0 
7ff568b6d000-7ff568b6e000 r--p 00000000 00:00 0 
7ff568b6e000-7ff568b70000 rw-p 00000000 00:00 0 
7ff568b70000-7ff568b71000 r--p 00027000 08:01 14684726                   /lib/x86_64-linux-gnu/ld-2.27.so
7ff568b71000-7ff568b72000 rw-p 00028000 08:01 14684726                   /lib/x86_64-linux-gnu/ld-2.27.so
7ff568b72000-7ff568b73000 rw-p 00000000 00:00 0 
7ffefc248000-7ffefc26a000 rw-p 00000000 00:00 0                          [stack]
7ffefc313000-7ffefc316000 r--p 00000000 00:00 0                          [vvar]
7ffefc316000-7ffefc318000 r-xp 00000000 00:00 0                          [vdso]
ffffffffff600000-ffffffffff601000 r-xp 00000000 00:00 0                  [vsyscall]


VM Arguments:
jvm_args: -Djava.library.path=/home/pc/Downloads/webots/lib/java 
java_command: SensorController
java_class_path (initial): /home/pc/Downloads/webots/lib/java/Controller.jar:/home/pc/Dokumente/my_project/controllers/SensorController/
Launcher Type: SUN_STANDARD

Logging:
Log output configuration:
#0: stdout all=warning uptime,level,tags
#1: stderr all=off uptime,level,tags

Environment Variables:
PATH=/usr/local/sbin:/usr/local/bin:/usr/sbin:/usr/bin:/sbin:/bin:/usr/games:/usr/local/games
LD_LIBRARY_PATH=/home/pc/Downloads/webots/projects/default/libraries/vehicle:/home/pc/Downloads/webots/projects/default/libraries/ros:/home/pc/Downloads/webots/resources/projects/libraries/qt_utils:/home/pc/Dokumente/my_project/controllers/SensorController/:/home/pc/Downloads/webots/lib/:/tmp/webots-4827/lib:
SHELL=/bin/bash
DISPLAY=:0

Signal Handlers:
SIGSEGV: [libjvm.so+0xd28b70], sa_mask[0]=11111111011111111101111111111110, sa_flags=SA_RESTART|SA_SIGINFO
SIGBUS: [libjvm.so+0xd28b70], sa_mask[0]=11111111011111111101111111111110, sa_flags=SA_RESTART|SA_SIGINFO
SIGFPE: [libjvm.so+0xd28b70], sa_mask[0]=11111111011111111101111111111110, sa_flags=SA_RESTART|SA_SIGINFO
SIGPIPE: [libjvm.so+0xb2a1f0], sa_mask[0]=11111111011111111101111111111110, sa_flags=SA_RESTART|SA_SIGINFO
SIGXFSZ: [libjvm.so+0xb2a1f0], sa_mask[0]=11111111011111111101111111111110, sa_flags=SA_RESTART|SA_SIGINFO
SIGILL: [libjvm.so+0xd28b70], sa_mask[0]=11111111011111111101111111111110, sa_flags=SA_RESTART|SA_SIGINFO
SIGUSR2: [libjvm.so+0xb2a030], sa_mask[0]=00000000000000000000000000000000, sa_flags=SA_RESTART|SA_SIGINFO
SIGHUP: [libjvm.so+0xb2a180], sa_mask[0]=11111111011111111101111111111110, sa_flags=SA_RESTART|SA_SIGINFO
SIGINT: [libjvm.so+0xb2a180], sa_mask[0]=11111111011111111101111111111110, sa_flags=SA_RESTART|SA_SIGINFO
SIGTERM: [libjvm.so+0xb2a180], sa_mask[0]=11111111011111111101111111111110, sa_flags=SA_RESTART|SA_SIGINFO
SIGQUIT: [libjvm.so+0xb2a180], sa_mask[0]=11111111011111111101111111111110, sa_flags=SA_RESTART|SA_SIGINFO


---------------  S Y S T E M  ---------------

OS:DISTRIB_ID=LinuxMint
DISTRIB_RELEASE=19.1
DISTRIB_CODENAME=tessa
DISTRIB_DESCRIPTION="Linux Mint 19.1 Tessa"
uname:Linux 4.15.0-20-generic #21-Ubuntu SMP Tue Apr 24 06:16:15 UTC 2018 x86_64
libc:glibc 2.27 NPTL 2.27 
rlimit: STACK 8192k, CORE 0k, NPROC 31207, NOFILE 4096, AS infinity, DATA infinity, FSIZE infinity
load average:1.22 1.48 1.17

/proc/meminfo:
MemTotal:        8051996 kB
MemFree:         4738376 kB
MemAvailable:    5832588 kB
Buffers:          107236 kB
Cached:          1928404 kB
SwapCached:            0 kB
Active:          1651400 kB
Inactive:        1426300 kB
Active(anon):    1043324 kB
Inactive(anon):   769644 kB
Active(file):     608076 kB
Inactive(file):   656656 kB
Unevictable:          32 kB
Mlocked:              32 kB
SwapTotal:       2097148 kB
SwapFree:        2097148 kB
Dirty:                60 kB
Writeback:             0 kB
AnonPages:       1042244 kB
Mapped:           535708 kB
Shmem:            770912 kB
Slab:             142648 kB
SReclaimable:      97428 kB
SUnreclaim:        45220 kB
KernelStack:       10192 kB
PageTables:        34248 kB
NFS_Unstable:          0 kB
Bounce:                0 kB
WritebackTmp:          0 kB
CommitLimit:     6123144 kB
Committed_AS:    5069500 kB
VmallocTotal:   34359738367 kB
VmallocUsed:           0 kB
VmallocChunk:          0 kB
HardwareCorrupted:     0 kB
AnonHugePages:         0 kB
ShmemHugePages:        0 kB
ShmemPmdMapped:        0 kB
CmaTotal:              0 kB
CmaFree:               0 kB
HugePages_Total:       0
HugePages_Free:        0
HugePages_Rsvd:        0
HugePages_Surp:        0
Hugepagesize:       2048 kB
DirectMap4k:      166848 kB
DirectMap2M:     8105984 kB

container (cgroup) information:
container_type: cgroupv1
cpu_cpuset_cpus: 0-7
cpu_memory_nodes: 0
active_processor_count: 8
cpu_quota: -1
cpu_period: 100000
cpu_shares: -1
memory_limit_in_bytes: -1
memory_and_swap_limit_in_bytes: -2
memory_soft_limit_in_bytes: -1
memory_usage_in_bytes: 3151921152
memory_max_usage_in_bytes: 0


CPU:total 8 (initial active 8) (4 cores per cpu, 2 threads per core) family 6 model 58 stepping 9, cmov, cx8, fxsr, mmx, sse, sse2, sse3, ssse3, sse4.1, sse4.2, popcnt, avx, aes, clmul, erms, ht, tsc, tscinvbit, tscinv
CPU Model and flags from /proc/cpuinfo:
model name	: Intel(R) Core(TM) i7-3770 CPU @ 3.40GHz
flags		: fpu vme de pse tsc msr pae mce cx8 apic sep mtrr pge mca cmov pat pse36 clflush dts acpi mmx fxsr sse sse2 ss ht tm pbe syscall nx rdtscp lm constant_tsc arch_perfmon pebs bts rep_good nopl xtopology nonstop_tsc cpuid aperfmperf pni pclmulqdq dtes64 monitor ds_cpl vmx smx est tm2 ssse3 cx16 xtpr pdcm pcid sse4_1 sse4_2 x2apic popcnt tsc_deadline_timer aes xsave avx f16c rdrand lahf_lm cpuid_fault epb pti tpr_shadow vnmi flexpriority ept vpid fsgsbase smep erms xsaveopt dtherm ida arat pln pts

Memory: 4k page, physical 8051996k(4738376k free), swap 2097148k(2097148k free)

vm_info: OpenJDK 64-Bit Server VM (10.0.2+13-Ubuntu-1ubuntu0.18.04.4) for linux-amd64 JRE (10.0.2+13-Ubuntu-1ubuntu0.18.04.4), built on Nov 13 2018 12:53:39 by "buildd" with gcc 7.3.0

END.
