#
# A fatal error has been detected by the Java Runtime Environment:
#
#  SIGSEGV (0xb) at pc=0x00007f43507eeb32, pid=4774, tid=4775
#
# JRE version: OpenJDK Runtime Environment (10.0.2+13) (build 10.0.2+13-Ubuntu-1ubuntu0.18.04.4)
# Java VM: OpenJDK 64-Bit Server VM (10.0.2+13-Ubuntu-1ubuntu0.18.04.4, mixed mode, tiered, compressed oops, g1 gc, linux-amd64)
# Problematic frame:
# C  [libController.so+0x1bb32]  wbu_motion_new+0x5d2
#
# Core dump will be written. Default location: Core dumps may be processed with "/usr/share/apport/apport %p %s %c %d %P" (or dumping to /home/pc/Dokumente/my_project/controllers/SensorController/core.4774)
#
# If you would like to submit a bug report, please visit:
#   http://bugreport.java.com/bugreport/crash.jsp
# The crash happened outside the Java Virtual Machine in native code.
# See problematic frame for where to report the bug.
#

---------------  S U M M A R Y ------------

Command Line: -Djava.library.path=/home/pc/Downloads/webots/lib/java SensorController

Host: Intel(R) Core(TM) i7-3770 CPU @ 3.40GHz, 8 cores, 7G, Linux Mint 19.1 Tessa
Time: Tue Jun 18 12:30:55 2019 CEST elapsed time: 0 seconds (0d 0h 0m 0s)

---------------  T H R E A D  ---------------

Current thread (0x00007f43a0012000):  JavaThread "main" [_thread_in_native, id=4775, stack(0x00007f43a7c4f000,0x00007f43a7d50000)]

Stack: [0x00007f43a7c4f000,0x00007f43a7d50000],  sp=0x00007f43a7d4d6f0,  free space=1017k
Native frames: (J=compiled Java code, A=aot compiled Java code, j=interpreted, Vv=VM code, C=native code)
C  [libController.so+0x1bb32]  wbu_motion_new+0x5d2
C  [libCppController.so+0x28c7a]  webots::Motion::Motion(std::__cxx11::basic_string<char, std::char_traits<char>, std::allocator<char> > const&)+0x36
C  [libJavaController.so+0x27c5d]  Java_com_cyberbotics_webots_controller_wrapperJNI_new_1Motion+0x10a
j  com.cyberbotics.webots.controller.wrapperJNI.new_Motion(Ljava/lang/String;)J+0
j  com.cyberbotics.webots.controller.Motion.<init>(Ljava/lang/String;)V+2
j  SensorController.loadMotionFiles()V+118
j  SensorController.main([Ljava/lang/String;)V+22
v  ~StubRoutines::call_stub
V  [libjvm.so+0x83d38f]
V  [libjvm.so+0x85c3cd]
V  [libjvm.so+0x85e60e]
C  [libjli.so+0x4aa0]
C  [libjli.so+0x89dd]
C  [libpthread.so.0+0x76db]  start_thread+0xdb

Java frames: (J=compiled Java code, j=interpreted, Vv=VM code)
j  com.cyberbotics.webots.controller.wrapperJNI.new_Motion(Ljava/lang/String;)J+0
j  com.cyberbotics.webots.controller.Motion.<init>(Ljava/lang/String;)V+2
j  SensorController.loadMotionFiles()V+118
j  SensorController.main([Ljava/lang/String;)V+22
v  ~StubRoutines::call_stub

siginfo: si_signo: 11 (SIGSEGV), si_code: 1 (SEGV_MAPERR), si_addr: 0x0000000000000000

Register to memory mapping:

RAX=0x0000000000000000 is an unknown value
RBX=0x00007f43a0263750 is an unknown value
RCX=0x0000000000000000 is an unknown value
RDX=0x00007f43a7931a68: <offset 0x00000000003eda68> in /lib/x86_64-linux-gnu/libc.so.6 at 0x00007f43a7544000
RSP=0x00007f43a7d4d6f0 is pointing into the stack for thread: 0x00007f43a0012000
RBP=0x00007f43a7d4e770 is pointing into the stack for thread: 0x00007f43a0012000
RSI=0x00007f435080bfc3: <offset 0x0000000000038fc3> in /home/pc/Downloads/webots/lib/libController.so at 0x00007f43507d3000
RDI=0x0000000000000000 is an unknown value
R8 =0x0000000000000001 is an unknown value
R9 =0x0000000000000000 is an unknown value
R10=0x8666666666666666 is an unknown value
R11=0x00007f435080bfde: <offset 0x0000000000038fde> in /home/pc/Downloads/webots/lib/libController.so at 0x00007f43507d3000
R12=0x0000000000000020 is an unknown value
R13=0x0000000000000010 is an unknown value
R14=0x0000000000000048 is an unknown value
R15=0x0000000000000009 is an unknown value


Registers:
RAX=0x0000000000000000, RBX=0x00007f43a0263750, RCX=0x0000000000000000, RDX=0x00007f43a7931a68
RSP=0x00007f43a7d4d6f0, RBP=0x00007f43a7d4e770, RSI=0x00007f435080bfc3, RDI=0x0000000000000000
R8 =0x0000000000000001, R9 =0x0000000000000000, R10=0x8666666666666666, R11=0x00007f435080bfde
R12=0x0000000000000020, R13=0x0000000000000010, R14=0x0000000000000048, R15=0x0000000000000009
RIP=0x00007f43507eeb32, EFLAGS=0x0000000000010246, CSGSFS=0x002b000000000033, ERR=0x0000000000000004
  TRAPNO=0x000000000000000e

Top of Stack: (sp=0x00007f43a7d4d6f0)
0x00007f43a7d4d6f0:   36313a30303a3030 003565736f500030
0x00007f43a7d4d700:   3430302e302d0030 003532352e302d00
0x00007f43a7d4d710:   2e302d0035302e31 30302e3000353235
0x00007f43a7d4d720:   302e302d00300034 32352e302d003430 

Instructions: (pc=0x00007f43507eeb32)
0x00007f43507eeb12:   08 4a 03 0c 22 48 89 ca e8 f1 21 ff ff 44 3b 3b
0x00007f43507eeb22:   7d 3c 48 8d 35 98 d4 01 00 31 ff e8 5e 26 ff ff
0x00007f43507eeb32:   80 38 2a 75 c1 80 78 01 00 75 bb 48 8b 43 30 f2
0x00007f43507eeb42:   0f 10 05 07 db 01 00 41 83 c7 01 4a 8b 04 20 f2 


---------------  P R O C E S S  ---------------

Threads class SMR info:
_java_thread_list=0x00007f43a020d040, length=11, elements={
0x00007f43a0012000, 0x00007f43a0142800, 0x00007f43a0144800, 0x00007f43a014e000,
0x00007f43a0158800, 0x00007f43a015a800, 0x00007f43a015c800, 0x00007f43a015e800,
0x00007f43a0160800, 0x00007f43a01f5000, 0x00007f43a020d800
}

Java Threads: ( => current thread )
=>0x00007f43a0012000 JavaThread "main" [_thread_in_native, id=4775, stack(0x00007f43a7c4f000,0x00007f43a7d50000)]
  0x00007f43a0142800 JavaThread "Reference Handler" daemon [_thread_blocked, id=4797, stack(0x00007f436408d000,0x00007f436418e000)]
  0x00007f43a0144800 JavaThread "Finalizer" daemon [_thread_blocked, id=4798, stack(0x00007f4351eff000,0x00007f4352000000)]
  0x00007f43a014e000 JavaThread "Signal Dispatcher" daemon [_thread_blocked, id=4799, stack(0x00007f4351ace000,0x00007f4351bcf000)]
  0x00007f43a0158800 JavaThread "C2 CompilerThread0" daemon [_thread_blocked, id=4800, stack(0x00007f43519cd000,0x00007f4351ace000)]
  0x00007f43a015a800 JavaThread "C2 CompilerThread1" daemon [_thread_blocked, id=4801, stack(0x00007f43518cc000,0x00007f43519cd000)]
  0x00007f43a015c800 JavaThread "C2 CompilerThread2" daemon [_thread_blocked, id=4802, stack(0x00007f43517cb000,0x00007f43518cc000)]
  0x00007f43a015e800 JavaThread "C1 CompilerThread3" daemon [_thread_blocked, id=4803, stack(0x00007f43516ca000,0x00007f43517cb000)]
  0x00007f43a0160800 JavaThread "Sweeper thread" daemon [_thread_blocked, id=4804, stack(0x00007f43515c9000,0x00007f43516ca000)]
  0x00007f43a01f5000 JavaThread "Service Thread" daemon [_thread_blocked, id=4805, stack(0x00007f43514c8000,0x00007f43515c9000)]
  0x00007f43a020d800 JavaThread "Common-Cleaner" daemon [_thread_blocked, id=4807, stack(0x00007f43512c5000,0x00007f43513c6000)]

Other Threads:
  0x00007f43a0139000 VMThread "VM Thread" [stack: 0x00007f4364190000,0x00007f4364290000] [id=4796]
  0x00007f43a01f7000 WatcherThread [stack: 0x00007f43513c8000,0x00007f43514c8000] [id=4806]
  0x00007f43a0028800 GCTaskThread "GC Thread#0" [stack: 0x00007f438784f000,0x00007f438794f000] [id=4776]
  0x00007f43a002a000 GCTaskThread "GC Thread#1" [stack: 0x00007f438774d000,0x00007f438784d000] [id=4777]
  0x00007f43a002c000 GCTaskThread "GC Thread#2" [stack: 0x00007f438764b000,0x00007f438774b000] [id=4778]
  0x00007f43a002d800 GCTaskThread "GC Thread#3" [stack: 0x00007f4387549000,0x00007f4387649000] [id=4779]
  0x00007f43a002f000 GCTaskThread "GC Thread#4" [stack: 0x00007f4387447000,0x00007f4387547000] [id=4780]
  0x00007f43a0031000 GCTaskThread "GC Thread#5" [stack: 0x00007f4387345000,0x00007f4387445000] [id=4781]
  0x00007f43a0032800 GCTaskThread "GC Thread#6" [stack: 0x00007f4387243000,0x00007f4387343000] [id=4782]
  0x00007f43a0034800 GCTaskThread "GC Thread#7" [stack: 0x00007f4387141000,0x00007f4387241000] [id=4783]
  0x00007f43a005d800 ConcurrentGCThread "G1 Main Marker" [stack: 0x00007f4385cb2000,0x00007f4385db2000] [id=4784]
  0x00007f43a005f800 ConcurrentGCThread "G1 Conc#0" [stack: 0x00007f4385bb0000,0x00007f4385cb0000] [id=4785]
  0x00007f43a0061000 ConcurrentGCThread "G1 Conc#1" [stack: 0x00007f4385aae000,0x00007f4385bae000] [id=4786]
  0x00007f43a00c9800 ConcurrentGCThread "G1 Refine#0" [stack: 0x00007f43851a4000,0x00007f43852a4000] [id=4787]
  0x00007f43a00cb800 ConcurrentGCThread "G1 Refine#1" [stack: 0x00007f43850a2000,0x00007f43851a2000] [id=4788]
  0x00007f43a00cd000 ConcurrentGCThread "G1 Refine#2" [stack: 0x00007f4384fa0000,0x00007f43850a0000] [id=4789]
  0x00007f43a00cf000 ConcurrentGCThread "G1 Refine#3" [stack: 0x00007f4384e9e000,0x00007f4384f9e000] [id=4790]
  0x00007f43a00d0800 ConcurrentGCThread "G1 Refine#4" [stack: 0x00007f4384d9c000,0x00007f4384e9c000] [id=4791]
  0x00007f43a00d2800 ConcurrentGCThread "G1 Refine#5" [stack: 0x00007f4384c9a000,0x00007f4384d9a000] [id=4792]
  0x00007f43a00d4000 ConcurrentGCThread "G1 Refine#6" [stack: 0x00007f4384b98000,0x00007f4384c98000] [id=4793]
  0x00007f43a00d6000 ConcurrentGCThread "G1 Refine#7" [stack: 0x00007f4384a96000,0x00007f4384b96000] [id=4794]
  0x00007f43a00d7800 ConcurrentGCThread "G1 Young RemSet Sampling" [stack: 0x00007f4384994000,0x00007f4384a94000] [id=4795]

Threads with active compile tasks:

VM state:not at safepoint (normal execution)

VM Mutex/Monitor currently owned by a thread: None

Heap address: 0x0000000085200000, size: 1966 MB, Compressed Oops mode: 32-bit
Narrow klass base: 0x0000000000000000, Narrow klass shift: 3
Compressed class space size: 1073741824 Address: 0x0000000100000000

Heap:
 garbage-first heap   total 126976K, used 1024K [0x0000000085200000, 0x0000000100000000)
  region size 1024K, 2 young (2048K), 0 survivors (0K)
 Metaspace       used 4858K, capacity 4990K, committed 5120K, reserved 1056768K
  class space    used 398K, capacity 430K, committed 512K, reserved 1048576K
Heap Regions: E=young(eden), S=young(survivor), O=old, HS=humongous(starts), HC=humongous(continues), CS=collection set, F=free, A=archive, TS=gc time stamp, AC=allocation context, TAMS=top-at-mark-start (previous, next)
|   0|0x0000000085200000, 0x0000000085200000, 0x0000000085300000|  0%| F|  |TS  0|AC  0|TAMS 0x0000000085200000, 0x0000000085200000|
|   1|0x0000000085300000, 0x0000000085300000, 0x0000000085400000|  0%| F|  |TS  0|AC  0|TAMS 0x0000000085300000, 0x0000000085300000|
|   2|0x0000000085400000, 0x0000000085400000, 0x0000000085500000|  0%| F|  |TS  0|AC  0|TAMS 0x0000000085400000, 0x0000000085400000|
|   3|0x0000000085500000, 0x0000000085500000, 0x0000000085600000|  0%| F|  |TS  0|AC  0|TAMS 0x0000000085500000, 0x0000000085500000|
|   4|0x0000000085600000, 0x0000000085600000, 0x0000000085700000|  0%| F|  |TS  0|AC  0|TAMS 0x0000000085600000, 0x0000000085600000|
|   5|0x0000000085700000, 0x0000000085700000, 0x0000000085800000|  0%| F|  |TS  0|AC  0|TAMS 0x0000000085700000, 0x0000000085700000|
|   6|0x0000000085800000, 0x0000000085800000, 0x0000000085900000|  0%| F|  |TS  0|AC  0|TAMS 0x0000000085800000, 0x0000000085800000|
|   7|0x0000000085900000, 0x0000000085900000, 0x0000000085a00000|  0%| F|  |TS  0|AC  0|TAMS 0x0000000085900000, 0x0000000085900000|
|   8|0x0000000085a00000, 0x0000000085a00000, 0x0000000085b00000|  0%| F|  |TS  0|AC  0|TAMS 0x0000000085a00000, 0x0000000085a00000|
|   9|0x0000000085b00000, 0x0000000085b00000, 0x0000000085c00000|  0%| F|  |TS  0|AC  0|TAMS 0x0000000085b00000, 0x0000000085b00000|
|  10|0x0000000085c00000, 0x0000000085c00000, 0x0000000085d00000|  0%| F|  |TS  0|AC  0|TAMS 0x0000000085c00000, 0x0000000085c00000|
|  11|0x0000000085d00000, 0x0000000085d00000, 0x0000000085e00000|  0%| F|  |TS  0|AC  0|TAMS 0x0000000085d00000, 0x0000000085d00000|
|  12|0x0000000085e00000, 0x0000000085e00000, 0x0000000085f00000|  0%| F|  |TS  0|AC  0|TAMS 0x0000000085e00000, 0x0000000085e00000|
|  13|0x0000000085f00000, 0x0000000085f00000, 0x0000000086000000|  0%| F|  |TS  0|AC  0|TAMS 0x0000000085f00000, 0x0000000085f00000|
|  14|0x0000000086000000, 0x0000000086000000, 0x0000000086100000|  0%| F|  |TS  0|AC  0|TAMS 0x0000000086000000, 0x0000000086000000|
|  15|0x0000000086100000, 0x0000000086100000, 0x0000000086200000|  0%| F|  |TS  0|AC  0|TAMS 0x0000000086100000, 0x0000000086100000|
|  16|0x0000000086200000, 0x0000000086200000, 0x0000000086300000|  0%| F|  |TS  0|AC  0|TAMS 0x0000000086200000, 0x0000000086200000|
|  17|0x0000000086300000, 0x0000000086300000, 0x0000000086400000|  0%| F|  |TS  0|AC  0|TAMS 0x0000000086300000, 0x0000000086300000|
|  18|0x0000000086400000, 0x0000000086400000, 0x0000000086500000|  0%| F|  |TS  0|AC  0|TAMS 0x0000000086400000, 0x0000000086400000|
|  19|0x0000000086500000, 0x0000000086500000, 0x0000000086600000|  0%| F|  |TS  0|AC  0|TAMS 0x0000000086500000, 0x0000000086500000|
|  20|0x0000000086600000, 0x0000000086600000, 0x0000000086700000|  0%| F|  |TS  0|AC  0|TAMS 0x0000000086600000, 0x0000000086600000|
|  21|0x0000000086700000, 0x0000000086700000, 0x0000000086800000|  0%| F|  |TS  0|AC  0|TAMS 0x0000000086700000, 0x0000000086700000|
|  22|0x0000000086800000, 0x0000000086800000, 0x0000000086900000|  0%| F|  |TS  0|AC  0|TAMS 0x0000000086800000, 0x0000000086800000|
|  23|0x0000000086900000, 0x0000000086900000, 0x0000000086a00000|  0%| F|  |TS  0|AC  0|TAMS 0x0000000086900000, 0x0000000086900000|
|  24|0x0000000086a00000, 0x0000000086a00000, 0x0000000086b00000|  0%| F|  |TS  0|AC  0|TAMS 0x0000000086a00000, 0x0000000086a00000|
|  25|0x0000000086b00000, 0x0000000086b00000, 0x0000000086c00000|  0%| F|  |TS  0|AC  0|TAMS 0x0000000086b00000, 0x0000000086b00000|
|  26|0x0000000086c00000, 0x0000000086c00000, 0x0000000086d00000|  0%| F|  |TS  0|AC  0|TAMS 0x0000000086c00000, 0x0000000086c00000|
|  27|0x0000000086d00000, 0x0000000086d00000, 0x0000000086e00000|  0%| F|  |TS  0|AC  0|TAMS 0x0000000086d00000, 0x0000000086d00000|
|  28|0x0000000086e00000, 0x0000000086e00000, 0x0000000086f00000|  0%| F|  |TS  0|AC  0|TAMS 0x0000000086e00000, 0x0000000086e00000|
|  29|0x0000000086f00000, 0x0000000086f00000, 0x0000000087000000|  0%| F|  |TS  0|AC  0|TAMS 0x0000000086f00000, 0x0000000086f00000|
|  30|0x0000000087000000, 0x0000000087000000, 0x0000000087100000|  0%| F|  |TS  0|AC  0|TAMS 0x0000000087000000, 0x0000000087000000|
|  31|0x0000000087100000, 0x0000000087100000, 0x0000000087200000|  0%| F|  |TS  0|AC  0|TAMS 0x0000000087100000, 0x0000000087100000|
|  32|0x0000000087200000, 0x0000000087200000, 0x0000000087300000|  0%| F|  |TS  0|AC  0|TAMS 0x0000000087200000, 0x0000000087200000|
|  33|0x0000000087300000, 0x0000000087300000, 0x0000000087400000|  0%| F|  |TS  0|AC  0|TAMS 0x0000000087300000, 0x0000000087300000|
|  34|0x0000000087400000, 0x0000000087400000, 0x0000000087500000|  0%| F|  |TS  0|AC  0|TAMS 0x0000000087400000, 0x0000000087400000|
|  35|0x0000000087500000, 0x0000000087500000, 0x0000000087600000|  0%| F|  |TS  0|AC  0|TAMS 0x0000000087500000, 0x0000000087500000|
|  36|0x0000000087600000, 0x0000000087600000, 0x0000000087700000|  0%| F|  |TS  0|AC  0|TAMS 0x0000000087600000, 0x0000000087600000|
|  37|0x0000000087700000, 0x0000000087700000, 0x0000000087800000|  0%| F|  |TS  0|AC  0|TAMS 0x0000000087700000, 0x0000000087700000|
|  38|0x0000000087800000, 0x0000000087800000, 0x0000000087900000|  0%| F|  |TS  0|AC  0|TAMS 0x0000000087800000, 0x0000000087800000|
|  39|0x0000000087900000, 0x0000000087900000, 0x0000000087a00000|  0%| F|  |TS  0|AC  0|TAMS 0x0000000087900000, 0x0000000087900000|
|  40|0x0000000087a00000, 0x0000000087a00000, 0x0000000087b00000|  0%| F|  |TS  0|AC  0|TAMS 0x0000000087a00000, 0x0000000087a00000|
|  41|0x0000000087b00000, 0x0000000087b00000, 0x0000000087c00000|  0%| F|  |TS  0|AC  0|TAMS 0x0000000087b00000, 0x0000000087b00000|
|  42|0x0000000087c00000, 0x0000000087c00000, 0x0000000087d00000|  0%| F|  |TS  0|AC  0|TAMS 0x0000000087c00000, 0x0000000087c00000|
|  43|0x0000000087d00000, 0x0000000087d00000, 0x0000000087e00000|  0%| F|  |TS  0|AC  0|TAMS 0x0000000087d00000, 0x0000000087d00000|
|  44|0x0000000087e00000, 0x0000000087e00000, 0x0000000087f00000|  0%| F|  |TS  0|AC  0|TAMS 0x0000000087e00000, 0x0000000087e00000|
|  45|0x0000000087f00000, 0x0000000087f00000, 0x0000000088000000|  0%| F|  |TS  0|AC  0|TAMS 0x0000000087f00000, 0x0000000087f00000|
|  46|0x0000000088000000, 0x0000000088000000, 0x0000000088100000|  0%| F|  |TS  0|AC  0|TAMS 0x0000000088000000, 0x0000000088000000|
|  47|0x0000000088100000, 0x0000000088100000, 0x0000000088200000|  0%| F|  |TS  0|AC  0|TAMS 0x0000000088100000, 0x0000000088100000|
|  48|0x0000000088200000, 0x0000000088200000, 0x0000000088300000|  0%| F|  |TS  0|AC  0|TAMS 0x0000000088200000, 0x0000000088200000|
|  49|0x0000000088300000, 0x0000000088300000, 0x0000000088400000|  0%| F|  |TS  0|AC  0|TAMS 0x0000000088300000, 0x0000000088300000|
|  50|0x0000000088400000, 0x0000000088400000, 0x0000000088500000|  0%| F|  |TS  0|AC  0|TAMS 0x0000000088400000, 0x0000000088400000|
|  51|0x0000000088500000, 0x0000000088500000, 0x0000000088600000|  0%| F|  |TS  0|AC  0|TAMS 0x0000000088500000, 0x0000000088500000|
|  52|0x0000000088600000, 0x0000000088600000, 0x0000000088700000|  0%| F|  |TS  0|AC  0|TAMS 0x0000000088600000, 0x0000000088600000|
|  53|0x0000000088700000, 0x0000000088700000, 0x0000000088800000|  0%| F|  |TS  0|AC  0|TAMS 0x0000000088700000, 0x0000000088700000|
|  54|0x0000000088800000, 0x0000000088800000, 0x0000000088900000|  0%| F|  |TS  0|AC  0|TAMS 0x0000000088800000, 0x0000000088800000|
|  55|0x0000000088900000, 0x0000000088900000, 0x0000000088a00000|  0%| F|  |TS  0|AC  0|TAMS 0x0000000088900000, 0x0000000088900000|
|  56|0x0000000088a00000, 0x0000000088a00000, 0x0000000088b00000|  0%| F|  |TS  0|AC  0|TAMS 0x0000000088a00000, 0x0000000088a00000|
|  57|0x0000000088b00000, 0x0000000088b00000, 0x0000000088c00000|  0%| F|  |TS  0|AC  0|TAMS 0x0000000088b00000, 0x0000000088b00000|
|  58|0x0000000088c00000, 0x0000000088c00000, 0x0000000088d00000|  0%| F|  |TS  0|AC  0|TAMS 0x0000000088c00000, 0x0000000088c00000|
|  59|0x0000000088d00000, 0x0000000088d00000, 0x0000000088e00000|  0%| F|  |TS  0|AC  0|TAMS 0x0000000088d00000, 0x0000000088d00000|
|  60|0x0000000088e00000, 0x0000000088e00000, 0x0000000088f00000|  0%| F|  |TS  0|AC  0|TAMS 0x0000000088e00000, 0x0000000088e00000|
|  61|0x0000000088f00000, 0x0000000088f00000, 0x0000000089000000|  0%| F|  |TS  0|AC  0|TAMS 0x0000000088f00000, 0x0000000088f00000|
|  62|0x0000000089000000, 0x0000000089000000, 0x0000000089100000|  0%| F|  |TS  0|AC  0|TAMS 0x0000000089000000, 0x0000000089000000|
|  63|0x0000000089100000, 0x0000000089100000, 0x0000000089200000|  0%| F|  |TS  0|AC  0|TAMS 0x0000000089100000, 0x0000000089100000|
|  64|0x0000000089200000, 0x0000000089200000, 0x0000000089300000|  0%| F|  |TS  0|AC  0|TAMS 0x0000000089200000, 0x0000000089200000|
|  65|0x0000000089300000, 0x0000000089300000, 0x0000000089400000|  0%| F|  |TS  0|AC  0|TAMS 0x0000000089300000, 0x0000000089300000|
|  66|0x0000000089400000, 0x0000000089400000, 0x0000000089500000|  0%| F|  |TS  0|AC  0|TAMS 0x0000000089400000, 0x0000000089400000|
|  67|0x0000000089500000, 0x0000000089500000, 0x0000000089600000|  0%| F|  |TS  0|AC  0|TAMS 0x0000000089500000, 0x0000000089500000|
|  68|0x0000000089600000, 0x0000000089600000, 0x0000000089700000|  0%| F|  |TS  0|AC  0|TAMS 0x0000000089600000, 0x0000000089600000|
|  69|0x0000000089700000, 0x0000000089700000, 0x0000000089800000|  0%| F|  |TS  0|AC  0|TAMS 0x0000000089700000, 0x0000000089700000|
|  70|0x0000000089800000, 0x0000000089800000, 0x0000000089900000|  0%| F|  |TS  0|AC  0|TAMS 0x0000000089800000, 0x0000000089800000|
|  71|0x0000000089900000, 0x0000000089900000, 0x0000000089a00000|  0%| F|  |TS  0|AC  0|TAMS 0x0000000089900000, 0x0000000089900000|
|  72|0x0000000089a00000, 0x0000000089a00000, 0x0000000089b00000|  0%| F|  |TS  0|AC  0|TAMS 0x0000000089a00000, 0x0000000089a00000|
|  73|0x0000000089b00000, 0x0000000089b00000, 0x0000000089c00000|  0%| F|  |TS  0|AC  0|TAMS 0x0000000089b00000, 0x0000000089b00000|
|  74|0x0000000089c00000, 0x0000000089c00000, 0x0000000089d00000|  0%| F|  |TS  0|AC  0|TAMS 0x0000000089c00000, 0x0000000089c00000|
|  75|0x0000000089d00000, 0x0000000089d00000, 0x0000000089e00000|  0%| F|  |TS  0|AC  0|TAMS 0x0000000089d00000, 0x0000000089d00000|
|  76|0x0000000089e00000, 0x0000000089e00000, 0x0000000089f00000|  0%| F|  |TS  0|AC  0|TAMS 0x0000000089e00000, 0x0000000089e00000|
|  77|0x0000000089f00000, 0x0000000089f00000, 0x000000008a000000|  0%| F|  |TS  0|AC  0|TAMS 0x0000000089f00000, 0x0000000089f00000|
|  78|0x000000008a000000, 0x000000008a000000, 0x000000008a100000|  0%| F|  |TS  0|AC  0|TAMS 0x000000008a000000, 0x000000008a000000|
|  79|0x000000008a100000, 0x000000008a100000, 0x000000008a200000|  0%| F|  |TS  0|AC  0|TAMS 0x000000008a100000, 0x000000008a100000|
|  80|0x000000008a200000, 0x000000008a200000, 0x000000008a300000|  0%| F|  |TS  0|AC  0|TAMS 0x000000008a200000, 0x000000008a200000|
|  81|0x000000008a300000, 0x000000008a300000, 0x000000008a400000|  0%| F|  |TS  0|AC  0|TAMS 0x000000008a300000, 0x000000008a300000|
|  82|0x000000008a400000, 0x000000008a400000, 0x000000008a500000|  0%| F|  |TS  0|AC  0|TAMS 0x000000008a400000, 0x000000008a400000|
|  83|0x000000008a500000, 0x000000008a500000, 0x000000008a600000|  0%| F|  |TS  0|AC  0|TAMS 0x000000008a500000, 0x000000008a500000|
|  84|0x000000008a600000, 0x000000008a600000, 0x000000008a700000|  0%| F|  |TS  0|AC  0|TAMS 0x000000008a600000, 0x000000008a600000|
|  85|0x000000008a700000, 0x000000008a700000, 0x000000008a800000|  0%| F|  |TS  0|AC  0|TAMS 0x000000008a700000, 0x000000008a700000|
|  86|0x000000008a800000, 0x000000008a800000, 0x000000008a900000|  0%| F|  |TS  0|AC  0|TAMS 0x000000008a800000, 0x000000008a800000|
|  87|0x000000008a900000, 0x000000008a900000, 0x000000008aa00000|  0%| F|  |TS  0|AC  0|TAMS 0x000000008a900000, 0x000000008a900000|
|  88|0x000000008aa00000, 0x000000008aa00000, 0x000000008ab00000|  0%| F|  |TS  0|AC  0|TAMS 0x000000008aa00000, 0x000000008aa00000|
|  89|0x000000008ab00000, 0x000000008ab00000, 0x000000008ac00000|  0%| F|  |TS  0|AC  0|TAMS 0x000000008ab00000, 0x000000008ab00000|
|  90|0x000000008ac00000, 0x000000008ac00000, 0x000000008ad00000|  0%| F|  |TS  0|AC  0|TAMS 0x000000008ac00000, 0x000000008ac00000|
|  91|0x000000008ad00000, 0x000000008ad00000, 0x000000008ae00000|  0%| F|  |TS  0|AC  0|TAMS 0x000000008ad00000, 0x000000008ad00000|
|  92|0x000000008ae00000, 0x000000008ae00000, 0x000000008af00000|  0%| F|  |TS  0|AC  0|TAMS 0x000000008ae00000, 0x000000008ae00000|
|  93|0x000000008af00000, 0x000000008af00000, 0x000000008b000000|  0%| F|  |TS  0|AC  0|TAMS 0x000000008af00000, 0x000000008af00000|
|  94|0x000000008b000000, 0x000000008b000000, 0x000000008b100000|  0%| F|  |TS  0|AC  0|TAMS 0x000000008b000000, 0x000000008b000000|
|  95|0x000000008b100000, 0x000000008b100000, 0x000000008b200000|  0%| F|  |TS  0|AC  0|TAMS 0x000000008b100000, 0x000000008b100000|
|  96|0x000000008b200000, 0x000000008b200000, 0x000000008b300000|  0%| F|  |TS  0|AC  0|TAMS 0x000000008b200000, 0x000000008b200000|
|  97|0x000000008b300000, 0x000000008b300000, 0x000000008b400000|  0%| F|  |TS  0|AC  0|TAMS 0x000000008b300000, 0x000000008b300000|
|  98|0x000000008b400000, 0x000000008b400000, 0x000000008b500000|  0%| F|  |TS  0|AC  0|TAMS 0x000000008b400000, 0x000000008b400000|
|  99|0x000000008b500000, 0x000000008b500000, 0x000000008b600000|  0%| F|  |TS  0|AC  0|TAMS 0x000000008b500000, 0x000000008b500000|
| 100|0x000000008b600000, 0x000000008b600000, 0x000000008b700000|  0%| F|  |TS  0|AC  0|TAMS 0x000000008b600000, 0x000000008b600000|
| 101|0x000000008b700000, 0x000000008b700000, 0x000000008b800000|  0%| F|  |TS  0|AC  0|TAMS 0x000000008b700000, 0x000000008b700000|
| 102|0x000000008b800000, 0x000000008b800000, 0x000000008b900000|  0%| F|  |TS  0|AC  0|TAMS 0x000000008b800000, 0x000000008b800000|
| 103|0x000000008b900000, 0x000000008b900000, 0x000000008ba00000|  0%| F|  |TS  0|AC  0|TAMS 0x000000008b900000, 0x000000008b900000|
| 104|0x000000008ba00000, 0x000000008ba00000, 0x000000008bb00000|  0%| F|  |TS  0|AC  0|TAMS 0x000000008ba00000, 0x000000008ba00000|
| 105|0x000000008bb00000, 0x000000008bb00000, 0x000000008bc00000|  0%| F|  |TS  0|AC  0|TAMS 0x000000008bb00000, 0x000000008bb00000|
| 106|0x000000008bc00000, 0x000000008bc00000, 0x000000008bd00000|  0%| F|  |TS  0|AC  0|TAMS 0x000000008bc00000, 0x000000008bc00000|
| 107|0x000000008bd00000, 0x000000008bd00000, 0x000000008be00000|  0%| F|  |TS  0|AC  0|TAMS 0x000000008bd00000, 0x000000008bd00000|
| 108|0x000000008be00000, 0x000000008be00000, 0x000000008bf00000|  0%| F|  |TS  0|AC  0|TAMS 0x000000008be00000, 0x000000008be00000|
| 109|0x000000008bf00000, 0x000000008bf00000, 0x000000008c000000|  0%| F|  |TS  0|AC  0|TAMS 0x000000008bf00000, 0x000000008bf00000|
| 110|0x000000008c000000, 0x000000008c000000, 0x000000008c100000|  0%| F|  |TS  0|AC  0|TAMS 0x000000008c000000, 0x000000008c000000|
| 111|0x000000008c100000, 0x000000008c100000, 0x000000008c200000|  0%| F|  |TS  0|AC  0|TAMS 0x000000008c100000, 0x000000008c100000|
| 112|0x000000008c200000, 0x000000008c200000, 0x000000008c300000|  0%| F|  |TS  0|AC  0|TAMS 0x000000008c200000, 0x000000008c200000|
| 113|0x000000008c300000, 0x000000008c300000, 0x000000008c400000|  0%| F|  |TS  0|AC  0|TAMS 0x000000008c300000, 0x000000008c300000|
| 114|0x000000008c400000, 0x000000008c400000, 0x000000008c500000|  0%| F|  |TS  0|AC  0|TAMS 0x000000008c400000, 0x000000008c400000|
| 115|0x000000008c500000, 0x000000008c500000, 0x000000008c600000|  0%| F|  |TS  0|AC  0|TAMS 0x000000008c500000, 0x000000008c500000|
| 116|0x000000008c600000, 0x000000008c600000, 0x000000008c700000|  0%| F|  |TS  0|AC  0|TAMS 0x000000008c600000, 0x000000008c600000|
| 117|0x000000008c700000, 0x000000008c700000, 0x000000008c800000|  0%| F|  |TS  0|AC  0|TAMS 0x000000008c700000, 0x000000008c700000|
| 118|0x000000008c800000, 0x000000008c800000, 0x000000008c900000|  0%| F|  |TS  0|AC  0|TAMS 0x000000008c800000, 0x000000008c800000|
| 119|0x000000008c900000, 0x000000008c900000, 0x000000008ca00000|  0%| F|  |TS  0|AC  0|TAMS 0x000000008c900000, 0x000000008c900000|
| 120|0x000000008ca00000, 0x000000008ca00000, 0x000000008cb00000|  0%| F|  |TS  0|AC  0|TAMS 0x000000008ca00000, 0x000000008ca00000|
| 121|0x000000008cb00000, 0x000000008cb00000, 0x000000008cc00000|  0%| F|  |TS  0|AC  0|TAMS 0x000000008cb00000, 0x000000008cb00000|
| 122|0x000000008cc00000, 0x000000008ccf6468, 0x000000008cd00000| 96%| E|  |TS  0|AC  0|TAMS 0x000000008cc00000, 0x000000008cc00000|
| 123|0x000000008cd00000, 0x000000008ce00000, 0x000000008ce00000|100%| E|CS|TS  0|AC  0|TAMS 0x000000008cd00000, 0x000000008cd00000|

Card table byte_map: [0x00007f4386189000,0x00007f4386560000] byte_map_base: 0x00007f4385d60000

Marking Bits (Prev, Next): (CMBitMap*) 0x00007f43a005ce80, (CMBitMap*) 0x00007f43a005ceb8
 Prev Bits: [0x00007f4366148000, 0x00007f4368000000)
 Next Bits: [0x00007f4364290000, 0x00007f4366148000)

Polling page: 0x00007f43a7d68000

CodeHeap 'non-profiled nmethods': size=120032Kb used=22Kb max_used=22Kb free=120009Kb
 bounds [0x00007f438f5ed000, 0x00007f438f85d000, 0x00007f4396b25000]
CodeHeap 'profiled nmethods': size=120028Kb used=137Kb max_used=137Kb free=119890Kb
 bounds [0x00007f43880b6000, 0x00007f4388326000, 0x00007f438f5ed000]
CodeHeap 'non-nmethods': size=5700Kb used=1017Kb max_used=1017Kb free=4682Kb
 bounds [0x00007f4387b25000, 0x00007f4387d95000, 0x00007f43880b6000]
 total_blobs=466 nmethods=101 adapters=222
 compilation: enabled

Compilation events (10 events):
Event: 0.087 Thread 0x00007f43a015e800 nmethod 97 0x00007f43880d5410 code [0x00007f43880d55c0, 0x00007f43880d5768]
Event: 0.087 Thread 0x00007f43a015e800   98       3       java.lang.AbstractStringBuilder::append (45 bytes)
Event: 0.087 Thread 0x00007f43a015e800 nmethod 98 0x00007f43880d5810 code [0x00007f43880d5a40, 0x00007f43880d5fb8]
Event: 0.087 Thread 0x00007f43a015e800   99       3       java.lang.StringLatin1::lastIndexOf (40 bytes)
Event: 0.087 Thread 0x00007f43a015e800 nmethod 99 0x00007f43880d6210 code [0x00007f43880d63e0, 0x00007f43880d67f0]
Event: 0.088 Thread 0x00007f43a015e800  100       3       java.lang.Character::toLowerCase (9 bytes)
Event: 0.088 Thread 0x00007f43a015e800 nmethod 100 0x00007f43880d6990 code [0x00007f43880d6b60, 0x00007f43880d6d98]
Event: 0.088 Thread 0x00007f43a015e800  101       3       java.lang.CharacterDataLatin1::toLowerCase (39 bytes)
Event: 0.088 Thread 0x00007f43a015e800 nmethod 101 0x00007f43880d6e90 code [0x00007f43880d7060, 0x00007f43880d72f0]
Event: 0.091 Thread 0x00007f43a015e800  102       3       java.util.Arrays::copyOfRange (63 bytes)

GC Heap History (0 events):
No events

Deoptimization events (1 events):
Event: 0.059 Thread 0x00007f43a0012000 Uncommon trap: reason=unstable_if action=reinterpret pc=0x00007f438f5f21e8 method=java.lang.String.hashCode()I @ 14 c2

Classes redefined (0 events):
No events

Internal exceptions (0 events):
No events

Events (10 events):
Event: 0.086 loading class com/cyberbotics/webots/controller/Mouse
Event: 0.086 loading class com/cyberbotics/webots/controller/Mouse done
Event: 0.087 loading class com/cyberbotics/webots/controller/Camera
Event: 0.087 loading class com/cyberbotics/webots/controller/Camera done
Event: 0.087 loading class com/cyberbotics/webots/controller/Device
Event: 0.087 loading class com/cyberbotics/webots/controller/Device done
Event: 0.087 loading class com/cyberbotics/webots/controller/DistanceSensor
Event: 0.087 loading class com/cyberbotics/webots/controller/DistanceSensor done
Event: 0.088 loading class com/cyberbotics/webots/controller/Motion
Event: 0.088 loading class com/cyberbotics/webots/controller/Motion done


Dynamic libraries:
85200000-8ce00000 rw-p 00000000 00:00 0 
8ce00000-100000000 ---p 00000000 00:00 0 
100000000-100080000 rw-p 00000000 00:00 0 
100080000-140000000 ---p 00000000 00:00 0 
56076960e000-56076960f000 r-xp 00000000 08:01 23598097                   /usr/lib/jvm/java-11-openjdk-amd64/bin/java
56076980f000-560769810000 r--p 00001000 08:01 23598097                   /usr/lib/jvm/java-11-openjdk-amd64/bin/java
560769810000-560769811000 rw-p 00002000 08:01 23598097                   /usr/lib/jvm/java-11-openjdk-amd64/bin/java
56076aa9b000-56076aabc000 rw-p 00000000 00:00 0                          [heap]
7f42fb9c8000-7f42fb9cb000 r-xp 00000000 08:01 26486645                   /home/pc/Downloads/webots/resources/projects/plugins/robot_windows/generic/libgeneric.so
7f42fb9cb000-7f42fbbca000 ---p 00003000 08:01 26486645                   /home/pc/Downloads/webots/resources/projects/plugins/robot_windows/generic/libgeneric.so
7f42fbbca000-7f42fbbcb000 r--p 00002000 08:01 26486645                   /home/pc/Downloads/webots/resources/projects/plugins/robot_windows/generic/libgeneric.so
7f42fbbcb000-7f42fbbcc000 rw-p 00003000 08:01 26486645                   /home/pc/Downloads/webots/resources/projects/plugins/robot_windows/generic/libgeneric.so
7f42fbbcc000-7f42fbbd7000 r-xp 00000000 08:01 27920412                   /home/pc/Downloads/webots/lib/libjbig.so.0
7f42fbbd7000-7f42fbdd6000 ---p 0000b000 08:01 27920412                   /home/pc/Downloads/webots/lib/libjbig.so.0
7f42fbdd6000-7f42fbdd7000 r--p 0000a000 08:01 27920412                   /home/pc/Downloads/webots/lib/libjbig.so.0
7f42fbdd7000-7f42fbdda000 rw-p 0000b000 08:01 27920412                   /home/pc/Downloads/webots/lib/libjbig.so.0
7f42fbdda000-7f42fbdfe000 r-xp 00000000 08:01 14684814                   /lib/x86_64-linux-gnu/liblzma.so.5.2.2
7f42fbdfe000-7f42fbffe000 ---p 00024000 08:01 14684814                   /lib/x86_64-linux-gnu/liblzma.so.5.2.2
7f42fbffe000-7f42fbfff000 r--p 00024000 08:01 14684814                   /lib/x86_64-linux-gnu/liblzma.so.5.2.2
7f42fbfff000-7f42fc000000 rw-p 00025000 08:01 14684814                   /lib/x86_64-linux-gnu/liblzma.so.5.2.2
7f42fc000000-7f42fc021000 rw-p 00000000 00:00 0 
7f42fc021000-7f4300000000 ---p 00000000 00:00 0 
7f4300000000-7f4300021000 rw-p 00000000 00:00 0 
7f4300021000-7f4304000000 ---p 00000000 00:00 0 
7f4304000000-7f4304021000 rw-p 00000000 00:00 0 
7f4304021000-7f4308000000 ---p 00000000 00:00 0 
7f4308000000-7f4308021000 rw-p 00000000 00:00 0 
7f4308021000-7f430c000000 ---p 00000000 00:00 0 
7f430c000000-7f430c021000 rw-p 00000000 00:00 0 
7f430c021000-7f4310000000 ---p 00000000 00:00 0 
7f4310000000-7f4310086000 rw-p 00000000 00:00 0 
7f4310086000-7f4314000000 ---p 00000000 00:00 0 
7f4314000000-7f431404e000 rw-p 00000000 00:00 0 
7f431404e000-7f4318000000 ---p 00000000 00:00 0 
7f4318000000-7f4318021000 rw-p 00000000 00:00 0 
7f4318021000-7f431c000000 ---p 00000000 00:00 0 
7f431c000000-7f431c021000 rw-p 00000000 00:00 0 
7f431c021000-7f4320000000 ---p 00000000 00:00 0 
7f4320000000-7f4320021000 rw-p 00000000 00:00 0 
7f4320021000-7f4324000000 ---p 00000000 00:00 0 
7f4324000000-7f4324021000 rw-p 00000000 00:00 0 
7f4324021000-7f4328000000 ---p 00000000 00:00 0 
7f4328000000-7f4328021000 rw-p 00000000 00:00 0 
7f4328021000-7f432c000000 ---p 00000000 00:00 0 
7f432c000000-7f432c021000 rw-p 00000000 00:00 0 
7f432c021000-7f4330000000 ---p 00000000 00:00 0 
7f4330000000-7f4330021000 rw-p 00000000 00:00 0 
7f4330021000-7f4334000000 ---p 00000000 00:00 0 
7f4334000000-7f4334021000 rw-p 00000000 00:00 0 
7f4334021000-7f4338000000 ---p 00000000 00:00 0 
7f4338000000-7f4338021000 rw-p 00000000 00:00 0 
7f4338021000-7f433c000000 ---p 00000000 00:00 0 
7f433c000000-7f433c021000 rw-p 00000000 00:00 0 
7f433c021000-7f4340000000 ---p 00000000 00:00 0 
7f4340000000-7f4340021000 rw-p 00000000 00:00 0 
7f4340021000-7f4344000000 ---p 00000000 00:00 0 
7f4344000000-7f4344021000 rw-p 00000000 00:00 0 
7f4344021000-7f4348000000 ---p 00000000 00:00 0 
7f4348000000-7f4348021000 rw-p 00000000 00:00 0 
7f4348021000-7f434c000000 ---p 00000000 00:00 0 
7f434c000000-7f434c021000 rw-p 00000000 00:00 0 
7f434c021000-7f4350000000 ---p 00000000 00:00 0 
7f43500e0000-7f4350104000 r-xp 00000000 08:01 27920444                   /home/pc/Downloads/webots/lib/libpng12.so.0
7f4350104000-7f4350303000 ---p 00024000 08:01 27920444                   /home/pc/Downloads/webots/lib/libpng12.so.0
7f4350303000-7f4350304000 r--p 00023000 08:01 27920444                   /home/pc/Downloads/webots/lib/libpng12.so.0
7f4350304000-7f4350305000 rw-p 00024000 08:01 27920444                   /home/pc/Downloads/webots/lib/libpng12.so.0
7f4350305000-7f435035c000 r-xp 00000000 08:01 27920405                   /home/pc/Downloads/webots/lib/libjpeg.so.8
7f435035c000-7f435055c000 ---p 00057000 08:01 27920405                   /home/pc/Downloads/webots/lib/libjpeg.so.8
7f435055c000-7f435055d000 r--p 00057000 08:01 27920405                   /home/pc/Downloads/webots/lib/libjpeg.so.8
7f435055d000-7f435055e000 rw-p 00058000 08:01 27920405                   /home/pc/Downloads/webots/lib/libjpeg.so.8
7f435055e000-7f43505cf000 r-xp 00000000 08:01 27920407                   /home/pc/Downloads/webots/lib/libtiff.so.5
7f43505cf000-7f43507cf000 ---p 00071000 08:01 27920407                   /home/pc/Downloads/webots/lib/libtiff.so.5
7f43507cf000-7f43507d0000 r--p 00071000 08:01 27920407                   /home/pc/Downloads/webots/lib/libtiff.so.5
7f43507d0000-7f43507d3000 rw-p 00072000 08:01 27920407                   /home/pc/Downloads/webots/lib/libtiff.so.5
7f43507d3000-7f435081f000 r-xp 00000000 08:01 27920416                   /home/pc/Downloads/webots/lib/libController.so
7f435081f000-7f4350a1e000 ---p 0004c000 08:01 27920416                   /home/pc/Downloads/webots/lib/libController.so
7f4350a1e000-7f4350a1f000 r--p 0004b000 08:01 27920416                   /home/pc/Downloads/webots/lib/libController.so
7f4350a1f000-7f4350a20000 rw-p 0004c000 08:01 27920416                   /home/pc/Downloads/webots/lib/libController.so
7f4350a20000-7f4350a21000 rw-p 00000000 00:00 0 
7f4350a21000-7f4350a5b000 r-xp 00000000 08:01 27920467                   /home/pc/Downloads/webots/lib/libCppController.so
7f4350a5b000-7f4350c5a000 ---p 0003a000 08:01 27920467                   /home/pc/Downloads/webots/lib/libCppController.so
7f4350c5a000-7f4350c5c000 r--p 00039000 08:01 27920467                   /home/pc/Downloads/webots/lib/libCppController.so
7f4350c5c000-7f4350c5e000 rw-p 0003b000 08:01 27920467                   /home/pc/Downloads/webots/lib/libCppController.so
7f4350c5e000-7f4350c9a000 r-xp 00000000 08:01 27920367                   /home/pc/Downloads/webots/lib/java/libJavaController.so
7f4350c9a000-7f4350e99000 ---p 0003c000 08:01 27920367                   /home/pc/Downloads/webots/lib/java/libJavaController.so
7f4350e99000-7f4350e9a000 r--p 0003b000 08:01 27920367                   /home/pc/Downloads/webots/lib/java/libJavaController.so
7f4350e9a000-7f4350e9b000 rw-p 0003c000 08:01 27920367                   /home/pc/Downloads/webots/lib/java/libJavaController.so
7f4350e9b000-7f4350eb2000 r-xp 00000000 08:01 23598500                   /usr/lib/jvm/java-11-openjdk-amd64/lib/libnet.so
7f4350eb2000-7f43510b1000 ---p 00017000 08:01 23598500                   /usr/lib/jvm/java-11-openjdk-amd64/lib/libnet.so
7f43510b1000-7f43510b2000 r--p 00016000 08:01 23598500                   /usr/lib/jvm/java-11-openjdk-amd64/lib/libnet.so
7f43510b2000-7f43510b3000 rw-p 00017000 08:01 23598500                   /usr/lib/jvm/java-11-openjdk-amd64/lib/libnet.so
7f43510b3000-7f43510c4000 r-xp 00000000 08:01 23598501                   /usr/lib/jvm/java-11-openjdk-amd64/lib/libnio.so
7f43510c4000-7f43512c3000 ---p 00011000 08:01 23598501                   /usr/lib/jvm/java-11-openjdk-amd64/lib/libnio.so
7f43512c3000-7f43512c4000 r--p 00010000 08:01 23598501                   /usr/lib/jvm/java-11-openjdk-amd64/lib/libnio.so
7f43512c4000-7f43512c5000 rw-p 00011000 08:01 23598501                   /usr/lib/jvm/java-11-openjdk-amd64/lib/libnio.so
7f43512c5000-7f43512c9000 ---p 00000000 00:00 0 
7f43512c9000-7f43513c6000 rw-p 00000000 00:00 0 
7f43513c6000-7f43513c7000 ---p 00000000 00:00 0 
7f43513c7000-7f43514c8000 rw-p 00000000 00:00 0 
7f43514c8000-7f43514cc000 ---p 00000000 00:00 0 
7f43514cc000-7f43515c9000 rw-p 00000000 00:00 0 
7f43515c9000-7f43515cd000 ---p 00000000 00:00 0 
7f43515cd000-7f43516ca000 rw-p 00000000 00:00 0 
7f43516ca000-7f43516ce000 ---p 00000000 00:00 0 
7f43516ce000-7f43517cb000 rw-p 00000000 00:00 0 
7f43517cb000-7f43517cf000 ---p 00000000 00:00 0 
7f43517cf000-7f43518cc000 rw-p 00000000 00:00 0 
7f43518cc000-7f43518d0000 ---p 00000000 00:00 0 
7f43518d0000-7f43519cd000 rw-p 00000000 00:00 0 
7f43519cd000-7f43519d1000 ---p 00000000 00:00 0 
7f43519d1000-7f4351ace000 rw-p 00000000 00:00 0 
7f4351ace000-7f4351ad2000 ---p 00000000 00:00 0 
7f4351ad2000-7f4351bcf000 rw-p 00000000 00:00 0 
7f4351bcf000-7f4351eff000 r--p 00000000 08:01 23598983                   /usr/lib/locale/locale-archive
7f4351eff000-7f4351f03000 ---p 00000000 00:00 0 
7f4351f03000-7f4354000000 rw-p 00000000 00:00 0 
7f4354000000-7f4354021000 rw-p 00000000 00:00 0 
7f4354021000-7f4358000000 ---p 00000000 00:00 0 
7f4358000000-7f4358021000 rw-p 00000000 00:00 0 
7f4358021000-7f435c000000 ---p 00000000 00:00 0 
7f435c000000-7f435c021000 rw-p 00000000 00:00 0 
7f435c021000-7f4360000000 ---p 00000000 00:00 0 
7f4360000000-7f4360021000 rw-p 00000000 00:00 0 
7f4360021000-7f4364000000 ---p 00000000 00:00 0 
7f436408d000-7f4364091000 ---p 00000000 00:00 0 
7f4364091000-7f436418e000 rw-p 00000000 00:00 0 
7f436418e000-7f436418f000 ---p 00000000 00:00 0 
7f436418f000-7f4364480000 rw-p 00000000 00:00 0 
7f4364480000-7f4366148000 ---p 00000000 00:00 0 
7f4366148000-7f4366338000 rw-p 00000000 00:00 0 
7f4366338000-7f4368000000 ---p 00000000 00:00 0 
7f4368000000-7f4368021000 rw-p 00000000 00:00 0 
7f4368021000-7f436c000000 ---p 00000000 00:00 0 
7f436c000000-7f436c021000 rw-p 00000000 00:00 0 
7f436c021000-7f4370000000 ---p 00000000 00:00 0 
7f4370000000-7f4370021000 rw-p 00000000 00:00 0 
7f4370021000-7f4374000000 ---p 00000000 00:00 0 
7f4374000000-7f4374021000 rw-p 00000000 00:00 0 
7f4374021000-7f4378000000 ---p 00000000 00:00 0 
7f4378000000-7f4378021000 rw-p 00000000 00:00 0 
7f4378021000-7f437c000000 ---p 00000000 00:00 0 
7f437c000000-7f437c021000 rw-p 00000000 00:00 0 
7f437c021000-7f4380000000 ---p 00000000 00:00 0 
7f4380000000-7f4380021000 rw-p 00000000 00:00 0 
7f4380021000-7f4384000000 ---p 00000000 00:00 0 
7f4384090000-7f4384612000 rw-p 00000000 00:00 0 
7f4384612000-7f4384992000 ---p 00000000 00:00 0 
7f4384992000-7f4384993000 ---p 00000000 00:00 0 
7f4384993000-7f4384a94000 rw-p 00000000 00:00 0 
7f4384a94000-7f4384a95000 ---p 00000000 00:00 0 
7f4384a95000-7f4384b96000 rw-p 00000000 00:00 0 
7f4384b96000-7f4384b97000 ---p 00000000 00:00 0 
7f4384b97000-7f4384c98000 rw-p 00000000 00:00 0 
7f4384c98000-7f4384c99000 ---p 00000000 00:00 0 
7f4384c99000-7f4384d9a000 rw-p 00000000 00:00 0 
7f4384d9a000-7f4384d9b000 ---p 00000000 00:00 0 
7f4384d9b000-7f4384e9c000 rw-p 00000000 00:00 0 
7f4384e9c000-7f4384e9d000 ---p 00000000 00:00 0 
7f4384e9d000-7f4384f9e000 rw-p 00000000 00:00 0 
7f4384f9e000-7f4384f9f000 ---p 00000000 00:00 0 
7f4384f9f000-7f43850a0000 rw-p 00000000 00:00 0 
7f43850a0000-7f43850a1000 ---p 00000000 00:00 0 
7f43850a1000-7f43851a2000 rw-p 00000000 00:00 0 
7f43851a2000-7f43851a3000 ---p 00000000 00:00 0 
7f43851a3000-7f4385aac000 rw-p 00000000 00:00 0 
7f4385aac000-7f4385aad000 ---p 00000000 00:00 0 
7f4385aad000-7f4385bae000 rw-p 00000000 00:00 0 
7f4385bae000-7f4385baf000 ---p 00000000 00:00 0 
7f4385baf000-7f4385cb0000 rw-p 00000000 00:00 0 
7f4385cb0000-7f4385cb1000 ---p 00000000 00:00 0 
7f4385cb1000-7f4385df0000 rw-p 00000000 00:00 0 
7f4385df0000-7f4386189000 ---p 00000000 00:00 0 
7f4386189000-7f43861c7000 rw-p 00000000 00:00 0 
7f43861c7000-7f4386560000 ---p 00000000 00:00 0 
7f4386560000-7f438659e000 rw-p 00000000 00:00 0 
7f438659e000-7f4386937000 ---p 00000000 00:00 0 
7f4386937000-7f438713f000 rw-p 00000000 00:00 0 
7f438713f000-7f4387140000 ---p 00000000 00:00 0 
7f4387140000-7f4387241000 rw-p 00000000 00:00 0 
7f4387241000-7f4387242000 ---p 00000000 00:00 0 
7f4387242000-7f4387343000 rw-p 00000000 00:00 0 
7f4387343000-7f4387344000 ---p 00000000 00:00 0 
7f4387344000-7f4387445000 rw-p 00000000 00:00 0 
7f4387445000-7f4387446000 ---p 00000000 00:00 0 
7f4387446000-7f4387547000 rw-p 00000000 00:00 0 
7f4387547000-7f4387548000 ---p 00000000 00:00 0 
7f4387548000-7f4387649000 rw-p 00000000 00:00 0 
7f4387649000-7f438764a000 ---p 00000000 00:00 0 
7f438764a000-7f438774b000 rw-p 00000000 00:00 0 
7f438774b000-7f438774c000 ---p 00000000 00:00 0 
7f438774c000-7f438784d000 rw-p 00000000 00:00 0 
7f438784d000-7f438784e000 ---p 00000000 00:00 0 
7f438784e000-7f4387954000 rw-p 00000000 00:00 0 
7f4387954000-7f4387a3a000 ---p 00000000 00:00 0 
7f4387a3a000-7f4387a3f000 rw-p 00000000 00:00 0 
7f4387a3f000-7f4387b25000 ---p 00000000 00:00 0 
7f4387b25000-7f4387d95000 rwxp 00000000 00:00 0 
7f4387d95000-7f43880b6000 ---p 00000000 00:00 0 
7f43880b6000-7f4388326000 rwxp 00000000 00:00 0 
7f4388326000-7f438f5ed000 ---p 00000000 00:00 0 
7f438f5ed000-7f438f85d000 rwxp 00000000 00:00 0 
7f438f85d000-7f4396b25000 ---p 00000000 00:00 0 
7f4396b25000-7f43a0000000 r--s 00000000 08:01 23598511                   /usr/lib/jvm/java-11-openjdk-amd64/lib/modules
7f43a0000000-7f43a027f000 rw-p 00000000 00:00 0 
7f43a027f000-7f43a4000000 ---p 00000000 00:00 0 
7f43a4026000-7f43a404e000 rw-p 00000000 00:00 0 
7f43a404e000-7f43a4053000 r-xp 00000000 08:01 23598491                   /usr/lib/jvm/java-11-openjdk-amd64/lib/libjimage.so
7f43a4053000-7f43a4252000 ---p 00005000 08:01 23598491                   /usr/lib/jvm/java-11-openjdk-amd64/lib/libjimage.so
7f43a4252000-7f43a4253000 r--p 00004000 08:01 23598491                   /usr/lib/jvm/java-11-openjdk-amd64/lib/libjimage.so
7f43a4253000-7f43a4254000 rw-p 00005000 08:01 23598491                   /usr/lib/jvm/java-11-openjdk-amd64/lib/libjimage.so
7f43a4254000-7f43a425b000 r-xp 00000000 08:01 23598510                   /usr/lib/jvm/java-11-openjdk-amd64/lib/libzip.so
7f43a425b000-7f43a445a000 ---p 00007000 08:01 23598510                   /usr/lib/jvm/java-11-openjdk-amd64/lib/libzip.so
7f43a445a000-7f43a445b000 r--p 00006000 08:01 23598510                   /usr/lib/jvm/java-11-openjdk-amd64/lib/libzip.so
7f43a445b000-7f43a445c000 rw-p 00007000 08:01 23598510                   /usr/lib/jvm/java-11-openjdk-amd64/lib/libzip.so
7f43a445c000-7f43a4467000 r-xp 00000000 08:01 14684844                   /lib/x86_64-linux-gnu/libnss_files-2.27.so
7f43a4467000-7f43a4666000 ---p 0000b000 08:01 14684844                   /lib/x86_64-linux-gnu/libnss_files-2.27.so
7f43a4666000-7f43a4667000 r--p 0000a000 08:01 14684844                   /lib/x86_64-linux-gnu/libnss_files-2.27.so
7f43a4667000-7f43a4668000 rw-p 0000b000 08:01 14684844                   /lib/x86_64-linux-gnu/libnss_files-2.27.so
7f43a4668000-7f43a466e000 rw-p 00000000 00:00 0 
7f43a466e000-7f43a4685000 r-xp 00000000 08:01 14684838                   /lib/x86_64-linux-gnu/libnsl-2.27.so
7f43a4685000-7f43a4884000 ---p 00017000 08:01 14684838                   /lib/x86_64-linux-gnu/libnsl-2.27.so
7f43a4884000-7f43a4885000 r--p 00016000 08:01 14684838                   /lib/x86_64-linux-gnu/libnsl-2.27.so
7f43a4885000-7f43a4886000 rw-p 00017000 08:01 14684838                   /lib/x86_64-linux-gnu/libnsl-2.27.so
7f43a4886000-7f43a4888000 rw-p 00000000 00:00 0 
7f43a4888000-7f43a4893000 r-xp 00000000 08:01 14684855                   /lib/x86_64-linux-gnu/libnss_nis-2.27.so
7f43a4893000-7f43a4a92000 ---p 0000b000 08:01 14684855                   /lib/x86_64-linux-gnu/libnss_nis-2.27.so
7f43a4a92000-7f43a4a93000 r--p 0000a000 08:01 14684855                   /lib/x86_64-linux-gnu/libnss_nis-2.27.so
7f43a4a93000-7f43a4a94000 rw-p 0000b000 08:01 14684855                   /lib/x86_64-linux-gnu/libnss_nis-2.27.so
7f43a4a94000-7f43a4a9c000 r-xp 00000000 08:01 14684840                   /lib/x86_64-linux-gnu/libnss_compat-2.27.so
7f43a4a9c000-7f43a4c9c000 ---p 00008000 08:01 14684840                   /lib/x86_64-linux-gnu/libnss_compat-2.27.so
7f43a4c9c000-7f43a4c9d000 r--p 00008000 08:01 14684840                   /lib/x86_64-linux-gnu/libnss_compat-2.27.so
7f43a4c9d000-7f43a4c9e000 rw-p 00009000 08:01 14684840                   /lib/x86_64-linux-gnu/libnss_compat-2.27.so
7f43a4c9e000-7f43a4cca000 r-xp 00000000 08:01 23598487                   /usr/lib/jvm/java-11-openjdk-amd64/lib/libjava.so
7f43a4cca000-7f43a4ec9000 ---p 0002c000 08:01 23598487                   /usr/lib/jvm/java-11-openjdk-amd64/lib/libjava.so
7f43a4ec9000-7f43a4eca000 r--p 0002b000 08:01 23598487                   /usr/lib/jvm/java-11-openjdk-amd64/lib/libjava.so
7f43a4eca000-7f43a4ecc000 rw-p 0002c000 08:01 23598487                   /usr/lib/jvm/java-11-openjdk-amd64/lib/libjava.so
7f43a4ecc000-7f43a4ed9000 r-xp 00000000 08:01 23598509                   /usr/lib/jvm/java-11-openjdk-amd64/lib/libverify.so
7f43a4ed9000-7f43a50d8000 ---p 0000d000 08:01 23598509                   /usr/lib/jvm/java-11-openjdk-amd64/lib/libverify.so
7f43a50d8000-7f43a50da000 r--p 0000c000 08:01 23598509                   /usr/lib/jvm/java-11-openjdk-amd64/lib/libverify.so
7f43a50da000-7f43a50db000 rw-p 0000e000 08:01 23598509                   /usr/lib/jvm/java-11-openjdk-amd64/lib/libverify.so
7f43a50db000-7f43a50e2000 r-xp 00000000 08:01 14684895                   /lib/x86_64-linux-gnu/librt-2.27.so
7f43a50e2000-7f43a52e1000 ---p 00007000 08:01 14684895                   /lib/x86_64-linux-gnu/librt-2.27.so
7f43a52e1000-7f43a52e2000 r--p 00006000 08:01 14684895                   /lib/x86_64-linux-gnu/librt-2.27.so
7f43a52e2000-7f43a52e3000 rw-p 00007000 08:01 14684895                   /lib/x86_64-linux-gnu/librt-2.27.so
7f43a52e3000-7f43a52fa000 r-xp 00000000 08:01 14684791                   /lib/x86_64-linux-gnu/libgcc_s.so.1
7f43a52fa000-7f43a54f9000 ---p 00017000 08:01 14684791                   /lib/x86_64-linux-gnu/libgcc_s.so.1
7f43a54f9000-7f43a54fa000 r--p 00016000 08:01 14684791                   /lib/x86_64-linux-gnu/libgcc_s.so.1
7f43a54fa000-7f43a54fb000 rw-p 00017000 08:01 14684791                   /lib/x86_64-linux-gnu/libgcc_s.so.1
7f43a54fb000-7f43a5698000 r-xp 00000000 08:01 14684817                   /lib/x86_64-linux-gnu/libm-2.27.so
7f43a5698000-7f43a5897000 ---p 0019d000 08:01 14684817                   /lib/x86_64-linux-gnu/libm-2.27.so
7f43a5897000-7f43a5898000 r--p 0019c000 08:01 14684817                   /lib/x86_64-linux-gnu/libm-2.27.so
7f43a5898000-7f43a5899000 rw-p 0019d000 08:01 14684817                   /lib/x86_64-linux-gnu/libm-2.27.so
7f43a5899000-7f43a5a12000 r-xp 00000000 08:01 23601225                   /usr/lib/x86_64-linux-gnu/libstdc++.so.6.0.25
7f43a5a12000-7f43a5c12000 ---p 00179000 08:01 23601225                   /usr/lib/x86_64-linux-gnu/libstdc++.so.6.0.25
7f43a5c12000-7f43a5c1c000 r--p 00179000 08:01 23601225                   /usr/lib/x86_64-linux-gnu/libstdc++.so.6.0.25
7f43a5c1c000-7f43a5c1e000 rw-p 00183000 08:01 23601225                   /usr/lib/x86_64-linux-gnu/libstdc++.so.6.0.25
7f43a5c1e000-7f43a5c22000 rw-p 00000000 00:00 0 
7f43a5c22000-7f43a6bbf000 r-xp 00000000 08:01 23598523                   /usr/lib/jvm/java-11-openjdk-amd64/lib/server/libjvm.so
7f43a6bbf000-7f43a6dbf000 ---p 00f9d000 08:01 23598523                   /usr/lib/jvm/java-11-openjdk-amd64/lib/server/libjvm.so
7f43a6dbf000-7f43a6e83000 r--p 00f9d000 08:01 23598523                   /usr/lib/jvm/java-11-openjdk-amd64/lib/server/libjvm.so
7f43a6e83000-7f43a6ebb000 rw-p 01061000 08:01 23598523                   /usr/lib/jvm/java-11-openjdk-amd64/lib/server/libjvm.so
7f43a6ebb000-7f43a6f04000 rw-p 00000000 00:00 0 
7f43a6f04000-7f43a6f1e000 r-xp 00000000 08:01 14684887                   /lib/x86_64-linux-gnu/libpthread-2.27.so
7f43a6f1e000-7f43a711d000 ---p 0001a000 08:01 14684887                   /lib/x86_64-linux-gnu/libpthread-2.27.so
7f43a711d000-7f43a711e000 r--p 00019000 08:01 14684887                   /lib/x86_64-linux-gnu/libpthread-2.27.so
7f43a711e000-7f43a711f000 rw-p 0001a000 08:01 14684887                   /lib/x86_64-linux-gnu/libpthread-2.27.so
7f43a711f000-7f43a7123000 rw-p 00000000 00:00 0 
7f43a7123000-7f43a7126000 r-xp 00000000 08:01 14684777                   /lib/x86_64-linux-gnu/libdl-2.27.so
7f43a7126000-7f43a7325000 ---p 00003000 08:01 14684777                   /lib/x86_64-linux-gnu/libdl-2.27.so
7f43a7325000-7f43a7326000 r--p 00002000 08:01 14684777                   /lib/x86_64-linux-gnu/libdl-2.27.so
7f43a7326000-7f43a7327000 rw-p 00003000 08:01 14684777                   /lib/x86_64-linux-gnu/libdl-2.27.so
7f43a7327000-7f43a7343000 r-xp 00000000 08:01 14684928                   /lib/x86_64-linux-gnu/libz.so.1.2.11
7f43a7343000-7f43a7542000 ---p 0001c000 08:01 14684928                   /lib/x86_64-linux-gnu/libz.so.1.2.11
7f43a7542000-7f43a7543000 r--p 0001b000 08:01 14684928                   /lib/x86_64-linux-gnu/libz.so.1.2.11
7f43a7543000-7f43a7544000 rw-p 0001c000 08:01 14684928                   /lib/x86_64-linux-gnu/libz.so.1.2.11
7f43a7544000-7f43a772b000 r-xp 00000000 08:01 14684754                   /lib/x86_64-linux-gnu/libc-2.27.so
7f43a772b000-7f43a792b000 ---p 001e7000 08:01 14684754                   /lib/x86_64-linux-gnu/libc-2.27.so
7f43a792b000-7f43a792f000 r--p 001e7000 08:01 14684754                   /lib/x86_64-linux-gnu/libc-2.27.so
7f43a792f000-7f43a7931000 rw-p 001eb000 08:01 14684754                   /lib/x86_64-linux-gnu/libc-2.27.so
7f43a7931000-7f43a7935000 rw-p 00000000 00:00 0 
7f43a7935000-7f43a7944000 r-xp 00000000 08:01 23598516                   /usr/lib/jvm/java-11-openjdk-amd64/lib/jli/libjli.so
7f43a7944000-7f43a7b43000 ---p 0000f000 08:01 23598516                   /usr/lib/jvm/java-11-openjdk-amd64/lib/jli/libjli.so
7f43a7b43000-7f43a7b44000 r--p 0000e000 08:01 23598516                   /usr/lib/jvm/java-11-openjdk-amd64/lib/jli/libjli.so
7f43a7b44000-7f43a7b45000 rw-p 0000f000 08:01 23598516                   /usr/lib/jvm/java-11-openjdk-amd64/lib/jli/libjli.so
7f43a7b45000-7f43a7b6c000 r-xp 00000000 08:01 14684726                   /lib/x86_64-linux-gnu/ld-2.27.so
7f43a7b91000-7f43a7c4f000 rw-p 00000000 00:00 0 
7f43a7c4f000-7f43a7c53000 ---p 00000000 00:00 0 
7f43a7c53000-7f43a7d59000 rw-p 00000000 00:00 0 
7f43a7d59000-7f43a7d60000 ---p 00000000 00:00 0 
7f43a7d60000-7f43a7d68000 rw-s 00000000 08:01 28966961                   /tmp/hsperfdata_pc/4774
7f43a7d68000-7f43a7d69000 ---p 00000000 00:00 0 
7f43a7d69000-7f43a7d6a000 r--p 00000000 00:00 0 
7f43a7d6a000-7f43a7d6c000 rw-p 00000000 00:00 0 
7f43a7d6c000-7f43a7d6d000 r--p 00027000 08:01 14684726                   /lib/x86_64-linux-gnu/ld-2.27.so
7f43a7d6d000-7f43a7d6e000 rw-p 00028000 08:01 14684726                   /lib/x86_64-linux-gnu/ld-2.27.so
7f43a7d6e000-7f43a7d6f000 rw-p 00000000 00:00 0 
7ffc9adb0000-7ffc9add2000 rw-p 00000000 00:00 0                          [stack]
7ffc9ade6000-7ffc9ade9000 r--p 00000000 00:00 0                          [vvar]
7ffc9ade9000-7ffc9adeb000 r-xp 00000000 00:00 0                          [vdso]
ffffffffff600000-ffffffffff601000 r-xp 00000000 00:00 0                  [vsyscall]


VM Arguments:
jvm_args: -Djava.library.path=/home/pc/Downloads/webots/lib/java 
java_command: SensorController
java_class_path (initial): /home/pc/Downloads/webots/lib/java/Controller.jar:/home/pc/Dokumente/my_project/controllers/SensorController/
Launcher Type: SUN_STANDARD

Logging:
Log output configuration:
#0: stdout all=warning uptime,level,tags
#1: stderr all=off uptime,level,tags

Environment Variables:
PATH=/usr/local/sbin:/usr/local/bin:/usr/sbin:/usr/bin:/sbin:/bin:/usr/games:/usr/local/games
LD_LIBRARY_PATH=/home/pc/Downloads/webots/projects/default/libraries/vehicle:/home/pc/Downloads/webots/projects/default/libraries/ros:/home/pc/Downloads/webots/resources/projects/libraries/qt_utils:/home/pc/Dokumente/my_project/controllers/SensorController/:/home/pc/Downloads/webots/lib/:/tmp/webots-4666/lib:
SHELL=/bin/bash
DISPLAY=:0

Signal Handlers:
SIGSEGV: [libjvm.so+0xd28b70], sa_mask[0]=11111111011111111101111111111110, sa_flags=SA_RESTART|SA_SIGINFO
SIGBUS: [libjvm.so+0xd28b70], sa_mask[0]=11111111011111111101111111111110, sa_flags=SA_RESTART|SA_SIGINFO
SIGFPE: [libjvm.so+0xd28b70], sa_mask[0]=11111111011111111101111111111110, sa_flags=SA_RESTART|SA_SIGINFO
SIGPIPE: [libjvm.so+0xb2a1f0], sa_mask[0]=11111111011111111101111111111110, sa_flags=SA_RESTART|SA_SIGINFO
SIGXFSZ: [libjvm.so+0xb2a1f0], sa_mask[0]=11111111011111111101111111111110, sa_flags=SA_RESTART|SA_SIGINFO
SIGILL: [libjvm.so+0xd28b70], sa_mask[0]=11111111011111111101111111111110, sa_flags=SA_RESTART|SA_SIGINFO
SIGUSR2: [libjvm.so+0xb2a030], sa_mask[0]=00000000000000000000000000000000, sa_flags=SA_RESTART|SA_SIGINFO
SIGHUP: [libjvm.so+0xb2a180], sa_mask[0]=11111111011111111101111111111110, sa_flags=SA_RESTART|SA_SIGINFO
SIGINT: [libjvm.so+0xb2a180], sa_mask[0]=11111111011111111101111111111110, sa_flags=SA_RESTART|SA_SIGINFO
SIGTERM: [libjvm.so+0xb2a180], sa_mask[0]=11111111011111111101111111111110, sa_flags=SA_RESTART|SA_SIGINFO
SIGQUIT: [libjvm.so+0xb2a180], sa_mask[0]=11111111011111111101111111111110, sa_flags=SA_RESTART|SA_SIGINFO


---------------  S Y S T E M  ---------------

OS:DISTRIB_ID=LinuxMint
DISTRIB_RELEASE=19.1
DISTRIB_CODENAME=tessa
DISTRIB_DESCRIPTION="Linux Mint 19.1 Tessa"
uname:Linux 4.15.0-20-generic #21-Ubuntu SMP Tue Apr 24 06:16:15 UTC 2018 x86_64
libc:glibc 2.27 NPTL 2.27 
rlimit: STACK 8192k, CORE 0k, NPROC 31207, NOFILE 4096, AS infinity, DATA infinity, FSIZE infinity
load average:1.12 1.19 1.01

/proc/meminfo:
MemTotal:        8051996 kB
MemFree:         4744148 kB
MemAvailable:    5836552 kB
Buffers:          107040 kB
Cached:          1929100 kB
SwapCached:            0 kB
Active:          1643980 kB
Inactive:        1428776 kB
Active(anon):    1037884 kB
Inactive(anon):   771724 kB
Active(file):     606096 kB
Inactive(file):   657052 kB
Unevictable:          32 kB
Mlocked:              32 kB
SwapTotal:       2097148 kB
SwapFree:        2097148 kB
Dirty:               592 kB
Writeback:             0 kB
AnonPages:       1036768 kB
Mapped:           534164 kB
Shmem:            772996 kB
Slab:             141588 kB
SReclaimable:      96984 kB
SUnreclaim:        44604 kB
KernelStack:       10188 kB
PageTables:        34316 kB
NFS_Unstable:          0 kB
Bounce:                0 kB
WritebackTmp:          0 kB
CommitLimit:     6123144 kB
Committed_AS:    5057556 kB
VmallocTotal:   34359738367 kB
VmallocUsed:           0 kB
VmallocChunk:          0 kB
HardwareCorrupted:     0 kB
AnonHugePages:         0 kB
ShmemHugePages:        0 kB
ShmemPmdMapped:        0 kB
CmaTotal:              0 kB
CmaFree:               0 kB
HugePages_Total:       0
HugePages_Free:        0
HugePages_Rsvd:        0
HugePages_Surp:        0
Hugepagesize:       2048 kB
DirectMap4k:      166848 kB
DirectMap2M:     8105984 kB

container (cgroup) information:
container_type: cgroupv1
cpu_cpuset_cpus: 0-7
cpu_memory_nodes: 0
active_processor_count: 8
cpu_quota: -1
cpu_period: 100000
cpu_shares: -1
memory_limit_in_bytes: -1
memory_and_swap_limit_in_bytes: -2
memory_soft_limit_in_bytes: -1
memory_usage_in_bytes: 3147223040
memory_max_usage_in_bytes: 0


CPU:total 8 (initial active 8) (4 cores per cpu, 2 threads per core) family 6 model 58 stepping 9, cmov, cx8, fxsr, mmx, sse, sse2, sse3, ssse3, sse4.1, sse4.2, popcnt, avx, aes, clmul, erms, ht, tsc, tscinvbit, tscinv
CPU Model and flags from /proc/cpuinfo:
model name	: Intel(R) Core(TM) i7-3770 CPU @ 3.40GHz
flags		: fpu vme de pse tsc msr pae mce cx8 apic sep mtrr pge mca cmov pat pse36 clflush dts acpi mmx fxsr sse sse2 ss ht tm pbe syscall nx rdtscp lm constant_tsc arch_perfmon pebs bts rep_good nopl xtopology nonstop_tsc cpuid aperfmperf pni pclmulqdq dtes64 monitor ds_cpl vmx smx est tm2 ssse3 cx16 xtpr pdcm pcid sse4_1 sse4_2 x2apic popcnt tsc_deadline_timer aes xsave avx f16c rdrand lahf_lm cpuid_fault epb pti tpr_shadow vnmi flexpriority ept vpid fsgsbase smep erms xsaveopt dtherm ida arat pln pts

Memory: 4k page, physical 8051996k(4744148k free), swap 2097148k(2097148k free)

vm_info: OpenJDK 64-Bit Server VM (10.0.2+13-Ubuntu-1ubuntu0.18.04.4) for linux-amd64 JRE (10.0.2+13-Ubuntu-1ubuntu0.18.04.4), built on Nov 13 2018 12:53:39 by "buildd" with gcc 7.3.0

END.
