#
# A fatal error has been detected by the Java Runtime Environment:
#
#  SIGSEGV (0xb) at pc=0x00007f2c699e3b32, pid=3542, tid=3543
#
# JRE version: OpenJDK Runtime Environment (10.0.2+13) (build 10.0.2+13-Ubuntu-1ubuntu0.18.04.4)
# Java VM: OpenJDK 64-Bit Server VM (10.0.2+13-Ubuntu-1ubuntu0.18.04.4, mixed mode, tiered, compressed oops, g1 gc, linux-amd64)
# Problematic frame:
# C  [libController.so+0x1bb32]  wbu_motion_new+0x5d2
#
# Core dump will be written. Default location: Core dumps may be processed with "/usr/share/apport/apport %p %s %c %d %P" (or dumping to /home/pc/Dokumente/my_project/controllers/SensorController/core.3542)
#
# If you would like to submit a bug report, please visit:
#   http://bugreport.java.com/bugreport/crash.jsp
# The crash happened outside the Java Virtual Machine in native code.
# See problematic frame for where to report the bug.
#

---------------  S U M M A R Y ------------

Command Line: -Djava.library.path=/home/pc/Downloads/webots/lib/java SensorController

Host: Intel(R) Core(TM) i7-3770 CPU @ 3.40GHz, 8 cores, 7G, Linux Mint 19.1 Tessa
Time: Tue Jun 18 11:47:02 2019 CEST elapsed time: 0 seconds (0d 0h 0m 0s)

---------------  T H R E A D  ---------------

Current thread (0x00007f2cc8012000):  JavaThread "main" [_thread_in_native, id=3543, stack(0x00007f2cd0da9000,0x00007f2cd0eaa000)]

Stack: [0x00007f2cd0da9000,0x00007f2cd0eaa000],  sp=0x00007f2cd0ea76f0,  free space=1017k
Native frames: (J=compiled Java code, A=aot compiled Java code, j=interpreted, Vv=VM code, C=native code)
C  [libController.so+0x1bb32]  wbu_motion_new+0x5d2
C  [libCppController.so+0x28c7a]  webots::Motion::Motion(std::__cxx11::basic_string<char, std::char_traits<char>, std::allocator<char> > const&)+0x36
C  [libJavaController.so+0x27c5d]  Java_com_cyberbotics_webots_controller_wrapperJNI_new_1Motion+0x10a
j  com.cyberbotics.webots.controller.wrapperJNI.new_Motion(Ljava/lang/String;)J+0
j  com.cyberbotics.webots.controller.Motion.<init>(Ljava/lang/String;)V+2
j  SensorController.loadMotionFiles()V+180
j  SensorController.main([Ljava/lang/String;)V+22
v  ~StubRoutines::call_stub
V  [libjvm.so+0x83d38f]
V  [libjvm.so+0x85c3cd]
V  [libjvm.so+0x85e60e]
C  [libjli.so+0x4aa0]
C  [libjli.so+0x89dd]
C  [libpthread.so.0+0x76db]  start_thread+0xdb

Java frames: (J=compiled Java code, j=interpreted, Vv=VM code)
j  com.cyberbotics.webots.controller.wrapperJNI.new_Motion(Ljava/lang/String;)J+0
j  com.cyberbotics.webots.controller.Motion.<init>(Ljava/lang/String;)V+2
j  SensorController.loadMotionFiles()V+180
j  SensorController.main([Ljava/lang/String;)V+22
v  ~StubRoutines::call_stub

siginfo: si_signo: 11 (SIGSEGV), si_code: 1 (SEGV_MAPERR), si_addr: 0x0000000000000000

Register to memory mapping:

RAX=0x0000000000000000 is an unknown value
RBX=0x00007f2cc824b4c0 is an unknown value
RCX=0x0000000000000000 is an unknown value
RDX=0x00007f2cd0a8ba68: <offset 0x00000000003eda68> in /lib/x86_64-linux-gnu/libc.so.6 at 0x00007f2cd069e000
RSP=0x00007f2cd0ea76f0 is pointing into the stack for thread: 0x00007f2cc8012000
RBP=0x00007f2cd0ea8770 is pointing into the stack for thread: 0x00007f2cc8012000
RSI=0x00007f2c69a00fc3: <offset 0x0000000000038fc3> in /home/pc/Downloads/webots/lib/libController.so at 0x00007f2c699c8000
RDI=0x0000000000000000 is an unknown value
R8 =0x0000000000000001 is an unknown value
R9 =0x0000000000000000 is an unknown value
R10=0x001d7a98ea4db9f8 is an unknown value
R11=0x00007f2c69a00fde: <offset 0x0000000000038fde> in /home/pc/Downloads/webots/lib/libController.so at 0x00007f2c699c8000
R12=0x0000000000000120 is an unknown value
R13=0x0000000000000090 is an unknown value
R14=0x0000000000000058 is an unknown value
R15=0x000000000000000b is an unknown value


Registers:
RAX=0x0000000000000000, RBX=0x00007f2cc824b4c0, RCX=0x0000000000000000, RDX=0x00007f2cd0a8ba68
RSP=0x00007f2cd0ea76f0, RBP=0x00007f2cd0ea8770, RSI=0x00007f2c69a00fc3, RDI=0x0000000000000000
R8 =0x0000000000000001, R9 =0x0000000000000000, R10=0x001d7a98ea4db9f8, R11=0x00007f2c69a00fde
R12=0x0000000000000120, R13=0x0000000000000090, R14=0x0000000000000058, R15=0x000000000000000b
RIP=0x00007f2c699e3b32, EFLAGS=0x0000000000010246, CSGSFS=0x002b000000000033, ERR=0x0000000000000004
  TRAPNO=0x000000000000000e

Top of Stack: (sp=0x00007f2cd0ea76f0)
0x00007f2cd0ea76f0:   30363a33303a3030 373365736f500030
0x00007f2cd0ea7700:   32353536342e3100 333333312e302d00
0x00007f2cd0ea7710:   3100300030003833 300031313830342e
0x00007f2cd0ea7720:   003633353233322e 00383338302e302d 

Instructions: (pc=0x00007f2c699e3b32)
0x00007f2c699e3b12:   08 4a 03 0c 22 48 89 ca e8 f1 21 ff ff 44 3b 3b
0x00007f2c699e3b22:   7d 3c 48 8d 35 98 d4 01 00 31 ff e8 5e 26 ff ff
0x00007f2c699e3b32:   80 38 2a 75 c1 80 78 01 00 75 bb 48 8b 43 30 f2
0x00007f2c699e3b42:   0f 10 05 07 db 01 00 41 83 c7 01 4a 8b 04 20 f2 


---------------  P R O C E S S  ---------------

Threads class SMR info:
_java_thread_list=0x00007f2cc81f49f0, length=11, elements={
0x00007f2cc8012000, 0x00007f2cc8142800, 0x00007f2cc8144800, 0x00007f2cc814e000,
0x00007f2cc8158800, 0x00007f2cc815a800, 0x00007f2cc815c800, 0x00007f2cc815e000,
0x00007f2cc8160000, 0x00007f2cc81d4800, 0x00007f2cc81f5800
}

Java Threads: ( => current thread )
=>0x00007f2cc8012000 JavaThread "main" [_thread_in_native, id=3543, stack(0x00007f2cd0da9000,0x00007f2cd0eaa000)]
  0x00007f2cc8142800 JavaThread "Reference Handler" daemon [_thread_blocked, id=3565, stack(0x00007f2c6b1f5000,0x00007f2c6b2f6000)]
  0x00007f2cc8144800 JavaThread "Finalizer" daemon [_thread_blocked, id=3566, stack(0x00007f2c6b0f4000,0x00007f2c6b1f5000)]
  0x00007f2cc814e000 JavaThread "Signal Dispatcher" daemon [_thread_blocked, id=3567, stack(0x00007f2c6acc3000,0x00007f2c6adc4000)]
  0x00007f2cc8158800 JavaThread "C2 CompilerThread0" daemon [_thread_blocked, id=3568, stack(0x00007f2c6abc2000,0x00007f2c6acc3000)]
  0x00007f2cc815a800 JavaThread "C2 CompilerThread1" daemon [_thread_blocked, id=3569, stack(0x00007f2c6aac1000,0x00007f2c6abc2000)]
  0x00007f2cc815c800 JavaThread "C2 CompilerThread2" daemon [_thread_blocked, id=3570, stack(0x00007f2c6a9c0000,0x00007f2c6aac1000)]
  0x00007f2cc815e000 JavaThread "C1 CompilerThread3" daemon [_thread_blocked, id=3571, stack(0x00007f2c6a8bf000,0x00007f2c6a9c0000)]
  0x00007f2cc8160000 JavaThread "Sweeper thread" daemon [_thread_blocked, id=3572, stack(0x00007f2c6a7be000,0x00007f2c6a8bf000)]
  0x00007f2cc81d4800 JavaThread "Service Thread" daemon [_thread_blocked, id=3573, stack(0x00007f2c6a6bd000,0x00007f2c6a7be000)]
  0x00007f2cc81f5800 JavaThread "Common-Cleaner" daemon [_thread_blocked, id=3575, stack(0x00007f2c6a4ba000,0x00007f2c6a5bb000)]

Other Threads:
  0x00007f2cc8139000 VMThread "VM Thread" [stack: 0x00007f2c6b2f8000,0x00007f2c6b3f8000] [id=3564]
  0x00007f2cc81d6800 WatcherThread [stack: 0x00007f2c6a5bd000,0x00007f2c6a6bd000] [id=3574]
  0x00007f2cc8028800 GCTaskThread "GC Thread#0" [stack: 0x00007f2ccced2000,0x00007f2cccfd2000] [id=3544]
  0x00007f2cc802a000 GCTaskThread "GC Thread#1" [stack: 0x00007f2cccdd0000,0x00007f2ccced0000] [id=3545]
  0x00007f2cc802c000 GCTaskThread "GC Thread#2" [stack: 0x00007f2ccccce000,0x00007f2cccdce000] [id=3546]
  0x00007f2cc802d800 GCTaskThread "GC Thread#3" [stack: 0x00007f2cccbcc000,0x00007f2cccccc000] [id=3547]
  0x00007f2cc802f000 GCTaskThread "GC Thread#4" [stack: 0x00007f2cccaca000,0x00007f2cccbca000] [id=3548]
  0x00007f2cc8031000 GCTaskThread "GC Thread#5" [stack: 0x00007f2ccc9c8000,0x00007f2cccac8000] [id=3549]
  0x00007f2cc8032800 GCTaskThread "GC Thread#6" [stack: 0x00007f2ccc8c6000,0x00007f2ccc9c6000] [id=3550]
  0x00007f2cc8034800 GCTaskThread "GC Thread#7" [stack: 0x00007f2ccc7c4000,0x00007f2ccc8c4000] [id=3551]
  0x00007f2cc805d800 ConcurrentGCThread "G1 Main Marker" [stack: 0x00007f2cacee7000,0x00007f2cacfe7000] [id=3552]
  0x00007f2cc805f800 ConcurrentGCThread "G1 Conc#0" [stack: 0x00007f2cacde5000,0x00007f2cacee5000] [id=3553]
  0x00007f2cc8061000 ConcurrentGCThread "G1 Conc#1" [stack: 0x00007f2cacce3000,0x00007f2cacde3000] [id=3554]
  0x00007f2cc80c9800 ConcurrentGCThread "G1 Refine#0" [stack: 0x00007f2cac3d9000,0x00007f2cac4d9000] [id=3555]
  0x00007f2cc80cb800 ConcurrentGCThread "G1 Refine#1" [stack: 0x00007f2cac2d7000,0x00007f2cac3d7000] [id=3556]
  0x00007f2cc80cd000 ConcurrentGCThread "G1 Refine#2" [stack: 0x00007f2cac1d5000,0x00007f2cac2d5000] [id=3557]
  0x00007f2cc80cf000 ConcurrentGCThread "G1 Refine#3" [stack: 0x00007f2cac0d3000,0x00007f2cac1d3000] [id=3558]
  0x00007f2cc80d0800 ConcurrentGCThread "G1 Refine#4" [stack: 0x00007f2c8c048000,0x00007f2c8c148000] [id=3559]
  0x00007f2cc80d2800 ConcurrentGCThread "G1 Refine#5" [stack: 0x00007f2c6bf00000,0x00007f2c6c000000] [id=3560]
  0x00007f2cc80d4000 ConcurrentGCThread "G1 Refine#6" [stack: 0x00007f2c6bdfe000,0x00007f2c6befe000] [id=3561]
  0x00007f2cc80d6000 ConcurrentGCThread "G1 Refine#7" [stack: 0x00007f2c6bcfc000,0x00007f2c6bdfc000] [id=3562]
  0x00007f2cc80d7800 ConcurrentGCThread "G1 Young RemSet Sampling" [stack: 0x00007f2c6bbfa000,0x00007f2c6bcfa000] [id=3563]

Threads with active compile tasks:

VM state:not at safepoint (normal execution)

VM Mutex/Monitor currently owned by a thread: None

Heap address: 0x0000000085200000, size: 1966 MB, Compressed Oops mode: 32-bit
Narrow klass base: 0x0000000000000000, Narrow klass shift: 3
Compressed class space size: 1073741824 Address: 0x0000000100000000

Heap:
 garbage-first heap   total 126976K, used 1024K [0x0000000085200000, 0x0000000100000000)
  region size 1024K, 2 young (2048K), 0 survivors (0K)
 Metaspace       used 4857K, capacity 4990K, committed 5120K, reserved 1056768K
  class space    used 398K, capacity 430K, committed 512K, reserved 1048576K
Heap Regions: E=young(eden), S=young(survivor), O=old, HS=humongous(starts), HC=humongous(continues), CS=collection set, F=free, A=archive, TS=gc time stamp, AC=allocation context, TAMS=top-at-mark-start (previous, next)
|   0|0x0000000085200000, 0x0000000085200000, 0x0000000085300000|  0%| F|  |TS  0|AC  0|TAMS 0x0000000085200000, 0x0000000085200000|
|   1|0x0000000085300000, 0x0000000085300000, 0x0000000085400000|  0%| F|  |TS  0|AC  0|TAMS 0x0000000085300000, 0x0000000085300000|
|   2|0x0000000085400000, 0x0000000085400000, 0x0000000085500000|  0%| F|  |TS  0|AC  0|TAMS 0x0000000085400000, 0x0000000085400000|
|   3|0x0000000085500000, 0x0000000085500000, 0x0000000085600000|  0%| F|  |TS  0|AC  0|TAMS 0x0000000085500000, 0x0000000085500000|
|   4|0x0000000085600000, 0x0000000085600000, 0x0000000085700000|  0%| F|  |TS  0|AC  0|TAMS 0x0000000085600000, 0x0000000085600000|
|   5|0x0000000085700000, 0x0000000085700000, 0x0000000085800000|  0%| F|  |TS  0|AC  0|TAMS 0x0000000085700000, 0x0000000085700000|
|   6|0x0000000085800000, 0x0000000085800000, 0x0000000085900000|  0%| F|  |TS  0|AC  0|TAMS 0x0000000085800000, 0x0000000085800000|
|   7|0x0000000085900000, 0x0000000085900000, 0x0000000085a00000|  0%| F|  |TS  0|AC  0|TAMS 0x0000000085900000, 0x0000000085900000|
|   8|0x0000000085a00000, 0x0000000085a00000, 0x0000000085b00000|  0%| F|  |TS  0|AC  0|TAMS 0x0000000085a00000, 0x0000000085a00000|
|   9|0x0000000085b00000, 0x0000000085b00000, 0x0000000085c00000|  0%| F|  |TS  0|AC  0|TAMS 0x0000000085b00000, 0x0000000085b00000|
|  10|0x0000000085c00000, 0x0000000085c00000, 0x0000000085d00000|  0%| F|  |TS  0|AC  0|TAMS 0x0000000085c00000, 0x0000000085c00000|
|  11|0x0000000085d00000, 0x0000000085d00000, 0x0000000085e00000|  0%| F|  |TS  0|AC  0|TAMS 0x0000000085d00000, 0x0000000085d00000|
|  12|0x0000000085e00000, 0x0000000085e00000, 0x0000000085f00000|  0%| F|  |TS  0|AC  0|TAMS 0x0000000085e00000, 0x0000000085e00000|
|  13|0x0000000085f00000, 0x0000000085f00000, 0x0000000086000000|  0%| F|  |TS  0|AC  0|TAMS 0x0000000085f00000, 0x0000000085f00000|
|  14|0x0000000086000000, 0x0000000086000000, 0x0000000086100000|  0%| F|  |TS  0|AC  0|TAMS 0x0000000086000000, 0x0000000086000000|
|  15|0x0000000086100000, 0x0000000086100000, 0x0000000086200000|  0%| F|  |TS  0|AC  0|TAMS 0x0000000086100000, 0x0000000086100000|
|  16|0x0000000086200000, 0x0000000086200000, 0x0000000086300000|  0%| F|  |TS  0|AC  0|TAMS 0x0000000086200000, 0x0000000086200000|
|  17|0x0000000086300000, 0x0000000086300000, 0x0000000086400000|  0%| F|  |TS  0|AC  0|TAMS 0x0000000086300000, 0x0000000086300000|
|  18|0x0000000086400000, 0x0000000086400000, 0x0000000086500000|  0%| F|  |TS  0|AC  0|TAMS 0x0000000086400000, 0x0000000086400000|
|  19|0x0000000086500000, 0x0000000086500000, 0x0000000086600000|  0%| F|  |TS  0|AC  0|TAMS 0x0000000086500000, 0x0000000086500000|
|  20|0x0000000086600000, 0x0000000086600000, 0x0000000086700000|  0%| F|  |TS  0|AC  0|TAMS 0x0000000086600000, 0x0000000086600000|
|  21|0x0000000086700000, 0x0000000086700000, 0x0000000086800000|  0%| F|  |TS  0|AC  0|TAMS 0x0000000086700000, 0x0000000086700000|
|  22|0x0000000086800000, 0x0000000086800000, 0x0000000086900000|  0%| F|  |TS  0|AC  0|TAMS 0x0000000086800000, 0x0000000086800000|
|  23|0x0000000086900000, 0x0000000086900000, 0x0000000086a00000|  0%| F|  |TS  0|AC  0|TAMS 0x0000000086900000, 0x0000000086900000|
|  24|0x0000000086a00000, 0x0000000086a00000, 0x0000000086b00000|  0%| F|  |TS  0|AC  0|TAMS 0x0000000086a00000, 0x0000000086a00000|
|  25|0x0000000086b00000, 0x0000000086b00000, 0x0000000086c00000|  0%| F|  |TS  0|AC  0|TAMS 0x0000000086b00000, 0x0000000086b00000|
|  26|0x0000000086c00000, 0x0000000086c00000, 0x0000000086d00000|  0%| F|  |TS  0|AC  0|TAMS 0x0000000086c00000, 0x0000000086c00000|
|  27|0x0000000086d00000, 0x0000000086d00000, 0x0000000086e00000|  0%| F|  |TS  0|AC  0|TAMS 0x0000000086d00000, 0x0000000086d00000|
|  28|0x0000000086e00000, 0x0000000086e00000, 0x0000000086f00000|  0%| F|  |TS  0|AC  0|TAMS 0x0000000086e00000, 0x0000000086e00000|
|  29|0x0000000086f00000, 0x0000000086f00000, 0x0000000087000000|  0%| F|  |TS  0|AC  0|TAMS 0x0000000086f00000, 0x0000000086f00000|
|  30|0x0000000087000000, 0x0000000087000000, 0x0000000087100000|  0%| F|  |TS  0|AC  0|TAMS 0x0000000087000000, 0x0000000087000000|
|  31|0x0000000087100000, 0x0000000087100000, 0x0000000087200000|  0%| F|  |TS  0|AC  0|TAMS 0x0000000087100000, 0x0000000087100000|
|  32|0x0000000087200000, 0x0000000087200000, 0x0000000087300000|  0%| F|  |TS  0|AC  0|TAMS 0x0000000087200000, 0x0000000087200000|
|  33|0x0000000087300000, 0x0000000087300000, 0x0000000087400000|  0%| F|  |TS  0|AC  0|TAMS 0x0000000087300000, 0x0000000087300000|
|  34|0x0000000087400000, 0x0000000087400000, 0x0000000087500000|  0%| F|  |TS  0|AC  0|TAMS 0x0000000087400000, 0x0000000087400000|
|  35|0x0000000087500000, 0x0000000087500000, 0x0000000087600000|  0%| F|  |TS  0|AC  0|TAMS 0x0000000087500000, 0x0000000087500000|
|  36|0x0000000087600000, 0x0000000087600000, 0x0000000087700000|  0%| F|  |TS  0|AC  0|TAMS 0x0000000087600000, 0x0000000087600000|
|  37|0x0000000087700000, 0x0000000087700000, 0x0000000087800000|  0%| F|  |TS  0|AC  0|TAMS 0x0000000087700000, 0x0000000087700000|
|  38|0x0000000087800000, 0x0000000087800000, 0x0000000087900000|  0%| F|  |TS  0|AC  0|TAMS 0x0000000087800000, 0x0000000087800000|
|  39|0x0000000087900000, 0x0000000087900000, 0x0000000087a00000|  0%| F|  |TS  0|AC  0|TAMS 0x0000000087900000, 0x0000000087900000|
|  40|0x0000000087a00000, 0x0000000087a00000, 0x0000000087b00000|  0%| F|  |TS  0|AC  0|TAMS 0x0000000087a00000, 0x0000000087a00000|
|  41|0x0000000087b00000, 0x0000000087b00000, 0x0000000087c00000|  0%| F|  |TS  0|AC  0|TAMS 0x0000000087b00000, 0x0000000087b00000|
|  42|0x0000000087c00000, 0x0000000087c00000, 0x0000000087d00000|  0%| F|  |TS  0|AC  0|TAMS 0x0000000087c00000, 0x0000000087c00000|
|  43|0x0000000087d00000, 0x0000000087d00000, 0x0000000087e00000|  0%| F|  |TS  0|AC  0|TAMS 0x0000000087d00000, 0x0000000087d00000|
|  44|0x0000000087e00000, 0x0000000087e00000, 0x0000000087f00000|  0%| F|  |TS  0|AC  0|TAMS 0x0000000087e00000, 0x0000000087e00000|
|  45|0x0000000087f00000, 0x0000000087f00000, 0x0000000088000000|  0%| F|  |TS  0|AC  0|TAMS 0x0000000087f00000, 0x0000000087f00000|
|  46|0x0000000088000000, 0x0000000088000000, 0x0000000088100000|  0%| F|  |TS  0|AC  0|TAMS 0x0000000088000000, 0x0000000088000000|
|  47|0x0000000088100000, 0x0000000088100000, 0x0000000088200000|  0%| F|  |TS  0|AC  0|TAMS 0x0000000088100000, 0x0000000088100000|
|  48|0x0000000088200000, 0x0000000088200000, 0x0000000088300000|  0%| F|  |TS  0|AC  0|TAMS 0x0000000088200000, 0x0000000088200000|
|  49|0x0000000088300000, 0x0000000088300000, 0x0000000088400000|  0%| F|  |TS  0|AC  0|TAMS 0x0000000088300000, 0x0000000088300000|
|  50|0x0000000088400000, 0x0000000088400000, 0x0000000088500000|  0%| F|  |TS  0|AC  0|TAMS 0x0000000088400000, 0x0000000088400000|
|  51|0x0000000088500000, 0x0000000088500000, 0x0000000088600000|  0%| F|  |TS  0|AC  0|TAMS 0x0000000088500000, 0x0000000088500000|
|  52|0x0000000088600000, 0x0000000088600000, 0x0000000088700000|  0%| F|  |TS  0|AC  0|TAMS 0x0000000088600000, 0x0000000088600000|
|  53|0x0000000088700000, 0x0000000088700000, 0x0000000088800000|  0%| F|  |TS  0|AC  0|TAMS 0x0000000088700000, 0x0000000088700000|
|  54|0x0000000088800000, 0x0000000088800000, 0x0000000088900000|  0%| F|  |TS  0|AC  0|TAMS 0x0000000088800000, 0x0000000088800000|
|  55|0x0000000088900000, 0x0000000088900000, 0x0000000088a00000|  0%| F|  |TS  0|AC  0|TAMS 0x0000000088900000, 0x0000000088900000|
|  56|0x0000000088a00000, 0x0000000088a00000, 0x0000000088b00000|  0%| F|  |TS  0|AC  0|TAMS 0x0000000088a00000, 0x0000000088a00000|
|  57|0x0000000088b00000, 0x0000000088b00000, 0x0000000088c00000|  0%| F|  |TS  0|AC  0|TAMS 0x0000000088b00000, 0x0000000088b00000|
|  58|0x0000000088c00000, 0x0000000088c00000, 0x0000000088d00000|  0%| F|  |TS  0|AC  0|TAMS 0x0000000088c00000, 0x0000000088c00000|
|  59|0x0000000088d00000, 0x0000000088d00000, 0x0000000088e00000|  0%| F|  |TS  0|AC  0|TAMS 0x0000000088d00000, 0x0000000088d00000|
|  60|0x0000000088e00000, 0x0000000088e00000, 0x0000000088f00000|  0%| F|  |TS  0|AC  0|TAMS 0x0000000088e00000, 0x0000000088e00000|
|  61|0x0000000088f00000, 0x0000000088f00000, 0x0000000089000000|  0%| F|  |TS  0|AC  0|TAMS 0x0000000088f00000, 0x0000000088f00000|
|  62|0x0000000089000000, 0x0000000089000000, 0x0000000089100000|  0%| F|  |TS  0|AC  0|TAMS 0x0000000089000000, 0x0000000089000000|
|  63|0x0000000089100000, 0x0000000089100000, 0x0000000089200000|  0%| F|  |TS  0|AC  0|TAMS 0x0000000089100000, 0x0000000089100000|
|  64|0x0000000089200000, 0x0000000089200000, 0x0000000089300000|  0%| F|  |TS  0|AC  0|TAMS 0x0000000089200000, 0x0000000089200000|
|  65|0x0000000089300000, 0x0000000089300000, 0x0000000089400000|  0%| F|  |TS  0|AC  0|TAMS 0x0000000089300000, 0x0000000089300000|
|  66|0x0000000089400000, 0x0000000089400000, 0x0000000089500000|  0%| F|  |TS  0|AC  0|TAMS 0x0000000089400000, 0x0000000089400000|
|  67|0x0000000089500000, 0x0000000089500000, 0x0000000089600000|  0%| F|  |TS  0|AC  0|TAMS 0x0000000089500000, 0x0000000089500000|
|  68|0x0000000089600000, 0x0000000089600000, 0x0000000089700000|  0%| F|  |TS  0|AC  0|TAMS 0x0000000089600000, 0x0000000089600000|
|  69|0x0000000089700000, 0x0000000089700000, 0x0000000089800000|  0%| F|  |TS  0|AC  0|TAMS 0x0000000089700000, 0x0000000089700000|
|  70|0x0000000089800000, 0x0000000089800000, 0x0000000089900000|  0%| F|  |TS  0|AC  0|TAMS 0x0000000089800000, 0x0000000089800000|
|  71|0x0000000089900000, 0x0000000089900000, 0x0000000089a00000|  0%| F|  |TS  0|AC  0|TAMS 0x0000000089900000, 0x0000000089900000|
|  72|0x0000000089a00000, 0x0000000089a00000, 0x0000000089b00000|  0%| F|  |TS  0|AC  0|TAMS 0x0000000089a00000, 0x0000000089a00000|
|  73|0x0000000089b00000, 0x0000000089b00000, 0x0000000089c00000|  0%| F|  |TS  0|AC  0|TAMS 0x0000000089b00000, 0x0000000089b00000|
|  74|0x0000000089c00000, 0x0000000089c00000, 0x0000000089d00000|  0%| F|  |TS  0|AC  0|TAMS 0x0000000089c00000, 0x0000000089c00000|
|  75|0x0000000089d00000, 0x0000000089d00000, 0x0000000089e00000|  0%| F|  |TS  0|AC  0|TAMS 0x0000000089d00000, 0x0000000089d00000|
|  76|0x0000000089e00000, 0x0000000089e00000, 0x0000000089f00000|  0%| F|  |TS  0|AC  0|TAMS 0x0000000089e00000, 0x0000000089e00000|
|  77|0x0000000089f00000, 0x0000000089f00000, 0x000000008a000000|  0%| F|  |TS  0|AC  0|TAMS 0x0000000089f00000, 0x0000000089f00000|
|  78|0x000000008a000000, 0x000000008a000000, 0x000000008a100000|  0%| F|  |TS  0|AC  0|TAMS 0x000000008a000000, 0x000000008a000000|
|  79|0x000000008a100000, 0x000000008a100000, 0x000000008a200000|  0%| F|  |TS  0|AC  0|TAMS 0x000000008a100000, 0x000000008a100000|
|  80|0x000000008a200000, 0x000000008a200000, 0x000000008a300000|  0%| F|  |TS  0|AC  0|TAMS 0x000000008a200000, 0x000000008a200000|
|  81|0x000000008a300000, 0x000000008a300000, 0x000000008a400000|  0%| F|  |TS  0|AC  0|TAMS 0x000000008a300000, 0x000000008a300000|
|  82|0x000000008a400000, 0x000000008a400000, 0x000000008a500000|  0%| F|  |TS  0|AC  0|TAMS 0x000000008a400000, 0x000000008a400000|
|  83|0x000000008a500000, 0x000000008a500000, 0x000000008a600000|  0%| F|  |TS  0|AC  0|TAMS 0x000000008a500000, 0x000000008a500000|
|  84|0x000000008a600000, 0x000000008a600000, 0x000000008a700000|  0%| F|  |TS  0|AC  0|TAMS 0x000000008a600000, 0x000000008a600000|
|  85|0x000000008a700000, 0x000000008a700000, 0x000000008a800000|  0%| F|  |TS  0|AC  0|TAMS 0x000000008a700000, 0x000000008a700000|
|  86|0x000000008a800000, 0x000000008a800000, 0x000000008a900000|  0%| F|  |TS  0|AC  0|TAMS 0x000000008a800000, 0x000000008a800000|
|  87|0x000000008a900000, 0x000000008a900000, 0x000000008aa00000|  0%| F|  |TS  0|AC  0|TAMS 0x000000008a900000, 0x000000008a900000|
|  88|0x000000008aa00000, 0x000000008aa00000, 0x000000008ab00000|  0%| F|  |TS  0|AC  0|TAMS 0x000000008aa00000, 0x000000008aa00000|
|  89|0x000000008ab00000, 0x000000008ab00000, 0x000000008ac00000|  0%| F|  |TS  0|AC  0|TAMS 0x000000008ab00000, 0x000000008ab00000|
|  90|0x000000008ac00000, 0x000000008ac00000, 0x000000008ad00000|  0%| F|  |TS  0|AC  0|TAMS 0x000000008ac00000, 0x000000008ac00000|
|  91|0x000000008ad00000, 0x000000008ad00000, 0x000000008ae00000|  0%| F|  |TS  0|AC  0|TAMS 0x000000008ad00000, 0x000000008ad00000|
|  92|0x000000008ae00000, 0x000000008ae00000, 0x000000008af00000|  0%| F|  |TS  0|AC  0|TAMS 0x000000008ae00000, 0x000000008ae00000|
|  93|0x000000008af00000, 0x000000008af00000, 0x000000008b000000|  0%| F|  |TS  0|AC  0|TAMS 0x000000008af00000, 0x000000008af00000|
|  94|0x000000008b000000, 0x000000008b000000, 0x000000008b100000|  0%| F|  |TS  0|AC  0|TAMS 0x000000008b000000, 0x000000008b000000|
|  95|0x000000008b100000, 0x000000008b100000, 0x000000008b200000|  0%| F|  |TS  0|AC  0|TAMS 0x000000008b100000, 0x000000008b100000|
|  96|0x000000008b200000, 0x000000008b200000, 0x000000008b300000|  0%| F|  |TS  0|AC  0|TAMS 0x000000008b200000, 0x000000008b200000|
|  97|0x000000008b300000, 0x000000008b300000, 0x000000008b400000|  0%| F|  |TS  0|AC  0|TAMS 0x000000008b300000, 0x000000008b300000|
|  98|0x000000008b400000, 0x000000008b400000, 0x000000008b500000|  0%| F|  |TS  0|AC  0|TAMS 0x000000008b400000, 0x000000008b400000|
|  99|0x000000008b500000, 0x000000008b500000, 0x000000008b600000|  0%| F|  |TS  0|AC  0|TAMS 0x000000008b500000, 0x000000008b500000|
| 100|0x000000008b600000, 0x000000008b600000, 0x000000008b700000|  0%| F|  |TS  0|AC  0|TAMS 0x000000008b600000, 0x000000008b600000|
| 101|0x000000008b700000, 0x000000008b700000, 0x000000008b800000|  0%| F|  |TS  0|AC  0|TAMS 0x000000008b700000, 0x000000008b700000|
| 102|0x000000008b800000, 0x000000008b800000, 0x000000008b900000|  0%| F|  |TS  0|AC  0|TAMS 0x000000008b800000, 0x000000008b800000|
| 103|0x000000008b900000, 0x000000008b900000, 0x000000008ba00000|  0%| F|  |TS  0|AC  0|TAMS 0x000000008b900000, 0x000000008b900000|
| 104|0x000000008ba00000, 0x000000008ba00000, 0x000000008bb00000|  0%| F|  |TS  0|AC  0|TAMS 0x000000008ba00000, 0x000000008ba00000|
| 105|0x000000008bb00000, 0x000000008bb00000, 0x000000008bc00000|  0%| F|  |TS  0|AC  0|TAMS 0x000000008bb00000, 0x000000008bb00000|
| 106|0x000000008bc00000, 0x000000008bc00000, 0x000000008bd00000|  0%| F|  |TS  0|AC  0|TAMS 0x000000008bc00000, 0x000000008bc00000|
| 107|0x000000008bd00000, 0x000000008bd00000, 0x000000008be00000|  0%| F|  |TS  0|AC  0|TAMS 0x000000008bd00000, 0x000000008bd00000|
| 108|0x000000008be00000, 0x000000008be00000, 0x000000008bf00000|  0%| F|  |TS  0|AC  0|TAMS 0x000000008be00000, 0x000000008be00000|
| 109|0x000000008bf00000, 0x000000008bf00000, 0x000000008c000000|  0%| F|  |TS  0|AC  0|TAMS 0x000000008bf00000, 0x000000008bf00000|
| 110|0x000000008c000000, 0x000000008c000000, 0x000000008c100000|  0%| F|  |TS  0|AC  0|TAMS 0x000000008c000000, 0x000000008c000000|
| 111|0x000000008c100000, 0x000000008c100000, 0x000000008c200000|  0%| F|  |TS  0|AC  0|TAMS 0x000000008c100000, 0x000000008c100000|
| 112|0x000000008c200000, 0x000000008c200000, 0x000000008c300000|  0%| F|  |TS  0|AC  0|TAMS 0x000000008c200000, 0x000000008c200000|
| 113|0x000000008c300000, 0x000000008c300000, 0x000000008c400000|  0%| F|  |TS  0|AC  0|TAMS 0x000000008c300000, 0x000000008c300000|
| 114|0x000000008c400000, 0x000000008c400000, 0x000000008c500000|  0%| F|  |TS  0|AC  0|TAMS 0x000000008c400000, 0x000000008c400000|
| 115|0x000000008c500000, 0x000000008c500000, 0x000000008c600000|  0%| F|  |TS  0|AC  0|TAMS 0x000000008c500000, 0x000000008c500000|
| 116|0x000000008c600000, 0x000000008c600000, 0x000000008c700000|  0%| F|  |TS  0|AC  0|TAMS 0x000000008c600000, 0x000000008c600000|
| 117|0x000000008c700000, 0x000000008c700000, 0x000000008c800000|  0%| F|  |TS  0|AC  0|TAMS 0x000000008c700000, 0x000000008c700000|
| 118|0x000000008c800000, 0x000000008c800000, 0x000000008c900000|  0%| F|  |TS  0|AC  0|TAMS 0x000000008c800000, 0x000000008c800000|
| 119|0x000000008c900000, 0x000000008c900000, 0x000000008ca00000|  0%| F|  |TS  0|AC  0|TAMS 0x000000008c900000, 0x000000008c900000|
| 120|0x000000008ca00000, 0x000000008ca00000, 0x000000008cb00000|  0%| F|  |TS  0|AC  0|TAMS 0x000000008ca00000, 0x000000008ca00000|
| 121|0x000000008cb00000, 0x000000008cb00000, 0x000000008cc00000|  0%| F|  |TS  0|AC  0|TAMS 0x000000008cb00000, 0x000000008cb00000|
| 122|0x000000008cc00000, 0x000000008ccf6960, 0x000000008cd00000| 96%| E|  |TS  0|AC  0|TAMS 0x000000008cc00000, 0x000000008cc00000|
| 123|0x000000008cd00000, 0x000000008ce00000, 0x000000008ce00000|100%| E|CS|TS  0|AC  0|TAMS 0x000000008cd00000, 0x000000008cd00000|

Card table byte_map: [0x00007f2caf276000,0x00007f2caf64d000] byte_map_base: 0x00007f2caee4d000

Marking Bits (Prev, Next): (CMBitMap*) 0x00007f2cc805ce80, (CMBitMap*) 0x00007f2cc805ceb8
 Prev Bits: [0x00007f2cacfe7000, 0x00007f2caee9f000)
 Next Bits: [0x00007f2c8e148000, 0x00007f2c90000000)

Polling page: 0x00007f2cd0ec2000

CodeHeap 'non-profiled nmethods': size=120032Kb used=23Kb max_used=23Kb free=120008Kb
 bounds [0x00007f2cb75ed000, 0x00007f2cb785d000, 0x00007f2cbeb25000]
CodeHeap 'profiled nmethods': size=120028Kb used=137Kb max_used=137Kb free=119890Kb
 bounds [0x00007f2cb00b6000, 0x00007f2cb0326000, 0x00007f2cb75ed000]
CodeHeap 'non-nmethods': size=5700Kb used=1017Kb max_used=1028Kb free=4682Kb
 bounds [0x00007f2cafb25000, 0x00007f2cafd95000, 0x00007f2cb00b6000]
 total_blobs=468 nmethods=101 adapters=222
 compilation: enabled

Compilation events (10 events):
Event: 0.113 Thread 0x00007f2cc815e000 nmethod 97 0x00007f2cb00d5690 code [0x00007f2cb00d58c0, 0x00007f2cb00d5e38]
Event: 0.113 Thread 0x00007f2cc815e000   98       3       java.lang.StringLatin1::lastIndexOf (40 bytes)
Event: 0.113 Thread 0x00007f2cc815e000 nmethod 98 0x00007f2cb00d6090 code [0x00007f2cb00d6260, 0x00007f2cb00d6670]
Event: 0.114 Thread 0x00007f2cc815e000   99       3       java.lang.Character::toLowerCase (9 bytes)
Event: 0.114 Thread 0x00007f2cc815e000 nmethod 99 0x00007f2cb00d6810 code [0x00007f2cb00d69e0, 0x00007f2cb00d6c18]
Event: 0.114 Thread 0x00007f2cc815e000  100       3       java.lang.CharacterDataLatin1::toLowerCase (39 bytes)
Event: 0.114 Thread 0x00007f2cc815e000 nmethod 100 0x00007f2cb00d6d10 code [0x00007f2cb00d6ee0, 0x00007f2cb00d7170]
Event: 0.114 Thread 0x00007f2cc815a800  101       4       java.lang.String::isLatin1 (19 bytes)
Event: 0.115 Thread 0x00007f2cc815a800 nmethod 101 0x00007f2cb75f2a10 code [0x00007f2cb75f2ba0, 0x00007f2cb75f2c18]
Event: 0.119 Thread 0x00007f2cc815e000  102       3       java.util.Arrays::copyOfRange (63 bytes)

GC Heap History (0 events):
No events

Deoptimization events (1 events):
Event: 0.065 Thread 0x00007f2cc8012000 Uncommon trap: reason=unstable_if action=reinterpret pc=0x00007f2cb75f1de8 method=java.lang.String.hashCode()I @ 14 c2

Classes redefined (0 events):
No events

Internal exceptions (0 events):
No events

Events (10 events):
Event: 0.112 loading class com/cyberbotics/webots/controller/Mouse
Event: 0.112 loading class com/cyberbotics/webots/controller/Mouse done
Event: 0.113 loading class com/cyberbotics/webots/controller/Camera
Event: 0.113 loading class com/cyberbotics/webots/controller/Camera done
Event: 0.113 loading class com/cyberbotics/webots/controller/Device
Event: 0.113 loading class com/cyberbotics/webots/controller/Device done
Event: 0.113 loading class com/cyberbotics/webots/controller/DistanceSensor
Event: 0.113 loading class com/cyberbotics/webots/controller/DistanceSensor done
Event: 0.114 loading class com/cyberbotics/webots/controller/Motion
Event: 0.114 loading class com/cyberbotics/webots/controller/Motion done


Dynamic libraries:
85200000-8ce00000 rw-p 00000000 00:00 0 
8ce00000-100000000 ---p 00000000 00:00 0 
100000000-100080000 rw-p 00000000 00:00 0 
100080000-140000000 ---p 00000000 00:00 0 
56387e90d000-56387e90e000 r-xp 00000000 08:01 23598097                   /usr/lib/jvm/java-11-openjdk-amd64/bin/java
56387eb0e000-56387eb0f000 r--p 00001000 08:01 23598097                   /usr/lib/jvm/java-11-openjdk-amd64/bin/java
56387eb0f000-56387eb10000 rw-p 00002000 08:01 23598097                   /usr/lib/jvm/java-11-openjdk-amd64/bin/java
56387eff6000-56387f017000 rw-p 00000000 00:00 0                          [heap]
7f2c20000000-7f2c20021000 rw-p 00000000 00:00 0 
7f2c20021000-7f2c24000000 ---p 00000000 00:00 0 
7f2c28000000-7f2c28021000 rw-p 00000000 00:00 0 
7f2c28021000-7f2c2c000000 ---p 00000000 00:00 0 
7f2c2c000000-7f2c2c021000 rw-p 00000000 00:00 0 
7f2c2c021000-7f2c30000000 ---p 00000000 00:00 0 
7f2c30000000-7f2c30076000 rw-p 00000000 00:00 0 
7f2c30076000-7f2c34000000 ---p 00000000 00:00 0 
7f2c34000000-7f2c34021000 rw-p 00000000 00:00 0 
7f2c34021000-7f2c38000000 ---p 00000000 00:00 0 
7f2c38000000-7f2c38021000 rw-p 00000000 00:00 0 
7f2c38021000-7f2c3c000000 ---p 00000000 00:00 0 
7f2c3c000000-7f2c3c021000 rw-p 00000000 00:00 0 
7f2c3c021000-7f2c40000000 ---p 00000000 00:00 0 
7f2c40000000-7f2c40021000 rw-p 00000000 00:00 0 
7f2c40021000-7f2c44000000 ---p 00000000 00:00 0 
7f2c44000000-7f2c44087000 rw-p 00000000 00:00 0 
7f2c44087000-7f2c48000000 ---p 00000000 00:00 0 
7f2c48000000-7f2c48021000 rw-p 00000000 00:00 0 
7f2c48021000-7f2c4c000000 ---p 00000000 00:00 0 
7f2c4c000000-7f2c4c021000 rw-p 00000000 00:00 0 
7f2c4c021000-7f2c50000000 ---p 00000000 00:00 0 
7f2c50000000-7f2c50021000 rw-p 00000000 00:00 0 
7f2c50021000-7f2c54000000 ---p 00000000 00:00 0 
7f2c54000000-7f2c54021000 rw-p 00000000 00:00 0 
7f2c54021000-7f2c58000000 ---p 00000000 00:00 0 
7f2c58000000-7f2c58021000 rw-p 00000000 00:00 0 
7f2c58021000-7f2c5c000000 ---p 00000000 00:00 0 
7f2c5c000000-7f2c5c021000 rw-p 00000000 00:00 0 
7f2c5c021000-7f2c60000000 ---p 00000000 00:00 0 
7f2c60000000-7f2c60021000 rw-p 00000000 00:00 0 
7f2c60021000-7f2c64000000 ---p 00000000 00:00 0 
7f2c64000000-7f2c64021000 rw-p 00000000 00:00 0 
7f2c64021000-7f2c68000000 ---p 00000000 00:00 0 
7f2c68ea1000-7f2c68eac000 r-xp 00000000 08:01 27920412                   /home/pc/Downloads/webots/lib/libjbig.so.0
7f2c68eac000-7f2c690ab000 ---p 0000b000 08:01 27920412                   /home/pc/Downloads/webots/lib/libjbig.so.0
7f2c690ab000-7f2c690ac000 r--p 0000a000 08:01 27920412                   /home/pc/Downloads/webots/lib/libjbig.so.0
7f2c690ac000-7f2c690af000 rw-p 0000b000 08:01 27920412                   /home/pc/Downloads/webots/lib/libjbig.so.0
7f2c690af000-7f2c690d3000 r-xp 00000000 08:01 14684814                   /lib/x86_64-linux-gnu/liblzma.so.5.2.2
7f2c690d3000-7f2c692d3000 ---p 00024000 08:01 14684814                   /lib/x86_64-linux-gnu/liblzma.so.5.2.2
7f2c692d3000-7f2c692d4000 r--p 00024000 08:01 14684814                   /lib/x86_64-linux-gnu/liblzma.so.5.2.2
7f2c692d4000-7f2c692d5000 rw-p 00025000 08:01 14684814                   /lib/x86_64-linux-gnu/liblzma.so.5.2.2
7f2c692d5000-7f2c692f9000 r-xp 00000000 08:01 27920444                   /home/pc/Downloads/webots/lib/libpng12.so.0
7f2c692f9000-7f2c694f8000 ---p 00024000 08:01 27920444                   /home/pc/Downloads/webots/lib/libpng12.so.0
7f2c694f8000-7f2c694f9000 r--p 00023000 08:01 27920444                   /home/pc/Downloads/webots/lib/libpng12.so.0
7f2c694f9000-7f2c694fa000 rw-p 00024000 08:01 27920444                   /home/pc/Downloads/webots/lib/libpng12.so.0
7f2c694fa000-7f2c69551000 r-xp 00000000 08:01 27920405                   /home/pc/Downloads/webots/lib/libjpeg.so.8
7f2c69551000-7f2c69751000 ---p 00057000 08:01 27920405                   /home/pc/Downloads/webots/lib/libjpeg.so.8
7f2c69751000-7f2c69752000 r--p 00057000 08:01 27920405                   /home/pc/Downloads/webots/lib/libjpeg.so.8
7f2c69752000-7f2c69753000 rw-p 00058000 08:01 27920405                   /home/pc/Downloads/webots/lib/libjpeg.so.8
7f2c69753000-7f2c697c4000 r-xp 00000000 08:01 27920407                   /home/pc/Downloads/webots/lib/libtiff.so.5
7f2c697c4000-7f2c699c4000 ---p 00071000 08:01 27920407                   /home/pc/Downloads/webots/lib/libtiff.so.5
7f2c699c4000-7f2c699c5000 r--p 00071000 08:01 27920407                   /home/pc/Downloads/webots/lib/libtiff.so.5
7f2c699c5000-7f2c699c8000 rw-p 00072000 08:01 27920407                   /home/pc/Downloads/webots/lib/libtiff.so.5
7f2c699c8000-7f2c69a14000 r-xp 00000000 08:01 27920416                   /home/pc/Downloads/webots/lib/libController.so
7f2c69a14000-7f2c69c13000 ---p 0004c000 08:01 27920416                   /home/pc/Downloads/webots/lib/libController.so
7f2c69c13000-7f2c69c14000 r--p 0004b000 08:01 27920416                   /home/pc/Downloads/webots/lib/libController.so
7f2c69c14000-7f2c69c15000 rw-p 0004c000 08:01 27920416                   /home/pc/Downloads/webots/lib/libController.so
7f2c69c15000-7f2c69c16000 rw-p 00000000 00:00 0 
7f2c69c16000-7f2c69c50000 r-xp 00000000 08:01 27920467                   /home/pc/Downloads/webots/lib/libCppController.so
7f2c69c50000-7f2c69e4f000 ---p 0003a000 08:01 27920467                   /home/pc/Downloads/webots/lib/libCppController.so
7f2c69e4f000-7f2c69e51000 r--p 00039000 08:01 27920467                   /home/pc/Downloads/webots/lib/libCppController.so
7f2c69e51000-7f2c69e53000 rw-p 0003b000 08:01 27920467                   /home/pc/Downloads/webots/lib/libCppController.so
7f2c69e53000-7f2c69e8f000 r-xp 00000000 08:01 27920367                   /home/pc/Downloads/webots/lib/java/libJavaController.so
7f2c69e8f000-7f2c6a08e000 ---p 0003c000 08:01 27920367                   /home/pc/Downloads/webots/lib/java/libJavaController.so
7f2c6a08e000-7f2c6a08f000 r--p 0003b000 08:01 27920367                   /home/pc/Downloads/webots/lib/java/libJavaController.so
7f2c6a08f000-7f2c6a090000 rw-p 0003c000 08:01 27920367                   /home/pc/Downloads/webots/lib/java/libJavaController.so
7f2c6a090000-7f2c6a0a7000 r-xp 00000000 08:01 23598500                   /usr/lib/jvm/java-11-openjdk-amd64/lib/libnet.so
7f2c6a0a7000-7f2c6a2a6000 ---p 00017000 08:01 23598500                   /usr/lib/jvm/java-11-openjdk-amd64/lib/libnet.so
7f2c6a2a6000-7f2c6a2a7000 r--p 00016000 08:01 23598500                   /usr/lib/jvm/java-11-openjdk-amd64/lib/libnet.so
7f2c6a2a7000-7f2c6a2a8000 rw-p 00017000 08:01 23598500                   /usr/lib/jvm/java-11-openjdk-amd64/lib/libnet.so
7f2c6a2a8000-7f2c6a2b9000 r-xp 00000000 08:01 23598501                   /usr/lib/jvm/java-11-openjdk-amd64/lib/libnio.so
7f2c6a2b9000-7f2c6a4b8000 ---p 00011000 08:01 23598501                   /usr/lib/jvm/java-11-openjdk-amd64/lib/libnio.so
7f2c6a4b8000-7f2c6a4b9000 r--p 00010000 08:01 23598501                   /usr/lib/jvm/java-11-openjdk-amd64/lib/libnio.so
7f2c6a4b9000-7f2c6a4ba000 rw-p 00011000 08:01 23598501                   /usr/lib/jvm/java-11-openjdk-amd64/lib/libnio.so
7f2c6a4ba000-7f2c6a4be000 ---p 00000000 00:00 0 
7f2c6a4be000-7f2c6a5bb000 rw-p 00000000 00:00 0 
7f2c6a5bb000-7f2c6a5bc000 ---p 00000000 00:00 0 
7f2c6a5bc000-7f2c6a6bd000 rw-p 00000000 00:00 0 
7f2c6a6bd000-7f2c6a6c1000 ---p 00000000 00:00 0 
7f2c6a6c1000-7f2c6a7be000 rw-p 00000000 00:00 0 
7f2c6a7be000-7f2c6a7c2000 ---p 00000000 00:00 0 
7f2c6a7c2000-7f2c6a8bf000 rw-p 00000000 00:00 0 
7f2c6a8bf000-7f2c6a8c3000 ---p 00000000 00:00 0 
7f2c6a8c3000-7f2c6a9c0000 rw-p 00000000 00:00 0 
7f2c6a9c0000-7f2c6a9c4000 ---p 00000000 00:00 0 
7f2c6a9c4000-7f2c6aac1000 rw-p 00000000 00:00 0 
7f2c6aac1000-7f2c6aac5000 ---p 00000000 00:00 0 
7f2c6aac5000-7f2c6abc2000 rw-p 00000000 00:00 0 
7f2c6abc2000-7f2c6abc6000 ---p 00000000 00:00 0 
7f2c6abc6000-7f2c6acc3000 rw-p 00000000 00:00 0 
7f2c6acc3000-7f2c6acc7000 ---p 00000000 00:00 0 
7f2c6acc7000-7f2c6adc4000 rw-p 00000000 00:00 0 
7f2c6adc4000-7f2c6b0f4000 r--p 00000000 08:01 23598983                   /usr/lib/locale/locale-archive
7f2c6b0f4000-7f2c6b0f8000 ---p 00000000 00:00 0 
7f2c6b0f8000-7f2c6b1f5000 rw-p 00000000 00:00 0 
7f2c6b1f5000-7f2c6b1f9000 ---p 00000000 00:00 0 
7f2c6b1f9000-7f2c6b2f6000 rw-p 00000000 00:00 0 
7f2c6b2f6000-7f2c6b2f7000 ---p 00000000 00:00 0 
7f2c6b2f7000-7f2c6b878000 rw-p 00000000 00:00 0 
7f2c6b878000-7f2c6bbf8000 ---p 00000000 00:00 0 
7f2c6bbf8000-7f2c6bbf9000 ---p 00000000 00:00 0 
7f2c6bbf9000-7f2c6bcfa000 rw-p 00000000 00:00 0 
7f2c6bcfa000-7f2c6bcfb000 ---p 00000000 00:00 0 
7f2c6bcfb000-7f2c6bdfc000 rw-p 00000000 00:00 0 
7f2c6bdfc000-7f2c6bdfd000 ---p 00000000 00:00 0 
7f2c6bdfd000-7f2c6befe000 rw-p 00000000 00:00 0 
7f2c6befe000-7f2c6beff000 ---p 00000000 00:00 0 
7f2c6beff000-7f2c6c000000 rw-p 00000000 00:00 0 
7f2c6c000000-7f2c6c021000 rw-p 00000000 00:00 0 
7f2c6c021000-7f2c70000000 ---p 00000000 00:00 0 
7f2c70000000-7f2c70021000 rw-p 00000000 00:00 0 
7f2c70021000-7f2c74000000 ---p 00000000 00:00 0 
7f2c74000000-7f2c74021000 rw-p 00000000 00:00 0 
7f2c74021000-7f2c78000000 ---p 00000000 00:00 0 
7f2c78000000-7f2c78021000 rw-p 00000000 00:00 0 
7f2c78021000-7f2c7c000000 ---p 00000000 00:00 0 
7f2c7c000000-7f2c7c021000 rw-p 00000000 00:00 0 
7f2c7c021000-7f2c80000000 ---p 00000000 00:00 0 
7f2c80000000-7f2c80021000 rw-p 00000000 00:00 0 
7f2c80021000-7f2c84000000 ---p 00000000 00:00 0 
7f2c84000000-7f2c84021000 rw-p 00000000 00:00 0 
7f2c84021000-7f2c88000000 ---p 00000000 00:00 0 
7f2c88000000-7f2c88021000 rw-p 00000000 00:00 0 
7f2c88021000-7f2c8c000000 ---p 00000000 00:00 0 
7f2c8c046000-7f2c8c047000 ---p 00000000 00:00 0 
7f2c8c047000-7f2c8e338000 rw-p 00000000 00:00 0 
7f2c8e338000-7f2c90000000 ---p 00000000 00:00 0 
7f2c90000000-7f2c90021000 rw-p 00000000 00:00 0 
7f2c90021000-7f2c94000000 ---p 00000000 00:00 0 
7f2c94000000-7f2c94021000 rw-p 00000000 00:00 0 
7f2c94021000-7f2c98000000 ---p 00000000 00:00 0 
7f2c98000000-7f2c98021000 rw-p 00000000 00:00 0 
7f2c98021000-7f2c9c000000 ---p 00000000 00:00 0 
7f2c9c000000-7f2c9c021000 rw-p 00000000 00:00 0 
7f2c9c021000-7f2ca0000000 ---p 00000000 00:00 0 
7f2ca0000000-7f2ca0021000 rw-p 00000000 00:00 0 
7f2ca0021000-7f2ca4000000 ---p 00000000 00:00 0 
7f2ca4000000-7f2ca4021000 rw-p 00000000 00:00 0 
7f2ca4021000-7f2ca8000000 ---p 00000000 00:00 0 
7f2ca8000000-7f2ca8021000 rw-p 00000000 00:00 0 
7f2ca8021000-7f2cac000000 ---p 00000000 00:00 0 
7f2cac05b000-7f2cac0d1000 rw-p 00000000 00:00 0 
7f2cac0d1000-7f2cac0d2000 ---p 00000000 00:00 0 
7f2cac0d2000-7f2cac1d3000 rw-p 00000000 00:00 0 
7f2cac1d3000-7f2cac1d4000 ---p 00000000 00:00 0 
7f2cac1d4000-7f2cac2d5000 rw-p 00000000 00:00 0 
7f2cac2d5000-7f2cac2d6000 ---p 00000000 00:00 0 
7f2cac2d6000-7f2cac3d7000 rw-p 00000000 00:00 0 
7f2cac3d7000-7f2cac3d8000 ---p 00000000 00:00 0 
7f2cac3d8000-7f2cacce1000 rw-p 00000000 00:00 0 
7f2cacce1000-7f2cacce2000 ---p 00000000 00:00 0 
7f2cacce2000-7f2cacde3000 rw-p 00000000 00:00 0 
7f2cacde3000-7f2cacde4000 ---p 00000000 00:00 0 
7f2cacde4000-7f2cacee5000 rw-p 00000000 00:00 0 
7f2cacee5000-7f2cacee6000 ---p 00000000 00:00 0 
7f2cacee6000-7f2cad1d7000 rw-p 00000000 00:00 0 
7f2cad1d7000-7f2caee9f000 ---p 00000000 00:00 0 
7f2caee9f000-7f2caeedd000 rw-p 00000000 00:00 0 
7f2caeedd000-7f2caf276000 ---p 00000000 00:00 0 
7f2caf276000-7f2caf2b4000 rw-p 00000000 00:00 0 
7f2caf2b4000-7f2caf64d000 ---p 00000000 00:00 0 
7f2caf64d000-7f2caf68b000 rw-p 00000000 00:00 0 
7f2caf68b000-7f2cafa24000 ---p 00000000 00:00 0 
7f2cafa24000-7f2cafb25000 rw-p 00000000 00:00 0 
7f2cafb25000-7f2cafd95000 rwxp 00000000 00:00 0 
7f2cafd95000-7f2cb00b6000 ---p 00000000 00:00 0 
7f2cb00b6000-7f2cb0326000 rwxp 00000000 00:00 0 
7f2cb0326000-7f2cb75ed000 ---p 00000000 00:00 0 
7f2cb75ed000-7f2cb785d000 rwxp 00000000 00:00 0 
7f2cb785d000-7f2cbeb25000 ---p 00000000 00:00 0 
7f2cbeb25000-7f2cc8000000 r--s 00000000 08:01 23598511                   /usr/lib/jvm/java-11-openjdk-amd64/lib/modules
7f2cc8000000-7f2cc826d000 rw-p 00000000 00:00 0 
7f2cc826d000-7f2ccc000000 ---p 00000000 00:00 0 
7f2ccc007000-7f2ccc7c2000 rw-p 00000000 00:00 0 
7f2ccc7c2000-7f2ccc7c3000 ---p 00000000 00:00 0 
7f2ccc7c3000-7f2ccc8c4000 rw-p 00000000 00:00 0 
7f2ccc8c4000-7f2ccc8c5000 ---p 00000000 00:00 0 
7f2ccc8c5000-7f2ccc9c6000 rw-p 00000000 00:00 0 
7f2ccc9c6000-7f2ccc9c7000 ---p 00000000 00:00 0 
7f2ccc9c7000-7f2cccac8000 rw-p 00000000 00:00 0 
7f2cccac8000-7f2cccac9000 ---p 00000000 00:00 0 
7f2cccac9000-7f2cccbca000 rw-p 00000000 00:00 0 
7f2cccbca000-7f2cccbcb000 ---p 00000000 00:00 0 
7f2cccbcb000-7f2cccccc000 rw-p 00000000 00:00 0 
7f2cccccc000-7f2cccccd000 ---p 00000000 00:00 0 
7f2cccccd000-7f2cccdce000 rw-p 00000000 00:00 0 
7f2cccdce000-7f2cccdcf000 ---p 00000000 00:00 0 
7f2cccdcf000-7f2ccced0000 rw-p 00000000 00:00 0 
7f2ccced0000-7f2ccced1000 ---p 00000000 00:00 0 
7f2ccced1000-7f2cccfd7000 rw-p 00000000 00:00 0 
7f2cccfd7000-7f2ccd0bd000 ---p 00000000 00:00 0 
7f2ccd0bd000-7f2ccd0c2000 rw-p 00000000 00:00 0 
7f2ccd0c2000-7f2ccd1a8000 ---p 00000000 00:00 0 
7f2ccd1a8000-7f2ccd1ad000 r-xp 00000000 08:01 23598491                   /usr/lib/jvm/java-11-openjdk-amd64/lib/libjimage.so
7f2ccd1ad000-7f2ccd3ac000 ---p 00005000 08:01 23598491                   /usr/lib/jvm/java-11-openjdk-amd64/lib/libjimage.so
7f2ccd3ac000-7f2ccd3ad000 r--p 00004000 08:01 23598491                   /usr/lib/jvm/java-11-openjdk-amd64/lib/libjimage.so
7f2ccd3ad000-7f2ccd3ae000 rw-p 00005000 08:01 23598491                   /usr/lib/jvm/java-11-openjdk-amd64/lib/libjimage.so
7f2ccd3ae000-7f2ccd3b5000 r-xp 00000000 08:01 23598510                   /usr/lib/jvm/java-11-openjdk-amd64/lib/libzip.so
7f2ccd3b5000-7f2ccd5b4000 ---p 00007000 08:01 23598510                   /usr/lib/jvm/java-11-openjdk-amd64/lib/libzip.so
7f2ccd5b4000-7f2ccd5b5000 r--p 00006000 08:01 23598510                   /usr/lib/jvm/java-11-openjdk-amd64/lib/libzip.so
7f2ccd5b5000-7f2ccd5b6000 rw-p 00007000 08:01 23598510                   /usr/lib/jvm/java-11-openjdk-amd64/lib/libzip.so
7f2ccd5b6000-7f2ccd5c1000 r-xp 00000000 08:01 14684844                   /lib/x86_64-linux-gnu/libnss_files-2.27.so
7f2ccd5c1000-7f2ccd7c0000 ---p 0000b000 08:01 14684844                   /lib/x86_64-linux-gnu/libnss_files-2.27.so
7f2ccd7c0000-7f2ccd7c1000 r--p 0000a000 08:01 14684844                   /lib/x86_64-linux-gnu/libnss_files-2.27.so
7f2ccd7c1000-7f2ccd7c2000 rw-p 0000b000 08:01 14684844                   /lib/x86_64-linux-gnu/libnss_files-2.27.so
7f2ccd7c2000-7f2ccd7c8000 rw-p 00000000 00:00 0 
7f2ccd7c8000-7f2ccd7df000 r-xp 00000000 08:01 14684838                   /lib/x86_64-linux-gnu/libnsl-2.27.so
7f2ccd7df000-7f2ccd9de000 ---p 00017000 08:01 14684838                   /lib/x86_64-linux-gnu/libnsl-2.27.so
7f2ccd9de000-7f2ccd9df000 r--p 00016000 08:01 14684838                   /lib/x86_64-linux-gnu/libnsl-2.27.so
7f2ccd9df000-7f2ccd9e0000 rw-p 00017000 08:01 14684838                   /lib/x86_64-linux-gnu/libnsl-2.27.so
7f2ccd9e0000-7f2ccd9e2000 rw-p 00000000 00:00 0 
7f2ccd9e2000-7f2ccd9ed000 r-xp 00000000 08:01 14684855                   /lib/x86_64-linux-gnu/libnss_nis-2.27.so
7f2ccd9ed000-7f2ccdbec000 ---p 0000b000 08:01 14684855                   /lib/x86_64-linux-gnu/libnss_nis-2.27.so
7f2ccdbec000-7f2ccdbed000 r--p 0000a000 08:01 14684855                   /lib/x86_64-linux-gnu/libnss_nis-2.27.so
7f2ccdbed000-7f2ccdbee000 rw-p 0000b000 08:01 14684855                   /lib/x86_64-linux-gnu/libnss_nis-2.27.so
7f2ccdbee000-7f2ccdbf6000 r-xp 00000000 08:01 14684840                   /lib/x86_64-linux-gnu/libnss_compat-2.27.so
7f2ccdbf6000-7f2ccddf6000 ---p 00008000 08:01 14684840                   /lib/x86_64-linux-gnu/libnss_compat-2.27.so
7f2ccddf6000-7f2ccddf7000 r--p 00008000 08:01 14684840                   /lib/x86_64-linux-gnu/libnss_compat-2.27.so
7f2ccddf7000-7f2ccddf8000 rw-p 00009000 08:01 14684840                   /lib/x86_64-linux-gnu/libnss_compat-2.27.so
7f2ccddf8000-7f2ccde24000 r-xp 00000000 08:01 23598487                   /usr/lib/jvm/java-11-openjdk-amd64/lib/libjava.so
7f2ccde24000-7f2cce023000 ---p 0002c000 08:01 23598487                   /usr/lib/jvm/java-11-openjdk-amd64/lib/libjava.so
7f2cce023000-7f2cce024000 r--p 0002b000 08:01 23598487                   /usr/lib/jvm/java-11-openjdk-amd64/lib/libjava.so
7f2cce024000-7f2cce026000 rw-p 0002c000 08:01 23598487                   /usr/lib/jvm/java-11-openjdk-amd64/lib/libjava.so
7f2cce026000-7f2cce033000 r-xp 00000000 08:01 23598509                   /usr/lib/jvm/java-11-openjdk-amd64/lib/libverify.so
7f2cce033000-7f2cce232000 ---p 0000d000 08:01 23598509                   /usr/lib/jvm/java-11-openjdk-amd64/lib/libverify.so
7f2cce232000-7f2cce234000 r--p 0000c000 08:01 23598509                   /usr/lib/jvm/java-11-openjdk-amd64/lib/libverify.so
7f2cce234000-7f2cce235000 rw-p 0000e000 08:01 23598509                   /usr/lib/jvm/java-11-openjdk-amd64/lib/libverify.so
7f2cce235000-7f2cce23c000 r-xp 00000000 08:01 14684895                   /lib/x86_64-linux-gnu/librt-2.27.so
7f2cce23c000-7f2cce43b000 ---p 00007000 08:01 14684895                   /lib/x86_64-linux-gnu/librt-2.27.so
7f2cce43b000-7f2cce43c000 r--p 00006000 08:01 14684895                   /lib/x86_64-linux-gnu/librt-2.27.so
7f2cce43c000-7f2cce43d000 rw-p 00007000 08:01 14684895                   /lib/x86_64-linux-gnu/librt-2.27.so
7f2cce43d000-7f2cce454000 r-xp 00000000 08:01 14684791                   /lib/x86_64-linux-gnu/libgcc_s.so.1
7f2cce454000-7f2cce653000 ---p 00017000 08:01 14684791                   /lib/x86_64-linux-gnu/libgcc_s.so.1
7f2cce653000-7f2cce654000 r--p 00016000 08:01 14684791                   /lib/x86_64-linux-gnu/libgcc_s.so.1
7f2cce654000-7f2cce655000 rw-p 00017000 08:01 14684791                   /lib/x86_64-linux-gnu/libgcc_s.so.1
7f2cce655000-7f2cce7f2000 r-xp 00000000 08:01 14684817                   /lib/x86_64-linux-gnu/libm-2.27.so
7f2cce7f2000-7f2cce9f1000 ---p 0019d000 08:01 14684817                   /lib/x86_64-linux-gnu/libm-2.27.so
7f2cce9f1000-7f2cce9f2000 r--p 0019c000 08:01 14684817                   /lib/x86_64-linux-gnu/libm-2.27.so
7f2cce9f2000-7f2cce9f3000 rw-p 0019d000 08:01 14684817                   /lib/x86_64-linux-gnu/libm-2.27.so
7f2cce9f3000-7f2cceb6c000 r-xp 00000000 08:01 23601225                   /usr/lib/x86_64-linux-gnu/libstdc++.so.6.0.25
7f2cceb6c000-7f2cced6c000 ---p 00179000 08:01 23601225                   /usr/lib/x86_64-linux-gnu/libstdc++.so.6.0.25
7f2cced6c000-7f2cced76000 r--p 00179000 08:01 23601225                   /usr/lib/x86_64-linux-gnu/libstdc++.so.6.0.25
7f2cced76000-7f2cced78000 rw-p 00183000 08:01 23601225                   /usr/lib/x86_64-linux-gnu/libstdc++.so.6.0.25
7f2cced78000-7f2cced7c000 rw-p 00000000 00:00 0 
7f2cced7c000-7f2ccfd19000 r-xp 00000000 08:01 23598523                   /usr/lib/jvm/java-11-openjdk-amd64/lib/server/libjvm.so
7f2ccfd19000-7f2ccff19000 ---p 00f9d000 08:01 23598523                   /usr/lib/jvm/java-11-openjdk-amd64/lib/server/libjvm.so
7f2ccff19000-7f2ccffdd000 r--p 00f9d000 08:01 23598523                   /usr/lib/jvm/java-11-openjdk-amd64/lib/server/libjvm.so
7f2ccffdd000-7f2cd0015000 rw-p 01061000 08:01 23598523                   /usr/lib/jvm/java-11-openjdk-amd64/lib/server/libjvm.so
7f2cd0015000-7f2cd005e000 rw-p 00000000 00:00 0 
7f2cd005e000-7f2cd0078000 r-xp 00000000 08:01 14684887                   /lib/x86_64-linux-gnu/libpthread-2.27.so
7f2cd0078000-7f2cd0277000 ---p 0001a000 08:01 14684887                   /lib/x86_64-linux-gnu/libpthread-2.27.so
7f2cd0277000-7f2cd0278000 r--p 00019000 08:01 14684887                   /lib/x86_64-linux-gnu/libpthread-2.27.so
7f2cd0278000-7f2cd0279000 rw-p 0001a000 08:01 14684887                   /lib/x86_64-linux-gnu/libpthread-2.27.so
7f2cd0279000-7f2cd027d000 rw-p 00000000 00:00 0 
7f2cd027d000-7f2cd0280000 r-xp 00000000 08:01 14684777                   /lib/x86_64-linux-gnu/libdl-2.27.so
7f2cd0280000-7f2cd047f000 ---p 00003000 08:01 14684777                   /lib/x86_64-linux-gnu/libdl-2.27.so
7f2cd047f000-7f2cd0480000 r--p 00002000 08:01 14684777                   /lib/x86_64-linux-gnu/libdl-2.27.so
7f2cd0480000-7f2cd0481000 rw-p 00003000 08:01 14684777                   /lib/x86_64-linux-gnu/libdl-2.27.so
7f2cd0481000-7f2cd049d000 r-xp 00000000 08:01 14684928                   /lib/x86_64-linux-gnu/libz.so.1.2.11
7f2cd049d000-7f2cd069c000 ---p 0001c000 08:01 14684928                   /lib/x86_64-linux-gnu/libz.so.1.2.11
7f2cd069c000-7f2cd069d000 r--p 0001b000 08:01 14684928                   /lib/x86_64-linux-gnu/libz.so.1.2.11
7f2cd069d000-7f2cd069e000 rw-p 0001c000 08:01 14684928                   /lib/x86_64-linux-gnu/libz.so.1.2.11
7f2cd069e000-7f2cd0885000 r-xp 00000000 08:01 14684754                   /lib/x86_64-linux-gnu/libc-2.27.so
7f2cd0885000-7f2cd0a85000 ---p 001e7000 08:01 14684754                   /lib/x86_64-linux-gnu/libc-2.27.so
7f2cd0a85000-7f2cd0a89000 r--p 001e7000 08:01 14684754                   /lib/x86_64-linux-gnu/libc-2.27.so
7f2cd0a89000-7f2cd0a8b000 rw-p 001eb000 08:01 14684754                   /lib/x86_64-linux-gnu/libc-2.27.so
7f2cd0a8b000-7f2cd0a8f000 rw-p 00000000 00:00 0 
7f2cd0a8f000-7f2cd0a9e000 r-xp 00000000 08:01 23598516                   /usr/lib/jvm/java-11-openjdk-amd64/lib/jli/libjli.so
7f2cd0a9e000-7f2cd0c9d000 ---p 0000f000 08:01 23598516                   /usr/lib/jvm/java-11-openjdk-amd64/lib/jli/libjli.so
7f2cd0c9d000-7f2cd0c9e000 r--p 0000e000 08:01 23598516                   /usr/lib/jvm/java-11-openjdk-amd64/lib/jli/libjli.so
7f2cd0c9e000-7f2cd0c9f000 rw-p 0000f000 08:01 23598516                   /usr/lib/jvm/java-11-openjdk-amd64/lib/jli/libjli.so
7f2cd0c9f000-7f2cd0cc6000 r-xp 00000000 08:01 14684726                   /lib/x86_64-linux-gnu/ld-2.27.so
7f2cd0ceb000-7f2cd0da9000 rw-p 00000000 00:00 0 
7f2cd0da9000-7f2cd0dad000 ---p 00000000 00:00 0 
7f2cd0dad000-7f2cd0eb3000 rw-p 00000000 00:00 0 
7f2cd0eb3000-7f2cd0eba000 ---p 00000000 00:00 0 
7f2cd0eba000-7f2cd0ec2000 rw-s 00000000 08:01 28966955                   /tmp/hsperfdata_pc/3542
7f2cd0ec2000-7f2cd0ec3000 ---p 00000000 00:00 0 
7f2cd0ec3000-7f2cd0ec4000 r--p 00000000 00:00 0 
7f2cd0ec4000-7f2cd0ec6000 rw-p 00000000 00:00 0 
7f2cd0ec6000-7f2cd0ec7000 r--p 00027000 08:01 14684726                   /lib/x86_64-linux-gnu/ld-2.27.so
7f2cd0ec7000-7f2cd0ec8000 rw-p 00028000 08:01 14684726                   /lib/x86_64-linux-gnu/ld-2.27.so
7f2cd0ec8000-7f2cd0ec9000 rw-p 00000000 00:00 0 
7ffd5c89f000-7ffd5c8c1000 rw-p 00000000 00:00 0                          [stack]
7ffd5c96c000-7ffd5c96f000 r--p 00000000 00:00 0                          [vvar]
7ffd5c96f000-7ffd5c971000 r-xp 00000000 00:00 0                          [vdso]
ffffffffff600000-ffffffffff601000 r-xp 00000000 00:00 0                  [vsyscall]


VM Arguments:
jvm_args: -Djava.library.path=/home/pc/Downloads/webots/lib/java 
java_command: SensorController
java_class_path (initial): /home/pc/Downloads/webots/lib/java/Controller.jar:/home/pc/Dokumente/my_project/controllers/SensorController/
Launcher Type: SUN_STANDARD

Logging:
Log output configuration:
#0: stdout all=warning uptime,level,tags
#1: stderr all=off uptime,level,tags

Environment Variables:
PATH=/usr/local/sbin:/usr/local/bin:/usr/sbin:/usr/bin:/sbin:/bin:/usr/games:/usr/local/games
LD_LIBRARY_PATH=/home/pc/Downloads/webots/projects/default/libraries/vehicle:/home/pc/Downloads/webots/projects/default/libraries/ros:/home/pc/Downloads/webots/resources/projects/libraries/qt_utils:/home/pc/Dokumente/my_project/controllers/SensorController/:/home/pc/Downloads/webots/lib/:/tmp/webots-3042/lib:
SHELL=/bin/bash
DISPLAY=:0

Signal Handlers:
SIGSEGV: [libjvm.so+0xd28b70], sa_mask[0]=11111111011111111101111111111110, sa_flags=SA_RESTART|SA_SIGINFO
SIGBUS: [libjvm.so+0xd28b70], sa_mask[0]=11111111011111111101111111111110, sa_flags=SA_RESTART|SA_SIGINFO
SIGFPE: [libjvm.so+0xd28b70], sa_mask[0]=11111111011111111101111111111110, sa_flags=SA_RESTART|SA_SIGINFO
SIGPIPE: [libjvm.so+0xb2a1f0], sa_mask[0]=11111111011111111101111111111110, sa_flags=SA_RESTART|SA_SIGINFO
SIGXFSZ: [libjvm.so+0xb2a1f0], sa_mask[0]=11111111011111111101111111111110, sa_flags=SA_RESTART|SA_SIGINFO
SIGILL: [libjvm.so+0xd28b70], sa_mask[0]=11111111011111111101111111111110, sa_flags=SA_RESTART|SA_SIGINFO
SIGUSR2: [libjvm.so+0xb2a030], sa_mask[0]=00000000000000000000000000000000, sa_flags=SA_RESTART|SA_SIGINFO
SIGHUP: [libjvm.so+0xb2a180], sa_mask[0]=11111111011111111101111111111110, sa_flags=SA_RESTART|SA_SIGINFO
SIGINT: [libjvm.so+0xb2a180], sa_mask[0]=11111111011111111101111111111110, sa_flags=SA_RESTART|SA_SIGINFO
SIGTERM: [libjvm.so+0xb2a180], sa_mask[0]=11111111011111111101111111111110, sa_flags=SA_RESTART|SA_SIGINFO
SIGQUIT: [libjvm.so+0xb2a180], sa_mask[0]=11111111011111111101111111111110, sa_flags=SA_RESTART|SA_SIGINFO


---------------  S Y S T E M  ---------------

OS:DISTRIB_ID=LinuxMint
DISTRIB_RELEASE=19.1
DISTRIB_CODENAME=tessa
DISTRIB_DESCRIPTION="Linux Mint 19.1 Tessa"
uname:Linux 4.15.0-20-generic #21-Ubuntu SMP Tue Apr 24 06:16:15 UTC 2018 x86_64
libc:glibc 2.27 NPTL 2.27 
rlimit: STACK 8192k, CORE 0k, NPROC 31207, NOFILE 4096, AS infinity, DATA infinity, FSIZE infinity
load average:0.79 1.31 1.34

/proc/meminfo:
MemTotal:        8051996 kB
MemFree:         4700856 kB
MemAvailable:    5721516 kB
Buffers:          104972 kB
Cached:          1906988 kB
SwapCached:            0 kB
Active:          1657532 kB
Inactive:        1458436 kB
Active(anon):    1105328 kB
Inactive(anon):   818128 kB
Active(file):     552204 kB
Inactive(file):   640308 kB
Unevictable:          32 kB
Mlocked:              32 kB
SwapTotal:       2097148 kB
SwapFree:        2097148 kB
Dirty:               812 kB
Writeback:             0 kB
AnonPages:       1104236 kB
Mapped:           576880 kB
Shmem:            819452 kB
Slab:             139660 kB
SReclaimable:      94768 kB
SUnreclaim:        44892 kB
KernelStack:        9992 kB
PageTables:        34764 kB
NFS_Unstable:          0 kB
Bounce:                0 kB
WritebackTmp:          0 kB
CommitLimit:     6123144 kB
Committed_AS:    5161340 kB
VmallocTotal:   34359738367 kB
VmallocUsed:           0 kB
VmallocChunk:          0 kB
HardwareCorrupted:     0 kB
AnonHugePages:         0 kB
ShmemHugePages:        0 kB
ShmemPmdMapped:        0 kB
CmaTotal:              0 kB
CmaFree:               0 kB
HugePages_Total:       0
HugePages_Free:        0
HugePages_Rsvd:        0
HugePages_Surp:        0
Hugepagesize:       2048 kB
DirectMap4k:      164800 kB
DirectMap2M:     8108032 kB

container (cgroup) information:
container_type: cgroupv1
cpu_cpuset_cpus: 0-7
cpu_memory_nodes: 0
active_processor_count: 8
cpu_quota: -1
cpu_period: 100000
cpu_shares: -1
memory_limit_in_bytes: -1
memory_and_swap_limit_in_bytes: -2
memory_soft_limit_in_bytes: -1
memory_usage_in_bytes: 3191775232
memory_max_usage_in_bytes: 0


CPU:total 8 (initial active 8) (4 cores per cpu, 2 threads per core) family 6 model 58 stepping 9, cmov, cx8, fxsr, mmx, sse, sse2, sse3, ssse3, sse4.1, sse4.2, popcnt, avx, aes, clmul, erms, ht, tsc, tscinvbit, tscinv
CPU Model and flags from /proc/cpuinfo:
model name	: Intel(R) Core(TM) i7-3770 CPU @ 3.40GHz
flags		: fpu vme de pse tsc msr pae mce cx8 apic sep mtrr pge mca cmov pat pse36 clflush dts acpi mmx fxsr sse sse2 ss ht tm pbe syscall nx rdtscp lm constant_tsc arch_perfmon pebs bts rep_good nopl xtopology nonstop_tsc cpuid aperfmperf pni pclmulqdq dtes64 monitor ds_cpl vmx smx est tm2 ssse3 cx16 xtpr pdcm pcid sse4_1 sse4_2 x2apic popcnt tsc_deadline_timer aes xsave avx f16c rdrand lahf_lm cpuid_fault epb pti tpr_shadow vnmi flexpriority ept vpid fsgsbase smep erms xsaveopt dtherm ida arat pln pts

Memory: 4k page, physical 8051996k(4700856k free), swap 2097148k(2097148k free)

vm_info: OpenJDK 64-Bit Server VM (10.0.2+13-Ubuntu-1ubuntu0.18.04.4) for linux-amd64 JRE (10.0.2+13-Ubuntu-1ubuntu0.18.04.4), built on Nov 13 2018 12:53:39 by "buildd" with gcc 7.3.0

END.
