#
# A fatal error has been detected by the Java Runtime Environment:
#
#  SIGSEGV (0xb) at pc=0x00007fc4f69f0b32, pid=6047, tid=6048
#
# JRE version: OpenJDK Runtime Environment (10.0.2+13) (build 10.0.2+13-Ubuntu-1ubuntu0.18.04.4)
# Java VM: OpenJDK 64-Bit Server VM (10.0.2+13-Ubuntu-1ubuntu0.18.04.4, mixed mode, tiered, compressed oops, g1 gc, linux-amd64)
# Problematic frame:
# C  [libController.so+0x1bb32]  wbu_motion_new+0x5d2
#
# Core dump will be written. Default location: Core dumps may be processed with "/usr/share/apport/apport %p %s %c %d %P" (or dumping to /home/pc/Dokumente/my_project/controllers/SensorController/core.6047)
#
# If you would like to submit a bug report, please visit:
#   http://bugreport.java.com/bugreport/crash.jsp
# The crash happened outside the Java Virtual Machine in native code.
# See problematic frame for where to report the bug.
#

---------------  S U M M A R Y ------------

Command Line: -Djava.library.path=/home/pc/Downloads/webots/lib/java SensorController

Host: Intel(R) Core(TM) i7-3770 CPU @ 3.40GHz, 8 cores, 7G, Linux Mint 19.1 Tessa
Time: Tue Jun 18 12:59:39 2019 CEST elapsed time: 0 seconds (0d 0h 0m 0s)

---------------  T H R E A D  ---------------

Current thread (0x00007fc574012000):  JavaThread "main" [_thread_in_native, id=6048, stack(0x00007fc57de15000,0x00007fc57df16000)]

Stack: [0x00007fc57de15000,0x00007fc57df16000],  sp=0x00007fc57df136f0,  free space=1017k
Native frames: (J=compiled Java code, A=aot compiled Java code, j=interpreted, Vv=VM code, C=native code)
C  [libController.so+0x1bb32]  wbu_motion_new+0x5d2
C  [libCppController.so+0x28c7a]  webots::Motion::Motion(std::__cxx11::basic_string<char, std::char_traits<char>, std::allocator<char> > const&)+0x36
C  [libJavaController.so+0x27c5d]  Java_com_cyberbotics_webots_controller_wrapperJNI_new_1Motion+0x10a
j  com.cyberbotics.webots.controller.wrapperJNI.new_Motion(Ljava/lang/String;)J+0
j  com.cyberbotics.webots.controller.Motion.<init>(Ljava/lang/String;)V+2
j  SensorController.loadMotionFiles()V+118
j  SensorController.main([Ljava/lang/String;)V+22
v  ~StubRoutines::call_stub
V  [libjvm.so+0x83d38f]
V  [libjvm.so+0x85c3cd]
V  [libjvm.so+0x85e60e]
C  [libjli.so+0x4aa0]
C  [libjli.so+0x89dd]
C  [libpthread.so.0+0x76db]  start_thread+0xdb

Java frames: (J=compiled Java code, j=interpreted, Vv=VM code)
j  com.cyberbotics.webots.controller.wrapperJNI.new_Motion(Ljava/lang/String;)J+0
j  com.cyberbotics.webots.controller.Motion.<init>(Ljava/lang/String;)V+2
j  SensorController.loadMotionFiles()V+118
j  SensorController.main([Ljava/lang/String;)V+22
v  ~StubRoutines::call_stub

siginfo: si_signo: 11 (SIGSEGV), si_code: 1 (SEGV_MAPERR), si_addr: 0x0000000000000000

Register to memory mapping:

RAX=0x0000000000000000 is an unknown value
RBX=0x00007fc57424b350 is an unknown value
RCX=0x0000000000000000 is an unknown value
RDX=0x00007fc57daf7a68: <offset 0x00000000003eda68> in /lib/x86_64-linux-gnu/libc.so.6 at 0x00007fc57d70a000
RSP=0x00007fc57df136f0 is pointing into the stack for thread: 0x00007fc574012000
RBP=0x00007fc57df14770 is pointing into the stack for thread: 0x00007fc574012000
RSI=0x00007fc4f6a0dfc3: <offset 0x0000000000038fc3> in /home/pc/Downloads/webots/lib/libController.so at 0x00007fc4f69d5000
RDI=0x0000000000000000 is an unknown value
R8 =0x0000000000000001 is an unknown value
R9 =0x0000000000000000 is an unknown value
R10=0x3810624dd2f1a9fb is an unknown value
R11=0x00007fc4f6a0dfde: <offset 0x0000000000038fde> in /home/pc/Downloads/webots/lib/libController.so at 0x00007fc4f69d5000
R12=0x00000000000000d8 is an unknown value
R13=0x000000000000006c is an unknown value
R14=0x0000000000000048 is an unknown value
R15=0x0000000000000009 is an unknown value


Registers:
RAX=0x0000000000000000, RBX=0x00007fc57424b350, RCX=0x0000000000000000, RDX=0x00007fc57daf7a68
RSP=0x00007fc57df136f0, RBP=0x00007fc57df14770, RSI=0x00007fc4f6a0dfc3, RDI=0x0000000000000000
R8 =0x0000000000000001, R9 =0x0000000000000000, R10=0x3810624dd2f1a9fb, R11=0x00007fc4f6a0dfde
R12=0x00000000000000d8, R13=0x000000000000006c, R14=0x0000000000000048, R15=0x0000000000000009
RIP=0x00007fc4f69f0b32, EFLAGS=0x0000000000010246, CSGSFS=0x002b000000000033, ERR=0x0000000000000004
  TRAPNO=0x000000000000000e

Top of Stack: (sp=0x00007fc57df136f0)
0x00007fc57df136f0:   38303a31303a3030 383265736f500030
0x00007fc57df13700:   003739322e302d00 302d003131332e30
0x00007fc57df13710:   312e31003739332e 38352e302d003638
0x00007fc57df13720:   3638322e302d0032 003739322e302d00 

Instructions: (pc=0x00007fc4f69f0b32)
0x00007fc4f69f0b12:   08 4a 03 0c 22 48 89 ca e8 f1 21 ff ff 44 3b 3b
0x00007fc4f69f0b22:   7d 3c 48 8d 35 98 d4 01 00 31 ff e8 5e 26 ff ff
0x00007fc4f69f0b32:   80 38 2a 75 c1 80 78 01 00 75 bb 48 8b 43 30 f2
0x00007fc4f69f0b42:   0f 10 05 07 db 01 00 41 83 c7 01 4a 8b 04 20 f2 


---------------  P R O C E S S  ---------------

Threads class SMR info:
_java_thread_list=0x00007fc5741f4dc0, length=11, elements={
0x00007fc574012000, 0x00007fc574142800, 0x00007fc574144800, 0x00007fc57414e000,
0x00007fc574158800, 0x00007fc57415a800, 0x00007fc57415c800, 0x00007fc57415e800,
0x00007fc574160800, 0x00007fc5741dd000, 0x00007fc5741f5800
}

Java Threads: ( => current thread )
=>0x00007fc574012000 JavaThread "main" [_thread_in_native, id=6048, stack(0x00007fc57de15000,0x00007fc57df16000)]
  0x00007fc574142800 JavaThread "Reference Handler" daemon [_thread_blocked, id=6070, stack(0x00007fc5581db000,0x00007fc5582dc000)]
  0x00007fc574144800 JavaThread "Finalizer" daemon [_thread_blocked, id=6071, stack(0x00007fc5580da000,0x00007fc5581db000)]
  0x00007fc57414e000 JavaThread "Signal Dispatcher" daemon [_thread_blocked, id=6072, stack(0x00007fc538047000,0x00007fc538148000)]
  0x00007fc574158800 JavaThread "C2 CompilerThread0" daemon [_thread_blocked, id=6073, stack(0x00007fc4f7bcf000,0x00007fc4f7cd0000)]
  0x00007fc57415a800 JavaThread "C2 CompilerThread1" daemon [_thread_blocked, id=6074, stack(0x00007fc4f7ace000,0x00007fc4f7bcf000)]
  0x00007fc57415c800 JavaThread "C2 CompilerThread2" daemon [_thread_blocked, id=6075, stack(0x00007fc4f79cd000,0x00007fc4f7ace000)]
  0x00007fc57415e800 JavaThread "C1 CompilerThread3" daemon [_thread_blocked, id=6076, stack(0x00007fc4f78cc000,0x00007fc4f79cd000)]
  0x00007fc574160800 JavaThread "Sweeper thread" daemon [_thread_blocked, id=6077, stack(0x00007fc4f77cb000,0x00007fc4f78cc000)]
  0x00007fc5741dd000 JavaThread "Service Thread" daemon [_thread_blocked, id=6078, stack(0x00007fc4f76ca000,0x00007fc4f77cb000)]
  0x00007fc5741f5800 JavaThread "Common-Cleaner" daemon [_thread_blocked, id=6080, stack(0x00007fc4f74c7000,0x00007fc4f75c8000)]

Other Threads:
  0x00007fc574139000 VMThread "VM Thread" [stack: 0x00007fc5582de000,0x00007fc5583de000] [id=6069]
  0x00007fc5741df000 WatcherThread [stack: 0x00007fc4f75ca000,0x00007fc4f76ca000] [id=6079]
  0x00007fc574028800 GCTaskThread "GC Thread#0" [stack: 0x00007fc579f3e000,0x00007fc57a03e000] [id=6049]
  0x00007fc57402a000 GCTaskThread "GC Thread#1" [stack: 0x00007fc579e3c000,0x00007fc579f3c000] [id=6050]
  0x00007fc57402c000 GCTaskThread "GC Thread#2" [stack: 0x00007fc579d3a000,0x00007fc579e3a000] [id=6051]
  0x00007fc57402d800 GCTaskThread "GC Thread#3" [stack: 0x00007fc579c38000,0x00007fc579d38000] [id=6052]
  0x00007fc57402f000 GCTaskThread "GC Thread#4" [stack: 0x00007fc579b36000,0x00007fc579c36000] [id=6053]
  0x00007fc574031000 GCTaskThread "GC Thread#5" [stack: 0x00007fc579a34000,0x00007fc579b34000] [id=6054]
  0x00007fc574032800 GCTaskThread "GC Thread#6" [stack: 0x00007fc579932000,0x00007fc579a32000] [id=6055]
  0x00007fc574034800 GCTaskThread "GC Thread#7" [stack: 0x00007fc579830000,0x00007fc579930000] [id=6056]
  0x00007fc57405d800 ConcurrentGCThread "G1 Main Marker" [stack: 0x00007fc5783a1000,0x00007fc5784a1000] [id=6057]
  0x00007fc57405f800 ConcurrentGCThread "G1 Conc#0" [stack: 0x00007fc57829f000,0x00007fc57839f000] [id=6058]
  0x00007fc574061000 ConcurrentGCThread "G1 Conc#1" [stack: 0x00007fc57819d000,0x00007fc57829d000] [id=6059]
  0x00007fc5740c9800 ConcurrentGCThread "G1 Refine#0" [stack: 0x00007fc559466000,0x00007fc559566000] [id=6060]
  0x00007fc5740cb800 ConcurrentGCThread "G1 Refine#1" [stack: 0x00007fc559364000,0x00007fc559464000] [id=6061]
  0x00007fc5740cd000 ConcurrentGCThread "G1 Refine#2" [stack: 0x00007fc559262000,0x00007fc559362000] [id=6062]
  0x00007fc5740cf000 ConcurrentGCThread "G1 Refine#3" [stack: 0x00007fc559160000,0x00007fc559260000] [id=6063]
  0x00007fc5740d0800 ConcurrentGCThread "G1 Refine#4" [stack: 0x00007fc55905e000,0x00007fc55915e000] [id=6064]
  0x00007fc5740d2800 ConcurrentGCThread "G1 Refine#5" [stack: 0x00007fc558f5c000,0x00007fc55905c000] [id=6065]
  0x00007fc5740d4000 ConcurrentGCThread "G1 Refine#6" [stack: 0x00007fc558e5a000,0x00007fc558f5a000] [id=6066]
  0x00007fc5740d6000 ConcurrentGCThread "G1 Refine#7" [stack: 0x00007fc558d58000,0x00007fc558e58000] [id=6067]
  0x00007fc5740d7800 ConcurrentGCThread "G1 Young RemSet Sampling" [stack: 0x00007fc558c56000,0x00007fc558d56000] [id=6068]

Threads with active compile tasks:

VM state:not at safepoint (normal execution)

VM Mutex/Monitor currently owned by a thread: None

Heap address: 0x0000000085200000, size: 1966 MB, Compressed Oops mode: 32-bit
Narrow klass base: 0x0000000000000000, Narrow klass shift: 3
Compressed class space size: 1073741824 Address: 0x0000000100000000

Heap:
 garbage-first heap   total 126976K, used 1024K [0x0000000085200000, 0x0000000100000000)
  region size 1024K, 2 young (2048K), 0 survivors (0K)
 Metaspace       used 4857K, capacity 4990K, committed 5120K, reserved 1056768K
  class space    used 398K, capacity 430K, committed 512K, reserved 1048576K
Heap Regions: E=young(eden), S=young(survivor), O=old, HS=humongous(starts), HC=humongous(continues), CS=collection set, F=free, A=archive, TS=gc time stamp, AC=allocation context, TAMS=top-at-mark-start (previous, next)
|   0|0x0000000085200000, 0x0000000085200000, 0x0000000085300000|  0%| F|  |TS  0|AC  0|TAMS 0x0000000085200000, 0x0000000085200000|
|   1|0x0000000085300000, 0x0000000085300000, 0x0000000085400000|  0%| F|  |TS  0|AC  0|TAMS 0x0000000085300000, 0x0000000085300000|
|   2|0x0000000085400000, 0x0000000085400000, 0x0000000085500000|  0%| F|  |TS  0|AC  0|TAMS 0x0000000085400000, 0x0000000085400000|
|   3|0x0000000085500000, 0x0000000085500000, 0x0000000085600000|  0%| F|  |TS  0|AC  0|TAMS 0x0000000085500000, 0x0000000085500000|
|   4|0x0000000085600000, 0x0000000085600000, 0x0000000085700000|  0%| F|  |TS  0|AC  0|TAMS 0x0000000085600000, 0x0000000085600000|
|   5|0x0000000085700000, 0x0000000085700000, 0x0000000085800000|  0%| F|  |TS  0|AC  0|TAMS 0x0000000085700000, 0x0000000085700000|
|   6|0x0000000085800000, 0x0000000085800000, 0x0000000085900000|  0%| F|  |TS  0|AC  0|TAMS 0x0000000085800000, 0x0000000085800000|
|   7|0x0000000085900000, 0x0000000085900000, 0x0000000085a00000|  0%| F|  |TS  0|AC  0|TAMS 0x0000000085900000, 0x0000000085900000|
|   8|0x0000000085a00000, 0x0000000085a00000, 0x0000000085b00000|  0%| F|  |TS  0|AC  0|TAMS 0x0000000085a00000, 0x0000000085a00000|
|   9|0x0000000085b00000, 0x0000000085b00000, 0x0000000085c00000|  0%| F|  |TS  0|AC  0|TAMS 0x0000000085b00000, 0x0000000085b00000|
|  10|0x0000000085c00000, 0x0000000085c00000, 0x0000000085d00000|  0%| F|  |TS  0|AC  0|TAMS 0x0000000085c00000, 0x0000000085c00000|
|  11|0x0000000085d00000, 0x0000000085d00000, 0x0000000085e00000|  0%| F|  |TS  0|AC  0|TAMS 0x0000000085d00000, 0x0000000085d00000|
|  12|0x0000000085e00000, 0x0000000085e00000, 0x0000000085f00000|  0%| F|  |TS  0|AC  0|TAMS 0x0000000085e00000, 0x0000000085e00000|
|  13|0x0000000085f00000, 0x0000000085f00000, 0x0000000086000000|  0%| F|  |TS  0|AC  0|TAMS 0x0000000085f00000, 0x0000000085f00000|
|  14|0x0000000086000000, 0x0000000086000000, 0x0000000086100000|  0%| F|  |TS  0|AC  0|TAMS 0x0000000086000000, 0x0000000086000000|
|  15|0x0000000086100000, 0x0000000086100000, 0x0000000086200000|  0%| F|  |TS  0|AC  0|TAMS 0x0000000086100000, 0x0000000086100000|
|  16|0x0000000086200000, 0x0000000086200000, 0x0000000086300000|  0%| F|  |TS  0|AC  0|TAMS 0x0000000086200000, 0x0000000086200000|
|  17|0x0000000086300000, 0x0000000086300000, 0x0000000086400000|  0%| F|  |TS  0|AC  0|TAMS 0x0000000086300000, 0x0000000086300000|
|  18|0x0000000086400000, 0x0000000086400000, 0x0000000086500000|  0%| F|  |TS  0|AC  0|TAMS 0x0000000086400000, 0x0000000086400000|
|  19|0x0000000086500000, 0x0000000086500000, 0x0000000086600000|  0%| F|  |TS  0|AC  0|TAMS 0x0000000086500000, 0x0000000086500000|
|  20|0x0000000086600000, 0x0000000086600000, 0x0000000086700000|  0%| F|  |TS  0|AC  0|TAMS 0x0000000086600000, 0x0000000086600000|
|  21|0x0000000086700000, 0x0000000086700000, 0x0000000086800000|  0%| F|  |TS  0|AC  0|TAMS 0x0000000086700000, 0x0000000086700000|
|  22|0x0000000086800000, 0x0000000086800000, 0x0000000086900000|  0%| F|  |TS  0|AC  0|TAMS 0x0000000086800000, 0x0000000086800000|
|  23|0x0000000086900000, 0x0000000086900000, 0x0000000086a00000|  0%| F|  |TS  0|AC  0|TAMS 0x0000000086900000, 0x0000000086900000|
|  24|0x0000000086a00000, 0x0000000086a00000, 0x0000000086b00000|  0%| F|  |TS  0|AC  0|TAMS 0x0000000086a00000, 0x0000000086a00000|
|  25|0x0000000086b00000, 0x0000000086b00000, 0x0000000086c00000|  0%| F|  |TS  0|AC  0|TAMS 0x0000000086b00000, 0x0000000086b00000|
|  26|0x0000000086c00000, 0x0000000086c00000, 0x0000000086d00000|  0%| F|  |TS  0|AC  0|TAMS 0x0000000086c00000, 0x0000000086c00000|
|  27|0x0000000086d00000, 0x0000000086d00000, 0x0000000086e00000|  0%| F|  |TS  0|AC  0|TAMS 0x0000000086d00000, 0x0000000086d00000|
|  28|0x0000000086e00000, 0x0000000086e00000, 0x0000000086f00000|  0%| F|  |TS  0|AC  0|TAMS 0x0000000086e00000, 0x0000000086e00000|
|  29|0x0000000086f00000, 0x0000000086f00000, 0x0000000087000000|  0%| F|  |TS  0|AC  0|TAMS 0x0000000086f00000, 0x0000000086f00000|
|  30|0x0000000087000000, 0x0000000087000000, 0x0000000087100000|  0%| F|  |TS  0|AC  0|TAMS 0x0000000087000000, 0x0000000087000000|
|  31|0x0000000087100000, 0x0000000087100000, 0x0000000087200000|  0%| F|  |TS  0|AC  0|TAMS 0x0000000087100000, 0x0000000087100000|
|  32|0x0000000087200000, 0x0000000087200000, 0x0000000087300000|  0%| F|  |TS  0|AC  0|TAMS 0x0000000087200000, 0x0000000087200000|
|  33|0x0000000087300000, 0x0000000087300000, 0x0000000087400000|  0%| F|  |TS  0|AC  0|TAMS 0x0000000087300000, 0x0000000087300000|
|  34|0x0000000087400000, 0x0000000087400000, 0x0000000087500000|  0%| F|  |TS  0|AC  0|TAMS 0x0000000087400000, 0x0000000087400000|
|  35|0x0000000087500000, 0x0000000087500000, 0x0000000087600000|  0%| F|  |TS  0|AC  0|TAMS 0x0000000087500000, 0x0000000087500000|
|  36|0x0000000087600000, 0x0000000087600000, 0x0000000087700000|  0%| F|  |TS  0|AC  0|TAMS 0x0000000087600000, 0x0000000087600000|
|  37|0x0000000087700000, 0x0000000087700000, 0x0000000087800000|  0%| F|  |TS  0|AC  0|TAMS 0x0000000087700000, 0x0000000087700000|
|  38|0x0000000087800000, 0x0000000087800000, 0x0000000087900000|  0%| F|  |TS  0|AC  0|TAMS 0x0000000087800000, 0x0000000087800000|
|  39|0x0000000087900000, 0x0000000087900000, 0x0000000087a00000|  0%| F|  |TS  0|AC  0|TAMS 0x0000000087900000, 0x0000000087900000|
|  40|0x0000000087a00000, 0x0000000087a00000, 0x0000000087b00000|  0%| F|  |TS  0|AC  0|TAMS 0x0000000087a00000, 0x0000000087a00000|
|  41|0x0000000087b00000, 0x0000000087b00000, 0x0000000087c00000|  0%| F|  |TS  0|AC  0|TAMS 0x0000000087b00000, 0x0000000087b00000|
|  42|0x0000000087c00000, 0x0000000087c00000, 0x0000000087d00000|  0%| F|  |TS  0|AC  0|TAMS 0x0000000087c00000, 0x0000000087c00000|
|  43|0x0000000087d00000, 0x0000000087d00000, 0x0000000087e00000|  0%| F|  |TS  0|AC  0|TAMS 0x0000000087d00000, 0x0000000087d00000|
|  44|0x0000000087e00000, 0x0000000087e00000, 0x0000000087f00000|  0%| F|  |TS  0|AC  0|TAMS 0x0000000087e00000, 0x0000000087e00000|
|  45|0x0000000087f00000, 0x0000000087f00000, 0x0000000088000000|  0%| F|  |TS  0|AC  0|TAMS 0x0000000087f00000, 0x0000000087f00000|
|  46|0x0000000088000000, 0x0000000088000000, 0x0000000088100000|  0%| F|  |TS  0|AC  0|TAMS 0x0000000088000000, 0x0000000088000000|
|  47|0x0000000088100000, 0x0000000088100000, 0x0000000088200000|  0%| F|  |TS  0|AC  0|TAMS 0x0000000088100000, 0x0000000088100000|
|  48|0x0000000088200000, 0x0000000088200000, 0x0000000088300000|  0%| F|  |TS  0|AC  0|TAMS 0x0000000088200000, 0x0000000088200000|
|  49|0x0000000088300000, 0x0000000088300000, 0x0000000088400000|  0%| F|  |TS  0|AC  0|TAMS 0x0000000088300000, 0x0000000088300000|
|  50|0x0000000088400000, 0x0000000088400000, 0x0000000088500000|  0%| F|  |TS  0|AC  0|TAMS 0x0000000088400000, 0x0000000088400000|
|  51|0x0000000088500000, 0x0000000088500000, 0x0000000088600000|  0%| F|  |TS  0|AC  0|TAMS 0x0000000088500000, 0x0000000088500000|
|  52|0x0000000088600000, 0x0000000088600000, 0x0000000088700000|  0%| F|  |TS  0|AC  0|TAMS 0x0000000088600000, 0x0000000088600000|
|  53|0x0000000088700000, 0x0000000088700000, 0x0000000088800000|  0%| F|  |TS  0|AC  0|TAMS 0x0000000088700000, 0x0000000088700000|
|  54|0x0000000088800000, 0x0000000088800000, 0x0000000088900000|  0%| F|  |TS  0|AC  0|TAMS 0x0000000088800000, 0x0000000088800000|
|  55|0x0000000088900000, 0x0000000088900000, 0x0000000088a00000|  0%| F|  |TS  0|AC  0|TAMS 0x0000000088900000, 0x0000000088900000|
|  56|0x0000000088a00000, 0x0000000088a00000, 0x0000000088b00000|  0%| F|  |TS  0|AC  0|TAMS 0x0000000088a00000, 0x0000000088a00000|
|  57|0x0000000088b00000, 0x0000000088b00000, 0x0000000088c00000|  0%| F|  |TS  0|AC  0|TAMS 0x0000000088b00000, 0x0000000088b00000|
|  58|0x0000000088c00000, 0x0000000088c00000, 0x0000000088d00000|  0%| F|  |TS  0|AC  0|TAMS 0x0000000088c00000, 0x0000000088c00000|
|  59|0x0000000088d00000, 0x0000000088d00000, 0x0000000088e00000|  0%| F|  |TS  0|AC  0|TAMS 0x0000000088d00000, 0x0000000088d00000|
|  60|0x0000000088e00000, 0x0000000088e00000, 0x0000000088f00000|  0%| F|  |TS  0|AC  0|TAMS 0x0000000088e00000, 0x0000000088e00000|
|  61|0x0000000088f00000, 0x0000000088f00000, 0x0000000089000000|  0%| F|  |TS  0|AC  0|TAMS 0x0000000088f00000, 0x0000000088f00000|
|  62|0x0000000089000000, 0x0000000089000000, 0x0000000089100000|  0%| F|  |TS  0|AC  0|TAMS 0x0000000089000000, 0x0000000089000000|
|  63|0x0000000089100000, 0x0000000089100000, 0x0000000089200000|  0%| F|  |TS  0|AC  0|TAMS 0x0000000089100000, 0x0000000089100000|
|  64|0x0000000089200000, 0x0000000089200000, 0x0000000089300000|  0%| F|  |TS  0|AC  0|TAMS 0x0000000089200000, 0x0000000089200000|
|  65|0x0000000089300000, 0x0000000089300000, 0x0000000089400000|  0%| F|  |TS  0|AC  0|TAMS 0x0000000089300000, 0x0000000089300000|
|  66|0x0000000089400000, 0x0000000089400000, 0x0000000089500000|  0%| F|  |TS  0|AC  0|TAMS 0x0000000089400000, 0x0000000089400000|
|  67|0x0000000089500000, 0x0000000089500000, 0x0000000089600000|  0%| F|  |TS  0|AC  0|TAMS 0x0000000089500000, 0x0000000089500000|
|  68|0x0000000089600000, 0x0000000089600000, 0x0000000089700000|  0%| F|  |TS  0|AC  0|TAMS 0x0000000089600000, 0x0000000089600000|
|  69|0x0000000089700000, 0x0000000089700000, 0x0000000089800000|  0%| F|  |TS  0|AC  0|TAMS 0x0000000089700000, 0x0000000089700000|
|  70|0x0000000089800000, 0x0000000089800000, 0x0000000089900000|  0%| F|  |TS  0|AC  0|TAMS 0x0000000089800000, 0x0000000089800000|
|  71|0x0000000089900000, 0x0000000089900000, 0x0000000089a00000|  0%| F|  |TS  0|AC  0|TAMS 0x0000000089900000, 0x0000000089900000|
|  72|0x0000000089a00000, 0x0000000089a00000, 0x0000000089b00000|  0%| F|  |TS  0|AC  0|TAMS 0x0000000089a00000, 0x0000000089a00000|
|  73|0x0000000089b00000, 0x0000000089b00000, 0x0000000089c00000|  0%| F|  |TS  0|AC  0|TAMS 0x0000000089b00000, 0x0000000089b00000|
|  74|0x0000000089c00000, 0x0000000089c00000, 0x0000000089d00000|  0%| F|  |TS  0|AC  0|TAMS 0x0000000089c00000, 0x0000000089c00000|
|  75|0x0000000089d00000, 0x0000000089d00000, 0x0000000089e00000|  0%| F|  |TS  0|AC  0|TAMS 0x0000000089d00000, 0x0000000089d00000|
|  76|0x0000000089e00000, 0x0000000089e00000, 0x0000000089f00000|  0%| F|  |TS  0|AC  0|TAMS 0x0000000089e00000, 0x0000000089e00000|
|  77|0x0000000089f00000, 0x0000000089f00000, 0x000000008a000000|  0%| F|  |TS  0|AC  0|TAMS 0x0000000089f00000, 0x0000000089f00000|
|  78|0x000000008a000000, 0x000000008a000000, 0x000000008a100000|  0%| F|  |TS  0|AC  0|TAMS 0x000000008a000000, 0x000000008a000000|
|  79|0x000000008a100000, 0x000000008a100000, 0x000000008a200000|  0%| F|  |TS  0|AC  0|TAMS 0x000000008a100000, 0x000000008a100000|
|  80|0x000000008a200000, 0x000000008a200000, 0x000000008a300000|  0%| F|  |TS  0|AC  0|TAMS 0x000000008a200000, 0x000000008a200000|
|  81|0x000000008a300000, 0x000000008a300000, 0x000000008a400000|  0%| F|  |TS  0|AC  0|TAMS 0x000000008a300000, 0x000000008a300000|
|  82|0x000000008a400000, 0x000000008a400000, 0x000000008a500000|  0%| F|  |TS  0|AC  0|TAMS 0x000000008a400000, 0x000000008a400000|
|  83|0x000000008a500000, 0x000000008a500000, 0x000000008a600000|  0%| F|  |TS  0|AC  0|TAMS 0x000000008a500000, 0x000000008a500000|
|  84|0x000000008a600000, 0x000000008a600000, 0x000000008a700000|  0%| F|  |TS  0|AC  0|TAMS 0x000000008a600000, 0x000000008a600000|
|  85|0x000000008a700000, 0x000000008a700000, 0x000000008a800000|  0%| F|  |TS  0|AC  0|TAMS 0x000000008a700000, 0x000000008a700000|
|  86|0x000000008a800000, 0x000000008a800000, 0x000000008a900000|  0%| F|  |TS  0|AC  0|TAMS 0x000000008a800000, 0x000000008a800000|
|  87|0x000000008a900000, 0x000000008a900000, 0x000000008aa00000|  0%| F|  |TS  0|AC  0|TAMS 0x000000008a900000, 0x000000008a900000|
|  88|0x000000008aa00000, 0x000000008aa00000, 0x000000008ab00000|  0%| F|  |TS  0|AC  0|TAMS 0x000000008aa00000, 0x000000008aa00000|
|  89|0x000000008ab00000, 0x000000008ab00000, 0x000000008ac00000|  0%| F|  |TS  0|AC  0|TAMS 0x000000008ab00000, 0x000000008ab00000|
|  90|0x000000008ac00000, 0x000000008ac00000, 0x000000008ad00000|  0%| F|  |TS  0|AC  0|TAMS 0x000000008ac00000, 0x000000008ac00000|
|  91|0x000000008ad00000, 0x000000008ad00000, 0x000000008ae00000|  0%| F|  |TS  0|AC  0|TAMS 0x000000008ad00000, 0x000000008ad00000|
|  92|0x000000008ae00000, 0x000000008ae00000, 0x000000008af00000|  0%| F|  |TS  0|AC  0|TAMS 0x000000008ae00000, 0x000000008ae00000|
|  93|0x000000008af00000, 0x000000008af00000, 0x000000008b000000|  0%| F|  |TS  0|AC  0|TAMS 0x000000008af00000, 0x000000008af00000|
|  94|0x000000008b000000, 0x000000008b000000, 0x000000008b100000|  0%| F|  |TS  0|AC  0|TAMS 0x000000008b000000, 0x000000008b000000|
|  95|0x000000008b100000, 0x000000008b100000, 0x000000008b200000|  0%| F|  |TS  0|AC  0|TAMS 0x000000008b100000, 0x000000008b100000|
|  96|0x000000008b200000, 0x000000008b200000, 0x000000008b300000|  0%| F|  |TS  0|AC  0|TAMS 0x000000008b200000, 0x000000008b200000|
|  97|0x000000008b300000, 0x000000008b300000, 0x000000008b400000|  0%| F|  |TS  0|AC  0|TAMS 0x000000008b300000, 0x000000008b300000|
|  98|0x000000008b400000, 0x000000008b400000, 0x000000008b500000|  0%| F|  |TS  0|AC  0|TAMS 0x000000008b400000, 0x000000008b400000|
|  99|0x000000008b500000, 0x000000008b500000, 0x000000008b600000|  0%| F|  |TS  0|AC  0|TAMS 0x000000008b500000, 0x000000008b500000|
| 100|0x000000008b600000, 0x000000008b600000, 0x000000008b700000|  0%| F|  |TS  0|AC  0|TAMS 0x000000008b600000, 0x000000008b600000|
| 101|0x000000008b700000, 0x000000008b700000, 0x000000008b800000|  0%| F|  |TS  0|AC  0|TAMS 0x000000008b700000, 0x000000008b700000|
| 102|0x000000008b800000, 0x000000008b800000, 0x000000008b900000|  0%| F|  |TS  0|AC  0|TAMS 0x000000008b800000, 0x000000008b800000|
| 103|0x000000008b900000, 0x000000008b900000, 0x000000008ba00000|  0%| F|  |TS  0|AC  0|TAMS 0x000000008b900000, 0x000000008b900000|
| 104|0x000000008ba00000, 0x000000008ba00000, 0x000000008bb00000|  0%| F|  |TS  0|AC  0|TAMS 0x000000008ba00000, 0x000000008ba00000|
| 105|0x000000008bb00000, 0x000000008bb00000, 0x000000008bc00000|  0%| F|  |TS  0|AC  0|TAMS 0x000000008bb00000, 0x000000008bb00000|
| 106|0x000000008bc00000, 0x000000008bc00000, 0x000000008bd00000|  0%| F|  |TS  0|AC  0|TAMS 0x000000008bc00000, 0x000000008bc00000|
| 107|0x000000008bd00000, 0x000000008bd00000, 0x000000008be00000|  0%| F|  |TS  0|AC  0|TAMS 0x000000008bd00000, 0x000000008bd00000|
| 108|0x000000008be00000, 0x000000008be00000, 0x000000008bf00000|  0%| F|  |TS  0|AC  0|TAMS 0x000000008be00000, 0x000000008be00000|
| 109|0x000000008bf00000, 0x000000008bf00000, 0x000000008c000000|  0%| F|  |TS  0|AC  0|TAMS 0x000000008bf00000, 0x000000008bf00000|
| 110|0x000000008c000000, 0x000000008c000000, 0x000000008c100000|  0%| F|  |TS  0|AC  0|TAMS 0x000000008c000000, 0x000000008c000000|
| 111|0x000000008c100000, 0x000000008c100000, 0x000000008c200000|  0%| F|  |TS  0|AC  0|TAMS 0x000000008c100000, 0x000000008c100000|
| 112|0x000000008c200000, 0x000000008c200000, 0x000000008c300000|  0%| F|  |TS  0|AC  0|TAMS 0x000000008c200000, 0x000000008c200000|
| 113|0x000000008c300000, 0x000000008c300000, 0x000000008c400000|  0%| F|  |TS  0|AC  0|TAMS 0x000000008c300000, 0x000000008c300000|
| 114|0x000000008c400000, 0x000000008c400000, 0x000000008c500000|  0%| F|  |TS  0|AC  0|TAMS 0x000000008c400000, 0x000000008c400000|
| 115|0x000000008c500000, 0x000000008c500000, 0x000000008c600000|  0%| F|  |TS  0|AC  0|TAMS 0x000000008c500000, 0x000000008c500000|
| 116|0x000000008c600000, 0x000000008c600000, 0x000000008c700000|  0%| F|  |TS  0|AC  0|TAMS 0x000000008c600000, 0x000000008c600000|
| 117|0x000000008c700000, 0x000000008c700000, 0x000000008c800000|  0%| F|  |TS  0|AC  0|TAMS 0x000000008c700000, 0x000000008c700000|
| 118|0x000000008c800000, 0x000000008c800000, 0x000000008c900000|  0%| F|  |TS  0|AC  0|TAMS 0x000000008c800000, 0x000000008c800000|
| 119|0x000000008c900000, 0x000000008c900000, 0x000000008ca00000|  0%| F|  |TS  0|AC  0|TAMS 0x000000008c900000, 0x000000008c900000|
| 120|0x000000008ca00000, 0x000000008ca00000, 0x000000008cb00000|  0%| F|  |TS  0|AC  0|TAMS 0x000000008ca00000, 0x000000008ca00000|
| 121|0x000000008cb00000, 0x000000008cb00000, 0x000000008cc00000|  0%| F|  |TS  0|AC  0|TAMS 0x000000008cb00000, 0x000000008cb00000|
| 122|0x000000008cc00000, 0x000000008ccf6468, 0x000000008cd00000| 96%| E|  |TS  0|AC  0|TAMS 0x000000008cc00000, 0x000000008cc00000|
| 123|0x000000008cd00000, 0x000000008ce00000, 0x000000008ce00000|100%| E|CS|TS  0|AC  0|TAMS 0x000000008cd00000, 0x000000008cd00000|

Card table byte_map: [0x00007fc578878000,0x00007fc578c4f000] byte_map_base: 0x00007fc57844f000

Marking Bits (Prev, Next): (CMBitMap*) 0x00007fc57405ce80, (CMBitMap*) 0x00007fc57405ceb8
 Prev Bits: [0x00007fc559c6d000, 0x00007fc55bb25000)
 Next Bits: [0x00007fc53a148000, 0x00007fc53c000000)

Polling page: 0x00007fc57df2e000

CodeHeap 'non-profiled nmethods': size=120032Kb used=22Kb max_used=22Kb free=120009Kb
 bounds [0x00007fc5635ed000, 0x00007fc56385d000, 0x00007fc56ab25000]
CodeHeap 'profiled nmethods': size=120028Kb used=140Kb max_used=140Kb free=119887Kb
 bounds [0x00007fc55c0b6000, 0x00007fc55c326000, 0x00007fc5635ed000]
CodeHeap 'non-nmethods': size=5700Kb used=1019Kb max_used=1019Kb free=4681Kb
 bounds [0x00007fc55bb25000, 0x00007fc55bd95000, 0x00007fc55c0b6000]
 total_blobs=468 nmethods=103 adapters=222
 compilation: enabled

Compilation events (10 events):
Event: 0.119 Thread 0x00007fc57415e800 nmethod 99 0x00007fc55c0d6110 code [0x00007fc55c0d62e0, 0x00007fc55c0d66f0]
Event: 0.119 Thread 0x00007fc57415e800  100       3       java.lang.StringBuilder::append (8 bytes)
Event: 0.120 Thread 0x00007fc57415e800 nmethod 100 0x00007fc55c0d6890 code [0x00007fc55c0d6a40, 0x00007fc55c0d6be8]
Event: 0.120 Thread 0x00007fc57415e800  101       3       java.lang.AbstractStringBuilder::append (45 bytes)
Event: 0.120 Thread 0x00007fc57415e800 nmethod 101 0x00007fc55c0d6c90 code [0x00007fc55c0d6ec0, 0x00007fc55c0d7438]
Event: 0.121 Thread 0x00007fc57415e800  102       3       java.lang.Character::toLowerCase (9 bytes)
Event: 0.121 Thread 0x00007fc57415e800 nmethod 102 0x00007fc55c0d7690 code [0x00007fc55c0d7860, 0x00007fc55c0d7a98]
Event: 0.121 Thread 0x00007fc57415e800  103       3       java.lang.CharacterDataLatin1::toLowerCase (39 bytes)
Event: 0.121 Thread 0x00007fc57415e800 nmethod 103 0x00007fc55c0d7b90 code [0x00007fc55c0d7d60, 0x00007fc55c0d7ff0]
Event: 0.124 Thread 0x00007fc57415e800  104       3       java.util.Arrays::copyOfRange (63 bytes)

GC Heap History (0 events):
No events

Deoptimization events (1 events):
Event: 0.076 Thread 0x00007fc574012000 Uncommon trap: reason=unstable_if action=reinterpret pc=0x00007fc5635f21ec method=java.lang.String.hashCode()I @ 14 c2

Classes redefined (0 events):
No events

Internal exceptions (0 events):
No events

Events (10 events):
Event: 0.118 loading class com/cyberbotics/webots/controller/Mouse
Event: 0.118 loading class com/cyberbotics/webots/controller/Mouse done
Event: 0.119 loading class com/cyberbotics/webots/controller/Camera
Event: 0.119 loading class com/cyberbotics/webots/controller/Camera done
Event: 0.120 loading class com/cyberbotics/webots/controller/Device
Event: 0.120 loading class com/cyberbotics/webots/controller/Device done
Event: 0.120 loading class com/cyberbotics/webots/controller/DistanceSensor
Event: 0.120 loading class com/cyberbotics/webots/controller/DistanceSensor done
Event: 0.121 loading class com/cyberbotics/webots/controller/Motion
Event: 0.121 loading class com/cyberbotics/webots/controller/Motion done


Dynamic libraries:
85200000-8ce00000 rw-p 00000000 00:00 0 
8ce00000-100000000 ---p 00000000 00:00 0 
100000000-100080000 rw-p 00000000 00:00 0 
100080000-140000000 ---p 00000000 00:00 0 
55ff9ae3f000-55ff9ae40000 r-xp 00000000 08:01 23598097                   /usr/lib/jvm/java-11-openjdk-amd64/bin/java
55ff9b040000-55ff9b041000 r--p 00001000 08:01 23598097                   /usr/lib/jvm/java-11-openjdk-amd64/bin/java
55ff9b041000-55ff9b042000 rw-p 00002000 08:01 23598097                   /usr/lib/jvm/java-11-openjdk-amd64/bin/java
55ff9c38a000-55ff9c3ab000 rw-p 00000000 00:00 0                          [heap]
7fc4d0000000-7fc4d0021000 rw-p 00000000 00:00 0 
7fc4d0021000-7fc4d4000000 ---p 00000000 00:00 0 
7fc4d4000000-7fc4d4021000 rw-p 00000000 00:00 0 
7fc4d4021000-7fc4d8000000 ---p 00000000 00:00 0 
7fc4d8000000-7fc4d8021000 rw-p 00000000 00:00 0 
7fc4d8021000-7fc4dc000000 ---p 00000000 00:00 0 
7fc4dc000000-7fc4dc021000 rw-p 00000000 00:00 0 
7fc4dc021000-7fc4e0000000 ---p 00000000 00:00 0 
7fc4e0000000-7fc4e0021000 rw-p 00000000 00:00 0 
7fc4e0021000-7fc4e4000000 ---p 00000000 00:00 0 
7fc4e4000000-7fc4e407e000 rw-p 00000000 00:00 0 
7fc4e407e000-7fc4e8000000 ---p 00000000 00:00 0 
7fc4e8000000-7fc4e805e000 rw-p 00000000 00:00 0 
7fc4e805e000-7fc4ec000000 ---p 00000000 00:00 0 
7fc4ec000000-7fc4ec032000 rw-p 00000000 00:00 0 
7fc4ec032000-7fc4f0000000 ---p 00000000 00:00 0 
7fc4f0000000-7fc4f0021000 rw-p 00000000 00:00 0 
7fc4f0021000-7fc4f4000000 ---p 00000000 00:00 0 
7fc4f5caa000-7fc4f5cad000 r-xp 00000000 08:01 26486645                   /home/pc/Downloads/webots/resources/projects/plugins/robot_windows/generic/libgeneric.so
7fc4f5cad000-7fc4f5eac000 ---p 00003000 08:01 26486645                   /home/pc/Downloads/webots/resources/projects/plugins/robot_windows/generic/libgeneric.so
7fc4f5eac000-7fc4f5ead000 r--p 00002000 08:01 26486645                   /home/pc/Downloads/webots/resources/projects/plugins/robot_windows/generic/libgeneric.so
7fc4f5ead000-7fc4f5eae000 rw-p 00003000 08:01 26486645                   /home/pc/Downloads/webots/resources/projects/plugins/robot_windows/generic/libgeneric.so
7fc4f5eae000-7fc4f5eb9000 r-xp 00000000 08:01 27920412                   /home/pc/Downloads/webots/lib/libjbig.so.0
7fc4f5eb9000-7fc4f60b8000 ---p 0000b000 08:01 27920412                   /home/pc/Downloads/webots/lib/libjbig.so.0
7fc4f60b8000-7fc4f60b9000 r--p 0000a000 08:01 27920412                   /home/pc/Downloads/webots/lib/libjbig.so.0
7fc4f60b9000-7fc4f60bc000 rw-p 0000b000 08:01 27920412                   /home/pc/Downloads/webots/lib/libjbig.so.0
7fc4f60bc000-7fc4f60e0000 r-xp 00000000 08:01 14684814                   /lib/x86_64-linux-gnu/liblzma.so.5.2.2
7fc4f60e0000-7fc4f62e0000 ---p 00024000 08:01 14684814                   /lib/x86_64-linux-gnu/liblzma.so.5.2.2
7fc4f62e0000-7fc4f62e1000 r--p 00024000 08:01 14684814                   /lib/x86_64-linux-gnu/liblzma.so.5.2.2
7fc4f62e1000-7fc4f62e2000 rw-p 00025000 08:01 14684814                   /lib/x86_64-linux-gnu/liblzma.so.5.2.2
7fc4f62e2000-7fc4f6306000 r-xp 00000000 08:01 27920444                   /home/pc/Downloads/webots/lib/libpng12.so.0
7fc4f6306000-7fc4f6505000 ---p 00024000 08:01 27920444                   /home/pc/Downloads/webots/lib/libpng12.so.0
7fc4f6505000-7fc4f6506000 r--p 00023000 08:01 27920444                   /home/pc/Downloads/webots/lib/libpng12.so.0
7fc4f6506000-7fc4f6507000 rw-p 00024000 08:01 27920444                   /home/pc/Downloads/webots/lib/libpng12.so.0
7fc4f6507000-7fc4f655e000 r-xp 00000000 08:01 27920405                   /home/pc/Downloads/webots/lib/libjpeg.so.8
7fc4f655e000-7fc4f675e000 ---p 00057000 08:01 27920405                   /home/pc/Downloads/webots/lib/libjpeg.so.8
7fc4f675e000-7fc4f675f000 r--p 00057000 08:01 27920405                   /home/pc/Downloads/webots/lib/libjpeg.so.8
7fc4f675f000-7fc4f6760000 rw-p 00058000 08:01 27920405                   /home/pc/Downloads/webots/lib/libjpeg.so.8
7fc4f6760000-7fc4f67d1000 r-xp 00000000 08:01 27920407                   /home/pc/Downloads/webots/lib/libtiff.so.5
7fc4f67d1000-7fc4f69d1000 ---p 00071000 08:01 27920407                   /home/pc/Downloads/webots/lib/libtiff.so.5
7fc4f69d1000-7fc4f69d2000 r--p 00071000 08:01 27920407                   /home/pc/Downloads/webots/lib/libtiff.so.5
7fc4f69d2000-7fc4f69d5000 rw-p 00072000 08:01 27920407                   /home/pc/Downloads/webots/lib/libtiff.so.5
7fc4f69d5000-7fc4f6a21000 r-xp 00000000 08:01 27920416                   /home/pc/Downloads/webots/lib/libController.so
7fc4f6a21000-7fc4f6c20000 ---p 0004c000 08:01 27920416                   /home/pc/Downloads/webots/lib/libController.so
7fc4f6c20000-7fc4f6c21000 r--p 0004b000 08:01 27920416                   /home/pc/Downloads/webots/lib/libController.so
7fc4f6c21000-7fc4f6c22000 rw-p 0004c000 08:01 27920416                   /home/pc/Downloads/webots/lib/libController.so
7fc4f6c22000-7fc4f6c23000 rw-p 00000000 00:00 0 
7fc4f6c23000-7fc4f6c5d000 r-xp 00000000 08:01 27920467                   /home/pc/Downloads/webots/lib/libCppController.so
7fc4f6c5d000-7fc4f6e5c000 ---p 0003a000 08:01 27920467                   /home/pc/Downloads/webots/lib/libCppController.so
7fc4f6e5c000-7fc4f6e5e000 r--p 00039000 08:01 27920467                   /home/pc/Downloads/webots/lib/libCppController.so
7fc4f6e5e000-7fc4f6e60000 rw-p 0003b000 08:01 27920467                   /home/pc/Downloads/webots/lib/libCppController.so
7fc4f6e60000-7fc4f6e9c000 r-xp 00000000 08:01 27920367                   /home/pc/Downloads/webots/lib/java/libJavaController.so
7fc4f6e9c000-7fc4f709b000 ---p 0003c000 08:01 27920367                   /home/pc/Downloads/webots/lib/java/libJavaController.so
7fc4f709b000-7fc4f709c000 r--p 0003b000 08:01 27920367                   /home/pc/Downloads/webots/lib/java/libJavaController.so
7fc4f709c000-7fc4f709d000 rw-p 0003c000 08:01 27920367                   /home/pc/Downloads/webots/lib/java/libJavaController.so
7fc4f709d000-7fc4f70b4000 r-xp 00000000 08:01 23598500                   /usr/lib/jvm/java-11-openjdk-amd64/lib/libnet.so
7fc4f70b4000-7fc4f72b3000 ---p 00017000 08:01 23598500                   /usr/lib/jvm/java-11-openjdk-amd64/lib/libnet.so
7fc4f72b3000-7fc4f72b4000 r--p 00016000 08:01 23598500                   /usr/lib/jvm/java-11-openjdk-amd64/lib/libnet.so
7fc4f72b4000-7fc4f72b5000 rw-p 00017000 08:01 23598500                   /usr/lib/jvm/java-11-openjdk-amd64/lib/libnet.so
7fc4f72b5000-7fc4f72c6000 r-xp 00000000 08:01 23598501                   /usr/lib/jvm/java-11-openjdk-amd64/lib/libnio.so
7fc4f72c6000-7fc4f74c5000 ---p 00011000 08:01 23598501                   /usr/lib/jvm/java-11-openjdk-amd64/lib/libnio.so
7fc4f74c5000-7fc4f74c6000 r--p 00010000 08:01 23598501                   /usr/lib/jvm/java-11-openjdk-amd64/lib/libnio.so
7fc4f74c6000-7fc4f74c7000 rw-p 00011000 08:01 23598501                   /usr/lib/jvm/java-11-openjdk-amd64/lib/libnio.so
7fc4f74c7000-7fc4f74cb000 ---p 00000000 00:00 0 
7fc4f74cb000-7fc4f75c8000 rw-p 00000000 00:00 0 
7fc4f75c8000-7fc4f75c9000 ---p 00000000 00:00 0 
7fc4f75c9000-7fc4f76ca000 rw-p 00000000 00:00 0 
7fc4f76ca000-7fc4f76ce000 ---p 00000000 00:00 0 
7fc4f76ce000-7fc4f77cb000 rw-p 00000000 00:00 0 
7fc4f77cb000-7fc4f77cf000 ---p 00000000 00:00 0 
7fc4f77cf000-7fc4f78cc000 rw-p 00000000 00:00 0 
7fc4f78cc000-7fc4f78d0000 ---p 00000000 00:00 0 
7fc4f78d0000-7fc4f79cd000 rw-p 00000000 00:00 0 
7fc4f79cd000-7fc4f79d1000 ---p 00000000 00:00 0 
7fc4f79d1000-7fc4f7ace000 rw-p 00000000 00:00 0 
7fc4f7ace000-7fc4f7ad2000 ---p 00000000 00:00 0 
7fc4f7ad2000-7fc4f7bcf000 rw-p 00000000 00:00 0 
7fc4f7bcf000-7fc4f7bd3000 ---p 00000000 00:00 0 
7fc4f7bd3000-7fc4f7cd0000 rw-p 00000000 00:00 0 
7fc4f7cd0000-7fc4f8000000 r--p 00000000 08:01 23598983                   /usr/lib/locale/locale-archive
7fc4f8000000-7fc4f8021000 rw-p 00000000 00:00 0 
7fc4f8021000-7fc4fc000000 ---p 00000000 00:00 0 
7fc4fc000000-7fc4fc021000 rw-p 00000000 00:00 0 
7fc4fc021000-7fc500000000 ---p 00000000 00:00 0 
7fc500000000-7fc500021000 rw-p 00000000 00:00 0 
7fc500021000-7fc504000000 ---p 00000000 00:00 0 
7fc504000000-7fc504021000 rw-p 00000000 00:00 0 
7fc504021000-7fc508000000 ---p 00000000 00:00 0 
7fc508000000-7fc508021000 rw-p 00000000 00:00 0 
7fc508021000-7fc50c000000 ---p 00000000 00:00 0 
7fc50c000000-7fc50c021000 rw-p 00000000 00:00 0 
7fc50c021000-7fc510000000 ---p 00000000 00:00 0 
7fc510000000-7fc510021000 rw-p 00000000 00:00 0 
7fc510021000-7fc514000000 ---p 00000000 00:00 0 
7fc514000000-7fc514021000 rw-p 00000000 00:00 0 
7fc514021000-7fc518000000 ---p 00000000 00:00 0 
7fc518000000-7fc518021000 rw-p 00000000 00:00 0 
7fc518021000-7fc51c000000 ---p 00000000 00:00 0 
7fc51c000000-7fc51c021000 rw-p 00000000 00:00 0 
7fc51c021000-7fc520000000 ---p 00000000 00:00 0 
7fc520000000-7fc520021000 rw-p 00000000 00:00 0 
7fc520021000-7fc524000000 ---p 00000000 00:00 0 
7fc524000000-7fc524021000 rw-p 00000000 00:00 0 
7fc524021000-7fc528000000 ---p 00000000 00:00 0 
7fc528000000-7fc528021000 rw-p 00000000 00:00 0 
7fc528021000-7fc52c000000 ---p 00000000 00:00 0 
7fc52c000000-7fc52c021000 rw-p 00000000 00:00 0 
7fc52c021000-7fc530000000 ---p 00000000 00:00 0 
7fc530000000-7fc530021000 rw-p 00000000 00:00 0 
7fc530021000-7fc534000000 ---p 00000000 00:00 0 
7fc534000000-7fc534021000 rw-p 00000000 00:00 0 
7fc534021000-7fc538000000 ---p 00000000 00:00 0 
7fc538047000-7fc53804b000 ---p 00000000 00:00 0 
7fc53804b000-7fc53a338000 rw-p 00000000 00:00 0 
7fc53a338000-7fc53c000000 ---p 00000000 00:00 0 
7fc53c000000-7fc53c021000 rw-p 00000000 00:00 0 
7fc53c021000-7fc540000000 ---p 00000000 00:00 0 
7fc540000000-7fc540021000 rw-p 00000000 00:00 0 
7fc540021000-7fc544000000 ---p 00000000 00:00 0 
7fc544000000-7fc544021000 rw-p 00000000 00:00 0 
7fc544021000-7fc548000000 ---p 00000000 00:00 0 
7fc548000000-7fc548021000 rw-p 00000000 00:00 0 
7fc548021000-7fc54c000000 ---p 00000000 00:00 0 
7fc54c000000-7fc54c021000 rw-p 00000000 00:00 0 
7fc54c021000-7fc550000000 ---p 00000000 00:00 0 
7fc550000000-7fc550021000 rw-p 00000000 00:00 0 
7fc550021000-7fc554000000 ---p 00000000 00:00 0 
7fc554000000-7fc554021000 rw-p 00000000 00:00 0 
7fc554021000-7fc558000000 ---p 00000000 00:00 0 
7fc5580a9000-7fc5580da000 rw-p 00000000 00:00 0 
7fc5580da000-7fc5580de000 ---p 00000000 00:00 0 
7fc5580de000-7fc5581db000 rw-p 00000000 00:00 0 
7fc5581db000-7fc5581df000 ---p 00000000 00:00 0 
7fc5581df000-7fc5582dc000 rw-p 00000000 00:00 0 
7fc5582dc000-7fc5582dd000 ---p 00000000 00:00 0 
7fc5582dd000-7fc5588d4000 rw-p 00000000 00:00 0 
7fc5588d4000-7fc558c54000 ---p 00000000 00:00 0 
7fc558c54000-7fc558c55000 ---p 00000000 00:00 0 
7fc558c55000-7fc558d56000 rw-p 00000000 00:00 0 
7fc558d56000-7fc558d57000 ---p 00000000 00:00 0 
7fc558d57000-7fc558e58000 rw-p 00000000 00:00 0 
7fc558e58000-7fc558e59000 ---p 00000000 00:00 0 
7fc558e59000-7fc558f5a000 rw-p 00000000 00:00 0 
7fc558f5a000-7fc558f5b000 ---p 00000000 00:00 0 
7fc558f5b000-7fc55905c000 rw-p 00000000 00:00 0 
7fc55905c000-7fc55905d000 ---p 00000000 00:00 0 
7fc55905d000-7fc55915e000 rw-p 00000000 00:00 0 
7fc55915e000-7fc55915f000 ---p 00000000 00:00 0 
7fc55915f000-7fc559260000 rw-p 00000000 00:00 0 
7fc559260000-7fc559261000 ---p 00000000 00:00 0 
7fc559261000-7fc559362000 rw-p 00000000 00:00 0 
7fc559362000-7fc559363000 ---p 00000000 00:00 0 
7fc559363000-7fc559464000 rw-p 00000000 00:00 0 
7fc559464000-7fc559465000 ---p 00000000 00:00 0 
7fc559465000-7fc559e5d000 rw-p 00000000 00:00 0 
7fc559e5d000-7fc55bb25000 ---p 00000000 00:00 0 
7fc55bb25000-7fc55bd95000 rwxp 00000000 00:00 0 
7fc55bd95000-7fc55c0b6000 ---p 00000000 00:00 0 
7fc55c0b6000-7fc55c326000 rwxp 00000000 00:00 0 
7fc55c326000-7fc5635ed000 ---p 00000000 00:00 0 
7fc5635ed000-7fc56385d000 rwxp 00000000 00:00 0 
7fc56385d000-7fc56ab25000 ---p 00000000 00:00 0 
7fc56ab25000-7fc574000000 r--s 00000000 08:01 23598511                   /usr/lib/jvm/java-11-openjdk-amd64/lib/modules
7fc574000000-7fc574266000 rw-p 00000000 00:00 0 
7fc574266000-7fc578000000 ---p 00000000 00:00 0 
7fc578017000-7fc57819b000 rw-p 00000000 00:00 0 
7fc57819b000-7fc57819c000 ---p 00000000 00:00 0 
7fc57819c000-7fc57829d000 rw-p 00000000 00:00 0 
7fc57829d000-7fc57829e000 ---p 00000000 00:00 0 
7fc57829e000-7fc57839f000 rw-p 00000000 00:00 0 
7fc57839f000-7fc5783a0000 ---p 00000000 00:00 0 
7fc5783a0000-7fc5784df000 rw-p 00000000 00:00 0 
7fc5784df000-7fc578878000 ---p 00000000 00:00 0 
7fc578878000-7fc5788b6000 rw-p 00000000 00:00 0 
7fc5788b6000-7fc578c4f000 ---p 00000000 00:00 0 
7fc578c4f000-7fc578c8d000 rw-p 00000000 00:00 0 
7fc578c8d000-7fc579026000 ---p 00000000 00:00 0 
7fc579026000-7fc57982e000 rw-p 00000000 00:00 0 
7fc57982e000-7fc57982f000 ---p 00000000 00:00 0 
7fc57982f000-7fc579930000 rw-p 00000000 00:00 0 
7fc579930000-7fc579931000 ---p 00000000 00:00 0 
7fc579931000-7fc579a32000 rw-p 00000000 00:00 0 
7fc579a32000-7fc579a33000 ---p 00000000 00:00 0 
7fc579a33000-7fc579b34000 rw-p 00000000 00:00 0 
7fc579b34000-7fc579b35000 ---p 00000000 00:00 0 
7fc579b35000-7fc579c36000 rw-p 00000000 00:00 0 
7fc579c36000-7fc579c37000 ---p 00000000 00:00 0 
7fc579c37000-7fc579d38000 rw-p 00000000 00:00 0 
7fc579d38000-7fc579d39000 ---p 00000000 00:00 0 
7fc579d39000-7fc579e3a000 rw-p 00000000 00:00 0 
7fc579e3a000-7fc579e3b000 ---p 00000000 00:00 0 
7fc579e3b000-7fc579f3c000 rw-p 00000000 00:00 0 
7fc579f3c000-7fc579f3d000 ---p 00000000 00:00 0 
7fc579f3d000-7fc57a043000 rw-p 00000000 00:00 0 
7fc57a043000-7fc57a129000 ---p 00000000 00:00 0 
7fc57a129000-7fc57a12e000 rw-p 00000000 00:00 0 
7fc57a12e000-7fc57a214000 ---p 00000000 00:00 0 
7fc57a214000-7fc57a219000 r-xp 00000000 08:01 23598491                   /usr/lib/jvm/java-11-openjdk-amd64/lib/libjimage.so
7fc57a219000-7fc57a418000 ---p 00005000 08:01 23598491                   /usr/lib/jvm/java-11-openjdk-amd64/lib/libjimage.so
7fc57a418000-7fc57a419000 r--p 00004000 08:01 23598491                   /usr/lib/jvm/java-11-openjdk-amd64/lib/libjimage.so
7fc57a419000-7fc57a41a000 rw-p 00005000 08:01 23598491                   /usr/lib/jvm/java-11-openjdk-amd64/lib/libjimage.so
7fc57a41a000-7fc57a421000 r-xp 00000000 08:01 23598510                   /usr/lib/jvm/java-11-openjdk-amd64/lib/libzip.so
7fc57a421000-7fc57a620000 ---p 00007000 08:01 23598510                   /usr/lib/jvm/java-11-openjdk-amd64/lib/libzip.so
7fc57a620000-7fc57a621000 r--p 00006000 08:01 23598510                   /usr/lib/jvm/java-11-openjdk-amd64/lib/libzip.so
7fc57a621000-7fc57a622000 rw-p 00007000 08:01 23598510                   /usr/lib/jvm/java-11-openjdk-amd64/lib/libzip.so
7fc57a622000-7fc57a62d000 r-xp 00000000 08:01 14684844                   /lib/x86_64-linux-gnu/libnss_files-2.27.so
7fc57a62d000-7fc57a82c000 ---p 0000b000 08:01 14684844                   /lib/x86_64-linux-gnu/libnss_files-2.27.so
7fc57a82c000-7fc57a82d000 r--p 0000a000 08:01 14684844                   /lib/x86_64-linux-gnu/libnss_files-2.27.so
7fc57a82d000-7fc57a82e000 rw-p 0000b000 08:01 14684844                   /lib/x86_64-linux-gnu/libnss_files-2.27.so
7fc57a82e000-7fc57a834000 rw-p 00000000 00:00 0 
7fc57a834000-7fc57a84b000 r-xp 00000000 08:01 14684838                   /lib/x86_64-linux-gnu/libnsl-2.27.so
7fc57a84b000-7fc57aa4a000 ---p 00017000 08:01 14684838                   /lib/x86_64-linux-gnu/libnsl-2.27.so
7fc57aa4a000-7fc57aa4b000 r--p 00016000 08:01 14684838                   /lib/x86_64-linux-gnu/libnsl-2.27.so
7fc57aa4b000-7fc57aa4c000 rw-p 00017000 08:01 14684838                   /lib/x86_64-linux-gnu/libnsl-2.27.so
7fc57aa4c000-7fc57aa4e000 rw-p 00000000 00:00 0 
7fc57aa4e000-7fc57aa59000 r-xp 00000000 08:01 14684855                   /lib/x86_64-linux-gnu/libnss_nis-2.27.so
7fc57aa59000-7fc57ac58000 ---p 0000b000 08:01 14684855                   /lib/x86_64-linux-gnu/libnss_nis-2.27.so
7fc57ac58000-7fc57ac59000 r--p 0000a000 08:01 14684855                   /lib/x86_64-linux-gnu/libnss_nis-2.27.so
7fc57ac59000-7fc57ac5a000 rw-p 0000b000 08:01 14684855                   /lib/x86_64-linux-gnu/libnss_nis-2.27.so
7fc57ac5a000-7fc57ac62000 r-xp 00000000 08:01 14684840                   /lib/x86_64-linux-gnu/libnss_compat-2.27.so
7fc57ac62000-7fc57ae62000 ---p 00008000 08:01 14684840                   /lib/x86_64-linux-gnu/libnss_compat-2.27.so
7fc57ae62000-7fc57ae63000 r--p 00008000 08:01 14684840                   /lib/x86_64-linux-gnu/libnss_compat-2.27.so
7fc57ae63000-7fc57ae64000 rw-p 00009000 08:01 14684840                   /lib/x86_64-linux-gnu/libnss_compat-2.27.so
7fc57ae64000-7fc57ae90000 r-xp 00000000 08:01 23598487                   /usr/lib/jvm/java-11-openjdk-amd64/lib/libjava.so
7fc57ae90000-7fc57b08f000 ---p 0002c000 08:01 23598487                   /usr/lib/jvm/java-11-openjdk-amd64/lib/libjava.so
7fc57b08f000-7fc57b090000 r--p 0002b000 08:01 23598487                   /usr/lib/jvm/java-11-openjdk-amd64/lib/libjava.so
7fc57b090000-7fc57b092000 rw-p 0002c000 08:01 23598487                   /usr/lib/jvm/java-11-openjdk-amd64/lib/libjava.so
7fc57b092000-7fc57b09f000 r-xp 00000000 08:01 23598509                   /usr/lib/jvm/java-11-openjdk-amd64/lib/libverify.so
7fc57b09f000-7fc57b29e000 ---p 0000d000 08:01 23598509                   /usr/lib/jvm/java-11-openjdk-amd64/lib/libverify.so
7fc57b29e000-7fc57b2a0000 r--p 0000c000 08:01 23598509                   /usr/lib/jvm/java-11-openjdk-amd64/lib/libverify.so
7fc57b2a0000-7fc57b2a1000 rw-p 0000e000 08:01 23598509                   /usr/lib/jvm/java-11-openjdk-amd64/lib/libverify.so
7fc57b2a1000-7fc57b2a8000 r-xp 00000000 08:01 14684895                   /lib/x86_64-linux-gnu/librt-2.27.so
7fc57b2a8000-7fc57b4a7000 ---p 00007000 08:01 14684895                   /lib/x86_64-linux-gnu/librt-2.27.so
7fc57b4a7000-7fc57b4a8000 r--p 00006000 08:01 14684895                   /lib/x86_64-linux-gnu/librt-2.27.so
7fc57b4a8000-7fc57b4a9000 rw-p 00007000 08:01 14684895                   /lib/x86_64-linux-gnu/librt-2.27.so
7fc57b4a9000-7fc57b4c0000 r-xp 00000000 08:01 14684791                   /lib/x86_64-linux-gnu/libgcc_s.so.1
7fc57b4c0000-7fc57b6bf000 ---p 00017000 08:01 14684791                   /lib/x86_64-linux-gnu/libgcc_s.so.1
7fc57b6bf000-7fc57b6c0000 r--p 00016000 08:01 14684791                   /lib/x86_64-linux-gnu/libgcc_s.so.1
7fc57b6c0000-7fc57b6c1000 rw-p 00017000 08:01 14684791                   /lib/x86_64-linux-gnu/libgcc_s.so.1
7fc57b6c1000-7fc57b85e000 r-xp 00000000 08:01 14684817                   /lib/x86_64-linux-gnu/libm-2.27.so
7fc57b85e000-7fc57ba5d000 ---p 0019d000 08:01 14684817                   /lib/x86_64-linux-gnu/libm-2.27.so
7fc57ba5d000-7fc57ba5e000 r--p 0019c000 08:01 14684817                   /lib/x86_64-linux-gnu/libm-2.27.so
7fc57ba5e000-7fc57ba5f000 rw-p 0019d000 08:01 14684817                   /lib/x86_64-linux-gnu/libm-2.27.so
7fc57ba5f000-7fc57bbd8000 r-xp 00000000 08:01 23601225                   /usr/lib/x86_64-linux-gnu/libstdc++.so.6.0.25
7fc57bbd8000-7fc57bdd8000 ---p 00179000 08:01 23601225                   /usr/lib/x86_64-linux-gnu/libstdc++.so.6.0.25
7fc57bdd8000-7fc57bde2000 r--p 00179000 08:01 23601225                   /usr/lib/x86_64-linux-gnu/libstdc++.so.6.0.25
7fc57bde2000-7fc57bde4000 rw-p 00183000 08:01 23601225                   /usr/lib/x86_64-linux-gnu/libstdc++.so.6.0.25
7fc57bde4000-7fc57bde8000 rw-p 00000000 00:00 0 
7fc57bde8000-7fc57cd85000 r-xp 00000000 08:01 23598523                   /usr/lib/jvm/java-11-openjdk-amd64/lib/server/libjvm.so
7fc57cd85000-7fc57cf85000 ---p 00f9d000 08:01 23598523                   /usr/lib/jvm/java-11-openjdk-amd64/lib/server/libjvm.so
7fc57cf85000-7fc57d049000 r--p 00f9d000 08:01 23598523                   /usr/lib/jvm/java-11-openjdk-amd64/lib/server/libjvm.so
7fc57d049000-7fc57d081000 rw-p 01061000 08:01 23598523                   /usr/lib/jvm/java-11-openjdk-amd64/lib/server/libjvm.so
7fc57d081000-7fc57d0ca000 rw-p 00000000 00:00 0 
7fc57d0ca000-7fc57d0e4000 r-xp 00000000 08:01 14684887                   /lib/x86_64-linux-gnu/libpthread-2.27.so
7fc57d0e4000-7fc57d2e3000 ---p 0001a000 08:01 14684887                   /lib/x86_64-linux-gnu/libpthread-2.27.so
7fc57d2e3000-7fc57d2e4000 r--p 00019000 08:01 14684887                   /lib/x86_64-linux-gnu/libpthread-2.27.so
7fc57d2e4000-7fc57d2e5000 rw-p 0001a000 08:01 14684887                   /lib/x86_64-linux-gnu/libpthread-2.27.so
7fc57d2e5000-7fc57d2e9000 rw-p 00000000 00:00 0 
7fc57d2e9000-7fc57d2ec000 r-xp 00000000 08:01 14684777                   /lib/x86_64-linux-gnu/libdl-2.27.so
7fc57d2ec000-7fc57d4eb000 ---p 00003000 08:01 14684777                   /lib/x86_64-linux-gnu/libdl-2.27.so
7fc57d4eb000-7fc57d4ec000 r--p 00002000 08:01 14684777                   /lib/x86_64-linux-gnu/libdl-2.27.so
7fc57d4ec000-7fc57d4ed000 rw-p 00003000 08:01 14684777                   /lib/x86_64-linux-gnu/libdl-2.27.so
7fc57d4ed000-7fc57d509000 r-xp 00000000 08:01 14684928                   /lib/x86_64-linux-gnu/libz.so.1.2.11
7fc57d509000-7fc57d708000 ---p 0001c000 08:01 14684928                   /lib/x86_64-linux-gnu/libz.so.1.2.11
7fc57d708000-7fc57d709000 r--p 0001b000 08:01 14684928                   /lib/x86_64-linux-gnu/libz.so.1.2.11
7fc57d709000-7fc57d70a000 rw-p 0001c000 08:01 14684928                   /lib/x86_64-linux-gnu/libz.so.1.2.11
7fc57d70a000-7fc57d8f1000 r-xp 00000000 08:01 14684754                   /lib/x86_64-linux-gnu/libc-2.27.so
7fc57d8f1000-7fc57daf1000 ---p 001e7000 08:01 14684754                   /lib/x86_64-linux-gnu/libc-2.27.so
7fc57daf1000-7fc57daf5000 r--p 001e7000 08:01 14684754                   /lib/x86_64-linux-gnu/libc-2.27.so
7fc57daf5000-7fc57daf7000 rw-p 001eb000 08:01 14684754                   /lib/x86_64-linux-gnu/libc-2.27.so
7fc57daf7000-7fc57dafb000 rw-p 00000000 00:00 0 
7fc57dafb000-7fc57db0a000 r-xp 00000000 08:01 23598516                   /usr/lib/jvm/java-11-openjdk-amd64/lib/jli/libjli.so
7fc57db0a000-7fc57dd09000 ---p 0000f000 08:01 23598516                   /usr/lib/jvm/java-11-openjdk-amd64/lib/jli/libjli.so
7fc57dd09000-7fc57dd0a000 r--p 0000e000 08:01 23598516                   /usr/lib/jvm/java-11-openjdk-amd64/lib/jli/libjli.so
7fc57dd0a000-7fc57dd0b000 rw-p 0000f000 08:01 23598516                   /usr/lib/jvm/java-11-openjdk-amd64/lib/jli/libjli.so
7fc57dd0b000-7fc57dd32000 r-xp 00000000 08:01 14684726                   /lib/x86_64-linux-gnu/ld-2.27.so
7fc57dd57000-7fc57de15000 rw-p 00000000 00:00 0 
7fc57de15000-7fc57de19000 ---p 00000000 00:00 0 
7fc57de19000-7fc57df1f000 rw-p 00000000 00:00 0 
7fc57df1f000-7fc57df26000 ---p 00000000 00:00 0 
7fc57df26000-7fc57df2e000 rw-s 00000000 08:01 28966955                   /tmp/hsperfdata_pc/6047
7fc57df2e000-7fc57df2f000 ---p 00000000 00:00 0 
7fc57df2f000-7fc57df30000 r--p 00000000 00:00 0 
7fc57df30000-7fc57df32000 rw-p 00000000 00:00 0 
7fc57df32000-7fc57df33000 r--p 00027000 08:01 14684726                   /lib/x86_64-linux-gnu/ld-2.27.so
7fc57df33000-7fc57df34000 rw-p 00028000 08:01 14684726                   /lib/x86_64-linux-gnu/ld-2.27.so
7fc57df34000-7fc57df35000 rw-p 00000000 00:00 0 
7ffe3a92e000-7ffe3a950000 rw-p 00000000 00:00 0                          [stack]
7ffe3a997000-7ffe3a99a000 r--p 00000000 00:00 0                          [vvar]
7ffe3a99a000-7ffe3a99c000 r-xp 00000000 00:00 0                          [vdso]
ffffffffff600000-ffffffffff601000 r-xp 00000000 00:00 0                  [vsyscall]


VM Arguments:
jvm_args: -Djava.library.path=/home/pc/Downloads/webots/lib/java 
java_command: SensorController
java_class_path (initial): /home/pc/Downloads/webots/lib/java/Controller.jar:/home/pc/Dokumente/my_project/controllers/SensorController/
Launcher Type: SUN_STANDARD

Logging:
Log output configuration:
#0: stdout all=warning uptime,level,tags
#1: stderr all=off uptime,level,tags

Environment Variables:
PATH=/usr/local/sbin:/usr/local/bin:/usr/sbin:/usr/bin:/sbin:/bin:/usr/games:/usr/local/games
LD_LIBRARY_PATH=/home/pc/Downloads/webots/projects/default/libraries/vehicle:/home/pc/Downloads/webots/projects/default/libraries/ros:/home/pc/Downloads/webots/resources/projects/libraries/qt_utils:/home/pc/Dokumente/my_project/controllers/SensorController/:/home/pc/Downloads/webots/lib/:/tmp/webots-5982/lib:
SHELL=/bin/bash
DISPLAY=:0

Signal Handlers:
SIGSEGV: [libjvm.so+0xd28b70], sa_mask[0]=11111111011111111101111111111110, sa_flags=SA_RESTART|SA_SIGINFO
SIGBUS: [libjvm.so+0xd28b70], sa_mask[0]=11111111011111111101111111111110, sa_flags=SA_RESTART|SA_SIGINFO
SIGFPE: [libjvm.so+0xd28b70], sa_mask[0]=11111111011111111101111111111110, sa_flags=SA_RESTART|SA_SIGINFO
SIGPIPE: [libjvm.so+0xb2a1f0], sa_mask[0]=11111111011111111101111111111110, sa_flags=SA_RESTART|SA_SIGINFO
SIGXFSZ: [libjvm.so+0xb2a1f0], sa_mask[0]=11111111011111111101111111111110, sa_flags=SA_RESTART|SA_SIGINFO
SIGILL: [libjvm.so+0xd28b70], sa_mask[0]=11111111011111111101111111111110, sa_flags=SA_RESTART|SA_SIGINFO
SIGUSR2: [libjvm.so+0xb2a030], sa_mask[0]=00000000000000000000000000000000, sa_flags=SA_RESTART|SA_SIGINFO
SIGHUP: [libjvm.so+0xb2a180], sa_mask[0]=11111111011111111101111111111110, sa_flags=SA_RESTART|SA_SIGINFO
SIGINT: [libjvm.so+0xb2a180], sa_mask[0]=11111111011111111101111111111110, sa_flags=SA_RESTART|SA_SIGINFO
SIGTERM: [libjvm.so+0xb2a180], sa_mask[0]=11111111011111111101111111111110, sa_flags=SA_RESTART|SA_SIGINFO
SIGQUIT: [libjvm.so+0xb2a180], sa_mask[0]=11111111011111111101111111111110, sa_flags=SA_RESTART|SA_SIGINFO


---------------  S Y S T E M  ---------------

OS:DISTRIB_ID=LinuxMint
DISTRIB_RELEASE=19.1
DISTRIB_CODENAME=tessa
DISTRIB_DESCRIPTION="Linux Mint 19.1 Tessa"
uname:Linux 4.15.0-20-generic #21-Ubuntu SMP Tue Apr 24 06:16:15 UTC 2018 x86_64
libc:glibc 2.27 NPTL 2.27 
rlimit: STACK 8192k, CORE 0k, NPROC 31207, NOFILE 4096, AS infinity, DATA infinity, FSIZE infinity
load average:0.67 0.50 0.64

/proc/meminfo:
MemTotal:        8051996 kB
MemFree:         4621220 kB
MemAvailable:    5716676 kB
Buffers:          108320 kB
Cached:          2060824 kB
SwapCached:            0 kB
Active:          1694764 kB
Inactive:        1500600 kB
Active(anon):    1027600 kB
Inactive(anon):   901684 kB
Active(file):     667164 kB
Inactive(file):   598916 kB
Unevictable:          32 kB
Mlocked:              32 kB
SwapTotal:       2097148 kB
SwapFree:        2097148 kB
Dirty:               416 kB
Writeback:             0 kB
AnonPages:       1026540 kB
Mapped:           526160 kB
Shmem:            903024 kB
Slab:             142372 kB
SReclaimable:      97220 kB
SUnreclaim:        45152 kB
KernelStack:       10140 kB
PageTables:        33992 kB
NFS_Unstable:          0 kB
Bounce:                0 kB
WritebackTmp:          0 kB
CommitLimit:     6123144 kB
Committed_AS:    5184680 kB
VmallocTotal:   34359738367 kB
VmallocUsed:           0 kB
VmallocChunk:          0 kB
HardwareCorrupted:     0 kB
AnonHugePages:         0 kB
ShmemHugePages:        0 kB
ShmemPmdMapped:        0 kB
CmaTotal:              0 kB
CmaFree:               0 kB
HugePages_Total:       0
HugePages_Free:        0
HugePages_Rsvd:        0
HugePages_Surp:        0
Hugepagesize:       2048 kB
DirectMap4k:      168896 kB
DirectMap2M:     8103936 kB

container (cgroup) information:
container_type: cgroupv1
cpu_cpuset_cpus: 0-7
cpu_memory_nodes: 0
active_processor_count: 8
cpu_quota: -1
cpu_period: 100000
cpu_shares: -1
memory_limit_in_bytes: -1
memory_and_swap_limit_in_bytes: -2
memory_soft_limit_in_bytes: -1
memory_usage_in_bytes: 3273293824
memory_max_usage_in_bytes: 0


CPU:total 8 (initial active 8) (4 cores per cpu, 2 threads per core) family 6 model 58 stepping 9, cmov, cx8, fxsr, mmx, sse, sse2, sse3, ssse3, sse4.1, sse4.2, popcnt, avx, aes, clmul, erms, ht, tsc, tscinvbit, tscinv
CPU Model and flags from /proc/cpuinfo:
model name	: Intel(R) Core(TM) i7-3770 CPU @ 3.40GHz
flags		: fpu vme de pse tsc msr pae mce cx8 apic sep mtrr pge mca cmov pat pse36 clflush dts acpi mmx fxsr sse sse2 ss ht tm pbe syscall nx rdtscp lm constant_tsc arch_perfmon pebs bts rep_good nopl xtopology nonstop_tsc cpuid aperfmperf pni pclmulqdq dtes64 monitor ds_cpl vmx smx est tm2 ssse3 cx16 xtpr pdcm pcid sse4_1 sse4_2 x2apic popcnt tsc_deadline_timer aes xsave avx f16c rdrand lahf_lm cpuid_fault epb pti tpr_shadow vnmi flexpriority ept vpid fsgsbase smep erms xsaveopt dtherm ida arat pln pts

Memory: 4k page, physical 8051996k(4621220k free), swap 2097148k(2097148k free)

vm_info: OpenJDK 64-Bit Server VM (10.0.2+13-Ubuntu-1ubuntu0.18.04.4) for linux-amd64 JRE (10.0.2+13-Ubuntu-1ubuntu0.18.04.4), built on Nov 13 2018 12:53:39 by "buildd" with gcc 7.3.0

END.
