#
# A fatal error has been detected by the Java Runtime Environment:
#
#  SIGSEGV (0xb) at pc=0x00007f6363326b32, pid=5934, tid=5935
#
# JRE version: OpenJDK Runtime Environment (10.0.2+13) (build 10.0.2+13-Ubuntu-1ubuntu0.18.04.4)
# Java VM: OpenJDK 64-Bit Server VM (10.0.2+13-Ubuntu-1ubuntu0.18.04.4, mixed mode, tiered, compressed oops, g1 gc, linux-amd64)
# Problematic frame:
# C  [libController.so+0x1bb32]  wbu_motion_new+0x5d2
#
# Core dump will be written. Default location: Core dumps may be processed with "/usr/share/apport/apport %p %s %c %d %P" (or dumping to /home/pc/Dokumente/my_project/controllers/SensorController/core.5934)
#
# If you would like to submit a bug report, please visit:
#   http://bugreport.java.com/bugreport/crash.jsp
# The crash happened outside the Java Virtual Machine in native code.
# See problematic frame for where to report the bug.
#

---------------  S U M M A R Y ------------

Command Line: -Djava.library.path=/home/pc/Downloads/webots/lib/java SensorController

Host: Intel(R) Core(TM) i7-3770 CPU @ 3.40GHz, 8 cores, 7G, Linux Mint 19.1 Tessa
Time: Tue Jun 18 12:59:21 2019 CEST elapsed time: 0 seconds (0d 0h 0m 0s)

---------------  T H R E A D  ---------------

Current thread (0x00007f63f8012000):  JavaThread "main" [_thread_in_native, id=5935, stack(0x00007f64026a7000,0x00007f64027a8000)]

Stack: [0x00007f64026a7000,0x00007f64027a8000],  sp=0x00007f64027a56f0,  free space=1017k
Native frames: (J=compiled Java code, A=aot compiled Java code, j=interpreted, Vv=VM code, C=native code)
C  [libController.so+0x1bb32]  wbu_motion_new+0x5d2
C  [libCppController.so+0x28c7a]  webots::Motion::Motion(std::__cxx11::basic_string<char, std::char_traits<char>, std::allocator<char> > const&)+0x36
C  [libJavaController.so+0x27c5d]  Java_com_cyberbotics_webots_controller_wrapperJNI_new_1Motion+0x10a
j  com.cyberbotics.webots.controller.wrapperJNI.new_Motion(Ljava/lang/String;)J+0
j  com.cyberbotics.webots.controller.Motion.<init>(Ljava/lang/String;)V+2
j  SensorController.loadMotionFiles()V+118
j  SensorController.main([Ljava/lang/String;)V+22
v  ~StubRoutines::call_stub
V  [libjvm.so+0x83d38f]
V  [libjvm.so+0x85c3cd]
V  [libjvm.so+0x85e60e]
C  [libjli.so+0x4aa0]
C  [libjli.so+0x89dd]
C  [libpthread.so.0+0x76db]  start_thread+0xdb

Java frames: (J=compiled Java code, j=interpreted, Vv=VM code)
j  com.cyberbotics.webots.controller.wrapperJNI.new_Motion(Ljava/lang/String;)J+0
j  com.cyberbotics.webots.controller.Motion.<init>(Ljava/lang/String;)V+2
j  SensorController.loadMotionFiles()V+118
j  SensorController.main([Ljava/lang/String;)V+22
v  ~StubRoutines::call_stub

siginfo: si_signo: 11 (SIGSEGV), si_code: 1 (SEGV_MAPERR), si_addr: 0x0000000000000000

Register to memory mapping:

RAX=0x0000000000000000 is an unknown value
RBX=0x00007f63f825b250 is an unknown value
RCX=0x0000000000000000 is an unknown value
RDX=0x00007f6402389a68: <offset 0x00000000003eda68> in /lib/x86_64-linux-gnu/libc.so.6 at 0x00007f6401f9c000
RSP=0x00007f64027a56f0 is pointing into the stack for thread: 0x00007f63f8012000
RBP=0x00007f64027a6770 is pointing into the stack for thread: 0x00007f63f8012000
RSI=0x00007f6363343fc3: <offset 0x0000000000038fc3> in /home/pc/Downloads/webots/lib/libController.so at 0x00007f636330b000
RDI=0x0000000000000000 is an unknown value
R8 =0x0000000000000001 is an unknown value
R9 =0x0000000000000000 is an unknown value
R10=0x8666666666666666 is an unknown value
R11=0x00007f6363343fde: <offset 0x0000000000038fde> in /home/pc/Downloads/webots/lib/libController.so at 0x00007f636330b000
R12=0x0000000000000018 is an unknown value
R13=0x000000000000000c is an unknown value
R14=0x0000000000000048 is an unknown value
R15=0x0000000000000009 is an unknown value


Registers:
RAX=0x0000000000000000, RBX=0x00007f63f825b250, RCX=0x0000000000000000, RDX=0x00007f6402389a68
RSP=0x00007f64027a56f0, RBP=0x00007f64027a6770, RSI=0x00007f6363343fc3, RDI=0x0000000000000000
R8 =0x0000000000000001, R9 =0x0000000000000000, R10=0x8666666666666666, R11=0x00007f6363343fde
R12=0x0000000000000018, R13=0x000000000000000c, R14=0x0000000000000048, R15=0x0000000000000009
RIP=0x00007f6363326b32, EFLAGS=0x0000000000010246, CSGSFS=0x002b000000000033, ERR=0x0000000000000004
  TRAPNO=0x000000000000000e

Top of Stack: (sp=0x00007f64027a56f0)
0x00007f64027a56f0:   32313a30303a3030 003465736f500030
0x00007f64027a5700:   3730302e302d0030 003532352e302d00
0x00007f64027a5710:   2e302d0035302e31 30302e3000353235
0x00007f64027a5720:   302e302d00300037 32352e302d003730 

Instructions: (pc=0x00007f6363326b32)
0x00007f6363326b12:   08 4a 03 0c 22 48 89 ca e8 f1 21 ff ff 44 3b 3b
0x00007f6363326b22:   7d 3c 48 8d 35 98 d4 01 00 31 ff e8 5e 26 ff ff
0x00007f6363326b32:   80 38 2a 75 c1 80 78 01 00 75 bb 48 8b 43 30 f2
0x00007f6363326b42:   0f 10 05 07 db 01 00 41 83 c7 01 4a 8b 04 20 f2 


---------------  P R O C E S S  ---------------

Threads class SMR info:
_java_thread_list=0x00007f63f81f4c00, length=11, elements={
0x00007f63f8012000, 0x00007f63f8142800, 0x00007f63f8144800, 0x00007f63f814e000,
0x00007f63f8158800, 0x00007f63f815a800, 0x00007f63f815c800, 0x00007f63f815e800,
0x00007f63f8160800, 0x00007f63f81dc800, 0x00007f63f81f5800
}

Java Threads: ( => current thread )
=>0x00007f63f8012000 JavaThread "main" [_thread_in_native, id=5935, stack(0x00007f64026a7000,0x00007f64027a8000)]
  0x00007f63f8142800 JavaThread "Reference Handler" daemon [_thread_blocked, id=5957, stack(0x00007f63dca63000,0x00007f63dcb64000)]
  0x00007f63f8144800 JavaThread "Finalizer" daemon [_thread_blocked, id=5958, stack(0x00007f63dc962000,0x00007f63dca63000)]
  0x00007f63f814e000 JavaThread "Signal Dispatcher" daemon [_thread_blocked, id=5959, stack(0x00007f63dc531000,0x00007f63dc632000)]
  0x00007f63f8158800 JavaThread "C2 CompilerThread0" daemon [_thread_blocked, id=5960, stack(0x00007f63dc430000,0x00007f63dc531000)]
  0x00007f63f815a800 JavaThread "C2 CompilerThread1" daemon [_thread_blocked, id=5961, stack(0x00007f63dc32f000,0x00007f63dc430000)]
  0x00007f63f815c800 JavaThread "C2 CompilerThread2" daemon [_thread_blocked, id=5962, stack(0x00007f63dc22e000,0x00007f63dc32f000)]
  0x00007f63f815e800 JavaThread "C1 CompilerThread3" daemon [_thread_blocked, id=5963, stack(0x00007f63dc12d000,0x00007f63dc22e000)]
  0x00007f63f8160800 JavaThread "Sweeper thread" daemon [_thread_blocked, id=5964, stack(0x00007f63dc02c000,0x00007f63dc12d000)]
  0x00007f63f81dc800 JavaThread "Service Thread" daemon [_thread_blocked, id=5965, stack(0x00007f63bc047000,0x00007f63bc148000)]
  0x00007f63f81f5800 JavaThread "Common-Cleaner" daemon [_thread_blocked, id=5967, stack(0x00007f6363dfd000,0x00007f6363efe000)]

Other Threads:
  0x00007f63f8139000 VMThread "VM Thread" [stack: 0x00007f63dcb66000,0x00007f63dcc66000] [id=5956]
  0x00007f63f81df000 WatcherThread [stack: 0x00007f6363f00000,0x00007f6364000000] [id=5966]
  0x00007f63f8028800 GCTaskThread "GC Thread#0" [stack: 0x00007f63fe7d0000,0x00007f63fe8d0000] [id=5936]
  0x00007f63f802a000 GCTaskThread "GC Thread#1" [stack: 0x00007f63fe6ce000,0x00007f63fe7ce000] [id=5937]
  0x00007f63f802c000 GCTaskThread "GC Thread#2" [stack: 0x00007f63fe5cc000,0x00007f63fe6cc000] [id=5938]
  0x00007f63f802d800 GCTaskThread "GC Thread#3" [stack: 0x00007f63fe4ca000,0x00007f63fe5ca000] [id=5939]
  0x00007f63f802f000 GCTaskThread "GC Thread#4" [stack: 0x00007f63fe3c8000,0x00007f63fe4c8000] [id=5940]
  0x00007f63f8031000 GCTaskThread "GC Thread#5" [stack: 0x00007f63fe2c6000,0x00007f63fe3c6000] [id=5941]
  0x00007f63f8032800 GCTaskThread "GC Thread#6" [stack: 0x00007f63fe1c4000,0x00007f63fe2c4000] [id=5942]
  0x00007f63f8034800 GCTaskThread "GC Thread#7" [stack: 0x00007f63fe0c2000,0x00007f63fe1c2000] [id=5943]
  0x00007f63f805d800 ConcurrentGCThread "G1 Main Marker" [stack: 0x00007f63fcc33000,0x00007f63fcd33000] [id=5944]
  0x00007f63f805f800 ConcurrentGCThread "G1 Conc#0" [stack: 0x00007f63fcb31000,0x00007f63fcc31000] [id=5945]
  0x00007f63f8061000 ConcurrentGCThread "G1 Conc#1" [stack: 0x00007f63fca2f000,0x00007f63fcb2f000] [id=5946]
  0x00007f63f80c9800 ConcurrentGCThread "G1 Refine#0" [stack: 0x00007f63fc125000,0x00007f63fc225000] [id=5947]
  0x00007f63f80cb800 ConcurrentGCThread "G1 Refine#1" [stack: 0x00007f63fc023000,0x00007f63fc123000] [id=5948]
  0x00007f63f80cd000 ConcurrentGCThread "G1 Refine#2" [stack: 0x00007f63ddb6d000,0x00007f63ddc6d000] [id=5949]
  0x00007f63f80cf000 ConcurrentGCThread "G1 Refine#3" [stack: 0x00007f63dda6b000,0x00007f63ddb6b000] [id=5950]
  0x00007f63f80d0800 ConcurrentGCThread "G1 Refine#4" [stack: 0x00007f63dd969000,0x00007f63dda69000] [id=5951]
  0x00007f63f80d2800 ConcurrentGCThread "G1 Refine#5" [stack: 0x00007f63dd867000,0x00007f63dd967000] [id=5952]
  0x00007f63f80d4000 ConcurrentGCThread "G1 Refine#6" [stack: 0x00007f63dd765000,0x00007f63dd865000] [id=5953]
  0x00007f63f80d6000 ConcurrentGCThread "G1 Refine#7" [stack: 0x00007f63dd663000,0x00007f63dd763000] [id=5954]
  0x00007f63f80d7800 ConcurrentGCThread "G1 Young RemSet Sampling" [stack: 0x00007f63dd561000,0x00007f63dd661000] [id=5955]

Threads with active compile tasks:

VM state:not at safepoint (normal execution)

VM Mutex/Monitor currently owned by a thread: None

Heap address: 0x0000000085200000, size: 1966 MB, Compressed Oops mode: 32-bit
Narrow klass base: 0x0000000000000000, Narrow klass shift: 3
Compressed class space size: 1073741824 Address: 0x0000000100000000

Heap:
 garbage-first heap   total 126976K, used 1024K [0x0000000085200000, 0x0000000100000000)
  region size 1024K, 2 young (2048K), 0 survivors (0K)
 Metaspace       used 4857K, capacity 4990K, committed 5120K, reserved 1056768K
  class space    used 398K, capacity 430K, committed 512K, reserved 1048576K
Heap Regions: E=young(eden), S=young(survivor), O=old, HS=humongous(starts), HC=humongous(continues), CS=collection set, F=free, A=archive, TS=gc time stamp, AC=allocation context, TAMS=top-at-mark-start (previous, next)
|   0|0x0000000085200000, 0x0000000085200000, 0x0000000085300000|  0%| F|  |TS  0|AC  0|TAMS 0x0000000085200000, 0x0000000085200000|
|   1|0x0000000085300000, 0x0000000085300000, 0x0000000085400000|  0%| F|  |TS  0|AC  0|TAMS 0x0000000085300000, 0x0000000085300000|
|   2|0x0000000085400000, 0x0000000085400000, 0x0000000085500000|  0%| F|  |TS  0|AC  0|TAMS 0x0000000085400000, 0x0000000085400000|
|   3|0x0000000085500000, 0x0000000085500000, 0x0000000085600000|  0%| F|  |TS  0|AC  0|TAMS 0x0000000085500000, 0x0000000085500000|
|   4|0x0000000085600000, 0x0000000085600000, 0x0000000085700000|  0%| F|  |TS  0|AC  0|TAMS 0x0000000085600000, 0x0000000085600000|
|   5|0x0000000085700000, 0x0000000085700000, 0x0000000085800000|  0%| F|  |TS  0|AC  0|TAMS 0x0000000085700000, 0x0000000085700000|
|   6|0x0000000085800000, 0x0000000085800000, 0x0000000085900000|  0%| F|  |TS  0|AC  0|TAMS 0x0000000085800000, 0x0000000085800000|
|   7|0x0000000085900000, 0x0000000085900000, 0x0000000085a00000|  0%| F|  |TS  0|AC  0|TAMS 0x0000000085900000, 0x0000000085900000|
|   8|0x0000000085a00000, 0x0000000085a00000, 0x0000000085b00000|  0%| F|  |TS  0|AC  0|TAMS 0x0000000085a00000, 0x0000000085a00000|
|   9|0x0000000085b00000, 0x0000000085b00000, 0x0000000085c00000|  0%| F|  |TS  0|AC  0|TAMS 0x0000000085b00000, 0x0000000085b00000|
|  10|0x0000000085c00000, 0x0000000085c00000, 0x0000000085d00000|  0%| F|  |TS  0|AC  0|TAMS 0x0000000085c00000, 0x0000000085c00000|
|  11|0x0000000085d00000, 0x0000000085d00000, 0x0000000085e00000|  0%| F|  |TS  0|AC  0|TAMS 0x0000000085d00000, 0x0000000085d00000|
|  12|0x0000000085e00000, 0x0000000085e00000, 0x0000000085f00000|  0%| F|  |TS  0|AC  0|TAMS 0x0000000085e00000, 0x0000000085e00000|
|  13|0x0000000085f00000, 0x0000000085f00000, 0x0000000086000000|  0%| F|  |TS  0|AC  0|TAMS 0x0000000085f00000, 0x0000000085f00000|
|  14|0x0000000086000000, 0x0000000086000000, 0x0000000086100000|  0%| F|  |TS  0|AC  0|TAMS 0x0000000086000000, 0x0000000086000000|
|  15|0x0000000086100000, 0x0000000086100000, 0x0000000086200000|  0%| F|  |TS  0|AC  0|TAMS 0x0000000086100000, 0x0000000086100000|
|  16|0x0000000086200000, 0x0000000086200000, 0x0000000086300000|  0%| F|  |TS  0|AC  0|TAMS 0x0000000086200000, 0x0000000086200000|
|  17|0x0000000086300000, 0x0000000086300000, 0x0000000086400000|  0%| F|  |TS  0|AC  0|TAMS 0x0000000086300000, 0x0000000086300000|
|  18|0x0000000086400000, 0x0000000086400000, 0x0000000086500000|  0%| F|  |TS  0|AC  0|TAMS 0x0000000086400000, 0x0000000086400000|
|  19|0x0000000086500000, 0x0000000086500000, 0x0000000086600000|  0%| F|  |TS  0|AC  0|TAMS 0x0000000086500000, 0x0000000086500000|
|  20|0x0000000086600000, 0x0000000086600000, 0x0000000086700000|  0%| F|  |TS  0|AC  0|TAMS 0x0000000086600000, 0x0000000086600000|
|  21|0x0000000086700000, 0x0000000086700000, 0x0000000086800000|  0%| F|  |TS  0|AC  0|TAMS 0x0000000086700000, 0x0000000086700000|
|  22|0x0000000086800000, 0x0000000086800000, 0x0000000086900000|  0%| F|  |TS  0|AC  0|TAMS 0x0000000086800000, 0x0000000086800000|
|  23|0x0000000086900000, 0x0000000086900000, 0x0000000086a00000|  0%| F|  |TS  0|AC  0|TAMS 0x0000000086900000, 0x0000000086900000|
|  24|0x0000000086a00000, 0x0000000086a00000, 0x0000000086b00000|  0%| F|  |TS  0|AC  0|TAMS 0x0000000086a00000, 0x0000000086a00000|
|  25|0x0000000086b00000, 0x0000000086b00000, 0x0000000086c00000|  0%| F|  |TS  0|AC  0|TAMS 0x0000000086b00000, 0x0000000086b00000|
|  26|0x0000000086c00000, 0x0000000086c00000, 0x0000000086d00000|  0%| F|  |TS  0|AC  0|TAMS 0x0000000086c00000, 0x0000000086c00000|
|  27|0x0000000086d00000, 0x0000000086d00000, 0x0000000086e00000|  0%| F|  |TS  0|AC  0|TAMS 0x0000000086d00000, 0x0000000086d00000|
|  28|0x0000000086e00000, 0x0000000086e00000, 0x0000000086f00000|  0%| F|  |TS  0|AC  0|TAMS 0x0000000086e00000, 0x0000000086e00000|
|  29|0x0000000086f00000, 0x0000000086f00000, 0x0000000087000000|  0%| F|  |TS  0|AC  0|TAMS 0x0000000086f00000, 0x0000000086f00000|
|  30|0x0000000087000000, 0x0000000087000000, 0x0000000087100000|  0%| F|  |TS  0|AC  0|TAMS 0x0000000087000000, 0x0000000087000000|
|  31|0x0000000087100000, 0x0000000087100000, 0x0000000087200000|  0%| F|  |TS  0|AC  0|TAMS 0x0000000087100000, 0x0000000087100000|
|  32|0x0000000087200000, 0x0000000087200000, 0x0000000087300000|  0%| F|  |TS  0|AC  0|TAMS 0x0000000087200000, 0x0000000087200000|
|  33|0x0000000087300000, 0x0000000087300000, 0x0000000087400000|  0%| F|  |TS  0|AC  0|TAMS 0x0000000087300000, 0x0000000087300000|
|  34|0x0000000087400000, 0x0000000087400000, 0x0000000087500000|  0%| F|  |TS  0|AC  0|TAMS 0x0000000087400000, 0x0000000087400000|
|  35|0x0000000087500000, 0x0000000087500000, 0x0000000087600000|  0%| F|  |TS  0|AC  0|TAMS 0x0000000087500000, 0x0000000087500000|
|  36|0x0000000087600000, 0x0000000087600000, 0x0000000087700000|  0%| F|  |TS  0|AC  0|TAMS 0x0000000087600000, 0x0000000087600000|
|  37|0x0000000087700000, 0x0000000087700000, 0x0000000087800000|  0%| F|  |TS  0|AC  0|TAMS 0x0000000087700000, 0x0000000087700000|
|  38|0x0000000087800000, 0x0000000087800000, 0x0000000087900000|  0%| F|  |TS  0|AC  0|TAMS 0x0000000087800000, 0x0000000087800000|
|  39|0x0000000087900000, 0x0000000087900000, 0x0000000087a00000|  0%| F|  |TS  0|AC  0|TAMS 0x0000000087900000, 0x0000000087900000|
|  40|0x0000000087a00000, 0x0000000087a00000, 0x0000000087b00000|  0%| F|  |TS  0|AC  0|TAMS 0x0000000087a00000, 0x0000000087a00000|
|  41|0x0000000087b00000, 0x0000000087b00000, 0x0000000087c00000|  0%| F|  |TS  0|AC  0|TAMS 0x0000000087b00000, 0x0000000087b00000|
|  42|0x0000000087c00000, 0x0000000087c00000, 0x0000000087d00000|  0%| F|  |TS  0|AC  0|TAMS 0x0000000087c00000, 0x0000000087c00000|
|  43|0x0000000087d00000, 0x0000000087d00000, 0x0000000087e00000|  0%| F|  |TS  0|AC  0|TAMS 0x0000000087d00000, 0x0000000087d00000|
|  44|0x0000000087e00000, 0x0000000087e00000, 0x0000000087f00000|  0%| F|  |TS  0|AC  0|TAMS 0x0000000087e00000, 0x0000000087e00000|
|  45|0x0000000087f00000, 0x0000000087f00000, 0x0000000088000000|  0%| F|  |TS  0|AC  0|TAMS 0x0000000087f00000, 0x0000000087f00000|
|  46|0x0000000088000000, 0x0000000088000000, 0x0000000088100000|  0%| F|  |TS  0|AC  0|TAMS 0x0000000088000000, 0x0000000088000000|
|  47|0x0000000088100000, 0x0000000088100000, 0x0000000088200000|  0%| F|  |TS  0|AC  0|TAMS 0x0000000088100000, 0x0000000088100000|
|  48|0x0000000088200000, 0x0000000088200000, 0x0000000088300000|  0%| F|  |TS  0|AC  0|TAMS 0x0000000088200000, 0x0000000088200000|
|  49|0x0000000088300000, 0x0000000088300000, 0x0000000088400000|  0%| F|  |TS  0|AC  0|TAMS 0x0000000088300000, 0x0000000088300000|
|  50|0x0000000088400000, 0x0000000088400000, 0x0000000088500000|  0%| F|  |TS  0|AC  0|TAMS 0x0000000088400000, 0x0000000088400000|
|  51|0x0000000088500000, 0x0000000088500000, 0x0000000088600000|  0%| F|  |TS  0|AC  0|TAMS 0x0000000088500000, 0x0000000088500000|
|  52|0x0000000088600000, 0x0000000088600000, 0x0000000088700000|  0%| F|  |TS  0|AC  0|TAMS 0x0000000088600000, 0x0000000088600000|
|  53|0x0000000088700000, 0x0000000088700000, 0x0000000088800000|  0%| F|  |TS  0|AC  0|TAMS 0x0000000088700000, 0x0000000088700000|
|  54|0x0000000088800000, 0x0000000088800000, 0x0000000088900000|  0%| F|  |TS  0|AC  0|TAMS 0x0000000088800000, 0x0000000088800000|
|  55|0x0000000088900000, 0x0000000088900000, 0x0000000088a00000|  0%| F|  |TS  0|AC  0|TAMS 0x0000000088900000, 0x0000000088900000|
|  56|0x0000000088a00000, 0x0000000088a00000, 0x0000000088b00000|  0%| F|  |TS  0|AC  0|TAMS 0x0000000088a00000, 0x0000000088a00000|
|  57|0x0000000088b00000, 0x0000000088b00000, 0x0000000088c00000|  0%| F|  |TS  0|AC  0|TAMS 0x0000000088b00000, 0x0000000088b00000|
|  58|0x0000000088c00000, 0x0000000088c00000, 0x0000000088d00000|  0%| F|  |TS  0|AC  0|TAMS 0x0000000088c00000, 0x0000000088c00000|
|  59|0x0000000088d00000, 0x0000000088d00000, 0x0000000088e00000|  0%| F|  |TS  0|AC  0|TAMS 0x0000000088d00000, 0x0000000088d00000|
|  60|0x0000000088e00000, 0x0000000088e00000, 0x0000000088f00000|  0%| F|  |TS  0|AC  0|TAMS 0x0000000088e00000, 0x0000000088e00000|
|  61|0x0000000088f00000, 0x0000000088f00000, 0x0000000089000000|  0%| F|  |TS  0|AC  0|TAMS 0x0000000088f00000, 0x0000000088f00000|
|  62|0x0000000089000000, 0x0000000089000000, 0x0000000089100000|  0%| F|  |TS  0|AC  0|TAMS 0x0000000089000000, 0x0000000089000000|
|  63|0x0000000089100000, 0x0000000089100000, 0x0000000089200000|  0%| F|  |TS  0|AC  0|TAMS 0x0000000089100000, 0x0000000089100000|
|  64|0x0000000089200000, 0x0000000089200000, 0x0000000089300000|  0%| F|  |TS  0|AC  0|TAMS 0x0000000089200000, 0x0000000089200000|
|  65|0x0000000089300000, 0x0000000089300000, 0x0000000089400000|  0%| F|  |TS  0|AC  0|TAMS 0x0000000089300000, 0x0000000089300000|
|  66|0x0000000089400000, 0x0000000089400000, 0x0000000089500000|  0%| F|  |TS  0|AC  0|TAMS 0x0000000089400000, 0x0000000089400000|
|  67|0x0000000089500000, 0x0000000089500000, 0x0000000089600000|  0%| F|  |TS  0|AC  0|TAMS 0x0000000089500000, 0x0000000089500000|
|  68|0x0000000089600000, 0x0000000089600000, 0x0000000089700000|  0%| F|  |TS  0|AC  0|TAMS 0x0000000089600000, 0x0000000089600000|
|  69|0x0000000089700000, 0x0000000089700000, 0x0000000089800000|  0%| F|  |TS  0|AC  0|TAMS 0x0000000089700000, 0x0000000089700000|
|  70|0x0000000089800000, 0x0000000089800000, 0x0000000089900000|  0%| F|  |TS  0|AC  0|TAMS 0x0000000089800000, 0x0000000089800000|
|  71|0x0000000089900000, 0x0000000089900000, 0x0000000089a00000|  0%| F|  |TS  0|AC  0|TAMS 0x0000000089900000, 0x0000000089900000|
|  72|0x0000000089a00000, 0x0000000089a00000, 0x0000000089b00000|  0%| F|  |TS  0|AC  0|TAMS 0x0000000089a00000, 0x0000000089a00000|
|  73|0x0000000089b00000, 0x0000000089b00000, 0x0000000089c00000|  0%| F|  |TS  0|AC  0|TAMS 0x0000000089b00000, 0x0000000089b00000|
|  74|0x0000000089c00000, 0x0000000089c00000, 0x0000000089d00000|  0%| F|  |TS  0|AC  0|TAMS 0x0000000089c00000, 0x0000000089c00000|
|  75|0x0000000089d00000, 0x0000000089d00000, 0x0000000089e00000|  0%| F|  |TS  0|AC  0|TAMS 0x0000000089d00000, 0x0000000089d00000|
|  76|0x0000000089e00000, 0x0000000089e00000, 0x0000000089f00000|  0%| F|  |TS  0|AC  0|TAMS 0x0000000089e00000, 0x0000000089e00000|
|  77|0x0000000089f00000, 0x0000000089f00000, 0x000000008a000000|  0%| F|  |TS  0|AC  0|TAMS 0x0000000089f00000, 0x0000000089f00000|
|  78|0x000000008a000000, 0x000000008a000000, 0x000000008a100000|  0%| F|  |TS  0|AC  0|TAMS 0x000000008a000000, 0x000000008a000000|
|  79|0x000000008a100000, 0x000000008a100000, 0x000000008a200000|  0%| F|  |TS  0|AC  0|TAMS 0x000000008a100000, 0x000000008a100000|
|  80|0x000000008a200000, 0x000000008a200000, 0x000000008a300000|  0%| F|  |TS  0|AC  0|TAMS 0x000000008a200000, 0x000000008a200000|
|  81|0x000000008a300000, 0x000000008a300000, 0x000000008a400000|  0%| F|  |TS  0|AC  0|TAMS 0x000000008a300000, 0x000000008a300000|
|  82|0x000000008a400000, 0x000000008a400000, 0x000000008a500000|  0%| F|  |TS  0|AC  0|TAMS 0x000000008a400000, 0x000000008a400000|
|  83|0x000000008a500000, 0x000000008a500000, 0x000000008a600000|  0%| F|  |TS  0|AC  0|TAMS 0x000000008a500000, 0x000000008a500000|
|  84|0x000000008a600000, 0x000000008a600000, 0x000000008a700000|  0%| F|  |TS  0|AC  0|TAMS 0x000000008a600000, 0x000000008a600000|
|  85|0x000000008a700000, 0x000000008a700000, 0x000000008a800000|  0%| F|  |TS  0|AC  0|TAMS 0x000000008a700000, 0x000000008a700000|
|  86|0x000000008a800000, 0x000000008a800000, 0x000000008a900000|  0%| F|  |TS  0|AC  0|TAMS 0x000000008a800000, 0x000000008a800000|
|  87|0x000000008a900000, 0x000000008a900000, 0x000000008aa00000|  0%| F|  |TS  0|AC  0|TAMS 0x000000008a900000, 0x000000008a900000|
|  88|0x000000008aa00000, 0x000000008aa00000, 0x000000008ab00000|  0%| F|  |TS  0|AC  0|TAMS 0x000000008aa00000, 0x000000008aa00000|
|  89|0x000000008ab00000, 0x000000008ab00000, 0x000000008ac00000|  0%| F|  |TS  0|AC  0|TAMS 0x000000008ab00000, 0x000000008ab00000|
|  90|0x000000008ac00000, 0x000000008ac00000, 0x000000008ad00000|  0%| F|  |TS  0|AC  0|TAMS 0x000000008ac00000, 0x000000008ac00000|
|  91|0x000000008ad00000, 0x000000008ad00000, 0x000000008ae00000|  0%| F|  |TS  0|AC  0|TAMS 0x000000008ad00000, 0x000000008ad00000|
|  92|0x000000008ae00000, 0x000000008ae00000, 0x000000008af00000|  0%| F|  |TS  0|AC  0|TAMS 0x000000008ae00000, 0x000000008ae00000|
|  93|0x000000008af00000, 0x000000008af00000, 0x000000008b000000|  0%| F|  |TS  0|AC  0|TAMS 0x000000008af00000, 0x000000008af00000|
|  94|0x000000008b000000, 0x000000008b000000, 0x000000008b100000|  0%| F|  |TS  0|AC  0|TAMS 0x000000008b000000, 0x000000008b000000|
|  95|0x000000008b100000, 0x000000008b100000, 0x000000008b200000|  0%| F|  |TS  0|AC  0|TAMS 0x000000008b100000, 0x000000008b100000|
|  96|0x000000008b200000, 0x000000008b200000, 0x000000008b300000|  0%| F|  |TS  0|AC  0|TAMS 0x000000008b200000, 0x000000008b200000|
|  97|0x000000008b300000, 0x000000008b300000, 0x000000008b400000|  0%| F|  |TS  0|AC  0|TAMS 0x000000008b300000, 0x000000008b300000|
|  98|0x000000008b400000, 0x000000008b400000, 0x000000008b500000|  0%| F|  |TS  0|AC  0|TAMS 0x000000008b400000, 0x000000008b400000|
|  99|0x000000008b500000, 0x000000008b500000, 0x000000008b600000|  0%| F|  |TS  0|AC  0|TAMS 0x000000008b500000, 0x000000008b500000|
| 100|0x000000008b600000, 0x000000008b600000, 0x000000008b700000|  0%| F|  |TS  0|AC  0|TAMS 0x000000008b600000, 0x000000008b600000|
| 101|0x000000008b700000, 0x000000008b700000, 0x000000008b800000|  0%| F|  |TS  0|AC  0|TAMS 0x000000008b700000, 0x000000008b700000|
| 102|0x000000008b800000, 0x000000008b800000, 0x000000008b900000|  0%| F|  |TS  0|AC  0|TAMS 0x000000008b800000, 0x000000008b800000|
| 103|0x000000008b900000, 0x000000008b900000, 0x000000008ba00000|  0%| F|  |TS  0|AC  0|TAMS 0x000000008b900000, 0x000000008b900000|
| 104|0x000000008ba00000, 0x000000008ba00000, 0x000000008bb00000|  0%| F|  |TS  0|AC  0|TAMS 0x000000008ba00000, 0x000000008ba00000|
| 105|0x000000008bb00000, 0x000000008bb00000, 0x000000008bc00000|  0%| F|  |TS  0|AC  0|TAMS 0x000000008bb00000, 0x000000008bb00000|
| 106|0x000000008bc00000, 0x000000008bc00000, 0x000000008bd00000|  0%| F|  |TS  0|AC  0|TAMS 0x000000008bc00000, 0x000000008bc00000|
| 107|0x000000008bd00000, 0x000000008bd00000, 0x000000008be00000|  0%| F|  |TS  0|AC  0|TAMS 0x000000008bd00000, 0x000000008bd00000|
| 108|0x000000008be00000, 0x000000008be00000, 0x000000008bf00000|  0%| F|  |TS  0|AC  0|TAMS 0x000000008be00000, 0x000000008be00000|
| 109|0x000000008bf00000, 0x000000008bf00000, 0x000000008c000000|  0%| F|  |TS  0|AC  0|TAMS 0x000000008bf00000, 0x000000008bf00000|
| 110|0x000000008c000000, 0x000000008c000000, 0x000000008c100000|  0%| F|  |TS  0|AC  0|TAMS 0x000000008c000000, 0x000000008c000000|
| 111|0x000000008c100000, 0x000000008c100000, 0x000000008c200000|  0%| F|  |TS  0|AC  0|TAMS 0x000000008c100000, 0x000000008c100000|
| 112|0x000000008c200000, 0x000000008c200000, 0x000000008c300000|  0%| F|  |TS  0|AC  0|TAMS 0x000000008c200000, 0x000000008c200000|
| 113|0x000000008c300000, 0x000000008c300000, 0x000000008c400000|  0%| F|  |TS  0|AC  0|TAMS 0x000000008c300000, 0x000000008c300000|
| 114|0x000000008c400000, 0x000000008c400000, 0x000000008c500000|  0%| F|  |TS  0|AC  0|TAMS 0x000000008c400000, 0x000000008c400000|
| 115|0x000000008c500000, 0x000000008c500000, 0x000000008c600000|  0%| F|  |TS  0|AC  0|TAMS 0x000000008c500000, 0x000000008c500000|
| 116|0x000000008c600000, 0x000000008c600000, 0x000000008c700000|  0%| F|  |TS  0|AC  0|TAMS 0x000000008c600000, 0x000000008c600000|
| 117|0x000000008c700000, 0x000000008c700000, 0x000000008c800000|  0%| F|  |TS  0|AC  0|TAMS 0x000000008c700000, 0x000000008c700000|
| 118|0x000000008c800000, 0x000000008c800000, 0x000000008c900000|  0%| F|  |TS  0|AC  0|TAMS 0x000000008c800000, 0x000000008c800000|
| 119|0x000000008c900000, 0x000000008c900000, 0x000000008ca00000|  0%| F|  |TS  0|AC  0|TAMS 0x000000008c900000, 0x000000008c900000|
| 120|0x000000008ca00000, 0x000000008ca00000, 0x000000008cb00000|  0%| F|  |TS  0|AC  0|TAMS 0x000000008ca00000, 0x000000008ca00000|
| 121|0x000000008cb00000, 0x000000008cb00000, 0x000000008cc00000|  0%| F|  |TS  0|AC  0|TAMS 0x000000008cb00000, 0x000000008cb00000|
| 122|0x000000008cc00000, 0x000000008ccf6458, 0x000000008cd00000| 96%| E|  |TS  0|AC  0|TAMS 0x000000008cc00000, 0x000000008cc00000|
| 123|0x000000008cd00000, 0x000000008ce00000, 0x000000008ce00000|100%| E|CS|TS  0|AC  0|TAMS 0x000000008cd00000, 0x000000008cd00000|

Card table byte_map: [0x00007f63fd10a000,0x00007f63fd4e1000] byte_map_base: 0x00007f63fcce1000

Marking Bits (Prev, Next): (CMBitMap*) 0x00007f63f805ce80, (CMBitMap*) 0x00007f63f805ceb8
 Prev Bits: [0x00007f63ddc6d000, 0x00007f63dfb25000)
 Next Bits: [0x00007f63be148000, 0x00007f63c0000000)

Polling page: 0x00007f64027c0000

CodeHeap 'non-profiled nmethods': size=120032Kb used=23Kb max_used=23Kb free=120008Kb
 bounds [0x00007f63e75ed000, 0x00007f63e785d000, 0x00007f63eeb25000]
CodeHeap 'profiled nmethods': size=120028Kb used=133Kb max_used=133Kb free=119894Kb
 bounds [0x00007f63e00b6000, 0x00007f63e0326000, 0x00007f63e75ed000]
CodeHeap 'non-nmethods': size=5700Kb used=1017Kb max_used=1017Kb free=4682Kb
 bounds [0x00007f63dfb25000, 0x00007f63dfd95000, 0x00007f63e00b6000]
 total_blobs=464 nmethods=99 adapters=222
 compilation: enabled

Compilation events (10 events):
Event: 0.078 Thread 0x00007f63f815e800 nmethod 95 0x00007f63e00d1890 code [0x00007f63e00d1a40, 0x00007f63e00d1be8]
Event: 0.078 Thread 0x00007f63f815e800   97       3       java.lang.StringLatin1::lastIndexOf (40 bytes)
Event: 0.078 Thread 0x00007f63f815e800 nmethod 97 0x00007f63e00d1c90 code [0x00007f63e00d1e60, 0x00007f63e00d2270]
Event: 0.078 Thread 0x00007f63f815e800   98   !   3       java.util.concurrent.ConcurrentHashMap::putVal (432 bytes)
Event: 0.080 Thread 0x00007f63f815e800 nmethod 98 0x00007f63e00d2410 code [0x00007f63e00d27a0, 0x00007f63e00d4938]
Event: 0.080 Thread 0x00007f63f815e800   96       3       java.lang.AbstractStringBuilder::append (45 bytes)
Event: 0.081 Thread 0x00007f63f815e800 nmethod 96 0x00007f63e00d5390 code [0x00007f63e00d55c0, 0x00007f63e00d5b38]
Event: 0.081 Thread 0x00007f63f815e800   99       3       java.lang.Character::toLowerCase (9 bytes)
Event: 0.081 Thread 0x00007f63f815e800 nmethod 99 0x00007f63e00d5d90 code [0x00007f63e00d5f60, 0x00007f63e00d6198]
Event: 0.082 Thread 0x00007f63f815e800  100       3       java.util.Arrays::copyOfRange (63 bytes)

GC Heap History (0 events):
No events

Deoptimization events (1 events):
Event: 0.050 Thread 0x00007f63f8012000 Uncommon trap: reason=unstable_if action=reinterpret pc=0x00007f63e75f21e8 method=java.lang.String.hashCode()I @ 14 c2

Classes redefined (0 events):
No events

Internal exceptions (0 events):
No events

Events (10 events):
Event: 0.078 loading class com/cyberbotics/webots/controller/Mouse
Event: 0.078 loading class com/cyberbotics/webots/controller/Mouse done
Event: 0.078 loading class com/cyberbotics/webots/controller/Camera
Event: 0.078 loading class com/cyberbotics/webots/controller/Camera done
Event: 0.078 loading class com/cyberbotics/webots/controller/Device
Event: 0.078 loading class com/cyberbotics/webots/controller/Device done
Event: 0.079 loading class com/cyberbotics/webots/controller/DistanceSensor
Event: 0.079 loading class com/cyberbotics/webots/controller/DistanceSensor done
Event: 0.079 loading class com/cyberbotics/webots/controller/Motion
Event: 0.079 loading class com/cyberbotics/webots/controller/Motion done


Dynamic libraries:
85200000-8ce00000 rw-p 00000000 00:00 0 
8ce00000-100000000 ---p 00000000 00:00 0 
100000000-100080000 rw-p 00000000 00:00 0 
100080000-140000000 ---p 00000000 00:00 0 
5643e6789000-5643e678a000 r-xp 00000000 08:01 23598097                   /usr/lib/jvm/java-11-openjdk-amd64/bin/java
5643e698a000-5643e698b000 r--p 00001000 08:01 23598097                   /usr/lib/jvm/java-11-openjdk-amd64/bin/java
5643e698b000-5643e698c000 rw-p 00002000 08:01 23598097                   /usr/lib/jvm/java-11-openjdk-amd64/bin/java
5643e6a95000-5643e6ab6000 rw-p 00000000 00:00 0                          [heap]
7f6350000000-7f6350021000 rw-p 00000000 00:00 0 
7f6350021000-7f6354000000 ---p 00000000 00:00 0 
7f6358000000-7f6358021000 rw-p 00000000 00:00 0 
7f6358021000-7f635c000000 ---p 00000000 00:00 0 
7f635c000000-7f635c021000 rw-p 00000000 00:00 0 
7f635c021000-7f6360000000 ---p 00000000 00:00 0 
7f63625e0000-7f63625e3000 r-xp 00000000 08:01 26486645                   /home/pc/Downloads/webots/resources/projects/plugins/robot_windows/generic/libgeneric.so
7f63625e3000-7f63627e2000 ---p 00003000 08:01 26486645                   /home/pc/Downloads/webots/resources/projects/plugins/robot_windows/generic/libgeneric.so
7f63627e2000-7f63627e3000 r--p 00002000 08:01 26486645                   /home/pc/Downloads/webots/resources/projects/plugins/robot_windows/generic/libgeneric.so
7f63627e3000-7f63627e4000 rw-p 00003000 08:01 26486645                   /home/pc/Downloads/webots/resources/projects/plugins/robot_windows/generic/libgeneric.so
7f63627e4000-7f63627ef000 r-xp 00000000 08:01 27920412                   /home/pc/Downloads/webots/lib/libjbig.so.0
7f63627ef000-7f63629ee000 ---p 0000b000 08:01 27920412                   /home/pc/Downloads/webots/lib/libjbig.so.0
7f63629ee000-7f63629ef000 r--p 0000a000 08:01 27920412                   /home/pc/Downloads/webots/lib/libjbig.so.0
7f63629ef000-7f63629f2000 rw-p 0000b000 08:01 27920412                   /home/pc/Downloads/webots/lib/libjbig.so.0
7f63629f2000-7f6362a16000 r-xp 00000000 08:01 14684814                   /lib/x86_64-linux-gnu/liblzma.so.5.2.2
7f6362a16000-7f6362c16000 ---p 00024000 08:01 14684814                   /lib/x86_64-linux-gnu/liblzma.so.5.2.2
7f6362c16000-7f6362c17000 r--p 00024000 08:01 14684814                   /lib/x86_64-linux-gnu/liblzma.so.5.2.2
7f6362c17000-7f6362c18000 rw-p 00025000 08:01 14684814                   /lib/x86_64-linux-gnu/liblzma.so.5.2.2
7f6362c18000-7f6362c3c000 r-xp 00000000 08:01 27920444                   /home/pc/Downloads/webots/lib/libpng12.so.0
7f6362c3c000-7f6362e3b000 ---p 00024000 08:01 27920444                   /home/pc/Downloads/webots/lib/libpng12.so.0
7f6362e3b000-7f6362e3c000 r--p 00023000 08:01 27920444                   /home/pc/Downloads/webots/lib/libpng12.so.0
7f6362e3c000-7f6362e3d000 rw-p 00024000 08:01 27920444                   /home/pc/Downloads/webots/lib/libpng12.so.0
7f6362e3d000-7f6362e94000 r-xp 00000000 08:01 27920405                   /home/pc/Downloads/webots/lib/libjpeg.so.8
7f6362e94000-7f6363094000 ---p 00057000 08:01 27920405                   /home/pc/Downloads/webots/lib/libjpeg.so.8
7f6363094000-7f6363095000 r--p 00057000 08:01 27920405                   /home/pc/Downloads/webots/lib/libjpeg.so.8
7f6363095000-7f6363096000 rw-p 00058000 08:01 27920405                   /home/pc/Downloads/webots/lib/libjpeg.so.8
7f6363096000-7f6363107000 r-xp 00000000 08:01 27920407                   /home/pc/Downloads/webots/lib/libtiff.so.5
7f6363107000-7f6363307000 ---p 00071000 08:01 27920407                   /home/pc/Downloads/webots/lib/libtiff.so.5
7f6363307000-7f6363308000 r--p 00071000 08:01 27920407                   /home/pc/Downloads/webots/lib/libtiff.so.5
7f6363308000-7f636330b000 rw-p 00072000 08:01 27920407                   /home/pc/Downloads/webots/lib/libtiff.so.5
7f636330b000-7f6363357000 r-xp 00000000 08:01 27920416                   /home/pc/Downloads/webots/lib/libController.so
7f6363357000-7f6363556000 ---p 0004c000 08:01 27920416                   /home/pc/Downloads/webots/lib/libController.so
7f6363556000-7f6363557000 r--p 0004b000 08:01 27920416                   /home/pc/Downloads/webots/lib/libController.so
7f6363557000-7f6363558000 rw-p 0004c000 08:01 27920416                   /home/pc/Downloads/webots/lib/libController.so
7f6363558000-7f6363559000 rw-p 00000000 00:00 0 
7f6363559000-7f6363593000 r-xp 00000000 08:01 27920467                   /home/pc/Downloads/webots/lib/libCppController.so
7f6363593000-7f6363792000 ---p 0003a000 08:01 27920467                   /home/pc/Downloads/webots/lib/libCppController.so
7f6363792000-7f6363794000 r--p 00039000 08:01 27920467                   /home/pc/Downloads/webots/lib/libCppController.so
7f6363794000-7f6363796000 rw-p 0003b000 08:01 27920467                   /home/pc/Downloads/webots/lib/libCppController.so
7f6363796000-7f63637d2000 r-xp 00000000 08:01 27920367                   /home/pc/Downloads/webots/lib/java/libJavaController.so
7f63637d2000-7f63639d1000 ---p 0003c000 08:01 27920367                   /home/pc/Downloads/webots/lib/java/libJavaController.so
7f63639d1000-7f63639d2000 r--p 0003b000 08:01 27920367                   /home/pc/Downloads/webots/lib/java/libJavaController.so
7f63639d2000-7f63639d3000 rw-p 0003c000 08:01 27920367                   /home/pc/Downloads/webots/lib/java/libJavaController.so
7f63639d3000-7f63639ea000 r-xp 00000000 08:01 23598500                   /usr/lib/jvm/java-11-openjdk-amd64/lib/libnet.so
7f63639ea000-7f6363be9000 ---p 00017000 08:01 23598500                   /usr/lib/jvm/java-11-openjdk-amd64/lib/libnet.so
7f6363be9000-7f6363bea000 r--p 00016000 08:01 23598500                   /usr/lib/jvm/java-11-openjdk-amd64/lib/libnet.so
7f6363bea000-7f6363beb000 rw-p 00017000 08:01 23598500                   /usr/lib/jvm/java-11-openjdk-amd64/lib/libnet.so
7f6363beb000-7f6363bfc000 r-xp 00000000 08:01 23598501                   /usr/lib/jvm/java-11-openjdk-amd64/lib/libnio.so
7f6363bfc000-7f6363dfb000 ---p 00011000 08:01 23598501                   /usr/lib/jvm/java-11-openjdk-amd64/lib/libnio.so
7f6363dfb000-7f6363dfc000 r--p 00010000 08:01 23598501                   /usr/lib/jvm/java-11-openjdk-amd64/lib/libnio.so
7f6363dfc000-7f6363dfd000 rw-p 00011000 08:01 23598501                   /usr/lib/jvm/java-11-openjdk-amd64/lib/libnio.so
7f6363dfd000-7f6363e01000 ---p 00000000 00:00 0 
7f6363e01000-7f6363efe000 rw-p 00000000 00:00 0 
7f6363efe000-7f6363eff000 ---p 00000000 00:00 0 
7f6363eff000-7f6364000000 rw-p 00000000 00:00 0 
7f6364000000-7f6364096000 rw-p 00000000 00:00 0 
7f6364096000-7f6368000000 ---p 00000000 00:00 0 
7f6368000000-7f6368021000 rw-p 00000000 00:00 0 
7f6368021000-7f636c000000 ---p 00000000 00:00 0 
7f636c000000-7f636c021000 rw-p 00000000 00:00 0 
7f636c021000-7f6370000000 ---p 00000000 00:00 0 
7f6370000000-7f6370021000 rw-p 00000000 00:00 0 
7f6370021000-7f6374000000 ---p 00000000 00:00 0 
7f6374000000-7f6374021000 rw-p 00000000 00:00 0 
7f6374021000-7f6378000000 ---p 00000000 00:00 0 
7f6378000000-7f6378066000 rw-p 00000000 00:00 0 
7f6378066000-7f637c000000 ---p 00000000 00:00 0 
7f637c000000-7f637c021000 rw-p 00000000 00:00 0 
7f637c021000-7f6380000000 ---p 00000000 00:00 0 
7f6380000000-7f6380021000 rw-p 00000000 00:00 0 
7f6380021000-7f6384000000 ---p 00000000 00:00 0 
7f6384000000-7f6384021000 rw-p 00000000 00:00 0 
7f6384021000-7f6388000000 ---p 00000000 00:00 0 
7f6388000000-7f6388021000 rw-p 00000000 00:00 0 
7f6388021000-7f638c000000 ---p 00000000 00:00 0 
7f638c000000-7f638c021000 rw-p 00000000 00:00 0 
7f638c021000-7f6390000000 ---p 00000000 00:00 0 
7f6390000000-7f6390021000 rw-p 00000000 00:00 0 
7f6390021000-7f6394000000 ---p 00000000 00:00 0 
7f6394000000-7f6394021000 rw-p 00000000 00:00 0 
7f6394021000-7f6398000000 ---p 00000000 00:00 0 
7f6398000000-7f6398021000 rw-p 00000000 00:00 0 
7f6398021000-7f639c000000 ---p 00000000 00:00 0 
7f639c000000-7f639c021000 rw-p 00000000 00:00 0 
7f639c021000-7f63a0000000 ---p 00000000 00:00 0 
7f63a0000000-7f63a0021000 rw-p 00000000 00:00 0 
7f63a0021000-7f63a4000000 ---p 00000000 00:00 0 
7f63a4000000-7f63a4021000 rw-p 00000000 00:00 0 
7f63a4021000-7f63a8000000 ---p 00000000 00:00 0 
7f63a8000000-7f63a8021000 rw-p 00000000 00:00 0 
7f63a8021000-7f63ac000000 ---p 00000000 00:00 0 
7f63ac000000-7f63ac021000 rw-p 00000000 00:00 0 
7f63ac021000-7f63b0000000 ---p 00000000 00:00 0 
7f63b0000000-7f63b0021000 rw-p 00000000 00:00 0 
7f63b0021000-7f63b4000000 ---p 00000000 00:00 0 
7f63b4000000-7f63b4021000 rw-p 00000000 00:00 0 
7f63b4021000-7f63b8000000 ---p 00000000 00:00 0 
7f63b8000000-7f63b8021000 rw-p 00000000 00:00 0 
7f63b8021000-7f63bc000000 ---p 00000000 00:00 0 
7f63bc016000-7f63bc047000 rw-p 00000000 00:00 0 
7f63bc047000-7f63bc04b000 ---p 00000000 00:00 0 
7f63bc04b000-7f63be338000 rw-p 00000000 00:00 0 
7f63be338000-7f63c0000000 ---p 00000000 00:00 0 
7f63c0000000-7f63c0021000 rw-p 00000000 00:00 0 
7f63c0021000-7f63c4000000 ---p 00000000 00:00 0 
7f63c4000000-7f63c4021000 rw-p 00000000 00:00 0 
7f63c4021000-7f63c8000000 ---p 00000000 00:00 0 
7f63c8000000-7f63c8021000 rw-p 00000000 00:00 0 
7f63c8021000-7f63cc000000 ---p 00000000 00:00 0 
7f63cc000000-7f63cc021000 rw-p 00000000 00:00 0 
7f63cc021000-7f63d0000000 ---p 00000000 00:00 0 
7f63d0000000-7f63d0021000 rw-p 00000000 00:00 0 
7f63d0021000-7f63d4000000 ---p 00000000 00:00 0 
7f63d4000000-7f63d4021000 rw-p 00000000 00:00 0 
7f63d4021000-7f63d8000000 ---p 00000000 00:00 0 
7f63d8000000-7f63d8021000 rw-p 00000000 00:00 0 
7f63d8021000-7f63dc000000 ---p 00000000 00:00 0 
7f63dc02c000-7f63dc030000 ---p 00000000 00:00 0 
7f63dc030000-7f63dc12d000 rw-p 00000000 00:00 0 
7f63dc12d000-7f63dc131000 ---p 00000000 00:00 0 
7f63dc131000-7f63dc22e000 rw-p 00000000 00:00 0 
7f63dc22e000-7f63dc232000 ---p 00000000 00:00 0 
7f63dc232000-7f63dc32f000 rw-p 00000000 00:00 0 
7f63dc32f000-7f63dc333000 ---p 00000000 00:00 0 
7f63dc333000-7f63dc430000 rw-p 00000000 00:00 0 
7f63dc430000-7f63dc434000 ---p 00000000 00:00 0 
7f63dc434000-7f63dc531000 rw-p 00000000 00:00 0 
7f63dc531000-7f63dc535000 ---p 00000000 00:00 0 
7f63dc535000-7f63dc632000 rw-p 00000000 00:00 0 
7f63dc632000-7f63dc962000 r--p 00000000 08:01 23598983                   /usr/lib/locale/locale-archive
7f63dc962000-7f63dc966000 ---p 00000000 00:00 0 
7f63dc966000-7f63dca63000 rw-p 00000000 00:00 0 
7f63dca63000-7f63dca67000 ---p 00000000 00:00 0 
7f63dca67000-7f63dcb64000 rw-p 00000000 00:00 0 
7f63dcb64000-7f63dcb65000 ---p 00000000 00:00 0 
7f63dcb65000-7f63dd1df000 rw-p 00000000 00:00 0 
7f63dd1df000-7f63dd55f000 ---p 00000000 00:00 0 
7f63dd55f000-7f63dd560000 ---p 00000000 00:00 0 
7f63dd560000-7f63dd661000 rw-p 00000000 00:00 0 
7f63dd661000-7f63dd662000 ---p 00000000 00:00 0 
7f63dd662000-7f63dd763000 rw-p 00000000 00:00 0 
7f63dd763000-7f63dd764000 ---p 00000000 00:00 0 
7f63dd764000-7f63dd865000 rw-p 00000000 00:00 0 
7f63dd865000-7f63dd866000 ---p 00000000 00:00 0 
7f63dd866000-7f63dd967000 rw-p 00000000 00:00 0 
7f63dd967000-7f63dd968000 ---p 00000000 00:00 0 
7f63dd968000-7f63dda69000 rw-p 00000000 00:00 0 
7f63dda69000-7f63dda6a000 ---p 00000000 00:00 0 
7f63dda6a000-7f63ddb6b000 rw-p 00000000 00:00 0 
7f63ddb6b000-7f63ddb6c000 ---p 00000000 00:00 0 
7f63ddb6c000-7f63dde5d000 rw-p 00000000 00:00 0 
7f63dde5d000-7f63dfb25000 ---p 00000000 00:00 0 
7f63dfb25000-7f63dfd95000 rwxp 00000000 00:00 0 
7f63dfd95000-7f63e00b6000 ---p 00000000 00:00 0 
7f63e00b6000-7f63e0326000 rwxp 00000000 00:00 0 
7f63e0326000-7f63e75ed000 ---p 00000000 00:00 0 
7f63e75ed000-7f63e785d000 rwxp 00000000 00:00 0 
7f63e785d000-7f63eeb25000 ---p 00000000 00:00 0 
7f63eeb25000-7f63f8000000 r--s 00000000 08:01 23598511                   /usr/lib/jvm/java-11-openjdk-amd64/lib/modules
7f63f8000000-7f63f8276000 rw-p 00000000 00:00 0 
7f63f8276000-7f63fc000000 ---p 00000000 00:00 0 
7f63fc021000-7f63fc022000 ---p 00000000 00:00 0 
7f63fc022000-7f63fc123000 rw-p 00000000 00:00 0 
7f63fc123000-7f63fc124000 ---p 00000000 00:00 0 
7f63fc124000-7f63fca2d000 rw-p 00000000 00:00 0 
7f63fca2d000-7f63fca2e000 ---p 00000000 00:00 0 
7f63fca2e000-7f63fcb2f000 rw-p 00000000 00:00 0 
7f63fcb2f000-7f63fcb30000 ---p 00000000 00:00 0 
7f63fcb30000-7f63fcc31000 rw-p 00000000 00:00 0 
7f63fcc31000-7f63fcc32000 ---p 00000000 00:00 0 
7f63fcc32000-7f63fcd71000 rw-p 00000000 00:00 0 
7f63fcd71000-7f63fd10a000 ---p 00000000 00:00 0 
7f63fd10a000-7f63fd148000 rw-p 00000000 00:00 0 
7f63fd148000-7f63fd4e1000 ---p 00000000 00:00 0 
7f63fd4e1000-7f63fd51f000 rw-p 00000000 00:00 0 
7f63fd51f000-7f63fd8b8000 ---p 00000000 00:00 0 
7f63fd8b8000-7f63fe0c0000 rw-p 00000000 00:00 0 
7f63fe0c0000-7f63fe0c1000 ---p 00000000 00:00 0 
7f63fe0c1000-7f63fe1c2000 rw-p 00000000 00:00 0 
7f63fe1c2000-7f63fe1c3000 ---p 00000000 00:00 0 
7f63fe1c3000-7f63fe2c4000 rw-p 00000000 00:00 0 
7f63fe2c4000-7f63fe2c5000 ---p 00000000 00:00 0 
7f63fe2c5000-7f63fe3c6000 rw-p 00000000 00:00 0 
7f63fe3c6000-7f63fe3c7000 ---p 00000000 00:00 0 
7f63fe3c7000-7f63fe4c8000 rw-p 00000000 00:00 0 
7f63fe4c8000-7f63fe4c9000 ---p 00000000 00:00 0 
7f63fe4c9000-7f63fe5ca000 rw-p 00000000 00:00 0 
7f63fe5ca000-7f63fe5cb000 ---p 00000000 00:00 0 
7f63fe5cb000-7f63fe6cc000 rw-p 00000000 00:00 0 
7f63fe6cc000-7f63fe6cd000 ---p 00000000 00:00 0 
7f63fe6cd000-7f63fe7ce000 rw-p 00000000 00:00 0 
7f63fe7ce000-7f63fe7cf000 ---p 00000000 00:00 0 
7f63fe7cf000-7f63fe8d5000 rw-p 00000000 00:00 0 
7f63fe8d5000-7f63fe9bb000 ---p 00000000 00:00 0 
7f63fe9bb000-7f63fe9c0000 rw-p 00000000 00:00 0 
7f63fe9c0000-7f63feaa6000 ---p 00000000 00:00 0 
7f63feaa6000-7f63feaab000 r-xp 00000000 08:01 23598491                   /usr/lib/jvm/java-11-openjdk-amd64/lib/libjimage.so
7f63feaab000-7f63fecaa000 ---p 00005000 08:01 23598491                   /usr/lib/jvm/java-11-openjdk-amd64/lib/libjimage.so
7f63fecaa000-7f63fecab000 r--p 00004000 08:01 23598491                   /usr/lib/jvm/java-11-openjdk-amd64/lib/libjimage.so
7f63fecab000-7f63fecac000 rw-p 00005000 08:01 23598491                   /usr/lib/jvm/java-11-openjdk-amd64/lib/libjimage.so
7f63fecac000-7f63fecb3000 r-xp 00000000 08:01 23598510                   /usr/lib/jvm/java-11-openjdk-amd64/lib/libzip.so
7f63fecb3000-7f63feeb2000 ---p 00007000 08:01 23598510                   /usr/lib/jvm/java-11-openjdk-amd64/lib/libzip.so
7f63feeb2000-7f63feeb3000 r--p 00006000 08:01 23598510                   /usr/lib/jvm/java-11-openjdk-amd64/lib/libzip.so
7f63feeb3000-7f63feeb4000 rw-p 00007000 08:01 23598510                   /usr/lib/jvm/java-11-openjdk-amd64/lib/libzip.so
7f63feeb4000-7f63feebf000 r-xp 00000000 08:01 14684844                   /lib/x86_64-linux-gnu/libnss_files-2.27.so
7f63feebf000-7f63ff0be000 ---p 0000b000 08:01 14684844                   /lib/x86_64-linux-gnu/libnss_files-2.27.so
7f63ff0be000-7f63ff0bf000 r--p 0000a000 08:01 14684844                   /lib/x86_64-linux-gnu/libnss_files-2.27.so
7f63ff0bf000-7f63ff0c0000 rw-p 0000b000 08:01 14684844                   /lib/x86_64-linux-gnu/libnss_files-2.27.so
7f63ff0c0000-7f63ff0c6000 rw-p 00000000 00:00 0 
7f63ff0c6000-7f63ff0dd000 r-xp 00000000 08:01 14684838                   /lib/x86_64-linux-gnu/libnsl-2.27.so
7f63ff0dd000-7f63ff2dc000 ---p 00017000 08:01 14684838                   /lib/x86_64-linux-gnu/libnsl-2.27.so
7f63ff2dc000-7f63ff2dd000 r--p 00016000 08:01 14684838                   /lib/x86_64-linux-gnu/libnsl-2.27.so
7f63ff2dd000-7f63ff2de000 rw-p 00017000 08:01 14684838                   /lib/x86_64-linux-gnu/libnsl-2.27.so
7f63ff2de000-7f63ff2e0000 rw-p 00000000 00:00 0 
7f63ff2e0000-7f63ff2eb000 r-xp 00000000 08:01 14684855                   /lib/x86_64-linux-gnu/libnss_nis-2.27.so
7f63ff2eb000-7f63ff4ea000 ---p 0000b000 08:01 14684855                   /lib/x86_64-linux-gnu/libnss_nis-2.27.so
7f63ff4ea000-7f63ff4eb000 r--p 0000a000 08:01 14684855                   /lib/x86_64-linux-gnu/libnss_nis-2.27.so
7f63ff4eb000-7f63ff4ec000 rw-p 0000b000 08:01 14684855                   /lib/x86_64-linux-gnu/libnss_nis-2.27.so
7f63ff4ec000-7f63ff4f4000 r-xp 00000000 08:01 14684840                   /lib/x86_64-linux-gnu/libnss_compat-2.27.so
7f63ff4f4000-7f63ff6f4000 ---p 00008000 08:01 14684840                   /lib/x86_64-linux-gnu/libnss_compat-2.27.so
7f63ff6f4000-7f63ff6f5000 r--p 00008000 08:01 14684840                   /lib/x86_64-linux-gnu/libnss_compat-2.27.so
7f63ff6f5000-7f63ff6f6000 rw-p 00009000 08:01 14684840                   /lib/x86_64-linux-gnu/libnss_compat-2.27.so
7f63ff6f6000-7f63ff722000 r-xp 00000000 08:01 23598487                   /usr/lib/jvm/java-11-openjdk-amd64/lib/libjava.so
7f63ff722000-7f63ff921000 ---p 0002c000 08:01 23598487                   /usr/lib/jvm/java-11-openjdk-amd64/lib/libjava.so
7f63ff921000-7f63ff922000 r--p 0002b000 08:01 23598487                   /usr/lib/jvm/java-11-openjdk-amd64/lib/libjava.so
7f63ff922000-7f63ff924000 rw-p 0002c000 08:01 23598487                   /usr/lib/jvm/java-11-openjdk-amd64/lib/libjava.so
7f63ff924000-7f63ff931000 r-xp 00000000 08:01 23598509                   /usr/lib/jvm/java-11-openjdk-amd64/lib/libverify.so
7f63ff931000-7f63ffb30000 ---p 0000d000 08:01 23598509                   /usr/lib/jvm/java-11-openjdk-amd64/lib/libverify.so
7f63ffb30000-7f63ffb32000 r--p 0000c000 08:01 23598509                   /usr/lib/jvm/java-11-openjdk-amd64/lib/libverify.so
7f63ffb32000-7f63ffb33000 rw-p 0000e000 08:01 23598509                   /usr/lib/jvm/java-11-openjdk-amd64/lib/libverify.so
7f63ffb33000-7f63ffb3a000 r-xp 00000000 08:01 14684895                   /lib/x86_64-linux-gnu/librt-2.27.so
7f63ffb3a000-7f63ffd39000 ---p 00007000 08:01 14684895                   /lib/x86_64-linux-gnu/librt-2.27.so
7f63ffd39000-7f63ffd3a000 r--p 00006000 08:01 14684895                   /lib/x86_64-linux-gnu/librt-2.27.so
7f63ffd3a000-7f63ffd3b000 rw-p 00007000 08:01 14684895                   /lib/x86_64-linux-gnu/librt-2.27.so
7f63ffd3b000-7f63ffd52000 r-xp 00000000 08:01 14684791                   /lib/x86_64-linux-gnu/libgcc_s.so.1
7f63ffd52000-7f63fff51000 ---p 00017000 08:01 14684791                   /lib/x86_64-linux-gnu/libgcc_s.so.1
7f63fff51000-7f63fff52000 r--p 00016000 08:01 14684791                   /lib/x86_64-linux-gnu/libgcc_s.so.1
7f63fff52000-7f63fff53000 rw-p 00017000 08:01 14684791                   /lib/x86_64-linux-gnu/libgcc_s.so.1
7f63fff53000-7f64000f0000 r-xp 00000000 08:01 14684817                   /lib/x86_64-linux-gnu/libm-2.27.so
7f64000f0000-7f64002ef000 ---p 0019d000 08:01 14684817                   /lib/x86_64-linux-gnu/libm-2.27.so
7f64002ef000-7f64002f0000 r--p 0019c000 08:01 14684817                   /lib/x86_64-linux-gnu/libm-2.27.so
7f64002f0000-7f64002f1000 rw-p 0019d000 08:01 14684817                   /lib/x86_64-linux-gnu/libm-2.27.so
7f64002f1000-7f640046a000 r-xp 00000000 08:01 23601225                   /usr/lib/x86_64-linux-gnu/libstdc++.so.6.0.25
7f640046a000-7f640066a000 ---p 00179000 08:01 23601225                   /usr/lib/x86_64-linux-gnu/libstdc++.so.6.0.25
7f640066a000-7f6400674000 r--p 00179000 08:01 23601225                   /usr/lib/x86_64-linux-gnu/libstdc++.so.6.0.25
7f6400674000-7f6400676000 rw-p 00183000 08:01 23601225                   /usr/lib/x86_64-linux-gnu/libstdc++.so.6.0.25
7f6400676000-7f640067a000 rw-p 00000000 00:00 0 
7f640067a000-7f6401617000 r-xp 00000000 08:01 23598523                   /usr/lib/jvm/java-11-openjdk-amd64/lib/server/libjvm.so
7f6401617000-7f6401817000 ---p 00f9d000 08:01 23598523                   /usr/lib/jvm/java-11-openjdk-amd64/lib/server/libjvm.so
7f6401817000-7f64018db000 r--p 00f9d000 08:01 23598523                   /usr/lib/jvm/java-11-openjdk-amd64/lib/server/libjvm.so
7f64018db000-7f6401913000 rw-p 01061000 08:01 23598523                   /usr/lib/jvm/java-11-openjdk-amd64/lib/server/libjvm.so
7f6401913000-7f640195c000 rw-p 00000000 00:00 0 
7f640195c000-7f6401976000 r-xp 00000000 08:01 14684887                   /lib/x86_64-linux-gnu/libpthread-2.27.so
7f6401976000-7f6401b75000 ---p 0001a000 08:01 14684887                   /lib/x86_64-linux-gnu/libpthread-2.27.so
7f6401b75000-7f6401b76000 r--p 00019000 08:01 14684887                   /lib/x86_64-linux-gnu/libpthread-2.27.so
7f6401b76000-7f6401b77000 rw-p 0001a000 08:01 14684887                   /lib/x86_64-linux-gnu/libpthread-2.27.so
7f6401b77000-7f6401b7b000 rw-p 00000000 00:00 0 
7f6401b7b000-7f6401b7e000 r-xp 00000000 08:01 14684777                   /lib/x86_64-linux-gnu/libdl-2.27.so
7f6401b7e000-7f6401d7d000 ---p 00003000 08:01 14684777                   /lib/x86_64-linux-gnu/libdl-2.27.so
7f6401d7d000-7f6401d7e000 r--p 00002000 08:01 14684777                   /lib/x86_64-linux-gnu/libdl-2.27.so
7f6401d7e000-7f6401d7f000 rw-p 00003000 08:01 14684777                   /lib/x86_64-linux-gnu/libdl-2.27.so
7f6401d7f000-7f6401d9b000 r-xp 00000000 08:01 14684928                   /lib/x86_64-linux-gnu/libz.so.1.2.11
7f6401d9b000-7f6401f9a000 ---p 0001c000 08:01 14684928                   /lib/x86_64-linux-gnu/libz.so.1.2.11
7f6401f9a000-7f6401f9b000 r--p 0001b000 08:01 14684928                   /lib/x86_64-linux-gnu/libz.so.1.2.11
7f6401f9b000-7f6401f9c000 rw-p 0001c000 08:01 14684928                   /lib/x86_64-linux-gnu/libz.so.1.2.11
7f6401f9c000-7f6402183000 r-xp 00000000 08:01 14684754                   /lib/x86_64-linux-gnu/libc-2.27.so
7f6402183000-7f6402383000 ---p 001e7000 08:01 14684754                   /lib/x86_64-linux-gnu/libc-2.27.so
7f6402383000-7f6402387000 r--p 001e7000 08:01 14684754                   /lib/x86_64-linux-gnu/libc-2.27.so
7f6402387000-7f6402389000 rw-p 001eb000 08:01 14684754                   /lib/x86_64-linux-gnu/libc-2.27.so
7f6402389000-7f640238d000 rw-p 00000000 00:00 0 
7f640238d000-7f640239c000 r-xp 00000000 08:01 23598516                   /usr/lib/jvm/java-11-openjdk-amd64/lib/jli/libjli.so
7f640239c000-7f640259b000 ---p 0000f000 08:01 23598516                   /usr/lib/jvm/java-11-openjdk-amd64/lib/jli/libjli.so
7f640259b000-7f640259c000 r--p 0000e000 08:01 23598516                   /usr/lib/jvm/java-11-openjdk-amd64/lib/jli/libjli.so
7f640259c000-7f640259d000 rw-p 0000f000 08:01 23598516                   /usr/lib/jvm/java-11-openjdk-amd64/lib/jli/libjli.so
7f640259d000-7f64025c4000 r-xp 00000000 08:01 14684726                   /lib/x86_64-linux-gnu/ld-2.27.so
7f64025e9000-7f64026a7000 rw-p 00000000 00:00 0 
7f64026a7000-7f64026ab000 ---p 00000000 00:00 0 
7f64026ab000-7f64027b1000 rw-p 00000000 00:00 0 
7f64027b1000-7f64027b8000 ---p 00000000 00:00 0 
7f64027b8000-7f64027c0000 rw-s 00000000 08:01 28966955                   /tmp/hsperfdata_pc/5934
7f64027c0000-7f64027c1000 ---p 00000000 00:00 0 
7f64027c1000-7f64027c2000 r--p 00000000 00:00 0 
7f64027c2000-7f64027c4000 rw-p 00000000 00:00 0 
7f64027c4000-7f64027c5000 r--p 00027000 08:01 14684726                   /lib/x86_64-linux-gnu/ld-2.27.so
7f64027c5000-7f64027c6000 rw-p 00028000 08:01 14684726                   /lib/x86_64-linux-gnu/ld-2.27.so
7f64027c6000-7f64027c7000 rw-p 00000000 00:00 0 
7ffe520be000-7ffe520e0000 rw-p 00000000 00:00 0                          [stack]
7ffe52101000-7ffe52104000 r--p 00000000 00:00 0                          [vvar]
7ffe52104000-7ffe52106000 r-xp 00000000 00:00 0                          [vdso]
ffffffffff600000-ffffffffff601000 r-xp 00000000 00:00 0                  [vsyscall]


VM Arguments:
jvm_args: -Djava.library.path=/home/pc/Downloads/webots/lib/java 
java_command: SensorController
java_class_path (initial): /home/pc/Downloads/webots/lib/java/Controller.jar:/home/pc/Dokumente/my_project/controllers/SensorController/
Launcher Type: SUN_STANDARD

Logging:
Log output configuration:
#0: stdout all=warning uptime,level,tags
#1: stderr all=off uptime,level,tags

Environment Variables:
PATH=/usr/local/sbin:/usr/local/bin:/usr/sbin:/usr/bin:/sbin:/bin:/usr/games:/usr/local/games
LD_LIBRARY_PATH=/home/pc/Downloads/webots/projects/default/libraries/vehicle:/home/pc/Downloads/webots/projects/default/libraries/ros:/home/pc/Downloads/webots/resources/projects/libraries/qt_utils:/home/pc/Dokumente/my_project/controllers/SensorController/:/home/pc/Downloads/webots/lib/:/tmp/webots-5790/lib:
SHELL=/bin/bash
DISPLAY=:0

Signal Handlers:
SIGSEGV: [libjvm.so+0xd28b70], sa_mask[0]=11111111011111111101111111111110, sa_flags=SA_RESTART|SA_SIGINFO
SIGBUS: [libjvm.so+0xd28b70], sa_mask[0]=11111111011111111101111111111110, sa_flags=SA_RESTART|SA_SIGINFO
SIGFPE: [libjvm.so+0xd28b70], sa_mask[0]=11111111011111111101111111111110, sa_flags=SA_RESTART|SA_SIGINFO
SIGPIPE: [libjvm.so+0xb2a1f0], sa_mask[0]=11111111011111111101111111111110, sa_flags=SA_RESTART|SA_SIGINFO
SIGXFSZ: [libjvm.so+0xb2a1f0], sa_mask[0]=11111111011111111101111111111110, sa_flags=SA_RESTART|SA_SIGINFO
SIGILL: [libjvm.so+0xd28b70], sa_mask[0]=11111111011111111101111111111110, sa_flags=SA_RESTART|SA_SIGINFO
SIGUSR2: [libjvm.so+0xb2a030], sa_mask[0]=00000000000000000000000000000000, sa_flags=SA_RESTART|SA_SIGINFO
SIGHUP: [libjvm.so+0xb2a180], sa_mask[0]=11111111011111111101111111111110, sa_flags=SA_RESTART|SA_SIGINFO
SIGINT: [libjvm.so+0xb2a180], sa_mask[0]=11111111011111111101111111111110, sa_flags=SA_RESTART|SA_SIGINFO
SIGTERM: [libjvm.so+0xb2a180], sa_mask[0]=11111111011111111101111111111110, sa_flags=SA_RESTART|SA_SIGINFO
SIGQUIT: [libjvm.so+0xb2a180], sa_mask[0]=11111111011111111101111111111110, sa_flags=SA_RESTART|SA_SIGINFO


---------------  S Y S T E M  ---------------

OS:DISTRIB_ID=LinuxMint
DISTRIB_RELEASE=19.1
DISTRIB_CODENAME=tessa
DISTRIB_DESCRIPTION="Linux Mint 19.1 Tessa"
uname:Linux 4.15.0-20-generic #21-Ubuntu SMP Tue Apr 24 06:16:15 UTC 2018 x86_64
libc:glibc 2.27 NPTL 2.27 
rlimit: STACK 8192k, CORE 0k, NPROC 31207, NOFILE 4096, AS infinity, DATA infinity, FSIZE infinity
load average:0.26 0.41 0.62

/proc/meminfo:
MemTotal:        8051996 kB
MemFree:         4823024 kB
MemAvailable:    5918356 kB
Buffers:          108220 kB
Cached:          1836204 kB
SwapCached:            0 kB
Active:          1714512 kB
Inactive:        1277748 kB
Active(anon):    1049128 kB
Inactive(anon):   677176 kB
Active(file):     665384 kB
Inactive(file):   600572 kB
Unevictable:          32 kB
Mlocked:              32 kB
SwapTotal:       2097148 kB
SwapFree:        2097148 kB
Dirty:                36 kB
Writeback:             0 kB
AnonPages:       1047980 kB
Mapped:           533740 kB
Shmem:            678472 kB
Slab:             142196 kB
SReclaimable:      97224 kB
SUnreclaim:        44972 kB
KernelStack:       10040 kB
PageTables:        34200 kB
NFS_Unstable:          0 kB
Bounce:                0 kB
WritebackTmp:          0 kB
CommitLimit:     6123144 kB
Committed_AS:    4974156 kB
VmallocTotal:   34359738367 kB
VmallocUsed:           0 kB
VmallocChunk:          0 kB
HardwareCorrupted:     0 kB
AnonHugePages:         0 kB
ShmemHugePages:        0 kB
ShmemPmdMapped:        0 kB
CmaTotal:              0 kB
CmaFree:               0 kB
HugePages_Total:       0
HugePages_Free:        0
HugePages_Rsvd:        0
HugePages_Surp:        0
Hugepagesize:       2048 kB
DirectMap4k:      168896 kB
DirectMap2M:     8103936 kB

container (cgroup) information:
container_type: cgroupv1
cpu_cpuset_cpus: 0-7
cpu_memory_nodes: 0
active_processor_count: 8
cpu_quota: -1
cpu_period: 100000
cpu_shares: -1
memory_limit_in_bytes: -1
memory_and_swap_limit_in_bytes: -2
memory_soft_limit_in_bytes: -1
memory_usage_in_bytes: 3064500224
memory_max_usage_in_bytes: 0


CPU:total 8 (initial active 8) (4 cores per cpu, 2 threads per core) family 6 model 58 stepping 9, cmov, cx8, fxsr, mmx, sse, sse2, sse3, ssse3, sse4.1, sse4.2, popcnt, avx, aes, clmul, erms, ht, tsc, tscinvbit, tscinv
CPU Model and flags from /proc/cpuinfo:
model name	: Intel(R) Core(TM) i7-3770 CPU @ 3.40GHz
flags		: fpu vme de pse tsc msr pae mce cx8 apic sep mtrr pge mca cmov pat pse36 clflush dts acpi mmx fxsr sse sse2 ss ht tm pbe syscall nx rdtscp lm constant_tsc arch_perfmon pebs bts rep_good nopl xtopology nonstop_tsc cpuid aperfmperf pni pclmulqdq dtes64 monitor ds_cpl vmx smx est tm2 ssse3 cx16 xtpr pdcm pcid sse4_1 sse4_2 x2apic popcnt tsc_deadline_timer aes xsave avx f16c rdrand lahf_lm cpuid_fault epb pti tpr_shadow vnmi flexpriority ept vpid fsgsbase smep erms xsaveopt dtherm ida arat pln pts

Memory: 4k page, physical 8051996k(4823024k free), swap 2097148k(2097148k free)

vm_info: OpenJDK 64-Bit Server VM (10.0.2+13-Ubuntu-1ubuntu0.18.04.4) for linux-amd64 JRE (10.0.2+13-Ubuntu-1ubuntu0.18.04.4), built on Nov 13 2018 12:53:39 by "buildd" with gcc 7.3.0

END.
