#
# A fatal error has been detected by the Java Runtime Environment:
#
#  SIGSEGV (0xb) at pc=0x00007f954e520b32, pid=5164, tid=5165
#
# JRE version: OpenJDK Runtime Environment (10.0.2+13) (build 10.0.2+13-Ubuntu-1ubuntu0.18.04.4)
# Java VM: OpenJDK 64-Bit Server VM (10.0.2+13-Ubuntu-1ubuntu0.18.04.4, mixed mode, tiered, compressed oops, g1 gc, linux-amd64)
# Problematic frame:
# C  [libController.so+0x1bb32]  wbu_motion_new+0x5d2
#
# Core dump will be written. Default location: Core dumps may be processed with "/usr/share/apport/apport %p %s %c %d %P" (or dumping to /home/pc/Dokumente/my_project/controllers/SensorController/core.5164)
#
# If you would like to submit a bug report, please visit:
#   http://bugreport.java.com/bugreport/crash.jsp
# The crash happened outside the Java Virtual Machine in native code.
# See problematic frame for where to report the bug.
#

---------------  S U M M A R Y ------------

Command Line: -Djava.library.path=/home/pc/Downloads/webots/lib/java SensorController

Host: Intel(R) Core(TM) i7-3770 CPU @ 3.40GHz, 8 cores, 7G, Linux Mint 19.1 Tessa
Time: Tue Jun 18 12:36:20 2019 CEST elapsed time: 0 seconds (0d 0h 0m 0s)

---------------  T H R E A D  ---------------

Current thread (0x00007f95bc012000):  JavaThread "main" [_thread_in_native, id=5165, stack(0x00007f95c58ad000,0x00007f95c59ae000)]

Stack: [0x00007f95c58ad000,0x00007f95c59ae000],  sp=0x00007f95c59ab6f0,  free space=1017k
Native frames: (J=compiled Java code, A=aot compiled Java code, j=interpreted, Vv=VM code, C=native code)
C  [libController.so+0x1bb32]  wbu_motion_new+0x5d2
C  [libCppController.so+0x28c7a]  webots::Motion::Motion(std::__cxx11::basic_string<char, std::char_traits<char>, std::allocator<char> > const&)+0x36
C  [libJavaController.so+0x27c5d]  Java_com_cyberbotics_webots_controller_wrapperJNI_new_1Motion+0x10a
j  com.cyberbotics.webots.controller.wrapperJNI.new_Motion(Ljava/lang/String;)J+0
j  com.cyberbotics.webots.controller.Motion.<init>(Ljava/lang/String;)V+2
j  SensorController.loadMotionFiles()V+118
j  SensorController.main([Ljava/lang/String;)V+22
v  ~StubRoutines::call_stub
V  [libjvm.so+0x83d38f]
V  [libjvm.so+0x85c3cd]
V  [libjvm.so+0x85e60e]
C  [libjli.so+0x4aa0]
C  [libjli.so+0x89dd]
C  [libpthread.so.0+0x76db]  start_thread+0xdb

Java frames: (J=compiled Java code, j=interpreted, Vv=VM code)
j  com.cyberbotics.webots.controller.wrapperJNI.new_Motion(Ljava/lang/String;)J+0
j  com.cyberbotics.webots.controller.Motion.<init>(Ljava/lang/String;)V+2
j  SensorController.loadMotionFiles()V+118
j  SensorController.main([Ljava/lang/String;)V+22
v  ~StubRoutines::call_stub

siginfo: si_signo: 11 (SIGSEGV), si_code: 1 (SEGV_MAPERR), si_addr: 0x0000000000000000

Register to memory mapping:

RAX=0x0000000000000000 is an unknown value
RBX=0x00007f95bc25b300 is an unknown value
RCX=0x0000000000000000 is an unknown value
RDX=0x00007f95c558fa68: <offset 0x00000000003eda68> in /lib/x86_64-linux-gnu/libc.so.6 at 0x00007f95c51a2000
RSP=0x00007f95c59ab6f0 is pointing into the stack for thread: 0x00007f95bc012000
RBP=0x00007f95c59ac770 is pointing into the stack for thread: 0x00007f95bc012000
RSI=0x00007f954e53dfc3: <offset 0x0000000000038fc3> in /home/pc/Downloads/webots/lib/libController.so at 0x00007f954e505000
RDI=0x0000000000000000 is an unknown value
R8 =0x0000000000000001 is an unknown value
R9 =0x0000000000000000 is an unknown value
R10=0x0624dd2f1a9fbe76 is an unknown value
R11=0x00007f954e53dfde: <offset 0x0000000000038fde> in /home/pc/Downloads/webots/lib/libController.so at 0x00007f954e505000
R12=0x0000000000000040 is an unknown value
R13=0x0000000000000020 is an unknown value
R14=0x0000000000000030 is an unknown value
R15=0x0000000000000006 is an unknown value


Registers:
RAX=0x0000000000000000, RBX=0x00007f95bc25b300, RCX=0x0000000000000000, RDX=0x00007f95c558fa68
RSP=0x00007f95c59ab6f0, RBP=0x00007f95c59ac770, RSI=0x00007f954e53dfc3, RDI=0x0000000000000000
R8 =0x0000000000000001, R9 =0x0000000000000000, R10=0x0624dd2f1a9fbe76, R11=0x00007f954e53dfde
R12=0x0000000000000040, R13=0x0000000000000020, R14=0x0000000000000030, R15=0x0000000000000006
RIP=0x00007f954e520b32, EFLAGS=0x0000000000010246, CSGSFS=0x002b000000000033, ERR=0x0000000000000004
  TRAPNO=0x000000000000000e

Top of Stack: (sp=0x00007f95c59ab6f0)
0x00007f95c59ab6f0:   32333a30303a3030 003965736f500030
0x00007f95c59ab700:   003432302e300030 31003432352e302d
0x00007f95c59ab710:   2e302d003934302e 302e302d00353235
0x00007f95c59ab720:   302e302c30003432 32352e302d2c3432 

Instructions: (pc=0x00007f954e520b32)
0x00007f954e520b12:   08 4a 03 0c 22 48 89 ca e8 f1 21 ff ff 44 3b 3b
0x00007f954e520b22:   7d 3c 48 8d 35 98 d4 01 00 31 ff e8 5e 26 ff ff
0x00007f954e520b32:   80 38 2a 75 c1 80 78 01 00 75 bb 48 8b 43 30 f2
0x00007f954e520b42:   0f 10 05 07 db 01 00 41 83 c7 01 4a 8b 04 20 f2 


---------------  P R O C E S S  ---------------

Threads class SMR info:
_java_thread_list=0x00007f95bc204d70, length=11, elements={
0x00007f95bc012000, 0x00007f95bc142800, 0x00007f95bc144800, 0x00007f95bc14e000,
0x00007f95bc158800, 0x00007f95bc15a800, 0x00007f95bc15c800, 0x00007f95bc15e800,
0x00007f95bc160800, 0x00007f95bc1ec800, 0x00007f95bc205800
}

Java Threads: ( => current thread )
=>0x00007f95bc012000 JavaThread "main" [_thread_in_native, id=5165, stack(0x00007f95c58ad000,0x00007f95c59ae000)]
  0x00007f95bc142800 JavaThread "Reference Handler" daemon [_thread_blocked, id=5187, stack(0x00007f95a0480000,0x00007f95a0581000)]
  0x00007f95bc144800 JavaThread "Finalizer" daemon [_thread_blocked, id=5188, stack(0x00007f95a037f000,0x00007f95a0480000)]
  0x00007f95bc14e000 JavaThread "Signal Dispatcher" daemon [_thread_blocked, id=5189, stack(0x00007f9580047000,0x00007f9580148000)]
  0x00007f95bc158800 JavaThread "C2 CompilerThread0" daemon [_thread_blocked, id=5190, stack(0x00007f954f6ff000,0x00007f954f800000)]
  0x00007f95bc15a800 JavaThread "C2 CompilerThread1" daemon [_thread_blocked, id=5191, stack(0x00007f954f5fe000,0x00007f954f6ff000)]
  0x00007f95bc15c800 JavaThread "C2 CompilerThread2" daemon [_thread_blocked, id=5192, stack(0x00007f954f4fd000,0x00007f954f5fe000)]
  0x00007f95bc15e800 JavaThread "C1 CompilerThread3" daemon [_thread_blocked, id=5193, stack(0x00007f954f3fc000,0x00007f954f4fd000)]
  0x00007f95bc160800 JavaThread "Sweeper thread" daemon [_thread_blocked, id=5194, stack(0x00007f954f2fb000,0x00007f954f3fc000)]
  0x00007f95bc1ec800 JavaThread "Service Thread" daemon [_thread_blocked, id=5195, stack(0x00007f954f1fa000,0x00007f954f2fb000)]
  0x00007f95bc205800 JavaThread "Common-Cleaner" daemon [_thread_blocked, id=5197, stack(0x00007f954eff7000,0x00007f954f0f8000)]

Other Threads:
  0x00007f95bc139000 VMThread "VM Thread" [stack: 0x00007f95a0583000,0x00007f95a0683000] [id=5186]
  0x00007f95bc1ef000 WatcherThread [stack: 0x00007f954f0fa000,0x00007f954f1fa000] [id=5196]
  0x00007f95bc028800 GCTaskThread "GC Thread#0" [stack: 0x00007f95c19d6000,0x00007f95c1ad6000] [id=5166]
  0x00007f95bc02a000 GCTaskThread "GC Thread#1" [stack: 0x00007f95c18d4000,0x00007f95c19d4000] [id=5167]
  0x00007f95bc02c000 GCTaskThread "GC Thread#2" [stack: 0x00007f95c17d2000,0x00007f95c18d2000] [id=5168]
  0x00007f95bc02d800 GCTaskThread "GC Thread#3" [stack: 0x00007f95c16d0000,0x00007f95c17d0000] [id=5169]
  0x00007f95bc02f000 GCTaskThread "GC Thread#4" [stack: 0x00007f95c15ce000,0x00007f95c16ce000] [id=5170]
  0x00007f95bc031000 GCTaskThread "GC Thread#5" [stack: 0x00007f95c14cc000,0x00007f95c15cc000] [id=5171]
  0x00007f95bc032800 GCTaskThread "GC Thread#6" [stack: 0x00007f95c13ca000,0x00007f95c14ca000] [id=5172]
  0x00007f95bc034800 GCTaskThread "GC Thread#7" [stack: 0x00007f95c12c8000,0x00007f95c13c8000] [id=5173]
  0x00007f95bc05d800 ConcurrentGCThread "G1 Main Marker" [stack: 0x00007f95c0210000,0x00007f95c0310000] [id=5174]
  0x00007f95bc05f800 ConcurrentGCThread "G1 Conc#0" [stack: 0x00007f95c010e000,0x00007f95c020e000] [id=5175]
  0x00007f95bc061000 ConcurrentGCThread "G1 Conc#1" [stack: 0x00007f95c000c000,0x00007f95c010c000] [id=5176]
  0x00007f95bc0c9800 ConcurrentGCThread "G1 Refine#0" [stack: 0x00007f95a0f8e000,0x00007f95a108e000] [id=5177]
  0x00007f95bc0cb800 ConcurrentGCThread "G1 Refine#1" [stack: 0x00007f95a0e8c000,0x00007f95a0f8c000] [id=5178]
  0x00007f95bc0cd000 ConcurrentGCThread "G1 Refine#2" [stack: 0x00007f95a0d8a000,0x00007f95a0e8a000] [id=5179]
  0x00007f95bc0cf000 ConcurrentGCThread "G1 Refine#3" [stack: 0x00007f95a0c88000,0x00007f95a0d88000] [id=5180]
  0x00007f95bc0d0800 ConcurrentGCThread "G1 Refine#4" [stack: 0x00007f95a0b86000,0x00007f95a0c86000] [id=5181]
  0x00007f95bc0d2800 ConcurrentGCThread "G1 Refine#5" [stack: 0x00007f95a0a84000,0x00007f95a0b84000] [id=5182]
  0x00007f95bc0d4000 ConcurrentGCThread "G1 Refine#6" [stack: 0x00007f95a0982000,0x00007f95a0a82000] [id=5183]
  0x00007f95bc0d6000 ConcurrentGCThread "G1 Refine#7" [stack: 0x00007f95a0880000,0x00007f95a0980000] [id=5184]
  0x00007f95bc0d7800 ConcurrentGCThread "G1 Young RemSet Sampling" [stack: 0x00007f95a077e000,0x00007f95a087e000] [id=5185]

Threads with active compile tasks:

VM state:not at safepoint (normal execution)

VM Mutex/Monitor currently owned by a thread: None

Heap address: 0x0000000085200000, size: 1966 MB, Compressed Oops mode: 32-bit
Narrow klass base: 0x0000000000000000, Narrow klass shift: 3
Compressed class space size: 1073741824 Address: 0x0000000100000000

Heap:
 garbage-first heap   total 126976K, used 1024K [0x0000000085200000, 0x0000000100000000)
  region size 1024K, 2 young (2048K), 0 survivors (0K)
 Metaspace       used 4857K, capacity 4990K, committed 5120K, reserved 1056768K
  class space    used 398K, capacity 430K, committed 512K, reserved 1048576K
Heap Regions: E=young(eden), S=young(survivor), O=old, HS=humongous(starts), HC=humongous(continues), CS=collection set, F=free, A=archive, TS=gc time stamp, AC=allocation context, TAMS=top-at-mark-start (previous, next)
|   0|0x0000000085200000, 0x0000000085200000, 0x0000000085300000|  0%| F|  |TS  0|AC  0|TAMS 0x0000000085200000, 0x0000000085200000|
|   1|0x0000000085300000, 0x0000000085300000, 0x0000000085400000|  0%| F|  |TS  0|AC  0|TAMS 0x0000000085300000, 0x0000000085300000|
|   2|0x0000000085400000, 0x0000000085400000, 0x0000000085500000|  0%| F|  |TS  0|AC  0|TAMS 0x0000000085400000, 0x0000000085400000|
|   3|0x0000000085500000, 0x0000000085500000, 0x0000000085600000|  0%| F|  |TS  0|AC  0|TAMS 0x0000000085500000, 0x0000000085500000|
|   4|0x0000000085600000, 0x0000000085600000, 0x0000000085700000|  0%| F|  |TS  0|AC  0|TAMS 0x0000000085600000, 0x0000000085600000|
|   5|0x0000000085700000, 0x0000000085700000, 0x0000000085800000|  0%| F|  |TS  0|AC  0|TAMS 0x0000000085700000, 0x0000000085700000|
|   6|0x0000000085800000, 0x0000000085800000, 0x0000000085900000|  0%| F|  |TS  0|AC  0|TAMS 0x0000000085800000, 0x0000000085800000|
|   7|0x0000000085900000, 0x0000000085900000, 0x0000000085a00000|  0%| F|  |TS  0|AC  0|TAMS 0x0000000085900000, 0x0000000085900000|
|   8|0x0000000085a00000, 0x0000000085a00000, 0x0000000085b00000|  0%| F|  |TS  0|AC  0|TAMS 0x0000000085a00000, 0x0000000085a00000|
|   9|0x0000000085b00000, 0x0000000085b00000, 0x0000000085c00000|  0%| F|  |TS  0|AC  0|TAMS 0x0000000085b00000, 0x0000000085b00000|
|  10|0x0000000085c00000, 0x0000000085c00000, 0x0000000085d00000|  0%| F|  |TS  0|AC  0|TAMS 0x0000000085c00000, 0x0000000085c00000|
|  11|0x0000000085d00000, 0x0000000085d00000, 0x0000000085e00000|  0%| F|  |TS  0|AC  0|TAMS 0x0000000085d00000, 0x0000000085d00000|
|  12|0x0000000085e00000, 0x0000000085e00000, 0x0000000085f00000|  0%| F|  |TS  0|AC  0|TAMS 0x0000000085e00000, 0x0000000085e00000|
|  13|0x0000000085f00000, 0x0000000085f00000, 0x0000000086000000|  0%| F|  |TS  0|AC  0|TAMS 0x0000000085f00000, 0x0000000085f00000|
|  14|0x0000000086000000, 0x0000000086000000, 0x0000000086100000|  0%| F|  |TS  0|AC  0|TAMS 0x0000000086000000, 0x0000000086000000|
|  15|0x0000000086100000, 0x0000000086100000, 0x0000000086200000|  0%| F|  |TS  0|AC  0|TAMS 0x0000000086100000, 0x0000000086100000|
|  16|0x0000000086200000, 0x0000000086200000, 0x0000000086300000|  0%| F|  |TS  0|AC  0|TAMS 0x0000000086200000, 0x0000000086200000|
|  17|0x0000000086300000, 0x0000000086300000, 0x0000000086400000|  0%| F|  |TS  0|AC  0|TAMS 0x0000000086300000, 0x0000000086300000|
|  18|0x0000000086400000, 0x0000000086400000, 0x0000000086500000|  0%| F|  |TS  0|AC  0|TAMS 0x0000000086400000, 0x0000000086400000|
|  19|0x0000000086500000, 0x0000000086500000, 0x0000000086600000|  0%| F|  |TS  0|AC  0|TAMS 0x0000000086500000, 0x0000000086500000|
|  20|0x0000000086600000, 0x0000000086600000, 0x0000000086700000|  0%| F|  |TS  0|AC  0|TAMS 0x0000000086600000, 0x0000000086600000|
|  21|0x0000000086700000, 0x0000000086700000, 0x0000000086800000|  0%| F|  |TS  0|AC  0|TAMS 0x0000000086700000, 0x0000000086700000|
|  22|0x0000000086800000, 0x0000000086800000, 0x0000000086900000|  0%| F|  |TS  0|AC  0|TAMS 0x0000000086800000, 0x0000000086800000|
|  23|0x0000000086900000, 0x0000000086900000, 0x0000000086a00000|  0%| F|  |TS  0|AC  0|TAMS 0x0000000086900000, 0x0000000086900000|
|  24|0x0000000086a00000, 0x0000000086a00000, 0x0000000086b00000|  0%| F|  |TS  0|AC  0|TAMS 0x0000000086a00000, 0x0000000086a00000|
|  25|0x0000000086b00000, 0x0000000086b00000, 0x0000000086c00000|  0%| F|  |TS  0|AC  0|TAMS 0x0000000086b00000, 0x0000000086b00000|
|  26|0x0000000086c00000, 0x0000000086c00000, 0x0000000086d00000|  0%| F|  |TS  0|AC  0|TAMS 0x0000000086c00000, 0x0000000086c00000|
|  27|0x0000000086d00000, 0x0000000086d00000, 0x0000000086e00000|  0%| F|  |TS  0|AC  0|TAMS 0x0000000086d00000, 0x0000000086d00000|
|  28|0x0000000086e00000, 0x0000000086e00000, 0x0000000086f00000|  0%| F|  |TS  0|AC  0|TAMS 0x0000000086e00000, 0x0000000086e00000|
|  29|0x0000000086f00000, 0x0000000086f00000, 0x0000000087000000|  0%| F|  |TS  0|AC  0|TAMS 0x0000000086f00000, 0x0000000086f00000|
|  30|0x0000000087000000, 0x0000000087000000, 0x0000000087100000|  0%| F|  |TS  0|AC  0|TAMS 0x0000000087000000, 0x0000000087000000|
|  31|0x0000000087100000, 0x0000000087100000, 0x0000000087200000|  0%| F|  |TS  0|AC  0|TAMS 0x0000000087100000, 0x0000000087100000|
|  32|0x0000000087200000, 0x0000000087200000, 0x0000000087300000|  0%| F|  |TS  0|AC  0|TAMS 0x0000000087200000, 0x0000000087200000|
|  33|0x0000000087300000, 0x0000000087300000, 0x0000000087400000|  0%| F|  |TS  0|AC  0|TAMS 0x0000000087300000, 0x0000000087300000|
|  34|0x0000000087400000, 0x0000000087400000, 0x0000000087500000|  0%| F|  |TS  0|AC  0|TAMS 0x0000000087400000, 0x0000000087400000|
|  35|0x0000000087500000, 0x0000000087500000, 0x0000000087600000|  0%| F|  |TS  0|AC  0|TAMS 0x0000000087500000, 0x0000000087500000|
|  36|0x0000000087600000, 0x0000000087600000, 0x0000000087700000|  0%| F|  |TS  0|AC  0|TAMS 0x0000000087600000, 0x0000000087600000|
|  37|0x0000000087700000, 0x0000000087700000, 0x0000000087800000|  0%| F|  |TS  0|AC  0|TAMS 0x0000000087700000, 0x0000000087700000|
|  38|0x0000000087800000, 0x0000000087800000, 0x0000000087900000|  0%| F|  |TS  0|AC  0|TAMS 0x0000000087800000, 0x0000000087800000|
|  39|0x0000000087900000, 0x0000000087900000, 0x0000000087a00000|  0%| F|  |TS  0|AC  0|TAMS 0x0000000087900000, 0x0000000087900000|
|  40|0x0000000087a00000, 0x0000000087a00000, 0x0000000087b00000|  0%| F|  |TS  0|AC  0|TAMS 0x0000000087a00000, 0x0000000087a00000|
|  41|0x0000000087b00000, 0x0000000087b00000, 0x0000000087c00000|  0%| F|  |TS  0|AC  0|TAMS 0x0000000087b00000, 0x0000000087b00000|
|  42|0x0000000087c00000, 0x0000000087c00000, 0x0000000087d00000|  0%| F|  |TS  0|AC  0|TAMS 0x0000000087c00000, 0x0000000087c00000|
|  43|0x0000000087d00000, 0x0000000087d00000, 0x0000000087e00000|  0%| F|  |TS  0|AC  0|TAMS 0x0000000087d00000, 0x0000000087d00000|
|  44|0x0000000087e00000, 0x0000000087e00000, 0x0000000087f00000|  0%| F|  |TS  0|AC  0|TAMS 0x0000000087e00000, 0x0000000087e00000|
|  45|0x0000000087f00000, 0x0000000087f00000, 0x0000000088000000|  0%| F|  |TS  0|AC  0|TAMS 0x0000000087f00000, 0x0000000087f00000|
|  46|0x0000000088000000, 0x0000000088000000, 0x0000000088100000|  0%| F|  |TS  0|AC  0|TAMS 0x0000000088000000, 0x0000000088000000|
|  47|0x0000000088100000, 0x0000000088100000, 0x0000000088200000|  0%| F|  |TS  0|AC  0|TAMS 0x0000000088100000, 0x0000000088100000|
|  48|0x0000000088200000, 0x0000000088200000, 0x0000000088300000|  0%| F|  |TS  0|AC  0|TAMS 0x0000000088200000, 0x0000000088200000|
|  49|0x0000000088300000, 0x0000000088300000, 0x0000000088400000|  0%| F|  |TS  0|AC  0|TAMS 0x0000000088300000, 0x0000000088300000|
|  50|0x0000000088400000, 0x0000000088400000, 0x0000000088500000|  0%| F|  |TS  0|AC  0|TAMS 0x0000000088400000, 0x0000000088400000|
|  51|0x0000000088500000, 0x0000000088500000, 0x0000000088600000|  0%| F|  |TS  0|AC  0|TAMS 0x0000000088500000, 0x0000000088500000|
|  52|0x0000000088600000, 0x0000000088600000, 0x0000000088700000|  0%| F|  |TS  0|AC  0|TAMS 0x0000000088600000, 0x0000000088600000|
|  53|0x0000000088700000, 0x0000000088700000, 0x0000000088800000|  0%| F|  |TS  0|AC  0|TAMS 0x0000000088700000, 0x0000000088700000|
|  54|0x0000000088800000, 0x0000000088800000, 0x0000000088900000|  0%| F|  |TS  0|AC  0|TAMS 0x0000000088800000, 0x0000000088800000|
|  55|0x0000000088900000, 0x0000000088900000, 0x0000000088a00000|  0%| F|  |TS  0|AC  0|TAMS 0x0000000088900000, 0x0000000088900000|
|  56|0x0000000088a00000, 0x0000000088a00000, 0x0000000088b00000|  0%| F|  |TS  0|AC  0|TAMS 0x0000000088a00000, 0x0000000088a00000|
|  57|0x0000000088b00000, 0x0000000088b00000, 0x0000000088c00000|  0%| F|  |TS  0|AC  0|TAMS 0x0000000088b00000, 0x0000000088b00000|
|  58|0x0000000088c00000, 0x0000000088c00000, 0x0000000088d00000|  0%| F|  |TS  0|AC  0|TAMS 0x0000000088c00000, 0x0000000088c00000|
|  59|0x0000000088d00000, 0x0000000088d00000, 0x0000000088e00000|  0%| F|  |TS  0|AC  0|TAMS 0x0000000088d00000, 0x0000000088d00000|
|  60|0x0000000088e00000, 0x0000000088e00000, 0x0000000088f00000|  0%| F|  |TS  0|AC  0|TAMS 0x0000000088e00000, 0x0000000088e00000|
|  61|0x0000000088f00000, 0x0000000088f00000, 0x0000000089000000|  0%| F|  |TS  0|AC  0|TAMS 0x0000000088f00000, 0x0000000088f00000|
|  62|0x0000000089000000, 0x0000000089000000, 0x0000000089100000|  0%| F|  |TS  0|AC  0|TAMS 0x0000000089000000, 0x0000000089000000|
|  63|0x0000000089100000, 0x0000000089100000, 0x0000000089200000|  0%| F|  |TS  0|AC  0|TAMS 0x0000000089100000, 0x0000000089100000|
|  64|0x0000000089200000, 0x0000000089200000, 0x0000000089300000|  0%| F|  |TS  0|AC  0|TAMS 0x0000000089200000, 0x0000000089200000|
|  65|0x0000000089300000, 0x0000000089300000, 0x0000000089400000|  0%| F|  |TS  0|AC  0|TAMS 0x0000000089300000, 0x0000000089300000|
|  66|0x0000000089400000, 0x0000000089400000, 0x0000000089500000|  0%| F|  |TS  0|AC  0|TAMS 0x0000000089400000, 0x0000000089400000|
|  67|0x0000000089500000, 0x0000000089500000, 0x0000000089600000|  0%| F|  |TS  0|AC  0|TAMS 0x0000000089500000, 0x0000000089500000|
|  68|0x0000000089600000, 0x0000000089600000, 0x0000000089700000|  0%| F|  |TS  0|AC  0|TAMS 0x0000000089600000, 0x0000000089600000|
|  69|0x0000000089700000, 0x0000000089700000, 0x0000000089800000|  0%| F|  |TS  0|AC  0|TAMS 0x0000000089700000, 0x0000000089700000|
|  70|0x0000000089800000, 0x0000000089800000, 0x0000000089900000|  0%| F|  |TS  0|AC  0|TAMS 0x0000000089800000, 0x0000000089800000|
|  71|0x0000000089900000, 0x0000000089900000, 0x0000000089a00000|  0%| F|  |TS  0|AC  0|TAMS 0x0000000089900000, 0x0000000089900000|
|  72|0x0000000089a00000, 0x0000000089a00000, 0x0000000089b00000|  0%| F|  |TS  0|AC  0|TAMS 0x0000000089a00000, 0x0000000089a00000|
|  73|0x0000000089b00000, 0x0000000089b00000, 0x0000000089c00000|  0%| F|  |TS  0|AC  0|TAMS 0x0000000089b00000, 0x0000000089b00000|
|  74|0x0000000089c00000, 0x0000000089c00000, 0x0000000089d00000|  0%| F|  |TS  0|AC  0|TAMS 0x0000000089c00000, 0x0000000089c00000|
|  75|0x0000000089d00000, 0x0000000089d00000, 0x0000000089e00000|  0%| F|  |TS  0|AC  0|TAMS 0x0000000089d00000, 0x0000000089d00000|
|  76|0x0000000089e00000, 0x0000000089e00000, 0x0000000089f00000|  0%| F|  |TS  0|AC  0|TAMS 0x0000000089e00000, 0x0000000089e00000|
|  77|0x0000000089f00000, 0x0000000089f00000, 0x000000008a000000|  0%| F|  |TS  0|AC  0|TAMS 0x0000000089f00000, 0x0000000089f00000|
|  78|0x000000008a000000, 0x000000008a000000, 0x000000008a100000|  0%| F|  |TS  0|AC  0|TAMS 0x000000008a000000, 0x000000008a000000|
|  79|0x000000008a100000, 0x000000008a100000, 0x000000008a200000|  0%| F|  |TS  0|AC  0|TAMS 0x000000008a100000, 0x000000008a100000|
|  80|0x000000008a200000, 0x000000008a200000, 0x000000008a300000|  0%| F|  |TS  0|AC  0|TAMS 0x000000008a200000, 0x000000008a200000|
|  81|0x000000008a300000, 0x000000008a300000, 0x000000008a400000|  0%| F|  |TS  0|AC  0|TAMS 0x000000008a300000, 0x000000008a300000|
|  82|0x000000008a400000, 0x000000008a400000, 0x000000008a500000|  0%| F|  |TS  0|AC  0|TAMS 0x000000008a400000, 0x000000008a400000|
|  83|0x000000008a500000, 0x000000008a500000, 0x000000008a600000|  0%| F|  |TS  0|AC  0|TAMS 0x000000008a500000, 0x000000008a500000|
|  84|0x000000008a600000, 0x000000008a600000, 0x000000008a700000|  0%| F|  |TS  0|AC  0|TAMS 0x000000008a600000, 0x000000008a600000|
|  85|0x000000008a700000, 0x000000008a700000, 0x000000008a800000|  0%| F|  |TS  0|AC  0|TAMS 0x000000008a700000, 0x000000008a700000|
|  86|0x000000008a800000, 0x000000008a800000, 0x000000008a900000|  0%| F|  |TS  0|AC  0|TAMS 0x000000008a800000, 0x000000008a800000|
|  87|0x000000008a900000, 0x000000008a900000, 0x000000008aa00000|  0%| F|  |TS  0|AC  0|TAMS 0x000000008a900000, 0x000000008a900000|
|  88|0x000000008aa00000, 0x000000008aa00000, 0x000000008ab00000|  0%| F|  |TS  0|AC  0|TAMS 0x000000008aa00000, 0x000000008aa00000|
|  89|0x000000008ab00000, 0x000000008ab00000, 0x000000008ac00000|  0%| F|  |TS  0|AC  0|TAMS 0x000000008ab00000, 0x000000008ab00000|
|  90|0x000000008ac00000, 0x000000008ac00000, 0x000000008ad00000|  0%| F|  |TS  0|AC  0|TAMS 0x000000008ac00000, 0x000000008ac00000|
|  91|0x000000008ad00000, 0x000000008ad00000, 0x000000008ae00000|  0%| F|  |TS  0|AC  0|TAMS 0x000000008ad00000, 0x000000008ad00000|
|  92|0x000000008ae00000, 0x000000008ae00000, 0x000000008af00000|  0%| F|  |TS  0|AC  0|TAMS 0x000000008ae00000, 0x000000008ae00000|
|  93|0x000000008af00000, 0x000000008af00000, 0x000000008b000000|  0%| F|  |TS  0|AC  0|TAMS 0x000000008af00000, 0x000000008af00000|
|  94|0x000000008b000000, 0x000000008b000000, 0x000000008b100000|  0%| F|  |TS  0|AC  0|TAMS 0x000000008b000000, 0x000000008b000000|
|  95|0x000000008b100000, 0x000000008b100000, 0x000000008b200000|  0%| F|  |TS  0|AC  0|TAMS 0x000000008b100000, 0x000000008b100000|
|  96|0x000000008b200000, 0x000000008b200000, 0x000000008b300000|  0%| F|  |TS  0|AC  0|TAMS 0x000000008b200000, 0x000000008b200000|
|  97|0x000000008b300000, 0x000000008b300000, 0x000000008b400000|  0%| F|  |TS  0|AC  0|TAMS 0x000000008b300000, 0x000000008b300000|
|  98|0x000000008b400000, 0x000000008b400000, 0x000000008b500000|  0%| F|  |TS  0|AC  0|TAMS 0x000000008b400000, 0x000000008b400000|
|  99|0x000000008b500000, 0x000000008b500000, 0x000000008b600000|  0%| F|  |TS  0|AC  0|TAMS 0x000000008b500000, 0x000000008b500000|
| 100|0x000000008b600000, 0x000000008b600000, 0x000000008b700000|  0%| F|  |TS  0|AC  0|TAMS 0x000000008b600000, 0x000000008b600000|
| 101|0x000000008b700000, 0x000000008b700000, 0x000000008b800000|  0%| F|  |TS  0|AC  0|TAMS 0x000000008b700000, 0x000000008b700000|
| 102|0x000000008b800000, 0x000000008b800000, 0x000000008b900000|  0%| F|  |TS  0|AC  0|TAMS 0x000000008b800000, 0x000000008b800000|
| 103|0x000000008b900000, 0x000000008b900000, 0x000000008ba00000|  0%| F|  |TS  0|AC  0|TAMS 0x000000008b900000, 0x000000008b900000|
| 104|0x000000008ba00000, 0x000000008ba00000, 0x000000008bb00000|  0%| F|  |TS  0|AC  0|TAMS 0x000000008ba00000, 0x000000008ba00000|
| 105|0x000000008bb00000, 0x000000008bb00000, 0x000000008bc00000|  0%| F|  |TS  0|AC  0|TAMS 0x000000008bb00000, 0x000000008bb00000|
| 106|0x000000008bc00000, 0x000000008bc00000, 0x000000008bd00000|  0%| F|  |TS  0|AC  0|TAMS 0x000000008bc00000, 0x000000008bc00000|
| 107|0x000000008bd00000, 0x000000008bd00000, 0x000000008be00000|  0%| F|  |TS  0|AC  0|TAMS 0x000000008bd00000, 0x000000008bd00000|
| 108|0x000000008be00000, 0x000000008be00000, 0x000000008bf00000|  0%| F|  |TS  0|AC  0|TAMS 0x000000008be00000, 0x000000008be00000|
| 109|0x000000008bf00000, 0x000000008bf00000, 0x000000008c000000|  0%| F|  |TS  0|AC  0|TAMS 0x000000008bf00000, 0x000000008bf00000|
| 110|0x000000008c000000, 0x000000008c000000, 0x000000008c100000|  0%| F|  |TS  0|AC  0|TAMS 0x000000008c000000, 0x000000008c000000|
| 111|0x000000008c100000, 0x000000008c100000, 0x000000008c200000|  0%| F|  |TS  0|AC  0|TAMS 0x000000008c100000, 0x000000008c100000|
| 112|0x000000008c200000, 0x000000008c200000, 0x000000008c300000|  0%| F|  |TS  0|AC  0|TAMS 0x000000008c200000, 0x000000008c200000|
| 113|0x000000008c300000, 0x000000008c300000, 0x000000008c400000|  0%| F|  |TS  0|AC  0|TAMS 0x000000008c300000, 0x000000008c300000|
| 114|0x000000008c400000, 0x000000008c400000, 0x000000008c500000|  0%| F|  |TS  0|AC  0|TAMS 0x000000008c400000, 0x000000008c400000|
| 115|0x000000008c500000, 0x000000008c500000, 0x000000008c600000|  0%| F|  |TS  0|AC  0|TAMS 0x000000008c500000, 0x000000008c500000|
| 116|0x000000008c600000, 0x000000008c600000, 0x000000008c700000|  0%| F|  |TS  0|AC  0|TAMS 0x000000008c600000, 0x000000008c600000|
| 117|0x000000008c700000, 0x000000008c700000, 0x000000008c800000|  0%| F|  |TS  0|AC  0|TAMS 0x000000008c700000, 0x000000008c700000|
| 118|0x000000008c800000, 0x000000008c800000, 0x000000008c900000|  0%| F|  |TS  0|AC  0|TAMS 0x000000008c800000, 0x000000008c800000|
| 119|0x000000008c900000, 0x000000008c900000, 0x000000008ca00000|  0%| F|  |TS  0|AC  0|TAMS 0x000000008c900000, 0x000000008c900000|
| 120|0x000000008ca00000, 0x000000008ca00000, 0x000000008cb00000|  0%| F|  |TS  0|AC  0|TAMS 0x000000008ca00000, 0x000000008ca00000|
| 121|0x000000008cb00000, 0x000000008cb00000, 0x000000008cc00000|  0%| F|  |TS  0|AC  0|TAMS 0x000000008cb00000, 0x000000008cb00000|
| 122|0x000000008cc00000, 0x000000008ccf6458, 0x000000008cd00000| 96%| E|  |TS  0|AC  0|TAMS 0x000000008cc00000, 0x000000008cc00000|
| 123|0x000000008cd00000, 0x000000008ce00000, 0x000000008ce00000|100%| E|CS|TS  0|AC  0|TAMS 0x000000008cd00000, 0x000000008cd00000|

Card table byte_map: [0x00007f95c0310000,0x00007f95c06e7000] byte_map_base: 0x00007f95bfee7000

Marking Bits (Prev, Next): (CMBitMap*) 0x00007f95bc05ce80, (CMBitMap*) 0x00007f95bc05ceb8
 Prev Bits: [0x00007f95a1896000, 0x00007f95a374e000)
 Next Bits: [0x00007f9582148000, 0x00007f9584000000)

Polling page: 0x00007f95c59c6000

CodeHeap 'non-profiled nmethods': size=120032Kb used=23Kb max_used=23Kb free=120008Kb
 bounds [0x00007f95ab5ed000, 0x00007f95ab85d000, 0x00007f95b2b25000]
CodeHeap 'profiled nmethods': size=120028Kb used=133Kb max_used=133Kb free=119894Kb
 bounds [0x00007f95a40b6000, 0x00007f95a4326000, 0x00007f95ab5ed000]
CodeHeap 'non-nmethods': size=5700Kb used=1019Kb max_used=1019Kb free=4680Kb
 bounds [0x00007f95a3b25000, 0x00007f95a3d95000, 0x00007f95a40b6000]
 total_blobs=465 nmethods=100 adapters=222
 compilation: enabled

Compilation events (10 events):
Event: 0.086 Thread 0x00007f95bc15e800 nmethod 96 0x00007f95a40d4490 code [0x00007f95a40d4660, 0x00007f95a40d4a70]
Event: 0.086 Thread 0x00007f95bc15e800   97       3       java.lang.StringBuilder::append (8 bytes)
Event: 0.086 Thread 0x00007f95bc15e800 nmethod 97 0x00007f95a40d4c10 code [0x00007f95a40d4dc0, 0x00007f95a40d4f68]
Event: 0.086 Thread 0x00007f95bc15e800   98       3       java.lang.AbstractStringBuilder::append (45 bytes)
Event: 0.086 Thread 0x00007f95bc15e800 nmethod 98 0x00007f95a40d5010 code [0x00007f95a40d5240, 0x00007f95a40d57b8]
Event: 0.087 Thread 0x00007f95bc15e800   99       3       java.lang.Character::toLowerCase (9 bytes)
Event: 0.087 Thread 0x00007f95bc15e800 nmethod 99 0x00007f95a40d5a10 code [0x00007f95a40d5be0, 0x00007f95a40d5e18]
Event: 0.087 Thread 0x00007f95bc15e800  100       3       java.lang.CharacterDataLatin1::toLowerCase (39 bytes)
Event: 0.088 Thread 0x00007f95bc15e800 nmethod 100 0x00007f95a40d5f10 code [0x00007f95a40d60e0, 0x00007f95a40d6370]
Event: 0.090 Thread 0x00007f95bc15e800  101       3       java.util.Arrays::copyOfRange (63 bytes)

GC Heap History (0 events):
No events

Deoptimization events (1 events):
Event: 0.058 Thread 0x00007f95bc012000 Uncommon trap: reason=unstable_if action=reinterpret pc=0x00007f95ab5f21ec method=java.lang.String.hashCode()I @ 14 c2

Classes redefined (0 events):
No events

Internal exceptions (0 events):
No events

Events (10 events):
Event: 0.085 loading class com/cyberbotics/webots/controller/Mouse
Event: 0.085 loading class com/cyberbotics/webots/controller/Mouse done
Event: 0.086 loading class com/cyberbotics/webots/controller/Camera
Event: 0.086 loading class com/cyberbotics/webots/controller/Camera done
Event: 0.086 loading class com/cyberbotics/webots/controller/Device
Event: 0.086 loading class com/cyberbotics/webots/controller/Device done
Event: 0.087 loading class com/cyberbotics/webots/controller/DistanceSensor
Event: 0.087 loading class com/cyberbotics/webots/controller/DistanceSensor done
Event: 0.087 loading class com/cyberbotics/webots/controller/Motion
Event: 0.087 loading class com/cyberbotics/webots/controller/Motion done


Dynamic libraries:
85200000-8ce00000 rw-p 00000000 00:00 0 
8ce00000-100000000 ---p 00000000 00:00 0 
100000000-100080000 rw-p 00000000 00:00 0 
100080000-140000000 ---p 00000000 00:00 0 
55bb7328e000-55bb7328f000 r-xp 00000000 08:01 23598097                   /usr/lib/jvm/java-11-openjdk-amd64/bin/java
55bb7348f000-55bb73490000 r--p 00001000 08:01 23598097                   /usr/lib/jvm/java-11-openjdk-amd64/bin/java
55bb73490000-55bb73491000 rw-p 00002000 08:01 23598097                   /usr/lib/jvm/java-11-openjdk-amd64/bin/java
55bb74bc6000-55bb74be7000 rw-p 00000000 00:00 0                          [heap]
7f9514000000-7f9514021000 rw-p 00000000 00:00 0 
7f9514021000-7f9518000000 ---p 00000000 00:00 0 
7f951c000000-7f951c021000 rw-p 00000000 00:00 0 
7f951c021000-7f9520000000 ---p 00000000 00:00 0 
7f9520000000-7f9520021000 rw-p 00000000 00:00 0 
7f9520021000-7f9524000000 ---p 00000000 00:00 0 
7f9524000000-7f9524096000 rw-p 00000000 00:00 0 
7f9524096000-7f9528000000 ---p 00000000 00:00 0 
7f9528000000-7f9528021000 rw-p 00000000 00:00 0 
7f9528021000-7f952c000000 ---p 00000000 00:00 0 
7f952c000000-7f952c021000 rw-p 00000000 00:00 0 
7f952c021000-7f9530000000 ---p 00000000 00:00 0 
7f9530000000-7f9530022000 rw-p 00000000 00:00 0 
7f9530022000-7f9534000000 ---p 00000000 00:00 0 
7f9534000000-7f9534021000 rw-p 00000000 00:00 0 
7f9534021000-7f9538000000 ---p 00000000 00:00 0 
7f9538000000-7f9538056000 rw-p 00000000 00:00 0 
7f9538056000-7f953c000000 ---p 00000000 00:00 0 
7f953c000000-7f953c021000 rw-p 00000000 00:00 0 
7f953c021000-7f9540000000 ---p 00000000 00:00 0 
7f9540000000-7f9540021000 rw-p 00000000 00:00 0 
7f9540021000-7f9544000000 ---p 00000000 00:00 0 
7f9544000000-7f9544021000 rw-p 00000000 00:00 0 
7f9544021000-7f9548000000 ---p 00000000 00:00 0 
7f9548000000-7f9548021000 rw-p 00000000 00:00 0 
7f9548021000-7f954c000000 ---p 00000000 00:00 0 
7f954d7da000-7f954d7dd000 r-xp 00000000 08:01 26486645                   /home/pc/Downloads/webots/resources/projects/plugins/robot_windows/generic/libgeneric.so
7f954d7dd000-7f954d9dc000 ---p 00003000 08:01 26486645                   /home/pc/Downloads/webots/resources/projects/plugins/robot_windows/generic/libgeneric.so
7f954d9dc000-7f954d9dd000 r--p 00002000 08:01 26486645                   /home/pc/Downloads/webots/resources/projects/plugins/robot_windows/generic/libgeneric.so
7f954d9dd000-7f954d9de000 rw-p 00003000 08:01 26486645                   /home/pc/Downloads/webots/resources/projects/plugins/robot_windows/generic/libgeneric.so
7f954d9de000-7f954d9e9000 r-xp 00000000 08:01 27920412                   /home/pc/Downloads/webots/lib/libjbig.so.0
7f954d9e9000-7f954dbe8000 ---p 0000b000 08:01 27920412                   /home/pc/Downloads/webots/lib/libjbig.so.0
7f954dbe8000-7f954dbe9000 r--p 0000a000 08:01 27920412                   /home/pc/Downloads/webots/lib/libjbig.so.0
7f954dbe9000-7f954dbec000 rw-p 0000b000 08:01 27920412                   /home/pc/Downloads/webots/lib/libjbig.so.0
7f954dbec000-7f954dc10000 r-xp 00000000 08:01 14684814                   /lib/x86_64-linux-gnu/liblzma.so.5.2.2
7f954dc10000-7f954de10000 ---p 00024000 08:01 14684814                   /lib/x86_64-linux-gnu/liblzma.so.5.2.2
7f954de10000-7f954de11000 r--p 00024000 08:01 14684814                   /lib/x86_64-linux-gnu/liblzma.so.5.2.2
7f954de11000-7f954de12000 rw-p 00025000 08:01 14684814                   /lib/x86_64-linux-gnu/liblzma.so.5.2.2
7f954de12000-7f954de36000 r-xp 00000000 08:01 27920444                   /home/pc/Downloads/webots/lib/libpng12.so.0
7f954de36000-7f954e035000 ---p 00024000 08:01 27920444                   /home/pc/Downloads/webots/lib/libpng12.so.0
7f954e035000-7f954e036000 r--p 00023000 08:01 27920444                   /home/pc/Downloads/webots/lib/libpng12.so.0
7f954e036000-7f954e037000 rw-p 00024000 08:01 27920444                   /home/pc/Downloads/webots/lib/libpng12.so.0
7f954e037000-7f954e08e000 r-xp 00000000 08:01 27920405                   /home/pc/Downloads/webots/lib/libjpeg.so.8
7f954e08e000-7f954e28e000 ---p 00057000 08:01 27920405                   /home/pc/Downloads/webots/lib/libjpeg.so.8
7f954e28e000-7f954e28f000 r--p 00057000 08:01 27920405                   /home/pc/Downloads/webots/lib/libjpeg.so.8
7f954e28f000-7f954e290000 rw-p 00058000 08:01 27920405                   /home/pc/Downloads/webots/lib/libjpeg.so.8
7f954e290000-7f954e301000 r-xp 00000000 08:01 27920407                   /home/pc/Downloads/webots/lib/libtiff.so.5
7f954e301000-7f954e501000 ---p 00071000 08:01 27920407                   /home/pc/Downloads/webots/lib/libtiff.so.5
7f954e501000-7f954e502000 r--p 00071000 08:01 27920407                   /home/pc/Downloads/webots/lib/libtiff.so.5
7f954e502000-7f954e505000 rw-p 00072000 08:01 27920407                   /home/pc/Downloads/webots/lib/libtiff.so.5
7f954e505000-7f954e551000 r-xp 00000000 08:01 27920416                   /home/pc/Downloads/webots/lib/libController.so
7f954e551000-7f954e750000 ---p 0004c000 08:01 27920416                   /home/pc/Downloads/webots/lib/libController.so
7f954e750000-7f954e751000 r--p 0004b000 08:01 27920416                   /home/pc/Downloads/webots/lib/libController.so
7f954e751000-7f954e752000 rw-p 0004c000 08:01 27920416                   /home/pc/Downloads/webots/lib/libController.so
7f954e752000-7f954e753000 rw-p 00000000 00:00 0 
7f954e753000-7f954e78d000 r-xp 00000000 08:01 27920467                   /home/pc/Downloads/webots/lib/libCppController.so
7f954e78d000-7f954e98c000 ---p 0003a000 08:01 27920467                   /home/pc/Downloads/webots/lib/libCppController.so
7f954e98c000-7f954e98e000 r--p 00039000 08:01 27920467                   /home/pc/Downloads/webots/lib/libCppController.so
7f954e98e000-7f954e990000 rw-p 0003b000 08:01 27920467                   /home/pc/Downloads/webots/lib/libCppController.so
7f954e990000-7f954e9cc000 r-xp 00000000 08:01 27920367                   /home/pc/Downloads/webots/lib/java/libJavaController.so
7f954e9cc000-7f954ebcb000 ---p 0003c000 08:01 27920367                   /home/pc/Downloads/webots/lib/java/libJavaController.so
7f954ebcb000-7f954ebcc000 r--p 0003b000 08:01 27920367                   /home/pc/Downloads/webots/lib/java/libJavaController.so
7f954ebcc000-7f954ebcd000 rw-p 0003c000 08:01 27920367                   /home/pc/Downloads/webots/lib/java/libJavaController.so
7f954ebcd000-7f954ebe4000 r-xp 00000000 08:01 23598500                   /usr/lib/jvm/java-11-openjdk-amd64/lib/libnet.so
7f954ebe4000-7f954ede3000 ---p 00017000 08:01 23598500                   /usr/lib/jvm/java-11-openjdk-amd64/lib/libnet.so
7f954ede3000-7f954ede4000 r--p 00016000 08:01 23598500                   /usr/lib/jvm/java-11-openjdk-amd64/lib/libnet.so
7f954ede4000-7f954ede5000 rw-p 00017000 08:01 23598500                   /usr/lib/jvm/java-11-openjdk-amd64/lib/libnet.so
7f954ede5000-7f954edf6000 r-xp 00000000 08:01 23598501                   /usr/lib/jvm/java-11-openjdk-amd64/lib/libnio.so
7f954edf6000-7f954eff5000 ---p 00011000 08:01 23598501                   /usr/lib/jvm/java-11-openjdk-amd64/lib/libnio.so
7f954eff5000-7f954eff6000 r--p 00010000 08:01 23598501                   /usr/lib/jvm/java-11-openjdk-amd64/lib/libnio.so
7f954eff6000-7f954eff7000 rw-p 00011000 08:01 23598501                   /usr/lib/jvm/java-11-openjdk-amd64/lib/libnio.so
7f954eff7000-7f954effb000 ---p 00000000 00:00 0 
7f954effb000-7f954f0f8000 rw-p 00000000 00:00 0 
7f954f0f8000-7f954f0f9000 ---p 00000000 00:00 0 
7f954f0f9000-7f954f1fa000 rw-p 00000000 00:00 0 
7f954f1fa000-7f954f1fe000 ---p 00000000 00:00 0 
7f954f1fe000-7f954f2fb000 rw-p 00000000 00:00 0 
7f954f2fb000-7f954f2ff000 ---p 00000000 00:00 0 
7f954f2ff000-7f954f3fc000 rw-p 00000000 00:00 0 
7f954f3fc000-7f954f400000 ---p 00000000 00:00 0 
7f954f400000-7f954f4fd000 rw-p 00000000 00:00 0 
7f954f4fd000-7f954f501000 ---p 00000000 00:00 0 
7f954f501000-7f954f5fe000 rw-p 00000000 00:00 0 
7f954f5fe000-7f954f602000 ---p 00000000 00:00 0 
7f954f602000-7f954f6ff000 rw-p 00000000 00:00 0 
7f954f6ff000-7f954f703000 ---p 00000000 00:00 0 
7f954f703000-7f954fc80000 rw-p 00000000 00:00 0 
7f954fc80000-7f9550000000 ---p 00000000 00:00 0 
7f9550000000-7f9550021000 rw-p 00000000 00:00 0 
7f9550021000-7f9554000000 ---p 00000000 00:00 0 
7f9554000000-7f9554021000 rw-p 00000000 00:00 0 
7f9554021000-7f9558000000 ---p 00000000 00:00 0 
7f9558000000-7f9558021000 rw-p 00000000 00:00 0 
7f9558021000-7f955c000000 ---p 00000000 00:00 0 
7f955c000000-7f955c021000 rw-p 00000000 00:00 0 
7f955c021000-7f9560000000 ---p 00000000 00:00 0 
7f9560000000-7f9560021000 rw-p 00000000 00:00 0 
7f9560021000-7f9564000000 ---p 00000000 00:00 0 
7f9564000000-7f9564021000 rw-p 00000000 00:00 0 
7f9564021000-7f9568000000 ---p 00000000 00:00 0 
7f9568000000-7f9568021000 rw-p 00000000 00:00 0 
7f9568021000-7f956c000000 ---p 00000000 00:00 0 
7f956c000000-7f956c021000 rw-p 00000000 00:00 0 
7f956c021000-7f9570000000 ---p 00000000 00:00 0 
7f9570000000-7f9570021000 rw-p 00000000 00:00 0 
7f9570021000-7f9574000000 ---p 00000000 00:00 0 
7f9574000000-7f9574021000 rw-p 00000000 00:00 0 
7f9574021000-7f9578000000 ---p 00000000 00:00 0 
7f9578000000-7f9578021000 rw-p 00000000 00:00 0 
7f9578021000-7f957c000000 ---p 00000000 00:00 0 
7f957c000000-7f957c021000 rw-p 00000000 00:00 0 
7f957c021000-7f9580000000 ---p 00000000 00:00 0 
7f9580047000-7f958004b000 ---p 00000000 00:00 0 
7f958004b000-7f9582338000 rw-p 00000000 00:00 0 
7f9582338000-7f9584000000 ---p 00000000 00:00 0 
7f9584000000-7f9584021000 rw-p 00000000 00:00 0 
7f9584021000-7f9588000000 ---p 00000000 00:00 0 
7f9588000000-7f9588021000 rw-p 00000000 00:00 0 
7f9588021000-7f958c000000 ---p 00000000 00:00 0 
7f958c000000-7f958c021000 rw-p 00000000 00:00 0 
7f958c021000-7f9590000000 ---p 00000000 00:00 0 
7f9590000000-7f9590021000 rw-p 00000000 00:00 0 
7f9590021000-7f9594000000 ---p 00000000 00:00 0 
7f9594000000-7f9594021000 rw-p 00000000 00:00 0 
7f9594021000-7f9598000000 ---p 00000000 00:00 0 
7f9598000000-7f9598021000 rw-p 00000000 00:00 0 
7f9598021000-7f959c000000 ---p 00000000 00:00 0 
7f959c000000-7f959c021000 rw-p 00000000 00:00 0 
7f959c021000-7f95a0000000 ---p 00000000 00:00 0 
7f95a001e000-7f95a004f000 rw-p 00000000 00:00 0 
7f95a004f000-7f95a037f000 r--p 00000000 08:01 23598983                   /usr/lib/locale/locale-archive
7f95a037f000-7f95a0383000 ---p 00000000 00:00 0 
7f95a0383000-7f95a0480000 rw-p 00000000 00:00 0 
7f95a0480000-7f95a0484000 ---p 00000000 00:00 0 
7f95a0484000-7f95a0581000 rw-p 00000000 00:00 0 
7f95a0581000-7f95a0582000 ---p 00000000 00:00 0 
7f95a0582000-7f95a077c000 rw-p 00000000 00:00 0 
7f95a077c000-7f95a077d000 ---p 00000000 00:00 0 
7f95a077d000-7f95a087e000 rw-p 00000000 00:00 0 
7f95a087e000-7f95a087f000 ---p 00000000 00:00 0 
7f95a087f000-7f95a0980000 rw-p 00000000 00:00 0 
7f95a0980000-7f95a0981000 ---p 00000000 00:00 0 
7f95a0981000-7f95a0a82000 rw-p 00000000 00:00 0 
7f95a0a82000-7f95a0a83000 ---p 00000000 00:00 0 
7f95a0a83000-7f95a0b84000 rw-p 00000000 00:00 0 
7f95a0b84000-7f95a0b85000 ---p 00000000 00:00 0 
7f95a0b85000-7f95a0c86000 rw-p 00000000 00:00 0 
7f95a0c86000-7f95a0c87000 ---p 00000000 00:00 0 
7f95a0c87000-7f95a0d88000 rw-p 00000000 00:00 0 
7f95a0d88000-7f95a0d89000 ---p 00000000 00:00 0 
7f95a0d89000-7f95a0e8a000 rw-p 00000000 00:00 0 
7f95a0e8a000-7f95a0e8b000 ---p 00000000 00:00 0 
7f95a0e8b000-7f95a0f8c000 rw-p 00000000 00:00 0 
7f95a0f8c000-7f95a0f8d000 ---p 00000000 00:00 0 
7f95a0f8d000-7f95a1a86000 rw-p 00000000 00:00 0 
7f95a1a86000-7f95a374e000 ---p 00000000 00:00 0 
7f95a374e000-7f95a378c000 rw-p 00000000 00:00 0 
7f95a378c000-7f95a3b25000 ---p 00000000 00:00 0 
7f95a3b25000-7f95a3d95000 rwxp 00000000 00:00 0 
7f95a3d95000-7f95a40b6000 ---p 00000000 00:00 0 
7f95a40b6000-7f95a4326000 rwxp 00000000 00:00 0 
7f95a4326000-7f95ab5ed000 ---p 00000000 00:00 0 
7f95ab5ed000-7f95ab85d000 rwxp 00000000 00:00 0 
7f95ab85d000-7f95b2b25000 ---p 00000000 00:00 0 
7f95b2b25000-7f95bc000000 r--s 00000000 08:01 23598511                   /usr/lib/jvm/java-11-openjdk-amd64/lib/modules
7f95bc000000-7f95bc276000 rw-p 00000000 00:00 0 
7f95bc276000-7f95c0000000 ---p 00000000 00:00 0 
7f95c000a000-7f95c000b000 ---p 00000000 00:00 0 
7f95c000b000-7f95c010c000 rw-p 00000000 00:00 0 
7f95c010c000-7f95c010d000 ---p 00000000 00:00 0 
7f95c010d000-7f95c020e000 rw-p 00000000 00:00 0 
7f95c020e000-7f95c020f000 ---p 00000000 00:00 0 
7f95c020f000-7f95c034e000 rw-p 00000000 00:00 0 
7f95c034e000-7f95c06e7000 ---p 00000000 00:00 0 
7f95c06e7000-7f95c0725000 rw-p 00000000 00:00 0 
7f95c0725000-7f95c0abe000 ---p 00000000 00:00 0 
7f95c0abe000-7f95c12c6000 rw-p 00000000 00:00 0 
7f95c12c6000-7f95c12c7000 ---p 00000000 00:00 0 
7f95c12c7000-7f95c13c8000 rw-p 00000000 00:00 0 
7f95c13c8000-7f95c13c9000 ---p 00000000 00:00 0 
7f95c13c9000-7f95c14ca000 rw-p 00000000 00:00 0 
7f95c14ca000-7f95c14cb000 ---p 00000000 00:00 0 
7f95c14cb000-7f95c15cc000 rw-p 00000000 00:00 0 
7f95c15cc000-7f95c15cd000 ---p 00000000 00:00 0 
7f95c15cd000-7f95c16ce000 rw-p 00000000 00:00 0 
7f95c16ce000-7f95c16cf000 ---p 00000000 00:00 0 
7f95c16cf000-7f95c17d0000 rw-p 00000000 00:00 0 
7f95c17d0000-7f95c17d1000 ---p 00000000 00:00 0 
7f95c17d1000-7f95c18d2000 rw-p 00000000 00:00 0 
7f95c18d2000-7f95c18d3000 ---p 00000000 00:00 0 
7f95c18d3000-7f95c19d4000 rw-p 00000000 00:00 0 
7f95c19d4000-7f95c19d5000 ---p 00000000 00:00 0 
7f95c19d5000-7f95c1adb000 rw-p 00000000 00:00 0 
7f95c1adb000-7f95c1bc1000 ---p 00000000 00:00 0 
7f95c1bc1000-7f95c1bc6000 rw-p 00000000 00:00 0 
7f95c1bc6000-7f95c1cac000 ---p 00000000 00:00 0 
7f95c1cac000-7f95c1cb1000 r-xp 00000000 08:01 23598491                   /usr/lib/jvm/java-11-openjdk-amd64/lib/libjimage.so
7f95c1cb1000-7f95c1eb0000 ---p 00005000 08:01 23598491                   /usr/lib/jvm/java-11-openjdk-amd64/lib/libjimage.so
7f95c1eb0000-7f95c1eb1000 r--p 00004000 08:01 23598491                   /usr/lib/jvm/java-11-openjdk-amd64/lib/libjimage.so
7f95c1eb1000-7f95c1eb2000 rw-p 00005000 08:01 23598491                   /usr/lib/jvm/java-11-openjdk-amd64/lib/libjimage.so
7f95c1eb2000-7f95c1eb9000 r-xp 00000000 08:01 23598510                   /usr/lib/jvm/java-11-openjdk-amd64/lib/libzip.so
7f95c1eb9000-7f95c20b8000 ---p 00007000 08:01 23598510                   /usr/lib/jvm/java-11-openjdk-amd64/lib/libzip.so
7f95c20b8000-7f95c20b9000 r--p 00006000 08:01 23598510                   /usr/lib/jvm/java-11-openjdk-amd64/lib/libzip.so
7f95c20b9000-7f95c20ba000 rw-p 00007000 08:01 23598510                   /usr/lib/jvm/java-11-openjdk-amd64/lib/libzip.so
7f95c20ba000-7f95c20c5000 r-xp 00000000 08:01 14684844                   /lib/x86_64-linux-gnu/libnss_files-2.27.so
7f95c20c5000-7f95c22c4000 ---p 0000b000 08:01 14684844                   /lib/x86_64-linux-gnu/libnss_files-2.27.so
7f95c22c4000-7f95c22c5000 r--p 0000a000 08:01 14684844                   /lib/x86_64-linux-gnu/libnss_files-2.27.so
7f95c22c5000-7f95c22c6000 rw-p 0000b000 08:01 14684844                   /lib/x86_64-linux-gnu/libnss_files-2.27.so
7f95c22c6000-7f95c22cc000 rw-p 00000000 00:00 0 
7f95c22cc000-7f95c22e3000 r-xp 00000000 08:01 14684838                   /lib/x86_64-linux-gnu/libnsl-2.27.so
7f95c22e3000-7f95c24e2000 ---p 00017000 08:01 14684838                   /lib/x86_64-linux-gnu/libnsl-2.27.so
7f95c24e2000-7f95c24e3000 r--p 00016000 08:01 14684838                   /lib/x86_64-linux-gnu/libnsl-2.27.so
7f95c24e3000-7f95c24e4000 rw-p 00017000 08:01 14684838                   /lib/x86_64-linux-gnu/libnsl-2.27.so
7f95c24e4000-7f95c24e6000 rw-p 00000000 00:00 0 
7f95c24e6000-7f95c24f1000 r-xp 00000000 08:01 14684855                   /lib/x86_64-linux-gnu/libnss_nis-2.27.so
7f95c24f1000-7f95c26f0000 ---p 0000b000 08:01 14684855                   /lib/x86_64-linux-gnu/libnss_nis-2.27.so
7f95c26f0000-7f95c26f1000 r--p 0000a000 08:01 14684855                   /lib/x86_64-linux-gnu/libnss_nis-2.27.so
7f95c26f1000-7f95c26f2000 rw-p 0000b000 08:01 14684855                   /lib/x86_64-linux-gnu/libnss_nis-2.27.so
7f95c26f2000-7f95c26fa000 r-xp 00000000 08:01 14684840                   /lib/x86_64-linux-gnu/libnss_compat-2.27.so
7f95c26fa000-7f95c28fa000 ---p 00008000 08:01 14684840                   /lib/x86_64-linux-gnu/libnss_compat-2.27.so
7f95c28fa000-7f95c28fb000 r--p 00008000 08:01 14684840                   /lib/x86_64-linux-gnu/libnss_compat-2.27.so
7f95c28fb000-7f95c28fc000 rw-p 00009000 08:01 14684840                   /lib/x86_64-linux-gnu/libnss_compat-2.27.so
7f95c28fc000-7f95c2928000 r-xp 00000000 08:01 23598487                   /usr/lib/jvm/java-11-openjdk-amd64/lib/libjava.so
7f95c2928000-7f95c2b27000 ---p 0002c000 08:01 23598487                   /usr/lib/jvm/java-11-openjdk-amd64/lib/libjava.so
7f95c2b27000-7f95c2b28000 r--p 0002b000 08:01 23598487                   /usr/lib/jvm/java-11-openjdk-amd64/lib/libjava.so
7f95c2b28000-7f95c2b2a000 rw-p 0002c000 08:01 23598487                   /usr/lib/jvm/java-11-openjdk-amd64/lib/libjava.so
7f95c2b2a000-7f95c2b37000 r-xp 00000000 08:01 23598509                   /usr/lib/jvm/java-11-openjdk-amd64/lib/libverify.so
7f95c2b37000-7f95c2d36000 ---p 0000d000 08:01 23598509                   /usr/lib/jvm/java-11-openjdk-amd64/lib/libverify.so
7f95c2d36000-7f95c2d38000 r--p 0000c000 08:01 23598509                   /usr/lib/jvm/java-11-openjdk-amd64/lib/libverify.so
7f95c2d38000-7f95c2d39000 rw-p 0000e000 08:01 23598509                   /usr/lib/jvm/java-11-openjdk-amd64/lib/libverify.so
7f95c2d39000-7f95c2d40000 r-xp 00000000 08:01 14684895                   /lib/x86_64-linux-gnu/librt-2.27.so
7f95c2d40000-7f95c2f3f000 ---p 00007000 08:01 14684895                   /lib/x86_64-linux-gnu/librt-2.27.so
7f95c2f3f000-7f95c2f40000 r--p 00006000 08:01 14684895                   /lib/x86_64-linux-gnu/librt-2.27.so
7f95c2f40000-7f95c2f41000 rw-p 00007000 08:01 14684895                   /lib/x86_64-linux-gnu/librt-2.27.so
7f95c2f41000-7f95c2f58000 r-xp 00000000 08:01 14684791                   /lib/x86_64-linux-gnu/libgcc_s.so.1
7f95c2f58000-7f95c3157000 ---p 00017000 08:01 14684791                   /lib/x86_64-linux-gnu/libgcc_s.so.1
7f95c3157000-7f95c3158000 r--p 00016000 08:01 14684791                   /lib/x86_64-linux-gnu/libgcc_s.so.1
7f95c3158000-7f95c3159000 rw-p 00017000 08:01 14684791                   /lib/x86_64-linux-gnu/libgcc_s.so.1
7f95c3159000-7f95c32f6000 r-xp 00000000 08:01 14684817                   /lib/x86_64-linux-gnu/libm-2.27.so
7f95c32f6000-7f95c34f5000 ---p 0019d000 08:01 14684817                   /lib/x86_64-linux-gnu/libm-2.27.so
7f95c34f5000-7f95c34f6000 r--p 0019c000 08:01 14684817                   /lib/x86_64-linux-gnu/libm-2.27.so
7f95c34f6000-7f95c34f7000 rw-p 0019d000 08:01 14684817                   /lib/x86_64-linux-gnu/libm-2.27.so
7f95c34f7000-7f95c3670000 r-xp 00000000 08:01 23601225                   /usr/lib/x86_64-linux-gnu/libstdc++.so.6.0.25
7f95c3670000-7f95c3870000 ---p 00179000 08:01 23601225                   /usr/lib/x86_64-linux-gnu/libstdc++.so.6.0.25
7f95c3870000-7f95c387a000 r--p 00179000 08:01 23601225                   /usr/lib/x86_64-linux-gnu/libstdc++.so.6.0.25
7f95c387a000-7f95c387c000 rw-p 00183000 08:01 23601225                   /usr/lib/x86_64-linux-gnu/libstdc++.so.6.0.25
7f95c387c000-7f95c3880000 rw-p 00000000 00:00 0 
7f95c3880000-7f95c481d000 r-xp 00000000 08:01 23598523                   /usr/lib/jvm/java-11-openjdk-amd64/lib/server/libjvm.so
7f95c481d000-7f95c4a1d000 ---p 00f9d000 08:01 23598523                   /usr/lib/jvm/java-11-openjdk-amd64/lib/server/libjvm.so
7f95c4a1d000-7f95c4ae1000 r--p 00f9d000 08:01 23598523                   /usr/lib/jvm/java-11-openjdk-amd64/lib/server/libjvm.so
7f95c4ae1000-7f95c4b19000 rw-p 01061000 08:01 23598523                   /usr/lib/jvm/java-11-openjdk-amd64/lib/server/libjvm.so
7f95c4b19000-7f95c4b62000 rw-p 00000000 00:00 0 
7f95c4b62000-7f95c4b7c000 r-xp 00000000 08:01 14684887                   /lib/x86_64-linux-gnu/libpthread-2.27.so
7f95c4b7c000-7f95c4d7b000 ---p 0001a000 08:01 14684887                   /lib/x86_64-linux-gnu/libpthread-2.27.so
7f95c4d7b000-7f95c4d7c000 r--p 00019000 08:01 14684887                   /lib/x86_64-linux-gnu/libpthread-2.27.so
7f95c4d7c000-7f95c4d7d000 rw-p 0001a000 08:01 14684887                   /lib/x86_64-linux-gnu/libpthread-2.27.so
7f95c4d7d000-7f95c4d81000 rw-p 00000000 00:00 0 
7f95c4d81000-7f95c4d84000 r-xp 00000000 08:01 14684777                   /lib/x86_64-linux-gnu/libdl-2.27.so
7f95c4d84000-7f95c4f83000 ---p 00003000 08:01 14684777                   /lib/x86_64-linux-gnu/libdl-2.27.so
7f95c4f83000-7f95c4f84000 r--p 00002000 08:01 14684777                   /lib/x86_64-linux-gnu/libdl-2.27.so
7f95c4f84000-7f95c4f85000 rw-p 00003000 08:01 14684777                   /lib/x86_64-linux-gnu/libdl-2.27.so
7f95c4f85000-7f95c4fa1000 r-xp 00000000 08:01 14684928                   /lib/x86_64-linux-gnu/libz.so.1.2.11
7f95c4fa1000-7f95c51a0000 ---p 0001c000 08:01 14684928                   /lib/x86_64-linux-gnu/libz.so.1.2.11
7f95c51a0000-7f95c51a1000 r--p 0001b000 08:01 14684928                   /lib/x86_64-linux-gnu/libz.so.1.2.11
7f95c51a1000-7f95c51a2000 rw-p 0001c000 08:01 14684928                   /lib/x86_64-linux-gnu/libz.so.1.2.11
7f95c51a2000-7f95c5389000 r-xp 00000000 08:01 14684754                   /lib/x86_64-linux-gnu/libc-2.27.so
7f95c5389000-7f95c5589000 ---p 001e7000 08:01 14684754                   /lib/x86_64-linux-gnu/libc-2.27.so
7f95c5589000-7f95c558d000 r--p 001e7000 08:01 14684754                   /lib/x86_64-linux-gnu/libc-2.27.so
7f95c558d000-7f95c558f000 rw-p 001eb000 08:01 14684754                   /lib/x86_64-linux-gnu/libc-2.27.so
7f95c558f000-7f95c5593000 rw-p 00000000 00:00 0 
7f95c5593000-7f95c55a2000 r-xp 00000000 08:01 23598516                   /usr/lib/jvm/java-11-openjdk-amd64/lib/jli/libjli.so
7f95c55a2000-7f95c57a1000 ---p 0000f000 08:01 23598516                   /usr/lib/jvm/java-11-openjdk-amd64/lib/jli/libjli.so
7f95c57a1000-7f95c57a2000 r--p 0000e000 08:01 23598516                   /usr/lib/jvm/java-11-openjdk-amd64/lib/jli/libjli.so
7f95c57a2000-7f95c57a3000 rw-p 0000f000 08:01 23598516                   /usr/lib/jvm/java-11-openjdk-amd64/lib/jli/libjli.so
7f95c57a3000-7f95c57ca000 r-xp 00000000 08:01 14684726                   /lib/x86_64-linux-gnu/ld-2.27.so
7f95c57ef000-7f95c58ad000 rw-p 00000000 00:00 0 
7f95c58ad000-7f95c58b1000 ---p 00000000 00:00 0 
7f95c58b1000-7f95c59b7000 rw-p 00000000 00:00 0 
7f95c59b7000-7f95c59be000 ---p 00000000 00:00 0 
7f95c59be000-7f95c59c6000 rw-s 00000000 08:01 28966955                   /tmp/hsperfdata_pc/5164
7f95c59c6000-7f95c59c7000 ---p 00000000 00:00 0 
7f95c59c7000-7f95c59c8000 r--p 00000000 00:00 0 
7f95c59c8000-7f95c59ca000 rw-p 00000000 00:00 0 
7f95c59ca000-7f95c59cb000 r--p 00027000 08:01 14684726                   /lib/x86_64-linux-gnu/ld-2.27.so
7f95c59cb000-7f95c59cc000 rw-p 00028000 08:01 14684726                   /lib/x86_64-linux-gnu/ld-2.27.so
7f95c59cc000-7f95c59cd000 rw-p 00000000 00:00 0 
7ffd60f5d000-7ffd60f7f000 rw-p 00000000 00:00 0                          [stack]
7ffd60fb7000-7ffd60fba000 r--p 00000000 00:00 0                          [vvar]
7ffd60fba000-7ffd60fbc000 r-xp 00000000 00:00 0                          [vdso]
ffffffffff600000-ffffffffff601000 r-xp 00000000 00:00 0                  [vsyscall]


VM Arguments:
jvm_args: -Djava.library.path=/home/pc/Downloads/webots/lib/java 
java_command: SensorController
java_class_path (initial): /home/pc/Downloads/webots/lib/java/Controller.jar:/home/pc/Dokumente/my_project/controllers/SensorController/
Launcher Type: SUN_STANDARD

Logging:
Log output configuration:
#0: stdout all=warning uptime,level,tags
#1: stderr all=off uptime,level,tags

Environment Variables:
PATH=/usr/local/sbin:/usr/local/bin:/usr/sbin:/usr/bin:/sbin:/bin:/usr/games:/usr/local/games
LD_LIBRARY_PATH=/home/pc/Downloads/webots/projects/default/libraries/vehicle:/home/pc/Downloads/webots/projects/default/libraries/ros:/home/pc/Downloads/webots/resources/projects/libraries/qt_utils:/home/pc/Dokumente/my_project/controllers/SensorController/:/home/pc/Downloads/webots/lib/:/tmp/webots-4827/lib:
SHELL=/bin/bash
DISPLAY=:0

Signal Handlers:
SIGSEGV: [libjvm.so+0xd28b70], sa_mask[0]=11111111011111111101111111111110, sa_flags=SA_RESTART|SA_SIGINFO
SIGBUS: [libjvm.so+0xd28b70], sa_mask[0]=11111111011111111101111111111110, sa_flags=SA_RESTART|SA_SIGINFO
SIGFPE: [libjvm.so+0xd28b70], sa_mask[0]=11111111011111111101111111111110, sa_flags=SA_RESTART|SA_SIGINFO
SIGPIPE: [libjvm.so+0xb2a1f0], sa_mask[0]=11111111011111111101111111111110, sa_flags=SA_RESTART|SA_SIGINFO
SIGXFSZ: [libjvm.so+0xb2a1f0], sa_mask[0]=11111111011111111101111111111110, sa_flags=SA_RESTART|SA_SIGINFO
SIGILL: [libjvm.so+0xd28b70], sa_mask[0]=11111111011111111101111111111110, sa_flags=SA_RESTART|SA_SIGINFO
SIGUSR2: [libjvm.so+0xb2a030], sa_mask[0]=00000000000000000000000000000000, sa_flags=SA_RESTART|SA_SIGINFO
SIGHUP: [libjvm.so+0xb2a180], sa_mask[0]=11111111011111111101111111111110, sa_flags=SA_RESTART|SA_SIGINFO
SIGINT: [libjvm.so+0xb2a180], sa_mask[0]=11111111011111111101111111111110, sa_flags=SA_RESTART|SA_SIGINFO
SIGTERM: [libjvm.so+0xb2a180], sa_mask[0]=11111111011111111101111111111110, sa_flags=SA_RESTART|SA_SIGINFO
SIGQUIT: [libjvm.so+0xb2a180], sa_mask[0]=11111111011111111101111111111110, sa_flags=SA_RESTART|SA_SIGINFO


---------------  S Y S T E M  ---------------

OS:DISTRIB_ID=LinuxMint
DISTRIB_RELEASE=19.1
DISTRIB_CODENAME=tessa
DISTRIB_DESCRIPTION="Linux Mint 19.1 Tessa"
uname:Linux 4.15.0-20-generic #21-Ubuntu SMP Tue Apr 24 06:16:15 UTC 2018 x86_64
libc:glibc 2.27 NPTL 2.27 
rlimit: STACK 8192k, CORE 0k, NPROC 31207, NOFILE 4096, AS infinity, DATA infinity, FSIZE infinity
load average:1.06 1.34 1.17

/proc/meminfo:
MemTotal:        8051996 kB
MemFree:         4748172 kB
MemAvailable:    5842840 kB
Buffers:          107392 kB
Cached:          1924212 kB
SwapCached:            0 kB
Active:          1644452 kB
Inactive:        1422076 kB
Active(anon):    1036188 kB
Inactive(anon):   765376 kB
Active(file):     608264 kB
Inactive(file):   656700 kB
Unevictable:          32 kB
Mlocked:              32 kB
SwapTotal:       2097148 kB
SwapFree:        2097148 kB
Dirty:                84 kB
Writeback:             0 kB
AnonPages:       1035108 kB
Mapped:           536224 kB
Shmem:            766644 kB
Slab:             143228 kB
SReclaimable:      97880 kB
SUnreclaim:        45348 kB
KernelStack:       10176 kB
PageTables:        34296 kB
NFS_Unstable:          0 kB
Bounce:                0 kB
WritebackTmp:          0 kB
CommitLimit:     6123144 kB
Committed_AS:    5066088 kB
VmallocTotal:   34359738367 kB
VmallocUsed:           0 kB
VmallocChunk:          0 kB
HardwareCorrupted:     0 kB
AnonHugePages:         0 kB
ShmemHugePages:        0 kB
ShmemPmdMapped:        0 kB
CmaTotal:              0 kB
CmaFree:               0 kB
HugePages_Total:       0
HugePages_Free:        0
HugePages_Rsvd:        0
HugePages_Surp:        0
Hugepagesize:       2048 kB
DirectMap4k:      166848 kB
DirectMap2M:     8105984 kB

container (cgroup) information:
container_type: cgroupv1
cpu_cpuset_cpus: 0-7
cpu_memory_nodes: 0
active_processor_count: 8
cpu_quota: -1
cpu_period: 100000
cpu_shares: -1
memory_limit_in_bytes: -1
memory_and_swap_limit_in_bytes: -2
memory_soft_limit_in_bytes: -1
memory_usage_in_bytes: 3140464640
memory_max_usage_in_bytes: 0


CPU:total 8 (initial active 8) (4 cores per cpu, 2 threads per core) family 6 model 58 stepping 9, cmov, cx8, fxsr, mmx, sse, sse2, sse3, ssse3, sse4.1, sse4.2, popcnt, avx, aes, clmul, erms, ht, tsc, tscinvbit, tscinv
CPU Model and flags from /proc/cpuinfo:
model name	: Intel(R) Core(TM) i7-3770 CPU @ 3.40GHz
flags		: fpu vme de pse tsc msr pae mce cx8 apic sep mtrr pge mca cmov pat pse36 clflush dts acpi mmx fxsr sse sse2 ss ht tm pbe syscall nx rdtscp lm constant_tsc arch_perfmon pebs bts rep_good nopl xtopology nonstop_tsc cpuid aperfmperf pni pclmulqdq dtes64 monitor ds_cpl vmx smx est tm2 ssse3 cx16 xtpr pdcm pcid sse4_1 sse4_2 x2apic popcnt tsc_deadline_timer aes xsave avx f16c rdrand lahf_lm cpuid_fault epb pti tpr_shadow vnmi flexpriority ept vpid fsgsbase smep erms xsaveopt dtherm ida arat pln pts

Memory: 4k page, physical 8051996k(4748172k free), swap 2097148k(2097148k free)

vm_info: OpenJDK 64-Bit Server VM (10.0.2+13-Ubuntu-1ubuntu0.18.04.4) for linux-amd64 JRE (10.0.2+13-Ubuntu-1ubuntu0.18.04.4), built on Nov 13 2018 12:53:39 by "buildd" with gcc 7.3.0

END.
