#
# A fatal error has been detected by the Java Runtime Environment:
#
#  SIGSEGV (0xb) at pc=0x00007f5a702f1b32, pid=7996, tid=7997
#
# JRE version: OpenJDK Runtime Environment (10.0.2+13) (build 10.0.2+13-Ubuntu-1ubuntu0.18.04.4)
# Java VM: OpenJDK 64-Bit Server VM (10.0.2+13-Ubuntu-1ubuntu0.18.04.4, mixed mode, tiered, compressed oops, g1 gc, linux-amd64)
# Problematic frame:
# C  [libController.so+0x1bb32]  wbu_motion_new+0x5d2
#
# Core dump will be written. Default location: Core dumps may be processed with "/usr/share/apport/apport %p %s %c %d %P" (or dumping to /home/pc/Dokumente/my_project/controllers/SensorController/core.7996)
#
# If you would like to submit a bug report, please visit:
#   http://bugreport.java.com/bugreport/crash.jsp
# The crash happened outside the Java Virtual Machine in native code.
# See problematic frame for where to report the bug.
#

---------------  S U M M A R Y ------------

Command Line: -Djava.library.path=/home/pc/Downloads/webots/lib/java SensorController

Host: Intel(R) Core(TM) i7-3770 CPU @ 3.40GHz, 8 cores, 7G, Linux Mint 19.1 Tessa
Time: Tue Jun 18 14:00:20 2019 CEST elapsed time: 0 seconds (0d 0h 0m 0s)

---------------  T H R E A D  ---------------

Current thread (0x00007f5ac0012000):  JavaThread "main" [_thread_in_native, id=7997, stack(0x00007f5ac778a000,0x00007f5ac788b000)]

Stack: [0x00007f5ac778a000,0x00007f5ac788b000],  sp=0x00007f5ac78886f0,  free space=1017k
Native frames: (J=compiled Java code, A=aot compiled Java code, j=interpreted, Vv=VM code, C=native code)
C  [libController.so+0x1bb32]  wbu_motion_new+0x5d2
C  [libCppController.so+0x28c7a]  webots::Motion::Motion(std::__cxx11::basic_string<char, std::char_traits<char>, std::allocator<char> > const&)+0x36
C  [libJavaController.so+0x27c5d]  Java_com_cyberbotics_webots_controller_wrapperJNI_new_1Motion+0x10a
j  com.cyberbotics.webots.controller.wrapperJNI.new_Motion(Ljava/lang/String;)J+0
j  com.cyberbotics.webots.controller.Motion.<init>(Ljava/lang/String;)V+2
j  SensorController.loadMotionFiles()V+118
j  SensorController.main([Ljava/lang/String;)V+22
v  ~StubRoutines::call_stub
V  [libjvm.so+0x83d38f]
V  [libjvm.so+0x85c3cd]
V  [libjvm.so+0x85e60e]
C  [libjli.so+0x4aa0]
C  [libjli.so+0x89dd]
C  [libpthread.so.0+0x76db]  start_thread+0xdb

Java frames: (J=compiled Java code, j=interpreted, Vv=VM code)
j  com.cyberbotics.webots.controller.wrapperJNI.new_Motion(Ljava/lang/String;)J+0
j  com.cyberbotics.webots.controller.Motion.<init>(Ljava/lang/String;)V+2
j  SensorController.loadMotionFiles()V+118
j  SensorController.main([Ljava/lang/String;)V+22
v  ~StubRoutines::call_stub

siginfo: si_signo: 11 (SIGSEGV), si_code: 1 (SEGV_MAPERR), si_addr: 0x0000000000000000

Register to memory mapping:

RAX=0x0000000000000000 is an unknown value
RBX=0x00007f5ac0272b00 is an unknown value
RCX=0x0000000000000000 is an unknown value
RDX=0x00007f5ac746ca68: <offset 0x00000000003eda68> in /lib/x86_64-linux-gnu/libc.so.6 at 0x00007f5ac707f000
RSP=0x00007f5ac78886f0 is pointing into the stack for thread: 0x00007f5ac0012000
RBP=0x00007f5ac7889770 is pointing into the stack for thread: 0x00007f5ac0012000
RSI=0x00007f5a7030efc3: <offset 0x0000000000038fc3> in /home/pc/Downloads/webots/lib/libController.so at 0x00007f5a702d6000
RDI=0x0000000000000000 is an unknown value
R8 =0x0000000000000001 is an unknown value
R9 =0x0000000000000000 is an unknown value
R10=0x7cac083126e978d4 is an unknown value
R11=0x00007f5a7030efde: <offset 0x0000000000038fde> in /home/pc/Downloads/webots/lib/libController.so at 0x00007f5a702d6000
R12=0x0000000000000078 is an unknown value
R13=0x000000000000003c is an unknown value
R14=0x0000000000000048 is an unknown value
R15=0x0000000000000009 is an unknown value


Registers:
RAX=0x0000000000000000, RBX=0x00007f5ac0272b00, RCX=0x0000000000000000, RDX=0x00007f5ac746ca68
RSP=0x00007f5ac78886f0, RBP=0x00007f5ac7889770, RSI=0x00007f5a7030efc3, RDI=0x0000000000000000
R8 =0x0000000000000001, R9 =0x0000000000000000, R10=0x7cac083126e978d4, R11=0x00007f5a7030efde
R12=0x0000000000000078, R13=0x000000000000003c, R14=0x0000000000000048, R15=0x0000000000000009
RIP=0x00007f5a702f1b32, EFLAGS=0x0000000000010246, CSGSFS=0x002b000000000033, ERR=0x0000000000000004
  TRAPNO=0x000000000000000e

Top of Stack: (sp=0x00007f5ac78886f0)
0x00007f5ac78886f0:   30363a30303a3030 363165736f500030
0x00007f5ac7888700:   3739312e30003000 003738342e302d00
0x00007f5ac7888710:   302d003138392e30 2e302d003439342e
0x00007f5ac7888720:   2e30003000373931 342e302d00373931 

Instructions: (pc=0x00007f5a702f1b32)
0x00007f5a702f1b12:   08 4a 03 0c 22 48 89 ca e8 f1 21 ff ff 44 3b 3b
0x00007f5a702f1b22:   7d 3c 48 8d 35 98 d4 01 00 31 ff e8 5e 26 ff ff
0x00007f5a702f1b32:   80 38 2a 75 c1 80 78 01 00 75 bb 48 8b 43 30 f2
0x00007f5a702f1b42:   0f 10 05 07 db 01 00 41 83 c7 01 4a 8b 04 20 f2 


---------------  P R O C E S S  ---------------

Threads class SMR info:
_java_thread_list=0x00007f5ac021cc80, length=11, elements={
0x00007f5ac0012000, 0x00007f5ac0142800, 0x00007f5ac0144800, 0x00007f5ac014e000,
0x00007f5ac0158800, 0x00007f5ac015a800, 0x00007f5ac015c800, 0x00007f5ac015e800,
0x00007f5ac0160800, 0x00007f5ac0204800, 0x00007f5ac021d800
}

Java Threads: ( => current thread )
=>0x00007f5ac0012000 JavaThread "main" [_thread_in_native, id=7997, stack(0x00007f5ac778a000,0x00007f5ac788b000)]
  0x00007f5ac0142800 JavaThread "Reference Handler" daemon [_thread_blocked, id=8019, stack(0x00007f5aa41e4000,0x00007f5aa42e5000)]
  0x00007f5ac0144800 JavaThread "Finalizer" daemon [_thread_blocked, id=8020, stack(0x00007f5aa40e3000,0x00007f5aa41e4000)]
  0x00007f5ac014e000 JavaThread "Signal Dispatcher" daemon [_thread_blocked, id=8021, stack(0x00007f5a8418f000,0x00007f5a84290000)]
  0x00007f5ac0158800 JavaThread "C2 CompilerThread0" daemon [_thread_blocked, id=8022, stack(0x00007f5a8408e000,0x00007f5a8418f000)]
  0x00007f5ac015a800 JavaThread "C2 CompilerThread1" daemon [_thread_blocked, id=8023, stack(0x00007f5a713cf000,0x00007f5a714d0000)]
  0x00007f5ac015c800 JavaThread "C2 CompilerThread2" daemon [_thread_blocked, id=8024, stack(0x00007f5a712ce000,0x00007f5a713cf000)]
  0x00007f5ac015e800 JavaThread "C1 CompilerThread3" daemon [_thread_blocked, id=8025, stack(0x00007f5a711cd000,0x00007f5a712ce000)]
  0x00007f5ac0160800 JavaThread "Sweeper thread" daemon [_thread_blocked, id=8026, stack(0x00007f5a710cc000,0x00007f5a711cd000)]
  0x00007f5ac0204800 JavaThread "Service Thread" daemon [_thread_blocked, id=8027, stack(0x00007f5a70fcb000,0x00007f5a710cc000)]
  0x00007f5ac021d800 JavaThread "Common-Cleaner" daemon [_thread_blocked, id=8029, stack(0x00007f5a70dc8000,0x00007f5a70ec9000)]

Other Threads:
  0x00007f5ac0139000 VMThread "VM Thread" [stack: 0x00007f5aa42e7000,0x00007f5aa43e7000] [id=8018]
  0x00007f5ac0207000 WatcherThread [stack: 0x00007f5a70ecb000,0x00007f5a70fcb000] [id=8028]
  0x00007f5ac0028800 GCTaskThread "GC Thread#0" [stack: 0x00007f5aa731a000,0x00007f5aa741a000] [id=7998]
  0x00007f5ac002a000 GCTaskThread "GC Thread#1" [stack: 0x00007f5aa7218000,0x00007f5aa7318000] [id=7999]
  0x00007f5ac002c000 GCTaskThread "GC Thread#2" [stack: 0x00007f5aa7116000,0x00007f5aa7216000] [id=8000]
  0x00007f5ac002d800 GCTaskThread "GC Thread#3" [stack: 0x00007f5aa7014000,0x00007f5aa7114000] [id=8001]
  0x00007f5ac002f000 GCTaskThread "GC Thread#4" [stack: 0x00007f5aa6f12000,0x00007f5aa7012000] [id=8002]
  0x00007f5ac0031000 GCTaskThread "GC Thread#5" [stack: 0x00007f5aa6e10000,0x00007f5aa6f10000] [id=8003]
  0x00007f5ac0032800 GCTaskThread "GC Thread#6" [stack: 0x00007f5aa6d0e000,0x00007f5aa6e0e000] [id=8004]
  0x00007f5ac0034800 GCTaskThread "GC Thread#7" [stack: 0x00007f5aa6c0c000,0x00007f5aa6d0c000] [id=8005]
  0x00007f5ac005d800 ConcurrentGCThread "G1 Main Marker" [stack: 0x00007f5aa577d000,0x00007f5aa587d000] [id=8006]
  0x00007f5ac005f800 ConcurrentGCThread "G1 Conc#0" [stack: 0x00007f5aa567b000,0x00007f5aa577b000] [id=8007]
  0x00007f5ac0061000 ConcurrentGCThread "G1 Conc#1" [stack: 0x00007f5aa5579000,0x00007f5aa5679000] [id=8008]
  0x00007f5ac00c9800 ConcurrentGCThread "G1 Refine#0" [stack: 0x00007f5aa4c6f000,0x00007f5aa4d6f000] [id=8009]
  0x00007f5ac00cb800 ConcurrentGCThread "G1 Refine#1" [stack: 0x00007f5aa4b6d000,0x00007f5aa4c6d000] [id=8010]
  0x00007f5ac00cd000 ConcurrentGCThread "G1 Refine#2" [stack: 0x00007f5aa4a6b000,0x00007f5aa4b6b000] [id=8011]
  0x00007f5ac00cf000 ConcurrentGCThread "G1 Refine#3" [stack: 0x00007f5aa4969000,0x00007f5aa4a69000] [id=8012]
  0x00007f5ac00d0800 ConcurrentGCThread "G1 Refine#4" [stack: 0x00007f5aa4867000,0x00007f5aa4967000] [id=8013]
  0x00007f5ac00d2800 ConcurrentGCThread "G1 Refine#5" [stack: 0x00007f5aa4765000,0x00007f5aa4865000] [id=8014]
  0x00007f5ac00d4000 ConcurrentGCThread "G1 Refine#6" [stack: 0x00007f5aa4663000,0x00007f5aa4763000] [id=8015]
  0x00007f5ac00d6000 ConcurrentGCThread "G1 Refine#7" [stack: 0x00007f5aa4561000,0x00007f5aa4661000] [id=8016]
  0x00007f5ac00d7800 ConcurrentGCThread "G1 Young RemSet Sampling" [stack: 0x00007f5aa445f000,0x00007f5aa455f000] [id=8017]

Threads with active compile tasks:

VM state:not at safepoint (normal execution)

VM Mutex/Monitor currently owned by a thread: None

Heap address: 0x0000000085200000, size: 1966 MB, Compressed Oops mode: 32-bit
Narrow klass base: 0x0000000000000000, Narrow klass shift: 3
Compressed class space size: 1073741824 Address: 0x0000000100000000

Heap:
 garbage-first heap   total 126976K, used 1024K [0x0000000085200000, 0x0000000100000000)
  region size 1024K, 2 young (2048K), 0 survivors (0K)
 Metaspace       used 4857K, capacity 4990K, committed 5120K, reserved 1056768K
  class space    used 398K, capacity 430K, committed 512K, reserved 1048576K
Heap Regions: E=young(eden), S=young(survivor), O=old, HS=humongous(starts), HC=humongous(continues), CS=collection set, F=free, A=archive, TS=gc time stamp, AC=allocation context, TAMS=top-at-mark-start (previous, next)
|   0|0x0000000085200000, 0x0000000085200000, 0x0000000085300000|  0%| F|  |TS  0|AC  0|TAMS 0x0000000085200000, 0x0000000085200000|
|   1|0x0000000085300000, 0x0000000085300000, 0x0000000085400000|  0%| F|  |TS  0|AC  0|TAMS 0x0000000085300000, 0x0000000085300000|
|   2|0x0000000085400000, 0x0000000085400000, 0x0000000085500000|  0%| F|  |TS  0|AC  0|TAMS 0x0000000085400000, 0x0000000085400000|
|   3|0x0000000085500000, 0x0000000085500000, 0x0000000085600000|  0%| F|  |TS  0|AC  0|TAMS 0x0000000085500000, 0x0000000085500000|
|   4|0x0000000085600000, 0x0000000085600000, 0x0000000085700000|  0%| F|  |TS  0|AC  0|TAMS 0x0000000085600000, 0x0000000085600000|
|   5|0x0000000085700000, 0x0000000085700000, 0x0000000085800000|  0%| F|  |TS  0|AC  0|TAMS 0x0000000085700000, 0x0000000085700000|
|   6|0x0000000085800000, 0x0000000085800000, 0x0000000085900000|  0%| F|  |TS  0|AC  0|TAMS 0x0000000085800000, 0x0000000085800000|
|   7|0x0000000085900000, 0x0000000085900000, 0x0000000085a00000|  0%| F|  |TS  0|AC  0|TAMS 0x0000000085900000, 0x0000000085900000|
|   8|0x0000000085a00000, 0x0000000085a00000, 0x0000000085b00000|  0%| F|  |TS  0|AC  0|TAMS 0x0000000085a00000, 0x0000000085a00000|
|   9|0x0000000085b00000, 0x0000000085b00000, 0x0000000085c00000|  0%| F|  |TS  0|AC  0|TAMS 0x0000000085b00000, 0x0000000085b00000|
|  10|0x0000000085c00000, 0x0000000085c00000, 0x0000000085d00000|  0%| F|  |TS  0|AC  0|TAMS 0x0000000085c00000, 0x0000000085c00000|
|  11|0x0000000085d00000, 0x0000000085d00000, 0x0000000085e00000|  0%| F|  |TS  0|AC  0|TAMS 0x0000000085d00000, 0x0000000085d00000|
|  12|0x0000000085e00000, 0x0000000085e00000, 0x0000000085f00000|  0%| F|  |TS  0|AC  0|TAMS 0x0000000085e00000, 0x0000000085e00000|
|  13|0x0000000085f00000, 0x0000000085f00000, 0x0000000086000000|  0%| F|  |TS  0|AC  0|TAMS 0x0000000085f00000, 0x0000000085f00000|
|  14|0x0000000086000000, 0x0000000086000000, 0x0000000086100000|  0%| F|  |TS  0|AC  0|TAMS 0x0000000086000000, 0x0000000086000000|
|  15|0x0000000086100000, 0x0000000086100000, 0x0000000086200000|  0%| F|  |TS  0|AC  0|TAMS 0x0000000086100000, 0x0000000086100000|
|  16|0x0000000086200000, 0x0000000086200000, 0x0000000086300000|  0%| F|  |TS  0|AC  0|TAMS 0x0000000086200000, 0x0000000086200000|
|  17|0x0000000086300000, 0x0000000086300000, 0x0000000086400000|  0%| F|  |TS  0|AC  0|TAMS 0x0000000086300000, 0x0000000086300000|
|  18|0x0000000086400000, 0x0000000086400000, 0x0000000086500000|  0%| F|  |TS  0|AC  0|TAMS 0x0000000086400000, 0x0000000086400000|
|  19|0x0000000086500000, 0x0000000086500000, 0x0000000086600000|  0%| F|  |TS  0|AC  0|TAMS 0x0000000086500000, 0x0000000086500000|
|  20|0x0000000086600000, 0x0000000086600000, 0x0000000086700000|  0%| F|  |TS  0|AC  0|TAMS 0x0000000086600000, 0x0000000086600000|
|  21|0x0000000086700000, 0x0000000086700000, 0x0000000086800000|  0%| F|  |TS  0|AC  0|TAMS 0x0000000086700000, 0x0000000086700000|
|  22|0x0000000086800000, 0x0000000086800000, 0x0000000086900000|  0%| F|  |TS  0|AC  0|TAMS 0x0000000086800000, 0x0000000086800000|
|  23|0x0000000086900000, 0x0000000086900000, 0x0000000086a00000|  0%| F|  |TS  0|AC  0|TAMS 0x0000000086900000, 0x0000000086900000|
|  24|0x0000000086a00000, 0x0000000086a00000, 0x0000000086b00000|  0%| F|  |TS  0|AC  0|TAMS 0x0000000086a00000, 0x0000000086a00000|
|  25|0x0000000086b00000, 0x0000000086b00000, 0x0000000086c00000|  0%| F|  |TS  0|AC  0|TAMS 0x0000000086b00000, 0x0000000086b00000|
|  26|0x0000000086c00000, 0x0000000086c00000, 0x0000000086d00000|  0%| F|  |TS  0|AC  0|TAMS 0x0000000086c00000, 0x0000000086c00000|
|  27|0x0000000086d00000, 0x0000000086d00000, 0x0000000086e00000|  0%| F|  |TS  0|AC  0|TAMS 0x0000000086d00000, 0x0000000086d00000|
|  28|0x0000000086e00000, 0x0000000086e00000, 0x0000000086f00000|  0%| F|  |TS  0|AC  0|TAMS 0x0000000086e00000, 0x0000000086e00000|
|  29|0x0000000086f00000, 0x0000000086f00000, 0x0000000087000000|  0%| F|  |TS  0|AC  0|TAMS 0x0000000086f00000, 0x0000000086f00000|
|  30|0x0000000087000000, 0x0000000087000000, 0x0000000087100000|  0%| F|  |TS  0|AC  0|TAMS 0x0000000087000000, 0x0000000087000000|
|  31|0x0000000087100000, 0x0000000087100000, 0x0000000087200000|  0%| F|  |TS  0|AC  0|TAMS 0x0000000087100000, 0x0000000087100000|
|  32|0x0000000087200000, 0x0000000087200000, 0x0000000087300000|  0%| F|  |TS  0|AC  0|TAMS 0x0000000087200000, 0x0000000087200000|
|  33|0x0000000087300000, 0x0000000087300000, 0x0000000087400000|  0%| F|  |TS  0|AC  0|TAMS 0x0000000087300000, 0x0000000087300000|
|  34|0x0000000087400000, 0x0000000087400000, 0x0000000087500000|  0%| F|  |TS  0|AC  0|TAMS 0x0000000087400000, 0x0000000087400000|
|  35|0x0000000087500000, 0x0000000087500000, 0x0000000087600000|  0%| F|  |TS  0|AC  0|TAMS 0x0000000087500000, 0x0000000087500000|
|  36|0x0000000087600000, 0x0000000087600000, 0x0000000087700000|  0%| F|  |TS  0|AC  0|TAMS 0x0000000087600000, 0x0000000087600000|
|  37|0x0000000087700000, 0x0000000087700000, 0x0000000087800000|  0%| F|  |TS  0|AC  0|TAMS 0x0000000087700000, 0x0000000087700000|
|  38|0x0000000087800000, 0x0000000087800000, 0x0000000087900000|  0%| F|  |TS  0|AC  0|TAMS 0x0000000087800000, 0x0000000087800000|
|  39|0x0000000087900000, 0x0000000087900000, 0x0000000087a00000|  0%| F|  |TS  0|AC  0|TAMS 0x0000000087900000, 0x0000000087900000|
|  40|0x0000000087a00000, 0x0000000087a00000, 0x0000000087b00000|  0%| F|  |TS  0|AC  0|TAMS 0x0000000087a00000, 0x0000000087a00000|
|  41|0x0000000087b00000, 0x0000000087b00000, 0x0000000087c00000|  0%| F|  |TS  0|AC  0|TAMS 0x0000000087b00000, 0x0000000087b00000|
|  42|0x0000000087c00000, 0x0000000087c00000, 0x0000000087d00000|  0%| F|  |TS  0|AC  0|TAMS 0x0000000087c00000, 0x0000000087c00000|
|  43|0x0000000087d00000, 0x0000000087d00000, 0x0000000087e00000|  0%| F|  |TS  0|AC  0|TAMS 0x0000000087d00000, 0x0000000087d00000|
|  44|0x0000000087e00000, 0x0000000087e00000, 0x0000000087f00000|  0%| F|  |TS  0|AC  0|TAMS 0x0000000087e00000, 0x0000000087e00000|
|  45|0x0000000087f00000, 0x0000000087f00000, 0x0000000088000000|  0%| F|  |TS  0|AC  0|TAMS 0x0000000087f00000, 0x0000000087f00000|
|  46|0x0000000088000000, 0x0000000088000000, 0x0000000088100000|  0%| F|  |TS  0|AC  0|TAMS 0x0000000088000000, 0x0000000088000000|
|  47|0x0000000088100000, 0x0000000088100000, 0x0000000088200000|  0%| F|  |TS  0|AC  0|TAMS 0x0000000088100000, 0x0000000088100000|
|  48|0x0000000088200000, 0x0000000088200000, 0x0000000088300000|  0%| F|  |TS  0|AC  0|TAMS 0x0000000088200000, 0x0000000088200000|
|  49|0x0000000088300000, 0x0000000088300000, 0x0000000088400000|  0%| F|  |TS  0|AC  0|TAMS 0x0000000088300000, 0x0000000088300000|
|  50|0x0000000088400000, 0x0000000088400000, 0x0000000088500000|  0%| F|  |TS  0|AC  0|TAMS 0x0000000088400000, 0x0000000088400000|
|  51|0x0000000088500000, 0x0000000088500000, 0x0000000088600000|  0%| F|  |TS  0|AC  0|TAMS 0x0000000088500000, 0x0000000088500000|
|  52|0x0000000088600000, 0x0000000088600000, 0x0000000088700000|  0%| F|  |TS  0|AC  0|TAMS 0x0000000088600000, 0x0000000088600000|
|  53|0x0000000088700000, 0x0000000088700000, 0x0000000088800000|  0%| F|  |TS  0|AC  0|TAMS 0x0000000088700000, 0x0000000088700000|
|  54|0x0000000088800000, 0x0000000088800000, 0x0000000088900000|  0%| F|  |TS  0|AC  0|TAMS 0x0000000088800000, 0x0000000088800000|
|  55|0x0000000088900000, 0x0000000088900000, 0x0000000088a00000|  0%| F|  |TS  0|AC  0|TAMS 0x0000000088900000, 0x0000000088900000|
|  56|0x0000000088a00000, 0x0000000088a00000, 0x0000000088b00000|  0%| F|  |TS  0|AC  0|TAMS 0x0000000088a00000, 0x0000000088a00000|
|  57|0x0000000088b00000, 0x0000000088b00000, 0x0000000088c00000|  0%| F|  |TS  0|AC  0|TAMS 0x0000000088b00000, 0x0000000088b00000|
|  58|0x0000000088c00000, 0x0000000088c00000, 0x0000000088d00000|  0%| F|  |TS  0|AC  0|TAMS 0x0000000088c00000, 0x0000000088c00000|
|  59|0x0000000088d00000, 0x0000000088d00000, 0x0000000088e00000|  0%| F|  |TS  0|AC  0|TAMS 0x0000000088d00000, 0x0000000088d00000|
|  60|0x0000000088e00000, 0x0000000088e00000, 0x0000000088f00000|  0%| F|  |TS  0|AC  0|TAMS 0x0000000088e00000, 0x0000000088e00000|
|  61|0x0000000088f00000, 0x0000000088f00000, 0x0000000089000000|  0%| F|  |TS  0|AC  0|TAMS 0x0000000088f00000, 0x0000000088f00000|
|  62|0x0000000089000000, 0x0000000089000000, 0x0000000089100000|  0%| F|  |TS  0|AC  0|TAMS 0x0000000089000000, 0x0000000089000000|
|  63|0x0000000089100000, 0x0000000089100000, 0x0000000089200000|  0%| F|  |TS  0|AC  0|TAMS 0x0000000089100000, 0x0000000089100000|
|  64|0x0000000089200000, 0x0000000089200000, 0x0000000089300000|  0%| F|  |TS  0|AC  0|TAMS 0x0000000089200000, 0x0000000089200000|
|  65|0x0000000089300000, 0x0000000089300000, 0x0000000089400000|  0%| F|  |TS  0|AC  0|TAMS 0x0000000089300000, 0x0000000089300000|
|  66|0x0000000089400000, 0x0000000089400000, 0x0000000089500000|  0%| F|  |TS  0|AC  0|TAMS 0x0000000089400000, 0x0000000089400000|
|  67|0x0000000089500000, 0x0000000089500000, 0x0000000089600000|  0%| F|  |TS  0|AC  0|TAMS 0x0000000089500000, 0x0000000089500000|
|  68|0x0000000089600000, 0x0000000089600000, 0x0000000089700000|  0%| F|  |TS  0|AC  0|TAMS 0x0000000089600000, 0x0000000089600000|
|  69|0x0000000089700000, 0x0000000089700000, 0x0000000089800000|  0%| F|  |TS  0|AC  0|TAMS 0x0000000089700000, 0x0000000089700000|
|  70|0x0000000089800000, 0x0000000089800000, 0x0000000089900000|  0%| F|  |TS  0|AC  0|TAMS 0x0000000089800000, 0x0000000089800000|
|  71|0x0000000089900000, 0x0000000089900000, 0x0000000089a00000|  0%| F|  |TS  0|AC  0|TAMS 0x0000000089900000, 0x0000000089900000|
|  72|0x0000000089a00000, 0x0000000089a00000, 0x0000000089b00000|  0%| F|  |TS  0|AC  0|TAMS 0x0000000089a00000, 0x0000000089a00000|
|  73|0x0000000089b00000, 0x0000000089b00000, 0x0000000089c00000|  0%| F|  |TS  0|AC  0|TAMS 0x0000000089b00000, 0x0000000089b00000|
|  74|0x0000000089c00000, 0x0000000089c00000, 0x0000000089d00000|  0%| F|  |TS  0|AC  0|TAMS 0x0000000089c00000, 0x0000000089c00000|
|  75|0x0000000089d00000, 0x0000000089d00000, 0x0000000089e00000|  0%| F|  |TS  0|AC  0|TAMS 0x0000000089d00000, 0x0000000089d00000|
|  76|0x0000000089e00000, 0x0000000089e00000, 0x0000000089f00000|  0%| F|  |TS  0|AC  0|TAMS 0x0000000089e00000, 0x0000000089e00000|
|  77|0x0000000089f00000, 0x0000000089f00000, 0x000000008a000000|  0%| F|  |TS  0|AC  0|TAMS 0x0000000089f00000, 0x0000000089f00000|
|  78|0x000000008a000000, 0x000000008a000000, 0x000000008a100000|  0%| F|  |TS  0|AC  0|TAMS 0x000000008a000000, 0x000000008a000000|
|  79|0x000000008a100000, 0x000000008a100000, 0x000000008a200000|  0%| F|  |TS  0|AC  0|TAMS 0x000000008a100000, 0x000000008a100000|
|  80|0x000000008a200000, 0x000000008a200000, 0x000000008a300000|  0%| F|  |TS  0|AC  0|TAMS 0x000000008a200000, 0x000000008a200000|
|  81|0x000000008a300000, 0x000000008a300000, 0x000000008a400000|  0%| F|  |TS  0|AC  0|TAMS 0x000000008a300000, 0x000000008a300000|
|  82|0x000000008a400000, 0x000000008a400000, 0x000000008a500000|  0%| F|  |TS  0|AC  0|TAMS 0x000000008a400000, 0x000000008a400000|
|  83|0x000000008a500000, 0x000000008a500000, 0x000000008a600000|  0%| F|  |TS  0|AC  0|TAMS 0x000000008a500000, 0x000000008a500000|
|  84|0x000000008a600000, 0x000000008a600000, 0x000000008a700000|  0%| F|  |TS  0|AC  0|TAMS 0x000000008a600000, 0x000000008a600000|
|  85|0x000000008a700000, 0x000000008a700000, 0x000000008a800000|  0%| F|  |TS  0|AC  0|TAMS 0x000000008a700000, 0x000000008a700000|
|  86|0x000000008a800000, 0x000000008a800000, 0x000000008a900000|  0%| F|  |TS  0|AC  0|TAMS 0x000000008a800000, 0x000000008a800000|
|  87|0x000000008a900000, 0x000000008a900000, 0x000000008aa00000|  0%| F|  |TS  0|AC  0|TAMS 0x000000008a900000, 0x000000008a900000|
|  88|0x000000008aa00000, 0x000000008aa00000, 0x000000008ab00000|  0%| F|  |TS  0|AC  0|TAMS 0x000000008aa00000, 0x000000008aa00000|
|  89|0x000000008ab00000, 0x000000008ab00000, 0x000000008ac00000|  0%| F|  |TS  0|AC  0|TAMS 0x000000008ab00000, 0x000000008ab00000|
|  90|0x000000008ac00000, 0x000000008ac00000, 0x000000008ad00000|  0%| F|  |TS  0|AC  0|TAMS 0x000000008ac00000, 0x000000008ac00000|
|  91|0x000000008ad00000, 0x000000008ad00000, 0x000000008ae00000|  0%| F|  |TS  0|AC  0|TAMS 0x000000008ad00000, 0x000000008ad00000|
|  92|0x000000008ae00000, 0x000000008ae00000, 0x000000008af00000|  0%| F|  |TS  0|AC  0|TAMS 0x000000008ae00000, 0x000000008ae00000|
|  93|0x000000008af00000, 0x000000008af00000, 0x000000008b000000|  0%| F|  |TS  0|AC  0|TAMS 0x000000008af00000, 0x000000008af00000|
|  94|0x000000008b000000, 0x000000008b000000, 0x000000008b100000|  0%| F|  |TS  0|AC  0|TAMS 0x000000008b000000, 0x000000008b000000|
|  95|0x000000008b100000, 0x000000008b100000, 0x000000008b200000|  0%| F|  |TS  0|AC  0|TAMS 0x000000008b100000, 0x000000008b100000|
|  96|0x000000008b200000, 0x000000008b200000, 0x000000008b300000|  0%| F|  |TS  0|AC  0|TAMS 0x000000008b200000, 0x000000008b200000|
|  97|0x000000008b300000, 0x000000008b300000, 0x000000008b400000|  0%| F|  |TS  0|AC  0|TAMS 0x000000008b300000, 0x000000008b300000|
|  98|0x000000008b400000, 0x000000008b400000, 0x000000008b500000|  0%| F|  |TS  0|AC  0|TAMS 0x000000008b400000, 0x000000008b400000|
|  99|0x000000008b500000, 0x000000008b500000, 0x000000008b600000|  0%| F|  |TS  0|AC  0|TAMS 0x000000008b500000, 0x000000008b500000|
| 100|0x000000008b600000, 0x000000008b600000, 0x000000008b700000|  0%| F|  |TS  0|AC  0|TAMS 0x000000008b600000, 0x000000008b600000|
| 101|0x000000008b700000, 0x000000008b700000, 0x000000008b800000|  0%| F|  |TS  0|AC  0|TAMS 0x000000008b700000, 0x000000008b700000|
| 102|0x000000008b800000, 0x000000008b800000, 0x000000008b900000|  0%| F|  |TS  0|AC  0|TAMS 0x000000008b800000, 0x000000008b800000|
| 103|0x000000008b900000, 0x000000008b900000, 0x000000008ba00000|  0%| F|  |TS  0|AC  0|TAMS 0x000000008b900000, 0x000000008b900000|
| 104|0x000000008ba00000, 0x000000008ba00000, 0x000000008bb00000|  0%| F|  |TS  0|AC  0|TAMS 0x000000008ba00000, 0x000000008ba00000|
| 105|0x000000008bb00000, 0x000000008bb00000, 0x000000008bc00000|  0%| F|  |TS  0|AC  0|TAMS 0x000000008bb00000, 0x000000008bb00000|
| 106|0x000000008bc00000, 0x000000008bc00000, 0x000000008bd00000|  0%| F|  |TS  0|AC  0|TAMS 0x000000008bc00000, 0x000000008bc00000|
| 107|0x000000008bd00000, 0x000000008bd00000, 0x000000008be00000|  0%| F|  |TS  0|AC  0|TAMS 0x000000008bd00000, 0x000000008bd00000|
| 108|0x000000008be00000, 0x000000008be00000, 0x000000008bf00000|  0%| F|  |TS  0|AC  0|TAMS 0x000000008be00000, 0x000000008be00000|
| 109|0x000000008bf00000, 0x000000008bf00000, 0x000000008c000000|  0%| F|  |TS  0|AC  0|TAMS 0x000000008bf00000, 0x000000008bf00000|
| 110|0x000000008c000000, 0x000000008c000000, 0x000000008c100000|  0%| F|  |TS  0|AC  0|TAMS 0x000000008c000000, 0x000000008c000000|
| 111|0x000000008c100000, 0x000000008c100000, 0x000000008c200000|  0%| F|  |TS  0|AC  0|TAMS 0x000000008c100000, 0x000000008c100000|
| 112|0x000000008c200000, 0x000000008c200000, 0x000000008c300000|  0%| F|  |TS  0|AC  0|TAMS 0x000000008c200000, 0x000000008c200000|
| 113|0x000000008c300000, 0x000000008c300000, 0x000000008c400000|  0%| F|  |TS  0|AC  0|TAMS 0x000000008c300000, 0x000000008c300000|
| 114|0x000000008c400000, 0x000000008c400000, 0x000000008c500000|  0%| F|  |TS  0|AC  0|TAMS 0x000000008c400000, 0x000000008c400000|
| 115|0x000000008c500000, 0x000000008c500000, 0x000000008c600000|  0%| F|  |TS  0|AC  0|TAMS 0x000000008c500000, 0x000000008c500000|
| 116|0x000000008c600000, 0x000000008c600000, 0x000000008c700000|  0%| F|  |TS  0|AC  0|TAMS 0x000000008c600000, 0x000000008c600000|
| 117|0x000000008c700000, 0x000000008c700000, 0x000000008c800000|  0%| F|  |TS  0|AC  0|TAMS 0x000000008c700000, 0x000000008c700000|
| 118|0x000000008c800000, 0x000000008c800000, 0x000000008c900000|  0%| F|  |TS  0|AC  0|TAMS 0x000000008c800000, 0x000000008c800000|
| 119|0x000000008c900000, 0x000000008c900000, 0x000000008ca00000|  0%| F|  |TS  0|AC  0|TAMS 0x000000008c900000, 0x000000008c900000|
| 120|0x000000008ca00000, 0x000000008ca00000, 0x000000008cb00000|  0%| F|  |TS  0|AC  0|TAMS 0x000000008ca00000, 0x000000008ca00000|
| 121|0x000000008cb00000, 0x000000008cb00000, 0x000000008cc00000|  0%| F|  |TS  0|AC  0|TAMS 0x000000008cb00000, 0x000000008cb00000|
| 122|0x000000008cc00000, 0x000000008ccf6478, 0x000000008cd00000| 96%| E|  |TS  0|AC  0|TAMS 0x000000008cc00000, 0x000000008cc00000|
| 123|0x000000008cd00000, 0x000000008ce00000, 0x000000008ce00000|100%| E|CS|TS  0|AC  0|TAMS 0x000000008cd00000, 0x000000008cd00000|

Card table byte_map: [0x00007f5aa5c54000,0x00007f5aa602b000] byte_map_base: 0x00007f5aa582b000

Marking Bits (Prev, Next): (CMBitMap*) 0x00007f5ac005ce80, (CMBitMap*) 0x00007f5ac005ceb8
 Prev Bits: [0x00007f5a86148000, 0x00007f5a88000000)
 Next Bits: [0x00007f5a84290000, 0x00007f5a86148000)

Polling page: 0x00007f5ac78a3000

CodeHeap 'non-profiled nmethods': size=120032Kb used=22Kb max_used=22Kb free=120009Kb
 bounds [0x00007f5aaefcd000, 0x00007f5aaf23d000, 0x00007f5ab6505000]
CodeHeap 'profiled nmethods': size=120028Kb used=139Kb max_used=139Kb free=119888Kb
 bounds [0x00007f5aa7a96000, 0x00007f5aa7d06000, 0x00007f5aaefcd000]
CodeHeap 'non-nmethods': size=5700Kb used=1018Kb max_used=1018Kb free=4681Kb
 bounds [0x00007f5aa7505000, 0x00007f5aa7775000, 0x00007f5aa7a96000]
 total_blobs=467 nmethods=102 adapters=222
 compilation: enabled

Compilation events (10 events):
Event: 0.087 Thread 0x00007f5ac015e800 nmethod 98 0x00007f5aa7ab5c10 code [0x00007f5aa7ab5dc0, 0x00007f5aa7ab5f68]
Event: 0.087 Thread 0x00007f5ac015e800  100       3       java.lang.StringLatin1::lastIndexOf (40 bytes)
Event: 0.087 Thread 0x00007f5ac015e800 nmethod 100 0x00007f5aa7ab6010 code [0x00007f5aa7ab61e0, 0x00007f5aa7ab65f0]
Event: 0.087 Thread 0x00007f5ac015e800   99       3       java.lang.AbstractStringBuilder::append (45 bytes)
Event: 0.087 Thread 0x00007f5ac015e800 nmethod 99 0x00007f5aa7ab6790 code [0x00007f5aa7ab69c0, 0x00007f5aa7ab6f38]
Event: 0.088 Thread 0x00007f5ac015e800  101       3       java.lang.Character::toLowerCase (9 bytes)
Event: 0.088 Thread 0x00007f5ac015e800 nmethod 101 0x00007f5aa7ab7190 code [0x00007f5aa7ab7360, 0x00007f5aa7ab7598]
Event: 0.088 Thread 0x00007f5ac015e800  102       3       java.lang.CharacterDataLatin1::toLowerCase (39 bytes)
Event: 0.088 Thread 0x00007f5ac015e800 nmethod 102 0x00007f5aa7ab7690 code [0x00007f5aa7ab7860, 0x00007f5aa7ab7af0]
Event: 0.091 Thread 0x00007f5ac015e800  103       3       java.util.Arrays::copyOfRange (63 bytes)

GC Heap History (0 events):
No events

Deoptimization events (1 events):
Event: 0.058 Thread 0x00007f5ac0012000 Uncommon trap: reason=unstable_if action=reinterpret pc=0x00007f5aaefd21ec method=java.lang.String.hashCode()I @ 14 c2

Classes redefined (0 events):
No events

Internal exceptions (0 events):
No events

Events (10 events):
Event: 0.086 loading class com/cyberbotics/webots/controller/Mouse
Event: 0.086 loading class com/cyberbotics/webots/controller/Mouse done
Event: 0.087 loading class com/cyberbotics/webots/controller/Camera
Event: 0.087 loading class com/cyberbotics/webots/controller/Camera done
Event: 0.087 loading class com/cyberbotics/webots/controller/Device
Event: 0.087 loading class com/cyberbotics/webots/controller/Device done
Event: 0.088 loading class com/cyberbotics/webots/controller/DistanceSensor
Event: 0.088 loading class com/cyberbotics/webots/controller/DistanceSensor done
Event: 0.088 loading class com/cyberbotics/webots/controller/Motion
Event: 0.088 loading class com/cyberbotics/webots/controller/Motion done


Dynamic libraries:
85200000-8ce00000 rw-p 00000000 00:00 0 
8ce00000-100000000 ---p 00000000 00:00 0 
100000000-100080000 rw-p 00000000 00:00 0 
100080000-140000000 ---p 00000000 00:00 0 
55dff987e000-55dff987f000 r-xp 00000000 08:01 23598097                   /usr/lib/jvm/java-11-openjdk-amd64/bin/java
55dff9a7f000-55dff9a80000 r--p 00001000 08:01 23598097                   /usr/lib/jvm/java-11-openjdk-amd64/bin/java
55dff9a80000-55dff9a81000 rw-p 00002000 08:01 23598097                   /usr/lib/jvm/java-11-openjdk-amd64/bin/java
55dffa79d000-55dffa7be000 rw-p 00000000 00:00 0                          [heap]
7f5a1b74e000-7f5a1b759000 r-xp 00000000 08:01 27920412                   /home/pc/Downloads/webots/lib/libjbig.so.0
7f5a1b759000-7f5a1b958000 ---p 0000b000 08:01 27920412                   /home/pc/Downloads/webots/lib/libjbig.so.0
7f5a1b958000-7f5a1b959000 r--p 0000a000 08:01 27920412                   /home/pc/Downloads/webots/lib/libjbig.so.0
7f5a1b959000-7f5a1b95c000 rw-p 0000b000 08:01 27920412                   /home/pc/Downloads/webots/lib/libjbig.so.0
7f5a1b95c000-7f5a1b980000 r-xp 00000000 08:01 14684814                   /lib/x86_64-linux-gnu/liblzma.so.5.2.2
7f5a1b980000-7f5a1bb80000 ---p 00024000 08:01 14684814                   /lib/x86_64-linux-gnu/liblzma.so.5.2.2
7f5a1bb80000-7f5a1bb81000 r--p 00024000 08:01 14684814                   /lib/x86_64-linux-gnu/liblzma.so.5.2.2
7f5a1bb81000-7f5a1bb82000 rw-p 00025000 08:01 14684814                   /lib/x86_64-linux-gnu/liblzma.so.5.2.2
7f5a1bb82000-7f5a1bba6000 r-xp 00000000 08:01 27920444                   /home/pc/Downloads/webots/lib/libpng12.so.0
7f5a1bba6000-7f5a1bda5000 ---p 00024000 08:01 27920444                   /home/pc/Downloads/webots/lib/libpng12.so.0
7f5a1bda5000-7f5a1bda6000 r--p 00023000 08:01 27920444                   /home/pc/Downloads/webots/lib/libpng12.so.0
7f5a1bda6000-7f5a1bda7000 rw-p 00024000 08:01 27920444                   /home/pc/Downloads/webots/lib/libpng12.so.0
7f5a1bda7000-7f5a1bdfe000 r-xp 00000000 08:01 27920405                   /home/pc/Downloads/webots/lib/libjpeg.so.8
7f5a1bdfe000-7f5a1bffe000 ---p 00057000 08:01 27920405                   /home/pc/Downloads/webots/lib/libjpeg.so.8
7f5a1bffe000-7f5a1bfff000 r--p 00057000 08:01 27920405                   /home/pc/Downloads/webots/lib/libjpeg.so.8
7f5a1bfff000-7f5a1c000000 rw-p 00058000 08:01 27920405                   /home/pc/Downloads/webots/lib/libjpeg.so.8
7f5a1c000000-7f5a1c021000 rw-p 00000000 00:00 0 
7f5a1c021000-7f5a20000000 ---p 00000000 00:00 0 
7f5a20000000-7f5a20021000 rw-p 00000000 00:00 0 
7f5a20021000-7f5a24000000 ---p 00000000 00:00 0 
7f5a24000000-7f5a24021000 rw-p 00000000 00:00 0 
7f5a24021000-7f5a28000000 ---p 00000000 00:00 0 
7f5a28000000-7f5a28021000 rw-p 00000000 00:00 0 
7f5a28021000-7f5a2c000000 ---p 00000000 00:00 0 
7f5a2c000000-7f5a2c021000 rw-p 00000000 00:00 0 
7f5a2c021000-7f5a30000000 ---p 00000000 00:00 0 
7f5a30000000-7f5a3006e000 rw-p 00000000 00:00 0 
7f5a3006e000-7f5a34000000 ---p 00000000 00:00 0 
7f5a34000000-7f5a34056000 rw-p 00000000 00:00 0 
7f5a34056000-7f5a38000000 ---p 00000000 00:00 0 
7f5a38000000-7f5a38032000 rw-p 00000000 00:00 0 
7f5a38032000-7f5a3c000000 ---p 00000000 00:00 0 
7f5a3c000000-7f5a3c021000 rw-p 00000000 00:00 0 
7f5a3c021000-7f5a40000000 ---p 00000000 00:00 0 
7f5a40000000-7f5a40021000 rw-p 00000000 00:00 0 
7f5a40021000-7f5a44000000 ---p 00000000 00:00 0 
7f5a44000000-7f5a44021000 rw-p 00000000 00:00 0 
7f5a44021000-7f5a48000000 ---p 00000000 00:00 0 
7f5a48000000-7f5a48021000 rw-p 00000000 00:00 0 
7f5a48021000-7f5a4c000000 ---p 00000000 00:00 0 
7f5a4c000000-7f5a4c021000 rw-p 00000000 00:00 0 
7f5a4c021000-7f5a50000000 ---p 00000000 00:00 0 
7f5a50000000-7f5a50021000 rw-p 00000000 00:00 0 
7f5a50021000-7f5a54000000 ---p 00000000 00:00 0 
7f5a54000000-7f5a54021000 rw-p 00000000 00:00 0 
7f5a54021000-7f5a58000000 ---p 00000000 00:00 0 
7f5a58000000-7f5a58021000 rw-p 00000000 00:00 0 
7f5a58021000-7f5a5c000000 ---p 00000000 00:00 0 
7f5a5c000000-7f5a5c021000 rw-p 00000000 00:00 0 
7f5a5c021000-7f5a60000000 ---p 00000000 00:00 0 
7f5a60000000-7f5a60021000 rw-p 00000000 00:00 0 
7f5a60021000-7f5a64000000 ---p 00000000 00:00 0 
7f5a64000000-7f5a64021000 rw-p 00000000 00:00 0 
7f5a64021000-7f5a68000000 ---p 00000000 00:00 0 
7f5a68000000-7f5a68021000 rw-p 00000000 00:00 0 
7f5a68021000-7f5a6c000000 ---p 00000000 00:00 0 
7f5a6c000000-7f5a6c021000 rw-p 00000000 00:00 0 
7f5a6c021000-7f5a70000000 ---p 00000000 00:00 0 
7f5a70061000-7f5a700d2000 r-xp 00000000 08:01 27920407                   /home/pc/Downloads/webots/lib/libtiff.so.5
7f5a700d2000-7f5a702d2000 ---p 00071000 08:01 27920407                   /home/pc/Downloads/webots/lib/libtiff.so.5
7f5a702d2000-7f5a702d3000 r--p 00071000 08:01 27920407                   /home/pc/Downloads/webots/lib/libtiff.so.5
7f5a702d3000-7f5a702d6000 rw-p 00072000 08:01 27920407                   /home/pc/Downloads/webots/lib/libtiff.so.5
7f5a702d6000-7f5a70322000 r-xp 00000000 08:01 27920416                   /home/pc/Downloads/webots/lib/libController.so
7f5a70322000-7f5a70521000 ---p 0004c000 08:01 27920416                   /home/pc/Downloads/webots/lib/libController.so
7f5a70521000-7f5a70522000 r--p 0004b000 08:01 27920416                   /home/pc/Downloads/webots/lib/libController.so
7f5a70522000-7f5a70523000 rw-p 0004c000 08:01 27920416                   /home/pc/Downloads/webots/lib/libController.so
7f5a70523000-7f5a70524000 rw-p 00000000 00:00 0 
7f5a70524000-7f5a7055e000 r-xp 00000000 08:01 27920467                   /home/pc/Downloads/webots/lib/libCppController.so
7f5a7055e000-7f5a7075d000 ---p 0003a000 08:01 27920467                   /home/pc/Downloads/webots/lib/libCppController.so
7f5a7075d000-7f5a7075f000 r--p 00039000 08:01 27920467                   /home/pc/Downloads/webots/lib/libCppController.so
7f5a7075f000-7f5a70761000 rw-p 0003b000 08:01 27920467                   /home/pc/Downloads/webots/lib/libCppController.so
7f5a70761000-7f5a7079d000 r-xp 00000000 08:01 27920367                   /home/pc/Downloads/webots/lib/java/libJavaController.so
7f5a7079d000-7f5a7099c000 ---p 0003c000 08:01 27920367                   /home/pc/Downloads/webots/lib/java/libJavaController.so
7f5a7099c000-7f5a7099d000 r--p 0003b000 08:01 27920367                   /home/pc/Downloads/webots/lib/java/libJavaController.so
7f5a7099d000-7f5a7099e000 rw-p 0003c000 08:01 27920367                   /home/pc/Downloads/webots/lib/java/libJavaController.so
7f5a7099e000-7f5a709b5000 r-xp 00000000 08:01 23598500                   /usr/lib/jvm/java-11-openjdk-amd64/lib/libnet.so
7f5a709b5000-7f5a70bb4000 ---p 00017000 08:01 23598500                   /usr/lib/jvm/java-11-openjdk-amd64/lib/libnet.so
7f5a70bb4000-7f5a70bb5000 r--p 00016000 08:01 23598500                   /usr/lib/jvm/java-11-openjdk-amd64/lib/libnet.so
7f5a70bb5000-7f5a70bb6000 rw-p 00017000 08:01 23598500                   /usr/lib/jvm/java-11-openjdk-amd64/lib/libnet.so
7f5a70bb6000-7f5a70bc7000 r-xp 00000000 08:01 23598501                   /usr/lib/jvm/java-11-openjdk-amd64/lib/libnio.so
7f5a70bc7000-7f5a70dc6000 ---p 00011000 08:01 23598501                   /usr/lib/jvm/java-11-openjdk-amd64/lib/libnio.so
7f5a70dc6000-7f5a70dc7000 r--p 00010000 08:01 23598501                   /usr/lib/jvm/java-11-openjdk-amd64/lib/libnio.so
7f5a70dc7000-7f5a70dc8000 rw-p 00011000 08:01 23598501                   /usr/lib/jvm/java-11-openjdk-amd64/lib/libnio.so
7f5a70dc8000-7f5a70dcc000 ---p 00000000 00:00 0 
7f5a70dcc000-7f5a70ec9000 rw-p 00000000 00:00 0 
7f5a70ec9000-7f5a70eca000 ---p 00000000 00:00 0 
7f5a70eca000-7f5a70fcb000 rw-p 00000000 00:00 0 
7f5a70fcb000-7f5a70fcf000 ---p 00000000 00:00 0 
7f5a70fcf000-7f5a710cc000 rw-p 00000000 00:00 0 
7f5a710cc000-7f5a710d0000 ---p 00000000 00:00 0 
7f5a710d0000-7f5a711cd000 rw-p 00000000 00:00 0 
7f5a711cd000-7f5a711d1000 ---p 00000000 00:00 0 
7f5a711d1000-7f5a712ce000 rw-p 00000000 00:00 0 
7f5a712ce000-7f5a712d2000 ---p 00000000 00:00 0 
7f5a712d2000-7f5a713cf000 rw-p 00000000 00:00 0 
7f5a713cf000-7f5a713d3000 ---p 00000000 00:00 0 
7f5a713d3000-7f5a714d0000 rw-p 00000000 00:00 0 
7f5a714d0000-7f5a71800000 r--p 00000000 08:01 23598983                   /usr/lib/locale/locale-archive
7f5a71800000-7f5a71c80000 rw-p 00000000 00:00 0 
7f5a71c80000-7f5a72000000 ---p 00000000 00:00 0 
7f5a72000000-7f5a74000000 rw-p 00000000 00:00 0 
7f5a74000000-7f5a74021000 rw-p 00000000 00:00 0 
7f5a74021000-7f5a78000000 ---p 00000000 00:00 0 
7f5a78000000-7f5a78021000 rw-p 00000000 00:00 0 
7f5a78021000-7f5a7c000000 ---p 00000000 00:00 0 
7f5a7c000000-7f5a7c021000 rw-p 00000000 00:00 0 
7f5a7c021000-7f5a80000000 ---p 00000000 00:00 0 
7f5a80000000-7f5a80021000 rw-p 00000000 00:00 0 
7f5a80021000-7f5a84000000 ---p 00000000 00:00 0 
7f5a8408e000-7f5a84092000 ---p 00000000 00:00 0 
7f5a84092000-7f5a8418f000 rw-p 00000000 00:00 0 
7f5a8418f000-7f5a84193000 ---p 00000000 00:00 0 
7f5a84193000-7f5a84480000 rw-p 00000000 00:00 0 
7f5a84480000-7f5a86148000 ---p 00000000 00:00 0 
7f5a86148000-7f5a86338000 rw-p 00000000 00:00 0 
7f5a86338000-7f5a88000000 ---p 00000000 00:00 0 
7f5a88000000-7f5a88021000 rw-p 00000000 00:00 0 
7f5a88021000-7f5a8c000000 ---p 00000000 00:00 0 
7f5a8c000000-7f5a8c021000 rw-p 00000000 00:00 0 
7f5a8c021000-7f5a90000000 ---p 00000000 00:00 0 
7f5a90000000-7f5a90021000 rw-p 00000000 00:00 0 
7f5a90021000-7f5a94000000 ---p 00000000 00:00 0 
7f5a94000000-7f5a94021000 rw-p 00000000 00:00 0 
7f5a94021000-7f5a98000000 ---p 00000000 00:00 0 
7f5a98000000-7f5a98021000 rw-p 00000000 00:00 0 
7f5a98021000-7f5a9c000000 ---p 00000000 00:00 0 
7f5a9c000000-7f5a9c021000 rw-p 00000000 00:00 0 
7f5a9c021000-7f5aa0000000 ---p 00000000 00:00 0 
7f5aa0000000-7f5aa0021000 rw-p 00000000 00:00 0 
7f5aa0021000-7f5aa4000000 ---p 00000000 00:00 0 
7f5aa40e3000-7f5aa40e7000 ---p 00000000 00:00 0 
7f5aa40e7000-7f5aa41e4000 rw-p 00000000 00:00 0 
7f5aa41e4000-7f5aa41e8000 ---p 00000000 00:00 0 
7f5aa41e8000-7f5aa42e5000 rw-p 00000000 00:00 0 
7f5aa42e5000-7f5aa42e6000 ---p 00000000 00:00 0 
7f5aa42e6000-7f5aa445d000 rw-p 00000000 00:00 0 
7f5aa445d000-7f5aa445e000 ---p 00000000 00:00 0 
7f5aa445e000-7f5aa455f000 rw-p 00000000 00:00 0 
7f5aa455f000-7f5aa4560000 ---p 00000000 00:00 0 
7f5aa4560000-7f5aa4661000 rw-p 00000000 00:00 0 
7f5aa4661000-7f5aa4662000 ---p 00000000 00:00 0 
7f5aa4662000-7f5aa4763000 rw-p 00000000 00:00 0 
7f5aa4763000-7f5aa4764000 ---p 00000000 00:00 0 
7f5aa4764000-7f5aa4865000 rw-p 00000000 00:00 0 
7f5aa4865000-7f5aa4866000 ---p 00000000 00:00 0 
7f5aa4866000-7f5aa4967000 rw-p 00000000 00:00 0 
7f5aa4967000-7f5aa4968000 ---p 00000000 00:00 0 
7f5aa4968000-7f5aa4a69000 rw-p 00000000 00:00 0 
7f5aa4a69000-7f5aa4a6a000 ---p 00000000 00:00 0 
7f5aa4a6a000-7f5aa4b6b000 rw-p 00000000 00:00 0 
7f5aa4b6b000-7f5aa4b6c000 ---p 00000000 00:00 0 
7f5aa4b6c000-7f5aa4c6d000 rw-p 00000000 00:00 0 
7f5aa4c6d000-7f5aa4c6e000 ---p 00000000 00:00 0 
7f5aa4c6e000-7f5aa5577000 rw-p 00000000 00:00 0 
7f5aa5577000-7f5aa5578000 ---p 00000000 00:00 0 
7f5aa5578000-7f5aa5679000 rw-p 00000000 00:00 0 
7f5aa5679000-7f5aa567a000 ---p 00000000 00:00 0 
7f5aa567a000-7f5aa577b000 rw-p 00000000 00:00 0 
7f5aa577b000-7f5aa577c000 ---p 00000000 00:00 0 
7f5aa577c000-7f5aa58bb000 rw-p 00000000 00:00 0 
7f5aa58bb000-7f5aa5c54000 ---p 00000000 00:00 0 
7f5aa5c54000-7f5aa5c92000 rw-p 00000000 00:00 0 
7f5aa5c92000-7f5aa602b000 ---p 00000000 00:00 0 
7f5aa602b000-7f5aa6069000 rw-p 00000000 00:00 0 
7f5aa6069000-7f5aa6402000 ---p 00000000 00:00 0 
7f5aa6402000-7f5aa6c0a000 rw-p 00000000 00:00 0 
7f5aa6c0a000-7f5aa6c0b000 ---p 00000000 00:00 0 
7f5aa6c0b000-7f5aa6d0c000 rw-p 00000000 00:00 0 
7f5aa6d0c000-7f5aa6d0d000 ---p 00000000 00:00 0 
7f5aa6d0d000-7f5aa6e0e000 rw-p 00000000 00:00 0 
7f5aa6e0e000-7f5aa6e0f000 ---p 00000000 00:00 0 
7f5aa6e0f000-7f5aa6f10000 rw-p 00000000 00:00 0 
7f5aa6f10000-7f5aa6f11000 ---p 00000000 00:00 0 
7f5aa6f11000-7f5aa7012000 rw-p 00000000 00:00 0 
7f5aa7012000-7f5aa7013000 ---p 00000000 00:00 0 
7f5aa7013000-7f5aa7114000 rw-p 00000000 00:00 0 
7f5aa7114000-7f5aa7115000 ---p 00000000 00:00 0 
7f5aa7115000-7f5aa7216000 rw-p 00000000 00:00 0 
7f5aa7216000-7f5aa7217000 ---p 00000000 00:00 0 
7f5aa7217000-7f5aa7318000 rw-p 00000000 00:00 0 
7f5aa7318000-7f5aa7319000 ---p 00000000 00:00 0 
7f5aa7319000-7f5aa741f000 rw-p 00000000 00:00 0 
7f5aa741f000-7f5aa7505000 ---p 00000000 00:00 0 
7f5aa7505000-7f5aa7775000 rwxp 00000000 00:00 0 
7f5aa7775000-7f5aa7a96000 ---p 00000000 00:00 0 
7f5aa7a96000-7f5aa7d06000 rwxp 00000000 00:00 0 
7f5aa7d06000-7f5aaefcd000 ---p 00000000 00:00 0 
7f5aaefcd000-7f5aaf23d000 rwxp 00000000 00:00 0 
7f5aaf23d000-7f5ab6505000 ---p 00000000 00:00 0 
7f5ab6505000-7f5abf9e0000 r--s 00000000 08:01 23598511                   /usr/lib/jvm/java-11-openjdk-amd64/lib/modules
7f5abf9e0000-7f5abf9e5000 r-xp 00000000 08:01 23598491                   /usr/lib/jvm/java-11-openjdk-amd64/lib/libjimage.so
7f5abf9e5000-7f5abfbe4000 ---p 00005000 08:01 23598491                   /usr/lib/jvm/java-11-openjdk-amd64/lib/libjimage.so
7f5abfbe4000-7f5abfbe5000 r--p 00004000 08:01 23598491                   /usr/lib/jvm/java-11-openjdk-amd64/lib/libjimage.so
7f5abfbe5000-7f5abfbe6000 rw-p 00005000 08:01 23598491                   /usr/lib/jvm/java-11-openjdk-amd64/lib/libjimage.so
7f5abfbe6000-7f5abfbed000 r-xp 00000000 08:01 23598510                   /usr/lib/jvm/java-11-openjdk-amd64/lib/libzip.so
7f5abfbed000-7f5abfdec000 ---p 00007000 08:01 23598510                   /usr/lib/jvm/java-11-openjdk-amd64/lib/libzip.so
7f5abfdec000-7f5abfded000 r--p 00006000 08:01 23598510                   /usr/lib/jvm/java-11-openjdk-amd64/lib/libzip.so
7f5abfded000-7f5abfdee000 rw-p 00007000 08:01 23598510                   /usr/lib/jvm/java-11-openjdk-amd64/lib/libzip.so
7f5abfdee000-7f5abfdf9000 r-xp 00000000 08:01 14684844                   /lib/x86_64-linux-gnu/libnss_files-2.27.so
7f5abfdf9000-7f5abfff8000 ---p 0000b000 08:01 14684844                   /lib/x86_64-linux-gnu/libnss_files-2.27.so
7f5abfff8000-7f5abfff9000 r--p 0000a000 08:01 14684844                   /lib/x86_64-linux-gnu/libnss_files-2.27.so
7f5abfff9000-7f5abfffa000 rw-p 0000b000 08:01 14684844                   /lib/x86_64-linux-gnu/libnss_files-2.27.so
7f5abfffa000-7f5ac0000000 rw-p 00000000 00:00 0 
7f5ac0000000-7f5ac028e000 rw-p 00000000 00:00 0 
7f5ac028e000-7f5ac4000000 ---p 00000000 00:00 0 
7f5ac400a000-7f5ac40c3000 rw-p 00000000 00:00 0 
7f5ac40c3000-7f5ac41a9000 ---p 00000000 00:00 0 
7f5ac41a9000-7f5ac41c0000 r-xp 00000000 08:01 14684838                   /lib/x86_64-linux-gnu/libnsl-2.27.so
7f5ac41c0000-7f5ac43bf000 ---p 00017000 08:01 14684838                   /lib/x86_64-linux-gnu/libnsl-2.27.so
7f5ac43bf000-7f5ac43c0000 r--p 00016000 08:01 14684838                   /lib/x86_64-linux-gnu/libnsl-2.27.so
7f5ac43c0000-7f5ac43c1000 rw-p 00017000 08:01 14684838                   /lib/x86_64-linux-gnu/libnsl-2.27.so
7f5ac43c1000-7f5ac43c3000 rw-p 00000000 00:00 0 
7f5ac43c3000-7f5ac43ce000 r-xp 00000000 08:01 14684855                   /lib/x86_64-linux-gnu/libnss_nis-2.27.so
7f5ac43ce000-7f5ac45cd000 ---p 0000b000 08:01 14684855                   /lib/x86_64-linux-gnu/libnss_nis-2.27.so
7f5ac45cd000-7f5ac45ce000 r--p 0000a000 08:01 14684855                   /lib/x86_64-linux-gnu/libnss_nis-2.27.so
7f5ac45ce000-7f5ac45cf000 rw-p 0000b000 08:01 14684855                   /lib/x86_64-linux-gnu/libnss_nis-2.27.so
7f5ac45cf000-7f5ac45d7000 r-xp 00000000 08:01 14684840                   /lib/x86_64-linux-gnu/libnss_compat-2.27.so
7f5ac45d7000-7f5ac47d7000 ---p 00008000 08:01 14684840                   /lib/x86_64-linux-gnu/libnss_compat-2.27.so
7f5ac47d7000-7f5ac47d8000 r--p 00008000 08:01 14684840                   /lib/x86_64-linux-gnu/libnss_compat-2.27.so
7f5ac47d8000-7f5ac47d9000 rw-p 00009000 08:01 14684840                   /lib/x86_64-linux-gnu/libnss_compat-2.27.so
7f5ac47d9000-7f5ac4805000 r-xp 00000000 08:01 23598487                   /usr/lib/jvm/java-11-openjdk-amd64/lib/libjava.so
7f5ac4805000-7f5ac4a04000 ---p 0002c000 08:01 23598487                   /usr/lib/jvm/java-11-openjdk-amd64/lib/libjava.so
7f5ac4a04000-7f5ac4a05000 r--p 0002b000 08:01 23598487                   /usr/lib/jvm/java-11-openjdk-amd64/lib/libjava.so
7f5ac4a05000-7f5ac4a07000 rw-p 0002c000 08:01 23598487                   /usr/lib/jvm/java-11-openjdk-amd64/lib/libjava.so
7f5ac4a07000-7f5ac4a14000 r-xp 00000000 08:01 23598509                   /usr/lib/jvm/java-11-openjdk-amd64/lib/libverify.so
7f5ac4a14000-7f5ac4c13000 ---p 0000d000 08:01 23598509                   /usr/lib/jvm/java-11-openjdk-amd64/lib/libverify.so
7f5ac4c13000-7f5ac4c15000 r--p 0000c000 08:01 23598509                   /usr/lib/jvm/java-11-openjdk-amd64/lib/libverify.so
7f5ac4c15000-7f5ac4c16000 rw-p 0000e000 08:01 23598509                   /usr/lib/jvm/java-11-openjdk-amd64/lib/libverify.so
7f5ac4c16000-7f5ac4c1d000 r-xp 00000000 08:01 14684895                   /lib/x86_64-linux-gnu/librt-2.27.so
7f5ac4c1d000-7f5ac4e1c000 ---p 00007000 08:01 14684895                   /lib/x86_64-linux-gnu/librt-2.27.so
7f5ac4e1c000-7f5ac4e1d000 r--p 00006000 08:01 14684895                   /lib/x86_64-linux-gnu/librt-2.27.so
7f5ac4e1d000-7f5ac4e1e000 rw-p 00007000 08:01 14684895                   /lib/x86_64-linux-gnu/librt-2.27.so
7f5ac4e1e000-7f5ac4e35000 r-xp 00000000 08:01 14684791                   /lib/x86_64-linux-gnu/libgcc_s.so.1
7f5ac4e35000-7f5ac5034000 ---p 00017000 08:01 14684791                   /lib/x86_64-linux-gnu/libgcc_s.so.1
7f5ac5034000-7f5ac5035000 r--p 00016000 08:01 14684791                   /lib/x86_64-linux-gnu/libgcc_s.so.1
7f5ac5035000-7f5ac5036000 rw-p 00017000 08:01 14684791                   /lib/x86_64-linux-gnu/libgcc_s.so.1
7f5ac5036000-7f5ac51d3000 r-xp 00000000 08:01 14684817                   /lib/x86_64-linux-gnu/libm-2.27.so
7f5ac51d3000-7f5ac53d2000 ---p 0019d000 08:01 14684817                   /lib/x86_64-linux-gnu/libm-2.27.so
7f5ac53d2000-7f5ac53d3000 r--p 0019c000 08:01 14684817                   /lib/x86_64-linux-gnu/libm-2.27.so
7f5ac53d3000-7f5ac53d4000 rw-p 0019d000 08:01 14684817                   /lib/x86_64-linux-gnu/libm-2.27.so
7f5ac53d4000-7f5ac554d000 r-xp 00000000 08:01 23601225                   /usr/lib/x86_64-linux-gnu/libstdc++.so.6.0.25
7f5ac554d000-7f5ac574d000 ---p 00179000 08:01 23601225                   /usr/lib/x86_64-linux-gnu/libstdc++.so.6.0.25
7f5ac574d000-7f5ac5757000 r--p 00179000 08:01 23601225                   /usr/lib/x86_64-linux-gnu/libstdc++.so.6.0.25
7f5ac5757000-7f5ac5759000 rw-p 00183000 08:01 23601225                   /usr/lib/x86_64-linux-gnu/libstdc++.so.6.0.25
7f5ac5759000-7f5ac575d000 rw-p 00000000 00:00 0 
7f5ac575d000-7f5ac66fa000 r-xp 00000000 08:01 23598523                   /usr/lib/jvm/java-11-openjdk-amd64/lib/server/libjvm.so
7f5ac66fa000-7f5ac68fa000 ---p 00f9d000 08:01 23598523                   /usr/lib/jvm/java-11-openjdk-amd64/lib/server/libjvm.so
7f5ac68fa000-7f5ac69be000 r--p 00f9d000 08:01 23598523                   /usr/lib/jvm/java-11-openjdk-amd64/lib/server/libjvm.so
7f5ac69be000-7f5ac69f6000 rw-p 01061000 08:01 23598523                   /usr/lib/jvm/java-11-openjdk-amd64/lib/server/libjvm.so
7f5ac69f6000-7f5ac6a3f000 rw-p 00000000 00:00 0 
7f5ac6a3f000-7f5ac6a59000 r-xp 00000000 08:01 14684887                   /lib/x86_64-linux-gnu/libpthread-2.27.so
7f5ac6a59000-7f5ac6c58000 ---p 0001a000 08:01 14684887                   /lib/x86_64-linux-gnu/libpthread-2.27.so
7f5ac6c58000-7f5ac6c59000 r--p 00019000 08:01 14684887                   /lib/x86_64-linux-gnu/libpthread-2.27.so
7f5ac6c59000-7f5ac6c5a000 rw-p 0001a000 08:01 14684887                   /lib/x86_64-linux-gnu/libpthread-2.27.so
7f5ac6c5a000-7f5ac6c5e000 rw-p 00000000 00:00 0 
7f5ac6c5e000-7f5ac6c61000 r-xp 00000000 08:01 14684777                   /lib/x86_64-linux-gnu/libdl-2.27.so
7f5ac6c61000-7f5ac6e60000 ---p 00003000 08:01 14684777                   /lib/x86_64-linux-gnu/libdl-2.27.so
7f5ac6e60000-7f5ac6e61000 r--p 00002000 08:01 14684777                   /lib/x86_64-linux-gnu/libdl-2.27.so
7f5ac6e61000-7f5ac6e62000 rw-p 00003000 08:01 14684777                   /lib/x86_64-linux-gnu/libdl-2.27.so
7f5ac6e62000-7f5ac6e7e000 r-xp 00000000 08:01 14684928                   /lib/x86_64-linux-gnu/libz.so.1.2.11
7f5ac6e7e000-7f5ac707d000 ---p 0001c000 08:01 14684928                   /lib/x86_64-linux-gnu/libz.so.1.2.11
7f5ac707d000-7f5ac707e000 r--p 0001b000 08:01 14684928                   /lib/x86_64-linux-gnu/libz.so.1.2.11
7f5ac707e000-7f5ac707f000 rw-p 0001c000 08:01 14684928                   /lib/x86_64-linux-gnu/libz.so.1.2.11
7f5ac707f000-7f5ac7266000 r-xp 00000000 08:01 14684754                   /lib/x86_64-linux-gnu/libc-2.27.so
7f5ac7266000-7f5ac7466000 ---p 001e7000 08:01 14684754                   /lib/x86_64-linux-gnu/libc-2.27.so
7f5ac7466000-7f5ac746a000 r--p 001e7000 08:01 14684754                   /lib/x86_64-linux-gnu/libc-2.27.so
7f5ac746a000-7f5ac746c000 rw-p 001eb000 08:01 14684754                   /lib/x86_64-linux-gnu/libc-2.27.so
7f5ac746c000-7f5ac7470000 rw-p 00000000 00:00 0 
7f5ac7470000-7f5ac747f000 r-xp 00000000 08:01 23598516                   /usr/lib/jvm/java-11-openjdk-amd64/lib/jli/libjli.so
7f5ac747f000-7f5ac767e000 ---p 0000f000 08:01 23598516                   /usr/lib/jvm/java-11-openjdk-amd64/lib/jli/libjli.so
7f5ac767e000-7f5ac767f000 r--p 0000e000 08:01 23598516                   /usr/lib/jvm/java-11-openjdk-amd64/lib/jli/libjli.so
7f5ac767f000-7f5ac7680000 rw-p 0000f000 08:01 23598516                   /usr/lib/jvm/java-11-openjdk-amd64/lib/jli/libjli.so
7f5ac7680000-7f5ac76a7000 r-xp 00000000 08:01 14684726                   /lib/x86_64-linux-gnu/ld-2.27.so
7f5ac76cc000-7f5ac778a000 rw-p 00000000 00:00 0 
7f5ac778a000-7f5ac778e000 ---p 00000000 00:00 0 
7f5ac778e000-7f5ac7894000 rw-p 00000000 00:00 0 
7f5ac7894000-7f5ac789b000 ---p 00000000 00:00 0 
7f5ac789b000-7f5ac78a3000 rw-s 00000000 08:01 28966955                   /tmp/hsperfdata_pc/7996
7f5ac78a3000-7f5ac78a4000 ---p 00000000 00:00 0 
7f5ac78a4000-7f5ac78a5000 r--p 00000000 00:00 0 
7f5ac78a5000-7f5ac78a7000 rw-p 00000000 00:00 0 
7f5ac78a7000-7f5ac78a8000 r--p 00027000 08:01 14684726                   /lib/x86_64-linux-gnu/ld-2.27.so
7f5ac78a8000-7f5ac78a9000 rw-p 00028000 08:01 14684726                   /lib/x86_64-linux-gnu/ld-2.27.so
7f5ac78a9000-7f5ac78aa000 rw-p 00000000 00:00 0 
7ffdb519e000-7ffdb51c0000 rw-p 00000000 00:00 0                          [stack]
7ffdb51e3000-7ffdb51e6000 r--p 00000000 00:00 0                          [vvar]
7ffdb51e6000-7ffdb51e8000 r-xp 00000000 00:00 0                          [vdso]
ffffffffff600000-ffffffffff601000 r-xp 00000000 00:00 0                  [vsyscall]


VM Arguments:
jvm_args: -Djava.library.path=/home/pc/Downloads/webots/lib/java 
java_command: SensorController
java_class_path (initial): /home/pc/Downloads/webots/lib/java/Controller.jar:/home/pc/Dokumente/my_project/controllers/SensorController/
Launcher Type: SUN_STANDARD

Logging:
Log output configuration:
#0: stdout all=warning uptime,level,tags
#1: stderr all=off uptime,level,tags

Environment Variables:
PATH=/usr/local/sbin:/usr/local/bin:/usr/sbin:/usr/bin:/sbin:/bin:/usr/games:/usr/local/games
LD_LIBRARY_PATH=/home/pc/Downloads/webots/projects/default/libraries/vehicle:/home/pc/Downloads/webots/projects/default/libraries/ros:/home/pc/Downloads/webots/resources/projects/libraries/qt_utils:/home/pc/Dokumente/my_project/controllers/SensorController/:/home/pc/Downloads/webots/lib/:/tmp/webots-7861/lib:
SHELL=/bin/bash
DISPLAY=:0

Signal Handlers:
SIGSEGV: [libjvm.so+0xd28b70], sa_mask[0]=11111111011111111101111111111110, sa_flags=SA_RESTART|SA_SIGINFO
SIGBUS: [libjvm.so+0xd28b70], sa_mask[0]=11111111011111111101111111111110, sa_flags=SA_RESTART|SA_SIGINFO
SIGFPE: [libjvm.so+0xd28b70], sa_mask[0]=11111111011111111101111111111110, sa_flags=SA_RESTART|SA_SIGINFO
SIGPIPE: [libjvm.so+0xb2a1f0], sa_mask[0]=11111111011111111101111111111110, sa_flags=SA_RESTART|SA_SIGINFO
SIGXFSZ: [libjvm.so+0xb2a1f0], sa_mask[0]=11111111011111111101111111111110, sa_flags=SA_RESTART|SA_SIGINFO
SIGILL: [libjvm.so+0xd28b70], sa_mask[0]=11111111011111111101111111111110, sa_flags=SA_RESTART|SA_SIGINFO
SIGUSR2: [libjvm.so+0xb2a030], sa_mask[0]=00000000000000000000000000000000, sa_flags=SA_RESTART|SA_SIGINFO
SIGHUP: [libjvm.so+0xb2a180], sa_mask[0]=11111111011111111101111111111110, sa_flags=SA_RESTART|SA_SIGINFO
SIGINT: [libjvm.so+0xb2a180], sa_mask[0]=11111111011111111101111111111110, sa_flags=SA_RESTART|SA_SIGINFO
SIGTERM: [libjvm.so+0xb2a180], sa_mask[0]=11111111011111111101111111111110, sa_flags=SA_RESTART|SA_SIGINFO
SIGQUIT: [libjvm.so+0xb2a180], sa_mask[0]=11111111011111111101111111111110, sa_flags=SA_RESTART|SA_SIGINFO


---------------  S Y S T E M  ---------------

OS:DISTRIB_ID=LinuxMint
DISTRIB_RELEASE=19.1
DISTRIB_CODENAME=tessa
DISTRIB_DESCRIPTION="Linux Mint 19.1 Tessa"
uname:Linux 4.15.0-20-generic #21-Ubuntu SMP Tue Apr 24 06:16:15 UTC 2018 x86_64
libc:glibc 2.27 NPTL 2.27 
rlimit: STACK 8192k, CORE 0k, NPROC 31207, NOFILE 4096, AS infinity, DATA infinity, FSIZE infinity
load average:0.22 0.35 0.53

/proc/meminfo:
MemTotal:        8051996 kB
MemFree:         4551236 kB
MemAvailable:    5659372 kB
Buffers:          110904 kB
Cached:          2023400 kB
SwapCached:            0 kB
Active:          1802752 kB
Inactive:        1460604 kB
Active(anon):    1130368 kB
Inactive(anon):   854588 kB
Active(file):     672384 kB
Inactive(file):   606016 kB
Unevictable:          32 kB
Mlocked:              32 kB
SwapTotal:       2097148 kB
SwapFree:        2097148 kB
Dirty:               244 kB
Writeback:             0 kB
AnonPages:       1129236 kB
Mapped:           543828 kB
Shmem:            855908 kB
Slab:             143736 kB
SReclaimable:      97940 kB
SUnreclaim:        45796 kB
KernelStack:       10144 kB
PageTables:        34668 kB
NFS_Unstable:          0 kB
Bounce:                0 kB
WritebackTmp:          0 kB
CommitLimit:     6123144 kB
Committed_AS:    5333764 kB
VmallocTotal:   34359738367 kB
VmallocUsed:           0 kB
VmallocChunk:          0 kB
HardwareCorrupted:     0 kB
AnonHugePages:         0 kB
ShmemHugePages:        0 kB
ShmemPmdMapped:        0 kB
CmaTotal:              0 kB
CmaFree:               0 kB
HugePages_Total:       0
HugePages_Free:        0
HugePages_Rsvd:        0
HugePages_Surp:        0
Hugepagesize:       2048 kB
DirectMap4k:      168896 kB
DirectMap2M:     8103936 kB

container (cgroup) information:
container_type: cgroupv1
cpu_cpuset_cpus: 0-7
cpu_memory_nodes: 0
active_processor_count: 8
cpu_quota: -1
cpu_period: 100000
cpu_shares: -1
memory_limit_in_bytes: -1
memory_and_swap_limit_in_bytes: -2
memory_soft_limit_in_bytes: -1
memory_usage_in_bytes: 3342098432
memory_max_usage_in_bytes: 0


CPU:total 8 (initial active 8) (4 cores per cpu, 2 threads per core) family 6 model 58 stepping 9, cmov, cx8, fxsr, mmx, sse, sse2, sse3, ssse3, sse4.1, sse4.2, popcnt, avx, aes, clmul, erms, ht, tsc, tscinvbit, tscinv
CPU Model and flags from /proc/cpuinfo:
model name	: Intel(R) Core(TM) i7-3770 CPU @ 3.40GHz
flags		: fpu vme de pse tsc msr pae mce cx8 apic sep mtrr pge mca cmov pat pse36 clflush dts acpi mmx fxsr sse sse2 ss ht tm pbe syscall nx rdtscp lm constant_tsc arch_perfmon pebs bts rep_good nopl xtopology nonstop_tsc cpuid aperfmperf pni pclmulqdq dtes64 monitor ds_cpl vmx smx est tm2 ssse3 cx16 xtpr pdcm pcid sse4_1 sse4_2 x2apic popcnt tsc_deadline_timer aes xsave avx f16c rdrand lahf_lm cpuid_fault epb pti tpr_shadow vnmi flexpriority ept vpid fsgsbase smep erms xsaveopt dtherm ida arat pln pts

Memory: 4k page, physical 8051996k(4551236k free), swap 2097148k(2097148k free)

vm_info: OpenJDK 64-Bit Server VM (10.0.2+13-Ubuntu-1ubuntu0.18.04.4) for linux-amd64 JRE (10.0.2+13-Ubuntu-1ubuntu0.18.04.4), built on Nov 13 2018 12:53:39 by "buildd" with gcc 7.3.0

END.
