#
# A fatal error has been detected by the Java Runtime Environment:
#
#  SIGSEGV (0xb) at pc=0x00007f8f017dfb32, pid=3648, tid=3649
#
# JRE version: OpenJDK Runtime Environment (10.0.2+13) (build 10.0.2+13-Ubuntu-1ubuntu0.18.04.4)
# Java VM: OpenJDK 64-Bit Server VM (10.0.2+13-Ubuntu-1ubuntu0.18.04.4, mixed mode, tiered, compressed oops, g1 gc, linux-amd64)
# Problematic frame:
# C  [libController.so+0x1bb32]  wbu_motion_new+0x5d2
#
# Core dump will be written. Default location: Core dumps may be processed with "/usr/share/apport/apport %p %s %c %d %P" (or dumping to /home/pc/Dokumente/my_project/controllers/SensorController/core.3648)
#
# If you would like to submit a bug report, please visit:
#   http://bugreport.java.com/bugreport/crash.jsp
# The crash happened outside the Java Virtual Machine in native code.
# See problematic frame for where to report the bug.
#

---------------  S U M M A R Y ------------

Command Line: -Djava.library.path=/home/pc/Downloads/webots/lib/java SensorController

Host: Intel(R) Core(TM) i7-3770 CPU @ 3.40GHz, 8 cores, 7G, Linux Mint 19.1 Tessa
Time: Tue Jun 18 11:47:45 2019 CEST elapsed time: 0 seconds (0d 0h 0m 0s)

---------------  T H R E A D  ---------------

Current thread (0x00007f8f58012000):  JavaThread "main" [_thread_in_native, id=3649, stack(0x00007f8f60b6d000,0x00007f8f60c6e000)]

Stack: [0x00007f8f60b6d000,0x00007f8f60c6e000],  sp=0x00007f8f60c6b6f0,  free space=1017k
Native frames: (J=compiled Java code, A=aot compiled Java code, j=interpreted, Vv=VM code, C=native code)
C  [libController.so+0x1bb32]  wbu_motion_new+0x5d2
C  [libCppController.so+0x28c7a]  webots::Motion::Motion(std::__cxx11::basic_string<char, std::char_traits<char>, std::allocator<char> > const&)+0x36
C  [libJavaController.so+0x27c5d]  Java_com_cyberbotics_webots_controller_wrapperJNI_new_1Motion+0x10a
j  com.cyberbotics.webots.controller.wrapperJNI.new_Motion(Ljava/lang/String;)J+0
j  com.cyberbotics.webots.controller.Motion.<init>(Ljava/lang/String;)V+2
j  SensorController.loadMotionFiles()V+180
j  SensorController.main([Ljava/lang/String;)V+22
v  ~StubRoutines::call_stub
V  [libjvm.so+0x83d38f]
V  [libjvm.so+0x85c3cd]
V  [libjvm.so+0x85e60e]
C  [libjli.so+0x4aa0]
C  [libjli.so+0x89dd]
C  [libpthread.so.0+0x76db]  start_thread+0xdb

Java frames: (J=compiled Java code, j=interpreted, Vv=VM code)
j  com.cyberbotics.webots.controller.wrapperJNI.new_Motion(Ljava/lang/String;)J+0
j  com.cyberbotics.webots.controller.Motion.<init>(Ljava/lang/String;)V+2
j  SensorController.loadMotionFiles()V+180
j  SensorController.main([Ljava/lang/String;)V+22
v  ~StubRoutines::call_stub

siginfo: si_signo: 11 (SIGSEGV), si_code: 1 (SEGV_MAPERR), si_addr: 0x0000000000000000

Register to memory mapping:

RAX=0x0000000000000000 is an unknown value
RBX=0x00007f8f5824b8d0 is an unknown value
RCX=0x0000000000000000 is an unknown value
RDX=0x00007f8f6084fa68: <offset 0x00000000003eda68> in /lib/x86_64-linux-gnu/libc.so.6 at 0x00007f8f60462000
RSP=0x00007f8f60c6b6f0 is pointing into the stack for thread: 0x00007f8f58012000
RBP=0x00007f8f60c6c770 is pointing into the stack for thread: 0x00007f8f58012000
RSI=0x00007f8f017fcfc3: <offset 0x0000000000038fc3> in /home/pc/Downloads/webots/lib/libController.so at 0x00007f8f017c4000
RDI=0x0000000000000000 is an unknown value
R8 =0x0000000000000001 is an unknown value
R9 =0x0000000000000000 is an unknown value
R10=0x0405814940bbb1f2 is an unknown value
R11=0x00007f8f017fcfde: <offset 0x0000000000038fde> in /home/pc/Downloads/webots/lib/libController.so at 0x00007f8f017c4000
R12=0x0000000000000010 is an unknown value
R13=0x0000000000000008 is an unknown value
R14=0x0000000000000040 is an unknown value
R15=0x0000000000000008 is an unknown value


Registers:
RAX=0x0000000000000000, RBX=0x00007f8f5824b8d0, RCX=0x0000000000000000, RDX=0x00007f8f6084fa68
RSP=0x00007f8f60c6b6f0, RBP=0x00007f8f60c6c770, RSI=0x00007f8f017fcfc3, RDI=0x0000000000000000
R8 =0x0000000000000001, R9 =0x0000000000000000, R10=0x0405814940bbb1f2, R11=0x00007f8f017fcfde
R12=0x0000000000000010, R13=0x0000000000000008, R14=0x0000000000000040, R15=0x0000000000000008
RIP=0x00007f8f017dfb32, EFLAGS=0x0000000000010246, CSGSFS=0x002b000000000033, ERR=0x0000000000000004
  TRAPNO=0x000000000000000e

Top of Stack: (sp=0x00007f8f60c6b6f0)
0x00007f8f60c6b6f0:   30323a30303a3030 003365736f500030
0x00007f8f60c6b700:   0032353536352e31 33333333382e302d
0x00007f8f60c6b710:   2e31003000300038 2e30003739373035
0x00007f8f60c6b720:   2d00363335323339 2d00383338302e30 

Instructions: (pc=0x00007f8f017dfb32)
0x00007f8f017dfb12:   08 4a 03 0c 22 48 89 ca e8 f1 21 ff ff 44 3b 3b
0x00007f8f017dfb22:   7d 3c 48 8d 35 98 d4 01 00 31 ff e8 5e 26 ff ff
0x00007f8f017dfb32:   80 38 2a 75 c1 80 78 01 00 75 bb 48 8b 43 30 f2
0x00007f8f017dfb42:   0f 10 05 07 db 01 00 41 83 c7 01 4a 8b 04 20 f2 


---------------  P R O C E S S  ---------------

Threads class SMR info:
_java_thread_list=0x00007f8f581f4f30, length=11, elements={
0x00007f8f58012000, 0x00007f8f58142800, 0x00007f8f58144800, 0x00007f8f5814e000,
0x00007f8f58158800, 0x00007f8f5815a800, 0x00007f8f5815c800, 0x00007f8f5815e800,
0x00007f8f58160800, 0x00007f8f581d5000, 0x00007f8f581f5800
}

Java Threads: ( => current thread )
=>0x00007f8f58012000 JavaThread "main" [_thread_in_native, id=3649, stack(0x00007f8f60b6d000,0x00007f8f60c6e000)]
  0x00007f8f58142800 JavaThread "Reference Handler" daemon [_thread_blocked, id=3671, stack(0x00007f8f02ff1000,0x00007f8f030f2000)]
  0x00007f8f58144800 JavaThread "Finalizer" daemon [_thread_blocked, id=3672, stack(0x00007f8f02ef0000,0x00007f8f02ff1000)]
  0x00007f8f5814e000 JavaThread "Signal Dispatcher" daemon [_thread_blocked, id=3673, stack(0x00007f8f02abf000,0x00007f8f02bc0000)]
  0x00007f8f58158800 JavaThread "C2 CompilerThread0" daemon [_thread_blocked, id=3674, stack(0x00007f8f029be000,0x00007f8f02abf000)]
  0x00007f8f5815a800 JavaThread "C2 CompilerThread1" daemon [_thread_blocked, id=3675, stack(0x00007f8f028bd000,0x00007f8f029be000)]
  0x00007f8f5815c800 JavaThread "C2 CompilerThread2" daemon [_thread_blocked, id=3676, stack(0x00007f8f027bc000,0x00007f8f028bd000)]
  0x00007f8f5815e800 JavaThread "C1 CompilerThread3" daemon [_thread_blocked, id=3677, stack(0x00007f8f026bb000,0x00007f8f027bc000)]
  0x00007f8f58160800 JavaThread "Sweeper thread" daemon [_thread_blocked, id=3678, stack(0x00007f8f025ba000,0x00007f8f026bb000)]
  0x00007f8f581d5000 JavaThread "Service Thread" daemon [_thread_blocked, id=3679, stack(0x00007f8f024b9000,0x00007f8f025ba000)]
  0x00007f8f581f5800 JavaThread "Common-Cleaner" daemon [_thread_blocked, id=3681, stack(0x00007f8f022b6000,0x00007f8f023b7000)]

Other Threads:
  0x00007f8f58139000 VMThread "VM Thread" [stack: 0x00007f8f030f4000,0x00007f8f031f4000] [id=3670]
  0x00007f8f581d7000 WatcherThread [stack: 0x00007f8f023b9000,0x00007f8f024b9000] [id=3680]
  0x00007f8f58028800 GCTaskThread "GC Thread#0" [stack: 0x00007f8f5cc96000,0x00007f8f5cd96000] [id=3650]
  0x00007f8f5802a000 GCTaskThread "GC Thread#1" [stack: 0x00007f8f5cb94000,0x00007f8f5cc94000] [id=3651]
  0x00007f8f5802c000 GCTaskThread "GC Thread#2" [stack: 0x00007f8f5ca92000,0x00007f8f5cb92000] [id=3652]
  0x00007f8f5802d800 GCTaskThread "GC Thread#3" [stack: 0x00007f8f5c990000,0x00007f8f5ca90000] [id=3653]
  0x00007f8f5802f000 GCTaskThread "GC Thread#4" [stack: 0x00007f8f5c88e000,0x00007f8f5c98e000] [id=3654]
  0x00007f8f58031000 GCTaskThread "GC Thread#5" [stack: 0x00007f8f5c78c000,0x00007f8f5c88c000] [id=3655]
  0x00007f8f58032800 GCTaskThread "GC Thread#6" [stack: 0x00007f8f5c68a000,0x00007f8f5c78a000] [id=3656]
  0x00007f8f58034800 GCTaskThread "GC Thread#7" [stack: 0x00007f8f5c588000,0x00007f8f5c688000] [id=3657]
  0x00007f8f5805d800 ConcurrentGCThread "G1 Main Marker" [stack: 0x00007f8f3cce5000,0x00007f8f3cde5000] [id=3658]
  0x00007f8f5805f800 ConcurrentGCThread "G1 Conc#0" [stack: 0x00007f8f3cbe3000,0x00007f8f3cce3000] [id=3659]
  0x00007f8f58061000 ConcurrentGCThread "G1 Conc#1" [stack: 0x00007f8f3cae1000,0x00007f8f3cbe1000] [id=3660]
  0x00007f8f580c9800 ConcurrentGCThread "G1 Refine#0" [stack: 0x00007f8f3c1d7000,0x00007f8f3c2d7000] [id=3661]
  0x00007f8f580cb800 ConcurrentGCThread "G1 Refine#1" [stack: 0x00007f8f3c0d5000,0x00007f8f3c1d5000] [id=3662]
  0x00007f8f580cd000 ConcurrentGCThread "G1 Refine#2" [stack: 0x00007f8f1c048000,0x00007f8f1c148000] [id=3663]
  0x00007f8f580cf000 ConcurrentGCThread "G1 Refine#3" [stack: 0x00007f8f03f00000,0x00007f8f04000000] [id=3664]
  0x00007f8f580d0800 ConcurrentGCThread "G1 Refine#4" [stack: 0x00007f8f03dfe000,0x00007f8f03efe000] [id=3665]
  0x00007f8f580d2800 ConcurrentGCThread "G1 Refine#5" [stack: 0x00007f8f03cfc000,0x00007f8f03dfc000] [id=3666]
  0x00007f8f580d4000 ConcurrentGCThread "G1 Refine#6" [stack: 0x00007f8f03bfa000,0x00007f8f03cfa000] [id=3667]
  0x00007f8f580d6000 ConcurrentGCThread "G1 Refine#7" [stack: 0x00007f8f03af8000,0x00007f8f03bf8000] [id=3668]
  0x00007f8f580d7800 ConcurrentGCThread "G1 Young RemSet Sampling" [stack: 0x00007f8f039f6000,0x00007f8f03af6000] [id=3669]

Threads with active compile tasks:

VM state:not at safepoint (normal execution)

VM Mutex/Monitor currently owned by a thread: None

Heap address: 0x0000000085200000, size: 1966 MB, Compressed Oops mode: 32-bit
Narrow klass base: 0x0000000000000000, Narrow klass shift: 3
Compressed class space size: 1073741824 Address: 0x0000000100000000

Heap:
 garbage-first heap   total 126976K, used 1024K [0x0000000085200000, 0x0000000100000000)
  region size 1024K, 2 young (2048K), 0 survivors (0K)
 Metaspace       used 4858K, capacity 4990K, committed 5120K, reserved 1056768K
  class space    used 398K, capacity 430K, committed 512K, reserved 1048576K
Heap Regions: E=young(eden), S=young(survivor), O=old, HS=humongous(starts), HC=humongous(continues), CS=collection set, F=free, A=archive, TS=gc time stamp, AC=allocation context, TAMS=top-at-mark-start (previous, next)
|   0|0x0000000085200000, 0x0000000085200000, 0x0000000085300000|  0%| F|  |TS  0|AC  0|TAMS 0x0000000085200000, 0x0000000085200000|
|   1|0x0000000085300000, 0x0000000085300000, 0x0000000085400000|  0%| F|  |TS  0|AC  0|TAMS 0x0000000085300000, 0x0000000085300000|
|   2|0x0000000085400000, 0x0000000085400000, 0x0000000085500000|  0%| F|  |TS  0|AC  0|TAMS 0x0000000085400000, 0x0000000085400000|
|   3|0x0000000085500000, 0x0000000085500000, 0x0000000085600000|  0%| F|  |TS  0|AC  0|TAMS 0x0000000085500000, 0x0000000085500000|
|   4|0x0000000085600000, 0x0000000085600000, 0x0000000085700000|  0%| F|  |TS  0|AC  0|TAMS 0x0000000085600000, 0x0000000085600000|
|   5|0x0000000085700000, 0x0000000085700000, 0x0000000085800000|  0%| F|  |TS  0|AC  0|TAMS 0x0000000085700000, 0x0000000085700000|
|   6|0x0000000085800000, 0x0000000085800000, 0x0000000085900000|  0%| F|  |TS  0|AC  0|TAMS 0x0000000085800000, 0x0000000085800000|
|   7|0x0000000085900000, 0x0000000085900000, 0x0000000085a00000|  0%| F|  |TS  0|AC  0|TAMS 0x0000000085900000, 0x0000000085900000|
|   8|0x0000000085a00000, 0x0000000085a00000, 0x0000000085b00000|  0%| F|  |TS  0|AC  0|TAMS 0x0000000085a00000, 0x0000000085a00000|
|   9|0x0000000085b00000, 0x0000000085b00000, 0x0000000085c00000|  0%| F|  |TS  0|AC  0|TAMS 0x0000000085b00000, 0x0000000085b00000|
|  10|0x0000000085c00000, 0x0000000085c00000, 0x0000000085d00000|  0%| F|  |TS  0|AC  0|TAMS 0x0000000085c00000, 0x0000000085c00000|
|  11|0x0000000085d00000, 0x0000000085d00000, 0x0000000085e00000|  0%| F|  |TS  0|AC  0|TAMS 0x0000000085d00000, 0x0000000085d00000|
|  12|0x0000000085e00000, 0x0000000085e00000, 0x0000000085f00000|  0%| F|  |TS  0|AC  0|TAMS 0x0000000085e00000, 0x0000000085e00000|
|  13|0x0000000085f00000, 0x0000000085f00000, 0x0000000086000000|  0%| F|  |TS  0|AC  0|TAMS 0x0000000085f00000, 0x0000000085f00000|
|  14|0x0000000086000000, 0x0000000086000000, 0x0000000086100000|  0%| F|  |TS  0|AC  0|TAMS 0x0000000086000000, 0x0000000086000000|
|  15|0x0000000086100000, 0x0000000086100000, 0x0000000086200000|  0%| F|  |TS  0|AC  0|TAMS 0x0000000086100000, 0x0000000086100000|
|  16|0x0000000086200000, 0x0000000086200000, 0x0000000086300000|  0%| F|  |TS  0|AC  0|TAMS 0x0000000086200000, 0x0000000086200000|
|  17|0x0000000086300000, 0x0000000086300000, 0x0000000086400000|  0%| F|  |TS  0|AC  0|TAMS 0x0000000086300000, 0x0000000086300000|
|  18|0x0000000086400000, 0x0000000086400000, 0x0000000086500000|  0%| F|  |TS  0|AC  0|TAMS 0x0000000086400000, 0x0000000086400000|
|  19|0x0000000086500000, 0x0000000086500000, 0x0000000086600000|  0%| F|  |TS  0|AC  0|TAMS 0x0000000086500000, 0x0000000086500000|
|  20|0x0000000086600000, 0x0000000086600000, 0x0000000086700000|  0%| F|  |TS  0|AC  0|TAMS 0x0000000086600000, 0x0000000086600000|
|  21|0x0000000086700000, 0x0000000086700000, 0x0000000086800000|  0%| F|  |TS  0|AC  0|TAMS 0x0000000086700000, 0x0000000086700000|
|  22|0x0000000086800000, 0x0000000086800000, 0x0000000086900000|  0%| F|  |TS  0|AC  0|TAMS 0x0000000086800000, 0x0000000086800000|
|  23|0x0000000086900000, 0x0000000086900000, 0x0000000086a00000|  0%| F|  |TS  0|AC  0|TAMS 0x0000000086900000, 0x0000000086900000|
|  24|0x0000000086a00000, 0x0000000086a00000, 0x0000000086b00000|  0%| F|  |TS  0|AC  0|TAMS 0x0000000086a00000, 0x0000000086a00000|
|  25|0x0000000086b00000, 0x0000000086b00000, 0x0000000086c00000|  0%| F|  |TS  0|AC  0|TAMS 0x0000000086b00000, 0x0000000086b00000|
|  26|0x0000000086c00000, 0x0000000086c00000, 0x0000000086d00000|  0%| F|  |TS  0|AC  0|TAMS 0x0000000086c00000, 0x0000000086c00000|
|  27|0x0000000086d00000, 0x0000000086d00000, 0x0000000086e00000|  0%| F|  |TS  0|AC  0|TAMS 0x0000000086d00000, 0x0000000086d00000|
|  28|0x0000000086e00000, 0x0000000086e00000, 0x0000000086f00000|  0%| F|  |TS  0|AC  0|TAMS 0x0000000086e00000, 0x0000000086e00000|
|  29|0x0000000086f00000, 0x0000000086f00000, 0x0000000087000000|  0%| F|  |TS  0|AC  0|TAMS 0x0000000086f00000, 0x0000000086f00000|
|  30|0x0000000087000000, 0x0000000087000000, 0x0000000087100000|  0%| F|  |TS  0|AC  0|TAMS 0x0000000087000000, 0x0000000087000000|
|  31|0x0000000087100000, 0x0000000087100000, 0x0000000087200000|  0%| F|  |TS  0|AC  0|TAMS 0x0000000087100000, 0x0000000087100000|
|  32|0x0000000087200000, 0x0000000087200000, 0x0000000087300000|  0%| F|  |TS  0|AC  0|TAMS 0x0000000087200000, 0x0000000087200000|
|  33|0x0000000087300000, 0x0000000087300000, 0x0000000087400000|  0%| F|  |TS  0|AC  0|TAMS 0x0000000087300000, 0x0000000087300000|
|  34|0x0000000087400000, 0x0000000087400000, 0x0000000087500000|  0%| F|  |TS  0|AC  0|TAMS 0x0000000087400000, 0x0000000087400000|
|  35|0x0000000087500000, 0x0000000087500000, 0x0000000087600000|  0%| F|  |TS  0|AC  0|TAMS 0x0000000087500000, 0x0000000087500000|
|  36|0x0000000087600000, 0x0000000087600000, 0x0000000087700000|  0%| F|  |TS  0|AC  0|TAMS 0x0000000087600000, 0x0000000087600000|
|  37|0x0000000087700000, 0x0000000087700000, 0x0000000087800000|  0%| F|  |TS  0|AC  0|TAMS 0x0000000087700000, 0x0000000087700000|
|  38|0x0000000087800000, 0x0000000087800000, 0x0000000087900000|  0%| F|  |TS  0|AC  0|TAMS 0x0000000087800000, 0x0000000087800000|
|  39|0x0000000087900000, 0x0000000087900000, 0x0000000087a00000|  0%| F|  |TS  0|AC  0|TAMS 0x0000000087900000, 0x0000000087900000|
|  40|0x0000000087a00000, 0x0000000087a00000, 0x0000000087b00000|  0%| F|  |TS  0|AC  0|TAMS 0x0000000087a00000, 0x0000000087a00000|
|  41|0x0000000087b00000, 0x0000000087b00000, 0x0000000087c00000|  0%| F|  |TS  0|AC  0|TAMS 0x0000000087b00000, 0x0000000087b00000|
|  42|0x0000000087c00000, 0x0000000087c00000, 0x0000000087d00000|  0%| F|  |TS  0|AC  0|TAMS 0x0000000087c00000, 0x0000000087c00000|
|  43|0x0000000087d00000, 0x0000000087d00000, 0x0000000087e00000|  0%| F|  |TS  0|AC  0|TAMS 0x0000000087d00000, 0x0000000087d00000|
|  44|0x0000000087e00000, 0x0000000087e00000, 0x0000000087f00000|  0%| F|  |TS  0|AC  0|TAMS 0x0000000087e00000, 0x0000000087e00000|
|  45|0x0000000087f00000, 0x0000000087f00000, 0x0000000088000000|  0%| F|  |TS  0|AC  0|TAMS 0x0000000087f00000, 0x0000000087f00000|
|  46|0x0000000088000000, 0x0000000088000000, 0x0000000088100000|  0%| F|  |TS  0|AC  0|TAMS 0x0000000088000000, 0x0000000088000000|
|  47|0x0000000088100000, 0x0000000088100000, 0x0000000088200000|  0%| F|  |TS  0|AC  0|TAMS 0x0000000088100000, 0x0000000088100000|
|  48|0x0000000088200000, 0x0000000088200000, 0x0000000088300000|  0%| F|  |TS  0|AC  0|TAMS 0x0000000088200000, 0x0000000088200000|
|  49|0x0000000088300000, 0x0000000088300000, 0x0000000088400000|  0%| F|  |TS  0|AC  0|TAMS 0x0000000088300000, 0x0000000088300000|
|  50|0x0000000088400000, 0x0000000088400000, 0x0000000088500000|  0%| F|  |TS  0|AC  0|TAMS 0x0000000088400000, 0x0000000088400000|
|  51|0x0000000088500000, 0x0000000088500000, 0x0000000088600000|  0%| F|  |TS  0|AC  0|TAMS 0x0000000088500000, 0x0000000088500000|
|  52|0x0000000088600000, 0x0000000088600000, 0x0000000088700000|  0%| F|  |TS  0|AC  0|TAMS 0x0000000088600000, 0x0000000088600000|
|  53|0x0000000088700000, 0x0000000088700000, 0x0000000088800000|  0%| F|  |TS  0|AC  0|TAMS 0x0000000088700000, 0x0000000088700000|
|  54|0x0000000088800000, 0x0000000088800000, 0x0000000088900000|  0%| F|  |TS  0|AC  0|TAMS 0x0000000088800000, 0x0000000088800000|
|  55|0x0000000088900000, 0x0000000088900000, 0x0000000088a00000|  0%| F|  |TS  0|AC  0|TAMS 0x0000000088900000, 0x0000000088900000|
|  56|0x0000000088a00000, 0x0000000088a00000, 0x0000000088b00000|  0%| F|  |TS  0|AC  0|TAMS 0x0000000088a00000, 0x0000000088a00000|
|  57|0x0000000088b00000, 0x0000000088b00000, 0x0000000088c00000|  0%| F|  |TS  0|AC  0|TAMS 0x0000000088b00000, 0x0000000088b00000|
|  58|0x0000000088c00000, 0x0000000088c00000, 0x0000000088d00000|  0%| F|  |TS  0|AC  0|TAMS 0x0000000088c00000, 0x0000000088c00000|
|  59|0x0000000088d00000, 0x0000000088d00000, 0x0000000088e00000|  0%| F|  |TS  0|AC  0|TAMS 0x0000000088d00000, 0x0000000088d00000|
|  60|0x0000000088e00000, 0x0000000088e00000, 0x0000000088f00000|  0%| F|  |TS  0|AC  0|TAMS 0x0000000088e00000, 0x0000000088e00000|
|  61|0x0000000088f00000, 0x0000000088f00000, 0x0000000089000000|  0%| F|  |TS  0|AC  0|TAMS 0x0000000088f00000, 0x0000000088f00000|
|  62|0x0000000089000000, 0x0000000089000000, 0x0000000089100000|  0%| F|  |TS  0|AC  0|TAMS 0x0000000089000000, 0x0000000089000000|
|  63|0x0000000089100000, 0x0000000089100000, 0x0000000089200000|  0%| F|  |TS  0|AC  0|TAMS 0x0000000089100000, 0x0000000089100000|
|  64|0x0000000089200000, 0x0000000089200000, 0x0000000089300000|  0%| F|  |TS  0|AC  0|TAMS 0x0000000089200000, 0x0000000089200000|
|  65|0x0000000089300000, 0x0000000089300000, 0x0000000089400000|  0%| F|  |TS  0|AC  0|TAMS 0x0000000089300000, 0x0000000089300000|
|  66|0x0000000089400000, 0x0000000089400000, 0x0000000089500000|  0%| F|  |TS  0|AC  0|TAMS 0x0000000089400000, 0x0000000089400000|
|  67|0x0000000089500000, 0x0000000089500000, 0x0000000089600000|  0%| F|  |TS  0|AC  0|TAMS 0x0000000089500000, 0x0000000089500000|
|  68|0x0000000089600000, 0x0000000089600000, 0x0000000089700000|  0%| F|  |TS  0|AC  0|TAMS 0x0000000089600000, 0x0000000089600000|
|  69|0x0000000089700000, 0x0000000089700000, 0x0000000089800000|  0%| F|  |TS  0|AC  0|TAMS 0x0000000089700000, 0x0000000089700000|
|  70|0x0000000089800000, 0x0000000089800000, 0x0000000089900000|  0%| F|  |TS  0|AC  0|TAMS 0x0000000089800000, 0x0000000089800000|
|  71|0x0000000089900000, 0x0000000089900000, 0x0000000089a00000|  0%| F|  |TS  0|AC  0|TAMS 0x0000000089900000, 0x0000000089900000|
|  72|0x0000000089a00000, 0x0000000089a00000, 0x0000000089b00000|  0%| F|  |TS  0|AC  0|TAMS 0x0000000089a00000, 0x0000000089a00000|
|  73|0x0000000089b00000, 0x0000000089b00000, 0x0000000089c00000|  0%| F|  |TS  0|AC  0|TAMS 0x0000000089b00000, 0x0000000089b00000|
|  74|0x0000000089c00000, 0x0000000089c00000, 0x0000000089d00000|  0%| F|  |TS  0|AC  0|TAMS 0x0000000089c00000, 0x0000000089c00000|
|  75|0x0000000089d00000, 0x0000000089d00000, 0x0000000089e00000|  0%| F|  |TS  0|AC  0|TAMS 0x0000000089d00000, 0x0000000089d00000|
|  76|0x0000000089e00000, 0x0000000089e00000, 0x0000000089f00000|  0%| F|  |TS  0|AC  0|TAMS 0x0000000089e00000, 0x0000000089e00000|
|  77|0x0000000089f00000, 0x0000000089f00000, 0x000000008a000000|  0%| F|  |TS  0|AC  0|TAMS 0x0000000089f00000, 0x0000000089f00000|
|  78|0x000000008a000000, 0x000000008a000000, 0x000000008a100000|  0%| F|  |TS  0|AC  0|TAMS 0x000000008a000000, 0x000000008a000000|
|  79|0x000000008a100000, 0x000000008a100000, 0x000000008a200000|  0%| F|  |TS  0|AC  0|TAMS 0x000000008a100000, 0x000000008a100000|
|  80|0x000000008a200000, 0x000000008a200000, 0x000000008a300000|  0%| F|  |TS  0|AC  0|TAMS 0x000000008a200000, 0x000000008a200000|
|  81|0x000000008a300000, 0x000000008a300000, 0x000000008a400000|  0%| F|  |TS  0|AC  0|TAMS 0x000000008a300000, 0x000000008a300000|
|  82|0x000000008a400000, 0x000000008a400000, 0x000000008a500000|  0%| F|  |TS  0|AC  0|TAMS 0x000000008a400000, 0x000000008a400000|
|  83|0x000000008a500000, 0x000000008a500000, 0x000000008a600000|  0%| F|  |TS  0|AC  0|TAMS 0x000000008a500000, 0x000000008a500000|
|  84|0x000000008a600000, 0x000000008a600000, 0x000000008a700000|  0%| F|  |TS  0|AC  0|TAMS 0x000000008a600000, 0x000000008a600000|
|  85|0x000000008a700000, 0x000000008a700000, 0x000000008a800000|  0%| F|  |TS  0|AC  0|TAMS 0x000000008a700000, 0x000000008a700000|
|  86|0x000000008a800000, 0x000000008a800000, 0x000000008a900000|  0%| F|  |TS  0|AC  0|TAMS 0x000000008a800000, 0x000000008a800000|
|  87|0x000000008a900000, 0x000000008a900000, 0x000000008aa00000|  0%| F|  |TS  0|AC  0|TAMS 0x000000008a900000, 0x000000008a900000|
|  88|0x000000008aa00000, 0x000000008aa00000, 0x000000008ab00000|  0%| F|  |TS  0|AC  0|TAMS 0x000000008aa00000, 0x000000008aa00000|
|  89|0x000000008ab00000, 0x000000008ab00000, 0x000000008ac00000|  0%| F|  |TS  0|AC  0|TAMS 0x000000008ab00000, 0x000000008ab00000|
|  90|0x000000008ac00000, 0x000000008ac00000, 0x000000008ad00000|  0%| F|  |TS  0|AC  0|TAMS 0x000000008ac00000, 0x000000008ac00000|
|  91|0x000000008ad00000, 0x000000008ad00000, 0x000000008ae00000|  0%| F|  |TS  0|AC  0|TAMS 0x000000008ad00000, 0x000000008ad00000|
|  92|0x000000008ae00000, 0x000000008ae00000, 0x000000008af00000|  0%| F|  |TS  0|AC  0|TAMS 0x000000008ae00000, 0x000000008ae00000|
|  93|0x000000008af00000, 0x000000008af00000, 0x000000008b000000|  0%| F|  |TS  0|AC  0|TAMS 0x000000008af00000, 0x000000008af00000|
|  94|0x000000008b000000, 0x000000008b000000, 0x000000008b100000|  0%| F|  |TS  0|AC  0|TAMS 0x000000008b000000, 0x000000008b000000|
|  95|0x000000008b100000, 0x000000008b100000, 0x000000008b200000|  0%| F|  |TS  0|AC  0|TAMS 0x000000008b100000, 0x000000008b100000|
|  96|0x000000008b200000, 0x000000008b200000, 0x000000008b300000|  0%| F|  |TS  0|AC  0|TAMS 0x000000008b200000, 0x000000008b200000|
|  97|0x000000008b300000, 0x000000008b300000, 0x000000008b400000|  0%| F|  |TS  0|AC  0|TAMS 0x000000008b300000, 0x000000008b300000|
|  98|0x000000008b400000, 0x000000008b400000, 0x000000008b500000|  0%| F|  |TS  0|AC  0|TAMS 0x000000008b400000, 0x000000008b400000|
|  99|0x000000008b500000, 0x000000008b500000, 0x000000008b600000|  0%| F|  |TS  0|AC  0|TAMS 0x000000008b500000, 0x000000008b500000|
| 100|0x000000008b600000, 0x000000008b600000, 0x000000008b700000|  0%| F|  |TS  0|AC  0|TAMS 0x000000008b600000, 0x000000008b600000|
| 101|0x000000008b700000, 0x000000008b700000, 0x000000008b800000|  0%| F|  |TS  0|AC  0|TAMS 0x000000008b700000, 0x000000008b700000|
| 102|0x000000008b800000, 0x000000008b800000, 0x000000008b900000|  0%| F|  |TS  0|AC  0|TAMS 0x000000008b800000, 0x000000008b800000|
| 103|0x000000008b900000, 0x000000008b900000, 0x000000008ba00000|  0%| F|  |TS  0|AC  0|TAMS 0x000000008b900000, 0x000000008b900000|
| 104|0x000000008ba00000, 0x000000008ba00000, 0x000000008bb00000|  0%| F|  |TS  0|AC  0|TAMS 0x000000008ba00000, 0x000000008ba00000|
| 105|0x000000008bb00000, 0x000000008bb00000, 0x000000008bc00000|  0%| F|  |TS  0|AC  0|TAMS 0x000000008bb00000, 0x000000008bb00000|
| 106|0x000000008bc00000, 0x000000008bc00000, 0x000000008bd00000|  0%| F|  |TS  0|AC  0|TAMS 0x000000008bc00000, 0x000000008bc00000|
| 107|0x000000008bd00000, 0x000000008bd00000, 0x000000008be00000|  0%| F|  |TS  0|AC  0|TAMS 0x000000008bd00000, 0x000000008bd00000|
| 108|0x000000008be00000, 0x000000008be00000, 0x000000008bf00000|  0%| F|  |TS  0|AC  0|TAMS 0x000000008be00000, 0x000000008be00000|
| 109|0x000000008bf00000, 0x000000008bf00000, 0x000000008c000000|  0%| F|  |TS  0|AC  0|TAMS 0x000000008bf00000, 0x000000008bf00000|
| 110|0x000000008c000000, 0x000000008c000000, 0x000000008c100000|  0%| F|  |TS  0|AC  0|TAMS 0x000000008c000000, 0x000000008c000000|
| 111|0x000000008c100000, 0x000000008c100000, 0x000000008c200000|  0%| F|  |TS  0|AC  0|TAMS 0x000000008c100000, 0x000000008c100000|
| 112|0x000000008c200000, 0x000000008c200000, 0x000000008c300000|  0%| F|  |TS  0|AC  0|TAMS 0x000000008c200000, 0x000000008c200000|
| 113|0x000000008c300000, 0x000000008c300000, 0x000000008c400000|  0%| F|  |TS  0|AC  0|TAMS 0x000000008c300000, 0x000000008c300000|
| 114|0x000000008c400000, 0x000000008c400000, 0x000000008c500000|  0%| F|  |TS  0|AC  0|TAMS 0x000000008c400000, 0x000000008c400000|
| 115|0x000000008c500000, 0x000000008c500000, 0x000000008c600000|  0%| F|  |TS  0|AC  0|TAMS 0x000000008c500000, 0x000000008c500000|
| 116|0x000000008c600000, 0x000000008c600000, 0x000000008c700000|  0%| F|  |TS  0|AC  0|TAMS 0x000000008c600000, 0x000000008c600000|
| 117|0x000000008c700000, 0x000000008c700000, 0x000000008c800000|  0%| F|  |TS  0|AC  0|TAMS 0x000000008c700000, 0x000000008c700000|
| 118|0x000000008c800000, 0x000000008c800000, 0x000000008c900000|  0%| F|  |TS  0|AC  0|TAMS 0x000000008c800000, 0x000000008c800000|
| 119|0x000000008c900000, 0x000000008c900000, 0x000000008ca00000|  0%| F|  |TS  0|AC  0|TAMS 0x000000008c900000, 0x000000008c900000|
| 120|0x000000008ca00000, 0x000000008ca00000, 0x000000008cb00000|  0%| F|  |TS  0|AC  0|TAMS 0x000000008ca00000, 0x000000008ca00000|
| 121|0x000000008cb00000, 0x000000008cb00000, 0x000000008cc00000|  0%| F|  |TS  0|AC  0|TAMS 0x000000008cb00000, 0x000000008cb00000|
| 122|0x000000008cc00000, 0x000000008ccf6958, 0x000000008cd00000| 96%| E|  |TS  0|AC  0|TAMS 0x000000008cc00000, 0x000000008cc00000|
| 123|0x000000008cd00000, 0x000000008ce00000, 0x000000008ce00000|100%| E|CS|TS  0|AC  0|TAMS 0x000000008cd00000, 0x000000008cd00000|

Card table byte_map: [0x00007f8f3f074000,0x00007f8f3f44b000] byte_map_base: 0x00007f8f3ec4b000

Marking Bits (Prev, Next): (CMBitMap*) 0x00007f8f5805ce80, (CMBitMap*) 0x00007f8f5805ceb8
 Prev Bits: [0x00007f8f3cde5000, 0x00007f8f3ec9d000)
 Next Bits: [0x00007f8f1e148000, 0x00007f8f20000000)

Polling page: 0x00007f8f60c86000

CodeHeap 'non-profiled nmethods': size=120032Kb used=23Kb max_used=23Kb free=120008Kb
 bounds [0x00007f8f475ed000, 0x00007f8f4785d000, 0x00007f8f4eb25000]
CodeHeap 'profiled nmethods': size=120028Kb used=139Kb max_used=139Kb free=119888Kb
 bounds [0x00007f8f400b6000, 0x00007f8f40326000, 0x00007f8f475ed000]
CodeHeap 'non-nmethods': size=5700Kb used=1018Kb max_used=1029Kb free=4681Kb
 bounds [0x00007f8f3fb25000, 0x00007f8f3fd95000, 0x00007f8f400b6000]
 total_blobs=469 nmethods=102 adapters=222
 compilation: enabled

Compilation events (10 events):
Event: 0.112 Thread 0x00007f8f5815e800 nmethod 98 0x00007f8f400d5b10 code [0x00007f8f400d5cc0, 0x00007f8f400d5e68]
Event: 0.112 Thread 0x00007f8f5815e800   99       3       java.lang.AbstractStringBuilder::append (45 bytes)
Event: 0.112 Thread 0x00007f8f5815e800 nmethod 99 0x00007f8f400d5f10 code [0x00007f8f400d6140, 0x00007f8f400d66b8]
Event: 0.112 Thread 0x00007f8f5815e800  100       3       java.lang.StringLatin1::lastIndexOf (40 bytes)
Event: 0.112 Thread 0x00007f8f5815e800 nmethod 100 0x00007f8f400d6910 code [0x00007f8f400d6ae0, 0x00007f8f400d6ef0]
Event: 0.113 Thread 0x00007f8f5815e800  101       3       java.lang.Character::toLowerCase (9 bytes)
Event: 0.113 Thread 0x00007f8f5815e800 nmethod 101 0x00007f8f400d7090 code [0x00007f8f400d7260, 0x00007f8f400d7498]
Event: 0.113 Thread 0x00007f8f5815e800  102       3       java.lang.CharacterDataLatin1::toLowerCase (39 bytes)
Event: 0.113 Thread 0x00007f8f5815e800 nmethod 102 0x00007f8f400d7590 code [0x00007f8f400d7760, 0x00007f8f400d79f0]
Event: 0.117 Thread 0x00007f8f5815e800  103       3       java.util.Arrays::copyOfRange (63 bytes)

GC Heap History (0 events):
No events

Deoptimization events (1 events):
Event: 0.071 Thread 0x00007f8f58012000 Uncommon trap: reason=unstable_if action=reinterpret pc=0x00007f8f475f24ec method=java.lang.String.hashCode()I @ 14 c2

Classes redefined (0 events):
No events

Internal exceptions (0 events):
No events

Events (10 events):
Event: 0.111 loading class com/cyberbotics/webots/controller/Mouse
Event: 0.111 loading class com/cyberbotics/webots/controller/Mouse done
Event: 0.112 loading class com/cyberbotics/webots/controller/Camera
Event: 0.112 loading class com/cyberbotics/webots/controller/Camera done
Event: 0.112 loading class com/cyberbotics/webots/controller/Device
Event: 0.112 loading class com/cyberbotics/webots/controller/Device done
Event: 0.112 loading class com/cyberbotics/webots/controller/DistanceSensor
Event: 0.112 loading class com/cyberbotics/webots/controller/DistanceSensor done
Event: 0.113 loading class com/cyberbotics/webots/controller/Motion
Event: 0.113 loading class com/cyberbotics/webots/controller/Motion done


Dynamic libraries:
85200000-8ce00000 rw-p 00000000 00:00 0 
8ce00000-100000000 ---p 00000000 00:00 0 
100000000-100080000 rw-p 00000000 00:00 0 
100080000-140000000 ---p 00000000 00:00 0 
56107faa9000-56107faaa000 r-xp 00000000 08:01 23598097                   /usr/lib/jvm/java-11-openjdk-amd64/bin/java
56107fcaa000-56107fcab000 r--p 00001000 08:01 23598097                   /usr/lib/jvm/java-11-openjdk-amd64/bin/java
56107fcab000-56107fcac000 rw-p 00002000 08:01 23598097                   /usr/lib/jvm/java-11-openjdk-amd64/bin/java
5610806c0000-5610806e1000 rw-p 00000000 00:00 0                          [heap]
7f8eb0000000-7f8eb0021000 rw-p 00000000 00:00 0 
7f8eb0021000-7f8eb4000000 ---p 00000000 00:00 0 
7f8eb8000000-7f8eb8021000 rw-p 00000000 00:00 0 
7f8eb8021000-7f8ebc000000 ---p 00000000 00:00 0 
7f8ebc000000-7f8ebc021000 rw-p 00000000 00:00 0 
7f8ebc021000-7f8ec0000000 ---p 00000000 00:00 0 
7f8ec0000000-7f8ec0066000 rw-p 00000000 00:00 0 
7f8ec0066000-7f8ec4000000 ---p 00000000 00:00 0 
7f8ec4000000-7f8ec4021000 rw-p 00000000 00:00 0 
7f8ec4021000-7f8ec8000000 ---p 00000000 00:00 0 
7f8ec8000000-7f8ec8021000 rw-p 00000000 00:00 0 
7f8ec8021000-7f8ecc000000 ---p 00000000 00:00 0 
7f8ecc000000-7f8ecc021000 rw-p 00000000 00:00 0 
7f8ecc021000-7f8ed0000000 ---p 00000000 00:00 0 
7f8ed0000000-7f8ed0021000 rw-p 00000000 00:00 0 
7f8ed0021000-7f8ed4000000 ---p 00000000 00:00 0 
7f8ed4000000-7f8ed407e000 rw-p 00000000 00:00 0 
7f8ed407e000-7f8ed8000000 ---p 00000000 00:00 0 
7f8ed8000000-7f8ed8021000 rw-p 00000000 00:00 0 
7f8ed8021000-7f8edc000000 ---p 00000000 00:00 0 
7f8edc000000-7f8edc021000 rw-p 00000000 00:00 0 
7f8edc021000-7f8ee0000000 ---p 00000000 00:00 0 
7f8ee0000000-7f8ee0021000 rw-p 00000000 00:00 0 
7f8ee0021000-7f8ee4000000 ---p 00000000 00:00 0 
7f8ee4000000-7f8ee4021000 rw-p 00000000 00:00 0 
7f8ee4021000-7f8ee8000000 ---p 00000000 00:00 0 
7f8ee8000000-7f8ee8021000 rw-p 00000000 00:00 0 
7f8ee8021000-7f8eec000000 ---p 00000000 00:00 0 
7f8eec000000-7f8eec021000 rw-p 00000000 00:00 0 
7f8eec021000-7f8ef0000000 ---p 00000000 00:00 0 
7f8ef0000000-7f8ef0021000 rw-p 00000000 00:00 0 
7f8ef0021000-7f8ef4000000 ---p 00000000 00:00 0 
7f8ef4000000-7f8ef4021000 rw-p 00000000 00:00 0 
7f8ef4021000-7f8ef8000000 ---p 00000000 00:00 0 
7f8ef8000000-7f8ef8021000 rw-p 00000000 00:00 0 
7f8ef8021000-7f8efc000000 ---p 00000000 00:00 0 
7f8efc000000-7f8efc021000 rw-p 00000000 00:00 0 
7f8efc021000-7f8f00000000 ---p 00000000 00:00 0 
7f8f00c9d000-7f8f00ca8000 r-xp 00000000 08:01 27920412                   /home/pc/Downloads/webots/lib/libjbig.so.0
7f8f00ca8000-7f8f00ea7000 ---p 0000b000 08:01 27920412                   /home/pc/Downloads/webots/lib/libjbig.so.0
7f8f00ea7000-7f8f00ea8000 r--p 0000a000 08:01 27920412                   /home/pc/Downloads/webots/lib/libjbig.so.0
7f8f00ea8000-7f8f00eab000 rw-p 0000b000 08:01 27920412                   /home/pc/Downloads/webots/lib/libjbig.so.0
7f8f00eab000-7f8f00ecf000 r-xp 00000000 08:01 14684814                   /lib/x86_64-linux-gnu/liblzma.so.5.2.2
7f8f00ecf000-7f8f010cf000 ---p 00024000 08:01 14684814                   /lib/x86_64-linux-gnu/liblzma.so.5.2.2
7f8f010cf000-7f8f010d0000 r--p 00024000 08:01 14684814                   /lib/x86_64-linux-gnu/liblzma.so.5.2.2
7f8f010d0000-7f8f010d1000 rw-p 00025000 08:01 14684814                   /lib/x86_64-linux-gnu/liblzma.so.5.2.2
7f8f010d1000-7f8f010f5000 r-xp 00000000 08:01 27920444                   /home/pc/Downloads/webots/lib/libpng12.so.0
7f8f010f5000-7f8f012f4000 ---p 00024000 08:01 27920444                   /home/pc/Downloads/webots/lib/libpng12.so.0
7f8f012f4000-7f8f012f5000 r--p 00023000 08:01 27920444                   /home/pc/Downloads/webots/lib/libpng12.so.0
7f8f012f5000-7f8f012f6000 rw-p 00024000 08:01 27920444                   /home/pc/Downloads/webots/lib/libpng12.so.0
7f8f012f6000-7f8f0134d000 r-xp 00000000 08:01 27920405                   /home/pc/Downloads/webots/lib/libjpeg.so.8
7f8f0134d000-7f8f0154d000 ---p 00057000 08:01 27920405                   /home/pc/Downloads/webots/lib/libjpeg.so.8
7f8f0154d000-7f8f0154e000 r--p 00057000 08:01 27920405                   /home/pc/Downloads/webots/lib/libjpeg.so.8
7f8f0154e000-7f8f0154f000 rw-p 00058000 08:01 27920405                   /home/pc/Downloads/webots/lib/libjpeg.so.8
7f8f0154f000-7f8f015c0000 r-xp 00000000 08:01 27920407                   /home/pc/Downloads/webots/lib/libtiff.so.5
7f8f015c0000-7f8f017c0000 ---p 00071000 08:01 27920407                   /home/pc/Downloads/webots/lib/libtiff.so.5
7f8f017c0000-7f8f017c1000 r--p 00071000 08:01 27920407                   /home/pc/Downloads/webots/lib/libtiff.so.5
7f8f017c1000-7f8f017c4000 rw-p 00072000 08:01 27920407                   /home/pc/Downloads/webots/lib/libtiff.so.5
7f8f017c4000-7f8f01810000 r-xp 00000000 08:01 27920416                   /home/pc/Downloads/webots/lib/libController.so
7f8f01810000-7f8f01a0f000 ---p 0004c000 08:01 27920416                   /home/pc/Downloads/webots/lib/libController.so
7f8f01a0f000-7f8f01a10000 r--p 0004b000 08:01 27920416                   /home/pc/Downloads/webots/lib/libController.so
7f8f01a10000-7f8f01a11000 rw-p 0004c000 08:01 27920416                   /home/pc/Downloads/webots/lib/libController.so
7f8f01a11000-7f8f01a12000 rw-p 00000000 00:00 0 
7f8f01a12000-7f8f01a4c000 r-xp 00000000 08:01 27920467                   /home/pc/Downloads/webots/lib/libCppController.so
7f8f01a4c000-7f8f01c4b000 ---p 0003a000 08:01 27920467                   /home/pc/Downloads/webots/lib/libCppController.so
7f8f01c4b000-7f8f01c4d000 r--p 00039000 08:01 27920467                   /home/pc/Downloads/webots/lib/libCppController.so
7f8f01c4d000-7f8f01c4f000 rw-p 0003b000 08:01 27920467                   /home/pc/Downloads/webots/lib/libCppController.so
7f8f01c4f000-7f8f01c8b000 r-xp 00000000 08:01 27920367                   /home/pc/Downloads/webots/lib/java/libJavaController.so
7f8f01c8b000-7f8f01e8a000 ---p 0003c000 08:01 27920367                   /home/pc/Downloads/webots/lib/java/libJavaController.so
7f8f01e8a000-7f8f01e8b000 r--p 0003b000 08:01 27920367                   /home/pc/Downloads/webots/lib/java/libJavaController.so
7f8f01e8b000-7f8f01e8c000 rw-p 0003c000 08:01 27920367                   /home/pc/Downloads/webots/lib/java/libJavaController.so
7f8f01e8c000-7f8f01ea3000 r-xp 00000000 08:01 23598500                   /usr/lib/jvm/java-11-openjdk-amd64/lib/libnet.so
7f8f01ea3000-7f8f020a2000 ---p 00017000 08:01 23598500                   /usr/lib/jvm/java-11-openjdk-amd64/lib/libnet.so
7f8f020a2000-7f8f020a3000 r--p 00016000 08:01 23598500                   /usr/lib/jvm/java-11-openjdk-amd64/lib/libnet.so
7f8f020a3000-7f8f020a4000 rw-p 00017000 08:01 23598500                   /usr/lib/jvm/java-11-openjdk-amd64/lib/libnet.so
7f8f020a4000-7f8f020b5000 r-xp 00000000 08:01 23598501                   /usr/lib/jvm/java-11-openjdk-amd64/lib/libnio.so
7f8f020b5000-7f8f022b4000 ---p 00011000 08:01 23598501                   /usr/lib/jvm/java-11-openjdk-amd64/lib/libnio.so
7f8f022b4000-7f8f022b5000 r--p 00010000 08:01 23598501                   /usr/lib/jvm/java-11-openjdk-amd64/lib/libnio.so
7f8f022b5000-7f8f022b6000 rw-p 00011000 08:01 23598501                   /usr/lib/jvm/java-11-openjdk-amd64/lib/libnio.so
7f8f022b6000-7f8f022ba000 ---p 00000000 00:00 0 
7f8f022ba000-7f8f023b7000 rw-p 00000000 00:00 0 
7f8f023b7000-7f8f023b8000 ---p 00000000 00:00 0 
7f8f023b8000-7f8f024b9000 rw-p 00000000 00:00 0 
7f8f024b9000-7f8f024bd000 ---p 00000000 00:00 0 
7f8f024bd000-7f8f025ba000 rw-p 00000000 00:00 0 
7f8f025ba000-7f8f025be000 ---p 00000000 00:00 0 
7f8f025be000-7f8f026bb000 rw-p 00000000 00:00 0 
7f8f026bb000-7f8f026bf000 ---p 00000000 00:00 0 
7f8f026bf000-7f8f027bc000 rw-p 00000000 00:00 0 
7f8f027bc000-7f8f027c0000 ---p 00000000 00:00 0 
7f8f027c0000-7f8f028bd000 rw-p 00000000 00:00 0 
7f8f028bd000-7f8f028c1000 ---p 00000000 00:00 0 
7f8f028c1000-7f8f029be000 rw-p 00000000 00:00 0 
7f8f029be000-7f8f029c2000 ---p 00000000 00:00 0 
7f8f029c2000-7f8f02abf000 rw-p 00000000 00:00 0 
7f8f02abf000-7f8f02ac3000 ---p 00000000 00:00 0 
7f8f02ac3000-7f8f02bc0000 rw-p 00000000 00:00 0 
7f8f02bc0000-7f8f02ef0000 r--p 00000000 08:01 23598983                   /usr/lib/locale/locale-archive
7f8f02ef0000-7f8f02ef4000 ---p 00000000 00:00 0 
7f8f02ef4000-7f8f02ff1000 rw-p 00000000 00:00 0 
7f8f02ff1000-7f8f02ff5000 ---p 00000000 00:00 0 
7f8f02ff5000-7f8f030f2000 rw-p 00000000 00:00 0 
7f8f030f2000-7f8f030f3000 ---p 00000000 00:00 0 
7f8f030f3000-7f8f03674000 rw-p 00000000 00:00 0 
7f8f03674000-7f8f039f4000 ---p 00000000 00:00 0 
7f8f039f4000-7f8f039f5000 ---p 00000000 00:00 0 
7f8f039f5000-7f8f03af6000 rw-p 00000000 00:00 0 
7f8f03af6000-7f8f03af7000 ---p 00000000 00:00 0 
7f8f03af7000-7f8f03bf8000 rw-p 00000000 00:00 0 
7f8f03bf8000-7f8f03bf9000 ---p 00000000 00:00 0 
7f8f03bf9000-7f8f03cfa000 rw-p 00000000 00:00 0 
7f8f03cfa000-7f8f03cfb000 ---p 00000000 00:00 0 
7f8f03cfb000-7f8f03dfc000 rw-p 00000000 00:00 0 
7f8f03dfc000-7f8f03dfd000 ---p 00000000 00:00 0 
7f8f03dfd000-7f8f03efe000 rw-p 00000000 00:00 0 
7f8f03efe000-7f8f03eff000 ---p 00000000 00:00 0 
7f8f03eff000-7f8f04000000 rw-p 00000000 00:00 0 
7f8f04000000-7f8f04021000 rw-p 00000000 00:00 0 
7f8f04021000-7f8f08000000 ---p 00000000 00:00 0 
7f8f08000000-7f8f08021000 rw-p 00000000 00:00 0 
7f8f08021000-7f8f0c000000 ---p 00000000 00:00 0 
7f8f0c000000-7f8f0c021000 rw-p 00000000 00:00 0 
7f8f0c021000-7f8f10000000 ---p 00000000 00:00 0 
7f8f10000000-7f8f10021000 rw-p 00000000 00:00 0 
7f8f10021000-7f8f14000000 ---p 00000000 00:00 0 
7f8f14000000-7f8f14021000 rw-p 00000000 00:00 0 
7f8f14021000-7f8f18000000 ---p 00000000 00:00 0 
7f8f18000000-7f8f18021000 rw-p 00000000 00:00 0 
7f8f18021000-7f8f1c000000 ---p 00000000 00:00 0 
7f8f1c046000-7f8f1c047000 ---p 00000000 00:00 0 
7f8f1c047000-7f8f1e338000 rw-p 00000000 00:00 0 
7f8f1e338000-7f8f20000000 ---p 00000000 00:00 0 
7f8f20000000-7f8f20021000 rw-p 00000000 00:00 0 
7f8f20021000-7f8f24000000 ---p 00000000 00:00 0 
7f8f24000000-7f8f24021000 rw-p 00000000 00:00 0 
7f8f24021000-7f8f28000000 ---p 00000000 00:00 0 
7f8f28000000-7f8f28021000 rw-p 00000000 00:00 0 
7f8f28021000-7f8f2c000000 ---p 00000000 00:00 0 
7f8f2c000000-7f8f2c021000 rw-p 00000000 00:00 0 
7f8f2c021000-7f8f30000000 ---p 00000000 00:00 0 
7f8f30000000-7f8f30021000 rw-p 00000000 00:00 0 
7f8f30021000-7f8f34000000 ---p 00000000 00:00 0 
7f8f34000000-7f8f34021000 rw-p 00000000 00:00 0 
7f8f34021000-7f8f38000000 ---p 00000000 00:00 0 
7f8f38000000-7f8f38021000 rw-p 00000000 00:00 0 
7f8f38021000-7f8f3c000000 ---p 00000000 00:00 0 
7f8f3c002000-7f8f3c0d3000 rw-p 00000000 00:00 0 
7f8f3c0d3000-7f8f3c0d4000 ---p 00000000 00:00 0 
7f8f3c0d4000-7f8f3c1d5000 rw-p 00000000 00:00 0 
7f8f3c1d5000-7f8f3c1d6000 ---p 00000000 00:00 0 
7f8f3c1d6000-7f8f3cadf000 rw-p 00000000 00:00 0 
7f8f3cadf000-7f8f3cae0000 ---p 00000000 00:00 0 
7f8f3cae0000-7f8f3cbe1000 rw-p 00000000 00:00 0 
7f8f3cbe1000-7f8f3cbe2000 ---p 00000000 00:00 0 
7f8f3cbe2000-7f8f3cce3000 rw-p 00000000 00:00 0 
7f8f3cce3000-7f8f3cce4000 ---p 00000000 00:00 0 
7f8f3cce4000-7f8f3cfd5000 rw-p 00000000 00:00 0 
7f8f3cfd5000-7f8f3ec9d000 ---p 00000000 00:00 0 
7f8f3ec9d000-7f8f3ecdb000 rw-p 00000000 00:00 0 
7f8f3ecdb000-7f8f3f074000 ---p 00000000 00:00 0 
7f8f3f074000-7f8f3f0b2000 rw-p 00000000 00:00 0 
7f8f3f0b2000-7f8f3f44b000 ---p 00000000 00:00 0 
7f8f3f44b000-7f8f3f489000 rw-p 00000000 00:00 0 
7f8f3f489000-7f8f3f822000 ---p 00000000 00:00 0 
7f8f3f822000-7f8f3fb25000 rw-p 00000000 00:00 0 
7f8f3fb25000-7f8f3fd95000 rwxp 00000000 00:00 0 
7f8f3fd95000-7f8f400b6000 ---p 00000000 00:00 0 
7f8f400b6000-7f8f40326000 rwxp 00000000 00:00 0 
7f8f40326000-7f8f475ed000 ---p 00000000 00:00 0 
7f8f475ed000-7f8f4785d000 rwxp 00000000 00:00 0 
7f8f4785d000-7f8f4eb25000 ---p 00000000 00:00 0 
7f8f4eb25000-7f8f58000000 r--s 00000000 08:01 23598511                   /usr/lib/jvm/java-11-openjdk-amd64/lib/modules
7f8f58000000-7f8f5826d000 rw-p 00000000 00:00 0 
7f8f5826d000-7f8f5c000000 ---p 00000000 00:00 0 
7f8f5c028000-7f8f5c586000 rw-p 00000000 00:00 0 
7f8f5c586000-7f8f5c587000 ---p 00000000 00:00 0 
7f8f5c587000-7f8f5c688000 rw-p 00000000 00:00 0 
7f8f5c688000-7f8f5c689000 ---p 00000000 00:00 0 
7f8f5c689000-7f8f5c78a000 rw-p 00000000 00:00 0 
7f8f5c78a000-7f8f5c78b000 ---p 00000000 00:00 0 
7f8f5c78b000-7f8f5c88c000 rw-p 00000000 00:00 0 
7f8f5c88c000-7f8f5c88d000 ---p 00000000 00:00 0 
7f8f5c88d000-7f8f5c98e000 rw-p 00000000 00:00 0 
7f8f5c98e000-7f8f5c98f000 ---p 00000000 00:00 0 
7f8f5c98f000-7f8f5ca90000 rw-p 00000000 00:00 0 
7f8f5ca90000-7f8f5ca91000 ---p 00000000 00:00 0 
7f8f5ca91000-7f8f5cb92000 rw-p 00000000 00:00 0 
7f8f5cb92000-7f8f5cb93000 ---p 00000000 00:00 0 
7f8f5cb93000-7f8f5cc94000 rw-p 00000000 00:00 0 
7f8f5cc94000-7f8f5cc95000 ---p 00000000 00:00 0 
7f8f5cc95000-7f8f5cd9b000 rw-p 00000000 00:00 0 
7f8f5cd9b000-7f8f5ce81000 ---p 00000000 00:00 0 
7f8f5ce81000-7f8f5ce86000 rw-p 00000000 00:00 0 
7f8f5ce86000-7f8f5cf6c000 ---p 00000000 00:00 0 
7f8f5cf6c000-7f8f5cf71000 r-xp 00000000 08:01 23598491                   /usr/lib/jvm/java-11-openjdk-amd64/lib/libjimage.so
7f8f5cf71000-7f8f5d170000 ---p 00005000 08:01 23598491                   /usr/lib/jvm/java-11-openjdk-amd64/lib/libjimage.so
7f8f5d170000-7f8f5d171000 r--p 00004000 08:01 23598491                   /usr/lib/jvm/java-11-openjdk-amd64/lib/libjimage.so
7f8f5d171000-7f8f5d172000 rw-p 00005000 08:01 23598491                   /usr/lib/jvm/java-11-openjdk-amd64/lib/libjimage.so
7f8f5d172000-7f8f5d179000 r-xp 00000000 08:01 23598510                   /usr/lib/jvm/java-11-openjdk-amd64/lib/libzip.so
7f8f5d179000-7f8f5d378000 ---p 00007000 08:01 23598510                   /usr/lib/jvm/java-11-openjdk-amd64/lib/libzip.so
7f8f5d378000-7f8f5d379000 r--p 00006000 08:01 23598510                   /usr/lib/jvm/java-11-openjdk-amd64/lib/libzip.so
7f8f5d379000-7f8f5d37a000 rw-p 00007000 08:01 23598510                   /usr/lib/jvm/java-11-openjdk-amd64/lib/libzip.so
7f8f5d37a000-7f8f5d385000 r-xp 00000000 08:01 14684844                   /lib/x86_64-linux-gnu/libnss_files-2.27.so
7f8f5d385000-7f8f5d584000 ---p 0000b000 08:01 14684844                   /lib/x86_64-linux-gnu/libnss_files-2.27.so
7f8f5d584000-7f8f5d585000 r--p 0000a000 08:01 14684844                   /lib/x86_64-linux-gnu/libnss_files-2.27.so
7f8f5d585000-7f8f5d586000 rw-p 0000b000 08:01 14684844                   /lib/x86_64-linux-gnu/libnss_files-2.27.so
7f8f5d586000-7f8f5d58c000 rw-p 00000000 00:00 0 
7f8f5d58c000-7f8f5d5a3000 r-xp 00000000 08:01 14684838                   /lib/x86_64-linux-gnu/libnsl-2.27.so
7f8f5d5a3000-7f8f5d7a2000 ---p 00017000 08:01 14684838                   /lib/x86_64-linux-gnu/libnsl-2.27.so
7f8f5d7a2000-7f8f5d7a3000 r--p 00016000 08:01 14684838                   /lib/x86_64-linux-gnu/libnsl-2.27.so
7f8f5d7a3000-7f8f5d7a4000 rw-p 00017000 08:01 14684838                   /lib/x86_64-linux-gnu/libnsl-2.27.so
7f8f5d7a4000-7f8f5d7a6000 rw-p 00000000 00:00 0 
7f8f5d7a6000-7f8f5d7b1000 r-xp 00000000 08:01 14684855                   /lib/x86_64-linux-gnu/libnss_nis-2.27.so
7f8f5d7b1000-7f8f5d9b0000 ---p 0000b000 08:01 14684855                   /lib/x86_64-linux-gnu/libnss_nis-2.27.so
7f8f5d9b0000-7f8f5d9b1000 r--p 0000a000 08:01 14684855                   /lib/x86_64-linux-gnu/libnss_nis-2.27.so
7f8f5d9b1000-7f8f5d9b2000 rw-p 0000b000 08:01 14684855                   /lib/x86_64-linux-gnu/libnss_nis-2.27.so
7f8f5d9b2000-7f8f5d9ba000 r-xp 00000000 08:01 14684840                   /lib/x86_64-linux-gnu/libnss_compat-2.27.so
7f8f5d9ba000-7f8f5dbba000 ---p 00008000 08:01 14684840                   /lib/x86_64-linux-gnu/libnss_compat-2.27.so
7f8f5dbba000-7f8f5dbbb000 r--p 00008000 08:01 14684840                   /lib/x86_64-linux-gnu/libnss_compat-2.27.so
7f8f5dbbb000-7f8f5dbbc000 rw-p 00009000 08:01 14684840                   /lib/x86_64-linux-gnu/libnss_compat-2.27.so
7f8f5dbbc000-7f8f5dbe8000 r-xp 00000000 08:01 23598487                   /usr/lib/jvm/java-11-openjdk-amd64/lib/libjava.so
7f8f5dbe8000-7f8f5dde7000 ---p 0002c000 08:01 23598487                   /usr/lib/jvm/java-11-openjdk-amd64/lib/libjava.so
7f8f5dde7000-7f8f5dde8000 r--p 0002b000 08:01 23598487                   /usr/lib/jvm/java-11-openjdk-amd64/lib/libjava.so
7f8f5dde8000-7f8f5ddea000 rw-p 0002c000 08:01 23598487                   /usr/lib/jvm/java-11-openjdk-amd64/lib/libjava.so
7f8f5ddea000-7f8f5ddf7000 r-xp 00000000 08:01 23598509                   /usr/lib/jvm/java-11-openjdk-amd64/lib/libverify.so
7f8f5ddf7000-7f8f5dff6000 ---p 0000d000 08:01 23598509                   /usr/lib/jvm/java-11-openjdk-amd64/lib/libverify.so
7f8f5dff6000-7f8f5dff8000 r--p 0000c000 08:01 23598509                   /usr/lib/jvm/java-11-openjdk-amd64/lib/libverify.so
7f8f5dff8000-7f8f5dff9000 rw-p 0000e000 08:01 23598509                   /usr/lib/jvm/java-11-openjdk-amd64/lib/libverify.so
7f8f5dff9000-7f8f5e000000 r-xp 00000000 08:01 14684895                   /lib/x86_64-linux-gnu/librt-2.27.so
7f8f5e000000-7f8f5e1ff000 ---p 00007000 08:01 14684895                   /lib/x86_64-linux-gnu/librt-2.27.so
7f8f5e1ff000-7f8f5e200000 r--p 00006000 08:01 14684895                   /lib/x86_64-linux-gnu/librt-2.27.so
7f8f5e200000-7f8f5e201000 rw-p 00007000 08:01 14684895                   /lib/x86_64-linux-gnu/librt-2.27.so
7f8f5e201000-7f8f5e218000 r-xp 00000000 08:01 14684791                   /lib/x86_64-linux-gnu/libgcc_s.so.1
7f8f5e218000-7f8f5e417000 ---p 00017000 08:01 14684791                   /lib/x86_64-linux-gnu/libgcc_s.so.1
7f8f5e417000-7f8f5e418000 r--p 00016000 08:01 14684791                   /lib/x86_64-linux-gnu/libgcc_s.so.1
7f8f5e418000-7f8f5e419000 rw-p 00017000 08:01 14684791                   /lib/x86_64-linux-gnu/libgcc_s.so.1
7f8f5e419000-7f8f5e5b6000 r-xp 00000000 08:01 14684817                   /lib/x86_64-linux-gnu/libm-2.27.so
7f8f5e5b6000-7f8f5e7b5000 ---p 0019d000 08:01 14684817                   /lib/x86_64-linux-gnu/libm-2.27.so
7f8f5e7b5000-7f8f5e7b6000 r--p 0019c000 08:01 14684817                   /lib/x86_64-linux-gnu/libm-2.27.so
7f8f5e7b6000-7f8f5e7b7000 rw-p 0019d000 08:01 14684817                   /lib/x86_64-linux-gnu/libm-2.27.so
7f8f5e7b7000-7f8f5e930000 r-xp 00000000 08:01 23601225                   /usr/lib/x86_64-linux-gnu/libstdc++.so.6.0.25
7f8f5e930000-7f8f5eb30000 ---p 00179000 08:01 23601225                   /usr/lib/x86_64-linux-gnu/libstdc++.so.6.0.25
7f8f5eb30000-7f8f5eb3a000 r--p 00179000 08:01 23601225                   /usr/lib/x86_64-linux-gnu/libstdc++.so.6.0.25
7f8f5eb3a000-7f8f5eb3c000 rw-p 00183000 08:01 23601225                   /usr/lib/x86_64-linux-gnu/libstdc++.so.6.0.25
7f8f5eb3c000-7f8f5eb40000 rw-p 00000000 00:00 0 
7f8f5eb40000-7f8f5fadd000 r-xp 00000000 08:01 23598523                   /usr/lib/jvm/java-11-openjdk-amd64/lib/server/libjvm.so
7f8f5fadd000-7f8f5fcdd000 ---p 00f9d000 08:01 23598523                   /usr/lib/jvm/java-11-openjdk-amd64/lib/server/libjvm.so
7f8f5fcdd000-7f8f5fda1000 r--p 00f9d000 08:01 23598523                   /usr/lib/jvm/java-11-openjdk-amd64/lib/server/libjvm.so
7f8f5fda1000-7f8f5fdd9000 rw-p 01061000 08:01 23598523                   /usr/lib/jvm/java-11-openjdk-amd64/lib/server/libjvm.so
7f8f5fdd9000-7f8f5fe22000 rw-p 00000000 00:00 0 
7f8f5fe22000-7f8f5fe3c000 r-xp 00000000 08:01 14684887                   /lib/x86_64-linux-gnu/libpthread-2.27.so
7f8f5fe3c000-7f8f6003b000 ---p 0001a000 08:01 14684887                   /lib/x86_64-linux-gnu/libpthread-2.27.so
7f8f6003b000-7f8f6003c000 r--p 00019000 08:01 14684887                   /lib/x86_64-linux-gnu/libpthread-2.27.so
7f8f6003c000-7f8f6003d000 rw-p 0001a000 08:01 14684887                   /lib/x86_64-linux-gnu/libpthread-2.27.so
7f8f6003d000-7f8f60041000 rw-p 00000000 00:00 0 
7f8f60041000-7f8f60044000 r-xp 00000000 08:01 14684777                   /lib/x86_64-linux-gnu/libdl-2.27.so
7f8f60044000-7f8f60243000 ---p 00003000 08:01 14684777                   /lib/x86_64-linux-gnu/libdl-2.27.so
7f8f60243000-7f8f60244000 r--p 00002000 08:01 14684777                   /lib/x86_64-linux-gnu/libdl-2.27.so
7f8f60244000-7f8f60245000 rw-p 00003000 08:01 14684777                   /lib/x86_64-linux-gnu/libdl-2.27.so
7f8f60245000-7f8f60261000 r-xp 00000000 08:01 14684928                   /lib/x86_64-linux-gnu/libz.so.1.2.11
7f8f60261000-7f8f60460000 ---p 0001c000 08:01 14684928                   /lib/x86_64-linux-gnu/libz.so.1.2.11
7f8f60460000-7f8f60461000 r--p 0001b000 08:01 14684928                   /lib/x86_64-linux-gnu/libz.so.1.2.11
7f8f60461000-7f8f60462000 rw-p 0001c000 08:01 14684928                   /lib/x86_64-linux-gnu/libz.so.1.2.11
7f8f60462000-7f8f60649000 r-xp 00000000 08:01 14684754                   /lib/x86_64-linux-gnu/libc-2.27.so
7f8f60649000-7f8f60849000 ---p 001e7000 08:01 14684754                   /lib/x86_64-linux-gnu/libc-2.27.so
7f8f60849000-7f8f6084d000 r--p 001e7000 08:01 14684754                   /lib/x86_64-linux-gnu/libc-2.27.so
7f8f6084d000-7f8f6084f000 rw-p 001eb000 08:01 14684754                   /lib/x86_64-linux-gnu/libc-2.27.so
7f8f6084f000-7f8f60853000 rw-p 00000000 00:00 0 
7f8f60853000-7f8f60862000 r-xp 00000000 08:01 23598516                   /usr/lib/jvm/java-11-openjdk-amd64/lib/jli/libjli.so
7f8f60862000-7f8f60a61000 ---p 0000f000 08:01 23598516                   /usr/lib/jvm/java-11-openjdk-amd64/lib/jli/libjli.so
7f8f60a61000-7f8f60a62000 r--p 0000e000 08:01 23598516                   /usr/lib/jvm/java-11-openjdk-amd64/lib/jli/libjli.so
7f8f60a62000-7f8f60a63000 rw-p 0000f000 08:01 23598516                   /usr/lib/jvm/java-11-openjdk-amd64/lib/jli/libjli.so
7f8f60a63000-7f8f60a8a000 r-xp 00000000 08:01 14684726                   /lib/x86_64-linux-gnu/ld-2.27.so
7f8f60aaf000-7f8f60b6d000 rw-p 00000000 00:00 0 
7f8f60b6d000-7f8f60b71000 ---p 00000000 00:00 0 
7f8f60b71000-7f8f60c77000 rw-p 00000000 00:00 0 
7f8f60c77000-7f8f60c7e000 ---p 00000000 00:00 0 
7f8f60c7e000-7f8f60c86000 rw-s 00000000 08:01 28966959                   /tmp/hsperfdata_pc/3648
7f8f60c86000-7f8f60c87000 ---p 00000000 00:00 0 
7f8f60c87000-7f8f60c88000 r--p 00000000 00:00 0 
7f8f60c88000-7f8f60c8a000 rw-p 00000000 00:00 0 
7f8f60c8a000-7f8f60c8b000 r--p 00027000 08:01 14684726                   /lib/x86_64-linux-gnu/ld-2.27.so
7f8f60c8b000-7f8f60c8c000 rw-p 00028000 08:01 14684726                   /lib/x86_64-linux-gnu/ld-2.27.so
7f8f60c8c000-7f8f60c8d000 rw-p 00000000 00:00 0 
7ffdc9780000-7ffdc97a2000 rw-p 00000000 00:00 0                          [stack]
7ffdc97db000-7ffdc97de000 r--p 00000000 00:00 0                          [vvar]
7ffdc97de000-7ffdc97e0000 r-xp 00000000 00:00 0                          [vdso]
ffffffffff600000-ffffffffff601000 r-xp 00000000 00:00 0                  [vsyscall]


VM Arguments:
jvm_args: -Djava.library.path=/home/pc/Downloads/webots/lib/java 
java_command: SensorController
java_class_path (initial): /home/pc/Downloads/webots/lib/java/Controller.jar:/home/pc/Dokumente/my_project/controllers/SensorController/
Launcher Type: SUN_STANDARD

Logging:
Log output configuration:
#0: stdout all=warning uptime,level,tags
#1: stderr all=off uptime,level,tags

Environment Variables:
PATH=/usr/local/sbin:/usr/local/bin:/usr/sbin:/usr/bin:/sbin:/bin:/usr/games:/usr/local/games
LD_LIBRARY_PATH=/home/pc/Downloads/webots/projects/default/libraries/vehicle:/home/pc/Downloads/webots/projects/default/libraries/ros:/home/pc/Downloads/webots/resources/projects/libraries/qt_utils:/home/pc/Dokumente/my_project/controllers/SensorController/:/home/pc/Downloads/webots/lib/:/tmp/webots-3042/lib:
SHELL=/bin/bash
DISPLAY=:0

Signal Handlers:
SIGSEGV: [libjvm.so+0xd28b70], sa_mask[0]=11111111011111111101111111111110, sa_flags=SA_RESTART|SA_SIGINFO
SIGBUS: [libjvm.so+0xd28b70], sa_mask[0]=11111111011111111101111111111110, sa_flags=SA_RESTART|SA_SIGINFO
SIGFPE: [libjvm.so+0xd28b70], sa_mask[0]=11111111011111111101111111111110, sa_flags=SA_RESTART|SA_SIGINFO
SIGPIPE: [libjvm.so+0xb2a1f0], sa_mask[0]=11111111011111111101111111111110, sa_flags=SA_RESTART|SA_SIGINFO
SIGXFSZ: [libjvm.so+0xb2a1f0], sa_mask[0]=11111111011111111101111111111110, sa_flags=SA_RESTART|SA_SIGINFO
SIGILL: [libjvm.so+0xd28b70], sa_mask[0]=11111111011111111101111111111110, sa_flags=SA_RESTART|SA_SIGINFO
SIGUSR2: [libjvm.so+0xb2a030], sa_mask[0]=00000000000000000000000000000000, sa_flags=SA_RESTART|SA_SIGINFO
SIGHUP: [libjvm.so+0xb2a180], sa_mask[0]=11111111011111111101111111111110, sa_flags=SA_RESTART|SA_SIGINFO
SIGINT: [libjvm.so+0xb2a180], sa_mask[0]=11111111011111111101111111111110, sa_flags=SA_RESTART|SA_SIGINFO
SIGTERM: [libjvm.so+0xb2a180], sa_mask[0]=11111111011111111101111111111110, sa_flags=SA_RESTART|SA_SIGINFO
SIGQUIT: [libjvm.so+0xb2a180], sa_mask[0]=11111111011111111101111111111110, sa_flags=SA_RESTART|SA_SIGINFO


---------------  S Y S T E M  ---------------

OS:DISTRIB_ID=LinuxMint
DISTRIB_RELEASE=19.1
DISTRIB_CODENAME=tessa
DISTRIB_DESCRIPTION="Linux Mint 19.1 Tessa"
uname:Linux 4.15.0-20-generic #21-Ubuntu SMP Tue Apr 24 06:16:15 UTC 2018 x86_64
libc:glibc 2.27 NPTL 2.27 
rlimit: STACK 8192k, CORE 0k, NPROC 31207, NOFILE 4096, AS infinity, DATA infinity, FSIZE infinity
load average:1.39 1.39 1.37

/proc/meminfo:
MemTotal:        8051996 kB
MemFree:         4691216 kB
MemAvailable:    5711992 kB
Buffers:          105044 kB
Cached:          1915860 kB
SwapCached:            0 kB
Active:          1658132 kB
Inactive:        1467080 kB
Active(anon):    1105652 kB
Inactive(anon):   826844 kB
Active(file):     552480 kB
Inactive(file):   640236 kB
Unevictable:          32 kB
Mlocked:              32 kB
SwapTotal:       2097148 kB
SwapFree:        2097148 kB
Dirty:               412 kB
Writeback:             0 kB
AnonPages:       1105000 kB
Mapped:           577684 kB
Shmem:            828192 kB
Slab:             139420 kB
SReclaimable:      94588 kB
SUnreclaim:        44832 kB
KernelStack:        9988 kB
PageTables:        34440 kB
NFS_Unstable:          0 kB
Bounce:                0 kB
WritebackTmp:          0 kB
CommitLimit:     6123144 kB
Committed_AS:    5167588 kB
VmallocTotal:   34359738367 kB
VmallocUsed:           0 kB
VmallocChunk:          0 kB
HardwareCorrupted:     0 kB
AnonHugePages:         0 kB
ShmemHugePages:        0 kB
ShmemPmdMapped:        0 kB
CmaTotal:              0 kB
CmaFree:               0 kB
HugePages_Total:       0
HugePages_Free:        0
HugePages_Rsvd:        0
HugePages_Surp:        0
Hugepagesize:       2048 kB
DirectMap4k:      164800 kB
DirectMap2M:     8108032 kB

container (cgroup) information:
container_type: cgroupv1
cpu_cpuset_cpus: 0-7
cpu_memory_nodes: 0
active_processor_count: 8
cpu_quota: -1
cpu_period: 100000
cpu_shares: -1
memory_limit_in_bytes: -1
memory_and_swap_limit_in_bytes: -2
memory_soft_limit_in_bytes: -1
memory_usage_in_bytes: 3201429504
memory_max_usage_in_bytes: 0


CPU:total 8 (initial active 8) (4 cores per cpu, 2 threads per core) family 6 model 58 stepping 9, cmov, cx8, fxsr, mmx, sse, sse2, sse3, ssse3, sse4.1, sse4.2, popcnt, avx, aes, clmul, erms, ht, tsc, tscinvbit, tscinv
CPU Model and flags from /proc/cpuinfo:
model name	: Intel(R) Core(TM) i7-3770 CPU @ 3.40GHz
flags		: fpu vme de pse tsc msr pae mce cx8 apic sep mtrr pge mca cmov pat pse36 clflush dts acpi mmx fxsr sse sse2 ss ht tm pbe syscall nx rdtscp lm constant_tsc arch_perfmon pebs bts rep_good nopl xtopology nonstop_tsc cpuid aperfmperf pni pclmulqdq dtes64 monitor ds_cpl vmx smx est tm2 ssse3 cx16 xtpr pdcm pcid sse4_1 sse4_2 x2apic popcnt tsc_deadline_timer aes xsave avx f16c rdrand lahf_lm cpuid_fault epb pti tpr_shadow vnmi flexpriority ept vpid fsgsbase smep erms xsaveopt dtherm ida arat pln pts

Memory: 4k page, physical 8051996k(4691216k free), swap 2097148k(2097148k free)

vm_info: OpenJDK 64-Bit Server VM (10.0.2+13-Ubuntu-1ubuntu0.18.04.4) for linux-amd64 JRE (10.0.2+13-Ubuntu-1ubuntu0.18.04.4), built on Nov 13 2018 12:53:39 by "buildd" with gcc 7.3.0

END.
