#
# A fatal error has been detected by the Java Runtime Environment:
#
#  SIGSEGV (0xb) at pc=0x00007f237a5ebb32, pid=5573, tid=5574
#
# JRE version: OpenJDK Runtime Environment (10.0.2+13) (build 10.0.2+13-Ubuntu-1ubuntu0.18.04.4)
# Java VM: OpenJDK 64-Bit Server VM (10.0.2+13-Ubuntu-1ubuntu0.18.04.4, mixed mode, tiered, compressed oops, g1 gc, linux-amd64)
# Problematic frame:
# C  [libController.so+0x1bb32]  wbu_motion_new+0x5d2
#
# Core dump will be written. Default location: Core dumps may be processed with "/usr/share/apport/apport %p %s %c %d %P" (or dumping to /home/pc/Dokumente/my_project/controllers/SensorController/core.5573)
#
# If you would like to submit a bug report, please visit:
#   http://bugreport.java.com/bugreport/crash.jsp
# The crash happened outside the Java Virtual Machine in native code.
# See problematic frame for where to report the bug.
#

---------------  S U M M A R Y ------------

Command Line: -Djava.library.path=/home/pc/Downloads/webots/lib/java SensorController

Host: Intel(R) Core(TM) i7-3770 CPU @ 3.40GHz, 8 cores, 7G, Linux Mint 19.1 Tessa
Time: Tue Jun 18 12:56:03 2019 CEST elapsed time: 0 seconds (0d 0h 0m 0s)

---------------  T H R E A D  ---------------

Current thread (0x00007f23e8012000):  JavaThread "main" [_thread_in_native, id=5574, stack(0x00007f23f19b5000,0x00007f23f1ab6000)]

Stack: [0x00007f23f19b5000,0x00007f23f1ab6000],  sp=0x00007f23f1ab36f0,  free space=1017k
Native frames: (J=compiled Java code, A=aot compiled Java code, j=interpreted, Vv=VM code, C=native code)
C  [libController.so+0x1bb32]  wbu_motion_new+0x5d2
C  [libCppController.so+0x28c7a]  webots::Motion::Motion(std::__cxx11::basic_string<char, std::char_traits<char>, std::allocator<char> > const&)+0x36
C  [libJavaController.so+0x27c5d]  Java_com_cyberbotics_webots_controller_wrapperJNI_new_1Motion+0x10a
j  com.cyberbotics.webots.controller.wrapperJNI.new_Motion(Ljava/lang/String;)J+0
j  com.cyberbotics.webots.controller.Motion.<init>(Ljava/lang/String;)V+2
j  SensorController.loadMotionFiles()V+118
j  SensorController.main([Ljava/lang/String;)V+22
v  ~StubRoutines::call_stub
V  [libjvm.so+0x83d38f]
V  [libjvm.so+0x85c3cd]
V  [libjvm.so+0x85e60e]
C  [libjli.so+0x4aa0]
C  [libjli.so+0x89dd]
C  [libpthread.so.0+0x76db]  start_thread+0xdb

Java frames: (J=compiled Java code, j=interpreted, Vv=VM code)
j  com.cyberbotics.webots.controller.wrapperJNI.new_Motion(Ljava/lang/String;)J+0
j  com.cyberbotics.webots.controller.Motion.<init>(Ljava/lang/String;)V+2
j  SensorController.loadMotionFiles()V+118
j  SensorController.main([Ljava/lang/String;)V+22
v  ~StubRoutines::call_stub

siginfo: si_signo: 11 (SIGSEGV), si_code: 1 (SEGV_MAPERR), si_addr: 0x0000000000000000

Register to memory mapping:

RAX=0x0000000000000000 is an unknown value
RBX=0x00007f23e826b2d0 is an unknown value
RCX=0x0000000000000000 is an unknown value
RDX=0x00007f23f1697a68: <offset 0x00000000003eda68> in /lib/x86_64-linux-gnu/libc.so.6 at 0x00007f23f12aa000
RSP=0x00007f23f1ab36f0 is pointing into the stack for thread: 0x00007f23e8012000
RBP=0x00007f23f1ab4770 is pointing into the stack for thread: 0x00007f23e8012000
RSI=0x00007f237a608fc3: <offset 0x0000000000038fc3> in /home/pc/Downloads/webots/lib/libController.so at 0x00007f237a5d0000
RDI=0x0000000000000000 is an unknown value
R8 =0x0000000000000001 is an unknown value
R9 =0x0000000000000000 is an unknown value
R10=0x0ccccccccccccccc is an unknown value
R11=0x00007f237a608fde: <offset 0x0000000000038fde> in /home/pc/Downloads/webots/lib/libController.so at 0x00007f237a5d0000
R12=0x0000000000000028 is an unknown value
R13=0x0000000000000014 is an unknown value
R14=0x0000000000000020 is an unknown value
R15=0x0000000000000004 is an unknown value


Registers:
RAX=0x0000000000000000, RBX=0x00007f23e826b2d0, RCX=0x0000000000000000, RDX=0x00007f23f1697a68
RSP=0x00007f23f1ab36f0, RBP=0x00007f23f1ab4770, RSI=0x00007f237a608fc3, RDI=0x0000000000000000
R8 =0x0000000000000001, R9 =0x0000000000000000, R10=0x0ccccccccccccccc, R11=0x00007f237a608fde
R12=0x0000000000000028, R13=0x0000000000000014, R14=0x0000000000000020, R15=0x0000000000000004
RIP=0x00007f237a5ebb32, EFLAGS=0x0000000000010246, CSGSFS=0x002b000000000033, ERR=0x0000000000000004
  TRAPNO=0x000000000000000e

Top of Stack: (sp=0x00007f23f1ab36f0)
0x00007f23f1ab36f0:   30323a30303a3030 003665736f500030
0x00007f23f1ab3700:   003130302e300030 31003532352e302d
0x00007f23f1ab3710:   352e302d0035302e 30302e302d2c3532
0x00007f23f1ab3720:   30302e302c302c31 3532352e302d2c31 

Instructions: (pc=0x00007f237a5ebb32)
0x00007f237a5ebb12:   08 4a 03 0c 22 48 89 ca e8 f1 21 ff ff 44 3b 3b
0x00007f237a5ebb22:   7d 3c 48 8d 35 98 d4 01 00 31 ff e8 5e 26 ff ff
0x00007f237a5ebb32:   80 38 2a 75 c1 80 78 01 00 75 bb 48 8b 43 30 f2
0x00007f237a5ebb42:   0f 10 05 07 db 01 00 41 83 c7 01 4a 8b 04 20 f2 


---------------  P R O C E S S  ---------------

Threads class SMR info:
_java_thread_list=0x00007f23e8204cb0, length=11, elements={
0x00007f23e8012000, 0x00007f23e8142800, 0x00007f23e8144800, 0x00007f23e814e000,
0x00007f23e8158800, 0x00007f23e815a800, 0x00007f23e815c800, 0x00007f23e815e800,
0x00007f23e8160800, 0x00007f23e81ec800, 0x00007f23e8205800
}

Java Threads: ( => current thread )
=>0x00007f23e8012000 JavaThread "main" [_thread_in_native, id=5574, stack(0x00007f23f19b5000,0x00007f23f1ab6000)]
  0x00007f23e8142800 JavaThread "Reference Handler" daemon [_thread_blocked, id=5596, stack(0x00007f237bdfd000,0x00007f237befe000)]
  0x00007f23e8144800 JavaThread "Finalizer" daemon [_thread_blocked, id=5597, stack(0x00007f237bcfc000,0x00007f237bdfd000)]
  0x00007f23e814e000 JavaThread "Signal Dispatcher" daemon [_thread_blocked, id=5598, stack(0x00007f237b8cb000,0x00007f237b9cc000)]
  0x00007f23e8158800 JavaThread "C2 CompilerThread0" daemon [_thread_blocked, id=5599, stack(0x00007f237b7ca000,0x00007f237b8cb000)]
  0x00007f23e815a800 JavaThread "C2 CompilerThread1" daemon [_thread_blocked, id=5600, stack(0x00007f237b6c9000,0x00007f237b7ca000)]
  0x00007f23e815c800 JavaThread "C2 CompilerThread2" daemon [_thread_blocked, id=5601, stack(0x00007f237b5c8000,0x00007f237b6c9000)]
  0x00007f23e815e800 JavaThread "C1 CompilerThread3" daemon [_thread_blocked, id=5602, stack(0x00007f237b4c7000,0x00007f237b5c8000)]
  0x00007f23e8160800 JavaThread "Sweeper thread" daemon [_thread_blocked, id=5603, stack(0x00007f237b3c6000,0x00007f237b4c7000)]
  0x00007f23e81ec800 JavaThread "Service Thread" daemon [_thread_blocked, id=5604, stack(0x00007f237b2c5000,0x00007f237b3c6000)]
  0x00007f23e8205800 JavaThread "Common-Cleaner" daemon [_thread_blocked, id=5606, stack(0x00007f237b0c2000,0x00007f237b1c3000)]

Other Threads:
  0x00007f23e8139000 VMThread "VM Thread" [stack: 0x00007f237bf00000,0x00007f237c000000] [id=5595]
  0x00007f23e81ef000 WatcherThread [stack: 0x00007f237b1c5000,0x00007f237b2c5000] [id=5605]
  0x00007f23e8028800 GCTaskThread "GC Thread#0" [stack: 0x00007f23edade000,0x00007f23edbde000] [id=5575]
  0x00007f23e802a000 GCTaskThread "GC Thread#1" [stack: 0x00007f23ed9dc000,0x00007f23edadc000] [id=5576]
  0x00007f23e802c000 GCTaskThread "GC Thread#2" [stack: 0x00007f23ed8da000,0x00007f23ed9da000] [id=5577]
  0x00007f23e802d800 GCTaskThread "GC Thread#3" [stack: 0x00007f23ed7d8000,0x00007f23ed8d8000] [id=5578]
  0x00007f23e802f000 GCTaskThread "GC Thread#4" [stack: 0x00007f23ed6d6000,0x00007f23ed7d6000] [id=5579]
  0x00007f23e8031000 GCTaskThread "GC Thread#5" [stack: 0x00007f23ed5d4000,0x00007f23ed6d4000] [id=5580]
  0x00007f23e8032800 GCTaskThread "GC Thread#6" [stack: 0x00007f23ed4d2000,0x00007f23ed5d2000] [id=5581]
  0x00007f23e8034800 GCTaskThread "GC Thread#7" [stack: 0x00007f23ed3d0000,0x00007f23ed4d0000] [id=5582]
  0x00007f23e805d800 ConcurrentGCThread "G1 Main Marker" [stack: 0x00007f23cdb6d000,0x00007f23cdc6d000] [id=5583]
  0x00007f23e805f800 ConcurrentGCThread "G1 Conc#0" [stack: 0x00007f23cda6b000,0x00007f23cdb6b000] [id=5584]
  0x00007f23e8061000 ConcurrentGCThread "G1 Conc#1" [stack: 0x00007f23cd969000,0x00007f23cda69000] [id=5585]
  0x00007f23e80c9800 ConcurrentGCThread "G1 Refine#0" [stack: 0x00007f23cd05f000,0x00007f23cd15f000] [id=5586]
  0x00007f23e80cb800 ConcurrentGCThread "G1 Refine#1" [stack: 0x00007f23ccf5d000,0x00007f23cd05d000] [id=5587]
  0x00007f23e80cd000 ConcurrentGCThread "G1 Refine#2" [stack: 0x00007f23cce5b000,0x00007f23ccf5b000] [id=5588]
  0x00007f23e80cf000 ConcurrentGCThread "G1 Refine#3" [stack: 0x00007f23ccd59000,0x00007f23cce59000] [id=5589]
  0x00007f23e80d0800 ConcurrentGCThread "G1 Refine#4" [stack: 0x00007f23ccc57000,0x00007f23ccd57000] [id=5590]
  0x00007f23e80d2800 ConcurrentGCThread "G1 Refine#5" [stack: 0x00007f23ccb55000,0x00007f23ccc55000] [id=5591]
  0x00007f23e80d4000 ConcurrentGCThread "G1 Refine#6" [stack: 0x00007f23cca53000,0x00007f23ccb53000] [id=5592]
  0x00007f23e80d6000 ConcurrentGCThread "G1 Refine#7" [stack: 0x00007f23cc951000,0x00007f23cca51000] [id=5593]
  0x00007f23e80d7800 ConcurrentGCThread "G1 Young RemSet Sampling" [stack: 0x00007f23cc84f000,0x00007f23cc94f000] [id=5594]

Threads with active compile tasks:

VM state:not at safepoint (normal execution)

VM Mutex/Monitor currently owned by a thread: None

Heap address: 0x0000000085200000, size: 1966 MB, Compressed Oops mode: 32-bit
Narrow klass base: 0x0000000000000000, Narrow klass shift: 3
Compressed class space size: 1073741824 Address: 0x0000000100000000

Heap:
 garbage-first heap   total 126976K, used 1024K [0x0000000085200000, 0x0000000100000000)
  region size 1024K, 2 young (2048K), 0 survivors (0K)
 Metaspace       used 4857K, capacity 4990K, committed 5120K, reserved 1056768K
  class space    used 398K, capacity 430K, committed 512K, reserved 1048576K
Heap Regions: E=young(eden), S=young(survivor), O=old, HS=humongous(starts), HC=humongous(continues), CS=collection set, F=free, A=archive, TS=gc time stamp, AC=allocation context, TAMS=top-at-mark-start (previous, next)
|   0|0x0000000085200000, 0x0000000085200000, 0x0000000085300000|  0%| F|  |TS  0|AC  0|TAMS 0x0000000085200000, 0x0000000085200000|
|   1|0x0000000085300000, 0x0000000085300000, 0x0000000085400000|  0%| F|  |TS  0|AC  0|TAMS 0x0000000085300000, 0x0000000085300000|
|   2|0x0000000085400000, 0x0000000085400000, 0x0000000085500000|  0%| F|  |TS  0|AC  0|TAMS 0x0000000085400000, 0x0000000085400000|
|   3|0x0000000085500000, 0x0000000085500000, 0x0000000085600000|  0%| F|  |TS  0|AC  0|TAMS 0x0000000085500000, 0x0000000085500000|
|   4|0x0000000085600000, 0x0000000085600000, 0x0000000085700000|  0%| F|  |TS  0|AC  0|TAMS 0x0000000085600000, 0x0000000085600000|
|   5|0x0000000085700000, 0x0000000085700000, 0x0000000085800000|  0%| F|  |TS  0|AC  0|TAMS 0x0000000085700000, 0x0000000085700000|
|   6|0x0000000085800000, 0x0000000085800000, 0x0000000085900000|  0%| F|  |TS  0|AC  0|TAMS 0x0000000085800000, 0x0000000085800000|
|   7|0x0000000085900000, 0x0000000085900000, 0x0000000085a00000|  0%| F|  |TS  0|AC  0|TAMS 0x0000000085900000, 0x0000000085900000|
|   8|0x0000000085a00000, 0x0000000085a00000, 0x0000000085b00000|  0%| F|  |TS  0|AC  0|TAMS 0x0000000085a00000, 0x0000000085a00000|
|   9|0x0000000085b00000, 0x0000000085b00000, 0x0000000085c00000|  0%| F|  |TS  0|AC  0|TAMS 0x0000000085b00000, 0x0000000085b00000|
|  10|0x0000000085c00000, 0x0000000085c00000, 0x0000000085d00000|  0%| F|  |TS  0|AC  0|TAMS 0x0000000085c00000, 0x0000000085c00000|
|  11|0x0000000085d00000, 0x0000000085d00000, 0x0000000085e00000|  0%| F|  |TS  0|AC  0|TAMS 0x0000000085d00000, 0x0000000085d00000|
|  12|0x0000000085e00000, 0x0000000085e00000, 0x0000000085f00000|  0%| F|  |TS  0|AC  0|TAMS 0x0000000085e00000, 0x0000000085e00000|
|  13|0x0000000085f00000, 0x0000000085f00000, 0x0000000086000000|  0%| F|  |TS  0|AC  0|TAMS 0x0000000085f00000, 0x0000000085f00000|
|  14|0x0000000086000000, 0x0000000086000000, 0x0000000086100000|  0%| F|  |TS  0|AC  0|TAMS 0x0000000086000000, 0x0000000086000000|
|  15|0x0000000086100000, 0x0000000086100000, 0x0000000086200000|  0%| F|  |TS  0|AC  0|TAMS 0x0000000086100000, 0x0000000086100000|
|  16|0x0000000086200000, 0x0000000086200000, 0x0000000086300000|  0%| F|  |TS  0|AC  0|TAMS 0x0000000086200000, 0x0000000086200000|
|  17|0x0000000086300000, 0x0000000086300000, 0x0000000086400000|  0%| F|  |TS  0|AC  0|TAMS 0x0000000086300000, 0x0000000086300000|
|  18|0x0000000086400000, 0x0000000086400000, 0x0000000086500000|  0%| F|  |TS  0|AC  0|TAMS 0x0000000086400000, 0x0000000086400000|
|  19|0x0000000086500000, 0x0000000086500000, 0x0000000086600000|  0%| F|  |TS  0|AC  0|TAMS 0x0000000086500000, 0x0000000086500000|
|  20|0x0000000086600000, 0x0000000086600000, 0x0000000086700000|  0%| F|  |TS  0|AC  0|TAMS 0x0000000086600000, 0x0000000086600000|
|  21|0x0000000086700000, 0x0000000086700000, 0x0000000086800000|  0%| F|  |TS  0|AC  0|TAMS 0x0000000086700000, 0x0000000086700000|
|  22|0x0000000086800000, 0x0000000086800000, 0x0000000086900000|  0%| F|  |TS  0|AC  0|TAMS 0x0000000086800000, 0x0000000086800000|
|  23|0x0000000086900000, 0x0000000086900000, 0x0000000086a00000|  0%| F|  |TS  0|AC  0|TAMS 0x0000000086900000, 0x0000000086900000|
|  24|0x0000000086a00000, 0x0000000086a00000, 0x0000000086b00000|  0%| F|  |TS  0|AC  0|TAMS 0x0000000086a00000, 0x0000000086a00000|
|  25|0x0000000086b00000, 0x0000000086b00000, 0x0000000086c00000|  0%| F|  |TS  0|AC  0|TAMS 0x0000000086b00000, 0x0000000086b00000|
|  26|0x0000000086c00000, 0x0000000086c00000, 0x0000000086d00000|  0%| F|  |TS  0|AC  0|TAMS 0x0000000086c00000, 0x0000000086c00000|
|  27|0x0000000086d00000, 0x0000000086d00000, 0x0000000086e00000|  0%| F|  |TS  0|AC  0|TAMS 0x0000000086d00000, 0x0000000086d00000|
|  28|0x0000000086e00000, 0x0000000086e00000, 0x0000000086f00000|  0%| F|  |TS  0|AC  0|TAMS 0x0000000086e00000, 0x0000000086e00000|
|  29|0x0000000086f00000, 0x0000000086f00000, 0x0000000087000000|  0%| F|  |TS  0|AC  0|TAMS 0x0000000086f00000, 0x0000000086f00000|
|  30|0x0000000087000000, 0x0000000087000000, 0x0000000087100000|  0%| F|  |TS  0|AC  0|TAMS 0x0000000087000000, 0x0000000087000000|
|  31|0x0000000087100000, 0x0000000087100000, 0x0000000087200000|  0%| F|  |TS  0|AC  0|TAMS 0x0000000087100000, 0x0000000087100000|
|  32|0x0000000087200000, 0x0000000087200000, 0x0000000087300000|  0%| F|  |TS  0|AC  0|TAMS 0x0000000087200000, 0x0000000087200000|
|  33|0x0000000087300000, 0x0000000087300000, 0x0000000087400000|  0%| F|  |TS  0|AC  0|TAMS 0x0000000087300000, 0x0000000087300000|
|  34|0x0000000087400000, 0x0000000087400000, 0x0000000087500000|  0%| F|  |TS  0|AC  0|TAMS 0x0000000087400000, 0x0000000087400000|
|  35|0x0000000087500000, 0x0000000087500000, 0x0000000087600000|  0%| F|  |TS  0|AC  0|TAMS 0x0000000087500000, 0x0000000087500000|
|  36|0x0000000087600000, 0x0000000087600000, 0x0000000087700000|  0%| F|  |TS  0|AC  0|TAMS 0x0000000087600000, 0x0000000087600000|
|  37|0x0000000087700000, 0x0000000087700000, 0x0000000087800000|  0%| F|  |TS  0|AC  0|TAMS 0x0000000087700000, 0x0000000087700000|
|  38|0x0000000087800000, 0x0000000087800000, 0x0000000087900000|  0%| F|  |TS  0|AC  0|TAMS 0x0000000087800000, 0x0000000087800000|
|  39|0x0000000087900000, 0x0000000087900000, 0x0000000087a00000|  0%| F|  |TS  0|AC  0|TAMS 0x0000000087900000, 0x0000000087900000|
|  40|0x0000000087a00000, 0x0000000087a00000, 0x0000000087b00000|  0%| F|  |TS  0|AC  0|TAMS 0x0000000087a00000, 0x0000000087a00000|
|  41|0x0000000087b00000, 0x0000000087b00000, 0x0000000087c00000|  0%| F|  |TS  0|AC  0|TAMS 0x0000000087b00000, 0x0000000087b00000|
|  42|0x0000000087c00000, 0x0000000087c00000, 0x0000000087d00000|  0%| F|  |TS  0|AC  0|TAMS 0x0000000087c00000, 0x0000000087c00000|
|  43|0x0000000087d00000, 0x0000000087d00000, 0x0000000087e00000|  0%| F|  |TS  0|AC  0|TAMS 0x0000000087d00000, 0x0000000087d00000|
|  44|0x0000000087e00000, 0x0000000087e00000, 0x0000000087f00000|  0%| F|  |TS  0|AC  0|TAMS 0x0000000087e00000, 0x0000000087e00000|
|  45|0x0000000087f00000, 0x0000000087f00000, 0x0000000088000000|  0%| F|  |TS  0|AC  0|TAMS 0x0000000087f00000, 0x0000000087f00000|
|  46|0x0000000088000000, 0x0000000088000000, 0x0000000088100000|  0%| F|  |TS  0|AC  0|TAMS 0x0000000088000000, 0x0000000088000000|
|  47|0x0000000088100000, 0x0000000088100000, 0x0000000088200000|  0%| F|  |TS  0|AC  0|TAMS 0x0000000088100000, 0x0000000088100000|
|  48|0x0000000088200000, 0x0000000088200000, 0x0000000088300000|  0%| F|  |TS  0|AC  0|TAMS 0x0000000088200000, 0x0000000088200000|
|  49|0x0000000088300000, 0x0000000088300000, 0x0000000088400000|  0%| F|  |TS  0|AC  0|TAMS 0x0000000088300000, 0x0000000088300000|
|  50|0x0000000088400000, 0x0000000088400000, 0x0000000088500000|  0%| F|  |TS  0|AC  0|TAMS 0x0000000088400000, 0x0000000088400000|
|  51|0x0000000088500000, 0x0000000088500000, 0x0000000088600000|  0%| F|  |TS  0|AC  0|TAMS 0x0000000088500000, 0x0000000088500000|
|  52|0x0000000088600000, 0x0000000088600000, 0x0000000088700000|  0%| F|  |TS  0|AC  0|TAMS 0x0000000088600000, 0x0000000088600000|
|  53|0x0000000088700000, 0x0000000088700000, 0x0000000088800000|  0%| F|  |TS  0|AC  0|TAMS 0x0000000088700000, 0x0000000088700000|
|  54|0x0000000088800000, 0x0000000088800000, 0x0000000088900000|  0%| F|  |TS  0|AC  0|TAMS 0x0000000088800000, 0x0000000088800000|
|  55|0x0000000088900000, 0x0000000088900000, 0x0000000088a00000|  0%| F|  |TS  0|AC  0|TAMS 0x0000000088900000, 0x0000000088900000|
|  56|0x0000000088a00000, 0x0000000088a00000, 0x0000000088b00000|  0%| F|  |TS  0|AC  0|TAMS 0x0000000088a00000, 0x0000000088a00000|
|  57|0x0000000088b00000, 0x0000000088b00000, 0x0000000088c00000|  0%| F|  |TS  0|AC  0|TAMS 0x0000000088b00000, 0x0000000088b00000|
|  58|0x0000000088c00000, 0x0000000088c00000, 0x0000000088d00000|  0%| F|  |TS  0|AC  0|TAMS 0x0000000088c00000, 0x0000000088c00000|
|  59|0x0000000088d00000, 0x0000000088d00000, 0x0000000088e00000|  0%| F|  |TS  0|AC  0|TAMS 0x0000000088d00000, 0x0000000088d00000|
|  60|0x0000000088e00000, 0x0000000088e00000, 0x0000000088f00000|  0%| F|  |TS  0|AC  0|TAMS 0x0000000088e00000, 0x0000000088e00000|
|  61|0x0000000088f00000, 0x0000000088f00000, 0x0000000089000000|  0%| F|  |TS  0|AC  0|TAMS 0x0000000088f00000, 0x0000000088f00000|
|  62|0x0000000089000000, 0x0000000089000000, 0x0000000089100000|  0%| F|  |TS  0|AC  0|TAMS 0x0000000089000000, 0x0000000089000000|
|  63|0x0000000089100000, 0x0000000089100000, 0x0000000089200000|  0%| F|  |TS  0|AC  0|TAMS 0x0000000089100000, 0x0000000089100000|
|  64|0x0000000089200000, 0x0000000089200000, 0x0000000089300000|  0%| F|  |TS  0|AC  0|TAMS 0x0000000089200000, 0x0000000089200000|
|  65|0x0000000089300000, 0x0000000089300000, 0x0000000089400000|  0%| F|  |TS  0|AC  0|TAMS 0x0000000089300000, 0x0000000089300000|
|  66|0x0000000089400000, 0x0000000089400000, 0x0000000089500000|  0%| F|  |TS  0|AC  0|TAMS 0x0000000089400000, 0x0000000089400000|
|  67|0x0000000089500000, 0x0000000089500000, 0x0000000089600000|  0%| F|  |TS  0|AC  0|TAMS 0x0000000089500000, 0x0000000089500000|
|  68|0x0000000089600000, 0x0000000089600000, 0x0000000089700000|  0%| F|  |TS  0|AC  0|TAMS 0x0000000089600000, 0x0000000089600000|
|  69|0x0000000089700000, 0x0000000089700000, 0x0000000089800000|  0%| F|  |TS  0|AC  0|TAMS 0x0000000089700000, 0x0000000089700000|
|  70|0x0000000089800000, 0x0000000089800000, 0x0000000089900000|  0%| F|  |TS  0|AC  0|TAMS 0x0000000089800000, 0x0000000089800000|
|  71|0x0000000089900000, 0x0000000089900000, 0x0000000089a00000|  0%| F|  |TS  0|AC  0|TAMS 0x0000000089900000, 0x0000000089900000|
|  72|0x0000000089a00000, 0x0000000089a00000, 0x0000000089b00000|  0%| F|  |TS  0|AC  0|TAMS 0x0000000089a00000, 0x0000000089a00000|
|  73|0x0000000089b00000, 0x0000000089b00000, 0x0000000089c00000|  0%| F|  |TS  0|AC  0|TAMS 0x0000000089b00000, 0x0000000089b00000|
|  74|0x0000000089c00000, 0x0000000089c00000, 0x0000000089d00000|  0%| F|  |TS  0|AC  0|TAMS 0x0000000089c00000, 0x0000000089c00000|
|  75|0x0000000089d00000, 0x0000000089d00000, 0x0000000089e00000|  0%| F|  |TS  0|AC  0|TAMS 0x0000000089d00000, 0x0000000089d00000|
|  76|0x0000000089e00000, 0x0000000089e00000, 0x0000000089f00000|  0%| F|  |TS  0|AC  0|TAMS 0x0000000089e00000, 0x0000000089e00000|
|  77|0x0000000089f00000, 0x0000000089f00000, 0x000000008a000000|  0%| F|  |TS  0|AC  0|TAMS 0x0000000089f00000, 0x0000000089f00000|
|  78|0x000000008a000000, 0x000000008a000000, 0x000000008a100000|  0%| F|  |TS  0|AC  0|TAMS 0x000000008a000000, 0x000000008a000000|
|  79|0x000000008a100000, 0x000000008a100000, 0x000000008a200000|  0%| F|  |TS  0|AC  0|TAMS 0x000000008a100000, 0x000000008a100000|
|  80|0x000000008a200000, 0x000000008a200000, 0x000000008a300000|  0%| F|  |TS  0|AC  0|TAMS 0x000000008a200000, 0x000000008a200000|
|  81|0x000000008a300000, 0x000000008a300000, 0x000000008a400000|  0%| F|  |TS  0|AC  0|TAMS 0x000000008a300000, 0x000000008a300000|
|  82|0x000000008a400000, 0x000000008a400000, 0x000000008a500000|  0%| F|  |TS  0|AC  0|TAMS 0x000000008a400000, 0x000000008a400000|
|  83|0x000000008a500000, 0x000000008a500000, 0x000000008a600000|  0%| F|  |TS  0|AC  0|TAMS 0x000000008a500000, 0x000000008a500000|
|  84|0x000000008a600000, 0x000000008a600000, 0x000000008a700000|  0%| F|  |TS  0|AC  0|TAMS 0x000000008a600000, 0x000000008a600000|
|  85|0x000000008a700000, 0x000000008a700000, 0x000000008a800000|  0%| F|  |TS  0|AC  0|TAMS 0x000000008a700000, 0x000000008a700000|
|  86|0x000000008a800000, 0x000000008a800000, 0x000000008a900000|  0%| F|  |TS  0|AC  0|TAMS 0x000000008a800000, 0x000000008a800000|
|  87|0x000000008a900000, 0x000000008a900000, 0x000000008aa00000|  0%| F|  |TS  0|AC  0|TAMS 0x000000008a900000, 0x000000008a900000|
|  88|0x000000008aa00000, 0x000000008aa00000, 0x000000008ab00000|  0%| F|  |TS  0|AC  0|TAMS 0x000000008aa00000, 0x000000008aa00000|
|  89|0x000000008ab00000, 0x000000008ab00000, 0x000000008ac00000|  0%| F|  |TS  0|AC  0|TAMS 0x000000008ab00000, 0x000000008ab00000|
|  90|0x000000008ac00000, 0x000000008ac00000, 0x000000008ad00000|  0%| F|  |TS  0|AC  0|TAMS 0x000000008ac00000, 0x000000008ac00000|
|  91|0x000000008ad00000, 0x000000008ad00000, 0x000000008ae00000|  0%| F|  |TS  0|AC  0|TAMS 0x000000008ad00000, 0x000000008ad00000|
|  92|0x000000008ae00000, 0x000000008ae00000, 0x000000008af00000|  0%| F|  |TS  0|AC  0|TAMS 0x000000008ae00000, 0x000000008ae00000|
|  93|0x000000008af00000, 0x000000008af00000, 0x000000008b000000|  0%| F|  |TS  0|AC  0|TAMS 0x000000008af00000, 0x000000008af00000|
|  94|0x000000008b000000, 0x000000008b000000, 0x000000008b100000|  0%| F|  |TS  0|AC  0|TAMS 0x000000008b000000, 0x000000008b000000|
|  95|0x000000008b100000, 0x000000008b100000, 0x000000008b200000|  0%| F|  |TS  0|AC  0|TAMS 0x000000008b100000, 0x000000008b100000|
|  96|0x000000008b200000, 0x000000008b200000, 0x000000008b300000|  0%| F|  |TS  0|AC  0|TAMS 0x000000008b200000, 0x000000008b200000|
|  97|0x000000008b300000, 0x000000008b300000, 0x000000008b400000|  0%| F|  |TS  0|AC  0|TAMS 0x000000008b300000, 0x000000008b300000|
|  98|0x000000008b400000, 0x000000008b400000, 0x000000008b500000|  0%| F|  |TS  0|AC  0|TAMS 0x000000008b400000, 0x000000008b400000|
|  99|0x000000008b500000, 0x000000008b500000, 0x000000008b600000|  0%| F|  |TS  0|AC  0|TAMS 0x000000008b500000, 0x000000008b500000|
| 100|0x000000008b600000, 0x000000008b600000, 0x000000008b700000|  0%| F|  |TS  0|AC  0|TAMS 0x000000008b600000, 0x000000008b600000|
| 101|0x000000008b700000, 0x000000008b700000, 0x000000008b800000|  0%| F|  |TS  0|AC  0|TAMS 0x000000008b700000, 0x000000008b700000|
| 102|0x000000008b800000, 0x000000008b800000, 0x000000008b900000|  0%| F|  |TS  0|AC  0|TAMS 0x000000008b800000, 0x000000008b800000|
| 103|0x000000008b900000, 0x000000008b900000, 0x000000008ba00000|  0%| F|  |TS  0|AC  0|TAMS 0x000000008b900000, 0x000000008b900000|
| 104|0x000000008ba00000, 0x000000008ba00000, 0x000000008bb00000|  0%| F|  |TS  0|AC  0|TAMS 0x000000008ba00000, 0x000000008ba00000|
| 105|0x000000008bb00000, 0x000000008bb00000, 0x000000008bc00000|  0%| F|  |TS  0|AC  0|TAMS 0x000000008bb00000, 0x000000008bb00000|
| 106|0x000000008bc00000, 0x000000008bc00000, 0x000000008bd00000|  0%| F|  |TS  0|AC  0|TAMS 0x000000008bc00000, 0x000000008bc00000|
| 107|0x000000008bd00000, 0x000000008bd00000, 0x000000008be00000|  0%| F|  |TS  0|AC  0|TAMS 0x000000008bd00000, 0x000000008bd00000|
| 108|0x000000008be00000, 0x000000008be00000, 0x000000008bf00000|  0%| F|  |TS  0|AC  0|TAMS 0x000000008be00000, 0x000000008be00000|
| 109|0x000000008bf00000, 0x000000008bf00000, 0x000000008c000000|  0%| F|  |TS  0|AC  0|TAMS 0x000000008bf00000, 0x000000008bf00000|
| 110|0x000000008c000000, 0x000000008c000000, 0x000000008c100000|  0%| F|  |TS  0|AC  0|TAMS 0x000000008c000000, 0x000000008c000000|
| 111|0x000000008c100000, 0x000000008c100000, 0x000000008c200000|  0%| F|  |TS  0|AC  0|TAMS 0x000000008c100000, 0x000000008c100000|
| 112|0x000000008c200000, 0x000000008c200000, 0x000000008c300000|  0%| F|  |TS  0|AC  0|TAMS 0x000000008c200000, 0x000000008c200000|
| 113|0x000000008c300000, 0x000000008c300000, 0x000000008c400000|  0%| F|  |TS  0|AC  0|TAMS 0x000000008c300000, 0x000000008c300000|
| 114|0x000000008c400000, 0x000000008c400000, 0x000000008c500000|  0%| F|  |TS  0|AC  0|TAMS 0x000000008c400000, 0x000000008c400000|
| 115|0x000000008c500000, 0x000000008c500000, 0x000000008c600000|  0%| F|  |TS  0|AC  0|TAMS 0x000000008c500000, 0x000000008c500000|
| 116|0x000000008c600000, 0x000000008c600000, 0x000000008c700000|  0%| F|  |TS  0|AC  0|TAMS 0x000000008c600000, 0x000000008c600000|
| 117|0x000000008c700000, 0x000000008c700000, 0x000000008c800000|  0%| F|  |TS  0|AC  0|TAMS 0x000000008c700000, 0x000000008c700000|
| 118|0x000000008c800000, 0x000000008c800000, 0x000000008c900000|  0%| F|  |TS  0|AC  0|TAMS 0x000000008c800000, 0x000000008c800000|
| 119|0x000000008c900000, 0x000000008c900000, 0x000000008ca00000|  0%| F|  |TS  0|AC  0|TAMS 0x000000008c900000, 0x000000008c900000|
| 120|0x000000008ca00000, 0x000000008ca00000, 0x000000008cb00000|  0%| F|  |TS  0|AC  0|TAMS 0x000000008ca00000, 0x000000008ca00000|
| 121|0x000000008cb00000, 0x000000008cb00000, 0x000000008cc00000|  0%| F|  |TS  0|AC  0|TAMS 0x000000008cb00000, 0x000000008cb00000|
| 122|0x000000008cc00000, 0x000000008ccf6478, 0x000000008cd00000| 96%| E|  |TS  0|AC  0|TAMS 0x000000008cc00000, 0x000000008cc00000|
| 123|0x000000008cd00000, 0x000000008ce00000, 0x000000008ce00000|100%| E|CS|TS  0|AC  0|TAMS 0x000000008cd00000, 0x000000008cd00000|

Card table byte_map: [0x00007f23ec418000,0x00007f23ec7ef000] byte_map_base: 0x00007f23ebfef000

Marking Bits (Prev, Next): (CMBitMap*) 0x00007f23e805ce80, (CMBitMap*) 0x00007f23e805ceb8
 Prev Bits: [0x00007f23cdc6d000, 0x00007f23cfb25000)
 Next Bits: [0x00007f23ae148000, 0x00007f23b0000000)

Polling page: 0x00007f23f1ace000

CodeHeap 'non-profiled nmethods': size=120032Kb used=23Kb max_used=23Kb free=120008Kb
 bounds [0x00007f23d75ed000, 0x00007f23d785d000, 0x00007f23deb25000]
CodeHeap 'profiled nmethods': size=120028Kb used=139Kb max_used=139Kb free=119888Kb
 bounds [0x00007f23d00b6000, 0x00007f23d0326000, 0x00007f23d75ed000]
CodeHeap 'non-nmethods': size=5700Kb used=1018Kb max_used=1029Kb free=4681Kb
 bounds [0x00007f23cfb25000, 0x00007f23cfd95000, 0x00007f23d00b6000]
 total_blobs=470 nmethods=103 adapters=222
 compilation: enabled

Compilation events (10 events):
Event: 0.082 Thread 0x00007f23e815e800 nmethod 99 0x00007f23d00d5c10 code [0x00007f23d00d5de0, 0x00007f23d00d61f0]
Event: 0.082 Thread 0x00007f23e815e800  100       3       java.lang.StringBuilder::append (8 bytes)
Event: 0.082 Thread 0x00007f23e815e800 nmethod 100 0x00007f23d00d6390 code [0x00007f23d00d6540, 0x00007f23d00d66e8]
Event: 0.082 Thread 0x00007f23e815e800  101       3       java.lang.AbstractStringBuilder::append (45 bytes)
Event: 0.082 Thread 0x00007f23e815e800 nmethod 101 0x00007f23d00d6790 code [0x00007f23d00d69c0, 0x00007f23d00d6f38]
Event: 0.084 Thread 0x00007f23e815e800  102       3       java.lang.Character::toLowerCase (9 bytes)
Event: 0.085 Thread 0x00007f23e815e800 nmethod 102 0x00007f23d00d7190 code [0x00007f23d00d7360, 0x00007f23d00d7598]
Event: 0.085 Thread 0x00007f23e815e800  103       3       java.lang.CharacterDataLatin1::toLowerCase (39 bytes)
Event: 0.085 Thread 0x00007f23e815e800 nmethod 103 0x00007f23d00d7690 code [0x00007f23d00d7860, 0x00007f23d00d7af0]
Event: 0.088 Thread 0x00007f23e815e800  104       3       java.util.Arrays::copyOfRange (63 bytes)

GC Heap History (0 events):
No events

Deoptimization events (1 events):
Event: 0.052 Thread 0x00007f23e8012000 Uncommon trap: reason=unstable_if action=reinterpret pc=0x00007f23d75f24e8 method=java.lang.String.hashCode()I @ 14 c2

Classes redefined (0 events):
No events

Internal exceptions (0 events):
No events

Events (10 events):
Event: 0.081 loading class com/cyberbotics/webots/controller/Mouse
Event: 0.081 loading class com/cyberbotics/webots/controller/Mouse done
Event: 0.082 loading class com/cyberbotics/webots/controller/Camera
Event: 0.082 loading class com/cyberbotics/webots/controller/Camera done
Event: 0.083 loading class com/cyberbotics/webots/controller/Device
Event: 0.083 loading class com/cyberbotics/webots/controller/Device done
Event: 0.084 loading class com/cyberbotics/webots/controller/DistanceSensor
Event: 0.084 loading class com/cyberbotics/webots/controller/DistanceSensor done
Event: 0.085 loading class com/cyberbotics/webots/controller/Motion
Event: 0.085 loading class com/cyberbotics/webots/controller/Motion done


Dynamic libraries:
85200000-8ce00000 rw-p 00000000 00:00 0 
8ce00000-100000000 ---p 00000000 00:00 0 
100000000-100080000 rw-p 00000000 00:00 0 
100080000-140000000 ---p 00000000 00:00 0 
556083e74000-556083e75000 r-xp 00000000 08:01 23598097                   /usr/lib/jvm/java-11-openjdk-amd64/bin/java
556084075000-556084076000 r--p 00001000 08:01 23598097                   /usr/lib/jvm/java-11-openjdk-amd64/bin/java
556084076000-556084077000 rw-p 00002000 08:01 23598097                   /usr/lib/jvm/java-11-openjdk-amd64/bin/java
556085d1a000-556085d3b000 rw-p 00000000 00:00 0                          [heap]
7f2340000000-7f2340021000 rw-p 00000000 00:00 0 
7f2340021000-7f2344000000 ---p 00000000 00:00 0 
7f2348000000-7f2348021000 rw-p 00000000 00:00 0 
7f2348021000-7f234c000000 ---p 00000000 00:00 0 
7f234c000000-7f234c021000 rw-p 00000000 00:00 0 
7f234c021000-7f2350000000 ---p 00000000 00:00 0 
7f2350000000-7f2350086000 rw-p 00000000 00:00 0 
7f2350086000-7f2354000000 ---p 00000000 00:00 0 
7f2354000000-7f2354021000 rw-p 00000000 00:00 0 
7f2354021000-7f2358000000 ---p 00000000 00:00 0 
7f2358000000-7f2358021000 rw-p 00000000 00:00 0 
7f2358021000-7f235c000000 ---p 00000000 00:00 0 
7f235c000000-7f235c021000 rw-p 00000000 00:00 0 
7f235c021000-7f2360000000 ---p 00000000 00:00 0 
7f2360000000-7f2360021000 rw-p 00000000 00:00 0 
7f2360021000-7f2364000000 ---p 00000000 00:00 0 
7f2364000000-7f236406e000 rw-p 00000000 00:00 0 
7f236406e000-7f2368000000 ---p 00000000 00:00 0 
7f2368000000-7f2368021000 rw-p 00000000 00:00 0 
7f2368021000-7f236c000000 ---p 00000000 00:00 0 
7f236c000000-7f236c021000 rw-p 00000000 00:00 0 
7f236c021000-7f2370000000 ---p 00000000 00:00 0 
7f2370000000-7f2370021000 rw-p 00000000 00:00 0 
7f2370021000-7f2374000000 ---p 00000000 00:00 0 
7f2374000000-7f2374021000 rw-p 00000000 00:00 0 
7f2374021000-7f2378000000 ---p 00000000 00:00 0 
7f23798a5000-7f23798a8000 r-xp 00000000 08:01 26486645                   /home/pc/Downloads/webots/resources/projects/plugins/robot_windows/generic/libgeneric.so
7f23798a8000-7f2379aa7000 ---p 00003000 08:01 26486645                   /home/pc/Downloads/webots/resources/projects/plugins/robot_windows/generic/libgeneric.so
7f2379aa7000-7f2379aa8000 r--p 00002000 08:01 26486645                   /home/pc/Downloads/webots/resources/projects/plugins/robot_windows/generic/libgeneric.so
7f2379aa8000-7f2379aa9000 rw-p 00003000 08:01 26486645                   /home/pc/Downloads/webots/resources/projects/plugins/robot_windows/generic/libgeneric.so
7f2379aa9000-7f2379ab4000 r-xp 00000000 08:01 27920412                   /home/pc/Downloads/webots/lib/libjbig.so.0
7f2379ab4000-7f2379cb3000 ---p 0000b000 08:01 27920412                   /home/pc/Downloads/webots/lib/libjbig.so.0
7f2379cb3000-7f2379cb4000 r--p 0000a000 08:01 27920412                   /home/pc/Downloads/webots/lib/libjbig.so.0
7f2379cb4000-7f2379cb7000 rw-p 0000b000 08:01 27920412                   /home/pc/Downloads/webots/lib/libjbig.so.0
7f2379cb7000-7f2379cdb000 r-xp 00000000 08:01 14684814                   /lib/x86_64-linux-gnu/liblzma.so.5.2.2
7f2379cdb000-7f2379edb000 ---p 00024000 08:01 14684814                   /lib/x86_64-linux-gnu/liblzma.so.5.2.2
7f2379edb000-7f2379edc000 r--p 00024000 08:01 14684814                   /lib/x86_64-linux-gnu/liblzma.so.5.2.2
7f2379edc000-7f2379edd000 rw-p 00025000 08:01 14684814                   /lib/x86_64-linux-gnu/liblzma.so.5.2.2
7f2379edd000-7f2379f01000 r-xp 00000000 08:01 27920444                   /home/pc/Downloads/webots/lib/libpng12.so.0
7f2379f01000-7f237a100000 ---p 00024000 08:01 27920444                   /home/pc/Downloads/webots/lib/libpng12.so.0
7f237a100000-7f237a101000 r--p 00023000 08:01 27920444                   /home/pc/Downloads/webots/lib/libpng12.so.0
7f237a101000-7f237a102000 rw-p 00024000 08:01 27920444                   /home/pc/Downloads/webots/lib/libpng12.so.0
7f237a102000-7f237a159000 r-xp 00000000 08:01 27920405                   /home/pc/Downloads/webots/lib/libjpeg.so.8
7f237a159000-7f237a359000 ---p 00057000 08:01 27920405                   /home/pc/Downloads/webots/lib/libjpeg.so.8
7f237a359000-7f237a35a000 r--p 00057000 08:01 27920405                   /home/pc/Downloads/webots/lib/libjpeg.so.8
7f237a35a000-7f237a35b000 rw-p 00058000 08:01 27920405                   /home/pc/Downloads/webots/lib/libjpeg.so.8
7f237a35b000-7f237a3cc000 r-xp 00000000 08:01 27920407                   /home/pc/Downloads/webots/lib/libtiff.so.5
7f237a3cc000-7f237a5cc000 ---p 00071000 08:01 27920407                   /home/pc/Downloads/webots/lib/libtiff.so.5
7f237a5cc000-7f237a5cd000 r--p 00071000 08:01 27920407                   /home/pc/Downloads/webots/lib/libtiff.so.5
7f237a5cd000-7f237a5d0000 rw-p 00072000 08:01 27920407                   /home/pc/Downloads/webots/lib/libtiff.so.5
7f237a5d0000-7f237a61c000 r-xp 00000000 08:01 27920416                   /home/pc/Downloads/webots/lib/libController.so
7f237a61c000-7f237a81b000 ---p 0004c000 08:01 27920416                   /home/pc/Downloads/webots/lib/libController.so
7f237a81b000-7f237a81c000 r--p 0004b000 08:01 27920416                   /home/pc/Downloads/webots/lib/libController.so
7f237a81c000-7f237a81d000 rw-p 0004c000 08:01 27920416                   /home/pc/Downloads/webots/lib/libController.so
7f237a81d000-7f237a81e000 rw-p 00000000 00:00 0 
7f237a81e000-7f237a858000 r-xp 00000000 08:01 27920467                   /home/pc/Downloads/webots/lib/libCppController.so
7f237a858000-7f237aa57000 ---p 0003a000 08:01 27920467                   /home/pc/Downloads/webots/lib/libCppController.so
7f237aa57000-7f237aa59000 r--p 00039000 08:01 27920467                   /home/pc/Downloads/webots/lib/libCppController.so
7f237aa59000-7f237aa5b000 rw-p 0003b000 08:01 27920467                   /home/pc/Downloads/webots/lib/libCppController.so
7f237aa5b000-7f237aa97000 r-xp 00000000 08:01 27920367                   /home/pc/Downloads/webots/lib/java/libJavaController.so
7f237aa97000-7f237ac96000 ---p 0003c000 08:01 27920367                   /home/pc/Downloads/webots/lib/java/libJavaController.so
7f237ac96000-7f237ac97000 r--p 0003b000 08:01 27920367                   /home/pc/Downloads/webots/lib/java/libJavaController.so
7f237ac97000-7f237ac98000 rw-p 0003c000 08:01 27920367                   /home/pc/Downloads/webots/lib/java/libJavaController.so
7f237ac98000-7f237acaf000 r-xp 00000000 08:01 23598500                   /usr/lib/jvm/java-11-openjdk-amd64/lib/libnet.so
7f237acaf000-7f237aeae000 ---p 00017000 08:01 23598500                   /usr/lib/jvm/java-11-openjdk-amd64/lib/libnet.so
7f237aeae000-7f237aeaf000 r--p 00016000 08:01 23598500                   /usr/lib/jvm/java-11-openjdk-amd64/lib/libnet.so
7f237aeaf000-7f237aeb0000 rw-p 00017000 08:01 23598500                   /usr/lib/jvm/java-11-openjdk-amd64/lib/libnet.so
7f237aeb0000-7f237aec1000 r-xp 00000000 08:01 23598501                   /usr/lib/jvm/java-11-openjdk-amd64/lib/libnio.so
7f237aec1000-7f237b0c0000 ---p 00011000 08:01 23598501                   /usr/lib/jvm/java-11-openjdk-amd64/lib/libnio.so
7f237b0c0000-7f237b0c1000 r--p 00010000 08:01 23598501                   /usr/lib/jvm/java-11-openjdk-amd64/lib/libnio.so
7f237b0c1000-7f237b0c2000 rw-p 00011000 08:01 23598501                   /usr/lib/jvm/java-11-openjdk-amd64/lib/libnio.so
7f237b0c2000-7f237b0c6000 ---p 00000000 00:00 0 
7f237b0c6000-7f237b1c3000 rw-p 00000000 00:00 0 
7f237b1c3000-7f237b1c4000 ---p 00000000 00:00 0 
7f237b1c4000-7f237b2c5000 rw-p 00000000 00:00 0 
7f237b2c5000-7f237b2c9000 ---p 00000000 00:00 0 
7f237b2c9000-7f237b3c6000 rw-p 00000000 00:00 0 
7f237b3c6000-7f237b3ca000 ---p 00000000 00:00 0 
7f237b3ca000-7f237b4c7000 rw-p 00000000 00:00 0 
7f237b4c7000-7f237b4cb000 ---p 00000000 00:00 0 
7f237b4cb000-7f237b5c8000 rw-p 00000000 00:00 0 
7f237b5c8000-7f237b5cc000 ---p 00000000 00:00 0 
7f237b5cc000-7f237b6c9000 rw-p 00000000 00:00 0 
7f237b6c9000-7f237b6cd000 ---p 00000000 00:00 0 
7f237b6cd000-7f237b7ca000 rw-p 00000000 00:00 0 
7f237b7ca000-7f237b7ce000 ---p 00000000 00:00 0 
7f237b7ce000-7f237b8cb000 rw-p 00000000 00:00 0 
7f237b8cb000-7f237b8cf000 ---p 00000000 00:00 0 
7f237b8cf000-7f237b9cc000 rw-p 00000000 00:00 0 
7f237b9cc000-7f237bcfc000 r--p 00000000 08:01 23598983                   /usr/lib/locale/locale-archive
7f237bcfc000-7f237bd00000 ---p 00000000 00:00 0 
7f237bd00000-7f237bdfd000 rw-p 00000000 00:00 0 
7f237bdfd000-7f237be01000 ---p 00000000 00:00 0 
7f237be01000-7f237befe000 rw-p 00000000 00:00 0 
7f237befe000-7f237beff000 ---p 00000000 00:00 0 
7f237beff000-7f237c000000 rw-p 00000000 00:00 0 
7f237c000000-7f237c021000 rw-p 00000000 00:00 0 
7f237c021000-7f2380000000 ---p 00000000 00:00 0 
7f2380000000-7f2380021000 rw-p 00000000 00:00 0 
7f2380021000-7f2384000000 ---p 00000000 00:00 0 
7f2384000000-7f2384021000 rw-p 00000000 00:00 0 
7f2384021000-7f2388000000 ---p 00000000 00:00 0 
7f2388000000-7f2388021000 rw-p 00000000 00:00 0 
7f2388021000-7f238c000000 ---p 00000000 00:00 0 
7f238c000000-7f238c021000 rw-p 00000000 00:00 0 
7f238c021000-7f2390000000 ---p 00000000 00:00 0 
7f2390000000-7f2390021000 rw-p 00000000 00:00 0 
7f2390021000-7f2394000000 ---p 00000000 00:00 0 
7f2394000000-7f2394021000 rw-p 00000000 00:00 0 
7f2394021000-7f2398000000 ---p 00000000 00:00 0 
7f2398000000-7f2398021000 rw-p 00000000 00:00 0 
7f2398021000-7f239c000000 ---p 00000000 00:00 0 
7f239c000000-7f239c021000 rw-p 00000000 00:00 0 
7f239c021000-7f23a0000000 ---p 00000000 00:00 0 
7f23a0000000-7f23a0021000 rw-p 00000000 00:00 0 
7f23a0021000-7f23a4000000 ---p 00000000 00:00 0 
7f23a4000000-7f23a4021000 rw-p 00000000 00:00 0 
7f23a4021000-7f23a8000000 ---p 00000000 00:00 0 
7f23a8000000-7f23a8021000 rw-p 00000000 00:00 0 
7f23a8021000-7f23ac000000 ---p 00000000 00:00 0 
7f23ac077000-7f23ae338000 rw-p 00000000 00:00 0 
7f23ae338000-7f23b0000000 ---p 00000000 00:00 0 
7f23b0000000-7f23b0021000 rw-p 00000000 00:00 0 
7f23b0021000-7f23b4000000 ---p 00000000 00:00 0 
7f23b4000000-7f23b4021000 rw-p 00000000 00:00 0 
7f23b4021000-7f23b8000000 ---p 00000000 00:00 0 
7f23b8000000-7f23b8021000 rw-p 00000000 00:00 0 
7f23b8021000-7f23bc000000 ---p 00000000 00:00 0 
7f23bc000000-7f23bc021000 rw-p 00000000 00:00 0 
7f23bc021000-7f23c0000000 ---p 00000000 00:00 0 
7f23c0000000-7f23c0021000 rw-p 00000000 00:00 0 
7f23c0021000-7f23c4000000 ---p 00000000 00:00 0 
7f23c4000000-7f23c4021000 rw-p 00000000 00:00 0 
7f23c4021000-7f23c8000000 ---p 00000000 00:00 0 
7f23c8000000-7f23c8021000 rw-p 00000000 00:00 0 
7f23c8021000-7f23cc000000 ---p 00000000 00:00 0 
7f23cc01c000-7f23cc4cd000 rw-p 00000000 00:00 0 
7f23cc4cd000-7f23cc84d000 ---p 00000000 00:00 0 
7f23cc84d000-7f23cc84e000 ---p 00000000 00:00 0 
7f23cc84e000-7f23cc94f000 rw-p 00000000 00:00 0 
7f23cc94f000-7f23cc950000 ---p 00000000 00:00 0 
7f23cc950000-7f23cca51000 rw-p 00000000 00:00 0 
7f23cca51000-7f23cca52000 ---p 00000000 00:00 0 
7f23cca52000-7f23ccb53000 rw-p 00000000 00:00 0 
7f23ccb53000-7f23ccb54000 ---p 00000000 00:00 0 
7f23ccb54000-7f23ccc55000 rw-p 00000000 00:00 0 
7f23ccc55000-7f23ccc56000 ---p 00000000 00:00 0 
7f23ccc56000-7f23ccd57000 rw-p 00000000 00:00 0 
7f23ccd57000-7f23ccd58000 ---p 00000000 00:00 0 
7f23ccd58000-7f23cce59000 rw-p 00000000 00:00 0 
7f23cce59000-7f23cce5a000 ---p 00000000 00:00 0 
7f23cce5a000-7f23ccf5b000 rw-p 00000000 00:00 0 
7f23ccf5b000-7f23ccf5c000 ---p 00000000 00:00 0 
7f23ccf5c000-7f23cd05d000 rw-p 00000000 00:00 0 
7f23cd05d000-7f23cd05e000 ---p 00000000 00:00 0 
7f23cd05e000-7f23cd967000 rw-p 00000000 00:00 0 
7f23cd967000-7f23cd968000 ---p 00000000 00:00 0 
7f23cd968000-7f23cda69000 rw-p 00000000 00:00 0 
7f23cda69000-7f23cda6a000 ---p 00000000 00:00 0 
7f23cda6a000-7f23cdb6b000 rw-p 00000000 00:00 0 
7f23cdb6b000-7f23cdb6c000 ---p 00000000 00:00 0 
7f23cdb6c000-7f23cde5d000 rw-p 00000000 00:00 0 
7f23cde5d000-7f23cfb25000 ---p 00000000 00:00 0 
7f23cfb25000-7f23cfd95000 rwxp 00000000 00:00 0 
7f23cfd95000-7f23d00b6000 ---p 00000000 00:00 0 
7f23d00b6000-7f23d0326000 rwxp 00000000 00:00 0 
7f23d0326000-7f23d75ed000 ---p 00000000 00:00 0 
7f23d75ed000-7f23d785d000 rwxp 00000000 00:00 0 
7f23d785d000-7f23deb25000 ---p 00000000 00:00 0 
7f23deb25000-7f23e8000000 r--s 00000000 08:01 23598511                   /usr/lib/jvm/java-11-openjdk-amd64/lib/modules
7f23e8000000-7f23e8286000 rw-p 00000000 00:00 0 
7f23e8286000-7f23ec000000 ---p 00000000 00:00 0 
7f23ec019000-7f23ec07f000 rw-p 00000000 00:00 0 
7f23ec07f000-7f23ec418000 ---p 00000000 00:00 0 
7f23ec418000-7f23ec456000 rw-p 00000000 00:00 0 
7f23ec456000-7f23ec7ef000 ---p 00000000 00:00 0 
7f23ec7ef000-7f23ec82d000 rw-p 00000000 00:00 0 
7f23ec82d000-7f23ecbc6000 ---p 00000000 00:00 0 
7f23ecbc6000-7f23ed3ce000 rw-p 00000000 00:00 0 
7f23ed3ce000-7f23ed3cf000 ---p 00000000 00:00 0 
7f23ed3cf000-7f23ed4d0000 rw-p 00000000 00:00 0 
7f23ed4d0000-7f23ed4d1000 ---p 00000000 00:00 0 
7f23ed4d1000-7f23ed5d2000 rw-p 00000000 00:00 0 
7f23ed5d2000-7f23ed5d3000 ---p 00000000 00:00 0 
7f23ed5d3000-7f23ed6d4000 rw-p 00000000 00:00 0 
7f23ed6d4000-7f23ed6d5000 ---p 00000000 00:00 0 
7f23ed6d5000-7f23ed7d6000 rw-p 00000000 00:00 0 
7f23ed7d6000-7f23ed7d7000 ---p 00000000 00:00 0 
7f23ed7d7000-7f23ed8d8000 rw-p 00000000 00:00 0 
7f23ed8d8000-7f23ed8d9000 ---p 00000000 00:00 0 
7f23ed8d9000-7f23ed9da000 rw-p 00000000 00:00 0 
7f23ed9da000-7f23ed9db000 ---p 00000000 00:00 0 
7f23ed9db000-7f23edadc000 rw-p 00000000 00:00 0 
7f23edadc000-7f23edadd000 ---p 00000000 00:00 0 
7f23edadd000-7f23edbe3000 rw-p 00000000 00:00 0 
7f23edbe3000-7f23edcc9000 ---p 00000000 00:00 0 
7f23edcc9000-7f23edcce000 rw-p 00000000 00:00 0 
7f23edcce000-7f23eddb4000 ---p 00000000 00:00 0 
7f23eddb4000-7f23eddb9000 r-xp 00000000 08:01 23598491                   /usr/lib/jvm/java-11-openjdk-amd64/lib/libjimage.so
7f23eddb9000-7f23edfb8000 ---p 00005000 08:01 23598491                   /usr/lib/jvm/java-11-openjdk-amd64/lib/libjimage.so
7f23edfb8000-7f23edfb9000 r--p 00004000 08:01 23598491                   /usr/lib/jvm/java-11-openjdk-amd64/lib/libjimage.so
7f23edfb9000-7f23edfba000 rw-p 00005000 08:01 23598491                   /usr/lib/jvm/java-11-openjdk-amd64/lib/libjimage.so
7f23edfba000-7f23edfc1000 r-xp 00000000 08:01 23598510                   /usr/lib/jvm/java-11-openjdk-amd64/lib/libzip.so
7f23edfc1000-7f23ee1c0000 ---p 00007000 08:01 23598510                   /usr/lib/jvm/java-11-openjdk-amd64/lib/libzip.so
7f23ee1c0000-7f23ee1c1000 r--p 00006000 08:01 23598510                   /usr/lib/jvm/java-11-openjdk-amd64/lib/libzip.so
7f23ee1c1000-7f23ee1c2000 rw-p 00007000 08:01 23598510                   /usr/lib/jvm/java-11-openjdk-amd64/lib/libzip.so
7f23ee1c2000-7f23ee1cd000 r-xp 00000000 08:01 14684844                   /lib/x86_64-linux-gnu/libnss_files-2.27.so
7f23ee1cd000-7f23ee3cc000 ---p 0000b000 08:01 14684844                   /lib/x86_64-linux-gnu/libnss_files-2.27.so
7f23ee3cc000-7f23ee3cd000 r--p 0000a000 08:01 14684844                   /lib/x86_64-linux-gnu/libnss_files-2.27.so
7f23ee3cd000-7f23ee3ce000 rw-p 0000b000 08:01 14684844                   /lib/x86_64-linux-gnu/libnss_files-2.27.so
7f23ee3ce000-7f23ee3d4000 rw-p 00000000 00:00 0 
7f23ee3d4000-7f23ee3eb000 r-xp 00000000 08:01 14684838                   /lib/x86_64-linux-gnu/libnsl-2.27.so
7f23ee3eb000-7f23ee5ea000 ---p 00017000 08:01 14684838                   /lib/x86_64-linux-gnu/libnsl-2.27.so
7f23ee5ea000-7f23ee5eb000 r--p 00016000 08:01 14684838                   /lib/x86_64-linux-gnu/libnsl-2.27.so
7f23ee5eb000-7f23ee5ec000 rw-p 00017000 08:01 14684838                   /lib/x86_64-linux-gnu/libnsl-2.27.so
7f23ee5ec000-7f23ee5ee000 rw-p 00000000 00:00 0 
7f23ee5ee000-7f23ee5f9000 r-xp 00000000 08:01 14684855                   /lib/x86_64-linux-gnu/libnss_nis-2.27.so
7f23ee5f9000-7f23ee7f8000 ---p 0000b000 08:01 14684855                   /lib/x86_64-linux-gnu/libnss_nis-2.27.so
7f23ee7f8000-7f23ee7f9000 r--p 0000a000 08:01 14684855                   /lib/x86_64-linux-gnu/libnss_nis-2.27.so
7f23ee7f9000-7f23ee7fa000 rw-p 0000b000 08:01 14684855                   /lib/x86_64-linux-gnu/libnss_nis-2.27.so
7f23ee7fa000-7f23ee802000 r-xp 00000000 08:01 14684840                   /lib/x86_64-linux-gnu/libnss_compat-2.27.so
7f23ee802000-7f23eea02000 ---p 00008000 08:01 14684840                   /lib/x86_64-linux-gnu/libnss_compat-2.27.so
7f23eea02000-7f23eea03000 r--p 00008000 08:01 14684840                   /lib/x86_64-linux-gnu/libnss_compat-2.27.so
7f23eea03000-7f23eea04000 rw-p 00009000 08:01 14684840                   /lib/x86_64-linux-gnu/libnss_compat-2.27.so
7f23eea04000-7f23eea30000 r-xp 00000000 08:01 23598487                   /usr/lib/jvm/java-11-openjdk-amd64/lib/libjava.so
7f23eea30000-7f23eec2f000 ---p 0002c000 08:01 23598487                   /usr/lib/jvm/java-11-openjdk-amd64/lib/libjava.so
7f23eec2f000-7f23eec30000 r--p 0002b000 08:01 23598487                   /usr/lib/jvm/java-11-openjdk-amd64/lib/libjava.so
7f23eec30000-7f23eec32000 rw-p 0002c000 08:01 23598487                   /usr/lib/jvm/java-11-openjdk-amd64/lib/libjava.so
7f23eec32000-7f23eec3f000 r-xp 00000000 08:01 23598509                   /usr/lib/jvm/java-11-openjdk-amd64/lib/libverify.so
7f23eec3f000-7f23eee3e000 ---p 0000d000 08:01 23598509                   /usr/lib/jvm/java-11-openjdk-amd64/lib/libverify.so
7f23eee3e000-7f23eee40000 r--p 0000c000 08:01 23598509                   /usr/lib/jvm/java-11-openjdk-amd64/lib/libverify.so
7f23eee40000-7f23eee41000 rw-p 0000e000 08:01 23598509                   /usr/lib/jvm/java-11-openjdk-amd64/lib/libverify.so
7f23eee41000-7f23eee48000 r-xp 00000000 08:01 14684895                   /lib/x86_64-linux-gnu/librt-2.27.so
7f23eee48000-7f23ef047000 ---p 00007000 08:01 14684895                   /lib/x86_64-linux-gnu/librt-2.27.so
7f23ef047000-7f23ef048000 r--p 00006000 08:01 14684895                   /lib/x86_64-linux-gnu/librt-2.27.so
7f23ef048000-7f23ef049000 rw-p 00007000 08:01 14684895                   /lib/x86_64-linux-gnu/librt-2.27.so
7f23ef049000-7f23ef060000 r-xp 00000000 08:01 14684791                   /lib/x86_64-linux-gnu/libgcc_s.so.1
7f23ef060000-7f23ef25f000 ---p 00017000 08:01 14684791                   /lib/x86_64-linux-gnu/libgcc_s.so.1
7f23ef25f000-7f23ef260000 r--p 00016000 08:01 14684791                   /lib/x86_64-linux-gnu/libgcc_s.so.1
7f23ef260000-7f23ef261000 rw-p 00017000 08:01 14684791                   /lib/x86_64-linux-gnu/libgcc_s.so.1
7f23ef261000-7f23ef3fe000 r-xp 00000000 08:01 14684817                   /lib/x86_64-linux-gnu/libm-2.27.so
7f23ef3fe000-7f23ef5fd000 ---p 0019d000 08:01 14684817                   /lib/x86_64-linux-gnu/libm-2.27.so
7f23ef5fd000-7f23ef5fe000 r--p 0019c000 08:01 14684817                   /lib/x86_64-linux-gnu/libm-2.27.so
7f23ef5fe000-7f23ef5ff000 rw-p 0019d000 08:01 14684817                   /lib/x86_64-linux-gnu/libm-2.27.so
7f23ef5ff000-7f23ef778000 r-xp 00000000 08:01 23601225                   /usr/lib/x86_64-linux-gnu/libstdc++.so.6.0.25
7f23ef778000-7f23ef978000 ---p 00179000 08:01 23601225                   /usr/lib/x86_64-linux-gnu/libstdc++.so.6.0.25
7f23ef978000-7f23ef982000 r--p 00179000 08:01 23601225                   /usr/lib/x86_64-linux-gnu/libstdc++.so.6.0.25
7f23ef982000-7f23ef984000 rw-p 00183000 08:01 23601225                   /usr/lib/x86_64-linux-gnu/libstdc++.so.6.0.25
7f23ef984000-7f23ef988000 rw-p 00000000 00:00 0 
7f23ef988000-7f23f0925000 r-xp 00000000 08:01 23598523                   /usr/lib/jvm/java-11-openjdk-amd64/lib/server/libjvm.so
7f23f0925000-7f23f0b25000 ---p 00f9d000 08:01 23598523                   /usr/lib/jvm/java-11-openjdk-amd64/lib/server/libjvm.so
7f23f0b25000-7f23f0be9000 r--p 00f9d000 08:01 23598523                   /usr/lib/jvm/java-11-openjdk-amd64/lib/server/libjvm.so
7f23f0be9000-7f23f0c21000 rw-p 01061000 08:01 23598523                   /usr/lib/jvm/java-11-openjdk-amd64/lib/server/libjvm.so
7f23f0c21000-7f23f0c6a000 rw-p 00000000 00:00 0 
7f23f0c6a000-7f23f0c84000 r-xp 00000000 08:01 14684887                   /lib/x86_64-linux-gnu/libpthread-2.27.so
7f23f0c84000-7f23f0e83000 ---p 0001a000 08:01 14684887                   /lib/x86_64-linux-gnu/libpthread-2.27.so
7f23f0e83000-7f23f0e84000 r--p 00019000 08:01 14684887                   /lib/x86_64-linux-gnu/libpthread-2.27.so
7f23f0e84000-7f23f0e85000 rw-p 0001a000 08:01 14684887                   /lib/x86_64-linux-gnu/libpthread-2.27.so
7f23f0e85000-7f23f0e89000 rw-p 00000000 00:00 0 
7f23f0e89000-7f23f0e8c000 r-xp 00000000 08:01 14684777                   /lib/x86_64-linux-gnu/libdl-2.27.so
7f23f0e8c000-7f23f108b000 ---p 00003000 08:01 14684777                   /lib/x86_64-linux-gnu/libdl-2.27.so
7f23f108b000-7f23f108c000 r--p 00002000 08:01 14684777                   /lib/x86_64-linux-gnu/libdl-2.27.so
7f23f108c000-7f23f108d000 rw-p 00003000 08:01 14684777                   /lib/x86_64-linux-gnu/libdl-2.27.so
7f23f108d000-7f23f10a9000 r-xp 00000000 08:01 14684928                   /lib/x86_64-linux-gnu/libz.so.1.2.11
7f23f10a9000-7f23f12a8000 ---p 0001c000 08:01 14684928                   /lib/x86_64-linux-gnu/libz.so.1.2.11
7f23f12a8000-7f23f12a9000 r--p 0001b000 08:01 14684928                   /lib/x86_64-linux-gnu/libz.so.1.2.11
7f23f12a9000-7f23f12aa000 rw-p 0001c000 08:01 14684928                   /lib/x86_64-linux-gnu/libz.so.1.2.11
7f23f12aa000-7f23f1491000 r-xp 00000000 08:01 14684754                   /lib/x86_64-linux-gnu/libc-2.27.so
7f23f1491000-7f23f1691000 ---p 001e7000 08:01 14684754                   /lib/x86_64-linux-gnu/libc-2.27.so
7f23f1691000-7f23f1695000 r--p 001e7000 08:01 14684754                   /lib/x86_64-linux-gnu/libc-2.27.so
7f23f1695000-7f23f1697000 rw-p 001eb000 08:01 14684754                   /lib/x86_64-linux-gnu/libc-2.27.so
7f23f1697000-7f23f169b000 rw-p 00000000 00:00 0 
7f23f169b000-7f23f16aa000 r-xp 00000000 08:01 23598516                   /usr/lib/jvm/java-11-openjdk-amd64/lib/jli/libjli.so
7f23f16aa000-7f23f18a9000 ---p 0000f000 08:01 23598516                   /usr/lib/jvm/java-11-openjdk-amd64/lib/jli/libjli.so
7f23f18a9000-7f23f18aa000 r--p 0000e000 08:01 23598516                   /usr/lib/jvm/java-11-openjdk-amd64/lib/jli/libjli.so
7f23f18aa000-7f23f18ab000 rw-p 0000f000 08:01 23598516                   /usr/lib/jvm/java-11-openjdk-amd64/lib/jli/libjli.so
7f23f18ab000-7f23f18d2000 r-xp 00000000 08:01 14684726                   /lib/x86_64-linux-gnu/ld-2.27.so
7f23f18f7000-7f23f19b5000 rw-p 00000000 00:00 0 
7f23f19b5000-7f23f19b9000 ---p 00000000 00:00 0 
7f23f19b9000-7f23f1abf000 rw-p 00000000 00:00 0 
7f23f1abf000-7f23f1ac6000 ---p 00000000 00:00 0 
7f23f1ac6000-7f23f1ace000 rw-s 00000000 08:01 28966955                   /tmp/hsperfdata_pc/5573
7f23f1ace000-7f23f1acf000 ---p 00000000 00:00 0 
7f23f1acf000-7f23f1ad0000 r--p 00000000 00:00 0 
7f23f1ad0000-7f23f1ad2000 rw-p 00000000 00:00 0 
7f23f1ad2000-7f23f1ad3000 r--p 00027000 08:01 14684726                   /lib/x86_64-linux-gnu/ld-2.27.so
7f23f1ad3000-7f23f1ad4000 rw-p 00028000 08:01 14684726                   /lib/x86_64-linux-gnu/ld-2.27.so
7f23f1ad4000-7f23f1ad5000 rw-p 00000000 00:00 0 
7fffcd941000-7fffcd963000 rw-p 00000000 00:00 0                          [stack]
7fffcd9cb000-7fffcd9ce000 r--p 00000000 00:00 0                          [vvar]
7fffcd9ce000-7fffcd9d0000 r-xp 00000000 00:00 0                          [vdso]
ffffffffff600000-ffffffffff601000 r-xp 00000000 00:00 0                  [vsyscall]


VM Arguments:
jvm_args: -Djava.library.path=/home/pc/Downloads/webots/lib/java 
java_command: SensorController
java_class_path (initial): /home/pc/Downloads/webots/lib/java/Controller.jar:/home/pc/Dokumente/my_project/controllers/SensorController/
Launcher Type: SUN_STANDARD

Logging:
Log output configuration:
#0: stdout all=warning uptime,level,tags
#1: stderr all=off uptime,level,tags

Environment Variables:
PATH=/usr/local/sbin:/usr/local/bin:/usr/sbin:/usr/bin:/sbin:/bin:/usr/games:/usr/local/games
LD_LIBRARY_PATH=/home/pc/Downloads/webots/projects/default/libraries/vehicle:/home/pc/Downloads/webots/projects/default/libraries/ros:/home/pc/Downloads/webots/resources/projects/libraries/qt_utils:/home/pc/Dokumente/my_project/controllers/SensorController/:/home/pc/Downloads/webots/lib/:/tmp/webots-4827/lib:
SHELL=/bin/bash
DISPLAY=:0

Signal Handlers:
SIGSEGV: [libjvm.so+0xd28b70], sa_mask[0]=11111111011111111101111111111110, sa_flags=SA_RESTART|SA_SIGINFO
SIGBUS: [libjvm.so+0xd28b70], sa_mask[0]=11111111011111111101111111111110, sa_flags=SA_RESTART|SA_SIGINFO
SIGFPE: [libjvm.so+0xd28b70], sa_mask[0]=11111111011111111101111111111110, sa_flags=SA_RESTART|SA_SIGINFO
SIGPIPE: [libjvm.so+0xb2a1f0], sa_mask[0]=11111111011111111101111111111110, sa_flags=SA_RESTART|SA_SIGINFO
SIGXFSZ: [libjvm.so+0xb2a1f0], sa_mask[0]=11111111011111111101111111111110, sa_flags=SA_RESTART|SA_SIGINFO
SIGILL: [libjvm.so+0xd28b70], sa_mask[0]=11111111011111111101111111111110, sa_flags=SA_RESTART|SA_SIGINFO
SIGUSR2: [libjvm.so+0xb2a030], sa_mask[0]=00000000000000000000000000000000, sa_flags=SA_RESTART|SA_SIGINFO
SIGHUP: [libjvm.so+0xb2a180], sa_mask[0]=11111111011111111101111111111110, sa_flags=SA_RESTART|SA_SIGINFO
SIGINT: [libjvm.so+0xb2a180], sa_mask[0]=11111111011111111101111111111110, sa_flags=SA_RESTART|SA_SIGINFO
SIGTERM: [libjvm.so+0xb2a180], sa_mask[0]=11111111011111111101111111111110, sa_flags=SA_RESTART|SA_SIGINFO
SIGQUIT: [libjvm.so+0xb2a180], sa_mask[0]=11111111011111111101111111111110, sa_flags=SA_RESTART|SA_SIGINFO


---------------  S Y S T E M  ---------------

OS:DISTRIB_ID=LinuxMint
DISTRIB_RELEASE=19.1
DISTRIB_CODENAME=tessa
DISTRIB_DESCRIPTION="Linux Mint 19.1 Tessa"
uname:Linux 4.15.0-20-generic #21-Ubuntu SMP Tue Apr 24 06:16:15 UTC 2018 x86_64
libc:glibc 2.27 NPTL 2.27 
rlimit: STACK 8192k, CORE 0k, NPROC 31207, NOFILE 4096, AS infinity, DATA infinity, FSIZE infinity
load average:0.36 0.43 0.67

/proc/meminfo:
MemTotal:        8051996 kB
MemFree:         4821360 kB
MemAvailable:    5916540 kB
Buffers:          107964 kB
Cached:          1837864 kB
SwapCached:            0 kB
Active:          1712308 kB
Inactive:        1282312 kB
Active(anon):    1050072 kB
Inactive(anon):   678912 kB
Active(file):     662236 kB
Inactive(file):   603400 kB
Unevictable:          32 kB
Mlocked:              32 kB
SwapTotal:       2097148 kB
SwapFree:        2097148 kB
Dirty:                76 kB
Writeback:             0 kB
AnonPages:       1048676 kB
Mapped:           535308 kB
Shmem:            680188 kB
Slab:             142804 kB
SReclaimable:      97560 kB
SUnreclaim:        45244 kB
KernelStack:       10016 kB
PageTables:        34040 kB
NFS_Unstable:          0 kB
Bounce:                0 kB
WritebackTmp:          0 kB
CommitLimit:     6123144 kB
Committed_AS:    4990232 kB
VmallocTotal:   34359738367 kB
VmallocUsed:           0 kB
VmallocChunk:          0 kB
HardwareCorrupted:     0 kB
AnonHugePages:         0 kB
ShmemHugePages:        0 kB
ShmemPmdMapped:        0 kB
CmaTotal:              0 kB
CmaFree:               0 kB
HugePages_Total:       0
HugePages_Free:        0
HugePages_Rsvd:        0
HugePages_Surp:        0
Hugepagesize:       2048 kB
DirectMap4k:      168896 kB
DirectMap2M:     8103936 kB

container (cgroup) information:
container_type: cgroupv1
cpu_cpuset_cpus: 0-7
cpu_memory_nodes: 0
active_processor_count: 8
cpu_quota: -1
cpu_period: 100000
cpu_shares: -1
memory_limit_in_bytes: -1
memory_and_swap_limit_in_bytes: -2
memory_soft_limit_in_bytes: -1
memory_usage_in_bytes: 3067408384
memory_max_usage_in_bytes: 0


CPU:total 8 (initial active 8) (4 cores per cpu, 2 threads per core) family 6 model 58 stepping 9, cmov, cx8, fxsr, mmx, sse, sse2, sse3, ssse3, sse4.1, sse4.2, popcnt, avx, aes, clmul, erms, ht, tsc, tscinvbit, tscinv
CPU Model and flags from /proc/cpuinfo:
model name	: Intel(R) Core(TM) i7-3770 CPU @ 3.40GHz
flags		: fpu vme de pse tsc msr pae mce cx8 apic sep mtrr pge mca cmov pat pse36 clflush dts acpi mmx fxsr sse sse2 ss ht tm pbe syscall nx rdtscp lm constant_tsc arch_perfmon pebs bts rep_good nopl xtopology nonstop_tsc cpuid aperfmperf pni pclmulqdq dtes64 monitor ds_cpl vmx smx est tm2 ssse3 cx16 xtpr pdcm pcid sse4_1 sse4_2 x2apic popcnt tsc_deadline_timer aes xsave avx f16c rdrand lahf_lm cpuid_fault epb pti tpr_shadow vnmi flexpriority ept vpid fsgsbase smep erms xsaveopt dtherm ida arat pln pts

Memory: 4k page, physical 8051996k(4821360k free), swap 2097148k(2097148k free)

vm_info: OpenJDK 64-Bit Server VM (10.0.2+13-Ubuntu-1ubuntu0.18.04.4) for linux-amd64 JRE (10.0.2+13-Ubuntu-1ubuntu0.18.04.4), built on Nov 13 2018 12:53:39 by "buildd" with gcc 7.3.0

END.
