#
# A fatal error has been detected by the Java Runtime Environment:
#
#  SIGSEGV (0xb) at pc=0x00007fcc79a6fb32, pid=7201, tid=7202
#
# JRE version: OpenJDK Runtime Environment (10.0.2+13) (build 10.0.2+13-Ubuntu-1ubuntu0.18.04.4)
# Java VM: OpenJDK 64-Bit Server VM (10.0.2+13-Ubuntu-1ubuntu0.18.04.4, mixed mode, tiered, compressed oops, g1 gc, linux-amd64)
# Problematic frame:
# C  [libController.so+0x1bb32]  wbu_motion_new+0x5d2
#
# Core dump will be written. Default location: Core dumps may be processed with "/usr/share/apport/apport %p %s %c %d %P" (or dumping to /home/pc/Dokumente/my_project/controllers/SensorController/core.7201)
#
# If you would like to submit a bug report, please visit:
#   http://bugreport.java.com/bugreport/crash.jsp
# The crash happened outside the Java Virtual Machine in native code.
# See problematic frame for where to report the bug.
#

---------------  S U M M A R Y ------------

Command Line: -Djava.library.path=/home/pc/Downloads/webots/lib/java SensorController

Host: Intel(R) Core(TM) i7-3770 CPU @ 3.40GHz, 8 cores, 7G, Linux Mint 19.1 Tessa
Time: Tue Jun 18 13:32:17 2019 CEST elapsed time: 0 seconds (0d 0h 0m 0s)

---------------  T H R E A D  ---------------

Current thread (0x00007fcce0012000):  JavaThread "main" [_thread_in_native, id=7202, stack(0x00007fcce8e3e000,0x00007fcce8f3f000)]

Stack: [0x00007fcce8e3e000,0x00007fcce8f3f000],  sp=0x00007fcce8f3c6f0,  free space=1017k
Native frames: (J=compiled Java code, A=aot compiled Java code, j=interpreted, Vv=VM code, C=native code)
C  [libController.so+0x1bb32]  wbu_motion_new+0x5d2
C  [libCppController.so+0x28c7a]  webots::Motion::Motion(std::__cxx11::basic_string<char, std::char_traits<char>, std::allocator<char> > const&)+0x36
C  [libJavaController.so+0x27c5d]  Java_com_cyberbotics_webots_controller_wrapperJNI_new_1Motion+0x10a
j  com.cyberbotics.webots.controller.wrapperJNI.new_Motion(Ljava/lang/String;)J+0
j  com.cyberbotics.webots.controller.Motion.<init>(Ljava/lang/String;)V+2
j  SensorController.loadMotionFiles()V+118
j  SensorController.main([Ljava/lang/String;)V+22
v  ~StubRoutines::call_stub
V  [libjvm.so+0x83d38f]
V  [libjvm.so+0x85c3cd]
V  [libjvm.so+0x85e60e]
C  [libjli.so+0x4aa0]
C  [libjli.so+0x89dd]
C  [libpthread.so.0+0x76db]  start_thread+0xdb

Java frames: (J=compiled Java code, j=interpreted, Vv=VM code)
j  com.cyberbotics.webots.controller.wrapperJNI.new_Motion(Ljava/lang/String;)J+0
j  com.cyberbotics.webots.controller.Motion.<init>(Ljava/lang/String;)V+2
j  SensorController.loadMotionFiles()V+118
j  SensorController.main([Ljava/lang/String;)V+22
v  ~StubRoutines::call_stub

siginfo: si_signo: 11 (SIGSEGV), si_code: 1 (SEGV_MAPERR), si_addr: 0x0000000000000000

Register to memory mapping:

RAX=0x0000000000000000 is an unknown value
RBX=0x00007fcce02632a0 is an unknown value
RCX=0x0000000000000000 is an unknown value
RDX=0x00007fcce8b20a68: <offset 0x00000000003eda68> in /lib/x86_64-linux-gnu/libc.so.6 at 0x00007fcce8733000
RSP=0x00007fcce8f3c6f0 is pointing into the stack for thread: 0x00007fcce0012000
RBP=0x00007fcce8f3d770 is pointing into the stack for thread: 0x00007fcce0012000
RSI=0x00007fcc79a8cfc3: <offset 0x0000000000038fc3> in /home/pc/Downloads/webots/lib/libController.so at 0x00007fcc79a54000
RDI=0x0000000000000000 is an unknown value
R8 =0x0000000000000001 is an unknown value
R9 =0x0000000000000000 is an unknown value
R10=0x00007fcce88d1cc0: <offset 0x000000000019ecc0> in /lib/x86_64-linux-gnu/libc.so.6 at 0x00007fcce8733000
R11=0x00007fcc79a8cfb5: <offset 0x0000000000038fb5> in /home/pc/Downloads/webots/lib/libController.so at 0x00007fcc79a54000
R12=0x00000000000000d0 is an unknown value
R13=0x0000000000000068 is an unknown value
R14=0x0000000000000000 is an unknown value
R15=0x0000000000000000 is an unknown value


Registers:
RAX=0x0000000000000000, RBX=0x00007fcce02632a0, RCX=0x0000000000000000, RDX=0x00007fcce8b20a68
RSP=0x00007fcce8f3c6f0, RBP=0x00007fcce8f3d770, RSI=0x00007fcc79a8cfc3, RDI=0x0000000000000000
R8 =0x0000000000000001, R9 =0x0000000000000000, R10=0x00007fcce88d1cc0, R11=0x00007fcc79a8cfb5
R12=0x00000000000000d0, R13=0x0000000000000068, R14=0x0000000000000000, R15=0x0000000000000000
RIP=0x00007fcc79a6fb32, EFLAGS=0x0000000000010246, CSGSFS=0x002b000000000033, ERR=0x0000000000000004
  TRAPNO=0x000000000000000e

Top of Stack: (sp=0x00007fcce8f3c6f0)
0x00007fcce8f3c6f0:   34303a31303a3030 373265736f500030
0x00007fcce8f3c700:   2c3936322e302d2c 2e302d2c32332e30
0x00007fcce8f3c710:   35322e312c313534 3331362e302d2c31
0x00007fcce8f3c720:   302d2c332e302d2c 312e302c3936322e 

Instructions: (pc=0x00007fcc79a6fb32)
0x00007fcc79a6fb12:   08 4a 03 0c 22 48 89 ca e8 f1 21 ff ff 44 3b 3b
0x00007fcc79a6fb22:   7d 3c 48 8d 35 98 d4 01 00 31 ff e8 5e 26 ff ff
0x00007fcc79a6fb32:   80 38 2a 75 c1 80 78 01 00 75 bb 48 8b 43 30 f2
0x00007fcc79a6fb42:   0f 10 05 07 db 01 00 41 83 c7 01 4a 8b 04 20 f2 


---------------  P R O C E S S  ---------------

Threads class SMR info:
_java_thread_list=0x00007fcce020cd90, length=11, elements={
0x00007fcce0012000, 0x00007fcce0142800, 0x00007fcce0144800, 0x00007fcce014e000,
0x00007fcce0158800, 0x00007fcce015a800, 0x00007fcce015c800, 0x00007fcce015e800,
0x00007fcce0160800, 0x00007fcce01f5000, 0x00007fcce020d800
}

Java Threads: ( => current thread )
=>0x00007fcce0012000 JavaThread "main" [_thread_in_native, id=7202, stack(0x00007fcce8e3e000,0x00007fcce8f3f000)]
  0x00007fcce0142800 JavaThread "Reference Handler" daemon [_thread_blocked, id=7224, stack(0x00007fcc7b281000,0x00007fcc7b382000)]
  0x00007fcce0144800 JavaThread "Finalizer" daemon [_thread_blocked, id=7225, stack(0x00007fcc7b180000,0x00007fcc7b281000)]
  0x00007fcce014e000 JavaThread "Signal Dispatcher" daemon [_thread_blocked, id=7226, stack(0x00007fcc7ad4f000,0x00007fcc7ae50000)]
  0x00007fcce0158800 JavaThread "C2 CompilerThread0" daemon [_thread_blocked, id=7227, stack(0x00007fcc7ac4e000,0x00007fcc7ad4f000)]
  0x00007fcce015a800 JavaThread "C2 CompilerThread1" daemon [_thread_blocked, id=7228, stack(0x00007fcc7ab4d000,0x00007fcc7ac4e000)]
  0x00007fcce015c800 JavaThread "C2 CompilerThread2" daemon [_thread_blocked, id=7229, stack(0x00007fcc7aa4c000,0x00007fcc7ab4d000)]
  0x00007fcce015e800 JavaThread "C1 CompilerThread3" daemon [_thread_blocked, id=7230, stack(0x00007fcc7a94b000,0x00007fcc7aa4c000)]
  0x00007fcce0160800 JavaThread "Sweeper thread" daemon [_thread_blocked, id=7231, stack(0x00007fcc7a84a000,0x00007fcc7a94b000)]
  0x00007fcce01f5000 JavaThread "Service Thread" daemon [_thread_blocked, id=7232, stack(0x00007fcc7a749000,0x00007fcc7a84a000)]
  0x00007fcce020d800 JavaThread "Common-Cleaner" daemon [_thread_blocked, id=7234, stack(0x00007fcc7a546000,0x00007fcc7a647000)]

Other Threads:
  0x00007fcce0139000 VMThread "VM Thread" [stack: 0x00007fcc7b384000,0x00007fcc7b484000] [id=7223]
  0x00007fcce01f7000 WatcherThread [stack: 0x00007fcc7a649000,0x00007fcc7a749000] [id=7233]
  0x00007fcce0028800 GCTaskThread "GC Thread#0" [stack: 0x00007fcce4f67000,0x00007fcce5067000] [id=7203]
  0x00007fcce002a000 GCTaskThread "GC Thread#1" [stack: 0x00007fcce4e65000,0x00007fcce4f65000] [id=7204]
  0x00007fcce002c000 GCTaskThread "GC Thread#2" [stack: 0x00007fcce4d63000,0x00007fcce4e63000] [id=7205]
  0x00007fcce002d800 GCTaskThread "GC Thread#3" [stack: 0x00007fcce4c61000,0x00007fcce4d61000] [id=7206]
  0x00007fcce002f000 GCTaskThread "GC Thread#4" [stack: 0x00007fcce4b5f000,0x00007fcce4c5f000] [id=7207]
  0x00007fcce0031000 GCTaskThread "GC Thread#5" [stack: 0x00007fcce4a5d000,0x00007fcce4b5d000] [id=7208]
  0x00007fcce0032800 GCTaskThread "GC Thread#6" [stack: 0x00007fcce495b000,0x00007fcce4a5b000] [id=7209]
  0x00007fcce0034800 GCTaskThread "GC Thread#7" [stack: 0x00007fcce4859000,0x00007fcce4959000] [id=7210]
  0x00007fcce005d800 ConcurrentGCThread "G1 Main Marker" [stack: 0x00007fccc4fe8000,0x00007fccc50e8000] [id=7211]
  0x00007fcce005f800 ConcurrentGCThread "G1 Conc#0" [stack: 0x00007fccc4ee6000,0x00007fccc4fe6000] [id=7212]
  0x00007fcce0061000 ConcurrentGCThread "G1 Conc#1" [stack: 0x00007fccc4de4000,0x00007fccc4ee4000] [id=7213]
  0x00007fcce00c9800 ConcurrentGCThread "G1 Refine#0" [stack: 0x00007fccc44da000,0x00007fccc45da000] [id=7214]
  0x00007fcce00cb800 ConcurrentGCThread "G1 Refine#1" [stack: 0x00007fccc43d8000,0x00007fccc44d8000] [id=7215]
  0x00007fcce00cd000 ConcurrentGCThread "G1 Refine#2" [stack: 0x00007fccc42d6000,0x00007fccc43d6000] [id=7216]
  0x00007fcce00cf000 ConcurrentGCThread "G1 Refine#3" [stack: 0x00007fccc41d4000,0x00007fccc42d4000] [id=7217]
  0x00007fcce00d0800 ConcurrentGCThread "G1 Refine#4" [stack: 0x00007fccc40d2000,0x00007fccc41d2000] [id=7218]
  0x00007fcce00d2800 ConcurrentGCThread "G1 Refine#5" [stack: 0x00007fcca4048000,0x00007fcca4148000] [id=7219]
  0x00007fcce00d4000 ConcurrentGCThread "G1 Refine#6" [stack: 0x00007fcc7bf00000,0x00007fcc7c000000] [id=7220]
  0x00007fcce00d6000 ConcurrentGCThread "G1 Refine#7" [stack: 0x00007fcc7bdfe000,0x00007fcc7befe000] [id=7221]
  0x00007fcce00d7800 ConcurrentGCThread "G1 Young RemSet Sampling" [stack: 0x00007fcc7bcfc000,0x00007fcc7bdfc000] [id=7222]

Threads with active compile tasks:

VM state:not at safepoint (normal execution)

VM Mutex/Monitor currently owned by a thread: None

Heap address: 0x0000000085200000, size: 1966 MB, Compressed Oops mode: 32-bit
Narrow klass base: 0x0000000000000000, Narrow klass shift: 3
Compressed class space size: 1073741824 Address: 0x0000000100000000

Heap:
 garbage-first heap   total 126976K, used 1024K [0x0000000085200000, 0x0000000100000000)
  region size 1024K, 2 young (2048K), 0 survivors (0K)
 Metaspace       used 4857K, capacity 4990K, committed 5120K, reserved 1056768K
  class space    used 398K, capacity 430K, committed 512K, reserved 1048576K
Heap Regions: E=young(eden), S=young(survivor), O=old, HS=humongous(starts), HC=humongous(continues), CS=collection set, F=free, A=archive, TS=gc time stamp, AC=allocation context, TAMS=top-at-mark-start (previous, next)
|   0|0x0000000085200000, 0x0000000085200000, 0x0000000085300000|  0%| F|  |TS  0|AC  0|TAMS 0x0000000085200000, 0x0000000085200000|
|   1|0x0000000085300000, 0x0000000085300000, 0x0000000085400000|  0%| F|  |TS  0|AC  0|TAMS 0x0000000085300000, 0x0000000085300000|
|   2|0x0000000085400000, 0x0000000085400000, 0x0000000085500000|  0%| F|  |TS  0|AC  0|TAMS 0x0000000085400000, 0x0000000085400000|
|   3|0x0000000085500000, 0x0000000085500000, 0x0000000085600000|  0%| F|  |TS  0|AC  0|TAMS 0x0000000085500000, 0x0000000085500000|
|   4|0x0000000085600000, 0x0000000085600000, 0x0000000085700000|  0%| F|  |TS  0|AC  0|TAMS 0x0000000085600000, 0x0000000085600000|
|   5|0x0000000085700000, 0x0000000085700000, 0x0000000085800000|  0%| F|  |TS  0|AC  0|TAMS 0x0000000085700000, 0x0000000085700000|
|   6|0x0000000085800000, 0x0000000085800000, 0x0000000085900000|  0%| F|  |TS  0|AC  0|TAMS 0x0000000085800000, 0x0000000085800000|
|   7|0x0000000085900000, 0x0000000085900000, 0x0000000085a00000|  0%| F|  |TS  0|AC  0|TAMS 0x0000000085900000, 0x0000000085900000|
|   8|0x0000000085a00000, 0x0000000085a00000, 0x0000000085b00000|  0%| F|  |TS  0|AC  0|TAMS 0x0000000085a00000, 0x0000000085a00000|
|   9|0x0000000085b00000, 0x0000000085b00000, 0x0000000085c00000|  0%| F|  |TS  0|AC  0|TAMS 0x0000000085b00000, 0x0000000085b00000|
|  10|0x0000000085c00000, 0x0000000085c00000, 0x0000000085d00000|  0%| F|  |TS  0|AC  0|TAMS 0x0000000085c00000, 0x0000000085c00000|
|  11|0x0000000085d00000, 0x0000000085d00000, 0x0000000085e00000|  0%| F|  |TS  0|AC  0|TAMS 0x0000000085d00000, 0x0000000085d00000|
|  12|0x0000000085e00000, 0x0000000085e00000, 0x0000000085f00000|  0%| F|  |TS  0|AC  0|TAMS 0x0000000085e00000, 0x0000000085e00000|
|  13|0x0000000085f00000, 0x0000000085f00000, 0x0000000086000000|  0%| F|  |TS  0|AC  0|TAMS 0x0000000085f00000, 0x0000000085f00000|
|  14|0x0000000086000000, 0x0000000086000000, 0x0000000086100000|  0%| F|  |TS  0|AC  0|TAMS 0x0000000086000000, 0x0000000086000000|
|  15|0x0000000086100000, 0x0000000086100000, 0x0000000086200000|  0%| F|  |TS  0|AC  0|TAMS 0x0000000086100000, 0x0000000086100000|
|  16|0x0000000086200000, 0x0000000086200000, 0x0000000086300000|  0%| F|  |TS  0|AC  0|TAMS 0x0000000086200000, 0x0000000086200000|
|  17|0x0000000086300000, 0x0000000086300000, 0x0000000086400000|  0%| F|  |TS  0|AC  0|TAMS 0x0000000086300000, 0x0000000086300000|
|  18|0x0000000086400000, 0x0000000086400000, 0x0000000086500000|  0%| F|  |TS  0|AC  0|TAMS 0x0000000086400000, 0x0000000086400000|
|  19|0x0000000086500000, 0x0000000086500000, 0x0000000086600000|  0%| F|  |TS  0|AC  0|TAMS 0x0000000086500000, 0x0000000086500000|
|  20|0x0000000086600000, 0x0000000086600000, 0x0000000086700000|  0%| F|  |TS  0|AC  0|TAMS 0x0000000086600000, 0x0000000086600000|
|  21|0x0000000086700000, 0x0000000086700000, 0x0000000086800000|  0%| F|  |TS  0|AC  0|TAMS 0x0000000086700000, 0x0000000086700000|
|  22|0x0000000086800000, 0x0000000086800000, 0x0000000086900000|  0%| F|  |TS  0|AC  0|TAMS 0x0000000086800000, 0x0000000086800000|
|  23|0x0000000086900000, 0x0000000086900000, 0x0000000086a00000|  0%| F|  |TS  0|AC  0|TAMS 0x0000000086900000, 0x0000000086900000|
|  24|0x0000000086a00000, 0x0000000086a00000, 0x0000000086b00000|  0%| F|  |TS  0|AC  0|TAMS 0x0000000086a00000, 0x0000000086a00000|
|  25|0x0000000086b00000, 0x0000000086b00000, 0x0000000086c00000|  0%| F|  |TS  0|AC  0|TAMS 0x0000000086b00000, 0x0000000086b00000|
|  26|0x0000000086c00000, 0x0000000086c00000, 0x0000000086d00000|  0%| F|  |TS  0|AC  0|TAMS 0x0000000086c00000, 0x0000000086c00000|
|  27|0x0000000086d00000, 0x0000000086d00000, 0x0000000086e00000|  0%| F|  |TS  0|AC  0|TAMS 0x0000000086d00000, 0x0000000086d00000|
|  28|0x0000000086e00000, 0x0000000086e00000, 0x0000000086f00000|  0%| F|  |TS  0|AC  0|TAMS 0x0000000086e00000, 0x0000000086e00000|
|  29|0x0000000086f00000, 0x0000000086f00000, 0x0000000087000000|  0%| F|  |TS  0|AC  0|TAMS 0x0000000086f00000, 0x0000000086f00000|
|  30|0x0000000087000000, 0x0000000087000000, 0x0000000087100000|  0%| F|  |TS  0|AC  0|TAMS 0x0000000087000000, 0x0000000087000000|
|  31|0x0000000087100000, 0x0000000087100000, 0x0000000087200000|  0%| F|  |TS  0|AC  0|TAMS 0x0000000087100000, 0x0000000087100000|
|  32|0x0000000087200000, 0x0000000087200000, 0x0000000087300000|  0%| F|  |TS  0|AC  0|TAMS 0x0000000087200000, 0x0000000087200000|
|  33|0x0000000087300000, 0x0000000087300000, 0x0000000087400000|  0%| F|  |TS  0|AC  0|TAMS 0x0000000087300000, 0x0000000087300000|
|  34|0x0000000087400000, 0x0000000087400000, 0x0000000087500000|  0%| F|  |TS  0|AC  0|TAMS 0x0000000087400000, 0x0000000087400000|
|  35|0x0000000087500000, 0x0000000087500000, 0x0000000087600000|  0%| F|  |TS  0|AC  0|TAMS 0x0000000087500000, 0x0000000087500000|
|  36|0x0000000087600000, 0x0000000087600000, 0x0000000087700000|  0%| F|  |TS  0|AC  0|TAMS 0x0000000087600000, 0x0000000087600000|
|  37|0x0000000087700000, 0x0000000087700000, 0x0000000087800000|  0%| F|  |TS  0|AC  0|TAMS 0x0000000087700000, 0x0000000087700000|
|  38|0x0000000087800000, 0x0000000087800000, 0x0000000087900000|  0%| F|  |TS  0|AC  0|TAMS 0x0000000087800000, 0x0000000087800000|
|  39|0x0000000087900000, 0x0000000087900000, 0x0000000087a00000|  0%| F|  |TS  0|AC  0|TAMS 0x0000000087900000, 0x0000000087900000|
|  40|0x0000000087a00000, 0x0000000087a00000, 0x0000000087b00000|  0%| F|  |TS  0|AC  0|TAMS 0x0000000087a00000, 0x0000000087a00000|
|  41|0x0000000087b00000, 0x0000000087b00000, 0x0000000087c00000|  0%| F|  |TS  0|AC  0|TAMS 0x0000000087b00000, 0x0000000087b00000|
|  42|0x0000000087c00000, 0x0000000087c00000, 0x0000000087d00000|  0%| F|  |TS  0|AC  0|TAMS 0x0000000087c00000, 0x0000000087c00000|
|  43|0x0000000087d00000, 0x0000000087d00000, 0x0000000087e00000|  0%| F|  |TS  0|AC  0|TAMS 0x0000000087d00000, 0x0000000087d00000|
|  44|0x0000000087e00000, 0x0000000087e00000, 0x0000000087f00000|  0%| F|  |TS  0|AC  0|TAMS 0x0000000087e00000, 0x0000000087e00000|
|  45|0x0000000087f00000, 0x0000000087f00000, 0x0000000088000000|  0%| F|  |TS  0|AC  0|TAMS 0x0000000087f00000, 0x0000000087f00000|
|  46|0x0000000088000000, 0x0000000088000000, 0x0000000088100000|  0%| F|  |TS  0|AC  0|TAMS 0x0000000088000000, 0x0000000088000000|
|  47|0x0000000088100000, 0x0000000088100000, 0x0000000088200000|  0%| F|  |TS  0|AC  0|TAMS 0x0000000088100000, 0x0000000088100000|
|  48|0x0000000088200000, 0x0000000088200000, 0x0000000088300000|  0%| F|  |TS  0|AC  0|TAMS 0x0000000088200000, 0x0000000088200000|
|  49|0x0000000088300000, 0x0000000088300000, 0x0000000088400000|  0%| F|  |TS  0|AC  0|TAMS 0x0000000088300000, 0x0000000088300000|
|  50|0x0000000088400000, 0x0000000088400000, 0x0000000088500000|  0%| F|  |TS  0|AC  0|TAMS 0x0000000088400000, 0x0000000088400000|
|  51|0x0000000088500000, 0x0000000088500000, 0x0000000088600000|  0%| F|  |TS  0|AC  0|TAMS 0x0000000088500000, 0x0000000088500000|
|  52|0x0000000088600000, 0x0000000088600000, 0x0000000088700000|  0%| F|  |TS  0|AC  0|TAMS 0x0000000088600000, 0x0000000088600000|
|  53|0x0000000088700000, 0x0000000088700000, 0x0000000088800000|  0%| F|  |TS  0|AC  0|TAMS 0x0000000088700000, 0x0000000088700000|
|  54|0x0000000088800000, 0x0000000088800000, 0x0000000088900000|  0%| F|  |TS  0|AC  0|TAMS 0x0000000088800000, 0x0000000088800000|
|  55|0x0000000088900000, 0x0000000088900000, 0x0000000088a00000|  0%| F|  |TS  0|AC  0|TAMS 0x0000000088900000, 0x0000000088900000|
|  56|0x0000000088a00000, 0x0000000088a00000, 0x0000000088b00000|  0%| F|  |TS  0|AC  0|TAMS 0x0000000088a00000, 0x0000000088a00000|
|  57|0x0000000088b00000, 0x0000000088b00000, 0x0000000088c00000|  0%| F|  |TS  0|AC  0|TAMS 0x0000000088b00000, 0x0000000088b00000|
|  58|0x0000000088c00000, 0x0000000088c00000, 0x0000000088d00000|  0%| F|  |TS  0|AC  0|TAMS 0x0000000088c00000, 0x0000000088c00000|
|  59|0x0000000088d00000, 0x0000000088d00000, 0x0000000088e00000|  0%| F|  |TS  0|AC  0|TAMS 0x0000000088d00000, 0x0000000088d00000|
|  60|0x0000000088e00000, 0x0000000088e00000, 0x0000000088f00000|  0%| F|  |TS  0|AC  0|TAMS 0x0000000088e00000, 0x0000000088e00000|
|  61|0x0000000088f00000, 0x0000000088f00000, 0x0000000089000000|  0%| F|  |TS  0|AC  0|TAMS 0x0000000088f00000, 0x0000000088f00000|
|  62|0x0000000089000000, 0x0000000089000000, 0x0000000089100000|  0%| F|  |TS  0|AC  0|TAMS 0x0000000089000000, 0x0000000089000000|
|  63|0x0000000089100000, 0x0000000089100000, 0x0000000089200000|  0%| F|  |TS  0|AC  0|TAMS 0x0000000089100000, 0x0000000089100000|
|  64|0x0000000089200000, 0x0000000089200000, 0x0000000089300000|  0%| F|  |TS  0|AC  0|TAMS 0x0000000089200000, 0x0000000089200000|
|  65|0x0000000089300000, 0x0000000089300000, 0x0000000089400000|  0%| F|  |TS  0|AC  0|TAMS 0x0000000089300000, 0x0000000089300000|
|  66|0x0000000089400000, 0x0000000089400000, 0x0000000089500000|  0%| F|  |TS  0|AC  0|TAMS 0x0000000089400000, 0x0000000089400000|
|  67|0x0000000089500000, 0x0000000089500000, 0x0000000089600000|  0%| F|  |TS  0|AC  0|TAMS 0x0000000089500000, 0x0000000089500000|
|  68|0x0000000089600000, 0x0000000089600000, 0x0000000089700000|  0%| F|  |TS  0|AC  0|TAMS 0x0000000089600000, 0x0000000089600000|
|  69|0x0000000089700000, 0x0000000089700000, 0x0000000089800000|  0%| F|  |TS  0|AC  0|TAMS 0x0000000089700000, 0x0000000089700000|
|  70|0x0000000089800000, 0x0000000089800000, 0x0000000089900000|  0%| F|  |TS  0|AC  0|TAMS 0x0000000089800000, 0x0000000089800000|
|  71|0x0000000089900000, 0x0000000089900000, 0x0000000089a00000|  0%| F|  |TS  0|AC  0|TAMS 0x0000000089900000, 0x0000000089900000|
|  72|0x0000000089a00000, 0x0000000089a00000, 0x0000000089b00000|  0%| F|  |TS  0|AC  0|TAMS 0x0000000089a00000, 0x0000000089a00000|
|  73|0x0000000089b00000, 0x0000000089b00000, 0x0000000089c00000|  0%| F|  |TS  0|AC  0|TAMS 0x0000000089b00000, 0x0000000089b00000|
|  74|0x0000000089c00000, 0x0000000089c00000, 0x0000000089d00000|  0%| F|  |TS  0|AC  0|TAMS 0x0000000089c00000, 0x0000000089c00000|
|  75|0x0000000089d00000, 0x0000000089d00000, 0x0000000089e00000|  0%| F|  |TS  0|AC  0|TAMS 0x0000000089d00000, 0x0000000089d00000|
|  76|0x0000000089e00000, 0x0000000089e00000, 0x0000000089f00000|  0%| F|  |TS  0|AC  0|TAMS 0x0000000089e00000, 0x0000000089e00000|
|  77|0x0000000089f00000, 0x0000000089f00000, 0x000000008a000000|  0%| F|  |TS  0|AC  0|TAMS 0x0000000089f00000, 0x0000000089f00000|
|  78|0x000000008a000000, 0x000000008a000000, 0x000000008a100000|  0%| F|  |TS  0|AC  0|TAMS 0x000000008a000000, 0x000000008a000000|
|  79|0x000000008a100000, 0x000000008a100000, 0x000000008a200000|  0%| F|  |TS  0|AC  0|TAMS 0x000000008a100000, 0x000000008a100000|
|  80|0x000000008a200000, 0x000000008a200000, 0x000000008a300000|  0%| F|  |TS  0|AC  0|TAMS 0x000000008a200000, 0x000000008a200000|
|  81|0x000000008a300000, 0x000000008a300000, 0x000000008a400000|  0%| F|  |TS  0|AC  0|TAMS 0x000000008a300000, 0x000000008a300000|
|  82|0x000000008a400000, 0x000000008a400000, 0x000000008a500000|  0%| F|  |TS  0|AC  0|TAMS 0x000000008a400000, 0x000000008a400000|
|  83|0x000000008a500000, 0x000000008a500000, 0x000000008a600000|  0%| F|  |TS  0|AC  0|TAMS 0x000000008a500000, 0x000000008a500000|
|  84|0x000000008a600000, 0x000000008a600000, 0x000000008a700000|  0%| F|  |TS  0|AC  0|TAMS 0x000000008a600000, 0x000000008a600000|
|  85|0x000000008a700000, 0x000000008a700000, 0x000000008a800000|  0%| F|  |TS  0|AC  0|TAMS 0x000000008a700000, 0x000000008a700000|
|  86|0x000000008a800000, 0x000000008a800000, 0x000000008a900000|  0%| F|  |TS  0|AC  0|TAMS 0x000000008a800000, 0x000000008a800000|
|  87|0x000000008a900000, 0x000000008a900000, 0x000000008aa00000|  0%| F|  |TS  0|AC  0|TAMS 0x000000008a900000, 0x000000008a900000|
|  88|0x000000008aa00000, 0x000000008aa00000, 0x000000008ab00000|  0%| F|  |TS  0|AC  0|TAMS 0x000000008aa00000, 0x000000008aa00000|
|  89|0x000000008ab00000, 0x000000008ab00000, 0x000000008ac00000|  0%| F|  |TS  0|AC  0|TAMS 0x000000008ab00000, 0x000000008ab00000|
|  90|0x000000008ac00000, 0x000000008ac00000, 0x000000008ad00000|  0%| F|  |TS  0|AC  0|TAMS 0x000000008ac00000, 0x000000008ac00000|
|  91|0x000000008ad00000, 0x000000008ad00000, 0x000000008ae00000|  0%| F|  |TS  0|AC  0|TAMS 0x000000008ad00000, 0x000000008ad00000|
|  92|0x000000008ae00000, 0x000000008ae00000, 0x000000008af00000|  0%| F|  |TS  0|AC  0|TAMS 0x000000008ae00000, 0x000000008ae00000|
|  93|0x000000008af00000, 0x000000008af00000, 0x000000008b000000|  0%| F|  |TS  0|AC  0|TAMS 0x000000008af00000, 0x000000008af00000|
|  94|0x000000008b000000, 0x000000008b000000, 0x000000008b100000|  0%| F|  |TS  0|AC  0|TAMS 0x000000008b000000, 0x000000008b000000|
|  95|0x000000008b100000, 0x000000008b100000, 0x000000008b200000|  0%| F|  |TS  0|AC  0|TAMS 0x000000008b100000, 0x000000008b100000|
|  96|0x000000008b200000, 0x000000008b200000, 0x000000008b300000|  0%| F|  |TS  0|AC  0|TAMS 0x000000008b200000, 0x000000008b200000|
|  97|0x000000008b300000, 0x000000008b300000, 0x000000008b400000|  0%| F|  |TS  0|AC  0|TAMS 0x000000008b300000, 0x000000008b300000|
|  98|0x000000008b400000, 0x000000008b400000, 0x000000008b500000|  0%| F|  |TS  0|AC  0|TAMS 0x000000008b400000, 0x000000008b400000|
|  99|0x000000008b500000, 0x000000008b500000, 0x000000008b600000|  0%| F|  |TS  0|AC  0|TAMS 0x000000008b500000, 0x000000008b500000|
| 100|0x000000008b600000, 0x000000008b600000, 0x000000008b700000|  0%| F|  |TS  0|AC  0|TAMS 0x000000008b600000, 0x000000008b600000|
| 101|0x000000008b700000, 0x000000008b700000, 0x000000008b800000|  0%| F|  |TS  0|AC  0|TAMS 0x000000008b700000, 0x000000008b700000|
| 102|0x000000008b800000, 0x000000008b800000, 0x000000008b900000|  0%| F|  |TS  0|AC  0|TAMS 0x000000008b800000, 0x000000008b800000|
| 103|0x000000008b900000, 0x000000008b900000, 0x000000008ba00000|  0%| F|  |TS  0|AC  0|TAMS 0x000000008b900000, 0x000000008b900000|
| 104|0x000000008ba00000, 0x000000008ba00000, 0x000000008bb00000|  0%| F|  |TS  0|AC  0|TAMS 0x000000008ba00000, 0x000000008ba00000|
| 105|0x000000008bb00000, 0x000000008bb00000, 0x000000008bc00000|  0%| F|  |TS  0|AC  0|TAMS 0x000000008bb00000, 0x000000008bb00000|
| 106|0x000000008bc00000, 0x000000008bc00000, 0x000000008bd00000|  0%| F|  |TS  0|AC  0|TAMS 0x000000008bc00000, 0x000000008bc00000|
| 107|0x000000008bd00000, 0x000000008bd00000, 0x000000008be00000|  0%| F|  |TS  0|AC  0|TAMS 0x000000008bd00000, 0x000000008bd00000|
| 108|0x000000008be00000, 0x000000008be00000, 0x000000008bf00000|  0%| F|  |TS  0|AC  0|TAMS 0x000000008be00000, 0x000000008be00000|
| 109|0x000000008bf00000, 0x000000008bf00000, 0x000000008c000000|  0%| F|  |TS  0|AC  0|TAMS 0x000000008bf00000, 0x000000008bf00000|
| 110|0x000000008c000000, 0x000000008c000000, 0x000000008c100000|  0%| F|  |TS  0|AC  0|TAMS 0x000000008c000000, 0x000000008c000000|
| 111|0x000000008c100000, 0x000000008c100000, 0x000000008c200000|  0%| F|  |TS  0|AC  0|TAMS 0x000000008c100000, 0x000000008c100000|
| 112|0x000000008c200000, 0x000000008c200000, 0x000000008c300000|  0%| F|  |TS  0|AC  0|TAMS 0x000000008c200000, 0x000000008c200000|
| 113|0x000000008c300000, 0x000000008c300000, 0x000000008c400000|  0%| F|  |TS  0|AC  0|TAMS 0x000000008c300000, 0x000000008c300000|
| 114|0x000000008c400000, 0x000000008c400000, 0x000000008c500000|  0%| F|  |TS  0|AC  0|TAMS 0x000000008c400000, 0x000000008c400000|
| 115|0x000000008c500000, 0x000000008c500000, 0x000000008c600000|  0%| F|  |TS  0|AC  0|TAMS 0x000000008c500000, 0x000000008c500000|
| 116|0x000000008c600000, 0x000000008c600000, 0x000000008c700000|  0%| F|  |TS  0|AC  0|TAMS 0x000000008c600000, 0x000000008c600000|
| 117|0x000000008c700000, 0x000000008c700000, 0x000000008c800000|  0%| F|  |TS  0|AC  0|TAMS 0x000000008c700000, 0x000000008c700000|
| 118|0x000000008c800000, 0x000000008c800000, 0x000000008c900000|  0%| F|  |TS  0|AC  0|TAMS 0x000000008c800000, 0x000000008c800000|
| 119|0x000000008c900000, 0x000000008c900000, 0x000000008ca00000|  0%| F|  |TS  0|AC  0|TAMS 0x000000008c900000, 0x000000008c900000|
| 120|0x000000008ca00000, 0x000000008ca00000, 0x000000008cb00000|  0%| F|  |TS  0|AC  0|TAMS 0x000000008ca00000, 0x000000008ca00000|
| 121|0x000000008cb00000, 0x000000008cb00000, 0x000000008cc00000|  0%| F|  |TS  0|AC  0|TAMS 0x000000008cb00000, 0x000000008cb00000|
| 122|0x000000008cc00000, 0x000000008ccf6488, 0x000000008cd00000| 96%| E|  |TS  0|AC  0|TAMS 0x000000008cc00000, 0x000000008cc00000|
| 123|0x000000008cd00000, 0x000000008ce00000, 0x000000008ce00000|100%| E|CS|TS  0|AC  0|TAMS 0x000000008cd00000, 0x000000008cd00000|

Card table byte_map: [0x00007fccc7377000,0x00007fccc774e000] byte_map_base: 0x00007fccc6f4e000

Marking Bits (Prev, Next): (CMBitMap*) 0x00007fcce005ce80, (CMBitMap*) 0x00007fcce005ceb8
 Prev Bits: [0x00007fccc50e8000, 0x00007fccc6fa0000)
 Next Bits: [0x00007fcca6148000, 0x00007fcca8000000)

Polling page: 0x00007fcce8f57000

CodeHeap 'non-profiled nmethods': size=120032Kb used=23Kb max_used=23Kb free=120008Kb
 bounds [0x00007fcccf5ed000, 0x00007fcccf85d000, 0x00007fccd6b25000]
CodeHeap 'profiled nmethods': size=120028Kb used=137Kb max_used=137Kb free=119890Kb
 bounds [0x00007fccc80b6000, 0x00007fccc8326000, 0x00007fcccf5ed000]
CodeHeap 'non-nmethods': size=5700Kb used=1018Kb max_used=1029Kb free=4681Kb
 bounds [0x00007fccc7b25000, 0x00007fccc7d95000, 0x00007fccc80b6000]
 total_blobs=469 nmethods=102 adapters=222
 compilation: enabled

Compilation events (10 events):
Event: 0.086 Thread 0x00007fcce015e800   99       3       java.lang.StringBuilder::append (8 bytes)
Event: 0.086 Thread 0x00007fcce0158800 nmethod 98 0x00007fcccf5f2a10 code [0x00007fcccf5f2ba0, 0x00007fcccf5f2bf8]
Event: 0.086 Thread 0x00007fcce015e800 nmethod 99 0x00007fccc80d5b90 code [0x00007fccc80d5d40, 0x00007fccc80d5ee8]
Event: 0.086 Thread 0x00007fcce015e800  100       3       java.lang.AbstractStringBuilder::append (45 bytes)
Event: 0.087 Thread 0x00007fcce015e800 nmethod 100 0x00007fccc80d5f90 code [0x00007fccc80d61c0, 0x00007fccc80d6738]
Event: 0.087 Thread 0x00007fcce015e800  101       3       java.lang.Character::toLowerCase (9 bytes)
Event: 0.088 Thread 0x00007fcce015e800 nmethod 101 0x00007fccc80d6990 code [0x00007fccc80d6b60, 0x00007fccc80d6d98]
Event: 0.088 Thread 0x00007fcce015e800  102       3       java.lang.CharacterDataLatin1::toLowerCase (39 bytes)
Event: 0.088 Thread 0x00007fcce015e800 nmethod 102 0x00007fccc80d6e90 code [0x00007fccc80d7060, 0x00007fccc80d72f0]
Event: 0.091 Thread 0x00007fcce015e800  103       3       java.util.Arrays::copyOfRange (63 bytes)

GC Heap History (0 events):
No events

Deoptimization events (1 events):
Event: 0.056 Thread 0x00007fcce0012000 Uncommon trap: reason=unstable_if action=reinterpret pc=0x00007fcccf5f21ec method=java.lang.String.hashCode()I @ 14 c2

Classes redefined (0 events):
No events

Internal exceptions (0 events):
No events

Events (10 events):
Event: 0.086 loading class com/cyberbotics/webots/controller/Mouse
Event: 0.086 loading class com/cyberbotics/webots/controller/Mouse done
Event: 0.086 loading class com/cyberbotics/webots/controller/Camera
Event: 0.086 loading class com/cyberbotics/webots/controller/Camera done
Event: 0.087 loading class com/cyberbotics/webots/controller/Device
Event: 0.087 loading class com/cyberbotics/webots/controller/Device done
Event: 0.087 loading class com/cyberbotics/webots/controller/DistanceSensor
Event: 0.087 loading class com/cyberbotics/webots/controller/DistanceSensor done
Event: 0.088 loading class com/cyberbotics/webots/controller/Motion
Event: 0.088 loading class com/cyberbotics/webots/controller/Motion done


Dynamic libraries:
85200000-8ce00000 rw-p 00000000 00:00 0 
8ce00000-100000000 ---p 00000000 00:00 0 
100000000-100080000 rw-p 00000000 00:00 0 
100080000-140000000 ---p 00000000 00:00 0 
556ec146f000-556ec1470000 r-xp 00000000 08:01 23598097                   /usr/lib/jvm/java-11-openjdk-amd64/bin/java
556ec1670000-556ec1671000 r--p 00001000 08:01 23598097                   /usr/lib/jvm/java-11-openjdk-amd64/bin/java
556ec1671000-556ec1672000 rw-p 00002000 08:01 23598097                   /usr/lib/jvm/java-11-openjdk-amd64/bin/java
556ec256c000-556ec258d000 rw-p 00000000 00:00 0                          [heap]
7fcc3c000000-7fcc3c021000 rw-p 00000000 00:00 0 
7fcc3c021000-7fcc40000000 ---p 00000000 00:00 0 
7fcc40000000-7fcc40021000 rw-p 00000000 00:00 0 
7fcc40021000-7fcc44000000 ---p 00000000 00:00 0 
7fcc44000000-7fcc44021000 rw-p 00000000 00:00 0 
7fcc44021000-7fcc48000000 ---p 00000000 00:00 0 
7fcc48000000-7fcc48021000 rw-p 00000000 00:00 0 
7fcc48021000-7fcc4c000000 ---p 00000000 00:00 0 
7fcc4c000000-7fcc4c021000 rw-p 00000000 00:00 0 
7fcc4c021000-7fcc50000000 ---p 00000000 00:00 0 
7fcc50000000-7fcc50086000 rw-p 00000000 00:00 0 
7fcc50086000-7fcc54000000 ---p 00000000 00:00 0 
7fcc54000000-7fcc5404e000 rw-p 00000000 00:00 0 
7fcc5404e000-7fcc58000000 ---p 00000000 00:00 0 
7fcc58000000-7fcc58021000 rw-p 00000000 00:00 0 
7fcc58021000-7fcc5c000000 ---p 00000000 00:00 0 
7fcc5c000000-7fcc5c021000 rw-p 00000000 00:00 0 
7fcc5c021000-7fcc60000000 ---p 00000000 00:00 0 
7fcc60000000-7fcc60021000 rw-p 00000000 00:00 0 
7fcc60021000-7fcc64000000 ---p 00000000 00:00 0 
7fcc64000000-7fcc64021000 rw-p 00000000 00:00 0 
7fcc64021000-7fcc68000000 ---p 00000000 00:00 0 
7fcc68000000-7fcc68021000 rw-p 00000000 00:00 0 
7fcc68021000-7fcc6c000000 ---p 00000000 00:00 0 
7fcc6c000000-7fcc6c021000 rw-p 00000000 00:00 0 
7fcc6c021000-7fcc70000000 ---p 00000000 00:00 0 
7fcc70000000-7fcc70021000 rw-p 00000000 00:00 0 
7fcc70021000-7fcc74000000 ---p 00000000 00:00 0 
7fcc74000000-7fcc74021000 rw-p 00000000 00:00 0 
7fcc74021000-7fcc78000000 ---p 00000000 00:00 0 
7fcc78d29000-7fcc78d2c000 r-xp 00000000 08:01 26486645                   /home/pc/Downloads/webots/resources/projects/plugins/robot_windows/generic/libgeneric.so
7fcc78d2c000-7fcc78f2b000 ---p 00003000 08:01 26486645                   /home/pc/Downloads/webots/resources/projects/plugins/robot_windows/generic/libgeneric.so
7fcc78f2b000-7fcc78f2c000 r--p 00002000 08:01 26486645                   /home/pc/Downloads/webots/resources/projects/plugins/robot_windows/generic/libgeneric.so
7fcc78f2c000-7fcc78f2d000 rw-p 00003000 08:01 26486645                   /home/pc/Downloads/webots/resources/projects/plugins/robot_windows/generic/libgeneric.so
7fcc78f2d000-7fcc78f38000 r-xp 00000000 08:01 27920412                   /home/pc/Downloads/webots/lib/libjbig.so.0
7fcc78f38000-7fcc79137000 ---p 0000b000 08:01 27920412                   /home/pc/Downloads/webots/lib/libjbig.so.0
7fcc79137000-7fcc79138000 r--p 0000a000 08:01 27920412                   /home/pc/Downloads/webots/lib/libjbig.so.0
7fcc79138000-7fcc7913b000 rw-p 0000b000 08:01 27920412                   /home/pc/Downloads/webots/lib/libjbig.so.0
7fcc7913b000-7fcc7915f000 r-xp 00000000 08:01 14684814                   /lib/x86_64-linux-gnu/liblzma.so.5.2.2
7fcc7915f000-7fcc7935f000 ---p 00024000 08:01 14684814                   /lib/x86_64-linux-gnu/liblzma.so.5.2.2
7fcc7935f000-7fcc79360000 r--p 00024000 08:01 14684814                   /lib/x86_64-linux-gnu/liblzma.so.5.2.2
7fcc79360000-7fcc79361000 rw-p 00025000 08:01 14684814                   /lib/x86_64-linux-gnu/liblzma.so.5.2.2
7fcc79361000-7fcc79385000 r-xp 00000000 08:01 27920444                   /home/pc/Downloads/webots/lib/libpng12.so.0
7fcc79385000-7fcc79584000 ---p 00024000 08:01 27920444                   /home/pc/Downloads/webots/lib/libpng12.so.0
7fcc79584000-7fcc79585000 r--p 00023000 08:01 27920444                   /home/pc/Downloads/webots/lib/libpng12.so.0
7fcc79585000-7fcc79586000 rw-p 00024000 08:01 27920444                   /home/pc/Downloads/webots/lib/libpng12.so.0
7fcc79586000-7fcc795dd000 r-xp 00000000 08:01 27920405                   /home/pc/Downloads/webots/lib/libjpeg.so.8
7fcc795dd000-7fcc797dd000 ---p 00057000 08:01 27920405                   /home/pc/Downloads/webots/lib/libjpeg.so.8
7fcc797dd000-7fcc797de000 r--p 00057000 08:01 27920405                   /home/pc/Downloads/webots/lib/libjpeg.so.8
7fcc797de000-7fcc797df000 rw-p 00058000 08:01 27920405                   /home/pc/Downloads/webots/lib/libjpeg.so.8
7fcc797df000-7fcc79850000 r-xp 00000000 08:01 27920407                   /home/pc/Downloads/webots/lib/libtiff.so.5
7fcc79850000-7fcc79a50000 ---p 00071000 08:01 27920407                   /home/pc/Downloads/webots/lib/libtiff.so.5
7fcc79a50000-7fcc79a51000 r--p 00071000 08:01 27920407                   /home/pc/Downloads/webots/lib/libtiff.so.5
7fcc79a51000-7fcc79a54000 rw-p 00072000 08:01 27920407                   /home/pc/Downloads/webots/lib/libtiff.so.5
7fcc79a54000-7fcc79aa0000 r-xp 00000000 08:01 27920416                   /home/pc/Downloads/webots/lib/libController.so
7fcc79aa0000-7fcc79c9f000 ---p 0004c000 08:01 27920416                   /home/pc/Downloads/webots/lib/libController.so
7fcc79c9f000-7fcc79ca0000 r--p 0004b000 08:01 27920416                   /home/pc/Downloads/webots/lib/libController.so
7fcc79ca0000-7fcc79ca1000 rw-p 0004c000 08:01 27920416                   /home/pc/Downloads/webots/lib/libController.so
7fcc79ca1000-7fcc79ca2000 rw-p 00000000 00:00 0 
7fcc79ca2000-7fcc79cdc000 r-xp 00000000 08:01 27920467                   /home/pc/Downloads/webots/lib/libCppController.so
7fcc79cdc000-7fcc79edb000 ---p 0003a000 08:01 27920467                   /home/pc/Downloads/webots/lib/libCppController.so
7fcc79edb000-7fcc79edd000 r--p 00039000 08:01 27920467                   /home/pc/Downloads/webots/lib/libCppController.so
7fcc79edd000-7fcc79edf000 rw-p 0003b000 08:01 27920467                   /home/pc/Downloads/webots/lib/libCppController.so
7fcc79edf000-7fcc79f1b000 r-xp 00000000 08:01 27920367                   /home/pc/Downloads/webots/lib/java/libJavaController.so
7fcc79f1b000-7fcc7a11a000 ---p 0003c000 08:01 27920367                   /home/pc/Downloads/webots/lib/java/libJavaController.so
7fcc7a11a000-7fcc7a11b000 r--p 0003b000 08:01 27920367                   /home/pc/Downloads/webots/lib/java/libJavaController.so
7fcc7a11b000-7fcc7a11c000 rw-p 0003c000 08:01 27920367                   /home/pc/Downloads/webots/lib/java/libJavaController.so
7fcc7a11c000-7fcc7a133000 r-xp 00000000 08:01 23598500                   /usr/lib/jvm/java-11-openjdk-amd64/lib/libnet.so
7fcc7a133000-7fcc7a332000 ---p 00017000 08:01 23598500                   /usr/lib/jvm/java-11-openjdk-amd64/lib/libnet.so
7fcc7a332000-7fcc7a333000 r--p 00016000 08:01 23598500                   /usr/lib/jvm/java-11-openjdk-amd64/lib/libnet.so
7fcc7a333000-7fcc7a334000 rw-p 00017000 08:01 23598500                   /usr/lib/jvm/java-11-openjdk-amd64/lib/libnet.so
7fcc7a334000-7fcc7a345000 r-xp 00000000 08:01 23598501                   /usr/lib/jvm/java-11-openjdk-amd64/lib/libnio.so
7fcc7a345000-7fcc7a544000 ---p 00011000 08:01 23598501                   /usr/lib/jvm/java-11-openjdk-amd64/lib/libnio.so
7fcc7a544000-7fcc7a545000 r--p 00010000 08:01 23598501                   /usr/lib/jvm/java-11-openjdk-amd64/lib/libnio.so
7fcc7a545000-7fcc7a546000 rw-p 00011000 08:01 23598501                   /usr/lib/jvm/java-11-openjdk-amd64/lib/libnio.so
7fcc7a546000-7fcc7a54a000 ---p 00000000 00:00 0 
7fcc7a54a000-7fcc7a647000 rw-p 00000000 00:00 0 
7fcc7a647000-7fcc7a648000 ---p 00000000 00:00 0 
7fcc7a648000-7fcc7a749000 rw-p 00000000 00:00 0 
7fcc7a749000-7fcc7a74d000 ---p 00000000 00:00 0 
7fcc7a74d000-7fcc7a84a000 rw-p 00000000 00:00 0 
7fcc7a84a000-7fcc7a84e000 ---p 00000000 00:00 0 
7fcc7a84e000-7fcc7a94b000 rw-p 00000000 00:00 0 
7fcc7a94b000-7fcc7a94f000 ---p 00000000 00:00 0 
7fcc7a94f000-7fcc7aa4c000 rw-p 00000000 00:00 0 
7fcc7aa4c000-7fcc7aa50000 ---p 00000000 00:00 0 
7fcc7aa50000-7fcc7ab4d000 rw-p 00000000 00:00 0 
7fcc7ab4d000-7fcc7ab51000 ---p 00000000 00:00 0 
7fcc7ab51000-7fcc7ac4e000 rw-p 00000000 00:00 0 
7fcc7ac4e000-7fcc7ac52000 ---p 00000000 00:00 0 
7fcc7ac52000-7fcc7ad4f000 rw-p 00000000 00:00 0 
7fcc7ad4f000-7fcc7ad53000 ---p 00000000 00:00 0 
7fcc7ad53000-7fcc7ae50000 rw-p 00000000 00:00 0 
7fcc7ae50000-7fcc7b180000 r--p 00000000 08:01 23598983                   /usr/lib/locale/locale-archive
7fcc7b180000-7fcc7b184000 ---p 00000000 00:00 0 
7fcc7b184000-7fcc7b281000 rw-p 00000000 00:00 0 
7fcc7b281000-7fcc7b285000 ---p 00000000 00:00 0 
7fcc7b285000-7fcc7b382000 rw-p 00000000 00:00 0 
7fcc7b382000-7fcc7b383000 ---p 00000000 00:00 0 
7fcc7b383000-7fcc7b97a000 rw-p 00000000 00:00 0 
7fcc7b97a000-7fcc7bcfa000 ---p 00000000 00:00 0 
7fcc7bcfa000-7fcc7bcfb000 ---p 00000000 00:00 0 
7fcc7bcfb000-7fcc7bdfc000 rw-p 00000000 00:00 0 
7fcc7bdfc000-7fcc7bdfd000 ---p 00000000 00:00 0 
7fcc7bdfd000-7fcc7befe000 rw-p 00000000 00:00 0 
7fcc7befe000-7fcc7beff000 ---p 00000000 00:00 0 
7fcc7beff000-7fcc7c000000 rw-p 00000000 00:00 0 
7fcc7c000000-7fcc7c021000 rw-p 00000000 00:00 0 
7fcc7c021000-7fcc80000000 ---p 00000000 00:00 0 
7fcc80000000-7fcc80021000 rw-p 00000000 00:00 0 
7fcc80021000-7fcc84000000 ---p 00000000 00:00 0 
7fcc84000000-7fcc84021000 rw-p 00000000 00:00 0 
7fcc84021000-7fcc88000000 ---p 00000000 00:00 0 
7fcc88000000-7fcc88021000 rw-p 00000000 00:00 0 
7fcc88021000-7fcc8c000000 ---p 00000000 00:00 0 
7fcc8c000000-7fcc8c021000 rw-p 00000000 00:00 0 
7fcc8c021000-7fcc90000000 ---p 00000000 00:00 0 
7fcc90000000-7fcc90021000 rw-p 00000000 00:00 0 
7fcc90021000-7fcc94000000 ---p 00000000 00:00 0 
7fcc94000000-7fcc94021000 rw-p 00000000 00:00 0 
7fcc94021000-7fcc98000000 ---p 00000000 00:00 0 
7fcc98000000-7fcc98021000 rw-p 00000000 00:00 0 
7fcc98021000-7fcc9c000000 ---p 00000000 00:00 0 
7fcc9c000000-7fcc9c021000 rw-p 00000000 00:00 0 
7fcc9c021000-7fcca0000000 ---p 00000000 00:00 0 
7fcca0000000-7fcca0021000 rw-p 00000000 00:00 0 
7fcca0021000-7fcca4000000 ---p 00000000 00:00 0 
7fcca4046000-7fcca4047000 ---p 00000000 00:00 0 
7fcca4047000-7fcca6338000 rw-p 00000000 00:00 0 
7fcca6338000-7fcca8000000 ---p 00000000 00:00 0 
7fcca8000000-7fcca8021000 rw-p 00000000 00:00 0 
7fcca8021000-7fccac000000 ---p 00000000 00:00 0 
7fccac000000-7fccac021000 rw-p 00000000 00:00 0 
7fccac021000-7fccb0000000 ---p 00000000 00:00 0 
7fccb0000000-7fccb0021000 rw-p 00000000 00:00 0 
7fccb0021000-7fccb4000000 ---p 00000000 00:00 0 
7fccb4000000-7fccb4021000 rw-p 00000000 00:00 0 
7fccb4021000-7fccb8000000 ---p 00000000 00:00 0 
7fccb8000000-7fccb8021000 rw-p 00000000 00:00 0 
7fccb8021000-7fccbc000000 ---p 00000000 00:00 0 
7fccbc000000-7fccbc021000 rw-p 00000000 00:00 0 
7fccbc021000-7fccc0000000 ---p 00000000 00:00 0 
7fccc0000000-7fccc0021000 rw-p 00000000 00:00 0 
7fccc0021000-7fccc4000000 ---p 00000000 00:00 0 
7fccc4044000-7fccc40d0000 rw-p 00000000 00:00 0 
7fccc40d0000-7fccc40d1000 ---p 00000000 00:00 0 
7fccc40d1000-7fccc41d2000 rw-p 00000000 00:00 0 
7fccc41d2000-7fccc41d3000 ---p 00000000 00:00 0 
7fccc41d3000-7fccc42d4000 rw-p 00000000 00:00 0 
7fccc42d4000-7fccc42d5000 ---p 00000000 00:00 0 
7fccc42d5000-7fccc43d6000 rw-p 00000000 00:00 0 
7fccc43d6000-7fccc43d7000 ---p 00000000 00:00 0 
7fccc43d7000-7fccc44d8000 rw-p 00000000 00:00 0 
7fccc44d8000-7fccc44d9000 ---p 00000000 00:00 0 
7fccc44d9000-7fccc4de2000 rw-p 00000000 00:00 0 
7fccc4de2000-7fccc4de3000 ---p 00000000 00:00 0 
7fccc4de3000-7fccc4ee4000 rw-p 00000000 00:00 0 
7fccc4ee4000-7fccc4ee5000 ---p 00000000 00:00 0 
7fccc4ee5000-7fccc4fe6000 rw-p 00000000 00:00 0 
7fccc4fe6000-7fccc4fe7000 ---p 00000000 00:00 0 
7fccc4fe7000-7fccc52d8000 rw-p 00000000 00:00 0 
7fccc52d8000-7fccc6fa0000 ---p 00000000 00:00 0 
7fccc6fa0000-7fccc6fde000 rw-p 00000000 00:00 0 
7fccc6fde000-7fccc7377000 ---p 00000000 00:00 0 
7fccc7377000-7fccc73b5000 rw-p 00000000 00:00 0 
7fccc73b5000-7fccc774e000 ---p 00000000 00:00 0 
7fccc774e000-7fccc778c000 rw-p 00000000 00:00 0 
7fccc778c000-7fccc7b25000 ---p 00000000 00:00 0 
7fccc7b25000-7fccc7d95000 rwxp 00000000 00:00 0 
7fccc7d95000-7fccc80b6000 ---p 00000000 00:00 0 
7fccc80b6000-7fccc8326000 rwxp 00000000 00:00 0 
7fccc8326000-7fcccf5ed000 ---p 00000000 00:00 0 
7fcccf5ed000-7fcccf85d000 rwxp 00000000 00:00 0 
7fcccf85d000-7fccd6b25000 ---p 00000000 00:00 0 
7fccd6b25000-7fcce0000000 r--s 00000000 08:01 23598511                   /usr/lib/jvm/java-11-openjdk-amd64/lib/modules
7fcce0000000-7fcce027e000 rw-p 00000000 00:00 0 
7fcce027e000-7fcce4000000 ---p 00000000 00:00 0 
7fcce4027000-7fcce4857000 rw-p 00000000 00:00 0 
7fcce4857000-7fcce4858000 ---p 00000000 00:00 0 
7fcce4858000-7fcce4959000 rw-p 00000000 00:00 0 
7fcce4959000-7fcce495a000 ---p 00000000 00:00 0 
7fcce495a000-7fcce4a5b000 rw-p 00000000 00:00 0 
7fcce4a5b000-7fcce4a5c000 ---p 00000000 00:00 0 
7fcce4a5c000-7fcce4b5d000 rw-p 00000000 00:00 0 
7fcce4b5d000-7fcce4b5e000 ---p 00000000 00:00 0 
7fcce4b5e000-7fcce4c5f000 rw-p 00000000 00:00 0 
7fcce4c5f000-7fcce4c60000 ---p 00000000 00:00 0 
7fcce4c60000-7fcce4d61000 rw-p 00000000 00:00 0 
7fcce4d61000-7fcce4d62000 ---p 00000000 00:00 0 
7fcce4d62000-7fcce4e63000 rw-p 00000000 00:00 0 
7fcce4e63000-7fcce4e64000 ---p 00000000 00:00 0 
7fcce4e64000-7fcce4f65000 rw-p 00000000 00:00 0 
7fcce4f65000-7fcce4f66000 ---p 00000000 00:00 0 
7fcce4f66000-7fcce506c000 rw-p 00000000 00:00 0 
7fcce506c000-7fcce5152000 ---p 00000000 00:00 0 
7fcce5152000-7fcce5157000 rw-p 00000000 00:00 0 
7fcce5157000-7fcce523d000 ---p 00000000 00:00 0 
7fcce523d000-7fcce5242000 r-xp 00000000 08:01 23598491                   /usr/lib/jvm/java-11-openjdk-amd64/lib/libjimage.so
7fcce5242000-7fcce5441000 ---p 00005000 08:01 23598491                   /usr/lib/jvm/java-11-openjdk-amd64/lib/libjimage.so
7fcce5441000-7fcce5442000 r--p 00004000 08:01 23598491                   /usr/lib/jvm/java-11-openjdk-amd64/lib/libjimage.so
7fcce5442000-7fcce5443000 rw-p 00005000 08:01 23598491                   /usr/lib/jvm/java-11-openjdk-amd64/lib/libjimage.so
7fcce5443000-7fcce544a000 r-xp 00000000 08:01 23598510                   /usr/lib/jvm/java-11-openjdk-amd64/lib/libzip.so
7fcce544a000-7fcce5649000 ---p 00007000 08:01 23598510                   /usr/lib/jvm/java-11-openjdk-amd64/lib/libzip.so
7fcce5649000-7fcce564a000 r--p 00006000 08:01 23598510                   /usr/lib/jvm/java-11-openjdk-amd64/lib/libzip.so
7fcce564a000-7fcce564b000 rw-p 00007000 08:01 23598510                   /usr/lib/jvm/java-11-openjdk-amd64/lib/libzip.so
7fcce564b000-7fcce5656000 r-xp 00000000 08:01 14684844                   /lib/x86_64-linux-gnu/libnss_files-2.27.so
7fcce5656000-7fcce5855000 ---p 0000b000 08:01 14684844                   /lib/x86_64-linux-gnu/libnss_files-2.27.so
7fcce5855000-7fcce5856000 r--p 0000a000 08:01 14684844                   /lib/x86_64-linux-gnu/libnss_files-2.27.so
7fcce5856000-7fcce5857000 rw-p 0000b000 08:01 14684844                   /lib/x86_64-linux-gnu/libnss_files-2.27.so
7fcce5857000-7fcce585d000 rw-p 00000000 00:00 0 
7fcce585d000-7fcce5874000 r-xp 00000000 08:01 14684838                   /lib/x86_64-linux-gnu/libnsl-2.27.so
7fcce5874000-7fcce5a73000 ---p 00017000 08:01 14684838                   /lib/x86_64-linux-gnu/libnsl-2.27.so
7fcce5a73000-7fcce5a74000 r--p 00016000 08:01 14684838                   /lib/x86_64-linux-gnu/libnsl-2.27.so
7fcce5a74000-7fcce5a75000 rw-p 00017000 08:01 14684838                   /lib/x86_64-linux-gnu/libnsl-2.27.so
7fcce5a75000-7fcce5a77000 rw-p 00000000 00:00 0 
7fcce5a77000-7fcce5a82000 r-xp 00000000 08:01 14684855                   /lib/x86_64-linux-gnu/libnss_nis-2.27.so
7fcce5a82000-7fcce5c81000 ---p 0000b000 08:01 14684855                   /lib/x86_64-linux-gnu/libnss_nis-2.27.so
7fcce5c81000-7fcce5c82000 r--p 0000a000 08:01 14684855                   /lib/x86_64-linux-gnu/libnss_nis-2.27.so
7fcce5c82000-7fcce5c83000 rw-p 0000b000 08:01 14684855                   /lib/x86_64-linux-gnu/libnss_nis-2.27.so
7fcce5c83000-7fcce5c8b000 r-xp 00000000 08:01 14684840                   /lib/x86_64-linux-gnu/libnss_compat-2.27.so
7fcce5c8b000-7fcce5e8b000 ---p 00008000 08:01 14684840                   /lib/x86_64-linux-gnu/libnss_compat-2.27.so
7fcce5e8b000-7fcce5e8c000 r--p 00008000 08:01 14684840                   /lib/x86_64-linux-gnu/libnss_compat-2.27.so
7fcce5e8c000-7fcce5e8d000 rw-p 00009000 08:01 14684840                   /lib/x86_64-linux-gnu/libnss_compat-2.27.so
7fcce5e8d000-7fcce5eb9000 r-xp 00000000 08:01 23598487                   /usr/lib/jvm/java-11-openjdk-amd64/lib/libjava.so
7fcce5eb9000-7fcce60b8000 ---p 0002c000 08:01 23598487                   /usr/lib/jvm/java-11-openjdk-amd64/lib/libjava.so
7fcce60b8000-7fcce60b9000 r--p 0002b000 08:01 23598487                   /usr/lib/jvm/java-11-openjdk-amd64/lib/libjava.so
7fcce60b9000-7fcce60bb000 rw-p 0002c000 08:01 23598487                   /usr/lib/jvm/java-11-openjdk-amd64/lib/libjava.so
7fcce60bb000-7fcce60c8000 r-xp 00000000 08:01 23598509                   /usr/lib/jvm/java-11-openjdk-amd64/lib/libverify.so
7fcce60c8000-7fcce62c7000 ---p 0000d000 08:01 23598509                   /usr/lib/jvm/java-11-openjdk-amd64/lib/libverify.so
7fcce62c7000-7fcce62c9000 r--p 0000c000 08:01 23598509                   /usr/lib/jvm/java-11-openjdk-amd64/lib/libverify.so
7fcce62c9000-7fcce62ca000 rw-p 0000e000 08:01 23598509                   /usr/lib/jvm/java-11-openjdk-amd64/lib/libverify.so
7fcce62ca000-7fcce62d1000 r-xp 00000000 08:01 14684895                   /lib/x86_64-linux-gnu/librt-2.27.so
7fcce62d1000-7fcce64d0000 ---p 00007000 08:01 14684895                   /lib/x86_64-linux-gnu/librt-2.27.so
7fcce64d0000-7fcce64d1000 r--p 00006000 08:01 14684895                   /lib/x86_64-linux-gnu/librt-2.27.so
7fcce64d1000-7fcce64d2000 rw-p 00007000 08:01 14684895                   /lib/x86_64-linux-gnu/librt-2.27.so
7fcce64d2000-7fcce64e9000 r-xp 00000000 08:01 14684791                   /lib/x86_64-linux-gnu/libgcc_s.so.1
7fcce64e9000-7fcce66e8000 ---p 00017000 08:01 14684791                   /lib/x86_64-linux-gnu/libgcc_s.so.1
7fcce66e8000-7fcce66e9000 r--p 00016000 08:01 14684791                   /lib/x86_64-linux-gnu/libgcc_s.so.1
7fcce66e9000-7fcce66ea000 rw-p 00017000 08:01 14684791                   /lib/x86_64-linux-gnu/libgcc_s.so.1
7fcce66ea000-7fcce6887000 r-xp 00000000 08:01 14684817                   /lib/x86_64-linux-gnu/libm-2.27.so
7fcce6887000-7fcce6a86000 ---p 0019d000 08:01 14684817                   /lib/x86_64-linux-gnu/libm-2.27.so
7fcce6a86000-7fcce6a87000 r--p 0019c000 08:01 14684817                   /lib/x86_64-linux-gnu/libm-2.27.so
7fcce6a87000-7fcce6a88000 rw-p 0019d000 08:01 14684817                   /lib/x86_64-linux-gnu/libm-2.27.so
7fcce6a88000-7fcce6c01000 r-xp 00000000 08:01 23601225                   /usr/lib/x86_64-linux-gnu/libstdc++.so.6.0.25
7fcce6c01000-7fcce6e01000 ---p 00179000 08:01 23601225                   /usr/lib/x86_64-linux-gnu/libstdc++.so.6.0.25
7fcce6e01000-7fcce6e0b000 r--p 00179000 08:01 23601225                   /usr/lib/x86_64-linux-gnu/libstdc++.so.6.0.25
7fcce6e0b000-7fcce6e0d000 rw-p 00183000 08:01 23601225                   /usr/lib/x86_64-linux-gnu/libstdc++.so.6.0.25
7fcce6e0d000-7fcce6e11000 rw-p 00000000 00:00 0 
7fcce6e11000-7fcce7dae000 r-xp 00000000 08:01 23598523                   /usr/lib/jvm/java-11-openjdk-amd64/lib/server/libjvm.so
7fcce7dae000-7fcce7fae000 ---p 00f9d000 08:01 23598523                   /usr/lib/jvm/java-11-openjdk-amd64/lib/server/libjvm.so
7fcce7fae000-7fcce8072000 r--p 00f9d000 08:01 23598523                   /usr/lib/jvm/java-11-openjdk-amd64/lib/server/libjvm.so
7fcce8072000-7fcce80aa000 rw-p 01061000 08:01 23598523                   /usr/lib/jvm/java-11-openjdk-amd64/lib/server/libjvm.so
7fcce80aa000-7fcce80f3000 rw-p 00000000 00:00 0 
7fcce80f3000-7fcce810d000 r-xp 00000000 08:01 14684887                   /lib/x86_64-linux-gnu/libpthread-2.27.so
7fcce810d000-7fcce830c000 ---p 0001a000 08:01 14684887                   /lib/x86_64-linux-gnu/libpthread-2.27.so
7fcce830c000-7fcce830d000 r--p 00019000 08:01 14684887                   /lib/x86_64-linux-gnu/libpthread-2.27.so
7fcce830d000-7fcce830e000 rw-p 0001a000 08:01 14684887                   /lib/x86_64-linux-gnu/libpthread-2.27.so
7fcce830e000-7fcce8312000 rw-p 00000000 00:00 0 
7fcce8312000-7fcce8315000 r-xp 00000000 08:01 14684777                   /lib/x86_64-linux-gnu/libdl-2.27.so
7fcce8315000-7fcce8514000 ---p 00003000 08:01 14684777                   /lib/x86_64-linux-gnu/libdl-2.27.so
7fcce8514000-7fcce8515000 r--p 00002000 08:01 14684777                   /lib/x86_64-linux-gnu/libdl-2.27.so
7fcce8515000-7fcce8516000 rw-p 00003000 08:01 14684777                   /lib/x86_64-linux-gnu/libdl-2.27.so
7fcce8516000-7fcce8532000 r-xp 00000000 08:01 14684928                   /lib/x86_64-linux-gnu/libz.so.1.2.11
7fcce8532000-7fcce8731000 ---p 0001c000 08:01 14684928                   /lib/x86_64-linux-gnu/libz.so.1.2.11
7fcce8731000-7fcce8732000 r--p 0001b000 08:01 14684928                   /lib/x86_64-linux-gnu/libz.so.1.2.11
7fcce8732000-7fcce8733000 rw-p 0001c000 08:01 14684928                   /lib/x86_64-linux-gnu/libz.so.1.2.11
7fcce8733000-7fcce891a000 r-xp 00000000 08:01 14684754                   /lib/x86_64-linux-gnu/libc-2.27.so
7fcce891a000-7fcce8b1a000 ---p 001e7000 08:01 14684754                   /lib/x86_64-linux-gnu/libc-2.27.so
7fcce8b1a000-7fcce8b1e000 r--p 001e7000 08:01 14684754                   /lib/x86_64-linux-gnu/libc-2.27.so
7fcce8b1e000-7fcce8b20000 rw-p 001eb000 08:01 14684754                   /lib/x86_64-linux-gnu/libc-2.27.so
7fcce8b20000-7fcce8b24000 rw-p 00000000 00:00 0 
7fcce8b24000-7fcce8b33000 r-xp 00000000 08:01 23598516                   /usr/lib/jvm/java-11-openjdk-amd64/lib/jli/libjli.so
7fcce8b33000-7fcce8d32000 ---p 0000f000 08:01 23598516                   /usr/lib/jvm/java-11-openjdk-amd64/lib/jli/libjli.so
7fcce8d32000-7fcce8d33000 r--p 0000e000 08:01 23598516                   /usr/lib/jvm/java-11-openjdk-amd64/lib/jli/libjli.so
7fcce8d33000-7fcce8d34000 rw-p 0000f000 08:01 23598516                   /usr/lib/jvm/java-11-openjdk-amd64/lib/jli/libjli.so
7fcce8d34000-7fcce8d5b000 r-xp 00000000 08:01 14684726                   /lib/x86_64-linux-gnu/ld-2.27.so
7fcce8d80000-7fcce8e3e000 rw-p 00000000 00:00 0 
7fcce8e3e000-7fcce8e42000 ---p 00000000 00:00 0 
7fcce8e42000-7fcce8f48000 rw-p 00000000 00:00 0 
7fcce8f48000-7fcce8f4f000 ---p 00000000 00:00 0 
7fcce8f4f000-7fcce8f57000 rw-s 00000000 08:01 28966955                   /tmp/hsperfdata_pc/7201
7fcce8f57000-7fcce8f58000 ---p 00000000 00:00 0 
7fcce8f58000-7fcce8f59000 r--p 00000000 00:00 0 
7fcce8f59000-7fcce8f5b000 rw-p 00000000 00:00 0 
7fcce8f5b000-7fcce8f5c000 r--p 00027000 08:01 14684726                   /lib/x86_64-linux-gnu/ld-2.27.so
7fcce8f5c000-7fcce8f5d000 rw-p 00028000 08:01 14684726                   /lib/x86_64-linux-gnu/ld-2.27.so
7fcce8f5d000-7fcce8f5e000 rw-p 00000000 00:00 0 
7fff3b6cf000-7fff3b6f1000 rw-p 00000000 00:00 0                          [stack]
7fff3b78c000-7fff3b78f000 r--p 00000000 00:00 0                          [vvar]
7fff3b78f000-7fff3b791000 r-xp 00000000 00:00 0                          [vdso]
ffffffffff600000-ffffffffff601000 r-xp 00000000 00:00 0                  [vsyscall]


VM Arguments:
jvm_args: -Djava.library.path=/home/pc/Downloads/webots/lib/java 
java_command: SensorController
java_class_path (initial): /home/pc/Downloads/webots/lib/java/Controller.jar:/home/pc/Dokumente/my_project/controllers/SensorController/
Launcher Type: SUN_STANDARD

Logging:
Log output configuration:
#0: stdout all=warning uptime,level,tags
#1: stderr all=off uptime,level,tags

Environment Variables:
PATH=/usr/local/sbin:/usr/local/bin:/usr/sbin:/usr/bin:/sbin:/bin:/usr/games:/usr/local/games
LD_LIBRARY_PATH=/home/pc/Downloads/webots/projects/default/libraries/vehicle:/home/pc/Downloads/webots/projects/default/libraries/ros:/home/pc/Downloads/webots/resources/projects/libraries/qt_utils:/home/pc/Dokumente/my_project/controllers/SensorController/:/home/pc/Downloads/webots/lib/:/tmp/webots-7073/lib:
SHELL=/bin/bash
DISPLAY=:0

Signal Handlers:
SIGSEGV: [libjvm.so+0xd28b70], sa_mask[0]=11111111011111111101111111111110, sa_flags=SA_RESTART|SA_SIGINFO
SIGBUS: [libjvm.so+0xd28b70], sa_mask[0]=11111111011111111101111111111110, sa_flags=SA_RESTART|SA_SIGINFO
SIGFPE: [libjvm.so+0xd28b70], sa_mask[0]=11111111011111111101111111111110, sa_flags=SA_RESTART|SA_SIGINFO
SIGPIPE: [libjvm.so+0xb2a1f0], sa_mask[0]=11111111011111111101111111111110, sa_flags=SA_RESTART|SA_SIGINFO
SIGXFSZ: [libjvm.so+0xb2a1f0], sa_mask[0]=11111111011111111101111111111110, sa_flags=SA_RESTART|SA_SIGINFO
SIGILL: [libjvm.so+0xd28b70], sa_mask[0]=11111111011111111101111111111110, sa_flags=SA_RESTART|SA_SIGINFO
SIGUSR2: [libjvm.so+0xb2a030], sa_mask[0]=00000000000000000000000000000000, sa_flags=SA_RESTART|SA_SIGINFO
SIGHUP: [libjvm.so+0xb2a180], sa_mask[0]=11111111011111111101111111111110, sa_flags=SA_RESTART|SA_SIGINFO
SIGINT: [libjvm.so+0xb2a180], sa_mask[0]=11111111011111111101111111111110, sa_flags=SA_RESTART|SA_SIGINFO
SIGTERM: [libjvm.so+0xb2a180], sa_mask[0]=11111111011111111101111111111110, sa_flags=SA_RESTART|SA_SIGINFO
SIGQUIT: [libjvm.so+0xb2a180], sa_mask[0]=11111111011111111101111111111110, sa_flags=SA_RESTART|SA_SIGINFO


---------------  S Y S T E M  ---------------

OS:DISTRIB_ID=LinuxMint
DISTRIB_RELEASE=19.1
DISTRIB_CODENAME=tessa
DISTRIB_DESCRIPTION="Linux Mint 19.1 Tessa"
uname:Linux 4.15.0-20-generic #21-Ubuntu SMP Tue Apr 24 06:16:15 UTC 2018 x86_64
libc:glibc 2.27 NPTL 2.27 
rlimit: STACK 8192k, CORE 0k, NPROC 31207, NOFILE 4096, AS infinity, DATA infinity, FSIZE infinity
load average:0.86 1.31 1.18

/proc/meminfo:
MemTotal:        8051996 kB
MemFree:         4821376 kB
MemAvailable:    5919344 kB
Buffers:          109612 kB
Cached:          1810828 kB
SwapCached:            0 kB
Active:          1743104 kB
Inactive:        1249264 kB
Active(anon):    1073216 kB
Inactive(anon):   650840 kB
Active(file):     669888 kB
Inactive(file):   598424 kB
Unevictable:          32 kB
Mlocked:              32 kB
SwapTotal:       2097148 kB
SwapFree:        2097148 kB
Dirty:               188 kB
Writeback:             0 kB
AnonPages:       1071924 kB
Mapped:           538228 kB
Shmem:            652132 kB
Slab:             142740 kB
SReclaimable:      97784 kB
SUnreclaim:        44956 kB
KernelStack:       10116 kB
PageTables:        34220 kB
NFS_Unstable:          0 kB
Bounce:                0 kB
WritebackTmp:          0 kB
CommitLimit:     6123144 kB
Committed_AS:    4964812 kB
VmallocTotal:   34359738367 kB
VmallocUsed:           0 kB
VmallocChunk:          0 kB
HardwareCorrupted:     0 kB
AnonHugePages:         0 kB
ShmemHugePages:        0 kB
ShmemPmdMapped:        0 kB
CmaTotal:              0 kB
CmaFree:               0 kB
HugePages_Total:       0
HugePages_Free:        0
HugePages_Rsvd:        0
HugePages_Surp:        0
Hugepagesize:       2048 kB
DirectMap4k:      168896 kB
DirectMap2M:     8103936 kB

container (cgroup) information:
container_type: cgroupv1
cpu_cpuset_cpus: 0-7
cpu_memory_nodes: 0
active_processor_count: 8
cpu_quota: -1
cpu_period: 100000
cpu_shares: -1
memory_limit_in_bytes: -1
memory_and_swap_limit_in_bytes: -2
memory_soft_limit_in_bytes: -1
memory_usage_in_bytes: 3064868864
memory_max_usage_in_bytes: 0


CPU:total 8 (initial active 8) (4 cores per cpu, 2 threads per core) family 6 model 58 stepping 9, cmov, cx8, fxsr, mmx, sse, sse2, sse3, ssse3, sse4.1, sse4.2, popcnt, avx, aes, clmul, erms, ht, tsc, tscinvbit, tscinv
CPU Model and flags from /proc/cpuinfo:
model name	: Intel(R) Core(TM) i7-3770 CPU @ 3.40GHz
flags		: fpu vme de pse tsc msr pae mce cx8 apic sep mtrr pge mca cmov pat pse36 clflush dts acpi mmx fxsr sse sse2 ss ht tm pbe syscall nx rdtscp lm constant_tsc arch_perfmon pebs bts rep_good nopl xtopology nonstop_tsc cpuid aperfmperf pni pclmulqdq dtes64 monitor ds_cpl vmx smx est tm2 ssse3 cx16 xtpr pdcm pcid sse4_1 sse4_2 x2apic popcnt tsc_deadline_timer aes xsave avx f16c rdrand lahf_lm cpuid_fault epb pti tpr_shadow vnmi flexpriority ept vpid fsgsbase smep erms xsaveopt dtherm ida arat pln pts

Memory: 4k page, physical 8051996k(4821376k free), swap 2097148k(2097148k free)

vm_info: OpenJDK 64-Bit Server VM (10.0.2+13-Ubuntu-1ubuntu0.18.04.4) for linux-amd64 JRE (10.0.2+13-Ubuntu-1ubuntu0.18.04.4), built on Nov 13 2018 12:53:39 by "buildd" with gcc 7.3.0

END.
