#
# A fatal error has been detected by the Java Runtime Environment:
#
#  SIGSEGV (0xb) at pc=0x00007f6b494d9b32, pid=4613, tid=4614
#
# JRE version: OpenJDK Runtime Environment (10.0.2+13) (build 10.0.2+13-Ubuntu-1ubuntu0.18.04.4)
# Java VM: OpenJDK 64-Bit Server VM (10.0.2+13-Ubuntu-1ubuntu0.18.04.4, mixed mode, tiered, compressed oops, g1 gc, linux-amd64)
# Problematic frame:
# C  [libController.so+0x1bb32]  wbu_motion_new+0x5d2
#
# Core dump will be written. Default location: Core dumps may be processed with "/usr/share/apport/apport %p %s %c %d %P" (or dumping to /home/pc/Dokumente/my_project/controllers/SensorController/core.4613)
#
# If you would like to submit a bug report, please visit:
#   http://bugreport.java.com/bugreport/crash.jsp
# The crash happened outside the Java Virtual Machine in native code.
# See problematic frame for where to report the bug.
#

---------------  S U M M A R Y ------------

Command Line: -Djava.library.path=/home/pc/Downloads/webots/lib/java SensorController

Host: Intel(R) Core(TM) i7-3770 CPU @ 3.40GHz, 8 cores, 7G, Linux Mint 19.1 Tessa
Time: Tue Jun 18 12:30:20 2019 CEST elapsed time: 0 seconds (0d 0h 0m 0s)

---------------  T H R E A D  ---------------

Current thread (0x00007f6b98012000):  JavaThread "main" [_thread_in_native, id=4614, stack(0x00007f6ba081f000,0x00007f6ba0920000)]

Stack: [0x00007f6ba081f000,0x00007f6ba0920000],  sp=0x00007f6ba091d6f0,  free space=1017k
Native frames: (J=compiled Java code, A=aot compiled Java code, j=interpreted, Vv=VM code, C=native code)
C  [libController.so+0x1bb32]  wbu_motion_new+0x5d2
C  [libCppController.so+0x28c7a]  webots::Motion::Motion(std::__cxx11::basic_string<char, std::char_traits<char>, std::allocator<char> > const&)+0x36
C  [libJavaController.so+0x27c5d]  Java_com_cyberbotics_webots_controller_wrapperJNI_new_1Motion+0x10a
j  com.cyberbotics.webots.controller.wrapperJNI.new_Motion(Ljava/lang/String;)J+0
j  com.cyberbotics.webots.controller.Motion.<init>(Ljava/lang/String;)V+2
j  SensorController.loadMotionFiles()V+118
j  SensorController.main([Ljava/lang/String;)V+22
v  ~StubRoutines::call_stub
V  [libjvm.so+0x83d38f]
V  [libjvm.so+0x85c3cd]
V  [libjvm.so+0x85e60e]
C  [libjli.so+0x4aa0]
C  [libjli.so+0x89dd]
C  [libpthread.so.0+0x76db]  start_thread+0xdb

Java frames: (J=compiled Java code, j=interpreted, Vv=VM code)
j  com.cyberbotics.webots.controller.wrapperJNI.new_Motion(Ljava/lang/String;)J+0
j  com.cyberbotics.webots.controller.Motion.<init>(Ljava/lang/String;)V+2
j  SensorController.loadMotionFiles()V+118
j  SensorController.main([Ljava/lang/String;)V+22
v  ~StubRoutines::call_stub

siginfo: si_signo: 11 (SIGSEGV), si_code: 1 (SEGV_MAPERR), si_addr: 0x0000000000000000

Register to memory mapping:

RAX=0x0000000000000000 is an unknown value
RBX=0x00007f6b9828b7f0 is an unknown value
RCX=0x0000000000000000 is an unknown value
RDX=0x00007f6ba0501a68: <offset 0x00000000003eda68> in /lib/x86_64-linux-gnu/libc.so.6 at 0x00007f6ba0114000
RSP=0x00007f6ba091d6f0 is pointing into the stack for thread: 0x00007f6b98012000
RBP=0x00007f6ba091e770 is pointing into the stack for thread: 0x00007f6b98012000
RSI=0x00007f6b494f6fc3: <offset 0x0000000000038fc3> in /home/pc/Downloads/webots/lib/libController.so at 0x00007f6b494be000
RDI=0x0000000000000000 is an unknown value
R8 =0x0000000000000001 is an unknown value
R9 =0x0000000000000000 is an unknown value
R10=0x8666666666666666 is an unknown value
R11=0x00007f6b494f6fde: <offset 0x0000000000038fde> in /home/pc/Downloads/webots/lib/libController.so at 0x00007f6b494be000
R12=0x0000000000000030 is an unknown value
R13=0x0000000000000018 is an unknown value
R14=0x0000000000000028 is an unknown value
R15=0x0000000000000005 is an unknown value


Registers:
RAX=0x0000000000000000, RBX=0x00007f6b9828b7f0, RCX=0x0000000000000000, RDX=0x00007f6ba0501a68
RSP=0x00007f6ba091d6f0, RBP=0x00007f6ba091e770, RSI=0x00007f6b494f6fc3, RDI=0x0000000000000000
R8 =0x0000000000000001, R9 =0x0000000000000000, R10=0x8666666666666666, R11=0x00007f6b494f6fde
R12=0x0000000000000030, R13=0x0000000000000018, R14=0x0000000000000028, R15=0x0000000000000005
RIP=0x00007f6b494d9b32, EFLAGS=0x0000000000010246, CSGSFS=0x002b000000000033, ERR=0x0000000000000004
  TRAPNO=0x000000000000000e

Top of Stack: (sp=0x00007f6ba091d6f0)
0x00007f6ba091d6f0:   34323a30303a3030 003765736f500030
0x00007f6ba091d700:   003630302e300030 31003532352e302d
0x00007f6ba091d710:   352e302d0035302e 30302e302d003532
0x00007f6ba091d720:   30302e302c302c36 3532352e302d2c36 

Instructions: (pc=0x00007f6b494d9b32)
0x00007f6b494d9b12:   08 4a 03 0c 22 48 89 ca e8 f1 21 ff ff 44 3b 3b
0x00007f6b494d9b22:   7d 3c 48 8d 35 98 d4 01 00 31 ff e8 5e 26 ff ff
0x00007f6b494d9b32:   80 38 2a 75 c1 80 78 01 00 75 bb 48 8b 43 30 f2
0x00007f6b494d9b42:   0f 10 05 07 db 01 00 41 83 c7 01 4a 8b 04 20 f2 


---------------  P R O C E S S  ---------------

Threads class SMR info:
_java_thread_list=0x00007f6b982350c0, length=11, elements={
0x00007f6b98012000, 0x00007f6b98142800, 0x00007f6b98144800, 0x00007f6b9814e000,
0x00007f6b98158800, 0x00007f6b9815a800, 0x00007f6b9815c800, 0x00007f6b9815e800,
0x00007f6b98160800, 0x00007f6b9821d000, 0x00007f6b98235800
}

Java Threads: ( => current thread )
=>0x00007f6b98012000 JavaThread "main" [_thread_in_native, id=4614, stack(0x00007f6ba081f000,0x00007f6ba0920000)]
  0x00007f6b98142800 JavaThread "Reference Handler" daemon [_thread_blocked, id=4636, stack(0x00007f6b4aceb000,0x00007f6b4adec000)]
  0x00007f6b98144800 JavaThread "Finalizer" daemon [_thread_blocked, id=4637, stack(0x00007f6b4abea000,0x00007f6b4aceb000)]
  0x00007f6b9814e000 JavaThread "Signal Dispatcher" daemon [_thread_blocked, id=4638, stack(0x00007f6b4a7b9000,0x00007f6b4a8ba000)]
  0x00007f6b98158800 JavaThread "C2 CompilerThread0" daemon [_thread_blocked, id=4639, stack(0x00007f6b4a6b8000,0x00007f6b4a7b9000)]
  0x00007f6b9815a800 JavaThread "C2 CompilerThread1" daemon [_thread_blocked, id=4640, stack(0x00007f6b4a5b7000,0x00007f6b4a6b8000)]
  0x00007f6b9815c800 JavaThread "C2 CompilerThread2" daemon [_thread_blocked, id=4641, stack(0x00007f6b4a4b6000,0x00007f6b4a5b7000)]
  0x00007f6b9815e800 JavaThread "C1 CompilerThread3" daemon [_thread_blocked, id=4642, stack(0x00007f6b4a3b5000,0x00007f6b4a4b6000)]
  0x00007f6b98160800 JavaThread "Sweeper thread" daemon [_thread_blocked, id=4643, stack(0x00007f6b4a2b4000,0x00007f6b4a3b5000)]
  0x00007f6b9821d000 JavaThread "Service Thread" daemon [_thread_blocked, id=4644, stack(0x00007f6b4a1b3000,0x00007f6b4a2b4000)]
  0x00007f6b98235800 JavaThread "Common-Cleaner" daemon [_thread_blocked, id=4646, stack(0x00007f6b49fb0000,0x00007f6b4a0b1000)]

Other Threads:
  0x00007f6b98139000 VMThread "VM Thread" [stack: 0x00007f6b4adee000,0x00007f6b4aeee000] [id=4635]
  0x00007f6b9821f000 WatcherThread [stack: 0x00007f6b4a0b3000,0x00007f6b4a1b3000] [id=4645]
  0x00007f6b98028800 GCTaskThread "GC Thread#0" [stack: 0x00007f6b9c948000,0x00007f6b9ca48000] [id=4615]
  0x00007f6b9802a000 GCTaskThread "GC Thread#1" [stack: 0x00007f6b9c846000,0x00007f6b9c946000] [id=4616]
  0x00007f6b9802c000 GCTaskThread "GC Thread#2" [stack: 0x00007f6b9c744000,0x00007f6b9c844000] [id=4617]
  0x00007f6b9802d800 GCTaskThread "GC Thread#3" [stack: 0x00007f6b9c642000,0x00007f6b9c742000] [id=4618]
  0x00007f6b9802f000 GCTaskThread "GC Thread#4" [stack: 0x00007f6b9c540000,0x00007f6b9c640000] [id=4619]
  0x00007f6b98031000 GCTaskThread "GC Thread#5" [stack: 0x00007f6b9c43e000,0x00007f6b9c53e000] [id=4620]
  0x00007f6b98032800 GCTaskThread "GC Thread#6" [stack: 0x00007f6b9c33c000,0x00007f6b9c43c000] [id=4621]
  0x00007f6b98034800 GCTaskThread "GC Thread#7" [stack: 0x00007f6b9c23a000,0x00007f6b9c33a000] [id=4622]
  0x00007f6b9805d800 ConcurrentGCThread "G1 Main Marker" [stack: 0x00007f6b7c9e2000,0x00007f6b7cae2000] [id=4623]
  0x00007f6b9805f800 ConcurrentGCThread "G1 Conc#0" [stack: 0x00007f6b7c8e0000,0x00007f6b7c9e0000] [id=4624]
  0x00007f6b98061000 ConcurrentGCThread "G1 Conc#1" [stack: 0x00007f6b7c7de000,0x00007f6b7c8de000] [id=4625]
  0x00007f6b980c9800 ConcurrentGCThread "G1 Refine#0" [stack: 0x00007f6b4bf00000,0x00007f6b4c000000] [id=4626]
  0x00007f6b980cb800 ConcurrentGCThread "G1 Refine#1" [stack: 0x00007f6b4bdfe000,0x00007f6b4befe000] [id=4627]
  0x00007f6b980cd000 ConcurrentGCThread "G1 Refine#2" [stack: 0x00007f6b4bcfc000,0x00007f6b4bdfc000] [id=4628]
  0x00007f6b980cf000 ConcurrentGCThread "G1 Refine#3" [stack: 0x00007f6b4bbfa000,0x00007f6b4bcfa000] [id=4629]
  0x00007f6b980d0800 ConcurrentGCThread "G1 Refine#4" [stack: 0x00007f6b4baf8000,0x00007f6b4bbf8000] [id=4630]
  0x00007f6b980d2800 ConcurrentGCThread "G1 Refine#5" [stack: 0x00007f6b4b9f6000,0x00007f6b4baf6000] [id=4631]
  0x00007f6b980d4000 ConcurrentGCThread "G1 Refine#6" [stack: 0x00007f6b4b8f4000,0x00007f6b4b9f4000] [id=4632]
  0x00007f6b980d6000 ConcurrentGCThread "G1 Refine#7" [stack: 0x00007f6b4b7f2000,0x00007f6b4b8f2000] [id=4633]
  0x00007f6b980d7800 ConcurrentGCThread "G1 Young RemSet Sampling" [stack: 0x00007f6b4b6f0000,0x00007f6b4b7f0000] [id=4634]

Threads with active compile tasks:

VM state:not at safepoint (normal execution)

VM Mutex/Monitor currently owned by a thread: None

Heap address: 0x0000000085200000, size: 1966 MB, Compressed Oops mode: 32-bit
Narrow klass base: 0x0000000000000000, Narrow klass shift: 3
Compressed class space size: 1073741824 Address: 0x0000000100000000

Heap:
 garbage-first heap   total 126976K, used 1024K [0x0000000085200000, 0x0000000100000000)
  region size 1024K, 2 young (2048K), 0 survivors (0K)
 Metaspace       used 4857K, capacity 4990K, committed 5120K, reserved 1056768K
  class space    used 398K, capacity 430K, committed 512K, reserved 1048576K
Heap Regions: E=young(eden), S=young(survivor), O=old, HS=humongous(starts), HC=humongous(continues), CS=collection set, F=free, A=archive, TS=gc time stamp, AC=allocation context, TAMS=top-at-mark-start (previous, next)
|   0|0x0000000085200000, 0x0000000085200000, 0x0000000085300000|  0%| F|  |TS  0|AC  0|TAMS 0x0000000085200000, 0x0000000085200000|
|   1|0x0000000085300000, 0x0000000085300000, 0x0000000085400000|  0%| F|  |TS  0|AC  0|TAMS 0x0000000085300000, 0x0000000085300000|
|   2|0x0000000085400000, 0x0000000085400000, 0x0000000085500000|  0%| F|  |TS  0|AC  0|TAMS 0x0000000085400000, 0x0000000085400000|
|   3|0x0000000085500000, 0x0000000085500000, 0x0000000085600000|  0%| F|  |TS  0|AC  0|TAMS 0x0000000085500000, 0x0000000085500000|
|   4|0x0000000085600000, 0x0000000085600000, 0x0000000085700000|  0%| F|  |TS  0|AC  0|TAMS 0x0000000085600000, 0x0000000085600000|
|   5|0x0000000085700000, 0x0000000085700000, 0x0000000085800000|  0%| F|  |TS  0|AC  0|TAMS 0x0000000085700000, 0x0000000085700000|
|   6|0x0000000085800000, 0x0000000085800000, 0x0000000085900000|  0%| F|  |TS  0|AC  0|TAMS 0x0000000085800000, 0x0000000085800000|
|   7|0x0000000085900000, 0x0000000085900000, 0x0000000085a00000|  0%| F|  |TS  0|AC  0|TAMS 0x0000000085900000, 0x0000000085900000|
|   8|0x0000000085a00000, 0x0000000085a00000, 0x0000000085b00000|  0%| F|  |TS  0|AC  0|TAMS 0x0000000085a00000, 0x0000000085a00000|
|   9|0x0000000085b00000, 0x0000000085b00000, 0x0000000085c00000|  0%| F|  |TS  0|AC  0|TAMS 0x0000000085b00000, 0x0000000085b00000|
|  10|0x0000000085c00000, 0x0000000085c00000, 0x0000000085d00000|  0%| F|  |TS  0|AC  0|TAMS 0x0000000085c00000, 0x0000000085c00000|
|  11|0x0000000085d00000, 0x0000000085d00000, 0x0000000085e00000|  0%| F|  |TS  0|AC  0|TAMS 0x0000000085d00000, 0x0000000085d00000|
|  12|0x0000000085e00000, 0x0000000085e00000, 0x0000000085f00000|  0%| F|  |TS  0|AC  0|TAMS 0x0000000085e00000, 0x0000000085e00000|
|  13|0x0000000085f00000, 0x0000000085f00000, 0x0000000086000000|  0%| F|  |TS  0|AC  0|TAMS 0x0000000085f00000, 0x0000000085f00000|
|  14|0x0000000086000000, 0x0000000086000000, 0x0000000086100000|  0%| F|  |TS  0|AC  0|TAMS 0x0000000086000000, 0x0000000086000000|
|  15|0x0000000086100000, 0x0000000086100000, 0x0000000086200000|  0%| F|  |TS  0|AC  0|TAMS 0x0000000086100000, 0x0000000086100000|
|  16|0x0000000086200000, 0x0000000086200000, 0x0000000086300000|  0%| F|  |TS  0|AC  0|TAMS 0x0000000086200000, 0x0000000086200000|
|  17|0x0000000086300000, 0x0000000086300000, 0x0000000086400000|  0%| F|  |TS  0|AC  0|TAMS 0x0000000086300000, 0x0000000086300000|
|  18|0x0000000086400000, 0x0000000086400000, 0x0000000086500000|  0%| F|  |TS  0|AC  0|TAMS 0x0000000086400000, 0x0000000086400000|
|  19|0x0000000086500000, 0x0000000086500000, 0x0000000086600000|  0%| F|  |TS  0|AC  0|TAMS 0x0000000086500000, 0x0000000086500000|
|  20|0x0000000086600000, 0x0000000086600000, 0x0000000086700000|  0%| F|  |TS  0|AC  0|TAMS 0x0000000086600000, 0x0000000086600000|
|  21|0x0000000086700000, 0x0000000086700000, 0x0000000086800000|  0%| F|  |TS  0|AC  0|TAMS 0x0000000086700000, 0x0000000086700000|
|  22|0x0000000086800000, 0x0000000086800000, 0x0000000086900000|  0%| F|  |TS  0|AC  0|TAMS 0x0000000086800000, 0x0000000086800000|
|  23|0x0000000086900000, 0x0000000086900000, 0x0000000086a00000|  0%| F|  |TS  0|AC  0|TAMS 0x0000000086900000, 0x0000000086900000|
|  24|0x0000000086a00000, 0x0000000086a00000, 0x0000000086b00000|  0%| F|  |TS  0|AC  0|TAMS 0x0000000086a00000, 0x0000000086a00000|
|  25|0x0000000086b00000, 0x0000000086b00000, 0x0000000086c00000|  0%| F|  |TS  0|AC  0|TAMS 0x0000000086b00000, 0x0000000086b00000|
|  26|0x0000000086c00000, 0x0000000086c00000, 0x0000000086d00000|  0%| F|  |TS  0|AC  0|TAMS 0x0000000086c00000, 0x0000000086c00000|
|  27|0x0000000086d00000, 0x0000000086d00000, 0x0000000086e00000|  0%| F|  |TS  0|AC  0|TAMS 0x0000000086d00000, 0x0000000086d00000|
|  28|0x0000000086e00000, 0x0000000086e00000, 0x0000000086f00000|  0%| F|  |TS  0|AC  0|TAMS 0x0000000086e00000, 0x0000000086e00000|
|  29|0x0000000086f00000, 0x0000000086f00000, 0x0000000087000000|  0%| F|  |TS  0|AC  0|TAMS 0x0000000086f00000, 0x0000000086f00000|
|  30|0x0000000087000000, 0x0000000087000000, 0x0000000087100000|  0%| F|  |TS  0|AC  0|TAMS 0x0000000087000000, 0x0000000087000000|
|  31|0x0000000087100000, 0x0000000087100000, 0x0000000087200000|  0%| F|  |TS  0|AC  0|TAMS 0x0000000087100000, 0x0000000087100000|
|  32|0x0000000087200000, 0x0000000087200000, 0x0000000087300000|  0%| F|  |TS  0|AC  0|TAMS 0x0000000087200000, 0x0000000087200000|
|  33|0x0000000087300000, 0x0000000087300000, 0x0000000087400000|  0%| F|  |TS  0|AC  0|TAMS 0x0000000087300000, 0x0000000087300000|
|  34|0x0000000087400000, 0x0000000087400000, 0x0000000087500000|  0%| F|  |TS  0|AC  0|TAMS 0x0000000087400000, 0x0000000087400000|
|  35|0x0000000087500000, 0x0000000087500000, 0x0000000087600000|  0%| F|  |TS  0|AC  0|TAMS 0x0000000087500000, 0x0000000087500000|
|  36|0x0000000087600000, 0x0000000087600000, 0x0000000087700000|  0%| F|  |TS  0|AC  0|TAMS 0x0000000087600000, 0x0000000087600000|
|  37|0x0000000087700000, 0x0000000087700000, 0x0000000087800000|  0%| F|  |TS  0|AC  0|TAMS 0x0000000087700000, 0x0000000087700000|
|  38|0x0000000087800000, 0x0000000087800000, 0x0000000087900000|  0%| F|  |TS  0|AC  0|TAMS 0x0000000087800000, 0x0000000087800000|
|  39|0x0000000087900000, 0x0000000087900000, 0x0000000087a00000|  0%| F|  |TS  0|AC  0|TAMS 0x0000000087900000, 0x0000000087900000|
|  40|0x0000000087a00000, 0x0000000087a00000, 0x0000000087b00000|  0%| F|  |TS  0|AC  0|TAMS 0x0000000087a00000, 0x0000000087a00000|
|  41|0x0000000087b00000, 0x0000000087b00000, 0x0000000087c00000|  0%| F|  |TS  0|AC  0|TAMS 0x0000000087b00000, 0x0000000087b00000|
|  42|0x0000000087c00000, 0x0000000087c00000, 0x0000000087d00000|  0%| F|  |TS  0|AC  0|TAMS 0x0000000087c00000, 0x0000000087c00000|
|  43|0x0000000087d00000, 0x0000000087d00000, 0x0000000087e00000|  0%| F|  |TS  0|AC  0|TAMS 0x0000000087d00000, 0x0000000087d00000|
|  44|0x0000000087e00000, 0x0000000087e00000, 0x0000000087f00000|  0%| F|  |TS  0|AC  0|TAMS 0x0000000087e00000, 0x0000000087e00000|
|  45|0x0000000087f00000, 0x0000000087f00000, 0x0000000088000000|  0%| F|  |TS  0|AC  0|TAMS 0x0000000087f00000, 0x0000000087f00000|
|  46|0x0000000088000000, 0x0000000088000000, 0x0000000088100000|  0%| F|  |TS  0|AC  0|TAMS 0x0000000088000000, 0x0000000088000000|
|  47|0x0000000088100000, 0x0000000088100000, 0x0000000088200000|  0%| F|  |TS  0|AC  0|TAMS 0x0000000088100000, 0x0000000088100000|
|  48|0x0000000088200000, 0x0000000088200000, 0x0000000088300000|  0%| F|  |TS  0|AC  0|TAMS 0x0000000088200000, 0x0000000088200000|
|  49|0x0000000088300000, 0x0000000088300000, 0x0000000088400000|  0%| F|  |TS  0|AC  0|TAMS 0x0000000088300000, 0x0000000088300000|
|  50|0x0000000088400000, 0x0000000088400000, 0x0000000088500000|  0%| F|  |TS  0|AC  0|TAMS 0x0000000088400000, 0x0000000088400000|
|  51|0x0000000088500000, 0x0000000088500000, 0x0000000088600000|  0%| F|  |TS  0|AC  0|TAMS 0x0000000088500000, 0x0000000088500000|
|  52|0x0000000088600000, 0x0000000088600000, 0x0000000088700000|  0%| F|  |TS  0|AC  0|TAMS 0x0000000088600000, 0x0000000088600000|
|  53|0x0000000088700000, 0x0000000088700000, 0x0000000088800000|  0%| F|  |TS  0|AC  0|TAMS 0x0000000088700000, 0x0000000088700000|
|  54|0x0000000088800000, 0x0000000088800000, 0x0000000088900000|  0%| F|  |TS  0|AC  0|TAMS 0x0000000088800000, 0x0000000088800000|
|  55|0x0000000088900000, 0x0000000088900000, 0x0000000088a00000|  0%| F|  |TS  0|AC  0|TAMS 0x0000000088900000, 0x0000000088900000|
|  56|0x0000000088a00000, 0x0000000088a00000, 0x0000000088b00000|  0%| F|  |TS  0|AC  0|TAMS 0x0000000088a00000, 0x0000000088a00000|
|  57|0x0000000088b00000, 0x0000000088b00000, 0x0000000088c00000|  0%| F|  |TS  0|AC  0|TAMS 0x0000000088b00000, 0x0000000088b00000|
|  58|0x0000000088c00000, 0x0000000088c00000, 0x0000000088d00000|  0%| F|  |TS  0|AC  0|TAMS 0x0000000088c00000, 0x0000000088c00000|
|  59|0x0000000088d00000, 0x0000000088d00000, 0x0000000088e00000|  0%| F|  |TS  0|AC  0|TAMS 0x0000000088d00000, 0x0000000088d00000|
|  60|0x0000000088e00000, 0x0000000088e00000, 0x0000000088f00000|  0%| F|  |TS  0|AC  0|TAMS 0x0000000088e00000, 0x0000000088e00000|
|  61|0x0000000088f00000, 0x0000000088f00000, 0x0000000089000000|  0%| F|  |TS  0|AC  0|TAMS 0x0000000088f00000, 0x0000000088f00000|
|  62|0x0000000089000000, 0x0000000089000000, 0x0000000089100000|  0%| F|  |TS  0|AC  0|TAMS 0x0000000089000000, 0x0000000089000000|
|  63|0x0000000089100000, 0x0000000089100000, 0x0000000089200000|  0%| F|  |TS  0|AC  0|TAMS 0x0000000089100000, 0x0000000089100000|
|  64|0x0000000089200000, 0x0000000089200000, 0x0000000089300000|  0%| F|  |TS  0|AC  0|TAMS 0x0000000089200000, 0x0000000089200000|
|  65|0x0000000089300000, 0x0000000089300000, 0x0000000089400000|  0%| F|  |TS  0|AC  0|TAMS 0x0000000089300000, 0x0000000089300000|
|  66|0x0000000089400000, 0x0000000089400000, 0x0000000089500000|  0%| F|  |TS  0|AC  0|TAMS 0x0000000089400000, 0x0000000089400000|
|  67|0x0000000089500000, 0x0000000089500000, 0x0000000089600000|  0%| F|  |TS  0|AC  0|TAMS 0x0000000089500000, 0x0000000089500000|
|  68|0x0000000089600000, 0x0000000089600000, 0x0000000089700000|  0%| F|  |TS  0|AC  0|TAMS 0x0000000089600000, 0x0000000089600000|
|  69|0x0000000089700000, 0x0000000089700000, 0x0000000089800000|  0%| F|  |TS  0|AC  0|TAMS 0x0000000089700000, 0x0000000089700000|
|  70|0x0000000089800000, 0x0000000089800000, 0x0000000089900000|  0%| F|  |TS  0|AC  0|TAMS 0x0000000089800000, 0x0000000089800000|
|  71|0x0000000089900000, 0x0000000089900000, 0x0000000089a00000|  0%| F|  |TS  0|AC  0|TAMS 0x0000000089900000, 0x0000000089900000|
|  72|0x0000000089a00000, 0x0000000089a00000, 0x0000000089b00000|  0%| F|  |TS  0|AC  0|TAMS 0x0000000089a00000, 0x0000000089a00000|
|  73|0x0000000089b00000, 0x0000000089b00000, 0x0000000089c00000|  0%| F|  |TS  0|AC  0|TAMS 0x0000000089b00000, 0x0000000089b00000|
|  74|0x0000000089c00000, 0x0000000089c00000, 0x0000000089d00000|  0%| F|  |TS  0|AC  0|TAMS 0x0000000089c00000, 0x0000000089c00000|
|  75|0x0000000089d00000, 0x0000000089d00000, 0x0000000089e00000|  0%| F|  |TS  0|AC  0|TAMS 0x0000000089d00000, 0x0000000089d00000|
|  76|0x0000000089e00000, 0x0000000089e00000, 0x0000000089f00000|  0%| F|  |TS  0|AC  0|TAMS 0x0000000089e00000, 0x0000000089e00000|
|  77|0x0000000089f00000, 0x0000000089f00000, 0x000000008a000000|  0%| F|  |TS  0|AC  0|TAMS 0x0000000089f00000, 0x0000000089f00000|
|  78|0x000000008a000000, 0x000000008a000000, 0x000000008a100000|  0%| F|  |TS  0|AC  0|TAMS 0x000000008a000000, 0x000000008a000000|
|  79|0x000000008a100000, 0x000000008a100000, 0x000000008a200000|  0%| F|  |TS  0|AC  0|TAMS 0x000000008a100000, 0x000000008a100000|
|  80|0x000000008a200000, 0x000000008a200000, 0x000000008a300000|  0%| F|  |TS  0|AC  0|TAMS 0x000000008a200000, 0x000000008a200000|
|  81|0x000000008a300000, 0x000000008a300000, 0x000000008a400000|  0%| F|  |TS  0|AC  0|TAMS 0x000000008a300000, 0x000000008a300000|
|  82|0x000000008a400000, 0x000000008a400000, 0x000000008a500000|  0%| F|  |TS  0|AC  0|TAMS 0x000000008a400000, 0x000000008a400000|
|  83|0x000000008a500000, 0x000000008a500000, 0x000000008a600000|  0%| F|  |TS  0|AC  0|TAMS 0x000000008a500000, 0x000000008a500000|
|  84|0x000000008a600000, 0x000000008a600000, 0x000000008a700000|  0%| F|  |TS  0|AC  0|TAMS 0x000000008a600000, 0x000000008a600000|
|  85|0x000000008a700000, 0x000000008a700000, 0x000000008a800000|  0%| F|  |TS  0|AC  0|TAMS 0x000000008a700000, 0x000000008a700000|
|  86|0x000000008a800000, 0x000000008a800000, 0x000000008a900000|  0%| F|  |TS  0|AC  0|TAMS 0x000000008a800000, 0x000000008a800000|
|  87|0x000000008a900000, 0x000000008a900000, 0x000000008aa00000|  0%| F|  |TS  0|AC  0|TAMS 0x000000008a900000, 0x000000008a900000|
|  88|0x000000008aa00000, 0x000000008aa00000, 0x000000008ab00000|  0%| F|  |TS  0|AC  0|TAMS 0x000000008aa00000, 0x000000008aa00000|
|  89|0x000000008ab00000, 0x000000008ab00000, 0x000000008ac00000|  0%| F|  |TS  0|AC  0|TAMS 0x000000008ab00000, 0x000000008ab00000|
|  90|0x000000008ac00000, 0x000000008ac00000, 0x000000008ad00000|  0%| F|  |TS  0|AC  0|TAMS 0x000000008ac00000, 0x000000008ac00000|
|  91|0x000000008ad00000, 0x000000008ad00000, 0x000000008ae00000|  0%| F|  |TS  0|AC  0|TAMS 0x000000008ad00000, 0x000000008ad00000|
|  92|0x000000008ae00000, 0x000000008ae00000, 0x000000008af00000|  0%| F|  |TS  0|AC  0|TAMS 0x000000008ae00000, 0x000000008ae00000|
|  93|0x000000008af00000, 0x000000008af00000, 0x000000008b000000|  0%| F|  |TS  0|AC  0|TAMS 0x000000008af00000, 0x000000008af00000|
|  94|0x000000008b000000, 0x000000008b000000, 0x000000008b100000|  0%| F|  |TS  0|AC  0|TAMS 0x000000008b000000, 0x000000008b000000|
|  95|0x000000008b100000, 0x000000008b100000, 0x000000008b200000|  0%| F|  |TS  0|AC  0|TAMS 0x000000008b100000, 0x000000008b100000|
|  96|0x000000008b200000, 0x000000008b200000, 0x000000008b300000|  0%| F|  |TS  0|AC  0|TAMS 0x000000008b200000, 0x000000008b200000|
|  97|0x000000008b300000, 0x000000008b300000, 0x000000008b400000|  0%| F|  |TS  0|AC  0|TAMS 0x000000008b300000, 0x000000008b300000|
|  98|0x000000008b400000, 0x000000008b400000, 0x000000008b500000|  0%| F|  |TS  0|AC  0|TAMS 0x000000008b400000, 0x000000008b400000|
|  99|0x000000008b500000, 0x000000008b500000, 0x000000008b600000|  0%| F|  |TS  0|AC  0|TAMS 0x000000008b500000, 0x000000008b500000|
| 100|0x000000008b600000, 0x000000008b600000, 0x000000008b700000|  0%| F|  |TS  0|AC  0|TAMS 0x000000008b600000, 0x000000008b600000|
| 101|0x000000008b700000, 0x000000008b700000, 0x000000008b800000|  0%| F|  |TS  0|AC  0|TAMS 0x000000008b700000, 0x000000008b700000|
| 102|0x000000008b800000, 0x000000008b800000, 0x000000008b900000|  0%| F|  |TS  0|AC  0|TAMS 0x000000008b800000, 0x000000008b800000|
| 103|0x000000008b900000, 0x000000008b900000, 0x000000008ba00000|  0%| F|  |TS  0|AC  0|TAMS 0x000000008b900000, 0x000000008b900000|
| 104|0x000000008ba00000, 0x000000008ba00000, 0x000000008bb00000|  0%| F|  |TS  0|AC  0|TAMS 0x000000008ba00000, 0x000000008ba00000|
| 105|0x000000008bb00000, 0x000000008bb00000, 0x000000008bc00000|  0%| F|  |TS  0|AC  0|TAMS 0x000000008bb00000, 0x000000008bb00000|
| 106|0x000000008bc00000, 0x000000008bc00000, 0x000000008bd00000|  0%| F|  |TS  0|AC  0|TAMS 0x000000008bc00000, 0x000000008bc00000|
| 107|0x000000008bd00000, 0x000000008bd00000, 0x000000008be00000|  0%| F|  |TS  0|AC  0|TAMS 0x000000008bd00000, 0x000000008bd00000|
| 108|0x000000008be00000, 0x000000008be00000, 0x000000008bf00000|  0%| F|  |TS  0|AC  0|TAMS 0x000000008be00000, 0x000000008be00000|
| 109|0x000000008bf00000, 0x000000008bf00000, 0x000000008c000000|  0%| F|  |TS  0|AC  0|TAMS 0x000000008bf00000, 0x000000008bf00000|
| 110|0x000000008c000000, 0x000000008c000000, 0x000000008c100000|  0%| F|  |TS  0|AC  0|TAMS 0x000000008c000000, 0x000000008c000000|
| 111|0x000000008c100000, 0x000000008c100000, 0x000000008c200000|  0%| F|  |TS  0|AC  0|TAMS 0x000000008c100000, 0x000000008c100000|
| 112|0x000000008c200000, 0x000000008c200000, 0x000000008c300000|  0%| F|  |TS  0|AC  0|TAMS 0x000000008c200000, 0x000000008c200000|
| 113|0x000000008c300000, 0x000000008c300000, 0x000000008c400000|  0%| F|  |TS  0|AC  0|TAMS 0x000000008c300000, 0x000000008c300000|
| 114|0x000000008c400000, 0x000000008c400000, 0x000000008c500000|  0%| F|  |TS  0|AC  0|TAMS 0x000000008c400000, 0x000000008c400000|
| 115|0x000000008c500000, 0x000000008c500000, 0x000000008c600000|  0%| F|  |TS  0|AC  0|TAMS 0x000000008c500000, 0x000000008c500000|
| 116|0x000000008c600000, 0x000000008c600000, 0x000000008c700000|  0%| F|  |TS  0|AC  0|TAMS 0x000000008c600000, 0x000000008c600000|
| 117|0x000000008c700000, 0x000000008c700000, 0x000000008c800000|  0%| F|  |TS  0|AC  0|TAMS 0x000000008c700000, 0x000000008c700000|
| 118|0x000000008c800000, 0x000000008c800000, 0x000000008c900000|  0%| F|  |TS  0|AC  0|TAMS 0x000000008c800000, 0x000000008c800000|
| 119|0x000000008c900000, 0x000000008c900000, 0x000000008ca00000|  0%| F|  |TS  0|AC  0|TAMS 0x000000008c900000, 0x000000008c900000|
| 120|0x000000008ca00000, 0x000000008ca00000, 0x000000008cb00000|  0%| F|  |TS  0|AC  0|TAMS 0x000000008ca00000, 0x000000008ca00000|
| 121|0x000000008cb00000, 0x000000008cb00000, 0x000000008cc00000|  0%| F|  |TS  0|AC  0|TAMS 0x000000008cb00000, 0x000000008cb00000|
| 122|0x000000008cc00000, 0x000000008ccf6470, 0x000000008cd00000| 96%| E|  |TS  0|AC  0|TAMS 0x000000008cc00000, 0x000000008cc00000|
| 123|0x000000008cd00000, 0x000000008ce00000, 0x000000008ce00000|100%| E|CS|TS  0|AC  0|TAMS 0x000000008cd00000, 0x000000008cd00000|

Card table byte_map: [0x00007f6b7ed71000,0x00007f6b7f148000] byte_map_base: 0x00007f6b7e948000

Marking Bits (Prev, Next): (CMBitMap*) 0x00007f6b9805ce80, (CMBitMap*) 0x00007f6b9805ceb8
 Prev Bits: [0x00007f6b7cae2000, 0x00007f6b7e99a000)
 Next Bits: [0x00007f6b5e148000, 0x00007f6b60000000)

Polling page: 0x00007f6ba0938000

CodeHeap 'non-profiled nmethods': size=120032Kb used=22Kb max_used=22Kb free=120009Kb
 bounds [0x00007f6b875ed000, 0x00007f6b8785d000, 0x00007f6b8eb25000]
CodeHeap 'profiled nmethods': size=120028Kb used=138Kb max_used=138Kb free=119889Kb
 bounds [0x00007f6b800b6000, 0x00007f6b80326000, 0x00007f6b875ed000]
CodeHeap 'non-nmethods': size=5700Kb used=1017Kb max_used=1017Kb free=4682Kb
 bounds [0x00007f6b7fb25000, 0x00007f6b7fd95000, 0x00007f6b800b6000]
 total_blobs=466 nmethods=101 adapters=222
 compilation: enabled

Compilation events (10 events):
Event: 0.093 Thread 0x00007f6b9815e800 nmethod 97 0x00007f6b800d5810 code [0x00007f6b800d59e0, 0x00007f6b800d5df0]
Event: 0.093 Thread 0x00007f6b9815e800   98       3       java.lang.StringBuilder::append (8 bytes)
Event: 0.094 Thread 0x00007f6b9815e800 nmethod 98 0x00007f6b800d5f90 code [0x00007f6b800d6140, 0x00007f6b800d62e8]
Event: 0.094 Thread 0x00007f6b9815e800   99       3       java.lang.AbstractStringBuilder::append (45 bytes)
Event: 0.094 Thread 0x00007f6b9815e800 nmethod 99 0x00007f6b800d6390 code [0x00007f6b800d65c0, 0x00007f6b800d6b38]
Event: 0.094 Thread 0x00007f6b9815e800  100       3       java.lang.Character::toLowerCase (9 bytes)
Event: 0.095 Thread 0x00007f6b9815e800 nmethod 100 0x00007f6b800d6d90 code [0x00007f6b800d6f60, 0x00007f6b800d7198]
Event: 0.095 Thread 0x00007f6b9815e800  101       3       java.lang.CharacterDataLatin1::toLowerCase (39 bytes)
Event: 0.095 Thread 0x00007f6b9815e800 nmethod 101 0x00007f6b800d7290 code [0x00007f6b800d7460, 0x00007f6b800d76f0]
Event: 0.098 Thread 0x00007f6b9815e800  102       3       java.util.Arrays::copyOfRange (63 bytes)

GC Heap History (0 events):
No events

Deoptimization events (1 events):
Event: 0.061 Thread 0x00007f6b98012000 Uncommon trap: reason=unstable_if action=reinterpret pc=0x00007f6b875f1eec method=java.lang.String.hashCode()I @ 14 c2

Classes redefined (0 events):
No events

Internal exceptions (0 events):
No events

Events (10 events):
Event: 0.093 loading class com/cyberbotics/webots/controller/Mouse
Event: 0.093 loading class com/cyberbotics/webots/controller/Mouse done
Event: 0.093 loading class com/cyberbotics/webots/controller/Camera
Event: 0.093 loading class com/cyberbotics/webots/controller/Camera done
Event: 0.094 loading class com/cyberbotics/webots/controller/Device
Event: 0.094 loading class com/cyberbotics/webots/controller/Device done
Event: 0.094 loading class com/cyberbotics/webots/controller/DistanceSensor
Event: 0.094 loading class com/cyberbotics/webots/controller/DistanceSensor done
Event: 0.095 loading class com/cyberbotics/webots/controller/Motion
Event: 0.095 loading class com/cyberbotics/webots/controller/Motion done


Dynamic libraries:
85200000-8ce00000 rw-p 00000000 00:00 0 
8ce00000-100000000 ---p 00000000 00:00 0 
100000000-100080000 rw-p 00000000 00:00 0 
100080000-140000000 ---p 00000000 00:00 0 
5636b889b000-5636b889c000 r-xp 00000000 08:01 23598097                   /usr/lib/jvm/java-11-openjdk-amd64/bin/java
5636b8a9c000-5636b8a9d000 r--p 00001000 08:01 23598097                   /usr/lib/jvm/java-11-openjdk-amd64/bin/java
5636b8a9d000-5636b8a9e000 rw-p 00002000 08:01 23598097                   /usr/lib/jvm/java-11-openjdk-amd64/bin/java
5636ba26f000-5636ba290000 rw-p 00000000 00:00 0                          [heap]
7f6af4000000-7f6af4021000 rw-p 00000000 00:00 0 
7f6af4021000-7f6af8000000 ---p 00000000 00:00 0 
7f6af8000000-7f6af8021000 rw-p 00000000 00:00 0 
7f6af8021000-7f6afc000000 ---p 00000000 00:00 0 
7f6afc000000-7f6afc021000 rw-p 00000000 00:00 0 
7f6afc021000-7f6b00000000 ---p 00000000 00:00 0 
7f6b00000000-7f6b00021000 rw-p 00000000 00:00 0 
7f6b00021000-7f6b04000000 ---p 00000000 00:00 0 
7f6b04000000-7f6b04022000 rw-p 00000000 00:00 0 
7f6b04022000-7f6b08000000 ---p 00000000 00:00 0 
7f6b08000000-7f6b0805e000 rw-p 00000000 00:00 0 
7f6b0805e000-7f6b0c000000 ---p 00000000 00:00 0 
7f6b0c000000-7f6b0c05e000 rw-p 00000000 00:00 0 
7f6b0c05e000-7f6b10000000 ---p 00000000 00:00 0 
7f6b10000000-7f6b10021000 rw-p 00000000 00:00 0 
7f6b10021000-7f6b14000000 ---p 00000000 00:00 0 
7f6b14000000-7f6b14021000 rw-p 00000000 00:00 0 
7f6b14021000-7f6b18000000 ---p 00000000 00:00 0 
7f6b18000000-7f6b18021000 rw-p 00000000 00:00 0 
7f6b18021000-7f6b1c000000 ---p 00000000 00:00 0 
7f6b1c000000-7f6b1c021000 rw-p 00000000 00:00 0 
7f6b1c021000-7f6b20000000 ---p 00000000 00:00 0 
7f6b20000000-7f6b20021000 rw-p 00000000 00:00 0 
7f6b20021000-7f6b24000000 ---p 00000000 00:00 0 
7f6b24000000-7f6b24021000 rw-p 00000000 00:00 0 
7f6b24021000-7f6b28000000 ---p 00000000 00:00 0 
7f6b28000000-7f6b28021000 rw-p 00000000 00:00 0 
7f6b28021000-7f6b2c000000 ---p 00000000 00:00 0 
7f6b2c000000-7f6b2c021000 rw-p 00000000 00:00 0 
7f6b2c021000-7f6b30000000 ---p 00000000 00:00 0 
7f6b30000000-7f6b30021000 rw-p 00000000 00:00 0 
7f6b30021000-7f6b34000000 ---p 00000000 00:00 0 
7f6b34000000-7f6b34021000 rw-p 00000000 00:00 0 
7f6b34021000-7f6b38000000 ---p 00000000 00:00 0 
7f6b38000000-7f6b38021000 rw-p 00000000 00:00 0 
7f6b38021000-7f6b3c000000 ---p 00000000 00:00 0 
7f6b3c000000-7f6b3c021000 rw-p 00000000 00:00 0 
7f6b3c021000-7f6b40000000 ---p 00000000 00:00 0 
7f6b40000000-7f6b40021000 rw-p 00000000 00:00 0 
7f6b40021000-7f6b44000000 ---p 00000000 00:00 0 
7f6b44000000-7f6b44021000 rw-p 00000000 00:00 0 
7f6b44021000-7f6b48000000 ---p 00000000 00:00 0 
7f6b48793000-7f6b48796000 r-xp 00000000 08:01 26486645                   /home/pc/Downloads/webots/resources/projects/plugins/robot_windows/generic/libgeneric.so
7f6b48796000-7f6b48995000 ---p 00003000 08:01 26486645                   /home/pc/Downloads/webots/resources/projects/plugins/robot_windows/generic/libgeneric.so
7f6b48995000-7f6b48996000 r--p 00002000 08:01 26486645                   /home/pc/Downloads/webots/resources/projects/plugins/robot_windows/generic/libgeneric.so
7f6b48996000-7f6b48997000 rw-p 00003000 08:01 26486645                   /home/pc/Downloads/webots/resources/projects/plugins/robot_windows/generic/libgeneric.so
7f6b48997000-7f6b489a2000 r-xp 00000000 08:01 27920412                   /home/pc/Downloads/webots/lib/libjbig.so.0
7f6b489a2000-7f6b48ba1000 ---p 0000b000 08:01 27920412                   /home/pc/Downloads/webots/lib/libjbig.so.0
7f6b48ba1000-7f6b48ba2000 r--p 0000a000 08:01 27920412                   /home/pc/Downloads/webots/lib/libjbig.so.0
7f6b48ba2000-7f6b48ba5000 rw-p 0000b000 08:01 27920412                   /home/pc/Downloads/webots/lib/libjbig.so.0
7f6b48ba5000-7f6b48bc9000 r-xp 00000000 08:01 14684814                   /lib/x86_64-linux-gnu/liblzma.so.5.2.2
7f6b48bc9000-7f6b48dc9000 ---p 00024000 08:01 14684814                   /lib/x86_64-linux-gnu/liblzma.so.5.2.2
7f6b48dc9000-7f6b48dca000 r--p 00024000 08:01 14684814                   /lib/x86_64-linux-gnu/liblzma.so.5.2.2
7f6b48dca000-7f6b48dcb000 rw-p 00025000 08:01 14684814                   /lib/x86_64-linux-gnu/liblzma.so.5.2.2
7f6b48dcb000-7f6b48def000 r-xp 00000000 08:01 27920444                   /home/pc/Downloads/webots/lib/libpng12.so.0
7f6b48def000-7f6b48fee000 ---p 00024000 08:01 27920444                   /home/pc/Downloads/webots/lib/libpng12.so.0
7f6b48fee000-7f6b48fef000 r--p 00023000 08:01 27920444                   /home/pc/Downloads/webots/lib/libpng12.so.0
7f6b48fef000-7f6b48ff0000 rw-p 00024000 08:01 27920444                   /home/pc/Downloads/webots/lib/libpng12.so.0
7f6b48ff0000-7f6b49047000 r-xp 00000000 08:01 27920405                   /home/pc/Downloads/webots/lib/libjpeg.so.8
7f6b49047000-7f6b49247000 ---p 00057000 08:01 27920405                   /home/pc/Downloads/webots/lib/libjpeg.so.8
7f6b49247000-7f6b49248000 r--p 00057000 08:01 27920405                   /home/pc/Downloads/webots/lib/libjpeg.so.8
7f6b49248000-7f6b49249000 rw-p 00058000 08:01 27920405                   /home/pc/Downloads/webots/lib/libjpeg.so.8
7f6b49249000-7f6b492ba000 r-xp 00000000 08:01 27920407                   /home/pc/Downloads/webots/lib/libtiff.so.5
7f6b492ba000-7f6b494ba000 ---p 00071000 08:01 27920407                   /home/pc/Downloads/webots/lib/libtiff.so.5
7f6b494ba000-7f6b494bb000 r--p 00071000 08:01 27920407                   /home/pc/Downloads/webots/lib/libtiff.so.5
7f6b494bb000-7f6b494be000 rw-p 00072000 08:01 27920407                   /home/pc/Downloads/webots/lib/libtiff.so.5
7f6b494be000-7f6b4950a000 r-xp 00000000 08:01 27920416                   /home/pc/Downloads/webots/lib/libController.so
7f6b4950a000-7f6b49709000 ---p 0004c000 08:01 27920416                   /home/pc/Downloads/webots/lib/libController.so
7f6b49709000-7f6b4970a000 r--p 0004b000 08:01 27920416                   /home/pc/Downloads/webots/lib/libController.so
7f6b4970a000-7f6b4970b000 rw-p 0004c000 08:01 27920416                   /home/pc/Downloads/webots/lib/libController.so
7f6b4970b000-7f6b4970c000 rw-p 00000000 00:00 0 
7f6b4970c000-7f6b49746000 r-xp 00000000 08:01 27920467                   /home/pc/Downloads/webots/lib/libCppController.so
7f6b49746000-7f6b49945000 ---p 0003a000 08:01 27920467                   /home/pc/Downloads/webots/lib/libCppController.so
7f6b49945000-7f6b49947000 r--p 00039000 08:01 27920467                   /home/pc/Downloads/webots/lib/libCppController.so
7f6b49947000-7f6b49949000 rw-p 0003b000 08:01 27920467                   /home/pc/Downloads/webots/lib/libCppController.so
7f6b49949000-7f6b49985000 r-xp 00000000 08:01 27920367                   /home/pc/Downloads/webots/lib/java/libJavaController.so
7f6b49985000-7f6b49b84000 ---p 0003c000 08:01 27920367                   /home/pc/Downloads/webots/lib/java/libJavaController.so
7f6b49b84000-7f6b49b85000 r--p 0003b000 08:01 27920367                   /home/pc/Downloads/webots/lib/java/libJavaController.so
7f6b49b85000-7f6b49b86000 rw-p 0003c000 08:01 27920367                   /home/pc/Downloads/webots/lib/java/libJavaController.so
7f6b49b86000-7f6b49b9d000 r-xp 00000000 08:01 23598500                   /usr/lib/jvm/java-11-openjdk-amd64/lib/libnet.so
7f6b49b9d000-7f6b49d9c000 ---p 00017000 08:01 23598500                   /usr/lib/jvm/java-11-openjdk-amd64/lib/libnet.so
7f6b49d9c000-7f6b49d9d000 r--p 00016000 08:01 23598500                   /usr/lib/jvm/java-11-openjdk-amd64/lib/libnet.so
7f6b49d9d000-7f6b49d9e000 rw-p 00017000 08:01 23598500                   /usr/lib/jvm/java-11-openjdk-amd64/lib/libnet.so
7f6b49d9e000-7f6b49daf000 r-xp 00000000 08:01 23598501                   /usr/lib/jvm/java-11-openjdk-amd64/lib/libnio.so
7f6b49daf000-7f6b49fae000 ---p 00011000 08:01 23598501                   /usr/lib/jvm/java-11-openjdk-amd64/lib/libnio.so
7f6b49fae000-7f6b49faf000 r--p 00010000 08:01 23598501                   /usr/lib/jvm/java-11-openjdk-amd64/lib/libnio.so
7f6b49faf000-7f6b49fb0000 rw-p 00011000 08:01 23598501                   /usr/lib/jvm/java-11-openjdk-amd64/lib/libnio.so
7f6b49fb0000-7f6b49fb4000 ---p 00000000 00:00 0 
7f6b49fb4000-7f6b4a0b1000 rw-p 00000000 00:00 0 
7f6b4a0b1000-7f6b4a0b2000 ---p 00000000 00:00 0 
7f6b4a0b2000-7f6b4a1b3000 rw-p 00000000 00:00 0 
7f6b4a1b3000-7f6b4a1b7000 ---p 00000000 00:00 0 
7f6b4a1b7000-7f6b4a2b4000 rw-p 00000000 00:00 0 
7f6b4a2b4000-7f6b4a2b8000 ---p 00000000 00:00 0 
7f6b4a2b8000-7f6b4a3b5000 rw-p 00000000 00:00 0 
7f6b4a3b5000-7f6b4a3b9000 ---p 00000000 00:00 0 
7f6b4a3b9000-7f6b4a4b6000 rw-p 00000000 00:00 0 
7f6b4a4b6000-7f6b4a4ba000 ---p 00000000 00:00 0 
7f6b4a4ba000-7f6b4a5b7000 rw-p 00000000 00:00 0 
7f6b4a5b7000-7f6b4a5bb000 ---p 00000000 00:00 0 
7f6b4a5bb000-7f6b4a6b8000 rw-p 00000000 00:00 0 
7f6b4a6b8000-7f6b4a6bc000 ---p 00000000 00:00 0 
7f6b4a6bc000-7f6b4a7b9000 rw-p 00000000 00:00 0 
7f6b4a7b9000-7f6b4a7bd000 ---p 00000000 00:00 0 
7f6b4a7bd000-7f6b4a8ba000 rw-p 00000000 00:00 0 
7f6b4a8ba000-7f6b4abea000 r--p 00000000 08:01 23598983                   /usr/lib/locale/locale-archive
7f6b4abea000-7f6b4abee000 ---p 00000000 00:00 0 
7f6b4abee000-7f6b4aceb000 rw-p 00000000 00:00 0 
7f6b4aceb000-7f6b4acef000 ---p 00000000 00:00 0 
7f6b4acef000-7f6b4adec000 rw-p 00000000 00:00 0 
7f6b4adec000-7f6b4aded000 ---p 00000000 00:00 0 
7f6b4aded000-7f6b4b36e000 rw-p 00000000 00:00 0 
7f6b4b36e000-7f6b4b6ee000 ---p 00000000 00:00 0 
7f6b4b6ee000-7f6b4b6ef000 ---p 00000000 00:00 0 
7f6b4b6ef000-7f6b4b7f0000 rw-p 00000000 00:00 0 
7f6b4b7f0000-7f6b4b7f1000 ---p 00000000 00:00 0 
7f6b4b7f1000-7f6b4b8f2000 rw-p 00000000 00:00 0 
7f6b4b8f2000-7f6b4b8f3000 ---p 00000000 00:00 0 
7f6b4b8f3000-7f6b4b9f4000 rw-p 00000000 00:00 0 
7f6b4b9f4000-7f6b4b9f5000 ---p 00000000 00:00 0 
7f6b4b9f5000-7f6b4baf6000 rw-p 00000000 00:00 0 
7f6b4baf6000-7f6b4baf7000 ---p 00000000 00:00 0 
7f6b4baf7000-7f6b4bbf8000 rw-p 00000000 00:00 0 
7f6b4bbf8000-7f6b4bbf9000 ---p 00000000 00:00 0 
7f6b4bbf9000-7f6b4bcfa000 rw-p 00000000 00:00 0 
7f6b4bcfa000-7f6b4bcfb000 ---p 00000000 00:00 0 
7f6b4bcfb000-7f6b4bdfc000 rw-p 00000000 00:00 0 
7f6b4bdfc000-7f6b4bdfd000 ---p 00000000 00:00 0 
7f6b4bdfd000-7f6b4befe000 rw-p 00000000 00:00 0 
7f6b4befe000-7f6b4beff000 ---p 00000000 00:00 0 
7f6b4beff000-7f6b4c000000 rw-p 00000000 00:00 0 
7f6b4c000000-7f6b4c021000 rw-p 00000000 00:00 0 
7f6b4c021000-7f6b50000000 ---p 00000000 00:00 0 
7f6b50000000-7f6b50021000 rw-p 00000000 00:00 0 
7f6b50021000-7f6b54000000 ---p 00000000 00:00 0 
7f6b54000000-7f6b54021000 rw-p 00000000 00:00 0 
7f6b54021000-7f6b58000000 ---p 00000000 00:00 0 
7f6b58000000-7f6b58021000 rw-p 00000000 00:00 0 
7f6b58021000-7f6b5c000000 ---p 00000000 00:00 0 
7f6b5c016000-7f6b5e338000 rw-p 00000000 00:00 0 
7f6b5e338000-7f6b60000000 ---p 00000000 00:00 0 
7f6b60000000-7f6b60021000 rw-p 00000000 00:00 0 
7f6b60021000-7f6b64000000 ---p 00000000 00:00 0 
7f6b64000000-7f6b64021000 rw-p 00000000 00:00 0 
7f6b64021000-7f6b68000000 ---p 00000000 00:00 0 
7f6b68000000-7f6b68021000 rw-p 00000000 00:00 0 
7f6b68021000-7f6b6c000000 ---p 00000000 00:00 0 
7f6b6c000000-7f6b6c021000 rw-p 00000000 00:00 0 
7f6b6c021000-7f6b70000000 ---p 00000000 00:00 0 
7f6b70000000-7f6b70021000 rw-p 00000000 00:00 0 
7f6b70021000-7f6b74000000 ---p 00000000 00:00 0 
7f6b74000000-7f6b74021000 rw-p 00000000 00:00 0 
7f6b74021000-7f6b78000000 ---p 00000000 00:00 0 
7f6b78000000-7f6b78021000 rw-p 00000000 00:00 0 
7f6b78021000-7f6b7c000000 ---p 00000000 00:00 0 
7f6b7c004000-7f6b7c7dc000 rw-p 00000000 00:00 0 
7f6b7c7dc000-7f6b7c7dd000 ---p 00000000 00:00 0 
7f6b7c7dd000-7f6b7c8de000 rw-p 00000000 00:00 0 
7f6b7c8de000-7f6b7c8df000 ---p 00000000 00:00 0 
7f6b7c8df000-7f6b7c9e0000 rw-p 00000000 00:00 0 
7f6b7c9e0000-7f6b7c9e1000 ---p 00000000 00:00 0 
7f6b7c9e1000-7f6b7ccd2000 rw-p 00000000 00:00 0 
7f6b7ccd2000-7f6b7e99a000 ---p 00000000 00:00 0 
7f6b7e99a000-7f6b7e9d8000 rw-p 00000000 00:00 0 
7f6b7e9d8000-7f6b7ed71000 ---p 00000000 00:00 0 
7f6b7ed71000-7f6b7edaf000 rw-p 00000000 00:00 0 
7f6b7edaf000-7f6b7f148000 ---p 00000000 00:00 0 
7f6b7f148000-7f6b7f186000 rw-p 00000000 00:00 0 
7f6b7f186000-7f6b7f51f000 ---p 00000000 00:00 0 
7f6b7f51f000-7f6b7fb25000 rw-p 00000000 00:00 0 
7f6b7fb25000-7f6b7fd95000 rwxp 00000000 00:00 0 
7f6b7fd95000-7f6b800b6000 ---p 00000000 00:00 0 
7f6b800b6000-7f6b80326000 rwxp 00000000 00:00 0 
7f6b80326000-7f6b875ed000 ---p 00000000 00:00 0 
7f6b875ed000-7f6b8785d000 rwxp 00000000 00:00 0 
7f6b8785d000-7f6b8eb25000 ---p 00000000 00:00 0 
7f6b8eb25000-7f6b98000000 r--s 00000000 08:01 23598511                   /usr/lib/jvm/java-11-openjdk-amd64/lib/modules
7f6b98000000-7f6b982a7000 rw-p 00000000 00:00 0 
7f6b982a7000-7f6b9c000000 ---p 00000000 00:00 0 
7f6b9c00e000-7f6b9c238000 rw-p 00000000 00:00 0 
7f6b9c238000-7f6b9c239000 ---p 00000000 00:00 0 
7f6b9c239000-7f6b9c33a000 rw-p 00000000 00:00 0 
7f6b9c33a000-7f6b9c33b000 ---p 00000000 00:00 0 
7f6b9c33b000-7f6b9c43c000 rw-p 00000000 00:00 0 
7f6b9c43c000-7f6b9c43d000 ---p 00000000 00:00 0 
7f6b9c43d000-7f6b9c53e000 rw-p 00000000 00:00 0 
7f6b9c53e000-7f6b9c53f000 ---p 00000000 00:00 0 
7f6b9c53f000-7f6b9c640000 rw-p 00000000 00:00 0 
7f6b9c640000-7f6b9c641000 ---p 00000000 00:00 0 
7f6b9c641000-7f6b9c742000 rw-p 00000000 00:00 0 
7f6b9c742000-7f6b9c743000 ---p 00000000 00:00 0 
7f6b9c743000-7f6b9c844000 rw-p 00000000 00:00 0 
7f6b9c844000-7f6b9c845000 ---p 00000000 00:00 0 
7f6b9c845000-7f6b9c946000 rw-p 00000000 00:00 0 
7f6b9c946000-7f6b9c947000 ---p 00000000 00:00 0 
7f6b9c947000-7f6b9ca4d000 rw-p 00000000 00:00 0 
7f6b9ca4d000-7f6b9cb33000 ---p 00000000 00:00 0 
7f6b9cb33000-7f6b9cb38000 rw-p 00000000 00:00 0 
7f6b9cb38000-7f6b9cc1e000 ---p 00000000 00:00 0 
7f6b9cc1e000-7f6b9cc23000 r-xp 00000000 08:01 23598491                   /usr/lib/jvm/java-11-openjdk-amd64/lib/libjimage.so
7f6b9cc23000-7f6b9ce22000 ---p 00005000 08:01 23598491                   /usr/lib/jvm/java-11-openjdk-amd64/lib/libjimage.so
7f6b9ce22000-7f6b9ce23000 r--p 00004000 08:01 23598491                   /usr/lib/jvm/java-11-openjdk-amd64/lib/libjimage.so
7f6b9ce23000-7f6b9ce24000 rw-p 00005000 08:01 23598491                   /usr/lib/jvm/java-11-openjdk-amd64/lib/libjimage.so
7f6b9ce24000-7f6b9ce2b000 r-xp 00000000 08:01 23598510                   /usr/lib/jvm/java-11-openjdk-amd64/lib/libzip.so
7f6b9ce2b000-7f6b9d02a000 ---p 00007000 08:01 23598510                   /usr/lib/jvm/java-11-openjdk-amd64/lib/libzip.so
7f6b9d02a000-7f6b9d02b000 r--p 00006000 08:01 23598510                   /usr/lib/jvm/java-11-openjdk-amd64/lib/libzip.so
7f6b9d02b000-7f6b9d02c000 rw-p 00007000 08:01 23598510                   /usr/lib/jvm/java-11-openjdk-amd64/lib/libzip.so
7f6b9d02c000-7f6b9d037000 r-xp 00000000 08:01 14684844                   /lib/x86_64-linux-gnu/libnss_files-2.27.so
7f6b9d037000-7f6b9d236000 ---p 0000b000 08:01 14684844                   /lib/x86_64-linux-gnu/libnss_files-2.27.so
7f6b9d236000-7f6b9d237000 r--p 0000a000 08:01 14684844                   /lib/x86_64-linux-gnu/libnss_files-2.27.so
7f6b9d237000-7f6b9d238000 rw-p 0000b000 08:01 14684844                   /lib/x86_64-linux-gnu/libnss_files-2.27.so
7f6b9d238000-7f6b9d23e000 rw-p 00000000 00:00 0 
7f6b9d23e000-7f6b9d255000 r-xp 00000000 08:01 14684838                   /lib/x86_64-linux-gnu/libnsl-2.27.so
7f6b9d255000-7f6b9d454000 ---p 00017000 08:01 14684838                   /lib/x86_64-linux-gnu/libnsl-2.27.so
7f6b9d454000-7f6b9d455000 r--p 00016000 08:01 14684838                   /lib/x86_64-linux-gnu/libnsl-2.27.so
7f6b9d455000-7f6b9d456000 rw-p 00017000 08:01 14684838                   /lib/x86_64-linux-gnu/libnsl-2.27.so
7f6b9d456000-7f6b9d458000 rw-p 00000000 00:00 0 
7f6b9d458000-7f6b9d463000 r-xp 00000000 08:01 14684855                   /lib/x86_64-linux-gnu/libnss_nis-2.27.so
7f6b9d463000-7f6b9d662000 ---p 0000b000 08:01 14684855                   /lib/x86_64-linux-gnu/libnss_nis-2.27.so
7f6b9d662000-7f6b9d663000 r--p 0000a000 08:01 14684855                   /lib/x86_64-linux-gnu/libnss_nis-2.27.so
7f6b9d663000-7f6b9d664000 rw-p 0000b000 08:01 14684855                   /lib/x86_64-linux-gnu/libnss_nis-2.27.so
7f6b9d664000-7f6b9d66c000 r-xp 00000000 08:01 14684840                   /lib/x86_64-linux-gnu/libnss_compat-2.27.so
7f6b9d66c000-7f6b9d86c000 ---p 00008000 08:01 14684840                   /lib/x86_64-linux-gnu/libnss_compat-2.27.so
7f6b9d86c000-7f6b9d86d000 r--p 00008000 08:01 14684840                   /lib/x86_64-linux-gnu/libnss_compat-2.27.so
7f6b9d86d000-7f6b9d86e000 rw-p 00009000 08:01 14684840                   /lib/x86_64-linux-gnu/libnss_compat-2.27.so
7f6b9d86e000-7f6b9d89a000 r-xp 00000000 08:01 23598487                   /usr/lib/jvm/java-11-openjdk-amd64/lib/libjava.so
7f6b9d89a000-7f6b9da99000 ---p 0002c000 08:01 23598487                   /usr/lib/jvm/java-11-openjdk-amd64/lib/libjava.so
7f6b9da99000-7f6b9da9a000 r--p 0002b000 08:01 23598487                   /usr/lib/jvm/java-11-openjdk-amd64/lib/libjava.so
7f6b9da9a000-7f6b9da9c000 rw-p 0002c000 08:01 23598487                   /usr/lib/jvm/java-11-openjdk-amd64/lib/libjava.so
7f6b9da9c000-7f6b9daa9000 r-xp 00000000 08:01 23598509                   /usr/lib/jvm/java-11-openjdk-amd64/lib/libverify.so
7f6b9daa9000-7f6b9dca8000 ---p 0000d000 08:01 23598509                   /usr/lib/jvm/java-11-openjdk-amd64/lib/libverify.so
7f6b9dca8000-7f6b9dcaa000 r--p 0000c000 08:01 23598509                   /usr/lib/jvm/java-11-openjdk-amd64/lib/libverify.so
7f6b9dcaa000-7f6b9dcab000 rw-p 0000e000 08:01 23598509                   /usr/lib/jvm/java-11-openjdk-amd64/lib/libverify.so
7f6b9dcab000-7f6b9dcb2000 r-xp 00000000 08:01 14684895                   /lib/x86_64-linux-gnu/librt-2.27.so
7f6b9dcb2000-7f6b9deb1000 ---p 00007000 08:01 14684895                   /lib/x86_64-linux-gnu/librt-2.27.so
7f6b9deb1000-7f6b9deb2000 r--p 00006000 08:01 14684895                   /lib/x86_64-linux-gnu/librt-2.27.so
7f6b9deb2000-7f6b9deb3000 rw-p 00007000 08:01 14684895                   /lib/x86_64-linux-gnu/librt-2.27.so
7f6b9deb3000-7f6b9deca000 r-xp 00000000 08:01 14684791                   /lib/x86_64-linux-gnu/libgcc_s.so.1
7f6b9deca000-7f6b9e0c9000 ---p 00017000 08:01 14684791                   /lib/x86_64-linux-gnu/libgcc_s.so.1
7f6b9e0c9000-7f6b9e0ca000 r--p 00016000 08:01 14684791                   /lib/x86_64-linux-gnu/libgcc_s.so.1
7f6b9e0ca000-7f6b9e0cb000 rw-p 00017000 08:01 14684791                   /lib/x86_64-linux-gnu/libgcc_s.so.1
7f6b9e0cb000-7f6b9e268000 r-xp 00000000 08:01 14684817                   /lib/x86_64-linux-gnu/libm-2.27.so
7f6b9e268000-7f6b9e467000 ---p 0019d000 08:01 14684817                   /lib/x86_64-linux-gnu/libm-2.27.so
7f6b9e467000-7f6b9e468000 r--p 0019c000 08:01 14684817                   /lib/x86_64-linux-gnu/libm-2.27.so
7f6b9e468000-7f6b9e469000 rw-p 0019d000 08:01 14684817                   /lib/x86_64-linux-gnu/libm-2.27.so
7f6b9e469000-7f6b9e5e2000 r-xp 00000000 08:01 23601225                   /usr/lib/x86_64-linux-gnu/libstdc++.so.6.0.25
7f6b9e5e2000-7f6b9e7e2000 ---p 00179000 08:01 23601225                   /usr/lib/x86_64-linux-gnu/libstdc++.so.6.0.25
7f6b9e7e2000-7f6b9e7ec000 r--p 00179000 08:01 23601225                   /usr/lib/x86_64-linux-gnu/libstdc++.so.6.0.25
7f6b9e7ec000-7f6b9e7ee000 rw-p 00183000 08:01 23601225                   /usr/lib/x86_64-linux-gnu/libstdc++.so.6.0.25
7f6b9e7ee000-7f6b9e7f2000 rw-p 00000000 00:00 0 
7f6b9e7f2000-7f6b9f78f000 r-xp 00000000 08:01 23598523                   /usr/lib/jvm/java-11-openjdk-amd64/lib/server/libjvm.so
7f6b9f78f000-7f6b9f98f000 ---p 00f9d000 08:01 23598523                   /usr/lib/jvm/java-11-openjdk-amd64/lib/server/libjvm.so
7f6b9f98f000-7f6b9fa53000 r--p 00f9d000 08:01 23598523                   /usr/lib/jvm/java-11-openjdk-amd64/lib/server/libjvm.so
7f6b9fa53000-7f6b9fa8b000 rw-p 01061000 08:01 23598523                   /usr/lib/jvm/java-11-openjdk-amd64/lib/server/libjvm.so
7f6b9fa8b000-7f6b9fad4000 rw-p 00000000 00:00 0 
7f6b9fad4000-7f6b9faee000 r-xp 00000000 08:01 14684887                   /lib/x86_64-linux-gnu/libpthread-2.27.so
7f6b9faee000-7f6b9fced000 ---p 0001a000 08:01 14684887                   /lib/x86_64-linux-gnu/libpthread-2.27.so
7f6b9fced000-7f6b9fcee000 r--p 00019000 08:01 14684887                   /lib/x86_64-linux-gnu/libpthread-2.27.so
7f6b9fcee000-7f6b9fcef000 rw-p 0001a000 08:01 14684887                   /lib/x86_64-linux-gnu/libpthread-2.27.so
7f6b9fcef000-7f6b9fcf3000 rw-p 00000000 00:00 0 
7f6b9fcf3000-7f6b9fcf6000 r-xp 00000000 08:01 14684777                   /lib/x86_64-linux-gnu/libdl-2.27.so
7f6b9fcf6000-7f6b9fef5000 ---p 00003000 08:01 14684777                   /lib/x86_64-linux-gnu/libdl-2.27.so
7f6b9fef5000-7f6b9fef6000 r--p 00002000 08:01 14684777                   /lib/x86_64-linux-gnu/libdl-2.27.so
7f6b9fef6000-7f6b9fef7000 rw-p 00003000 08:01 14684777                   /lib/x86_64-linux-gnu/libdl-2.27.so
7f6b9fef7000-7f6b9ff13000 r-xp 00000000 08:01 14684928                   /lib/x86_64-linux-gnu/libz.so.1.2.11
7f6b9ff13000-7f6ba0112000 ---p 0001c000 08:01 14684928                   /lib/x86_64-linux-gnu/libz.so.1.2.11
7f6ba0112000-7f6ba0113000 r--p 0001b000 08:01 14684928                   /lib/x86_64-linux-gnu/libz.so.1.2.11
7f6ba0113000-7f6ba0114000 rw-p 0001c000 08:01 14684928                   /lib/x86_64-linux-gnu/libz.so.1.2.11
7f6ba0114000-7f6ba02fb000 r-xp 00000000 08:01 14684754                   /lib/x86_64-linux-gnu/libc-2.27.so
7f6ba02fb000-7f6ba04fb000 ---p 001e7000 08:01 14684754                   /lib/x86_64-linux-gnu/libc-2.27.so
7f6ba04fb000-7f6ba04ff000 r--p 001e7000 08:01 14684754                   /lib/x86_64-linux-gnu/libc-2.27.so
7f6ba04ff000-7f6ba0501000 rw-p 001eb000 08:01 14684754                   /lib/x86_64-linux-gnu/libc-2.27.so
7f6ba0501000-7f6ba0505000 rw-p 00000000 00:00 0 
7f6ba0505000-7f6ba0514000 r-xp 00000000 08:01 23598516                   /usr/lib/jvm/java-11-openjdk-amd64/lib/jli/libjli.so
7f6ba0514000-7f6ba0713000 ---p 0000f000 08:01 23598516                   /usr/lib/jvm/java-11-openjdk-amd64/lib/jli/libjli.so
7f6ba0713000-7f6ba0714000 r--p 0000e000 08:01 23598516                   /usr/lib/jvm/java-11-openjdk-amd64/lib/jli/libjli.so
7f6ba0714000-7f6ba0715000 rw-p 0000f000 08:01 23598516                   /usr/lib/jvm/java-11-openjdk-amd64/lib/jli/libjli.so
7f6ba0715000-7f6ba073c000 r-xp 00000000 08:01 14684726                   /lib/x86_64-linux-gnu/ld-2.27.so
7f6ba0761000-7f6ba081f000 rw-p 00000000 00:00 0 
7f6ba081f000-7f6ba0823000 ---p 00000000 00:00 0 
7f6ba0823000-7f6ba0929000 rw-p 00000000 00:00 0 
7f6ba0929000-7f6ba0930000 ---p 00000000 00:00 0 
7f6ba0930000-7f6ba0938000 rw-s 00000000 08:01 28966955                   /tmp/hsperfdata_pc/4613
7f6ba0938000-7f6ba0939000 ---p 00000000 00:00 0 
7f6ba0939000-7f6ba093a000 r--p 00000000 00:00 0 
7f6ba093a000-7f6ba093c000 rw-p 00000000 00:00 0 
7f6ba093c000-7f6ba093d000 r--p 00027000 08:01 14684726                   /lib/x86_64-linux-gnu/ld-2.27.so
7f6ba093d000-7f6ba093e000 rw-p 00028000 08:01 14684726                   /lib/x86_64-linux-gnu/ld-2.27.so
7f6ba093e000-7f6ba093f000 rw-p 00000000 00:00 0 
7ffc0ad1e000-7ffc0ad40000 rw-p 00000000 00:00 0                          [stack]
7ffc0adc1000-7ffc0adc4000 r--p 00000000 00:00 0                          [vvar]
7ffc0adc4000-7ffc0adc6000 r-xp 00000000 00:00 0                          [vdso]
ffffffffff600000-ffffffffff601000 r-xp 00000000 00:00 0                  [vsyscall]


VM Arguments:
jvm_args: -Djava.library.path=/home/pc/Downloads/webots/lib/java 
java_command: SensorController
java_class_path (initial): /home/pc/Downloads/webots/lib/java/Controller.jar:/home/pc/Dokumente/my_project/controllers/SensorController/
Launcher Type: SUN_STANDARD

Logging:
Log output configuration:
#0: stdout all=warning uptime,level,tags
#1: stderr all=off uptime,level,tags

Environment Variables:
PATH=/usr/local/sbin:/usr/local/bin:/usr/sbin:/usr/bin:/sbin:/bin:/usr/games:/usr/local/games
LD_LIBRARY_PATH=/home/pc/Downloads/webots/projects/default/libraries/vehicle:/home/pc/Downloads/webots/projects/default/libraries/ros:/home/pc/Downloads/webots/resources/projects/libraries/qt_utils:/home/pc/Dokumente/my_project/controllers/SensorController/:/home/pc/Downloads/webots/lib/:/tmp/webots-3740/lib:
SHELL=/bin/bash
DISPLAY=:0

Signal Handlers:
SIGSEGV: [libjvm.so+0xd28b70], sa_mask[0]=11111111011111111101111111111110, sa_flags=SA_RESTART|SA_SIGINFO
SIGBUS: [libjvm.so+0xd28b70], sa_mask[0]=11111111011111111101111111111110, sa_flags=SA_RESTART|SA_SIGINFO
SIGFPE: [libjvm.so+0xd28b70], sa_mask[0]=11111111011111111101111111111110, sa_flags=SA_RESTART|SA_SIGINFO
SIGPIPE: [libjvm.so+0xb2a1f0], sa_mask[0]=11111111011111111101111111111110, sa_flags=SA_RESTART|SA_SIGINFO
SIGXFSZ: [libjvm.so+0xb2a1f0], sa_mask[0]=11111111011111111101111111111110, sa_flags=SA_RESTART|SA_SIGINFO
SIGILL: [libjvm.so+0xd28b70], sa_mask[0]=11111111011111111101111111111110, sa_flags=SA_RESTART|SA_SIGINFO
SIGUSR2: [libjvm.so+0xb2a030], sa_mask[0]=00000000000000000000000000000000, sa_flags=SA_RESTART|SA_SIGINFO
SIGHUP: [libjvm.so+0xb2a180], sa_mask[0]=11111111011111111101111111111110, sa_flags=SA_RESTART|SA_SIGINFO
SIGINT: [libjvm.so+0xb2a180], sa_mask[0]=11111111011111111101111111111110, sa_flags=SA_RESTART|SA_SIGINFO
SIGTERM: [libjvm.so+0xb2a180], sa_mask[0]=11111111011111111101111111111110, sa_flags=SA_RESTART|SA_SIGINFO
SIGQUIT: [libjvm.so+0xb2a180], sa_mask[0]=11111111011111111101111111111110, sa_flags=SA_RESTART|SA_SIGINFO


---------------  S Y S T E M  ---------------

OS:DISTRIB_ID=LinuxMint
DISTRIB_RELEASE=19.1
DISTRIB_CODENAME=tessa
DISTRIB_DESCRIPTION="Linux Mint 19.1 Tessa"
uname:Linux 4.15.0-20-generic #21-Ubuntu SMP Tue Apr 24 06:16:15 UTC 2018 x86_64
libc:glibc 2.27 NPTL 2.27 
rlimit: STACK 8192k, CORE 0k, NPROC 31207, NOFILE 4096, AS infinity, DATA infinity, FSIZE infinity
load average:1.29 1.22 1.02

/proc/meminfo:
MemTotal:        8051996 kB
MemFree:         4729260 kB
MemAvailable:    5821028 kB
Buffers:          106912 kB
Cached:          1939216 kB
SwapCached:            0 kB
Active:          1642836 kB
Inactive:        1444952 kB
Active(anon):    1042936 kB
Inactive(anon):   782344 kB
Active(file):     599900 kB
Inactive(file):   662608 kB
Unevictable:          32 kB
Mlocked:              32 kB
SwapTotal:       2097148 kB
SwapFree:        2097148 kB
Dirty:                16 kB
Writeback:             0 kB
AnonPages:       1041712 kB
Mapped:           539996 kB
Shmem:            783624 kB
Slab:             142176 kB
SReclaimable:      96988 kB
SUnreclaim:        45188 kB
KernelStack:       10004 kB
PageTables:        34280 kB
NFS_Unstable:          0 kB
Bounce:                0 kB
WritebackTmp:          0 kB
CommitLimit:     6123144 kB
Committed_AS:    5066508 kB
VmallocTotal:   34359738367 kB
VmallocUsed:           0 kB
VmallocChunk:          0 kB
HardwareCorrupted:     0 kB
AnonHugePages:         0 kB
ShmemHugePages:        0 kB
ShmemPmdMapped:        0 kB
CmaTotal:              0 kB
CmaFree:               0 kB
HugePages_Total:       0
HugePages_Free:        0
HugePages_Rsvd:        0
HugePages_Surp:        0
Hugepagesize:       2048 kB
DirectMap4k:      164800 kB
DirectMap2M:     8108032 kB

container (cgroup) information:
container_type: cgroupv1
cpu_cpuset_cpus: 0-7
cpu_memory_nodes: 0
active_processor_count: 8
cpu_quota: -1
cpu_period: 100000
cpu_shares: -1
memory_limit_in_bytes: -1
memory_and_swap_limit_in_bytes: -2
memory_soft_limit_in_bytes: -1
memory_usage_in_bytes: 3162562560
memory_max_usage_in_bytes: 0


CPU:total 8 (initial active 8) (4 cores per cpu, 2 threads per core) family 6 model 58 stepping 9, cmov, cx8, fxsr, mmx, sse, sse2, sse3, ssse3, sse4.1, sse4.2, popcnt, avx, aes, clmul, erms, ht, tsc, tscinvbit, tscinv
CPU Model and flags from /proc/cpuinfo:
model name	: Intel(R) Core(TM) i7-3770 CPU @ 3.40GHz
flags		: fpu vme de pse tsc msr pae mce cx8 apic sep mtrr pge mca cmov pat pse36 clflush dts acpi mmx fxsr sse sse2 ss ht tm pbe syscall nx rdtscp lm constant_tsc arch_perfmon pebs bts rep_good nopl xtopology nonstop_tsc cpuid aperfmperf pni pclmulqdq dtes64 monitor ds_cpl vmx smx est tm2 ssse3 cx16 xtpr pdcm pcid sse4_1 sse4_2 x2apic popcnt tsc_deadline_timer aes xsave avx f16c rdrand lahf_lm cpuid_fault epb pti tpr_shadow vnmi flexpriority ept vpid fsgsbase smep erms xsaveopt dtherm ida arat pln pts

Memory: 4k page, physical 8051996k(4729260k free), swap 2097148k(2097148k free)

vm_info: OpenJDK 64-Bit Server VM (10.0.2+13-Ubuntu-1ubuntu0.18.04.4) for linux-amd64 JRE (10.0.2+13-Ubuntu-1ubuntu0.18.04.4), built on Nov 13 2018 12:53:39 by "buildd" with gcc 7.3.0

END.
