#
# A fatal error has been detected by the Java Runtime Environment:
#
#  SIGSEGV (0xb) at pc=0x00007f5e38afbbef, pid=6708, tid=6710
#
# JRE version: OpenJDK Runtime Environment (10.0.2+13) (build 10.0.2+13-Ubuntu-1ubuntu0.18.04.4)
# Java VM: OpenJDK 64-Bit Server VM (10.0.2+13-Ubuntu-1ubuntu0.18.04.4, mixed mode, tiered, compressed oops, g1 gc, linux-amd64)
# Problematic frame:
# C  [libController.so+0x25bef]  wb_robot_init+0x1ff
#
# Core dump will be written. Default location: Core dumps may be processed with "/usr/share/apport/apport %p %s %c %d %P" (or dumping to /home/pc/Dokumente/my_project/controllers/MyController/core.6708)
#
# If you would like to submit a bug report, please visit:
#   http://bugreport.java.com/bugreport/crash.jsp
# The crash happened outside the Java Virtual Machine in native code.
# See problematic frame for where to report the bug.
#

---------------  S U M M A R Y ------------

Command Line: -Djava.library.path=/home/pc/Downloads/webots/lib/java MyController

Host: Intel(R) Core(TM) i7-3770 CPU @ 3.40GHz, 8 cores, 7G, Linux Mint 19.1 Tessa
Time: Tue Jun 11 13:16:31 2019 CEST elapsed time: 0 seconds (0d 0h 0m 0s)

---------------  T H R E A D  ---------------

Current thread (0x00007f5e88012000):  JavaThread "main" [_thread_in_native, id=6710, stack(0x00007f5e8feff000,0x00007f5e90000000)]

Stack: [0x00007f5e8feff000,0x00007f5e90000000],  sp=0x00007f5e8fffe710,  free space=1021k
Native frames: (J=compiled Java code, A=aot compiled Java code, j=interpreted, Vv=VM code, C=native code)
C  [libController.so+0x25bef]  wb_robot_init+0x1ff

Java frames: (J=compiled Java code, j=interpreted, Vv=VM code)
j  com.cyberbotics.webots.controller.wrapperJNI.new_Camera(Ljava/lang/String;)J+0
j  com.cyberbotics.webots.controller.Camera.<init>(Ljava/lang/String;)V+2
j  MyController.<clinit>()V+6
v  ~StubRoutines::call_stub

siginfo: si_signo: 11 (SIGSEGV), si_code: 1 (SEGV_MAPERR), si_addr: 0x0000000000000000

Register to memory mapping:

RAX=0x0000000000000000 is an unknown value
RBX=0x00007f5e8fbe0840: stderr+0x0000000000000000 in /lib/x86_64-linux-gnu/libc.so.6 at 0x00007f5e8f7f4000
RCX=0x0000000000000001 is an unknown value
RDX=0x00007f5e88229470 is an unknown value
RSP=0x00007f5e8fffe710 is pointing into the stack for thread: 0x00007f5e88012000
RBP=0x00007f5e88224570 is an unknown value
RSI=0x0000000000000000 is an unknown value
RDI=0x0000000000000000 is an unknown value
R8 =0x0000000000000000 is an unknown value
R9 =0x00007f5e88229460 is an unknown value
R10=0x0000000000000010 is an unknown value
R11=0x00007f5e38af7ff0: remote_control_is_initialized+0x0000000000000000 in /home/pc/Downloads/webots/lib/libController.so at 0x00007f5e38ad6000
R12=0x0000000000000000 is an unknown value
R13={method} {0x00007f5e4ca628f0} 'new_Camera' '(Ljava/lang/String;)J' in 'com/cyberbotics/webots/controller/wrapperJNI'
R14=0x00007f5e8fffe8c8 is pointing into the stack for thread: 0x00007f5e88012000
R15=0x00007f5e88012000 is a thread


Registers:
RAX=0x0000000000000000, RBX=0x00007f5e8fbe0840, RCX=0x0000000000000001, RDX=0x00007f5e88229470
RSP=0x00007f5e8fffe710, RBP=0x00007f5e88224570, RSI=0x0000000000000000, RDI=0x0000000000000000
R8 =0x0000000000000000, R9 =0x00007f5e88229460, R10=0x0000000000000010, R11=0x00007f5e38af7ff0
R12=0x0000000000000000, R13=0x00007f5e4ca628f0, R14=0x00007f5e8fffe8c8, R15=0x00007f5e88012000
RIP=0x00007f5e38afbbef, EFLAGS=0x0000000000010246, CSGSFS=0x002b000000000033, ERR=0x0000000000000004
  TRAPNO=0x000000000000000e

Top of Stack: (sp=0x00007f5e8fffe710)
0x00007f5e8fffe710:   00007f5e88224690 00007f5e88224690
0x00007f5e8fffe720:   00007f5e882246b0 00007f5e38afbdc7
0x00007f5e8fffe730:   0000000000000000 00007f5e88224690
0x00007f5e8fffe740:   00007f5e8fffe780 0000000000000000 

Instructions: (pc=0x00007f5e38afbbef)
0x00007f5e38afbbcf:   fe ff 83 f8 ff b8 00 00 00 00 0f 84 e6 00 00 00
0x00007f5e38afbbdf:   e8 ac 88 fe ff 84 c0 75 0c 48 8b 3d f9 73 22 00
0x00007f5e38afbbef:   80 3f 00 75 5c 80 3d 1a 74 22 00 00 74 22 80 3d
0x00007f5e38afbbff:   12 74 22 00 00 75 19 31 c0 e8 13 76 fe ff 84 c0 


---------------  P R O C E S S  ---------------

Threads class SMR info:
_java_thread_list=0x00007f5e881f4ff0, length=11, elements={
0x00007f5e88012000, 0x00007f5e88143000, 0x00007f5e88145000, 0x00007f5e8814e000,
0x00007f5e88158800, 0x00007f5e8815a800, 0x00007f5e8815c800, 0x00007f5e8815e800,
0x00007f5e88160800, 0x00007f5e881dd000, 0x00007f5e881f5800
}

Java Threads: ( => current thread )
=>0x00007f5e88012000 JavaThread "main" [_thread_in_native, id=6710, stack(0x00007f5e8feff000,0x00007f5e90000000)]
  0x00007f5e88143000 JavaThread "Reference Handler" daemon [_thread_blocked, id=6732, stack(0x00007f5e4c3b1000,0x00007f5e4c4b2000)]
  0x00007f5e88145000 JavaThread "Finalizer" daemon [_thread_blocked, id=6733, stack(0x00007f5e4c2b0000,0x00007f5e4c3b1000)]
  0x00007f5e8814e000 JavaThread "Signal Dispatcher" daemon [_thread_blocked, id=6734, stack(0x00007f5e4c1af000,0x00007f5e4c2b0000)]
  0x00007f5e88158800 JavaThread "C2 CompilerThread0" daemon [_thread_blocked, id=6735, stack(0x00007f5e4c0ae000,0x00007f5e4c1af000)]
  0x00007f5e8815a800 JavaThread "C2 CompilerThread1" daemon [_thread_blocked, id=6736, stack(0x00007f5e39bcf000,0x00007f5e39cd0000)]
  0x00007f5e8815c800 JavaThread "C2 CompilerThread2" daemon [_thread_blocked, id=6737, stack(0x00007f5e39ace000,0x00007f5e39bcf000)]
  0x00007f5e8815e800 JavaThread "C1 CompilerThread3" daemon [_thread_blocked, id=6738, stack(0x00007f5e399cd000,0x00007f5e39ace000)]
  0x00007f5e88160800 JavaThread "Sweeper thread" daemon [_thread_blocked, id=6739, stack(0x00007f5e398cc000,0x00007f5e399cd000)]
  0x00007f5e881dd000 JavaThread "Service Thread" daemon [_thread_blocked, id=6740, stack(0x00007f5e397cb000,0x00007f5e398cc000)]
  0x00007f5e881f5800 JavaThread "Common-Cleaner" daemon [_thread_blocked, id=6742, stack(0x00007f5e395c8000,0x00007f5e396c9000)]

Other Threads:
  0x00007f5e88139000 VMThread "VM Thread" [stack: 0x00007f5e4c4b4000,0x00007f5e4c5b4000] [id=6731]
  0x00007f5e881df000 WatcherThread [stack: 0x00007f5e396cb000,0x00007f5e397cb000] [id=6741]
  0x00007f5e88028800 GCTaskThread "GC Thread#0" [stack: 0x00007f5e8c028000,0x00007f5e8c128000] [id=6711]
  0x00007f5e8802a000 GCTaskThread "GC Thread#1" [stack: 0x00007f5e6fa25000,0x00007f5e6fb25000] [id=6712]
  0x00007f5e8802c000 GCTaskThread "GC Thread#2" [stack: 0x00007f5e6f923000,0x00007f5e6fa23000] [id=6713]
  0x00007f5e8802d800 GCTaskThread "GC Thread#3" [stack: 0x00007f5e6f821000,0x00007f5e6f921000] [id=6714]
  0x00007f5e8802f800 GCTaskThread "GC Thread#4" [stack: 0x00007f5e6f71f000,0x00007f5e6f81f000] [id=6715]
  0x00007f5e88031000 GCTaskThread "GC Thread#5" [stack: 0x00007f5e6f61d000,0x00007f5e6f71d000] [id=6716]
  0x00007f5e88032800 GCTaskThread "GC Thread#6" [stack: 0x00007f5e6f51b000,0x00007f5e6f61b000] [id=6717]
  0x00007f5e88034800 GCTaskThread "GC Thread#7" [stack: 0x00007f5e6f419000,0x00007f5e6f519000] [id=6718]
  0x00007f5e8805e000 ConcurrentGCThread "G1 Main Marker" [stack: 0x00007f5e6c0d2000,0x00007f5e6c1d2000] [id=6719]
  0x00007f5e8805f800 ConcurrentGCThread "G1 Conc#0" [stack: 0x00007f5e4e048000,0x00007f5e4e148000] [id=6720]
  0x00007f5e88061800 ConcurrentGCThread "G1 Conc#1" [stack: 0x00007f5e4df46000,0x00007f5e4e046000] [id=6721]
  0x00007f5e880c9800 ConcurrentGCThread "G1 Refine#0" [stack: 0x00007f5e4d63c000,0x00007f5e4d73c000] [id=6722]
  0x00007f5e880cb800 ConcurrentGCThread "G1 Refine#1" [stack: 0x00007f5e4d53a000,0x00007f5e4d63a000] [id=6723]
  0x00007f5e880cd000 ConcurrentGCThread "G1 Refine#2" [stack: 0x00007f5e4d438000,0x00007f5e4d538000] [id=6724]
  0x00007f5e880cf000 ConcurrentGCThread "G1 Refine#3" [stack: 0x00007f5e4d336000,0x00007f5e4d436000] [id=6725]
  0x00007f5e880d0800 ConcurrentGCThread "G1 Refine#4" [stack: 0x00007f5e4d234000,0x00007f5e4d334000] [id=6726]
  0x00007f5e880d2800 ConcurrentGCThread "G1 Refine#5" [stack: 0x00007f5e4d132000,0x00007f5e4d232000] [id=6727]
  0x00007f5e880d4000 ConcurrentGCThread "G1 Refine#6" [stack: 0x00007f5e4d030000,0x00007f5e4d130000] [id=6728]
  0x00007f5e880d6000 ConcurrentGCThread "G1 Refine#7" [stack: 0x00007f5e4cf2e000,0x00007f5e4d02e000] [id=6729]
  0x00007f5e880d7800 ConcurrentGCThread "G1 Young RemSet Sampling" [stack: 0x00007f5e4ce2c000,0x00007f5e4cf2c000] [id=6730]

Threads with active compile tasks:

VM state:not at safepoint (normal execution)

VM Mutex/Monitor currently owned by a thread: None

Heap address: 0x0000000085200000, size: 1966 MB, Compressed Oops mode: 32-bit
Narrow klass base: 0x0000000000000000, Narrow klass shift: 3
Compressed class space size: 1073741824 Address: 0x0000000100000000

Heap:
 garbage-first heap   total 126976K, used 1024K [0x0000000085200000, 0x0000000100000000)
  region size 1024K, 2 young (2048K), 0 survivors (0K)
 Metaspace       used 4789K, capacity 4826K, committed 5120K, reserved 1056768K
  class space    used 392K, capacity 394K, committed 512K, reserved 1048576K
Heap Regions: E=young(eden), S=young(survivor), O=old, HS=humongous(starts), HC=humongous(continues), CS=collection set, F=free, A=archive, TS=gc time stamp, AC=allocation context, TAMS=top-at-mark-start (previous, next)
|   0|0x0000000085200000, 0x0000000085200000, 0x0000000085300000|  0%| F|  |TS  0|AC  0|TAMS 0x0000000085200000, 0x0000000085200000|
|   1|0x0000000085300000, 0x0000000085300000, 0x0000000085400000|  0%| F|  |TS  0|AC  0|TAMS 0x0000000085300000, 0x0000000085300000|
|   2|0x0000000085400000, 0x0000000085400000, 0x0000000085500000|  0%| F|  |TS  0|AC  0|TAMS 0x0000000085400000, 0x0000000085400000|
|   3|0x0000000085500000, 0x0000000085500000, 0x0000000085600000|  0%| F|  |TS  0|AC  0|TAMS 0x0000000085500000, 0x0000000085500000|
|   4|0x0000000085600000, 0x0000000085600000, 0x0000000085700000|  0%| F|  |TS  0|AC  0|TAMS 0x0000000085600000, 0x0000000085600000|
|   5|0x0000000085700000, 0x0000000085700000, 0x0000000085800000|  0%| F|  |TS  0|AC  0|TAMS 0x0000000085700000, 0x0000000085700000|
|   6|0x0000000085800000, 0x0000000085800000, 0x0000000085900000|  0%| F|  |TS  0|AC  0|TAMS 0x0000000085800000, 0x0000000085800000|
|   7|0x0000000085900000, 0x0000000085900000, 0x0000000085a00000|  0%| F|  |TS  0|AC  0|TAMS 0x0000000085900000, 0x0000000085900000|
|   8|0x0000000085a00000, 0x0000000085a00000, 0x0000000085b00000|  0%| F|  |TS  0|AC  0|TAMS 0x0000000085a00000, 0x0000000085a00000|
|   9|0x0000000085b00000, 0x0000000085b00000, 0x0000000085c00000|  0%| F|  |TS  0|AC  0|TAMS 0x0000000085b00000, 0x0000000085b00000|
|  10|0x0000000085c00000, 0x0000000085c00000, 0x0000000085d00000|  0%| F|  |TS  0|AC  0|TAMS 0x0000000085c00000, 0x0000000085c00000|
|  11|0x0000000085d00000, 0x0000000085d00000, 0x0000000085e00000|  0%| F|  |TS  0|AC  0|TAMS 0x0000000085d00000, 0x0000000085d00000|
|  12|0x0000000085e00000, 0x0000000085e00000, 0x0000000085f00000|  0%| F|  |TS  0|AC  0|TAMS 0x0000000085e00000, 0x0000000085e00000|
|  13|0x0000000085f00000, 0x0000000085f00000, 0x0000000086000000|  0%| F|  |TS  0|AC  0|TAMS 0x0000000085f00000, 0x0000000085f00000|
|  14|0x0000000086000000, 0x0000000086000000, 0x0000000086100000|  0%| F|  |TS  0|AC  0|TAMS 0x0000000086000000, 0x0000000086000000|
|  15|0x0000000086100000, 0x0000000086100000, 0x0000000086200000|  0%| F|  |TS  0|AC  0|TAMS 0x0000000086100000, 0x0000000086100000|
|  16|0x0000000086200000, 0x0000000086200000, 0x0000000086300000|  0%| F|  |TS  0|AC  0|TAMS 0x0000000086200000, 0x0000000086200000|
|  17|0x0000000086300000, 0x0000000086300000, 0x0000000086400000|  0%| F|  |TS  0|AC  0|TAMS 0x0000000086300000, 0x0000000086300000|
|  18|0x0000000086400000, 0x0000000086400000, 0x0000000086500000|  0%| F|  |TS  0|AC  0|TAMS 0x0000000086400000, 0x0000000086400000|
|  19|0x0000000086500000, 0x0000000086500000, 0x0000000086600000|  0%| F|  |TS  0|AC  0|TAMS 0x0000000086500000, 0x0000000086500000|
|  20|0x0000000086600000, 0x0000000086600000, 0x0000000086700000|  0%| F|  |TS  0|AC  0|TAMS 0x0000000086600000, 0x0000000086600000|
|  21|0x0000000086700000, 0x0000000086700000, 0x0000000086800000|  0%| F|  |TS  0|AC  0|TAMS 0x0000000086700000, 0x0000000086700000|
|  22|0x0000000086800000, 0x0000000086800000, 0x0000000086900000|  0%| F|  |TS  0|AC  0|TAMS 0x0000000086800000, 0x0000000086800000|
|  23|0x0000000086900000, 0x0000000086900000, 0x0000000086a00000|  0%| F|  |TS  0|AC  0|TAMS 0x0000000086900000, 0x0000000086900000|
|  24|0x0000000086a00000, 0x0000000086a00000, 0x0000000086b00000|  0%| F|  |TS  0|AC  0|TAMS 0x0000000086a00000, 0x0000000086a00000|
|  25|0x0000000086b00000, 0x0000000086b00000, 0x0000000086c00000|  0%| F|  |TS  0|AC  0|TAMS 0x0000000086b00000, 0x0000000086b00000|
|  26|0x0000000086c00000, 0x0000000086c00000, 0x0000000086d00000|  0%| F|  |TS  0|AC  0|TAMS 0x0000000086c00000, 0x0000000086c00000|
|  27|0x0000000086d00000, 0x0000000086d00000, 0x0000000086e00000|  0%| F|  |TS  0|AC  0|TAMS 0x0000000086d00000, 0x0000000086d00000|
|  28|0x0000000086e00000, 0x0000000086e00000, 0x0000000086f00000|  0%| F|  |TS  0|AC  0|TAMS 0x0000000086e00000, 0x0000000086e00000|
|  29|0x0000000086f00000, 0x0000000086f00000, 0x0000000087000000|  0%| F|  |TS  0|AC  0|TAMS 0x0000000086f00000, 0x0000000086f00000|
|  30|0x0000000087000000, 0x0000000087000000, 0x0000000087100000|  0%| F|  |TS  0|AC  0|TAMS 0x0000000087000000, 0x0000000087000000|
|  31|0x0000000087100000, 0x0000000087100000, 0x0000000087200000|  0%| F|  |TS  0|AC  0|TAMS 0x0000000087100000, 0x0000000087100000|
|  32|0x0000000087200000, 0x0000000087200000, 0x0000000087300000|  0%| F|  |TS  0|AC  0|TAMS 0x0000000087200000, 0x0000000087200000|
|  33|0x0000000087300000, 0x0000000087300000, 0x0000000087400000|  0%| F|  |TS  0|AC  0|TAMS 0x0000000087300000, 0x0000000087300000|
|  34|0x0000000087400000, 0x0000000087400000, 0x0000000087500000|  0%| F|  |TS  0|AC  0|TAMS 0x0000000087400000, 0x0000000087400000|
|  35|0x0000000087500000, 0x0000000087500000, 0x0000000087600000|  0%| F|  |TS  0|AC  0|TAMS 0x0000000087500000, 0x0000000087500000|
|  36|0x0000000087600000, 0x0000000087600000, 0x0000000087700000|  0%| F|  |TS  0|AC  0|TAMS 0x0000000087600000, 0x0000000087600000|
|  37|0x0000000087700000, 0x0000000087700000, 0x0000000087800000|  0%| F|  |TS  0|AC  0|TAMS 0x0000000087700000, 0x0000000087700000|
|  38|0x0000000087800000, 0x0000000087800000, 0x0000000087900000|  0%| F|  |TS  0|AC  0|TAMS 0x0000000087800000, 0x0000000087800000|
|  39|0x0000000087900000, 0x0000000087900000, 0x0000000087a00000|  0%| F|  |TS  0|AC  0|TAMS 0x0000000087900000, 0x0000000087900000|
|  40|0x0000000087a00000, 0x0000000087a00000, 0x0000000087b00000|  0%| F|  |TS  0|AC  0|TAMS 0x0000000087a00000, 0x0000000087a00000|
|  41|0x0000000087b00000, 0x0000000087b00000, 0x0000000087c00000|  0%| F|  |TS  0|AC  0|TAMS 0x0000000087b00000, 0x0000000087b00000|
|  42|0x0000000087c00000, 0x0000000087c00000, 0x0000000087d00000|  0%| F|  |TS  0|AC  0|TAMS 0x0000000087c00000, 0x0000000087c00000|
|  43|0x0000000087d00000, 0x0000000087d00000, 0x0000000087e00000|  0%| F|  |TS  0|AC  0|TAMS 0x0000000087d00000, 0x0000000087d00000|
|  44|0x0000000087e00000, 0x0000000087e00000, 0x0000000087f00000|  0%| F|  |TS  0|AC  0|TAMS 0x0000000087e00000, 0x0000000087e00000|
|  45|0x0000000087f00000, 0x0000000087f00000, 0x0000000088000000|  0%| F|  |TS  0|AC  0|TAMS 0x0000000087f00000, 0x0000000087f00000|
|  46|0x0000000088000000, 0x0000000088000000, 0x0000000088100000|  0%| F|  |TS  0|AC  0|TAMS 0x0000000088000000, 0x0000000088000000|
|  47|0x0000000088100000, 0x0000000088100000, 0x0000000088200000|  0%| F|  |TS  0|AC  0|TAMS 0x0000000088100000, 0x0000000088100000|
|  48|0x0000000088200000, 0x0000000088200000, 0x0000000088300000|  0%| F|  |TS  0|AC  0|TAMS 0x0000000088200000, 0x0000000088200000|
|  49|0x0000000088300000, 0x0000000088300000, 0x0000000088400000|  0%| F|  |TS  0|AC  0|TAMS 0x0000000088300000, 0x0000000088300000|
|  50|0x0000000088400000, 0x0000000088400000, 0x0000000088500000|  0%| F|  |TS  0|AC  0|TAMS 0x0000000088400000, 0x0000000088400000|
|  51|0x0000000088500000, 0x0000000088500000, 0x0000000088600000|  0%| F|  |TS  0|AC  0|TAMS 0x0000000088500000, 0x0000000088500000|
|  52|0x0000000088600000, 0x0000000088600000, 0x0000000088700000|  0%| F|  |TS  0|AC  0|TAMS 0x0000000088600000, 0x0000000088600000|
|  53|0x0000000088700000, 0x0000000088700000, 0x0000000088800000|  0%| F|  |TS  0|AC  0|TAMS 0x0000000088700000, 0x0000000088700000|
|  54|0x0000000088800000, 0x0000000088800000, 0x0000000088900000|  0%| F|  |TS  0|AC  0|TAMS 0x0000000088800000, 0x0000000088800000|
|  55|0x0000000088900000, 0x0000000088900000, 0x0000000088a00000|  0%| F|  |TS  0|AC  0|TAMS 0x0000000088900000, 0x0000000088900000|
|  56|0x0000000088a00000, 0x0000000088a00000, 0x0000000088b00000|  0%| F|  |TS  0|AC  0|TAMS 0x0000000088a00000, 0x0000000088a00000|
|  57|0x0000000088b00000, 0x0000000088b00000, 0x0000000088c00000|  0%| F|  |TS  0|AC  0|TAMS 0x0000000088b00000, 0x0000000088b00000|
|  58|0x0000000088c00000, 0x0000000088c00000, 0x0000000088d00000|  0%| F|  |TS  0|AC  0|TAMS 0x0000000088c00000, 0x0000000088c00000|
|  59|0x0000000088d00000, 0x0000000088d00000, 0x0000000088e00000|  0%| F|  |TS  0|AC  0|TAMS 0x0000000088d00000, 0x0000000088d00000|
|  60|0x0000000088e00000, 0x0000000088e00000, 0x0000000088f00000|  0%| F|  |TS  0|AC  0|TAMS 0x0000000088e00000, 0x0000000088e00000|
|  61|0x0000000088f00000, 0x0000000088f00000, 0x0000000089000000|  0%| F|  |TS  0|AC  0|TAMS 0x0000000088f00000, 0x0000000088f00000|
|  62|0x0000000089000000, 0x0000000089000000, 0x0000000089100000|  0%| F|  |TS  0|AC  0|TAMS 0x0000000089000000, 0x0000000089000000|
|  63|0x0000000089100000, 0x0000000089100000, 0x0000000089200000|  0%| F|  |TS  0|AC  0|TAMS 0x0000000089100000, 0x0000000089100000|
|  64|0x0000000089200000, 0x0000000089200000, 0x0000000089300000|  0%| F|  |TS  0|AC  0|TAMS 0x0000000089200000, 0x0000000089200000|
|  65|0x0000000089300000, 0x0000000089300000, 0x0000000089400000|  0%| F|  |TS  0|AC  0|TAMS 0x0000000089300000, 0x0000000089300000|
|  66|0x0000000089400000, 0x0000000089400000, 0x0000000089500000|  0%| F|  |TS  0|AC  0|TAMS 0x0000000089400000, 0x0000000089400000|
|  67|0x0000000089500000, 0x0000000089500000, 0x0000000089600000|  0%| F|  |TS  0|AC  0|TAMS 0x0000000089500000, 0x0000000089500000|
|  68|0x0000000089600000, 0x0000000089600000, 0x0000000089700000|  0%| F|  |TS  0|AC  0|TAMS 0x0000000089600000, 0x0000000089600000|
|  69|0x0000000089700000, 0x0000000089700000, 0x0000000089800000|  0%| F|  |TS  0|AC  0|TAMS 0x0000000089700000, 0x0000000089700000|
|  70|0x0000000089800000, 0x0000000089800000, 0x0000000089900000|  0%| F|  |TS  0|AC  0|TAMS 0x0000000089800000, 0x0000000089800000|
|  71|0x0000000089900000, 0x0000000089900000, 0x0000000089a00000|  0%| F|  |TS  0|AC  0|TAMS 0x0000000089900000, 0x0000000089900000|
|  72|0x0000000089a00000, 0x0000000089a00000, 0x0000000089b00000|  0%| F|  |TS  0|AC  0|TAMS 0x0000000089a00000, 0x0000000089a00000|
|  73|0x0000000089b00000, 0x0000000089b00000, 0x0000000089c00000|  0%| F|  |TS  0|AC  0|TAMS 0x0000000089b00000, 0x0000000089b00000|
|  74|0x0000000089c00000, 0x0000000089c00000, 0x0000000089d00000|  0%| F|  |TS  0|AC  0|TAMS 0x0000000089c00000, 0x0000000089c00000|
|  75|0x0000000089d00000, 0x0000000089d00000, 0x0000000089e00000|  0%| F|  |TS  0|AC  0|TAMS 0x0000000089d00000, 0x0000000089d00000|
|  76|0x0000000089e00000, 0x0000000089e00000, 0x0000000089f00000|  0%| F|  |TS  0|AC  0|TAMS 0x0000000089e00000, 0x0000000089e00000|
|  77|0x0000000089f00000, 0x0000000089f00000, 0x000000008a000000|  0%| F|  |TS  0|AC  0|TAMS 0x0000000089f00000, 0x0000000089f00000|
|  78|0x000000008a000000, 0x000000008a000000, 0x000000008a100000|  0%| F|  |TS  0|AC  0|TAMS 0x000000008a000000, 0x000000008a000000|
|  79|0x000000008a100000, 0x000000008a100000, 0x000000008a200000|  0%| F|  |TS  0|AC  0|TAMS 0x000000008a100000, 0x000000008a100000|
|  80|0x000000008a200000, 0x000000008a200000, 0x000000008a300000|  0%| F|  |TS  0|AC  0|TAMS 0x000000008a200000, 0x000000008a200000|
|  81|0x000000008a300000, 0x000000008a300000, 0x000000008a400000|  0%| F|  |TS  0|AC  0|TAMS 0x000000008a300000, 0x000000008a300000|
|  82|0x000000008a400000, 0x000000008a400000, 0x000000008a500000|  0%| F|  |TS  0|AC  0|TAMS 0x000000008a400000, 0x000000008a400000|
|  83|0x000000008a500000, 0x000000008a500000, 0x000000008a600000|  0%| F|  |TS  0|AC  0|TAMS 0x000000008a500000, 0x000000008a500000|
|  84|0x000000008a600000, 0x000000008a600000, 0x000000008a700000|  0%| F|  |TS  0|AC  0|TAMS 0x000000008a600000, 0x000000008a600000|
|  85|0x000000008a700000, 0x000000008a700000, 0x000000008a800000|  0%| F|  |TS  0|AC  0|TAMS 0x000000008a700000, 0x000000008a700000|
|  86|0x000000008a800000, 0x000000008a800000, 0x000000008a900000|  0%| F|  |TS  0|AC  0|TAMS 0x000000008a800000, 0x000000008a800000|
|  87|0x000000008a900000, 0x000000008a900000, 0x000000008aa00000|  0%| F|  |TS  0|AC  0|TAMS 0x000000008a900000, 0x000000008a900000|
|  88|0x000000008aa00000, 0x000000008aa00000, 0x000000008ab00000|  0%| F|  |TS  0|AC  0|TAMS 0x000000008aa00000, 0x000000008aa00000|
|  89|0x000000008ab00000, 0x000000008ab00000, 0x000000008ac00000|  0%| F|  |TS  0|AC  0|TAMS 0x000000008ab00000, 0x000000008ab00000|
|  90|0x000000008ac00000, 0x000000008ac00000, 0x000000008ad00000|  0%| F|  |TS  0|AC  0|TAMS 0x000000008ac00000, 0x000000008ac00000|
|  91|0x000000008ad00000, 0x000000008ad00000, 0x000000008ae00000|  0%| F|  |TS  0|AC  0|TAMS 0x000000008ad00000, 0x000000008ad00000|
|  92|0x000000008ae00000, 0x000000008ae00000, 0x000000008af00000|  0%| F|  |TS  0|AC  0|TAMS 0x000000008ae00000, 0x000000008ae00000|
|  93|0x000000008af00000, 0x000000008af00000, 0x000000008b000000|  0%| F|  |TS  0|AC  0|TAMS 0x000000008af00000, 0x000000008af00000|
|  94|0x000000008b000000, 0x000000008b000000, 0x000000008b100000|  0%| F|  |TS  0|AC  0|TAMS 0x000000008b000000, 0x000000008b000000|
|  95|0x000000008b100000, 0x000000008b100000, 0x000000008b200000|  0%| F|  |TS  0|AC  0|TAMS 0x000000008b100000, 0x000000008b100000|
|  96|0x000000008b200000, 0x000000008b200000, 0x000000008b300000|  0%| F|  |TS  0|AC  0|TAMS 0x000000008b200000, 0x000000008b200000|
|  97|0x000000008b300000, 0x000000008b300000, 0x000000008b400000|  0%| F|  |TS  0|AC  0|TAMS 0x000000008b300000, 0x000000008b300000|
|  98|0x000000008b400000, 0x000000008b400000, 0x000000008b500000|  0%| F|  |TS  0|AC  0|TAMS 0x000000008b400000, 0x000000008b400000|
|  99|0x000000008b500000, 0x000000008b500000, 0x000000008b600000|  0%| F|  |TS  0|AC  0|TAMS 0x000000008b500000, 0x000000008b500000|
| 100|0x000000008b600000, 0x000000008b600000, 0x000000008b700000|  0%| F|  |TS  0|AC  0|TAMS 0x000000008b600000, 0x000000008b600000|
| 101|0x000000008b700000, 0x000000008b700000, 0x000000008b800000|  0%| F|  |TS  0|AC  0|TAMS 0x000000008b700000, 0x000000008b700000|
| 102|0x000000008b800000, 0x000000008b800000, 0x000000008b900000|  0%| F|  |TS  0|AC  0|TAMS 0x000000008b800000, 0x000000008b800000|
| 103|0x000000008b900000, 0x000000008b900000, 0x000000008ba00000|  0%| F|  |TS  0|AC  0|TAMS 0x000000008b900000, 0x000000008b900000|
| 104|0x000000008ba00000, 0x000000008ba00000, 0x000000008bb00000|  0%| F|  |TS  0|AC  0|TAMS 0x000000008ba00000, 0x000000008ba00000|
| 105|0x000000008bb00000, 0x000000008bb00000, 0x000000008bc00000|  0%| F|  |TS  0|AC  0|TAMS 0x000000008bb00000, 0x000000008bb00000|
| 106|0x000000008bc00000, 0x000000008bc00000, 0x000000008bd00000|  0%| F|  |TS  0|AC  0|TAMS 0x000000008bc00000, 0x000000008bc00000|
| 107|0x000000008bd00000, 0x000000008bd00000, 0x000000008be00000|  0%| F|  |TS  0|AC  0|TAMS 0x000000008bd00000, 0x000000008bd00000|
| 108|0x000000008be00000, 0x000000008be00000, 0x000000008bf00000|  0%| F|  |TS  0|AC  0|TAMS 0x000000008be00000, 0x000000008be00000|
| 109|0x000000008bf00000, 0x000000008bf00000, 0x000000008c000000|  0%| F|  |TS  0|AC  0|TAMS 0x000000008bf00000, 0x000000008bf00000|
| 110|0x000000008c000000, 0x000000008c000000, 0x000000008c100000|  0%| F|  |TS  0|AC  0|TAMS 0x000000008c000000, 0x000000008c000000|
| 111|0x000000008c100000, 0x000000008c100000, 0x000000008c200000|  0%| F|  |TS  0|AC  0|TAMS 0x000000008c100000, 0x000000008c100000|
| 112|0x000000008c200000, 0x000000008c200000, 0x000000008c300000|  0%| F|  |TS  0|AC  0|TAMS 0x000000008c200000, 0x000000008c200000|
| 113|0x000000008c300000, 0x000000008c300000, 0x000000008c400000|  0%| F|  |TS  0|AC  0|TAMS 0x000000008c300000, 0x000000008c300000|
| 114|0x000000008c400000, 0x000000008c400000, 0x000000008c500000|  0%| F|  |TS  0|AC  0|TAMS 0x000000008c400000, 0x000000008c400000|
| 115|0x000000008c500000, 0x000000008c500000, 0x000000008c600000|  0%| F|  |TS  0|AC  0|TAMS 0x000000008c500000, 0x000000008c500000|
| 116|0x000000008c600000, 0x000000008c600000, 0x000000008c700000|  0%| F|  |TS  0|AC  0|TAMS 0x000000008c600000, 0x000000008c600000|
| 117|0x000000008c700000, 0x000000008c700000, 0x000000008c800000|  0%| F|  |TS  0|AC  0|TAMS 0x000000008c700000, 0x000000008c700000|
| 118|0x000000008c800000, 0x000000008c800000, 0x000000008c900000|  0%| F|  |TS  0|AC  0|TAMS 0x000000008c800000, 0x000000008c800000|
| 119|0x000000008c900000, 0x000000008c900000, 0x000000008ca00000|  0%| F|  |TS  0|AC  0|TAMS 0x000000008c900000, 0x000000008c900000|
| 120|0x000000008ca00000, 0x000000008ca00000, 0x000000008cb00000|  0%| F|  |TS  0|AC  0|TAMS 0x000000008ca00000, 0x000000008ca00000|
| 121|0x000000008cb00000, 0x000000008cb00000, 0x000000008cc00000|  0%| F|  |TS  0|AC  0|TAMS 0x000000008cb00000, 0x000000008cb00000|
| 122|0x000000008cc00000, 0x000000008cc7b630, 0x000000008cd00000| 48%| E|  |TS  0|AC  0|TAMS 0x000000008cc00000, 0x000000008cc00000|
| 123|0x000000008cd00000, 0x000000008ce00000, 0x000000008ce00000|100%| E|CS|TS  0|AC  0|TAMS 0x000000008cd00000, 0x000000008cd00000|

Card table byte_map: [0x00007f5e6e461000,0x00007f5e6e838000] byte_map_base: 0x00007f5e6e038000

Marking Bits (Prev, Next): (CMBitMap*) 0x00007f5e8805d030, (CMBitMap*) 0x00007f5e8805d068
 Prev Bits: [0x00007f5e6c1d2000, 0x00007f5e6e08a000)
 Next Bits: [0x00007f5e4e148000, 0x00007f5e50000000)

Polling page: 0x00007f5e90018000

CodeHeap 'non-profiled nmethods': size=120032Kb used=22Kb max_used=22Kb free=120009Kb
 bounds [0x00007f5e775ed000, 0x00007f5e7785d000, 0x00007f5e7eb25000]
CodeHeap 'profiled nmethods': size=120028Kb used=126Kb max_used=126Kb free=119902Kb
 bounds [0x00007f5e700b6000, 0x00007f5e70326000, 0x00007f5e775ed000]
CodeHeap 'non-nmethods': size=5700Kb used=1017Kb max_used=1017Kb free=4682Kb
 bounds [0x00007f5e6fb25000, 0x00007f5e6fd95000, 0x00007f5e700b6000]
 total_blobs=460 nmethods=95 adapters=222
 compilation: enabled

Compilation events (10 events):
Event: 0.090 Thread 0x00007f5e8815e800   92       3       java.util.jar.Attributes$Name::isAlpha (30 bytes)
Event: 0.090 Thread 0x00007f5e8815e800 nmethod 92 0x00007f5e700d3990 code [0x00007f5e700d3b40, 0x00007f5e700d3d70]
Event: 0.090 Thread 0x00007f5e8815e800   93       3       java.lang.CharacterData::of (120 bytes)
Event: 0.090 Thread 0x00007f5e8815e800 nmethod 93 0x00007f5e700d3e10 code [0x00007f5e700d4020, 0x00007f5e700d45f0]
Event: 0.090 Thread 0x00007f5e8815e800   94       3       java.lang.CharacterDataLatin1::getProperties (11 bytes)
Event: 0.091 Thread 0x00007f5e8815e800 nmethod 94 0x00007f5e700d4810 code [0x00007f5e700d49c0, 0x00007f5e700d4b50]
Event: 0.091 Thread 0x00007f5e8815e800   95       3       java.lang.String::indexOf (29 bytes)
Event: 0.091 Thread 0x00007f5e8815e800 nmethod 95 0x00007f5e700d4c10 code [0x00007f5e700d4de0, 0x00007f5e700d50b8]
Event: 0.092 Thread 0x00007f5e8815e800   96       3       java.lang.String::indexOf (7 bytes)
Event: 0.092 Thread 0x00007f5e8815e800 nmethod 96 0x00007f5e700d5190 code [0x00007f5e700d5380, 0x00007f5e700d56d8]

GC Heap History (0 events):
No events

Deoptimization events (1 events):
Event: 0.066 Thread 0x00007f5e88012000 Uncommon trap: reason=unstable_if action=reinterpret pc=0x00007f5e775f21ec method=java.lang.String.hashCode()I @ 14 c2

Classes redefined (0 events):
No events

Internal exceptions (0 events):
No events

Events (10 events):
Event: 0.090 loading class sun/security/util/ManifestEntryVerifier
Event: 0.090 loading class sun/security/util/ManifestEntryVerifier done
Event: 0.091 loading class com/cyberbotics/webots/controller/Device
Event: 0.091 loading class com/cyberbotics/webots/controller/Device done
Event: 0.091 loading class com/cyberbotics/webots/controller/wrapperJNI
Event: 0.091 loading class com/cyberbotics/webots/controller/wrapperJNI done
Event: 0.092 loading class java/lang/UnsatisfiedLinkError
Event: 0.092 loading class java/lang/UnsatisfiedLinkError done
Event: 0.092 loading class java/lang/ClassLoaderHelper
Event: 0.092 loading class java/lang/ClassLoaderHelper done


Dynamic libraries:
85200000-8ce00000 rw-p 00000000 00:00 0 
8ce00000-100000000 ---p 00000000 00:00 0 
100000000-100080000 rw-p 00000000 00:00 0 
100080000-140000000 ---p 00000000 00:00 0 
560061ac4000-560061ac5000 r-xp 00000000 08:01 23598097                   /usr/lib/jvm/java-11-openjdk-amd64/bin/java
560061cc5000-560061cc6000 r--p 00001000 08:01 23598097                   /usr/lib/jvm/java-11-openjdk-amd64/bin/java
560061cc6000-560061cc7000 rw-p 00002000 08:01 23598097                   /usr/lib/jvm/java-11-openjdk-amd64/bin/java
560063997000-5600639b8000 rw-p 00000000 00:00 0                          [heap]
7f5de3df2000-7f5de3dfd000 r-xp 00000000 08:01 27920412                   /home/pc/Downloads/webots/lib/libjbig.so.0
7f5de3dfd000-7f5de3ffc000 ---p 0000b000 08:01 27920412                   /home/pc/Downloads/webots/lib/libjbig.so.0
7f5de3ffc000-7f5de3ffd000 r--p 0000a000 08:01 27920412                   /home/pc/Downloads/webots/lib/libjbig.so.0
7f5de3ffd000-7f5de4000000 rw-p 0000b000 08:01 27920412                   /home/pc/Downloads/webots/lib/libjbig.so.0
7f5de4000000-7f5de4021000 rw-p 00000000 00:00 0 
7f5de4021000-7f5de8000000 ---p 00000000 00:00 0 
7f5de8000000-7f5de8021000 rw-p 00000000 00:00 0 
7f5de8021000-7f5dec000000 ---p 00000000 00:00 0 
7f5dec000000-7f5dec021000 rw-p 00000000 00:00 0 
7f5dec021000-7f5df0000000 ---p 00000000 00:00 0 
7f5df0000000-7f5df0021000 rw-p 00000000 00:00 0 
7f5df0021000-7f5df4000000 ---p 00000000 00:00 0 
7f5df4000000-7f5df4021000 rw-p 00000000 00:00 0 
7f5df4021000-7f5df8000000 ---p 00000000 00:00 0 
7f5df8000000-7f5df809e000 rw-p 00000000 00:00 0 
7f5df809e000-7f5dfc000000 ---p 00000000 00:00 0 
7f5dfc000000-7f5dfc04e000 rw-p 00000000 00:00 0 
7f5dfc04e000-7f5e00000000 ---p 00000000 00:00 0 
7f5e00000000-7f5e00022000 rw-p 00000000 00:00 0 
7f5e00022000-7f5e04000000 ---p 00000000 00:00 0 
7f5e04000000-7f5e04021000 rw-p 00000000 00:00 0 
7f5e04021000-7f5e08000000 ---p 00000000 00:00 0 
7f5e08000000-7f5e08021000 rw-p 00000000 00:00 0 
7f5e08021000-7f5e0c000000 ---p 00000000 00:00 0 
7f5e0c000000-7f5e0c021000 rw-p 00000000 00:00 0 
7f5e0c021000-7f5e10000000 ---p 00000000 00:00 0 
7f5e10000000-7f5e10021000 rw-p 00000000 00:00 0 
7f5e10021000-7f5e14000000 ---p 00000000 00:00 0 
7f5e14000000-7f5e14021000 rw-p 00000000 00:00 0 
7f5e14021000-7f5e18000000 ---p 00000000 00:00 0 
7f5e18000000-7f5e18021000 rw-p 00000000 00:00 0 
7f5e18021000-7f5e1c000000 ---p 00000000 00:00 0 
7f5e1c000000-7f5e1c021000 rw-p 00000000 00:00 0 
7f5e1c021000-7f5e20000000 ---p 00000000 00:00 0 
7f5e20000000-7f5e20021000 rw-p 00000000 00:00 0 
7f5e20021000-7f5e24000000 ---p 00000000 00:00 0 
7f5e24000000-7f5e24021000 rw-p 00000000 00:00 0 
7f5e24021000-7f5e28000000 ---p 00000000 00:00 0 
7f5e28000000-7f5e28021000 rw-p 00000000 00:00 0 
7f5e28021000-7f5e2c000000 ---p 00000000 00:00 0 
7f5e2c000000-7f5e2c021000 rw-p 00000000 00:00 0 
7f5e2c021000-7f5e30000000 ---p 00000000 00:00 0 
7f5e30000000-7f5e30021000 rw-p 00000000 00:00 0 
7f5e30021000-7f5e34000000 ---p 00000000 00:00 0 
7f5e34000000-7f5e34021000 rw-p 00000000 00:00 0 
7f5e34021000-7f5e38000000 ---p 00000000 00:00 0 
7f5e381bd000-7f5e381e1000 r-xp 00000000 08:01 14684814                   /lib/x86_64-linux-gnu/liblzma.so.5.2.2
7f5e381e1000-7f5e383e1000 ---p 00024000 08:01 14684814                   /lib/x86_64-linux-gnu/liblzma.so.5.2.2
7f5e383e1000-7f5e383e2000 r--p 00024000 08:01 14684814                   /lib/x86_64-linux-gnu/liblzma.so.5.2.2
7f5e383e2000-7f5e383e3000 rw-p 00025000 08:01 14684814                   /lib/x86_64-linux-gnu/liblzma.so.5.2.2
7f5e383e3000-7f5e38407000 r-xp 00000000 08:01 27920444                   /home/pc/Downloads/webots/lib/libpng12.so.0
7f5e38407000-7f5e38606000 ---p 00024000 08:01 27920444                   /home/pc/Downloads/webots/lib/libpng12.so.0
7f5e38606000-7f5e38607000 r--p 00023000 08:01 27920444                   /home/pc/Downloads/webots/lib/libpng12.so.0
7f5e38607000-7f5e38608000 rw-p 00024000 08:01 27920444                   /home/pc/Downloads/webots/lib/libpng12.so.0
7f5e38608000-7f5e3865f000 r-xp 00000000 08:01 27920405                   /home/pc/Downloads/webots/lib/libjpeg.so.8
7f5e3865f000-7f5e3885f000 ---p 00057000 08:01 27920405                   /home/pc/Downloads/webots/lib/libjpeg.so.8
7f5e3885f000-7f5e38860000 r--p 00057000 08:01 27920405                   /home/pc/Downloads/webots/lib/libjpeg.so.8
7f5e38860000-7f5e38861000 rw-p 00058000 08:01 27920405                   /home/pc/Downloads/webots/lib/libjpeg.so.8
7f5e38861000-7f5e388d2000 r-xp 00000000 08:01 27920407                   /home/pc/Downloads/webots/lib/libtiff.so.5
7f5e388d2000-7f5e38ad2000 ---p 00071000 08:01 27920407                   /home/pc/Downloads/webots/lib/libtiff.so.5
7f5e38ad2000-7f5e38ad3000 r--p 00071000 08:01 27920407                   /home/pc/Downloads/webots/lib/libtiff.so.5
7f5e38ad3000-7f5e38ad6000 rw-p 00072000 08:01 27920407                   /home/pc/Downloads/webots/lib/libtiff.so.5
7f5e38ad6000-7f5e38b22000 r-xp 00000000 08:01 27920416                   /home/pc/Downloads/webots/lib/libController.so
7f5e38b22000-7f5e38d21000 ---p 0004c000 08:01 27920416                   /home/pc/Downloads/webots/lib/libController.so
7f5e38d21000-7f5e38d22000 r--p 0004b000 08:01 27920416                   /home/pc/Downloads/webots/lib/libController.so
7f5e38d22000-7f5e38d23000 rw-p 0004c000 08:01 27920416                   /home/pc/Downloads/webots/lib/libController.so
7f5e38d23000-7f5e38d24000 rw-p 00000000 00:00 0 
7f5e38d24000-7f5e38d5e000 r-xp 00000000 08:01 27920467                   /home/pc/Downloads/webots/lib/libCppController.so
7f5e38d5e000-7f5e38f5d000 ---p 0003a000 08:01 27920467                   /home/pc/Downloads/webots/lib/libCppController.so
7f5e38f5d000-7f5e38f5f000 r--p 00039000 08:01 27920467                   /home/pc/Downloads/webots/lib/libCppController.so
7f5e38f5f000-7f5e38f61000 rw-p 0003b000 08:01 27920467                   /home/pc/Downloads/webots/lib/libCppController.so
7f5e38f61000-7f5e38f9d000 r-xp 00000000 08:01 27920367                   /home/pc/Downloads/webots/lib/java/libJavaController.so
7f5e38f9d000-7f5e3919c000 ---p 0003c000 08:01 27920367                   /home/pc/Downloads/webots/lib/java/libJavaController.so
7f5e3919c000-7f5e3919d000 r--p 0003b000 08:01 27920367                   /home/pc/Downloads/webots/lib/java/libJavaController.so
7f5e3919d000-7f5e3919e000 rw-p 0003c000 08:01 27920367                   /home/pc/Downloads/webots/lib/java/libJavaController.so
7f5e3919e000-7f5e391b5000 r-xp 00000000 08:01 23598500                   /usr/lib/jvm/java-11-openjdk-amd64/lib/libnet.so
7f5e391b5000-7f5e393b4000 ---p 00017000 08:01 23598500                   /usr/lib/jvm/java-11-openjdk-amd64/lib/libnet.so
7f5e393b4000-7f5e393b5000 r--p 00016000 08:01 23598500                   /usr/lib/jvm/java-11-openjdk-amd64/lib/libnet.so
7f5e393b5000-7f5e393b6000 rw-p 00017000 08:01 23598500                   /usr/lib/jvm/java-11-openjdk-amd64/lib/libnet.so
7f5e393b6000-7f5e393c7000 r-xp 00000000 08:01 23598501                   /usr/lib/jvm/java-11-openjdk-amd64/lib/libnio.so
7f5e393c7000-7f5e395c6000 ---p 00011000 08:01 23598501                   /usr/lib/jvm/java-11-openjdk-amd64/lib/libnio.so
7f5e395c6000-7f5e395c7000 r--p 00010000 08:01 23598501                   /usr/lib/jvm/java-11-openjdk-amd64/lib/libnio.so
7f5e395c7000-7f5e395c8000 rw-p 00011000 08:01 23598501                   /usr/lib/jvm/java-11-openjdk-amd64/lib/libnio.so
7f5e395c8000-7f5e395cc000 ---p 00000000 00:00 0 
7f5e395cc000-7f5e396c9000 rw-p 00000000 00:00 0 
7f5e396c9000-7f5e396ca000 ---p 00000000 00:00 0 
7f5e396ca000-7f5e397cb000 rw-p 00000000 00:00 0 
7f5e397cb000-7f5e397cf000 ---p 00000000 00:00 0 
7f5e397cf000-7f5e398cc000 rw-p 00000000 00:00 0 
7f5e398cc000-7f5e398d0000 ---p 00000000 00:00 0 
7f5e398d0000-7f5e399cd000 rw-p 00000000 00:00 0 
7f5e399cd000-7f5e399d1000 ---p 00000000 00:00 0 
7f5e399d1000-7f5e39ace000 rw-p 00000000 00:00 0 
7f5e39ace000-7f5e39ad2000 ---p 00000000 00:00 0 
7f5e39ad2000-7f5e39bcf000 rw-p 00000000 00:00 0 
7f5e39bcf000-7f5e39bd3000 ---p 00000000 00:00 0 
7f5e39bd3000-7f5e39cd0000 rw-p 00000000 00:00 0 
7f5e39cd0000-7f5e3a000000 r--p 00000000 08:01 23598983                   /usr/lib/locale/locale-archive
7f5e3a000000-7f5e3c000000 rw-p 00000000 00:00 0 
7f5e3c000000-7f5e3c021000 rw-p 00000000 00:00 0 
7f5e3c021000-7f5e40000000 ---p 00000000 00:00 0 
7f5e40000000-7f5e40021000 rw-p 00000000 00:00 0 
7f5e40021000-7f5e44000000 ---p 00000000 00:00 0 
7f5e44000000-7f5e44021000 rw-p 00000000 00:00 0 
7f5e44021000-7f5e48000000 ---p 00000000 00:00 0 
7f5e48000000-7f5e48021000 rw-p 00000000 00:00 0 
7f5e48021000-7f5e4c000000 ---p 00000000 00:00 0 
7f5e4c0ae000-7f5e4c0b2000 ---p 00000000 00:00 0 
7f5e4c0b2000-7f5e4c1af000 rw-p 00000000 00:00 0 
7f5e4c1af000-7f5e4c1b3000 ---p 00000000 00:00 0 
7f5e4c1b3000-7f5e4c2b0000 rw-p 00000000 00:00 0 
7f5e4c2b0000-7f5e4c2b4000 ---p 00000000 00:00 0 
7f5e4c2b4000-7f5e4c3b1000 rw-p 00000000 00:00 0 
7f5e4c3b1000-7f5e4c3b5000 ---p 00000000 00:00 0 
7f5e4c3b5000-7f5e4c4b2000 rw-p 00000000 00:00 0 
7f5e4c4b2000-7f5e4c4b3000 ---p 00000000 00:00 0 
7f5e4c4b3000-7f5e4caaa000 rw-p 00000000 00:00 0 
7f5e4caaa000-7f5e4ce2a000 ---p 00000000 00:00 0 
7f5e4ce2a000-7f5e4ce2b000 ---p 00000000 00:00 0 
7f5e4ce2b000-7f5e4cf2c000 rw-p 00000000 00:00 0 
7f5e4cf2c000-7f5e4cf2d000 ---p 00000000 00:00 0 
7f5e4cf2d000-7f5e4d02e000 rw-p 00000000 00:00 0 
7f5e4d02e000-7f5e4d02f000 ---p 00000000 00:00 0 
7f5e4d02f000-7f5e4d130000 rw-p 00000000 00:00 0 
7f5e4d130000-7f5e4d131000 ---p 00000000 00:00 0 
7f5e4d131000-7f5e4d232000 rw-p 00000000 00:00 0 
7f5e4d232000-7f5e4d233000 ---p 00000000 00:00 0 
7f5e4d233000-7f5e4d334000 rw-p 00000000 00:00 0 
7f5e4d334000-7f5e4d335000 ---p 00000000 00:00 0 
7f5e4d335000-7f5e4d436000 rw-p 00000000 00:00 0 
7f5e4d436000-7f5e4d437000 ---p 00000000 00:00 0 
7f5e4d437000-7f5e4d538000 rw-p 00000000 00:00 0 
7f5e4d538000-7f5e4d539000 ---p 00000000 00:00 0 
7f5e4d539000-7f5e4d63a000 rw-p 00000000 00:00 0 
7f5e4d63a000-7f5e4d63b000 ---p 00000000 00:00 0 
7f5e4d63b000-7f5e4df44000 rw-p 00000000 00:00 0 
7f5e4df44000-7f5e4df45000 ---p 00000000 00:00 0 
7f5e4df45000-7f5e4e046000 rw-p 00000000 00:00 0 
7f5e4e046000-7f5e4e047000 ---p 00000000 00:00 0 
7f5e4e047000-7f5e4e338000 rw-p 00000000 00:00 0 
7f5e4e338000-7f5e50000000 ---p 00000000 00:00 0 
7f5e50000000-7f5e50021000 rw-p 00000000 00:00 0 
7f5e50021000-7f5e54000000 ---p 00000000 00:00 0 
7f5e54000000-7f5e54021000 rw-p 00000000 00:00 0 
7f5e54021000-7f5e58000000 ---p 00000000 00:00 0 
7f5e58000000-7f5e58021000 rw-p 00000000 00:00 0 
7f5e58021000-7f5e5c000000 ---p 00000000 00:00 0 
7f5e5c000000-7f5e5c021000 rw-p 00000000 00:00 0 
7f5e5c021000-7f5e60000000 ---p 00000000 00:00 0 
7f5e60000000-7f5e60021000 rw-p 00000000 00:00 0 
7f5e60021000-7f5e64000000 ---p 00000000 00:00 0 
7f5e64000000-7f5e64021000 rw-p 00000000 00:00 0 
7f5e64021000-7f5e68000000 ---p 00000000 00:00 0 
7f5e68000000-7f5e68021000 rw-p 00000000 00:00 0 
7f5e68021000-7f5e6c000000 ---p 00000000 00:00 0 
7f5e6c01c000-7f5e6c0d0000 rw-p 00000000 00:00 0 
7f5e6c0d0000-7f5e6c0d1000 ---p 00000000 00:00 0 
7f5e6c0d1000-7f5e6c3c2000 rw-p 00000000 00:00 0 
7f5e6c3c2000-7f5e6e08a000 ---p 00000000 00:00 0 
7f5e6e08a000-7f5e6e0c8000 rw-p 00000000 00:00 0 
7f5e6e0c8000-7f5e6e461000 ---p 00000000 00:00 0 
7f5e6e461000-7f5e6e49f000 rw-p 00000000 00:00 0 
7f5e6e49f000-7f5e6e838000 ---p 00000000 00:00 0 
7f5e6e838000-7f5e6e876000 rw-p 00000000 00:00 0 
7f5e6e876000-7f5e6ec0f000 ---p 00000000 00:00 0 
7f5e6ec0f000-7f5e6f417000 rw-p 00000000 00:00 0 
7f5e6f417000-7f5e6f418000 ---p 00000000 00:00 0 
7f5e6f418000-7f5e6f519000 rw-p 00000000 00:00 0 
7f5e6f519000-7f5e6f51a000 ---p 00000000 00:00 0 
7f5e6f51a000-7f5e6f61b000 rw-p 00000000 00:00 0 
7f5e6f61b000-7f5e6f61c000 ---p 00000000 00:00 0 
7f5e6f61c000-7f5e6f71d000 rw-p 00000000 00:00 0 
7f5e6f71d000-7f5e6f71e000 ---p 00000000 00:00 0 
7f5e6f71e000-7f5e6f81f000 rw-p 00000000 00:00 0 
7f5e6f81f000-7f5e6f820000 ---p 00000000 00:00 0 
7f5e6f820000-7f5e6f921000 rw-p 00000000 00:00 0 
7f5e6f921000-7f5e6f922000 ---p 00000000 00:00 0 
7f5e6f922000-7f5e6fa23000 rw-p 00000000 00:00 0 
7f5e6fa23000-7f5e6fa24000 ---p 00000000 00:00 0 
7f5e6fa24000-7f5e6fb25000 rw-p 00000000 00:00 0 
7f5e6fb25000-7f5e6fd95000 rwxp 00000000 00:00 0 
7f5e6fd95000-7f5e700b6000 ---p 00000000 00:00 0 
7f5e700b6000-7f5e70326000 rwxp 00000000 00:00 0 
7f5e70326000-7f5e775ed000 ---p 00000000 00:00 0 
7f5e775ed000-7f5e7785d000 rwxp 00000000 00:00 0 
7f5e7785d000-7f5e7eb25000 ---p 00000000 00:00 0 
7f5e7eb25000-7f5e88000000 r--s 00000000 08:01 23598511                   /usr/lib/jvm/java-11-openjdk-amd64/lib/modules
7f5e88000000-7f5e88238000 rw-p 00000000 00:00 0 
7f5e88238000-7f5e8c000000 ---p 00000000 00:00 0 
7f5e8c026000-7f5e8c027000 ---p 00000000 00:00 0 
7f5e8c027000-7f5e8c12d000 rw-p 00000000 00:00 0 
7f5e8c12d000-7f5e8c213000 ---p 00000000 00:00 0 
7f5e8c213000-7f5e8c218000 rw-p 00000000 00:00 0 
7f5e8c218000-7f5e8c2fe000 ---p 00000000 00:00 0 
7f5e8c2fe000-7f5e8c303000 r-xp 00000000 08:01 23598491                   /usr/lib/jvm/java-11-openjdk-amd64/lib/libjimage.so
7f5e8c303000-7f5e8c502000 ---p 00005000 08:01 23598491                   /usr/lib/jvm/java-11-openjdk-amd64/lib/libjimage.so
7f5e8c502000-7f5e8c503000 r--p 00004000 08:01 23598491                   /usr/lib/jvm/java-11-openjdk-amd64/lib/libjimage.so
7f5e8c503000-7f5e8c504000 rw-p 00005000 08:01 23598491                   /usr/lib/jvm/java-11-openjdk-amd64/lib/libjimage.so
7f5e8c504000-7f5e8c50b000 r-xp 00000000 08:01 23598510                   /usr/lib/jvm/java-11-openjdk-amd64/lib/libzip.so
7f5e8c50b000-7f5e8c70a000 ---p 00007000 08:01 23598510                   /usr/lib/jvm/java-11-openjdk-amd64/lib/libzip.so
7f5e8c70a000-7f5e8c70b000 r--p 00006000 08:01 23598510                   /usr/lib/jvm/java-11-openjdk-amd64/lib/libzip.so
7f5e8c70b000-7f5e8c70c000 rw-p 00007000 08:01 23598510                   /usr/lib/jvm/java-11-openjdk-amd64/lib/libzip.so
7f5e8c70c000-7f5e8c717000 r-xp 00000000 08:01 14684844                   /lib/x86_64-linux-gnu/libnss_files-2.27.so
7f5e8c717000-7f5e8c916000 ---p 0000b000 08:01 14684844                   /lib/x86_64-linux-gnu/libnss_files-2.27.so
7f5e8c916000-7f5e8c917000 r--p 0000a000 08:01 14684844                   /lib/x86_64-linux-gnu/libnss_files-2.27.so
7f5e8c917000-7f5e8c918000 rw-p 0000b000 08:01 14684844                   /lib/x86_64-linux-gnu/libnss_files-2.27.so
7f5e8c918000-7f5e8c91e000 rw-p 00000000 00:00 0 
7f5e8c91e000-7f5e8c935000 r-xp 00000000 08:01 14684838                   /lib/x86_64-linux-gnu/libnsl-2.27.so
7f5e8c935000-7f5e8cb34000 ---p 00017000 08:01 14684838                   /lib/x86_64-linux-gnu/libnsl-2.27.so
7f5e8cb34000-7f5e8cb35000 r--p 00016000 08:01 14684838                   /lib/x86_64-linux-gnu/libnsl-2.27.so
7f5e8cb35000-7f5e8cb36000 rw-p 00017000 08:01 14684838                   /lib/x86_64-linux-gnu/libnsl-2.27.so
7f5e8cb36000-7f5e8cb38000 rw-p 00000000 00:00 0 
7f5e8cb38000-7f5e8cb43000 r-xp 00000000 08:01 14684855                   /lib/x86_64-linux-gnu/libnss_nis-2.27.so
7f5e8cb43000-7f5e8cd42000 ---p 0000b000 08:01 14684855                   /lib/x86_64-linux-gnu/libnss_nis-2.27.so
7f5e8cd42000-7f5e8cd43000 r--p 0000a000 08:01 14684855                   /lib/x86_64-linux-gnu/libnss_nis-2.27.so
7f5e8cd43000-7f5e8cd44000 rw-p 0000b000 08:01 14684855                   /lib/x86_64-linux-gnu/libnss_nis-2.27.so
7f5e8cd44000-7f5e8cd4c000 r-xp 00000000 08:01 14684840                   /lib/x86_64-linux-gnu/libnss_compat-2.27.so
7f5e8cd4c000-7f5e8cf4c000 ---p 00008000 08:01 14684840                   /lib/x86_64-linux-gnu/libnss_compat-2.27.so
7f5e8cf4c000-7f5e8cf4d000 r--p 00008000 08:01 14684840                   /lib/x86_64-linux-gnu/libnss_compat-2.27.so
7f5e8cf4d000-7f5e8cf4e000 rw-p 00009000 08:01 14684840                   /lib/x86_64-linux-gnu/libnss_compat-2.27.so
7f5e8cf4e000-7f5e8cf7a000 r-xp 00000000 08:01 23598487                   /usr/lib/jvm/java-11-openjdk-amd64/lib/libjava.so
7f5e8cf7a000-7f5e8d179000 ---p 0002c000 08:01 23598487                   /usr/lib/jvm/java-11-openjdk-amd64/lib/libjava.so
7f5e8d179000-7f5e8d17a000 r--p 0002b000 08:01 23598487                   /usr/lib/jvm/java-11-openjdk-amd64/lib/libjava.so
7f5e8d17a000-7f5e8d17c000 rw-p 0002c000 08:01 23598487                   /usr/lib/jvm/java-11-openjdk-amd64/lib/libjava.so
7f5e8d17c000-7f5e8d189000 r-xp 00000000 08:01 23598509                   /usr/lib/jvm/java-11-openjdk-amd64/lib/libverify.so
7f5e8d189000-7f5e8d388000 ---p 0000d000 08:01 23598509                   /usr/lib/jvm/java-11-openjdk-amd64/lib/libverify.so
7f5e8d388000-7f5e8d38a000 r--p 0000c000 08:01 23598509                   /usr/lib/jvm/java-11-openjdk-amd64/lib/libverify.so
7f5e8d38a000-7f5e8d38b000 rw-p 0000e000 08:01 23598509                   /usr/lib/jvm/java-11-openjdk-amd64/lib/libverify.so
7f5e8d38b000-7f5e8d392000 r-xp 00000000 08:01 14684895                   /lib/x86_64-linux-gnu/librt-2.27.so
7f5e8d392000-7f5e8d591000 ---p 00007000 08:01 14684895                   /lib/x86_64-linux-gnu/librt-2.27.so
7f5e8d591000-7f5e8d592000 r--p 00006000 08:01 14684895                   /lib/x86_64-linux-gnu/librt-2.27.so
7f5e8d592000-7f5e8d593000 rw-p 00007000 08:01 14684895                   /lib/x86_64-linux-gnu/librt-2.27.so
7f5e8d593000-7f5e8d5aa000 r-xp 00000000 08:01 14684791                   /lib/x86_64-linux-gnu/libgcc_s.so.1
7f5e8d5aa000-7f5e8d7a9000 ---p 00017000 08:01 14684791                   /lib/x86_64-linux-gnu/libgcc_s.so.1
7f5e8d7a9000-7f5e8d7aa000 r--p 00016000 08:01 14684791                   /lib/x86_64-linux-gnu/libgcc_s.so.1
7f5e8d7aa000-7f5e8d7ab000 rw-p 00017000 08:01 14684791                   /lib/x86_64-linux-gnu/libgcc_s.so.1
7f5e8d7ab000-7f5e8d948000 r-xp 00000000 08:01 14684817                   /lib/x86_64-linux-gnu/libm-2.27.so
7f5e8d948000-7f5e8db47000 ---p 0019d000 08:01 14684817                   /lib/x86_64-linux-gnu/libm-2.27.so
7f5e8db47000-7f5e8db48000 r--p 0019c000 08:01 14684817                   /lib/x86_64-linux-gnu/libm-2.27.so
7f5e8db48000-7f5e8db49000 rw-p 0019d000 08:01 14684817                   /lib/x86_64-linux-gnu/libm-2.27.so
7f5e8db49000-7f5e8dcc2000 r-xp 00000000 08:01 23601225                   /usr/lib/x86_64-linux-gnu/libstdc++.so.6.0.25
7f5e8dcc2000-7f5e8dec2000 ---p 00179000 08:01 23601225                   /usr/lib/x86_64-linux-gnu/libstdc++.so.6.0.25
7f5e8dec2000-7f5e8decc000 r--p 00179000 08:01 23601225                   /usr/lib/x86_64-linux-gnu/libstdc++.so.6.0.25
7f5e8decc000-7f5e8dece000 rw-p 00183000 08:01 23601225                   /usr/lib/x86_64-linux-gnu/libstdc++.so.6.0.25
7f5e8dece000-7f5e8ded2000 rw-p 00000000 00:00 0 
7f5e8ded2000-7f5e8ee6f000 r-xp 00000000 08:01 23598523                   /usr/lib/jvm/java-11-openjdk-amd64/lib/server/libjvm.so
7f5e8ee6f000-7f5e8f06f000 ---p 00f9d000 08:01 23598523                   /usr/lib/jvm/java-11-openjdk-amd64/lib/server/libjvm.so
7f5e8f06f000-7f5e8f133000 r--p 00f9d000 08:01 23598523                   /usr/lib/jvm/java-11-openjdk-amd64/lib/server/libjvm.so
7f5e8f133000-7f5e8f16b000 rw-p 01061000 08:01 23598523                   /usr/lib/jvm/java-11-openjdk-amd64/lib/server/libjvm.so
7f5e8f16b000-7f5e8f1b4000 rw-p 00000000 00:00 0 
7f5e8f1b4000-7f5e8f1ce000 r-xp 00000000 08:01 14684887                   /lib/x86_64-linux-gnu/libpthread-2.27.so
7f5e8f1ce000-7f5e8f3cd000 ---p 0001a000 08:01 14684887                   /lib/x86_64-linux-gnu/libpthread-2.27.so
7f5e8f3cd000-7f5e8f3ce000 r--p 00019000 08:01 14684887                   /lib/x86_64-linux-gnu/libpthread-2.27.so
7f5e8f3ce000-7f5e8f3cf000 rw-p 0001a000 08:01 14684887                   /lib/x86_64-linux-gnu/libpthread-2.27.so
7f5e8f3cf000-7f5e8f3d3000 rw-p 00000000 00:00 0 
7f5e8f3d3000-7f5e8f3d6000 r-xp 00000000 08:01 14684777                   /lib/x86_64-linux-gnu/libdl-2.27.so
7f5e8f3d6000-7f5e8f5d5000 ---p 00003000 08:01 14684777                   /lib/x86_64-linux-gnu/libdl-2.27.so
7f5e8f5d5000-7f5e8f5d6000 r--p 00002000 08:01 14684777                   /lib/x86_64-linux-gnu/libdl-2.27.so
7f5e8f5d6000-7f5e8f5d7000 rw-p 00003000 08:01 14684777                   /lib/x86_64-linux-gnu/libdl-2.27.so
7f5e8f5d7000-7f5e8f5f3000 r-xp 00000000 08:01 14684928                   /lib/x86_64-linux-gnu/libz.so.1.2.11
7f5e8f5f3000-7f5e8f7f2000 ---p 0001c000 08:01 14684928                   /lib/x86_64-linux-gnu/libz.so.1.2.11
7f5e8f7f2000-7f5e8f7f3000 r--p 0001b000 08:01 14684928                   /lib/x86_64-linux-gnu/libz.so.1.2.11
7f5e8f7f3000-7f5e8f7f4000 rw-p 0001c000 08:01 14684928                   /lib/x86_64-linux-gnu/libz.so.1.2.11
7f5e8f7f4000-7f5e8f9db000 r-xp 00000000 08:01 14684754                   /lib/x86_64-linux-gnu/libc-2.27.so
7f5e8f9db000-7f5e8fbdb000 ---p 001e7000 08:01 14684754                   /lib/x86_64-linux-gnu/libc-2.27.so
7f5e8fbdb000-7f5e8fbdf000 r--p 001e7000 08:01 14684754                   /lib/x86_64-linux-gnu/libc-2.27.so
7f5e8fbdf000-7f5e8fbe1000 rw-p 001eb000 08:01 14684754                   /lib/x86_64-linux-gnu/libc-2.27.so
7f5e8fbe1000-7f5e8fbe5000 rw-p 00000000 00:00 0 
7f5e8fbe5000-7f5e8fbf4000 r-xp 00000000 08:01 23598516                   /usr/lib/jvm/java-11-openjdk-amd64/lib/jli/libjli.so
7f5e8fbf4000-7f5e8fdf3000 ---p 0000f000 08:01 23598516                   /usr/lib/jvm/java-11-openjdk-amd64/lib/jli/libjli.so
7f5e8fdf3000-7f5e8fdf4000 r--p 0000e000 08:01 23598516                   /usr/lib/jvm/java-11-openjdk-amd64/lib/jli/libjli.so
7f5e8fdf4000-7f5e8fdf5000 rw-p 0000f000 08:01 23598516                   /usr/lib/jvm/java-11-openjdk-amd64/lib/jli/libjli.so
7f5e8fdf5000-7f5e8fe1c000 r-xp 00000000 08:01 14684726                   /lib/x86_64-linux-gnu/ld-2.27.so
7f5e8fe41000-7f5e8feff000 rw-p 00000000 00:00 0 
7f5e8feff000-7f5e8ff03000 ---p 00000000 00:00 0 
7f5e8ff03000-7f5e90009000 rw-p 00000000 00:00 0 
7f5e90009000-7f5e90010000 ---p 00000000 00:00 0 
7f5e90010000-7f5e90018000 rw-s 00000000 08:01 28966961                   /tmp/hsperfdata_pc/6708
7f5e90018000-7f5e90019000 ---p 00000000 00:00 0 
7f5e90019000-7f5e9001a000 r--p 00000000 00:00 0 
7f5e9001a000-7f5e9001c000 rw-p 00000000 00:00 0 
7f5e9001c000-7f5e9001d000 r--p 00027000 08:01 14684726                   /lib/x86_64-linux-gnu/ld-2.27.so
7f5e9001d000-7f5e9001e000 rw-p 00028000 08:01 14684726                   /lib/x86_64-linux-gnu/ld-2.27.so
7f5e9001e000-7f5e9001f000 rw-p 00000000 00:00 0 
7ffd71564000-7ffd71586000 rw-p 00000000 00:00 0                          [stack]
7ffd715cc000-7ffd715cf000 r--p 00000000 00:00 0                          [vvar]
7ffd715cf000-7ffd715d1000 r-xp 00000000 00:00 0                          [vdso]
ffffffffff600000-ffffffffff601000 r-xp 00000000 00:00 0                  [vsyscall]


VM Arguments:
jvm_args: -Djava.library.path=/home/pc/Downloads/webots/lib/java 
java_command: MyController
java_class_path (initial): /home/pc/Downloads/webots/lib/java/Controller.jar:/home/pc/Dokumente/my_project/controllers/MyController/
Launcher Type: SUN_STANDARD

Logging:
Log output configuration:
#0: stdout all=warning uptime,level,tags
#1: stderr all=off uptime,level,tags

Environment Variables:
PATH=/usr/local/sbin:/usr/local/bin:/usr/sbin:/usr/bin:/sbin:/bin:/usr/games:/usr/local/games
LD_LIBRARY_PATH=/home/pc/Downloads/webots/projects/default/libraries/vehicle:/home/pc/Downloads/webots/projects/default/libraries/ros:/home/pc/Downloads/webots/resources/projects/libraries/qt_utils:/home/pc/Dokumente/my_project/controllers/MyController/:/home/pc/Downloads/webots/lib/:/tmp/webots-6419/lib:
SHELL=/bin/bash
DISPLAY=:0

Signal Handlers:
SIGSEGV: [libjvm.so+0xd28b70], sa_mask[0]=11111111011111111101111111111110, sa_flags=SA_RESTART|SA_SIGINFO
SIGBUS: [libjvm.so+0xd28b70], sa_mask[0]=11111111011111111101111111111110, sa_flags=SA_RESTART|SA_SIGINFO
SIGFPE: [libjvm.so+0xd28b70], sa_mask[0]=11111111011111111101111111111110, sa_flags=SA_RESTART|SA_SIGINFO
SIGPIPE: [libjvm.so+0xb2a1f0], sa_mask[0]=11111111011111111101111111111110, sa_flags=SA_RESTART|SA_SIGINFO
SIGXFSZ: [libjvm.so+0xb2a1f0], sa_mask[0]=11111111011111111101111111111110, sa_flags=SA_RESTART|SA_SIGINFO
SIGILL: [libjvm.so+0xd28b70], sa_mask[0]=11111111011111111101111111111110, sa_flags=SA_RESTART|SA_SIGINFO
SIGUSR2: [libjvm.so+0xb2a030], sa_mask[0]=00000000000000000000000000000000, sa_flags=SA_RESTART|SA_SIGINFO
SIGHUP: [libjvm.so+0xb2a180], sa_mask[0]=11111111011111111101111111111110, sa_flags=SA_RESTART|SA_SIGINFO
SIGINT: [libjvm.so+0xb2a180], sa_mask[0]=11111111011111111101111111111110, sa_flags=SA_RESTART|SA_SIGINFO
SIGTERM: [libjvm.so+0xb2a180], sa_mask[0]=11111111011111111101111111111110, sa_flags=SA_RESTART|SA_SIGINFO
SIGQUIT: [libjvm.so+0xb2a180], sa_mask[0]=11111111011111111101111111111110, sa_flags=SA_RESTART|SA_SIGINFO


---------------  S Y S T E M  ---------------

OS:DISTRIB_ID=LinuxMint
DISTRIB_RELEASE=19.1
DISTRIB_CODENAME=tessa
DISTRIB_DESCRIPTION="Linux Mint 19.1 Tessa"
uname:Linux 4.15.0-20-generic #21-Ubuntu SMP Tue Apr 24 06:16:15 UTC 2018 x86_64
libc:glibc 2.27 NPTL 2.27 
rlimit: STACK 8192k, CORE 0k, NPROC 31207, NOFILE 4096, AS infinity, DATA infinity, FSIZE infinity
load average:0.22 0.50 0.54

/proc/meminfo:
MemTotal:        8051996 kB
MemFree:          720572 kB
MemAvailable:    5182108 kB
Buffers:          172340 kB
Cached:          5239980 kB
SwapCached:            0 kB
Active:          3878440 kB
Inactive:        3056396 kB
Active(anon):    1523828 kB
Inactive(anon):   867496 kB
Active(file):    2354612 kB
Inactive(file):  2188900 kB
Unevictable:          32 kB
Mlocked:              32 kB
SwapTotal:       2097148 kB
SwapFree:        2097148 kB
Dirty:                44 kB
Writeback:             0 kB
AnonPages:       1522756 kB
Mapped:           617428 kB
Shmem:            868812 kB
Slab:             273960 kB
SReclaimable:     221732 kB
SUnreclaim:        52228 kB
KernelStack:       12752 kB
PageTables:        43840 kB
NFS_Unstable:          0 kB
Bounce:                0 kB
WritebackTmp:          0 kB
CommitLimit:     6123144 kB
Committed_AS:    7360884 kB
VmallocTotal:   34359738367 kB
VmallocUsed:           0 kB
VmallocChunk:          0 kB
HardwareCorrupted:     0 kB
AnonHugePages:         0 kB
ShmemHugePages:        0 kB
ShmemPmdMapped:        0 kB
CmaTotal:              0 kB
CmaFree:               0 kB
HugePages_Total:       0
HugePages_Free:        0
HugePages_Rsvd:        0
HugePages_Surp:        0
Hugepagesize:       2048 kB
DirectMap4k:      170944 kB
DirectMap2M:     8101888 kB

container (cgroup) information:
container_type: cgroupv1
cpu_cpuset_cpus: 0-7
cpu_memory_nodes: 0
active_processor_count: 8
cpu_quota: -1
cpu_period: 100000
cpu_shares: -1
memory_limit_in_bytes: -1
memory_and_swap_limit_in_bytes: -2
memory_soft_limit_in_bytes: -1
memory_usage_in_bytes: 7102095360
memory_max_usage_in_bytes: 0


CPU:total 8 (initial active 8) (4 cores per cpu, 2 threads per core) family 6 model 58 stepping 9, cmov, cx8, fxsr, mmx, sse, sse2, sse3, ssse3, sse4.1, sse4.2, popcnt, avx, aes, clmul, erms, ht, tsc, tscinvbit, tscinv
CPU Model and flags from /proc/cpuinfo:
model name	: Intel(R) Core(TM) i7-3770 CPU @ 3.40GHz
flags		: fpu vme de pse tsc msr pae mce cx8 apic sep mtrr pge mca cmov pat pse36 clflush dts acpi mmx fxsr sse sse2 ss ht tm pbe syscall nx rdtscp lm constant_tsc arch_perfmon pebs bts rep_good nopl xtopology nonstop_tsc cpuid aperfmperf pni pclmulqdq dtes64 monitor ds_cpl vmx smx est tm2 ssse3 cx16 xtpr pdcm pcid sse4_1 sse4_2 x2apic popcnt tsc_deadline_timer aes xsave avx f16c rdrand lahf_lm cpuid_fault epb pti tpr_shadow vnmi flexpriority ept vpid fsgsbase smep erms xsaveopt dtherm ida arat pln pts

Memory: 4k page, physical 8051996k(720572k free), swap 2097148k(2097148k free)

vm_info: OpenJDK 64-Bit Server VM (10.0.2+13-Ubuntu-1ubuntu0.18.04.4) for linux-amd64 JRE (10.0.2+13-Ubuntu-1ubuntu0.18.04.4), built on Nov 13 2018 12:53:39 by "buildd" with gcc 7.3.0

END.
