#
# A fatal error has been detected by the Java Runtime Environment:
#
#  SIGSEGV (0xb) at pc=0x00007ff8c22fbbef, pid=5484, tid=5485
#
# JRE version: OpenJDK Runtime Environment (10.0.2+13) (build 10.0.2+13-Ubuntu-1ubuntu0.18.04.4)
# Java VM: OpenJDK 64-Bit Server VM (10.0.2+13-Ubuntu-1ubuntu0.18.04.4, mixed mode, tiered, compressed oops, g1 gc, linux-amd64)
# Problematic frame:
# C  [libController.so+0x25bef]  wb_robot_init+0x1ff
#
# Core dump will be written. Default location: Core dumps may be processed with "/usr/share/apport/apport %p %s %c %d %P" (or dumping to /home/pc/Dokumente/my_project/controllers/MyController/core.5484)
#
# If you would like to submit a bug report, please visit:
#   http://bugreport.java.com/bugreport/crash.jsp
# The crash happened outside the Java Virtual Machine in native code.
# See problematic frame for where to report the bug.
#

---------------  S U M M A R Y ------------

Command Line: -Djava.library.path=/home/pc/Downloads/webots/lib/java MyController

Host: Intel(R) Core(TM) i7-3770 CPU @ 3.40GHz, 8 cores, 7G, Linux Mint 19.1 Tessa
Time: Tue Jun 11 12:12:44 2019 CEST elapsed time: 0 seconds (0d 0h 0m 0s)

---------------  T H R E A D  ---------------

Current thread (0x00007ff930012000):  JavaThread "main" [_thread_in_native, id=5485, stack(0x00007ff93975d000,0x00007ff93985e000)]

Stack: [0x00007ff93975d000,0x00007ff93985e000],  sp=0x00007ff93985c800,  free space=1022k
Native frames: (J=compiled Java code, A=aot compiled Java code, j=interpreted, Vv=VM code, C=native code)
C  [libController.so+0x25bef]  wb_robot_init+0x1ff

Java frames: (J=compiled Java code, j=interpreted, Vv=VM code)
j  com.cyberbotics.webots.controller.wrapperJNI.new_Robot()J+0
j  com.cyberbotics.webots.controller.Robot.<init>()V+1
j  MyController.main([Ljava/lang/String;)V+4
v  ~StubRoutines::call_stub

siginfo: si_signo: 11 (SIGSEGV), si_code: 1 (SEGV_MAPERR), si_addr: 0x0000000000000000

Register to memory mapping:

RAX=0x0000000000000000 is an unknown value
RBX=0x00007ff93943e840: stderr+0x0000000000000000 in /lib/x86_64-linux-gnu/libc.so.6 at 0x00007ff939052000
RCX=0x0000000000000001 is an unknown value
RDX=0x00007ff930269850 is an unknown value
RSP=0x00007ff93985c800 is pointing into the stack for thread: 0x00007ff930012000
RBP=0x00007ff9302649b0 is an unknown value
RSI=0x0000000000000000 is an unknown value
RDI=0x0000000000000000 is an unknown value
R8 =0x0000000000000000 is an unknown value
R9 =0x00007ff930269840 is an unknown value
R10=0x0000000000000010 is an unknown value
R11=0x00007ff8c22f7ff0: remote_control_is_initialized+0x0000000000000000 in /home/pc/Downloads/webots/lib/libController.so at 0x00007ff8c22d6000
R12=0x0000000000000000 is an unknown value
R13={method} {0x00007ff8c3c4be70} 'new_Robot' '()J' in 'com/cyberbotics/webots/controller/wrapperJNI'
R14=0x00007ff93985c900 is pointing into the stack for thread: 0x00007ff930012000
R15=0x00007ff930012000 is a thread


Registers:
RAX=0x0000000000000000, RBX=0x00007ff93943e840, RCX=0x0000000000000001, RDX=0x00007ff930269850
RSP=0x00007ff93985c800, RBP=0x00007ff9302649b0, RSI=0x0000000000000000, RDI=0x0000000000000000
R8 =0x0000000000000000, R9 =0x00007ff930269840, R10=0x0000000000000010, R11=0x00007ff8c22f7ff0
R12=0x0000000000000000, R13=0x00007ff8c3c4be70, R14=0x00007ff93985c900, R15=0x00007ff930012000
RIP=0x00007ff8c22fbbef, EFLAGS=0x0000000000010246, CSGSFS=0x002b000000000033, ERR=0x0000000000000004
  TRAPNO=0x000000000000000e

Top of Stack: (sp=0x00007ff93985c800)
0x00007ff93985c800:   00007ff9302684f0 00007ff9302684f0
0x00007ff93985c810:   00007ff93985c840 00007ff8c254f803
0x00007ff93985c820:   00007ff93985c880 00007ff9302684f0
0x00007ff93985c830:   00007ff9302684f0 00007ff9302684f0 

Instructions: (pc=0x00007ff8c22fbbef)
0x00007ff8c22fbbcf:   fe ff 83 f8 ff b8 00 00 00 00 0f 84 e6 00 00 00
0x00007ff8c22fbbdf:   e8 ac 88 fe ff 84 c0 75 0c 48 8b 3d f9 73 22 00
0x00007ff8c22fbbef:   80 3f 00 75 5c 80 3d 1a 74 22 00 00 74 22 80 3d
0x00007ff8c22fbbff:   12 74 22 00 00 75 19 31 c0 e8 13 76 fe ff 84 c0 


---------------  P R O C E S S  ---------------

Threads class SMR info:
_java_thread_list=0x00007ff930231b90, length=11, elements={
0x00007ff930012000, 0x00007ff930143000, 0x00007ff930145000, 0x00007ff93014e000,
0x00007ff930158800, 0x00007ff93015a800, 0x00007ff93015c800, 0x00007ff93015e800,
0x00007ff930160800, 0x00007ff93021d000, 0x00007ff930232800
}

Java Threads: ( => current thread )
=>0x00007ff930012000 JavaThread "main" [_thread_in_native, id=5485, stack(0x00007ff93975d000,0x00007ff93985e000)]
  0x00007ff930143000 JavaThread "Reference Handler" daemon [_thread_blocked, id=5507, stack(0x00007ff9142ff000,0x00007ff914400000)]
  0x00007ff930145000 JavaThread "Finalizer" daemon [_thread_blocked, id=5508, stack(0x00007ff9141fe000,0x00007ff9142ff000)]
  0x00007ff93014e000 JavaThread "Signal Dispatcher" daemon [_thread_blocked, id=5509, stack(0x00007ff9140fd000,0x00007ff9141fe000)]
  0x00007ff930158800 JavaThread "C2 CompilerThread0" daemon [_thread_blocked, id=5510, stack(0x00007ff8f4047000,0x00007ff8f4148000)]
  0x00007ff93015a800 JavaThread "C2 CompilerThread1" daemon [_thread_blocked, id=5511, stack(0x00007ff8c33cf000,0x00007ff8c34d0000)]
  0x00007ff93015c800 JavaThread "C2 CompilerThread2" daemon [_thread_blocked, id=5512, stack(0x00007ff8c32ce000,0x00007ff8c33cf000)]
  0x00007ff93015e800 JavaThread "C1 CompilerThread3" daemon [_thread_blocked, id=5513, stack(0x00007ff8c31cd000,0x00007ff8c32ce000)]
  0x00007ff930160800 JavaThread "Sweeper thread" daemon [_thread_blocked, id=5514, stack(0x00007ff8c30cc000,0x00007ff8c31cd000)]
  0x00007ff93021d000 JavaThread "Service Thread" daemon [_thread_blocked, id=5515, stack(0x00007ff8c2fcb000,0x00007ff8c30cc000)]
  0x00007ff930232800 JavaThread "Common-Cleaner" daemon [_thread_blocked, id=5517, stack(0x00007ff8c2dc8000,0x00007ff8c2ec9000)]

Other Threads:
  0x00007ff930139000 VMThread "VM Thread" [stack: 0x00007ff914402000,0x00007ff914502000] [id=5506]
  0x00007ff93021f000 WatcherThread [stack: 0x00007ff8c2ecb000,0x00007ff8c2fcb000] [id=5516]
  0x00007ff930028800 GCTaskThread "GC Thread#0" [stack: 0x00007ff935886000,0x00007ff935986000] [id=5486]
  0x00007ff93002a000 GCTaskThread "GC Thread#1" [stack: 0x00007ff935784000,0x00007ff935884000] [id=5487]
  0x00007ff93002c000 GCTaskThread "GC Thread#2" [stack: 0x00007ff935682000,0x00007ff935782000] [id=5488]
  0x00007ff93002d800 GCTaskThread "GC Thread#3" [stack: 0x00007ff935580000,0x00007ff935680000] [id=5489]
  0x00007ff93002f800 GCTaskThread "GC Thread#4" [stack: 0x00007ff93547e000,0x00007ff93557e000] [id=5490]
  0x00007ff930031000 GCTaskThread "GC Thread#5" [stack: 0x00007ff93537c000,0x00007ff93547c000] [id=5491]
  0x00007ff930032800 GCTaskThread "GC Thread#6" [stack: 0x00007ff93527a000,0x00007ff93537a000] [id=5492]
  0x00007ff930034800 GCTaskThread "GC Thread#7" [stack: 0x00007ff935178000,0x00007ff935278000] [id=5493]
  0x00007ff93005e000 ConcurrentGCThread "G1 Main Marker" [stack: 0x00007ff9340c0000,0x00007ff9341c0000] [id=5494]
  0x00007ff93005f800 ConcurrentGCThread "G1 Conc#0" [stack: 0x00007ff915796000,0x00007ff915896000] [id=5495]
  0x00007ff930061800 ConcurrentGCThread "G1 Conc#1" [stack: 0x00007ff915694000,0x00007ff915794000] [id=5496]
  0x00007ff9300c9800 ConcurrentGCThread "G1 Refine#0" [stack: 0x00007ff914d8a000,0x00007ff914e8a000] [id=5497]
  0x00007ff9300cb800 ConcurrentGCThread "G1 Refine#1" [stack: 0x00007ff914c88000,0x00007ff914d88000] [id=5498]
  0x00007ff9300cd000 ConcurrentGCThread "G1 Refine#2" [stack: 0x00007ff914b86000,0x00007ff914c86000] [id=5499]
  0x00007ff9300cf000 ConcurrentGCThread "G1 Refine#3" [stack: 0x00007ff914a84000,0x00007ff914b84000] [id=5500]
  0x00007ff9300d0800 ConcurrentGCThread "G1 Refine#4" [stack: 0x00007ff914982000,0x00007ff914a82000] [id=5501]
  0x00007ff9300d2800 ConcurrentGCThread "G1 Refine#5" [stack: 0x00007ff914880000,0x00007ff914980000] [id=5502]
  0x00007ff9300d4000 ConcurrentGCThread "G1 Refine#6" [stack: 0x00007ff91477e000,0x00007ff91487e000] [id=5503]
  0x00007ff9300d6000 ConcurrentGCThread "G1 Refine#7" [stack: 0x00007ff91467c000,0x00007ff91477c000] [id=5504]
  0x00007ff9300d7800 ConcurrentGCThread "G1 Young RemSet Sampling" [stack: 0x00007ff91457a000,0x00007ff91467a000] [id=5505]

Threads with active compile tasks:

VM state:not at safepoint (normal execution)

VM Mutex/Monitor currently owned by a thread: None

Heap address: 0x0000000085200000, size: 1966 MB, Compressed Oops mode: 32-bit
Narrow klass base: 0x0000000000000000, Narrow klass shift: 3
Compressed class space size: 1073741824 Address: 0x0000000100000000

Heap:
 garbage-first heap   total 126976K, used 1024K [0x0000000085200000, 0x0000000100000000)
  region size 1024K, 2 young (2048K), 0 survivors (0K)
 Metaspace       used 4802K, capacity 4826K, committed 5120K, reserved 1056768K
  class space    used 392K, capacity 394K, committed 512K, reserved 1048576K
Heap Regions: E=young(eden), S=young(survivor), O=old, HS=humongous(starts), HC=humongous(continues), CS=collection set, F=free, A=archive, TS=gc time stamp, AC=allocation context, TAMS=top-at-mark-start (previous, next)
|   0|0x0000000085200000, 0x0000000085200000, 0x0000000085300000|  0%| F|  |TS  0|AC  0|TAMS 0x0000000085200000, 0x0000000085200000|
|   1|0x0000000085300000, 0x0000000085300000, 0x0000000085400000|  0%| F|  |TS  0|AC  0|TAMS 0x0000000085300000, 0x0000000085300000|
|   2|0x0000000085400000, 0x0000000085400000, 0x0000000085500000|  0%| F|  |TS  0|AC  0|TAMS 0x0000000085400000, 0x0000000085400000|
|   3|0x0000000085500000, 0x0000000085500000, 0x0000000085600000|  0%| F|  |TS  0|AC  0|TAMS 0x0000000085500000, 0x0000000085500000|
|   4|0x0000000085600000, 0x0000000085600000, 0x0000000085700000|  0%| F|  |TS  0|AC  0|TAMS 0x0000000085600000, 0x0000000085600000|
|   5|0x0000000085700000, 0x0000000085700000, 0x0000000085800000|  0%| F|  |TS  0|AC  0|TAMS 0x0000000085700000, 0x0000000085700000|
|   6|0x0000000085800000, 0x0000000085800000, 0x0000000085900000|  0%| F|  |TS  0|AC  0|TAMS 0x0000000085800000, 0x0000000085800000|
|   7|0x0000000085900000, 0x0000000085900000, 0x0000000085a00000|  0%| F|  |TS  0|AC  0|TAMS 0x0000000085900000, 0x0000000085900000|
|   8|0x0000000085a00000, 0x0000000085a00000, 0x0000000085b00000|  0%| F|  |TS  0|AC  0|TAMS 0x0000000085a00000, 0x0000000085a00000|
|   9|0x0000000085b00000, 0x0000000085b00000, 0x0000000085c00000|  0%| F|  |TS  0|AC  0|TAMS 0x0000000085b00000, 0x0000000085b00000|
|  10|0x0000000085c00000, 0x0000000085c00000, 0x0000000085d00000|  0%| F|  |TS  0|AC  0|TAMS 0x0000000085c00000, 0x0000000085c00000|
|  11|0x0000000085d00000, 0x0000000085d00000, 0x0000000085e00000|  0%| F|  |TS  0|AC  0|TAMS 0x0000000085d00000, 0x0000000085d00000|
|  12|0x0000000085e00000, 0x0000000085e00000, 0x0000000085f00000|  0%| F|  |TS  0|AC  0|TAMS 0x0000000085e00000, 0x0000000085e00000|
|  13|0x0000000085f00000, 0x0000000085f00000, 0x0000000086000000|  0%| F|  |TS  0|AC  0|TAMS 0x0000000085f00000, 0x0000000085f00000|
|  14|0x0000000086000000, 0x0000000086000000, 0x0000000086100000|  0%| F|  |TS  0|AC  0|TAMS 0x0000000086000000, 0x0000000086000000|
|  15|0x0000000086100000, 0x0000000086100000, 0x0000000086200000|  0%| F|  |TS  0|AC  0|TAMS 0x0000000086100000, 0x0000000086100000|
|  16|0x0000000086200000, 0x0000000086200000, 0x0000000086300000|  0%| F|  |TS  0|AC  0|TAMS 0x0000000086200000, 0x0000000086200000|
|  17|0x0000000086300000, 0x0000000086300000, 0x0000000086400000|  0%| F|  |TS  0|AC  0|TAMS 0x0000000086300000, 0x0000000086300000|
|  18|0x0000000086400000, 0x0000000086400000, 0x0000000086500000|  0%| F|  |TS  0|AC  0|TAMS 0x0000000086400000, 0x0000000086400000|
|  19|0x0000000086500000, 0x0000000086500000, 0x0000000086600000|  0%| F|  |TS  0|AC  0|TAMS 0x0000000086500000, 0x0000000086500000|
|  20|0x0000000086600000, 0x0000000086600000, 0x0000000086700000|  0%| F|  |TS  0|AC  0|TAMS 0x0000000086600000, 0x0000000086600000|
|  21|0x0000000086700000, 0x0000000086700000, 0x0000000086800000|  0%| F|  |TS  0|AC  0|TAMS 0x0000000086700000, 0x0000000086700000|
|  22|0x0000000086800000, 0x0000000086800000, 0x0000000086900000|  0%| F|  |TS  0|AC  0|TAMS 0x0000000086800000, 0x0000000086800000|
|  23|0x0000000086900000, 0x0000000086900000, 0x0000000086a00000|  0%| F|  |TS  0|AC  0|TAMS 0x0000000086900000, 0x0000000086900000|
|  24|0x0000000086a00000, 0x0000000086a00000, 0x0000000086b00000|  0%| F|  |TS  0|AC  0|TAMS 0x0000000086a00000, 0x0000000086a00000|
|  25|0x0000000086b00000, 0x0000000086b00000, 0x0000000086c00000|  0%| F|  |TS  0|AC  0|TAMS 0x0000000086b00000, 0x0000000086b00000|
|  26|0x0000000086c00000, 0x0000000086c00000, 0x0000000086d00000|  0%| F|  |TS  0|AC  0|TAMS 0x0000000086c00000, 0x0000000086c00000|
|  27|0x0000000086d00000, 0x0000000086d00000, 0x0000000086e00000|  0%| F|  |TS  0|AC  0|TAMS 0x0000000086d00000, 0x0000000086d00000|
|  28|0x0000000086e00000, 0x0000000086e00000, 0x0000000086f00000|  0%| F|  |TS  0|AC  0|TAMS 0x0000000086e00000, 0x0000000086e00000|
|  29|0x0000000086f00000, 0x0000000086f00000, 0x0000000087000000|  0%| F|  |TS  0|AC  0|TAMS 0x0000000086f00000, 0x0000000086f00000|
|  30|0x0000000087000000, 0x0000000087000000, 0x0000000087100000|  0%| F|  |TS  0|AC  0|TAMS 0x0000000087000000, 0x0000000087000000|
|  31|0x0000000087100000, 0x0000000087100000, 0x0000000087200000|  0%| F|  |TS  0|AC  0|TAMS 0x0000000087100000, 0x0000000087100000|
|  32|0x0000000087200000, 0x0000000087200000, 0x0000000087300000|  0%| F|  |TS  0|AC  0|TAMS 0x0000000087200000, 0x0000000087200000|
|  33|0x0000000087300000, 0x0000000087300000, 0x0000000087400000|  0%| F|  |TS  0|AC  0|TAMS 0x0000000087300000, 0x0000000087300000|
|  34|0x0000000087400000, 0x0000000087400000, 0x0000000087500000|  0%| F|  |TS  0|AC  0|TAMS 0x0000000087400000, 0x0000000087400000|
|  35|0x0000000087500000, 0x0000000087500000, 0x0000000087600000|  0%| F|  |TS  0|AC  0|TAMS 0x0000000087500000, 0x0000000087500000|
|  36|0x0000000087600000, 0x0000000087600000, 0x0000000087700000|  0%| F|  |TS  0|AC  0|TAMS 0x0000000087600000, 0x0000000087600000|
|  37|0x0000000087700000, 0x0000000087700000, 0x0000000087800000|  0%| F|  |TS  0|AC  0|TAMS 0x0000000087700000, 0x0000000087700000|
|  38|0x0000000087800000, 0x0000000087800000, 0x0000000087900000|  0%| F|  |TS  0|AC  0|TAMS 0x0000000087800000, 0x0000000087800000|
|  39|0x0000000087900000, 0x0000000087900000, 0x0000000087a00000|  0%| F|  |TS  0|AC  0|TAMS 0x0000000087900000, 0x0000000087900000|
|  40|0x0000000087a00000, 0x0000000087a00000, 0x0000000087b00000|  0%| F|  |TS  0|AC  0|TAMS 0x0000000087a00000, 0x0000000087a00000|
|  41|0x0000000087b00000, 0x0000000087b00000, 0x0000000087c00000|  0%| F|  |TS  0|AC  0|TAMS 0x0000000087b00000, 0x0000000087b00000|
|  42|0x0000000087c00000, 0x0000000087c00000, 0x0000000087d00000|  0%| F|  |TS  0|AC  0|TAMS 0x0000000087c00000, 0x0000000087c00000|
|  43|0x0000000087d00000, 0x0000000087d00000, 0x0000000087e00000|  0%| F|  |TS  0|AC  0|TAMS 0x0000000087d00000, 0x0000000087d00000|
|  44|0x0000000087e00000, 0x0000000087e00000, 0x0000000087f00000|  0%| F|  |TS  0|AC  0|TAMS 0x0000000087e00000, 0x0000000087e00000|
|  45|0x0000000087f00000, 0x0000000087f00000, 0x0000000088000000|  0%| F|  |TS  0|AC  0|TAMS 0x0000000087f00000, 0x0000000087f00000|
|  46|0x0000000088000000, 0x0000000088000000, 0x0000000088100000|  0%| F|  |TS  0|AC  0|TAMS 0x0000000088000000, 0x0000000088000000|
|  47|0x0000000088100000, 0x0000000088100000, 0x0000000088200000|  0%| F|  |TS  0|AC  0|TAMS 0x0000000088100000, 0x0000000088100000|
|  48|0x0000000088200000, 0x0000000088200000, 0x0000000088300000|  0%| F|  |TS  0|AC  0|TAMS 0x0000000088200000, 0x0000000088200000|
|  49|0x0000000088300000, 0x0000000088300000, 0x0000000088400000|  0%| F|  |TS  0|AC  0|TAMS 0x0000000088300000, 0x0000000088300000|
|  50|0x0000000088400000, 0x0000000088400000, 0x0000000088500000|  0%| F|  |TS  0|AC  0|TAMS 0x0000000088400000, 0x0000000088400000|
|  51|0x0000000088500000, 0x0000000088500000, 0x0000000088600000|  0%| F|  |TS  0|AC  0|TAMS 0x0000000088500000, 0x0000000088500000|
|  52|0x0000000088600000, 0x0000000088600000, 0x0000000088700000|  0%| F|  |TS  0|AC  0|TAMS 0x0000000088600000, 0x0000000088600000|
|  53|0x0000000088700000, 0x0000000088700000, 0x0000000088800000|  0%| F|  |TS  0|AC  0|TAMS 0x0000000088700000, 0x0000000088700000|
|  54|0x0000000088800000, 0x0000000088800000, 0x0000000088900000|  0%| F|  |TS  0|AC  0|TAMS 0x0000000088800000, 0x0000000088800000|
|  55|0x0000000088900000, 0x0000000088900000, 0x0000000088a00000|  0%| F|  |TS  0|AC  0|TAMS 0x0000000088900000, 0x0000000088900000|
|  56|0x0000000088a00000, 0x0000000088a00000, 0x0000000088b00000|  0%| F|  |TS  0|AC  0|TAMS 0x0000000088a00000, 0x0000000088a00000|
|  57|0x0000000088b00000, 0x0000000088b00000, 0x0000000088c00000|  0%| F|  |TS  0|AC  0|TAMS 0x0000000088b00000, 0x0000000088b00000|
|  58|0x0000000088c00000, 0x0000000088c00000, 0x0000000088d00000|  0%| F|  |TS  0|AC  0|TAMS 0x0000000088c00000, 0x0000000088c00000|
|  59|0x0000000088d00000, 0x0000000088d00000, 0x0000000088e00000|  0%| F|  |TS  0|AC  0|TAMS 0x0000000088d00000, 0x0000000088d00000|
|  60|0x0000000088e00000, 0x0000000088e00000, 0x0000000088f00000|  0%| F|  |TS  0|AC  0|TAMS 0x0000000088e00000, 0x0000000088e00000|
|  61|0x0000000088f00000, 0x0000000088f00000, 0x0000000089000000|  0%| F|  |TS  0|AC  0|TAMS 0x0000000088f00000, 0x0000000088f00000|
|  62|0x0000000089000000, 0x0000000089000000, 0x0000000089100000|  0%| F|  |TS  0|AC  0|TAMS 0x0000000089000000, 0x0000000089000000|
|  63|0x0000000089100000, 0x0000000089100000, 0x0000000089200000|  0%| F|  |TS  0|AC  0|TAMS 0x0000000089100000, 0x0000000089100000|
|  64|0x0000000089200000, 0x0000000089200000, 0x0000000089300000|  0%| F|  |TS  0|AC  0|TAMS 0x0000000089200000, 0x0000000089200000|
|  65|0x0000000089300000, 0x0000000089300000, 0x0000000089400000|  0%| F|  |TS  0|AC  0|TAMS 0x0000000089300000, 0x0000000089300000|
|  66|0x0000000089400000, 0x0000000089400000, 0x0000000089500000|  0%| F|  |TS  0|AC  0|TAMS 0x0000000089400000, 0x0000000089400000|
|  67|0x0000000089500000, 0x0000000089500000, 0x0000000089600000|  0%| F|  |TS  0|AC  0|TAMS 0x0000000089500000, 0x0000000089500000|
|  68|0x0000000089600000, 0x0000000089600000, 0x0000000089700000|  0%| F|  |TS  0|AC  0|TAMS 0x0000000089600000, 0x0000000089600000|
|  69|0x0000000089700000, 0x0000000089700000, 0x0000000089800000|  0%| F|  |TS  0|AC  0|TAMS 0x0000000089700000, 0x0000000089700000|
|  70|0x0000000089800000, 0x0000000089800000, 0x0000000089900000|  0%| F|  |TS  0|AC  0|TAMS 0x0000000089800000, 0x0000000089800000|
|  71|0x0000000089900000, 0x0000000089900000, 0x0000000089a00000|  0%| F|  |TS  0|AC  0|TAMS 0x0000000089900000, 0x0000000089900000|
|  72|0x0000000089a00000, 0x0000000089a00000, 0x0000000089b00000|  0%| F|  |TS  0|AC  0|TAMS 0x0000000089a00000, 0x0000000089a00000|
|  73|0x0000000089b00000, 0x0000000089b00000, 0x0000000089c00000|  0%| F|  |TS  0|AC  0|TAMS 0x0000000089b00000, 0x0000000089b00000|
|  74|0x0000000089c00000, 0x0000000089c00000, 0x0000000089d00000|  0%| F|  |TS  0|AC  0|TAMS 0x0000000089c00000, 0x0000000089c00000|
|  75|0x0000000089d00000, 0x0000000089d00000, 0x0000000089e00000|  0%| F|  |TS  0|AC  0|TAMS 0x0000000089d00000, 0x0000000089d00000|
|  76|0x0000000089e00000, 0x0000000089e00000, 0x0000000089f00000|  0%| F|  |TS  0|AC  0|TAMS 0x0000000089e00000, 0x0000000089e00000|
|  77|0x0000000089f00000, 0x0000000089f00000, 0x000000008a000000|  0%| F|  |TS  0|AC  0|TAMS 0x0000000089f00000, 0x0000000089f00000|
|  78|0x000000008a000000, 0x000000008a000000, 0x000000008a100000|  0%| F|  |TS  0|AC  0|TAMS 0x000000008a000000, 0x000000008a000000|
|  79|0x000000008a100000, 0x000000008a100000, 0x000000008a200000|  0%| F|  |TS  0|AC  0|TAMS 0x000000008a100000, 0x000000008a100000|
|  80|0x000000008a200000, 0x000000008a200000, 0x000000008a300000|  0%| F|  |TS  0|AC  0|TAMS 0x000000008a200000, 0x000000008a200000|
|  81|0x000000008a300000, 0x000000008a300000, 0x000000008a400000|  0%| F|  |TS  0|AC  0|TAMS 0x000000008a300000, 0x000000008a300000|
|  82|0x000000008a400000, 0x000000008a400000, 0x000000008a500000|  0%| F|  |TS  0|AC  0|TAMS 0x000000008a400000, 0x000000008a400000|
|  83|0x000000008a500000, 0x000000008a500000, 0x000000008a600000|  0%| F|  |TS  0|AC  0|TAMS 0x000000008a500000, 0x000000008a500000|
|  84|0x000000008a600000, 0x000000008a600000, 0x000000008a700000|  0%| F|  |TS  0|AC  0|TAMS 0x000000008a600000, 0x000000008a600000|
|  85|0x000000008a700000, 0x000000008a700000, 0x000000008a800000|  0%| F|  |TS  0|AC  0|TAMS 0x000000008a700000, 0x000000008a700000|
|  86|0x000000008a800000, 0x000000008a800000, 0x000000008a900000|  0%| F|  |TS  0|AC  0|TAMS 0x000000008a800000, 0x000000008a800000|
|  87|0x000000008a900000, 0x000000008a900000, 0x000000008aa00000|  0%| F|  |TS  0|AC  0|TAMS 0x000000008a900000, 0x000000008a900000|
|  88|0x000000008aa00000, 0x000000008aa00000, 0x000000008ab00000|  0%| F|  |TS  0|AC  0|TAMS 0x000000008aa00000, 0x000000008aa00000|
|  89|0x000000008ab00000, 0x000000008ab00000, 0x000000008ac00000|  0%| F|  |TS  0|AC  0|TAMS 0x000000008ab00000, 0x000000008ab00000|
|  90|0x000000008ac00000, 0x000000008ac00000, 0x000000008ad00000|  0%| F|  |TS  0|AC  0|TAMS 0x000000008ac00000, 0x000000008ac00000|
|  91|0x000000008ad00000, 0x000000008ad00000, 0x000000008ae00000|  0%| F|  |TS  0|AC  0|TAMS 0x000000008ad00000, 0x000000008ad00000|
|  92|0x000000008ae00000, 0x000000008ae00000, 0x000000008af00000|  0%| F|  |TS  0|AC  0|TAMS 0x000000008ae00000, 0x000000008ae00000|
|  93|0x000000008af00000, 0x000000008af00000, 0x000000008b000000|  0%| F|  |TS  0|AC  0|TAMS 0x000000008af00000, 0x000000008af00000|
|  94|0x000000008b000000, 0x000000008b000000, 0x000000008b100000|  0%| F|  |TS  0|AC  0|TAMS 0x000000008b000000, 0x000000008b000000|
|  95|0x000000008b100000, 0x000000008b100000, 0x000000008b200000|  0%| F|  |TS  0|AC  0|TAMS 0x000000008b100000, 0x000000008b100000|
|  96|0x000000008b200000, 0x000000008b200000, 0x000000008b300000|  0%| F|  |TS  0|AC  0|TAMS 0x000000008b200000, 0x000000008b200000|
|  97|0x000000008b300000, 0x000000008b300000, 0x000000008b400000|  0%| F|  |TS  0|AC  0|TAMS 0x000000008b300000, 0x000000008b300000|
|  98|0x000000008b400000, 0x000000008b400000, 0x000000008b500000|  0%| F|  |TS  0|AC  0|TAMS 0x000000008b400000, 0x000000008b400000|
|  99|0x000000008b500000, 0x000000008b500000, 0x000000008b600000|  0%| F|  |TS  0|AC  0|TAMS 0x000000008b500000, 0x000000008b500000|
| 100|0x000000008b600000, 0x000000008b600000, 0x000000008b700000|  0%| F|  |TS  0|AC  0|TAMS 0x000000008b600000, 0x000000008b600000|
| 101|0x000000008b700000, 0x000000008b700000, 0x000000008b800000|  0%| F|  |TS  0|AC  0|TAMS 0x000000008b700000, 0x000000008b700000|
| 102|0x000000008b800000, 0x000000008b800000, 0x000000008b900000|  0%| F|  |TS  0|AC  0|TAMS 0x000000008b800000, 0x000000008b800000|
| 103|0x000000008b900000, 0x000000008b900000, 0x000000008ba00000|  0%| F|  |TS  0|AC  0|TAMS 0x000000008b900000, 0x000000008b900000|
| 104|0x000000008ba00000, 0x000000008ba00000, 0x000000008bb00000|  0%| F|  |TS  0|AC  0|TAMS 0x000000008ba00000, 0x000000008ba00000|
| 105|0x000000008bb00000, 0x000000008bb00000, 0x000000008bc00000|  0%| F|  |TS  0|AC  0|TAMS 0x000000008bb00000, 0x000000008bb00000|
| 106|0x000000008bc00000, 0x000000008bc00000, 0x000000008bd00000|  0%| F|  |TS  0|AC  0|TAMS 0x000000008bc00000, 0x000000008bc00000|
| 107|0x000000008bd00000, 0x000000008bd00000, 0x000000008be00000|  0%| F|  |TS  0|AC  0|TAMS 0x000000008bd00000, 0x000000008bd00000|
| 108|0x000000008be00000, 0x000000008be00000, 0x000000008bf00000|  0%| F|  |TS  0|AC  0|TAMS 0x000000008be00000, 0x000000008be00000|
| 109|0x000000008bf00000, 0x000000008bf00000, 0x000000008c000000|  0%| F|  |TS  0|AC  0|TAMS 0x000000008bf00000, 0x000000008bf00000|
| 110|0x000000008c000000, 0x000000008c000000, 0x000000008c100000|  0%| F|  |TS  0|AC  0|TAMS 0x000000008c000000, 0x000000008c000000|
| 111|0x000000008c100000, 0x000000008c100000, 0x000000008c200000|  0%| F|  |TS  0|AC  0|TAMS 0x000000008c100000, 0x000000008c100000|
| 112|0x000000008c200000, 0x000000008c200000, 0x000000008c300000|  0%| F|  |TS  0|AC  0|TAMS 0x000000008c200000, 0x000000008c200000|
| 113|0x000000008c300000, 0x000000008c300000, 0x000000008c400000|  0%| F|  |TS  0|AC  0|TAMS 0x000000008c300000, 0x000000008c300000|
| 114|0x000000008c400000, 0x000000008c400000, 0x000000008c500000|  0%| F|  |TS  0|AC  0|TAMS 0x000000008c400000, 0x000000008c400000|
| 115|0x000000008c500000, 0x000000008c500000, 0x000000008c600000|  0%| F|  |TS  0|AC  0|TAMS 0x000000008c500000, 0x000000008c500000|
| 116|0x000000008c600000, 0x000000008c600000, 0x000000008c700000|  0%| F|  |TS  0|AC  0|TAMS 0x000000008c600000, 0x000000008c600000|
| 117|0x000000008c700000, 0x000000008c700000, 0x000000008c800000|  0%| F|  |TS  0|AC  0|TAMS 0x000000008c700000, 0x000000008c700000|
| 118|0x000000008c800000, 0x000000008c800000, 0x000000008c900000|  0%| F|  |TS  0|AC  0|TAMS 0x000000008c800000, 0x000000008c800000|
| 119|0x000000008c900000, 0x000000008c900000, 0x000000008ca00000|  0%| F|  |TS  0|AC  0|TAMS 0x000000008c900000, 0x000000008c900000|
| 120|0x000000008ca00000, 0x000000008ca00000, 0x000000008cb00000|  0%| F|  |TS  0|AC  0|TAMS 0x000000008ca00000, 0x000000008ca00000|
| 121|0x000000008cb00000, 0x000000008cb00000, 0x000000008cc00000|  0%| F|  |TS  0|AC  0|TAMS 0x000000008cb00000, 0x000000008cb00000|
| 122|0x000000008cc00000, 0x000000008cc7b660, 0x000000008cd00000| 48%| E|  |TS  0|AC  0|TAMS 0x000000008cc00000, 0x000000008cc00000|
| 123|0x000000008cd00000, 0x000000008ce00000, 0x000000008ce00000|100%| E|CS|TS  0|AC  0|TAMS 0x000000008cd00000, 0x000000008cd00000|

Card table byte_map: [0x00007ff9341c0000,0x00007ff934597000] byte_map_base: 0x00007ff933d97000

Marking Bits (Prev, Next): (CMBitMap*) 0x00007ff93005d030, (CMBitMap*) 0x00007ff93005d068
 Prev Bits: [0x00007ff915896000, 0x00007ff91774e000)
 Next Bits: [0x00007ff8f6148000, 0x00007ff8f8000000)

Polling page: 0x00007ff939876000

CodeHeap 'non-profiled nmethods': size=120032Kb used=23Kb max_used=23Kb free=120008Kb
 bounds [0x00007ff91f5ed000, 0x00007ff91f85d000, 0x00007ff926b25000]
CodeHeap 'profiled nmethods': size=120028Kb used=121Kb max_used=121Kb free=119907Kb
 bounds [0x00007ff9180b6000, 0x00007ff918326000, 0x00007ff91f5ed000]
CodeHeap 'non-nmethods': size=5700Kb used=1020Kb max_used=1032Kb free=4679Kb
 bounds [0x00007ff917b25000, 0x00007ff917d95000, 0x00007ff9180b6000]
 total_blobs=458 nmethods=93 adapters=222
 compilation: enabled

Compilation events (10 events):
Event: 0.560 Thread 0x00007ff93015e800 nmethod 91 0x00007ff9180d3410 code [0x00007ff9180d35c0, 0x00007ff9180d3750]
Event: 0.560 Thread 0x00007ff93015e800   92       3       java.lang.String::indexOf (29 bytes)
Event: 0.560 Thread 0x00007ff93015e800 nmethod 92 0x00007ff9180d3810 code [0x00007ff9180d39e0, 0x00007ff9180d3cb8]
Event: 0.560 Thread 0x00007ff93015e800   93       1       java.lang.Object::<init> (1 bytes)
Event: 0.560 Thread 0x00007ff93015e800 nmethod 93 0x00007ff91f5f1f10 code [0x00007ff91f5f20c0, 0x00007ff91f5f21d0]
Event: 0.574 Thread 0x00007ff93015e800   94       3       java.lang.String::indexOf (7 bytes)
Event: 0.574 Thread 0x00007ff93015e800 nmethod 94 0x00007ff9180d3d90 code [0x00007ff9180d3f80, 0x00007ff9180d42d8]
Event: 0.583 Thread 0x00007ff93015a800 nmethod 65 0x00007ff91f5f2290 code [0x00007ff91f5f2420, 0x00007ff91f5f24f8]
Event: 0.584 Thread 0x00007ff930158800 nmethod 20 0x00007ff91f5f2610 code [0x00007ff91f5f27a0, 0x00007ff91f5f28d8]
Event: 0.584 Thread 0x00007ff93015c800 nmethod 70 0x00007ff91f5f2a10 code [0x00007ff91f5f2ba0, 0x00007ff91f5f2d38]

GC Heap History (0 events):
No events

Deoptimization events (0 events):
No events

Classes redefined (0 events):
No events

Internal exceptions (0 events):
No events

Events (10 events):
Event: 0.559 loading class java/lang/Package$VersionInfo
Event: 0.559 loading class java/lang/Package$VersionInfo done
Event: 0.559 loading class sun/security/util/ManifestEntryVerifier
Event: 0.559 loading class sun/security/util/ManifestEntryVerifier done
Event: 0.560 loading class com/cyberbotics/webots/controller/wrapperJNI
Event: 0.560 loading class com/cyberbotics/webots/controller/wrapperJNI done
Event: 0.561 loading class java/lang/UnsatisfiedLinkError
Event: 0.574 loading class java/lang/UnsatisfiedLinkError done
Event: 0.574 loading class java/lang/ClassLoaderHelper
Event: 0.597 loading class java/lang/ClassLoaderHelper done


Dynamic libraries:
85200000-8ce00000 rw-p 00000000 00:00 0 
8ce00000-100000000 ---p 00000000 00:00 0 
100000000-100080000 rw-p 00000000 00:00 0 
100080000-140000000 ---p 00000000 00:00 0 
55c989275000-55c989276000 r-xp 00000000 08:01 23598097                   /usr/lib/jvm/java-11-openjdk-amd64/bin/java
55c989476000-55c989477000 r--p 00001000 08:01 23598097                   /usr/lib/jvm/java-11-openjdk-amd64/bin/java
55c989477000-55c989478000 rw-p 00002000 08:01 23598097                   /usr/lib/jvm/java-11-openjdk-amd64/bin/java
55c98ab64000-55c98ab85000 rw-p 00000000 00:00 0                          [heap]
7ff888000000-7ff888021000 rw-p 00000000 00:00 0 
7ff888021000-7ff88c000000 ---p 00000000 00:00 0 
7ff890000000-7ff890021000 rw-p 00000000 00:00 0 
7ff890021000-7ff894000000 ---p 00000000 00:00 0 
7ff894000000-7ff894021000 rw-p 00000000 00:00 0 
7ff894021000-7ff898000000 ---p 00000000 00:00 0 
7ff898000000-7ff8980a7000 rw-p 00000000 00:00 0 
7ff8980a7000-7ff89c000000 ---p 00000000 00:00 0 
7ff89c000000-7ff89c021000 rw-p 00000000 00:00 0 
7ff89c021000-7ff8a0000000 ---p 00000000 00:00 0 
7ff8a0000000-7ff8a0022000 rw-p 00000000 00:00 0 
7ff8a0022000-7ff8a4000000 ---p 00000000 00:00 0 
7ff8a4000000-7ff8a4021000 rw-p 00000000 00:00 0 
7ff8a4021000-7ff8a8000000 ---p 00000000 00:00 0 
7ff8a8000000-7ff8a8021000 rw-p 00000000 00:00 0 
7ff8a8021000-7ff8ac000000 ---p 00000000 00:00 0 
7ff8ac000000-7ff8ac050000 rw-p 00000000 00:00 0 
7ff8ac050000-7ff8b0000000 ---p 00000000 00:00 0 
7ff8b0000000-7ff8b0021000 rw-p 00000000 00:00 0 
7ff8b0021000-7ff8b4000000 ---p 00000000 00:00 0 
7ff8b4000000-7ff8b4021000 rw-p 00000000 00:00 0 
7ff8b4021000-7ff8b8000000 ---p 00000000 00:00 0 
7ff8b8000000-7ff8b8021000 rw-p 00000000 00:00 0 
7ff8b8021000-7ff8bc000000 ---p 00000000 00:00 0 
7ff8bc000000-7ff8bc021000 rw-p 00000000 00:00 0 
7ff8bc021000-7ff8c0000000 ---p 00000000 00:00 0 
7ff8c17af000-7ff8c17ba000 r-xp 00000000 08:01 27920412                   /home/pc/Downloads/webots/lib/libjbig.so.0
7ff8c17ba000-7ff8c19b9000 ---p 0000b000 08:01 27920412                   /home/pc/Downloads/webots/lib/libjbig.so.0
7ff8c19b9000-7ff8c19ba000 r--p 0000a000 08:01 27920412                   /home/pc/Downloads/webots/lib/libjbig.so.0
7ff8c19ba000-7ff8c19bd000 rw-p 0000b000 08:01 27920412                   /home/pc/Downloads/webots/lib/libjbig.so.0
7ff8c19bd000-7ff8c19e1000 r-xp 00000000 08:01 14684814                   /lib/x86_64-linux-gnu/liblzma.so.5.2.2
7ff8c19e1000-7ff8c1be1000 ---p 00024000 08:01 14684814                   /lib/x86_64-linux-gnu/liblzma.so.5.2.2
7ff8c1be1000-7ff8c1be2000 r--p 00024000 08:01 14684814                   /lib/x86_64-linux-gnu/liblzma.so.5.2.2
7ff8c1be2000-7ff8c1be3000 rw-p 00025000 08:01 14684814                   /lib/x86_64-linux-gnu/liblzma.so.5.2.2
7ff8c1be3000-7ff8c1c07000 r-xp 00000000 08:01 27920444                   /home/pc/Downloads/webots/lib/libpng12.so.0
7ff8c1c07000-7ff8c1e06000 ---p 00024000 08:01 27920444                   /home/pc/Downloads/webots/lib/libpng12.so.0
7ff8c1e06000-7ff8c1e07000 r--p 00023000 08:01 27920444                   /home/pc/Downloads/webots/lib/libpng12.so.0
7ff8c1e07000-7ff8c1e08000 rw-p 00024000 08:01 27920444                   /home/pc/Downloads/webots/lib/libpng12.so.0
7ff8c1e08000-7ff8c1e5f000 r-xp 00000000 08:01 27920405                   /home/pc/Downloads/webots/lib/libjpeg.so.8
7ff8c1e5f000-7ff8c205f000 ---p 00057000 08:01 27920405                   /home/pc/Downloads/webots/lib/libjpeg.so.8
7ff8c205f000-7ff8c2060000 r--p 00057000 08:01 27920405                   /home/pc/Downloads/webots/lib/libjpeg.so.8
7ff8c2060000-7ff8c2061000 rw-p 00058000 08:01 27920405                   /home/pc/Downloads/webots/lib/libjpeg.so.8
7ff8c2061000-7ff8c20d2000 r-xp 00000000 08:01 27920407                   /home/pc/Downloads/webots/lib/libtiff.so.5
7ff8c20d2000-7ff8c22d2000 ---p 00071000 08:01 27920407                   /home/pc/Downloads/webots/lib/libtiff.so.5
7ff8c22d2000-7ff8c22d3000 r--p 00071000 08:01 27920407                   /home/pc/Downloads/webots/lib/libtiff.so.5
7ff8c22d3000-7ff8c22d6000 rw-p 00072000 08:01 27920407                   /home/pc/Downloads/webots/lib/libtiff.so.5
7ff8c22d6000-7ff8c2322000 r-xp 00000000 08:01 27920416                   /home/pc/Downloads/webots/lib/libController.so
7ff8c2322000-7ff8c2521000 ---p 0004c000 08:01 27920416                   /home/pc/Downloads/webots/lib/libController.so
7ff8c2521000-7ff8c2522000 r--p 0004b000 08:01 27920416                   /home/pc/Downloads/webots/lib/libController.so
7ff8c2522000-7ff8c2523000 rw-p 0004c000 08:01 27920416                   /home/pc/Downloads/webots/lib/libController.so
7ff8c2523000-7ff8c2524000 rw-p 00000000 00:00 0 
7ff8c2524000-7ff8c255e000 r-xp 00000000 08:01 27920467                   /home/pc/Downloads/webots/lib/libCppController.so
7ff8c255e000-7ff8c275d000 ---p 0003a000 08:01 27920467                   /home/pc/Downloads/webots/lib/libCppController.so
7ff8c275d000-7ff8c275f000 r--p 00039000 08:01 27920467                   /home/pc/Downloads/webots/lib/libCppController.so
7ff8c275f000-7ff8c2761000 rw-p 0003b000 08:01 27920467                   /home/pc/Downloads/webots/lib/libCppController.so
7ff8c2761000-7ff8c279d000 r-xp 00000000 08:01 27920367                   /home/pc/Downloads/webots/lib/java/libJavaController.so
7ff8c279d000-7ff8c299c000 ---p 0003c000 08:01 27920367                   /home/pc/Downloads/webots/lib/java/libJavaController.so
7ff8c299c000-7ff8c299d000 r--p 0003b000 08:01 27920367                   /home/pc/Downloads/webots/lib/java/libJavaController.so
7ff8c299d000-7ff8c299e000 rw-p 0003c000 08:01 27920367                   /home/pc/Downloads/webots/lib/java/libJavaController.so
7ff8c299e000-7ff8c29b5000 r-xp 00000000 08:01 23598500                   /usr/lib/jvm/java-11-openjdk-amd64/lib/libnet.so
7ff8c29b5000-7ff8c2bb4000 ---p 00017000 08:01 23598500                   /usr/lib/jvm/java-11-openjdk-amd64/lib/libnet.so
7ff8c2bb4000-7ff8c2bb5000 r--p 00016000 08:01 23598500                   /usr/lib/jvm/java-11-openjdk-amd64/lib/libnet.so
7ff8c2bb5000-7ff8c2bb6000 rw-p 00017000 08:01 23598500                   /usr/lib/jvm/java-11-openjdk-amd64/lib/libnet.so
7ff8c2bb6000-7ff8c2bc7000 r-xp 00000000 08:01 23598501                   /usr/lib/jvm/java-11-openjdk-amd64/lib/libnio.so
7ff8c2bc7000-7ff8c2dc6000 ---p 00011000 08:01 23598501                   /usr/lib/jvm/java-11-openjdk-amd64/lib/libnio.so
7ff8c2dc6000-7ff8c2dc7000 r--p 00010000 08:01 23598501                   /usr/lib/jvm/java-11-openjdk-amd64/lib/libnio.so
7ff8c2dc7000-7ff8c2dc8000 rw-p 00011000 08:01 23598501                   /usr/lib/jvm/java-11-openjdk-amd64/lib/libnio.so
7ff8c2dc8000-7ff8c2dcc000 ---p 00000000 00:00 0 
7ff8c2dcc000-7ff8c2ec9000 rw-p 00000000 00:00 0 
7ff8c2ec9000-7ff8c2eca000 ---p 00000000 00:00 0 
7ff8c2eca000-7ff8c2fcb000 rw-p 00000000 00:00 0 
7ff8c2fcb000-7ff8c2fcf000 ---p 00000000 00:00 0 
7ff8c2fcf000-7ff8c30cc000 rw-p 00000000 00:00 0 
7ff8c30cc000-7ff8c30d0000 ---p 00000000 00:00 0 
7ff8c30d0000-7ff8c31cd000 rw-p 00000000 00:00 0 
7ff8c31cd000-7ff8c31d1000 ---p 00000000 00:00 0 
7ff8c31d1000-7ff8c32ce000 rw-p 00000000 00:00 0 
7ff8c32ce000-7ff8c32d2000 ---p 00000000 00:00 0 
7ff8c32d2000-7ff8c33cf000 rw-p 00000000 00:00 0 
7ff8c33cf000-7ff8c33d3000 ---p 00000000 00:00 0 
7ff8c33d3000-7ff8c34d0000 rw-p 00000000 00:00 0 
7ff8c34d0000-7ff8c3800000 r--p 00000000 08:01 23598983                   /usr/lib/locale/locale-archive
7ff8c3800000-7ff8c3c80000 rw-p 00000000 00:00 0 
7ff8c3c80000-7ff8c4000000 ---p 00000000 00:00 0 
7ff8c4000000-7ff8c4021000 rw-p 00000000 00:00 0 
7ff8c4021000-7ff8c8000000 ---p 00000000 00:00 0 
7ff8c8000000-7ff8c8021000 rw-p 00000000 00:00 0 
7ff8c8021000-7ff8cc000000 ---p 00000000 00:00 0 
7ff8cc000000-7ff8cc021000 rw-p 00000000 00:00 0 
7ff8cc021000-7ff8d0000000 ---p 00000000 00:00 0 
7ff8d0000000-7ff8d0021000 rw-p 00000000 00:00 0 
7ff8d0021000-7ff8d4000000 ---p 00000000 00:00 0 
7ff8d4000000-7ff8d4021000 rw-p 00000000 00:00 0 
7ff8d4021000-7ff8d8000000 ---p 00000000 00:00 0 
7ff8d8000000-7ff8d8021000 rw-p 00000000 00:00 0 
7ff8d8021000-7ff8dc000000 ---p 00000000 00:00 0 
7ff8dc000000-7ff8dc021000 rw-p 00000000 00:00 0 
7ff8dc021000-7ff8e0000000 ---p 00000000 00:00 0 
7ff8e0000000-7ff8e0021000 rw-p 00000000 00:00 0 
7ff8e0021000-7ff8e4000000 ---p 00000000 00:00 0 
7ff8e4000000-7ff8e4021000 rw-p 00000000 00:00 0 
7ff8e4021000-7ff8e8000000 ---p 00000000 00:00 0 
7ff8e8000000-7ff8e8021000 rw-p 00000000 00:00 0 
7ff8e8021000-7ff8ec000000 ---p 00000000 00:00 0 
7ff8ec000000-7ff8ec021000 rw-p 00000000 00:00 0 
7ff8ec021000-7ff8f0000000 ---p 00000000 00:00 0 
7ff8f0000000-7ff8f0021000 rw-p 00000000 00:00 0 
7ff8f0021000-7ff8f4000000 ---p 00000000 00:00 0 
7ff8f4047000-7ff8f404b000 ---p 00000000 00:00 0 
7ff8f404b000-7ff8f6338000 rw-p 00000000 00:00 0 
7ff8f6338000-7ff8f8000000 ---p 00000000 00:00 0 
7ff8f8000000-7ff8f8021000 rw-p 00000000 00:00 0 
7ff8f8021000-7ff8fc000000 ---p 00000000 00:00 0 
7ff8fc000000-7ff8fc021000 rw-p 00000000 00:00 0 
7ff8fc021000-7ff900000000 ---p 00000000 00:00 0 
7ff900000000-7ff900021000 rw-p 00000000 00:00 0 
7ff900021000-7ff904000000 ---p 00000000 00:00 0 
7ff904000000-7ff904021000 rw-p 00000000 00:00 0 
7ff904021000-7ff908000000 ---p 00000000 00:00 0 
7ff908000000-7ff908021000 rw-p 00000000 00:00 0 
7ff908021000-7ff90c000000 ---p 00000000 00:00 0 
7ff90c000000-7ff90c021000 rw-p 00000000 00:00 0 
7ff90c021000-7ff910000000 ---p 00000000 00:00 0 
7ff910000000-7ff910021000 rw-p 00000000 00:00 0 
7ff910021000-7ff914000000 ---p 00000000 00:00 0 
7ff9140fd000-7ff914101000 ---p 00000000 00:00 0 
7ff914101000-7ff9141fe000 rw-p 00000000 00:00 0 
7ff9141fe000-7ff914202000 ---p 00000000 00:00 0 
7ff914202000-7ff9142ff000 rw-p 00000000 00:00 0 
7ff9142ff000-7ff914303000 ---p 00000000 00:00 0 
7ff914303000-7ff914400000 rw-p 00000000 00:00 0 
7ff914400000-7ff914401000 ---p 00000000 00:00 0 
7ff914401000-7ff914578000 rw-p 00000000 00:00 0 
7ff914578000-7ff914579000 ---p 00000000 00:00 0 
7ff914579000-7ff91467a000 rw-p 00000000 00:00 0 
7ff91467a000-7ff91467b000 ---p 00000000 00:00 0 
7ff91467b000-7ff91477c000 rw-p 00000000 00:00 0 
7ff91477c000-7ff91477d000 ---p 00000000 00:00 0 
7ff91477d000-7ff91487e000 rw-p 00000000 00:00 0 
7ff91487e000-7ff91487f000 ---p 00000000 00:00 0 
7ff91487f000-7ff914980000 rw-p 00000000 00:00 0 
7ff914980000-7ff914981000 ---p 00000000 00:00 0 
7ff914981000-7ff914a82000 rw-p 00000000 00:00 0 
7ff914a82000-7ff914a83000 ---p 00000000 00:00 0 
7ff914a83000-7ff914b84000 rw-p 00000000 00:00 0 
7ff914b84000-7ff914b85000 ---p 00000000 00:00 0 
7ff914b85000-7ff914c86000 rw-p 00000000 00:00 0 
7ff914c86000-7ff914c87000 ---p 00000000 00:00 0 
7ff914c87000-7ff914d88000 rw-p 00000000 00:00 0 
7ff914d88000-7ff914d89000 ---p 00000000 00:00 0 
7ff914d89000-7ff915692000 rw-p 00000000 00:00 0 
7ff915692000-7ff915693000 ---p 00000000 00:00 0 
7ff915693000-7ff915794000 rw-p 00000000 00:00 0 
7ff915794000-7ff915795000 ---p 00000000 00:00 0 
7ff915795000-7ff915a86000 rw-p 00000000 00:00 0 
7ff915a86000-7ff91774e000 ---p 00000000 00:00 0 
7ff91774e000-7ff91778c000 rw-p 00000000 00:00 0 
7ff91778c000-7ff917b25000 ---p 00000000 00:00 0 
7ff917b25000-7ff917d95000 rwxp 00000000 00:00 0 
7ff917d95000-7ff9180b6000 ---p 00000000 00:00 0 
7ff9180b6000-7ff918326000 rwxp 00000000 00:00 0 
7ff918326000-7ff91f5ed000 ---p 00000000 00:00 0 
7ff91f5ed000-7ff91f85d000 rwxp 00000000 00:00 0 
7ff91f85d000-7ff926b25000 ---p 00000000 00:00 0 
7ff926b25000-7ff930000000 r--s 00000000 08:01 23598511                   /usr/lib/jvm/java-11-openjdk-amd64/lib/modules
7ff930000000-7ff930278000 rw-p 00000000 00:00 0 
7ff930278000-7ff934000000 ---p 00000000 00:00 0 
7ff93400a000-7ff9340be000 rw-p 00000000 00:00 0 
7ff9340be000-7ff9340bf000 ---p 00000000 00:00 0 
7ff9340bf000-7ff9341fe000 rw-p 00000000 00:00 0 
7ff9341fe000-7ff934597000 ---p 00000000 00:00 0 
7ff934597000-7ff9345d5000 rw-p 00000000 00:00 0 
7ff9345d5000-7ff93496e000 ---p 00000000 00:00 0 
7ff93496e000-7ff935176000 rw-p 00000000 00:00 0 
7ff935176000-7ff935177000 ---p 00000000 00:00 0 
7ff935177000-7ff935278000 rw-p 00000000 00:00 0 
7ff935278000-7ff935279000 ---p 00000000 00:00 0 
7ff935279000-7ff93537a000 rw-p 00000000 00:00 0 
7ff93537a000-7ff93537b000 ---p 00000000 00:00 0 
7ff93537b000-7ff93547c000 rw-p 00000000 00:00 0 
7ff93547c000-7ff93547d000 ---p 00000000 00:00 0 
7ff93547d000-7ff93557e000 rw-p 00000000 00:00 0 
7ff93557e000-7ff93557f000 ---p 00000000 00:00 0 
7ff93557f000-7ff935680000 rw-p 00000000 00:00 0 
7ff935680000-7ff935681000 ---p 00000000 00:00 0 
7ff935681000-7ff935782000 rw-p 00000000 00:00 0 
7ff935782000-7ff935783000 ---p 00000000 00:00 0 
7ff935783000-7ff935884000 rw-p 00000000 00:00 0 
7ff935884000-7ff935885000 ---p 00000000 00:00 0 
7ff935885000-7ff93598b000 rw-p 00000000 00:00 0 
7ff93598b000-7ff935a71000 ---p 00000000 00:00 0 
7ff935a71000-7ff935a76000 rw-p 00000000 00:00 0 
7ff935a76000-7ff935b5c000 ---p 00000000 00:00 0 
7ff935b5c000-7ff935b61000 r-xp 00000000 08:01 23598491                   /usr/lib/jvm/java-11-openjdk-amd64/lib/libjimage.so
7ff935b61000-7ff935d60000 ---p 00005000 08:01 23598491                   /usr/lib/jvm/java-11-openjdk-amd64/lib/libjimage.so
7ff935d60000-7ff935d61000 r--p 00004000 08:01 23598491                   /usr/lib/jvm/java-11-openjdk-amd64/lib/libjimage.so
7ff935d61000-7ff935d62000 rw-p 00005000 08:01 23598491                   /usr/lib/jvm/java-11-openjdk-amd64/lib/libjimage.so
7ff935d62000-7ff935d69000 r-xp 00000000 08:01 23598510                   /usr/lib/jvm/java-11-openjdk-amd64/lib/libzip.so
7ff935d69000-7ff935f68000 ---p 00007000 08:01 23598510                   /usr/lib/jvm/java-11-openjdk-amd64/lib/libzip.so
7ff935f68000-7ff935f69000 r--p 00006000 08:01 23598510                   /usr/lib/jvm/java-11-openjdk-amd64/lib/libzip.so
7ff935f69000-7ff935f6a000 rw-p 00007000 08:01 23598510                   /usr/lib/jvm/java-11-openjdk-amd64/lib/libzip.so
7ff935f6a000-7ff935f75000 r-xp 00000000 08:01 14684844                   /lib/x86_64-linux-gnu/libnss_files-2.27.so
7ff935f75000-7ff936174000 ---p 0000b000 08:01 14684844                   /lib/x86_64-linux-gnu/libnss_files-2.27.so
7ff936174000-7ff936175000 r--p 0000a000 08:01 14684844                   /lib/x86_64-linux-gnu/libnss_files-2.27.so
7ff936175000-7ff936176000 rw-p 0000b000 08:01 14684844                   /lib/x86_64-linux-gnu/libnss_files-2.27.so
7ff936176000-7ff93617c000 rw-p 00000000 00:00 0 
7ff93617c000-7ff936193000 r-xp 00000000 08:01 14684838                   /lib/x86_64-linux-gnu/libnsl-2.27.so
7ff936193000-7ff936392000 ---p 00017000 08:01 14684838                   /lib/x86_64-linux-gnu/libnsl-2.27.so
7ff936392000-7ff936393000 r--p 00016000 08:01 14684838                   /lib/x86_64-linux-gnu/libnsl-2.27.so
7ff936393000-7ff936394000 rw-p 00017000 08:01 14684838                   /lib/x86_64-linux-gnu/libnsl-2.27.so
7ff936394000-7ff936396000 rw-p 00000000 00:00 0 
7ff936396000-7ff9363a1000 r-xp 00000000 08:01 14684855                   /lib/x86_64-linux-gnu/libnss_nis-2.27.so
7ff9363a1000-7ff9365a0000 ---p 0000b000 08:01 14684855                   /lib/x86_64-linux-gnu/libnss_nis-2.27.so
7ff9365a0000-7ff9365a1000 r--p 0000a000 08:01 14684855                   /lib/x86_64-linux-gnu/libnss_nis-2.27.so
7ff9365a1000-7ff9365a2000 rw-p 0000b000 08:01 14684855                   /lib/x86_64-linux-gnu/libnss_nis-2.27.so
7ff9365a2000-7ff9365aa000 r-xp 00000000 08:01 14684840                   /lib/x86_64-linux-gnu/libnss_compat-2.27.so
7ff9365aa000-7ff9367aa000 ---p 00008000 08:01 14684840                   /lib/x86_64-linux-gnu/libnss_compat-2.27.so
7ff9367aa000-7ff9367ab000 r--p 00008000 08:01 14684840                   /lib/x86_64-linux-gnu/libnss_compat-2.27.so
7ff9367ab000-7ff9367ac000 rw-p 00009000 08:01 14684840                   /lib/x86_64-linux-gnu/libnss_compat-2.27.so
7ff9367ac000-7ff9367d8000 r-xp 00000000 08:01 23598487                   /usr/lib/jvm/java-11-openjdk-amd64/lib/libjava.so
7ff9367d8000-7ff9369d7000 ---p 0002c000 08:01 23598487                   /usr/lib/jvm/java-11-openjdk-amd64/lib/libjava.so
7ff9369d7000-7ff9369d8000 r--p 0002b000 08:01 23598487                   /usr/lib/jvm/java-11-openjdk-amd64/lib/libjava.so
7ff9369d8000-7ff9369da000 rw-p 0002c000 08:01 23598487                   /usr/lib/jvm/java-11-openjdk-amd64/lib/libjava.so
7ff9369da000-7ff9369e7000 r-xp 00000000 08:01 23598509                   /usr/lib/jvm/java-11-openjdk-amd64/lib/libverify.so
7ff9369e7000-7ff936be6000 ---p 0000d000 08:01 23598509                   /usr/lib/jvm/java-11-openjdk-amd64/lib/libverify.so
7ff936be6000-7ff936be8000 r--p 0000c000 08:01 23598509                   /usr/lib/jvm/java-11-openjdk-amd64/lib/libverify.so
7ff936be8000-7ff936be9000 rw-p 0000e000 08:01 23598509                   /usr/lib/jvm/java-11-openjdk-amd64/lib/libverify.so
7ff936be9000-7ff936bf0000 r-xp 00000000 08:01 14684895                   /lib/x86_64-linux-gnu/librt-2.27.so
7ff936bf0000-7ff936def000 ---p 00007000 08:01 14684895                   /lib/x86_64-linux-gnu/librt-2.27.so
7ff936def000-7ff936df0000 r--p 00006000 08:01 14684895                   /lib/x86_64-linux-gnu/librt-2.27.so
7ff936df0000-7ff936df1000 rw-p 00007000 08:01 14684895                   /lib/x86_64-linux-gnu/librt-2.27.so
7ff936df1000-7ff936e08000 r-xp 00000000 08:01 14684791                   /lib/x86_64-linux-gnu/libgcc_s.so.1
7ff936e08000-7ff937007000 ---p 00017000 08:01 14684791                   /lib/x86_64-linux-gnu/libgcc_s.so.1
7ff937007000-7ff937008000 r--p 00016000 08:01 14684791                   /lib/x86_64-linux-gnu/libgcc_s.so.1
7ff937008000-7ff937009000 rw-p 00017000 08:01 14684791                   /lib/x86_64-linux-gnu/libgcc_s.so.1
7ff937009000-7ff9371a6000 r-xp 00000000 08:01 14684817                   /lib/x86_64-linux-gnu/libm-2.27.so
7ff9371a6000-7ff9373a5000 ---p 0019d000 08:01 14684817                   /lib/x86_64-linux-gnu/libm-2.27.so
7ff9373a5000-7ff9373a6000 r--p 0019c000 08:01 14684817                   /lib/x86_64-linux-gnu/libm-2.27.so
7ff9373a6000-7ff9373a7000 rw-p 0019d000 08:01 14684817                   /lib/x86_64-linux-gnu/libm-2.27.so
7ff9373a7000-7ff937520000 r-xp 00000000 08:01 23601225                   /usr/lib/x86_64-linux-gnu/libstdc++.so.6.0.25
7ff937520000-7ff937720000 ---p 00179000 08:01 23601225                   /usr/lib/x86_64-linux-gnu/libstdc++.so.6.0.25
7ff937720000-7ff93772a000 r--p 00179000 08:01 23601225                   /usr/lib/x86_64-linux-gnu/libstdc++.so.6.0.25
7ff93772a000-7ff93772c000 rw-p 00183000 08:01 23601225                   /usr/lib/x86_64-linux-gnu/libstdc++.so.6.0.25
7ff93772c000-7ff937730000 rw-p 00000000 00:00 0 
7ff937730000-7ff9386cd000 r-xp 00000000 08:01 23598523                   /usr/lib/jvm/java-11-openjdk-amd64/lib/server/libjvm.so
7ff9386cd000-7ff9388cd000 ---p 00f9d000 08:01 23598523                   /usr/lib/jvm/java-11-openjdk-amd64/lib/server/libjvm.so
7ff9388cd000-7ff938991000 r--p 00f9d000 08:01 23598523                   /usr/lib/jvm/java-11-openjdk-amd64/lib/server/libjvm.so
7ff938991000-7ff9389c9000 rw-p 01061000 08:01 23598523                   /usr/lib/jvm/java-11-openjdk-amd64/lib/server/libjvm.so
7ff9389c9000-7ff938a12000 rw-p 00000000 00:00 0 
7ff938a12000-7ff938a2c000 r-xp 00000000 08:01 14684887                   /lib/x86_64-linux-gnu/libpthread-2.27.so
7ff938a2c000-7ff938c2b000 ---p 0001a000 08:01 14684887                   /lib/x86_64-linux-gnu/libpthread-2.27.so
7ff938c2b000-7ff938c2c000 r--p 00019000 08:01 14684887                   /lib/x86_64-linux-gnu/libpthread-2.27.so
7ff938c2c000-7ff938c2d000 rw-p 0001a000 08:01 14684887                   /lib/x86_64-linux-gnu/libpthread-2.27.so
7ff938c2d000-7ff938c31000 rw-p 00000000 00:00 0 
7ff938c31000-7ff938c34000 r-xp 00000000 08:01 14684777                   /lib/x86_64-linux-gnu/libdl-2.27.so
7ff938c34000-7ff938e33000 ---p 00003000 08:01 14684777                   /lib/x86_64-linux-gnu/libdl-2.27.so
7ff938e33000-7ff938e34000 r--p 00002000 08:01 14684777                   /lib/x86_64-linux-gnu/libdl-2.27.so
7ff938e34000-7ff938e35000 rw-p 00003000 08:01 14684777                   /lib/x86_64-linux-gnu/libdl-2.27.so
7ff938e35000-7ff938e51000 r-xp 00000000 08:01 14684928                   /lib/x86_64-linux-gnu/libz.so.1.2.11
7ff938e51000-7ff939050000 ---p 0001c000 08:01 14684928                   /lib/x86_64-linux-gnu/libz.so.1.2.11
7ff939050000-7ff939051000 r--p 0001b000 08:01 14684928                   /lib/x86_64-linux-gnu/libz.so.1.2.11
7ff939051000-7ff939052000 rw-p 0001c000 08:01 14684928                   /lib/x86_64-linux-gnu/libz.so.1.2.11
7ff939052000-7ff939239000 r-xp 00000000 08:01 14684754                   /lib/x86_64-linux-gnu/libc-2.27.so
7ff939239000-7ff939439000 ---p 001e7000 08:01 14684754                   /lib/x86_64-linux-gnu/libc-2.27.so
7ff939439000-7ff93943d000 r--p 001e7000 08:01 14684754                   /lib/x86_64-linux-gnu/libc-2.27.so
7ff93943d000-7ff93943f000 rw-p 001eb000 08:01 14684754                   /lib/x86_64-linux-gnu/libc-2.27.so
7ff93943f000-7ff939443000 rw-p 00000000 00:00 0 
7ff939443000-7ff939452000 r-xp 00000000 08:01 23598516                   /usr/lib/jvm/java-11-openjdk-amd64/lib/jli/libjli.so
7ff939452000-7ff939651000 ---p 0000f000 08:01 23598516                   /usr/lib/jvm/java-11-openjdk-amd64/lib/jli/libjli.so
7ff939651000-7ff939652000 r--p 0000e000 08:01 23598516                   /usr/lib/jvm/java-11-openjdk-amd64/lib/jli/libjli.so
7ff939652000-7ff939653000 rw-p 0000f000 08:01 23598516                   /usr/lib/jvm/java-11-openjdk-amd64/lib/jli/libjli.so
7ff939653000-7ff93967a000 r-xp 00000000 08:01 14684726                   /lib/x86_64-linux-gnu/ld-2.27.so
7ff93969f000-7ff93975d000 rw-p 00000000 00:00 0 
7ff93975d000-7ff939761000 ---p 00000000 00:00 0 
7ff939761000-7ff939867000 rw-p 00000000 00:00 0 
7ff939867000-7ff93986e000 ---p 00000000 00:00 0 
7ff93986e000-7ff939876000 rw-s 00000000 08:01 28966961                   /tmp/hsperfdata_pc/5484
7ff939876000-7ff939877000 ---p 00000000 00:00 0 
7ff939877000-7ff939878000 r--p 00000000 00:00 0 
7ff939878000-7ff93987a000 rw-p 00000000 00:00 0 
7ff93987a000-7ff93987b000 r--p 00027000 08:01 14684726                   /lib/x86_64-linux-gnu/ld-2.27.so
7ff93987b000-7ff93987c000 rw-p 00028000 08:01 14684726                   /lib/x86_64-linux-gnu/ld-2.27.so
7ff93987c000-7ff93987d000 rw-p 00000000 00:00 0 
7fff5e6e8000-7fff5e70a000 rw-p 00000000 00:00 0                          [stack]
7fff5e78a000-7fff5e78d000 r--p 00000000 00:00 0                          [vvar]
7fff5e78d000-7fff5e78f000 r-xp 00000000 00:00 0                          [vdso]
ffffffffff600000-ffffffffff601000 r-xp 00000000 00:00 0                  [vsyscall]


VM Arguments:
jvm_args: -Djava.library.path=/home/pc/Downloads/webots/lib/java 
java_command: MyController
java_class_path (initial): /home/pc/Downloads/webots/lib/java/Controller.jar:/home/pc/Dokumente/my_project/controllers/MyController/
Launcher Type: SUN_STANDARD

Logging:
Log output configuration:
#0: stdout all=warning uptime,level,tags
#1: stderr all=off uptime,level,tags

Environment Variables:
PATH=/usr/local/sbin:/usr/local/bin:/usr/sbin:/usr/bin:/sbin:/bin:/usr/games:/usr/local/games
LD_LIBRARY_PATH=/home/pc/Downloads/webots/projects/default/libraries/vehicle:/home/pc/Downloads/webots/projects/default/libraries/ros:/home/pc/Downloads/webots/resources/projects/libraries/qt_utils:/home/pc/Dokumente/my_project/controllers/MyController/:/home/pc/Downloads/webots/lib/:/tmp/webots-2536/lib:
SHELL=/bin/bash
DISPLAY=:0

Signal Handlers:
SIGSEGV: [libjvm.so+0xd28b70], sa_mask[0]=11111111011111111101111111111110, sa_flags=SA_RESTART|SA_SIGINFO
SIGBUS: [libjvm.so+0xd28b70], sa_mask[0]=11111111011111111101111111111110, sa_flags=SA_RESTART|SA_SIGINFO
SIGFPE: [libjvm.so+0xd28b70], sa_mask[0]=11111111011111111101111111111110, sa_flags=SA_RESTART|SA_SIGINFO
SIGPIPE: [libjvm.so+0xb2a1f0], sa_mask[0]=11111111011111111101111111111110, sa_flags=SA_RESTART|SA_SIGINFO
SIGXFSZ: [libjvm.so+0xb2a1f0], sa_mask[0]=11111111011111111101111111111110, sa_flags=SA_RESTART|SA_SIGINFO
SIGILL: [libjvm.so+0xd28b70], sa_mask[0]=11111111011111111101111111111110, sa_flags=SA_RESTART|SA_SIGINFO
SIGUSR2: [libjvm.so+0xb2a030], sa_mask[0]=00000000000000000000000000000000, sa_flags=SA_RESTART|SA_SIGINFO
SIGHUP: [libjvm.so+0xb2a180], sa_mask[0]=11111111011111111101111111111110, sa_flags=SA_RESTART|SA_SIGINFO
SIGINT: [libjvm.so+0xb2a180], sa_mask[0]=11111111011111111101111111111110, sa_flags=SA_RESTART|SA_SIGINFO
SIGTERM: [libjvm.so+0xb2a180], sa_mask[0]=11111111011111111101111111111110, sa_flags=SA_RESTART|SA_SIGINFO
SIGQUIT: [libjvm.so+0xb2a180], sa_mask[0]=11111111011111111101111111111110, sa_flags=SA_RESTART|SA_SIGINFO


---------------  S Y S T E M  ---------------

OS:DISTRIB_ID=LinuxMint
DISTRIB_RELEASE=19.1
DISTRIB_CODENAME=tessa
DISTRIB_DESCRIPTION="Linux Mint 19.1 Tessa"
uname:Linux 4.15.0-20-generic #21-Ubuntu SMP Tue Apr 24 06:16:15 UTC 2018 x86_64
libc:glibc 2.27 NPTL 2.27 
rlimit: STACK 8192k, CORE 0k, NPROC 31207, NOFILE 4096, AS infinity, DATA infinity, FSIZE infinity
load average:0.26 0.32 0.35

/proc/meminfo:
MemTotal:        8051996 kB
MemFree:          840160 kB
MemAvailable:    5524072 kB
Buffers:          168708 kB
Cached:          5241612 kB
SwapCached:            0 kB
Active:          3638552 kB
Inactive:        3192452 kB
Active(anon):    1422024 kB
Inactive(anon):   643128 kB
Active(file):    2216528 kB
Inactive(file):  2549324 kB
Unevictable:          32 kB
Mlocked:              32 kB
SwapTotal:       2097148 kB
SwapFree:        2097148 kB
Dirty:                96 kB
Writeback:             0 kB
AnonPages:       1420848 kB
Mapped:           502328 kB
Shmem:            644440 kB
Slab:             269272 kB
SReclaimable:     221768 kB
SUnreclaim:        47504 kB
KernelStack:       10912 kB
PageTables:        36016 kB
NFS_Unstable:          0 kB
Bounce:                0 kB
WritebackTmp:          0 kB
CommitLimit:     6123144 kB
Committed_AS:    5694656 kB
VmallocTotal:   34359738367 kB
VmallocUsed:           0 kB
VmallocChunk:          0 kB
HardwareCorrupted:     0 kB
AnonHugePages:         0 kB
ShmemHugePages:        0 kB
ShmemPmdMapped:        0 kB
CmaTotal:              0 kB
CmaFree:               0 kB
HugePages_Total:       0
HugePages_Free:        0
HugePages_Rsvd:        0
HugePages_Surp:        0
Hugepagesize:       2048 kB
DirectMap4k:      158656 kB
DirectMap2M:     8114176 kB

container (cgroup) information:
container_type: cgroupv1
cpu_cpuset_cpus: 0-7
cpu_memory_nodes: 0
active_processor_count: 8
cpu_quota: -1
cpu_period: 100000
cpu_shares: -1
memory_limit_in_bytes: -1
memory_and_swap_limit_in_bytes: -2
memory_soft_limit_in_bytes: -1
memory_usage_in_bytes: 6995173376
memory_max_usage_in_bytes: 0


CPU:total 8 (initial active 8) (4 cores per cpu, 2 threads per core) family 6 model 58 stepping 9, cmov, cx8, fxsr, mmx, sse, sse2, sse3, ssse3, sse4.1, sse4.2, popcnt, avx, aes, clmul, erms, ht, tsc, tscinvbit, tscinv
CPU Model and flags from /proc/cpuinfo:
model name	: Intel(R) Core(TM) i7-3770 CPU @ 3.40GHz
flags		: fpu vme de pse tsc msr pae mce cx8 apic sep mtrr pge mca cmov pat pse36 clflush dts acpi mmx fxsr sse sse2 ss ht tm pbe syscall nx rdtscp lm constant_tsc arch_perfmon pebs bts rep_good nopl xtopology nonstop_tsc cpuid aperfmperf pni pclmulqdq dtes64 monitor ds_cpl vmx smx est tm2 ssse3 cx16 xtpr pdcm pcid sse4_1 sse4_2 x2apic popcnt tsc_deadline_timer aes xsave avx f16c rdrand lahf_lm cpuid_fault epb pti tpr_shadow vnmi flexpriority ept vpid fsgsbase smep erms xsaveopt dtherm ida arat pln pts

Memory: 4k page, physical 8051996k(840160k free), swap 2097148k(2097148k free)

vm_info: OpenJDK 64-Bit Server VM (10.0.2+13-Ubuntu-1ubuntu0.18.04.4) for linux-amd64 JRE (10.0.2+13-Ubuntu-1ubuntu0.18.04.4), built on Nov 13 2018 12:53:39 by "buildd" with gcc 7.3.0

END.
