#
# A fatal error has been detected by the Java Runtime Environment:
#
#  SIGSEGV (0xb) at pc=0x00007f48956e7bef, pid=11900, tid=11901
#
# JRE version: OpenJDK Runtime Environment (10.0.2+13) (build 10.0.2+13-Ubuntu-1ubuntu0.18.04.4)
# Java VM: OpenJDK 64-Bit Server VM (10.0.2+13-Ubuntu-1ubuntu0.18.04.4, mixed mode, tiered, compressed oops, g1 gc, linux-amd64)
# Problematic frame:
# C  [libController.so+0x25bef]  wb_robot_init+0x1ff
#
# Core dump will be written. Default location: Core dumps may be processed with "/usr/share/apport/apport %p %s %c %d %P" (or dumping to /home/pc/Dokumente/my_project/controllers/MotionController/core.11900)
#
# If you would like to submit a bug report, please visit:
#   http://bugreport.java.com/bugreport/crash.jsp
# The crash happened outside the Java Virtual Machine in native code.
# See problematic frame for where to report the bug.
#

---------------  S U M M A R Y ------------

Command Line: -Djava.library.path=/home/pc/Downloads/webots/lib/java MotionController

Host: Intel(R) Core(TM) i7-3770 CPU @ 3.40GHz, 8 cores, 7G, Linux Mint 19.1 Tessa
Time: Fri Jun 14 15:10:46 2019 CEST elapsed time: 0 seconds (0d 0h 0m 0s)

---------------  T H R E A D  ---------------

Current thread (0x00007f48ec012000):  JavaThread "main" [_thread_in_native, id=11901, stack(0x00007f48f4a28000,0x00007f48f4b29000)]

Stack: [0x00007f48f4a28000,0x00007f48f4b29000],  sp=0x00007f48f4b277d0,  free space=1021k
Native frames: (J=compiled Java code, A=aot compiled Java code, j=interpreted, Vv=VM code, C=native code)
C  [libController.so+0x25bef]  wb_robot_init+0x1ff

Java frames: (J=compiled Java code, j=interpreted, Vv=VM code)
j  com.cyberbotics.webots.controller.wrapperJNI.new_Robot()J+0
j  com.cyberbotics.webots.controller.Robot.<init>()V+1
j  MotionController.<clinit>()V+9
v  ~StubRoutines::call_stub

siginfo: si_signo: 11 (SIGSEGV), si_code: 1 (SEGV_MAPERR), si_addr: 0x0000000000000000

Register to memory mapping:

RAX=0x0000000000000000 is an unknown value
RBX=0x00007f48f4709840: stderr+0x0000000000000000 in /lib/x86_64-linux-gnu/libc.so.6 at 0x00007f48f431d000
RCX=0x0000000000000001 is an unknown value
RDX=0x00007f48ec23cb90 is an unknown value
RSP=0x00007f48f4b277d0 is pointing into the stack for thread: 0x00007f48ec012000
RBP=0x00007f48ec237be0 is an unknown value
RSI=0x0000000000000000 is an unknown value
RDI=0x0000000000000000 is an unknown value
R8 =0x0000000000000000 is an unknown value
R9 =0x00007f48ec23cb80 is an unknown value
R10=0x0000000000000010 is an unknown value
R11=0x00007f48956e3ff0: remote_control_is_initialized+0x0000000000000000 in /home/pc/Downloads/webots/lib/libController.so at 0x00007f48956c2000
R12=0x0000000000000000 is an unknown value
R13={method} {0x00007f489753de70} 'new_Robot' '()J' in 'com/cyberbotics/webots/controller/wrapperJNI'
R14=0x00007f48f4b278d0 is pointing into the stack for thread: 0x00007f48ec012000
R15=0x00007f48ec012000 is a thread


Registers:
RAX=0x0000000000000000, RBX=0x00007f48f4709840, RCX=0x0000000000000001, RDX=0x00007f48ec23cb90
RSP=0x00007f48f4b277d0, RBP=0x00007f48ec237be0, RSI=0x0000000000000000, RDI=0x0000000000000000
R8 =0x0000000000000000, R9 =0x00007f48ec23cb80, R10=0x0000000000000010, R11=0x00007f48956e3ff0
R12=0x0000000000000000, R13=0x00007f489753de70, R14=0x00007f48f4b278d0, R15=0x00007f48ec012000
RIP=0x00007f48956e7bef, EFLAGS=0x0000000000010246, CSGSFS=0x002b000000000033, ERR=0x0000000000000004
  TRAPNO=0x000000000000000e

Top of Stack: (sp=0x00007f48f4b277d0)
0x00007f48f4b277d0:   00007f48ec23b840 00007f48ec23b840
0x00007f48f4b277e0:   00007f48f4b27810 00007f489593b803
0x00007f48f4b277f0:   0000000000000000 00007f48ec23b840
0x00007f48f4b27800:   00007f48ec23b840 00007f48ec23b840 

Instructions: (pc=0x00007f48956e7bef)
0x00007f48956e7bcf:   fe ff 83 f8 ff b8 00 00 00 00 0f 84 e6 00 00 00
0x00007f48956e7bdf:   e8 ac 88 fe ff 84 c0 75 0c 48 8b 3d f9 73 22 00
0x00007f48956e7bef:   80 3f 00 75 5c 80 3d 1a 74 22 00 00 74 22 80 3d
0x00007f48956e7bff:   12 74 22 00 00 75 19 31 c0 e8 13 76 fe ff 84 c0 


---------------  P R O C E S S  ---------------

Threads class SMR info:
_java_thread_list=0x00007f48ec204e30, length=11, elements={
0x00007f48ec012000, 0x00007f48ec142800, 0x00007f48ec144800, 0x00007f48ec14e000,
0x00007f48ec158800, 0x00007f48ec15a800, 0x00007f48ec15c800, 0x00007f48ec15e800,
0x00007f48ec160800, 0x00007f48ec1ec800, 0x00007f48ec205800
}

Java Threads: ( => current thread )
=>0x00007f48ec012000 JavaThread "main" [_thread_in_native, id=11901, stack(0x00007f48f4a28000,0x00007f48f4b29000)]
  0x00007f48ec142800 JavaThread "Reference Handler" daemon [_thread_blocked, id=11924, stack(0x00007f4896eef000,0x00007f4896ff0000)]
  0x00007f48ec144800 JavaThread "Finalizer" daemon [_thread_blocked, id=11925, stack(0x00007f4896dee000,0x00007f4896eef000)]
  0x00007f48ec14e000 JavaThread "Signal Dispatcher" daemon [_thread_blocked, id=11926, stack(0x00007f48969bd000,0x00007f4896abe000)]
  0x00007f48ec158800 JavaThread "C2 CompilerThread0" daemon [_thread_blocked, id=11927, stack(0x00007f48968bc000,0x00007f48969bd000)]
  0x00007f48ec15a800 JavaThread "C2 CompilerThread1" daemon [_thread_blocked, id=11928, stack(0x00007f48967bb000,0x00007f48968bc000)]
  0x00007f48ec15c800 JavaThread "C2 CompilerThread2" daemon [_thread_blocked, id=11929, stack(0x00007f48966ba000,0x00007f48967bb000)]
  0x00007f48ec15e800 JavaThread "C1 CompilerThread3" daemon [_thread_blocked, id=11930, stack(0x00007f48965b9000,0x00007f48966ba000)]
  0x00007f48ec160800 JavaThread "Sweeper thread" daemon [_thread_blocked, id=11931, stack(0x00007f48964b8000,0x00007f48965b9000)]
  0x00007f48ec1ec800 JavaThread "Service Thread" daemon [_thread_blocked, id=11932, stack(0x00007f48963b7000,0x00007f48964b8000)]
  0x00007f48ec205800 JavaThread "Common-Cleaner" daemon [_thread_blocked, id=11934, stack(0x00007f48961b4000,0x00007f48962b5000)]

Other Threads:
  0x00007f48ec139000 VMThread "VM Thread" [stack: 0x00007f4896ff2000,0x00007f48970f2000] [id=11923]
  0x00007f48ec1ef000 WatcherThread [stack: 0x00007f48962b7000,0x00007f48963b7000] [id=11933]
  0x00007f48ec028800 GCTaskThread "GC Thread#0" [stack: 0x00007f48f0b51000,0x00007f48f0c51000] [id=11903]
  0x00007f48ec02a000 GCTaskThread "GC Thread#1" [stack: 0x00007f48f0a4f000,0x00007f48f0b4f000] [id=11904]
  0x00007f48ec02c000 GCTaskThread "GC Thread#2" [stack: 0x00007f48f094d000,0x00007f48f0a4d000] [id=11905]
  0x00007f48ec02d800 GCTaskThread "GC Thread#3" [stack: 0x00007f48f084b000,0x00007f48f094b000] [id=11906]
  0x00007f48ec02f000 GCTaskThread "GC Thread#4" [stack: 0x00007f48f0749000,0x00007f48f0849000] [id=11907]
  0x00007f48ec031000 GCTaskThread "GC Thread#5" [stack: 0x00007f48f0647000,0x00007f48f0747000] [id=11908]
  0x00007f48ec032800 GCTaskThread "GC Thread#6" [stack: 0x00007f48f0545000,0x00007f48f0645000] [id=11909]
  0x00007f48ec034800 GCTaskThread "GC Thread#7" [stack: 0x00007f48f0443000,0x00007f48f0543000] [id=11910]
  0x00007f48ec05d800 ConcurrentGCThread "G1 Main Marker" [stack: 0x00007f48d0be4000,0x00007f48d0ce4000] [id=11911]
  0x00007f48ec05f800 ConcurrentGCThread "G1 Conc#0" [stack: 0x00007f48d0ae2000,0x00007f48d0be2000] [id=11912]
  0x00007f48ec061000 ConcurrentGCThread "G1 Conc#1" [stack: 0x00007f48d09e0000,0x00007f48d0ae0000] [id=11913]
  0x00007f48ec0c9800 ConcurrentGCThread "G1 Refine#0" [stack: 0x00007f48d00d6000,0x00007f48d01d6000] [id=11914]
  0x00007f48ec0cb800 ConcurrentGCThread "G1 Refine#1" [stack: 0x00007f48b0048000,0x00007f48b0148000] [id=11915]
  0x00007f48ec0cd000 ConcurrentGCThread "G1 Refine#2" [stack: 0x00007f4897f00000,0x00007f4898000000] [id=11916]
  0x00007f48ec0cf000 ConcurrentGCThread "G1 Refine#3" [stack: 0x00007f4897dfe000,0x00007f4897efe000] [id=11917]
  0x00007f48ec0d0800 ConcurrentGCThread "G1 Refine#4" [stack: 0x00007f4897cfc000,0x00007f4897dfc000] [id=11918]
  0x00007f48ec0d2800 ConcurrentGCThread "G1 Refine#5" [stack: 0x00007f4897bfa000,0x00007f4897cfa000] [id=11919]
  0x00007f48ec0d4000 ConcurrentGCThread "G1 Refine#6" [stack: 0x00007f4897af8000,0x00007f4897bf8000] [id=11920]
  0x00007f48ec0d6000 ConcurrentGCThread "G1 Refine#7" [stack: 0x00007f48979f6000,0x00007f4897af6000] [id=11921]
  0x00007f48ec0d7800 ConcurrentGCThread "G1 Young RemSet Sampling" [stack: 0x00007f48978f4000,0x00007f48979f4000] [id=11922]

Threads with active compile tasks:

VM state:not at safepoint (normal execution)

VM Mutex/Monitor currently owned by a thread: None

Heap address: 0x0000000085200000, size: 1966 MB, Compressed Oops mode: 32-bit
Narrow klass base: 0x0000000000000000, Narrow klass shift: 3
Compressed class space size: 1073741824 Address: 0x0000000100000000

Heap:
 garbage-first heap   total 126976K, used 1024K [0x0000000085200000, 0x0000000100000000)
  region size 1024K, 2 young (2048K), 0 survivors (0K)
 Metaspace       used 4802K, capacity 4826K, committed 5120K, reserved 1056768K
  class space    used 392K, capacity 394K, committed 512K, reserved 1048576K
Heap Regions: E=young(eden), S=young(survivor), O=old, HS=humongous(starts), HC=humongous(continues), CS=collection set, F=free, A=archive, TS=gc time stamp, AC=allocation context, TAMS=top-at-mark-start (previous, next)
|   0|0x0000000085200000, 0x0000000085200000, 0x0000000085300000|  0%| F|  |TS  0|AC  0|TAMS 0x0000000085200000, 0x0000000085200000|
|   1|0x0000000085300000, 0x0000000085300000, 0x0000000085400000|  0%| F|  |TS  0|AC  0|TAMS 0x0000000085300000, 0x0000000085300000|
|   2|0x0000000085400000, 0x0000000085400000, 0x0000000085500000|  0%| F|  |TS  0|AC  0|TAMS 0x0000000085400000, 0x0000000085400000|
|   3|0x0000000085500000, 0x0000000085500000, 0x0000000085600000|  0%| F|  |TS  0|AC  0|TAMS 0x0000000085500000, 0x0000000085500000|
|   4|0x0000000085600000, 0x0000000085600000, 0x0000000085700000|  0%| F|  |TS  0|AC  0|TAMS 0x0000000085600000, 0x0000000085600000|
|   5|0x0000000085700000, 0x0000000085700000, 0x0000000085800000|  0%| F|  |TS  0|AC  0|TAMS 0x0000000085700000, 0x0000000085700000|
|   6|0x0000000085800000, 0x0000000085800000, 0x0000000085900000|  0%| F|  |TS  0|AC  0|TAMS 0x0000000085800000, 0x0000000085800000|
|   7|0x0000000085900000, 0x0000000085900000, 0x0000000085a00000|  0%| F|  |TS  0|AC  0|TAMS 0x0000000085900000, 0x0000000085900000|
|   8|0x0000000085a00000, 0x0000000085a00000, 0x0000000085b00000|  0%| F|  |TS  0|AC  0|TAMS 0x0000000085a00000, 0x0000000085a00000|
|   9|0x0000000085b00000, 0x0000000085b00000, 0x0000000085c00000|  0%| F|  |TS  0|AC  0|TAMS 0x0000000085b00000, 0x0000000085b00000|
|  10|0x0000000085c00000, 0x0000000085c00000, 0x0000000085d00000|  0%| F|  |TS  0|AC  0|TAMS 0x0000000085c00000, 0x0000000085c00000|
|  11|0x0000000085d00000, 0x0000000085d00000, 0x0000000085e00000|  0%| F|  |TS  0|AC  0|TAMS 0x0000000085d00000, 0x0000000085d00000|
|  12|0x0000000085e00000, 0x0000000085e00000, 0x0000000085f00000|  0%| F|  |TS  0|AC  0|TAMS 0x0000000085e00000, 0x0000000085e00000|
|  13|0x0000000085f00000, 0x0000000085f00000, 0x0000000086000000|  0%| F|  |TS  0|AC  0|TAMS 0x0000000085f00000, 0x0000000085f00000|
|  14|0x0000000086000000, 0x0000000086000000, 0x0000000086100000|  0%| F|  |TS  0|AC  0|TAMS 0x0000000086000000, 0x0000000086000000|
|  15|0x0000000086100000, 0x0000000086100000, 0x0000000086200000|  0%| F|  |TS  0|AC  0|TAMS 0x0000000086100000, 0x0000000086100000|
|  16|0x0000000086200000, 0x0000000086200000, 0x0000000086300000|  0%| F|  |TS  0|AC  0|TAMS 0x0000000086200000, 0x0000000086200000|
|  17|0x0000000086300000, 0x0000000086300000, 0x0000000086400000|  0%| F|  |TS  0|AC  0|TAMS 0x0000000086300000, 0x0000000086300000|
|  18|0x0000000086400000, 0x0000000086400000, 0x0000000086500000|  0%| F|  |TS  0|AC  0|TAMS 0x0000000086400000, 0x0000000086400000|
|  19|0x0000000086500000, 0x0000000086500000, 0x0000000086600000|  0%| F|  |TS  0|AC  0|TAMS 0x0000000086500000, 0x0000000086500000|
|  20|0x0000000086600000, 0x0000000086600000, 0x0000000086700000|  0%| F|  |TS  0|AC  0|TAMS 0x0000000086600000, 0x0000000086600000|
|  21|0x0000000086700000, 0x0000000086700000, 0x0000000086800000|  0%| F|  |TS  0|AC  0|TAMS 0x0000000086700000, 0x0000000086700000|
|  22|0x0000000086800000, 0x0000000086800000, 0x0000000086900000|  0%| F|  |TS  0|AC  0|TAMS 0x0000000086800000, 0x0000000086800000|
|  23|0x0000000086900000, 0x0000000086900000, 0x0000000086a00000|  0%| F|  |TS  0|AC  0|TAMS 0x0000000086900000, 0x0000000086900000|
|  24|0x0000000086a00000, 0x0000000086a00000, 0x0000000086b00000|  0%| F|  |TS  0|AC  0|TAMS 0x0000000086a00000, 0x0000000086a00000|
|  25|0x0000000086b00000, 0x0000000086b00000, 0x0000000086c00000|  0%| F|  |TS  0|AC  0|TAMS 0x0000000086b00000, 0x0000000086b00000|
|  26|0x0000000086c00000, 0x0000000086c00000, 0x0000000086d00000|  0%| F|  |TS  0|AC  0|TAMS 0x0000000086c00000, 0x0000000086c00000|
|  27|0x0000000086d00000, 0x0000000086d00000, 0x0000000086e00000|  0%| F|  |TS  0|AC  0|TAMS 0x0000000086d00000, 0x0000000086d00000|
|  28|0x0000000086e00000, 0x0000000086e00000, 0x0000000086f00000|  0%| F|  |TS  0|AC  0|TAMS 0x0000000086e00000, 0x0000000086e00000|
|  29|0x0000000086f00000, 0x0000000086f00000, 0x0000000087000000|  0%| F|  |TS  0|AC  0|TAMS 0x0000000086f00000, 0x0000000086f00000|
|  30|0x0000000087000000, 0x0000000087000000, 0x0000000087100000|  0%| F|  |TS  0|AC  0|TAMS 0x0000000087000000, 0x0000000087000000|
|  31|0x0000000087100000, 0x0000000087100000, 0x0000000087200000|  0%| F|  |TS  0|AC  0|TAMS 0x0000000087100000, 0x0000000087100000|
|  32|0x0000000087200000, 0x0000000087200000, 0x0000000087300000|  0%| F|  |TS  0|AC  0|TAMS 0x0000000087200000, 0x0000000087200000|
|  33|0x0000000087300000, 0x0000000087300000, 0x0000000087400000|  0%| F|  |TS  0|AC  0|TAMS 0x0000000087300000, 0x0000000087300000|
|  34|0x0000000087400000, 0x0000000087400000, 0x0000000087500000|  0%| F|  |TS  0|AC  0|TAMS 0x0000000087400000, 0x0000000087400000|
|  35|0x0000000087500000, 0x0000000087500000, 0x0000000087600000|  0%| F|  |TS  0|AC  0|TAMS 0x0000000087500000, 0x0000000087500000|
|  36|0x0000000087600000, 0x0000000087600000, 0x0000000087700000|  0%| F|  |TS  0|AC  0|TAMS 0x0000000087600000, 0x0000000087600000|
|  37|0x0000000087700000, 0x0000000087700000, 0x0000000087800000|  0%| F|  |TS  0|AC  0|TAMS 0x0000000087700000, 0x0000000087700000|
|  38|0x0000000087800000, 0x0000000087800000, 0x0000000087900000|  0%| F|  |TS  0|AC  0|TAMS 0x0000000087800000, 0x0000000087800000|
|  39|0x0000000087900000, 0x0000000087900000, 0x0000000087a00000|  0%| F|  |TS  0|AC  0|TAMS 0x0000000087900000, 0x0000000087900000|
|  40|0x0000000087a00000, 0x0000000087a00000, 0x0000000087b00000|  0%| F|  |TS  0|AC  0|TAMS 0x0000000087a00000, 0x0000000087a00000|
|  41|0x0000000087b00000, 0x0000000087b00000, 0x0000000087c00000|  0%| F|  |TS  0|AC  0|TAMS 0x0000000087b00000, 0x0000000087b00000|
|  42|0x0000000087c00000, 0x0000000087c00000, 0x0000000087d00000|  0%| F|  |TS  0|AC  0|TAMS 0x0000000087c00000, 0x0000000087c00000|
|  43|0x0000000087d00000, 0x0000000087d00000, 0x0000000087e00000|  0%| F|  |TS  0|AC  0|TAMS 0x0000000087d00000, 0x0000000087d00000|
|  44|0x0000000087e00000, 0x0000000087e00000, 0x0000000087f00000|  0%| F|  |TS  0|AC  0|TAMS 0x0000000087e00000, 0x0000000087e00000|
|  45|0x0000000087f00000, 0x0000000087f00000, 0x0000000088000000|  0%| F|  |TS  0|AC  0|TAMS 0x0000000087f00000, 0x0000000087f00000|
|  46|0x0000000088000000, 0x0000000088000000, 0x0000000088100000|  0%| F|  |TS  0|AC  0|TAMS 0x0000000088000000, 0x0000000088000000|
|  47|0x0000000088100000, 0x0000000088100000, 0x0000000088200000|  0%| F|  |TS  0|AC  0|TAMS 0x0000000088100000, 0x0000000088100000|
|  48|0x0000000088200000, 0x0000000088200000, 0x0000000088300000|  0%| F|  |TS  0|AC  0|TAMS 0x0000000088200000, 0x0000000088200000|
|  49|0x0000000088300000, 0x0000000088300000, 0x0000000088400000|  0%| F|  |TS  0|AC  0|TAMS 0x0000000088300000, 0x0000000088300000|
|  50|0x0000000088400000, 0x0000000088400000, 0x0000000088500000|  0%| F|  |TS  0|AC  0|TAMS 0x0000000088400000, 0x0000000088400000|
|  51|0x0000000088500000, 0x0000000088500000, 0x0000000088600000|  0%| F|  |TS  0|AC  0|TAMS 0x0000000088500000, 0x0000000088500000|
|  52|0x0000000088600000, 0x0000000088600000, 0x0000000088700000|  0%| F|  |TS  0|AC  0|TAMS 0x0000000088600000, 0x0000000088600000|
|  53|0x0000000088700000, 0x0000000088700000, 0x0000000088800000|  0%| F|  |TS  0|AC  0|TAMS 0x0000000088700000, 0x0000000088700000|
|  54|0x0000000088800000, 0x0000000088800000, 0x0000000088900000|  0%| F|  |TS  0|AC  0|TAMS 0x0000000088800000, 0x0000000088800000|
|  55|0x0000000088900000, 0x0000000088900000, 0x0000000088a00000|  0%| F|  |TS  0|AC  0|TAMS 0x0000000088900000, 0x0000000088900000|
|  56|0x0000000088a00000, 0x0000000088a00000, 0x0000000088b00000|  0%| F|  |TS  0|AC  0|TAMS 0x0000000088a00000, 0x0000000088a00000|
|  57|0x0000000088b00000, 0x0000000088b00000, 0x0000000088c00000|  0%| F|  |TS  0|AC  0|TAMS 0x0000000088b00000, 0x0000000088b00000|
|  58|0x0000000088c00000, 0x0000000088c00000, 0x0000000088d00000|  0%| F|  |TS  0|AC  0|TAMS 0x0000000088c00000, 0x0000000088c00000|
|  59|0x0000000088d00000, 0x0000000088d00000, 0x0000000088e00000|  0%| F|  |TS  0|AC  0|TAMS 0x0000000088d00000, 0x0000000088d00000|
|  60|0x0000000088e00000, 0x0000000088e00000, 0x0000000088f00000|  0%| F|  |TS  0|AC  0|TAMS 0x0000000088e00000, 0x0000000088e00000|
|  61|0x0000000088f00000, 0x0000000088f00000, 0x0000000089000000|  0%| F|  |TS  0|AC  0|TAMS 0x0000000088f00000, 0x0000000088f00000|
|  62|0x0000000089000000, 0x0000000089000000, 0x0000000089100000|  0%| F|  |TS  0|AC  0|TAMS 0x0000000089000000, 0x0000000089000000|
|  63|0x0000000089100000, 0x0000000089100000, 0x0000000089200000|  0%| F|  |TS  0|AC  0|TAMS 0x0000000089100000, 0x0000000089100000|
|  64|0x0000000089200000, 0x0000000089200000, 0x0000000089300000|  0%| F|  |TS  0|AC  0|TAMS 0x0000000089200000, 0x0000000089200000|
|  65|0x0000000089300000, 0x0000000089300000, 0x0000000089400000|  0%| F|  |TS  0|AC  0|TAMS 0x0000000089300000, 0x0000000089300000|
|  66|0x0000000089400000, 0x0000000089400000, 0x0000000089500000|  0%| F|  |TS  0|AC  0|TAMS 0x0000000089400000, 0x0000000089400000|
|  67|0x0000000089500000, 0x0000000089500000, 0x0000000089600000|  0%| F|  |TS  0|AC  0|TAMS 0x0000000089500000, 0x0000000089500000|
|  68|0x0000000089600000, 0x0000000089600000, 0x0000000089700000|  0%| F|  |TS  0|AC  0|TAMS 0x0000000089600000, 0x0000000089600000|
|  69|0x0000000089700000, 0x0000000089700000, 0x0000000089800000|  0%| F|  |TS  0|AC  0|TAMS 0x0000000089700000, 0x0000000089700000|
|  70|0x0000000089800000, 0x0000000089800000, 0x0000000089900000|  0%| F|  |TS  0|AC  0|TAMS 0x0000000089800000, 0x0000000089800000|
|  71|0x0000000089900000, 0x0000000089900000, 0x0000000089a00000|  0%| F|  |TS  0|AC  0|TAMS 0x0000000089900000, 0x0000000089900000|
|  72|0x0000000089a00000, 0x0000000089a00000, 0x0000000089b00000|  0%| F|  |TS  0|AC  0|TAMS 0x0000000089a00000, 0x0000000089a00000|
|  73|0x0000000089b00000, 0x0000000089b00000, 0x0000000089c00000|  0%| F|  |TS  0|AC  0|TAMS 0x0000000089b00000, 0x0000000089b00000|
|  74|0x0000000089c00000, 0x0000000089c00000, 0x0000000089d00000|  0%| F|  |TS  0|AC  0|TAMS 0x0000000089c00000, 0x0000000089c00000|
|  75|0x0000000089d00000, 0x0000000089d00000, 0x0000000089e00000|  0%| F|  |TS  0|AC  0|TAMS 0x0000000089d00000, 0x0000000089d00000|
|  76|0x0000000089e00000, 0x0000000089e00000, 0x0000000089f00000|  0%| F|  |TS  0|AC  0|TAMS 0x0000000089e00000, 0x0000000089e00000|
|  77|0x0000000089f00000, 0x0000000089f00000, 0x000000008a000000|  0%| F|  |TS  0|AC  0|TAMS 0x0000000089f00000, 0x0000000089f00000|
|  78|0x000000008a000000, 0x000000008a000000, 0x000000008a100000|  0%| F|  |TS  0|AC  0|TAMS 0x000000008a000000, 0x000000008a000000|
|  79|0x000000008a100000, 0x000000008a100000, 0x000000008a200000|  0%| F|  |TS  0|AC  0|TAMS 0x000000008a100000, 0x000000008a100000|
|  80|0x000000008a200000, 0x000000008a200000, 0x000000008a300000|  0%| F|  |TS  0|AC  0|TAMS 0x000000008a200000, 0x000000008a200000|
|  81|0x000000008a300000, 0x000000008a300000, 0x000000008a400000|  0%| F|  |TS  0|AC  0|TAMS 0x000000008a300000, 0x000000008a300000|
|  82|0x000000008a400000, 0x000000008a400000, 0x000000008a500000|  0%| F|  |TS  0|AC  0|TAMS 0x000000008a400000, 0x000000008a400000|
|  83|0x000000008a500000, 0x000000008a500000, 0x000000008a600000|  0%| F|  |TS  0|AC  0|TAMS 0x000000008a500000, 0x000000008a500000|
|  84|0x000000008a600000, 0x000000008a600000, 0x000000008a700000|  0%| F|  |TS  0|AC  0|TAMS 0x000000008a600000, 0x000000008a600000|
|  85|0x000000008a700000, 0x000000008a700000, 0x000000008a800000|  0%| F|  |TS  0|AC  0|TAMS 0x000000008a700000, 0x000000008a700000|
|  86|0x000000008a800000, 0x000000008a800000, 0x000000008a900000|  0%| F|  |TS  0|AC  0|TAMS 0x000000008a800000, 0x000000008a800000|
|  87|0x000000008a900000, 0x000000008a900000, 0x000000008aa00000|  0%| F|  |TS  0|AC  0|TAMS 0x000000008a900000, 0x000000008a900000|
|  88|0x000000008aa00000, 0x000000008aa00000, 0x000000008ab00000|  0%| F|  |TS  0|AC  0|TAMS 0x000000008aa00000, 0x000000008aa00000|
|  89|0x000000008ab00000, 0x000000008ab00000, 0x000000008ac00000|  0%| F|  |TS  0|AC  0|TAMS 0x000000008ab00000, 0x000000008ab00000|
|  90|0x000000008ac00000, 0x000000008ac00000, 0x000000008ad00000|  0%| F|  |TS  0|AC  0|TAMS 0x000000008ac00000, 0x000000008ac00000|
|  91|0x000000008ad00000, 0x000000008ad00000, 0x000000008ae00000|  0%| F|  |TS  0|AC  0|TAMS 0x000000008ad00000, 0x000000008ad00000|
|  92|0x000000008ae00000, 0x000000008ae00000, 0x000000008af00000|  0%| F|  |TS  0|AC  0|TAMS 0x000000008ae00000, 0x000000008ae00000|
|  93|0x000000008af00000, 0x000000008af00000, 0x000000008b000000|  0%| F|  |TS  0|AC  0|TAMS 0x000000008af00000, 0x000000008af00000|
|  94|0x000000008b000000, 0x000000008b000000, 0x000000008b100000|  0%| F|  |TS  0|AC  0|TAMS 0x000000008b000000, 0x000000008b000000|
|  95|0x000000008b100000, 0x000000008b100000, 0x000000008b200000|  0%| F|  |TS  0|AC  0|TAMS 0x000000008b100000, 0x000000008b100000|
|  96|0x000000008b200000, 0x000000008b200000, 0x000000008b300000|  0%| F|  |TS  0|AC  0|TAMS 0x000000008b200000, 0x000000008b200000|
|  97|0x000000008b300000, 0x000000008b300000, 0x000000008b400000|  0%| F|  |TS  0|AC  0|TAMS 0x000000008b300000, 0x000000008b300000|
|  98|0x000000008b400000, 0x000000008b400000, 0x000000008b500000|  0%| F|  |TS  0|AC  0|TAMS 0x000000008b400000, 0x000000008b400000|
|  99|0x000000008b500000, 0x000000008b500000, 0x000000008b600000|  0%| F|  |TS  0|AC  0|TAMS 0x000000008b500000, 0x000000008b500000|
| 100|0x000000008b600000, 0x000000008b600000, 0x000000008b700000|  0%| F|  |TS  0|AC  0|TAMS 0x000000008b600000, 0x000000008b600000|
| 101|0x000000008b700000, 0x000000008b700000, 0x000000008b800000|  0%| F|  |TS  0|AC  0|TAMS 0x000000008b700000, 0x000000008b700000|
| 102|0x000000008b800000, 0x000000008b800000, 0x000000008b900000|  0%| F|  |TS  0|AC  0|TAMS 0x000000008b800000, 0x000000008b800000|
| 103|0x000000008b900000, 0x000000008b900000, 0x000000008ba00000|  0%| F|  |TS  0|AC  0|TAMS 0x000000008b900000, 0x000000008b900000|
| 104|0x000000008ba00000, 0x000000008ba00000, 0x000000008bb00000|  0%| F|  |TS  0|AC  0|TAMS 0x000000008ba00000, 0x000000008ba00000|
| 105|0x000000008bb00000, 0x000000008bb00000, 0x000000008bc00000|  0%| F|  |TS  0|AC  0|TAMS 0x000000008bb00000, 0x000000008bb00000|
| 106|0x000000008bc00000, 0x000000008bc00000, 0x000000008bd00000|  0%| F|  |TS  0|AC  0|TAMS 0x000000008bc00000, 0x000000008bc00000|
| 107|0x000000008bd00000, 0x000000008bd00000, 0x000000008be00000|  0%| F|  |TS  0|AC  0|TAMS 0x000000008bd00000, 0x000000008bd00000|
| 108|0x000000008be00000, 0x000000008be00000, 0x000000008bf00000|  0%| F|  |TS  0|AC  0|TAMS 0x000000008be00000, 0x000000008be00000|
| 109|0x000000008bf00000, 0x000000008bf00000, 0x000000008c000000|  0%| F|  |TS  0|AC  0|TAMS 0x000000008bf00000, 0x000000008bf00000|
| 110|0x000000008c000000, 0x000000008c000000, 0x000000008c100000|  0%| F|  |TS  0|AC  0|TAMS 0x000000008c000000, 0x000000008c000000|
| 111|0x000000008c100000, 0x000000008c100000, 0x000000008c200000|  0%| F|  |TS  0|AC  0|TAMS 0x000000008c100000, 0x000000008c100000|
| 112|0x000000008c200000, 0x000000008c200000, 0x000000008c300000|  0%| F|  |TS  0|AC  0|TAMS 0x000000008c200000, 0x000000008c200000|
| 113|0x000000008c300000, 0x000000008c300000, 0x000000008c400000|  0%| F|  |TS  0|AC  0|TAMS 0x000000008c300000, 0x000000008c300000|
| 114|0x000000008c400000, 0x000000008c400000, 0x000000008c500000|  0%| F|  |TS  0|AC  0|TAMS 0x000000008c400000, 0x000000008c400000|
| 115|0x000000008c500000, 0x000000008c500000, 0x000000008c600000|  0%| F|  |TS  0|AC  0|TAMS 0x000000008c500000, 0x000000008c500000|
| 116|0x000000008c600000, 0x000000008c600000, 0x000000008c700000|  0%| F|  |TS  0|AC  0|TAMS 0x000000008c600000, 0x000000008c600000|
| 117|0x000000008c700000, 0x000000008c700000, 0x000000008c800000|  0%| F|  |TS  0|AC  0|TAMS 0x000000008c700000, 0x000000008c700000|
| 118|0x000000008c800000, 0x000000008c800000, 0x000000008c900000|  0%| F|  |TS  0|AC  0|TAMS 0x000000008c800000, 0x000000008c800000|
| 119|0x000000008c900000, 0x000000008c900000, 0x000000008ca00000|  0%| F|  |TS  0|AC  0|TAMS 0x000000008c900000, 0x000000008c900000|
| 120|0x000000008ca00000, 0x000000008ca00000, 0x000000008cb00000|  0%| F|  |TS  0|AC  0|TAMS 0x000000008ca00000, 0x000000008ca00000|
| 121|0x000000008cb00000, 0x000000008cb00000, 0x000000008cc00000|  0%| F|  |TS  0|AC  0|TAMS 0x000000008cb00000, 0x000000008cb00000|
| 122|0x000000008cc00000, 0x000000008cc7b630, 0x000000008cd00000| 48%| E|  |TS  0|AC  0|TAMS 0x000000008cc00000, 0x000000008cc00000|
| 123|0x000000008cd00000, 0x000000008ce00000, 0x000000008ce00000|100%| E|CS|TS  0|AC  0|TAMS 0x000000008cd00000, 0x000000008cd00000|

Card table byte_map: [0x00007f48d2f73000,0x00007f48d334a000] byte_map_base: 0x00007f48d2b4a000

Marking Bits (Prev, Next): (CMBitMap*) 0x00007f48ec05ce80, (CMBitMap*) 0x00007f48ec05ceb8
 Prev Bits: [0x00007f48d0ce4000, 0x00007f48d2b9c000)
 Next Bits: [0x00007f48b2148000, 0x00007f48b4000000)

Polling page: 0x00007f48f4b41000

CodeHeap 'non-profiled nmethods': size=120032Kb used=22Kb max_used=22Kb free=120009Kb
 bounds [0x00007f48db5ed000, 0x00007f48db85d000, 0x00007f48e2b25000]
CodeHeap 'profiled nmethods': size=120028Kb used=124Kb max_used=124Kb free=119903Kb
 bounds [0x00007f48d40b6000, 0x00007f48d4326000, 0x00007f48db5ed000]
CodeHeap 'non-nmethods': size=5700Kb used=1017Kb max_used=1017Kb free=4682Kb
 bounds [0x00007f48d3b25000, 0x00007f48d3d95000, 0x00007f48d40b6000]
 total_blobs=459 nmethods=94 adapters=222
 compilation: enabled

Compilation events (10 events):
Event: 0.088 Thread 0x00007f48ec15e800   91       3       java.util.jar.Attributes$Name::isAlpha (30 bytes)
Event: 0.088 Thread 0x00007f48ec15e800 nmethod 91 0x00007f48d40d3490 code [0x00007f48d40d3640, 0x00007f48d40d3870]
Event: 0.088 Thread 0x00007f48ec15e800   92       3       java.lang.CharacterData::of (120 bytes)
Event: 0.088 Thread 0x00007f48ec15e800 nmethod 92 0x00007f48d40d3910 code [0x00007f48d40d3b20, 0x00007f48d40d40f0]
Event: 0.088 Thread 0x00007f48ec15e800   93       3       java.lang.CharacterDataLatin1::getProperties (11 bytes)
Event: 0.088 Thread 0x00007f48ec15e800 nmethod 93 0x00007f48d40d4310 code [0x00007f48d40d44c0, 0x00007f48d40d4650]
Event: 0.089 Thread 0x00007f48ec15e800   94       3       java.lang.String::indexOf (29 bytes)
Event: 0.089 Thread 0x00007f48ec15e800 nmethod 94 0x00007f48d40d4710 code [0x00007f48d40d48e0, 0x00007f48d40d4bb8]
Event: 0.090 Thread 0x00007f48ec15e800   95       3       java.lang.String::indexOf (7 bytes)
Event: 0.090 Thread 0x00007f48ec15e800 nmethod 95 0x00007f48d40d4c90 code [0x00007f48d40d4e80, 0x00007f48d40d51d8]

GC Heap History (0 events):
No events

Deoptimization events (1 events):
Event: 0.065 Thread 0x00007f48ec012000 Uncommon trap: reason=unstable_if action=reinterpret pc=0x00007f48db5f21e8 method=java.lang.String.hashCode()I @ 14 c2

Classes redefined (0 events):
No events

Internal exceptions (0 events):
No events

Events (10 events):
Event: 0.088 loading class java/lang/Package$VersionInfo
Event: 0.088 loading class java/lang/Package$VersionInfo done
Event: 0.088 loading class sun/security/util/ManifestEntryVerifier
Event: 0.088 loading class sun/security/util/ManifestEntryVerifier done
Event: 0.089 loading class com/cyberbotics/webots/controller/wrapperJNI
Event: 0.089 loading class com/cyberbotics/webots/controller/wrapperJNI done
Event: 0.090 loading class java/lang/UnsatisfiedLinkError
Event: 0.090 loading class java/lang/UnsatisfiedLinkError done
Event: 0.090 loading class java/lang/ClassLoaderHelper
Event: 0.090 loading class java/lang/ClassLoaderHelper done


Dynamic libraries:
85200000-8ce00000 rw-p 00000000 00:00 0 
8ce00000-100000000 ---p 00000000 00:00 0 
100000000-100080000 rw-p 00000000 00:00 0 
100080000-140000000 ---p 00000000 00:00 0 
55f9e6944000-55f9e6945000 r-xp 00000000 08:01 23598097                   /usr/lib/jvm/java-11-openjdk-amd64/bin/java
55f9e6b45000-55f9e6b46000 r--p 00001000 08:01 23598097                   /usr/lib/jvm/java-11-openjdk-amd64/bin/java
55f9e6b46000-55f9e6b47000 rw-p 00002000 08:01 23598097                   /usr/lib/jvm/java-11-openjdk-amd64/bin/java
55f9e7d4c000-55f9e7d6d000 rw-p 00000000 00:00 0                          [heap]
7f4848000000-7f4848021000 rw-p 00000000 00:00 0 
7f4848021000-7f484c000000 ---p 00000000 00:00 0 
7f484c000000-7f484c021000 rw-p 00000000 00:00 0 
7f484c021000-7f4850000000 ---p 00000000 00:00 0 
7f4850000000-7f4850021000 rw-p 00000000 00:00 0 
7f4850021000-7f4854000000 ---p 00000000 00:00 0 
7f4854000000-7f4854021000 rw-p 00000000 00:00 0 
7f4854021000-7f4858000000 ---p 00000000 00:00 0 
7f4858000000-7f4858021000 rw-p 00000000 00:00 0 
7f4858021000-7f485c000000 ---p 00000000 00:00 0 
7f485c000000-7f485c09e000 rw-p 00000000 00:00 0 
7f485c09e000-7f4860000000 ---p 00000000 00:00 0 
7f4860000000-7f4860046000 rw-p 00000000 00:00 0 
7f4860046000-7f4864000000 ---p 00000000 00:00 0 
7f4864000000-7f4864021000 rw-p 00000000 00:00 0 
7f4864021000-7f4868000000 ---p 00000000 00:00 0 
7f4868000000-7f4868021000 rw-p 00000000 00:00 0 
7f4868021000-7f486c000000 ---p 00000000 00:00 0 
7f486c000000-7f486c021000 rw-p 00000000 00:00 0 
7f486c021000-7f4870000000 ---p 00000000 00:00 0 
7f4870000000-7f4870021000 rw-p 00000000 00:00 0 
7f4870021000-7f4874000000 ---p 00000000 00:00 0 
7f4874000000-7f4874021000 rw-p 00000000 00:00 0 
7f4874021000-7f4878000000 ---p 00000000 00:00 0 
7f4878000000-7f4878021000 rw-p 00000000 00:00 0 
7f4878021000-7f487c000000 ---p 00000000 00:00 0 
7f487c000000-7f487c021000 rw-p 00000000 00:00 0 
7f487c021000-7f4880000000 ---p 00000000 00:00 0 
7f4880000000-7f4880021000 rw-p 00000000 00:00 0 
7f4880021000-7f4884000000 ---p 00000000 00:00 0 
7f4884000000-7f4884021000 rw-p 00000000 00:00 0 
7f4884021000-7f4888000000 ---p 00000000 00:00 0 
7f4888000000-7f4888021000 rw-p 00000000 00:00 0 
7f4888021000-7f488c000000 ---p 00000000 00:00 0 
7f488c000000-7f488c021000 rw-p 00000000 00:00 0 
7f488c021000-7f4890000000 ---p 00000000 00:00 0 
7f4890000000-7f4890021000 rw-p 00000000 00:00 0 
7f4890021000-7f4894000000 ---p 00000000 00:00 0 
7f4894b9b000-7f4894ba6000 r-xp 00000000 08:01 27920412                   /home/pc/Downloads/webots/lib/libjbig.so.0
7f4894ba6000-7f4894da5000 ---p 0000b000 08:01 27920412                   /home/pc/Downloads/webots/lib/libjbig.so.0
7f4894da5000-7f4894da6000 r--p 0000a000 08:01 27920412                   /home/pc/Downloads/webots/lib/libjbig.so.0
7f4894da6000-7f4894da9000 rw-p 0000b000 08:01 27920412                   /home/pc/Downloads/webots/lib/libjbig.so.0
7f4894da9000-7f4894dcd000 r-xp 00000000 08:01 14684814                   /lib/x86_64-linux-gnu/liblzma.so.5.2.2
7f4894dcd000-7f4894fcd000 ---p 00024000 08:01 14684814                   /lib/x86_64-linux-gnu/liblzma.so.5.2.2
7f4894fcd000-7f4894fce000 r--p 00024000 08:01 14684814                   /lib/x86_64-linux-gnu/liblzma.so.5.2.2
7f4894fce000-7f4894fcf000 rw-p 00025000 08:01 14684814                   /lib/x86_64-linux-gnu/liblzma.so.5.2.2
7f4894fcf000-7f4894ff3000 r-xp 00000000 08:01 27920444                   /home/pc/Downloads/webots/lib/libpng12.so.0
7f4894ff3000-7f48951f2000 ---p 00024000 08:01 27920444                   /home/pc/Downloads/webots/lib/libpng12.so.0
7f48951f2000-7f48951f3000 r--p 00023000 08:01 27920444                   /home/pc/Downloads/webots/lib/libpng12.so.0
7f48951f3000-7f48951f4000 rw-p 00024000 08:01 27920444                   /home/pc/Downloads/webots/lib/libpng12.so.0
7f48951f4000-7f489524b000 r-xp 00000000 08:01 27920405                   /home/pc/Downloads/webots/lib/libjpeg.so.8
7f489524b000-7f489544b000 ---p 00057000 08:01 27920405                   /home/pc/Downloads/webots/lib/libjpeg.so.8
7f489544b000-7f489544c000 r--p 00057000 08:01 27920405                   /home/pc/Downloads/webots/lib/libjpeg.so.8
7f489544c000-7f489544d000 rw-p 00058000 08:01 27920405                   /home/pc/Downloads/webots/lib/libjpeg.so.8
7f489544d000-7f48954be000 r-xp 00000000 08:01 27920407                   /home/pc/Downloads/webots/lib/libtiff.so.5
7f48954be000-7f48956be000 ---p 00071000 08:01 27920407                   /home/pc/Downloads/webots/lib/libtiff.so.5
7f48956be000-7f48956bf000 r--p 00071000 08:01 27920407                   /home/pc/Downloads/webots/lib/libtiff.so.5
7f48956bf000-7f48956c2000 rw-p 00072000 08:01 27920407                   /home/pc/Downloads/webots/lib/libtiff.so.5
7f48956c2000-7f489570e000 r-xp 00000000 08:01 27920416                   /home/pc/Downloads/webots/lib/libController.so
7f489570e000-7f489590d000 ---p 0004c000 08:01 27920416                   /home/pc/Downloads/webots/lib/libController.so
7f489590d000-7f489590e000 r--p 0004b000 08:01 27920416                   /home/pc/Downloads/webots/lib/libController.so
7f489590e000-7f489590f000 rw-p 0004c000 08:01 27920416                   /home/pc/Downloads/webots/lib/libController.so
7f489590f000-7f4895910000 rw-p 00000000 00:00 0 
7f4895910000-7f489594a000 r-xp 00000000 08:01 27920467                   /home/pc/Downloads/webots/lib/libCppController.so
7f489594a000-7f4895b49000 ---p 0003a000 08:01 27920467                   /home/pc/Downloads/webots/lib/libCppController.so
7f4895b49000-7f4895b4b000 r--p 00039000 08:01 27920467                   /home/pc/Downloads/webots/lib/libCppController.so
7f4895b4b000-7f4895b4d000 rw-p 0003b000 08:01 27920467                   /home/pc/Downloads/webots/lib/libCppController.so
7f4895b4d000-7f4895b89000 r-xp 00000000 08:01 27920367                   /home/pc/Downloads/webots/lib/java/libJavaController.so
7f4895b89000-7f4895d88000 ---p 0003c000 08:01 27920367                   /home/pc/Downloads/webots/lib/java/libJavaController.so
7f4895d88000-7f4895d89000 r--p 0003b000 08:01 27920367                   /home/pc/Downloads/webots/lib/java/libJavaController.so
7f4895d89000-7f4895d8a000 rw-p 0003c000 08:01 27920367                   /home/pc/Downloads/webots/lib/java/libJavaController.so
7f4895d8a000-7f4895da1000 r-xp 00000000 08:01 23598500                   /usr/lib/jvm/java-11-openjdk-amd64/lib/libnet.so
7f4895da1000-7f4895fa0000 ---p 00017000 08:01 23598500                   /usr/lib/jvm/java-11-openjdk-amd64/lib/libnet.so
7f4895fa0000-7f4895fa1000 r--p 00016000 08:01 23598500                   /usr/lib/jvm/java-11-openjdk-amd64/lib/libnet.so
7f4895fa1000-7f4895fa2000 rw-p 00017000 08:01 23598500                   /usr/lib/jvm/java-11-openjdk-amd64/lib/libnet.so
7f4895fa2000-7f4895fb3000 r-xp 00000000 08:01 23598501                   /usr/lib/jvm/java-11-openjdk-amd64/lib/libnio.so
7f4895fb3000-7f48961b2000 ---p 00011000 08:01 23598501                   /usr/lib/jvm/java-11-openjdk-amd64/lib/libnio.so
7f48961b2000-7f48961b3000 r--p 00010000 08:01 23598501                   /usr/lib/jvm/java-11-openjdk-amd64/lib/libnio.so
7f48961b3000-7f48961b4000 rw-p 00011000 08:01 23598501                   /usr/lib/jvm/java-11-openjdk-amd64/lib/libnio.so
7f48961b4000-7f48961b8000 ---p 00000000 00:00 0 
7f48961b8000-7f48962b5000 rw-p 00000000 00:00 0 
7f48962b5000-7f48962b6000 ---p 00000000 00:00 0 
7f48962b6000-7f48963b7000 rw-p 00000000 00:00 0 
7f48963b7000-7f48963bb000 ---p 00000000 00:00 0 
7f48963bb000-7f48964b8000 rw-p 00000000 00:00 0 
7f48964b8000-7f48964bc000 ---p 00000000 00:00 0 
7f48964bc000-7f48965b9000 rw-p 00000000 00:00 0 
7f48965b9000-7f48965bd000 ---p 00000000 00:00 0 
7f48965bd000-7f48966ba000 rw-p 00000000 00:00 0 
7f48966ba000-7f48966be000 ---p 00000000 00:00 0 
7f48966be000-7f48967bb000 rw-p 00000000 00:00 0 
7f48967bb000-7f48967bf000 ---p 00000000 00:00 0 
7f48967bf000-7f48968bc000 rw-p 00000000 00:00 0 
7f48968bc000-7f48968c0000 ---p 00000000 00:00 0 
7f48968c0000-7f48969bd000 rw-p 00000000 00:00 0 
7f48969bd000-7f48969c1000 ---p 00000000 00:00 0 
7f48969c1000-7f4896abe000 rw-p 00000000 00:00 0 
7f4896abe000-7f4896dee000 r--p 00000000 08:01 23598983                   /usr/lib/locale/locale-archive
7f4896dee000-7f4896df2000 ---p 00000000 00:00 0 
7f4896df2000-7f4896eef000 rw-p 00000000 00:00 0 
7f4896eef000-7f4896ef3000 ---p 00000000 00:00 0 
7f4896ef3000-7f4896ff0000 rw-p 00000000 00:00 0 
7f4896ff0000-7f4896ff1000 ---p 00000000 00:00 0 
7f4896ff1000-7f4897572000 rw-p 00000000 00:00 0 
7f4897572000-7f48978f2000 ---p 00000000 00:00 0 
7f48978f2000-7f48978f3000 ---p 00000000 00:00 0 
7f48978f3000-7f48979f4000 rw-p 00000000 00:00 0 
7f48979f4000-7f48979f5000 ---p 00000000 00:00 0 
7f48979f5000-7f4897af6000 rw-p 00000000 00:00 0 
7f4897af6000-7f4897af7000 ---p 00000000 00:00 0 
7f4897af7000-7f4897bf8000 rw-p 00000000 00:00 0 
7f4897bf8000-7f4897bf9000 ---p 00000000 00:00 0 
7f4897bf9000-7f4897cfa000 rw-p 00000000 00:00 0 
7f4897cfa000-7f4897cfb000 ---p 00000000 00:00 0 
7f4897cfb000-7f4897dfc000 rw-p 00000000 00:00 0 
7f4897dfc000-7f4897dfd000 ---p 00000000 00:00 0 
7f4897dfd000-7f4897efe000 rw-p 00000000 00:00 0 
7f4897efe000-7f4897eff000 ---p 00000000 00:00 0 
7f4897eff000-7f4898000000 rw-p 00000000 00:00 0 
7f4898000000-7f4898021000 rw-p 00000000 00:00 0 
7f4898021000-7f489c000000 ---p 00000000 00:00 0 
7f489c000000-7f489c021000 rw-p 00000000 00:00 0 
7f489c021000-7f48a0000000 ---p 00000000 00:00 0 
7f48a0000000-7f48a0021000 rw-p 00000000 00:00 0 
7f48a0021000-7f48a4000000 ---p 00000000 00:00 0 
7f48a4000000-7f48a4021000 rw-p 00000000 00:00 0 
7f48a4021000-7f48a8000000 ---p 00000000 00:00 0 
7f48a8000000-7f48a8021000 rw-p 00000000 00:00 0 
7f48a8021000-7f48ac000000 ---p 00000000 00:00 0 
7f48ac000000-7f48ac021000 rw-p 00000000 00:00 0 
7f48ac021000-7f48b0000000 ---p 00000000 00:00 0 
7f48b0015000-7f48b0046000 rw-p 00000000 00:00 0 
7f48b0046000-7f48b0047000 ---p 00000000 00:00 0 
7f48b0047000-7f48b2338000 rw-p 00000000 00:00 0 
7f48b2338000-7f48b4000000 ---p 00000000 00:00 0 
7f48b4000000-7f48b4021000 rw-p 00000000 00:00 0 
7f48b4021000-7f48b8000000 ---p 00000000 00:00 0 
7f48b8000000-7f48b8021000 rw-p 00000000 00:00 0 
7f48b8021000-7f48bc000000 ---p 00000000 00:00 0 
7f48bc000000-7f48bc021000 rw-p 00000000 00:00 0 
7f48bc021000-7f48c0000000 ---p 00000000 00:00 0 
7f48c0000000-7f48c0021000 rw-p 00000000 00:00 0 
7f48c0021000-7f48c4000000 ---p 00000000 00:00 0 
7f48c4000000-7f48c4021000 rw-p 00000000 00:00 0 
7f48c4021000-7f48c8000000 ---p 00000000 00:00 0 
7f48c8000000-7f48c8021000 rw-p 00000000 00:00 0 
7f48c8021000-7f48cc000000 ---p 00000000 00:00 0 
7f48cc000000-7f48cc021000 rw-p 00000000 00:00 0 
7f48cc021000-7f48d0000000 ---p 00000000 00:00 0 
7f48d0003000-7f48d00d4000 rw-p 00000000 00:00 0 
7f48d00d4000-7f48d00d5000 ---p 00000000 00:00 0 
7f48d00d5000-7f48d09de000 rw-p 00000000 00:00 0 
7f48d09de000-7f48d09df000 ---p 00000000 00:00 0 
7f48d09df000-7f48d0ae0000 rw-p 00000000 00:00 0 
7f48d0ae0000-7f48d0ae1000 ---p 00000000 00:00 0 
7f48d0ae1000-7f48d0be2000 rw-p 00000000 00:00 0 
7f48d0be2000-7f48d0be3000 ---p 00000000 00:00 0 
7f48d0be3000-7f48d0ed4000 rw-p 00000000 00:00 0 
7f48d0ed4000-7f48d2b9c000 ---p 00000000 00:00 0 
7f48d2b9c000-7f48d2bda000 rw-p 00000000 00:00 0 
7f48d2bda000-7f48d2f73000 ---p 00000000 00:00 0 
7f48d2f73000-7f48d2fb1000 rw-p 00000000 00:00 0 
7f48d2fb1000-7f48d334a000 ---p 00000000 00:00 0 
7f48d334a000-7f48d3388000 rw-p 00000000 00:00 0 
7f48d3388000-7f48d3721000 ---p 00000000 00:00 0 
7f48d3721000-7f48d3b25000 rw-p 00000000 00:00 0 
7f48d3b25000-7f48d3d95000 rwxp 00000000 00:00 0 
7f48d3d95000-7f48d40b6000 ---p 00000000 00:00 0 
7f48d40b6000-7f48d4326000 rwxp 00000000 00:00 0 
7f48d4326000-7f48db5ed000 ---p 00000000 00:00 0 
7f48db5ed000-7f48db85d000 rwxp 00000000 00:00 0 
7f48db85d000-7f48e2b25000 ---p 00000000 00:00 0 
7f48e2b25000-7f48ec000000 r--s 00000000 08:01 23598511                   /usr/lib/jvm/java-11-openjdk-amd64/lib/modules
7f48ec000000-7f48ec24b000 rw-p 00000000 00:00 0 
7f48ec24b000-7f48f0000000 ---p 00000000 00:00 0 
7f48f0015000-7f48f0441000 rw-p 00000000 00:00 0 
7f48f0441000-7f48f0442000 ---p 00000000 00:00 0 
7f48f0442000-7f48f0543000 rw-p 00000000 00:00 0 
7f48f0543000-7f48f0544000 ---p 00000000 00:00 0 
7f48f0544000-7f48f0645000 rw-p 00000000 00:00 0 
7f48f0645000-7f48f0646000 ---p 00000000 00:00 0 
7f48f0646000-7f48f0747000 rw-p 00000000 00:00 0 
7f48f0747000-7f48f0748000 ---p 00000000 00:00 0 
7f48f0748000-7f48f0849000 rw-p 00000000 00:00 0 
7f48f0849000-7f48f084a000 ---p 00000000 00:00 0 
7f48f084a000-7f48f094b000 rw-p 00000000 00:00 0 
7f48f094b000-7f48f094c000 ---p 00000000 00:00 0 
7f48f094c000-7f48f0a4d000 rw-p 00000000 00:00 0 
7f48f0a4d000-7f48f0a4e000 ---p 00000000 00:00 0 
7f48f0a4e000-7f48f0b4f000 rw-p 00000000 00:00 0 
7f48f0b4f000-7f48f0b50000 ---p 00000000 00:00 0 
7f48f0b50000-7f48f0c56000 rw-p 00000000 00:00 0 
7f48f0c56000-7f48f0d3c000 ---p 00000000 00:00 0 
7f48f0d3c000-7f48f0d41000 rw-p 00000000 00:00 0 
7f48f0d41000-7f48f0e27000 ---p 00000000 00:00 0 
7f48f0e27000-7f48f0e2c000 r-xp 00000000 08:01 23598491                   /usr/lib/jvm/java-11-openjdk-amd64/lib/libjimage.so
7f48f0e2c000-7f48f102b000 ---p 00005000 08:01 23598491                   /usr/lib/jvm/java-11-openjdk-amd64/lib/libjimage.so
7f48f102b000-7f48f102c000 r--p 00004000 08:01 23598491                   /usr/lib/jvm/java-11-openjdk-amd64/lib/libjimage.so
7f48f102c000-7f48f102d000 rw-p 00005000 08:01 23598491                   /usr/lib/jvm/java-11-openjdk-amd64/lib/libjimage.so
7f48f102d000-7f48f1034000 r-xp 00000000 08:01 23598510                   /usr/lib/jvm/java-11-openjdk-amd64/lib/libzip.so
7f48f1034000-7f48f1233000 ---p 00007000 08:01 23598510                   /usr/lib/jvm/java-11-openjdk-amd64/lib/libzip.so
7f48f1233000-7f48f1234000 r--p 00006000 08:01 23598510                   /usr/lib/jvm/java-11-openjdk-amd64/lib/libzip.so
7f48f1234000-7f48f1235000 rw-p 00007000 08:01 23598510                   /usr/lib/jvm/java-11-openjdk-amd64/lib/libzip.so
7f48f1235000-7f48f1240000 r-xp 00000000 08:01 14684844                   /lib/x86_64-linux-gnu/libnss_files-2.27.so
7f48f1240000-7f48f143f000 ---p 0000b000 08:01 14684844                   /lib/x86_64-linux-gnu/libnss_files-2.27.so
7f48f143f000-7f48f1440000 r--p 0000a000 08:01 14684844                   /lib/x86_64-linux-gnu/libnss_files-2.27.so
7f48f1440000-7f48f1441000 rw-p 0000b000 08:01 14684844                   /lib/x86_64-linux-gnu/libnss_files-2.27.so
7f48f1441000-7f48f1447000 rw-p 00000000 00:00 0 
7f48f1447000-7f48f145e000 r-xp 00000000 08:01 14684838                   /lib/x86_64-linux-gnu/libnsl-2.27.so
7f48f145e000-7f48f165d000 ---p 00017000 08:01 14684838                   /lib/x86_64-linux-gnu/libnsl-2.27.so
7f48f165d000-7f48f165e000 r--p 00016000 08:01 14684838                   /lib/x86_64-linux-gnu/libnsl-2.27.so
7f48f165e000-7f48f165f000 rw-p 00017000 08:01 14684838                   /lib/x86_64-linux-gnu/libnsl-2.27.so
7f48f165f000-7f48f1661000 rw-p 00000000 00:00 0 
7f48f1661000-7f48f166c000 r-xp 00000000 08:01 14684855                   /lib/x86_64-linux-gnu/libnss_nis-2.27.so
7f48f166c000-7f48f186b000 ---p 0000b000 08:01 14684855                   /lib/x86_64-linux-gnu/libnss_nis-2.27.so
7f48f186b000-7f48f186c000 r--p 0000a000 08:01 14684855                   /lib/x86_64-linux-gnu/libnss_nis-2.27.so
7f48f186c000-7f48f186d000 rw-p 0000b000 08:01 14684855                   /lib/x86_64-linux-gnu/libnss_nis-2.27.so
7f48f186d000-7f48f1875000 r-xp 00000000 08:01 14684840                   /lib/x86_64-linux-gnu/libnss_compat-2.27.so
7f48f1875000-7f48f1a75000 ---p 00008000 08:01 14684840                   /lib/x86_64-linux-gnu/libnss_compat-2.27.so
7f48f1a75000-7f48f1a76000 r--p 00008000 08:01 14684840                   /lib/x86_64-linux-gnu/libnss_compat-2.27.so
7f48f1a76000-7f48f1a77000 rw-p 00009000 08:01 14684840                   /lib/x86_64-linux-gnu/libnss_compat-2.27.so
7f48f1a77000-7f48f1aa3000 r-xp 00000000 08:01 23598487                   /usr/lib/jvm/java-11-openjdk-amd64/lib/libjava.so
7f48f1aa3000-7f48f1ca2000 ---p 0002c000 08:01 23598487                   /usr/lib/jvm/java-11-openjdk-amd64/lib/libjava.so
7f48f1ca2000-7f48f1ca3000 r--p 0002b000 08:01 23598487                   /usr/lib/jvm/java-11-openjdk-amd64/lib/libjava.so
7f48f1ca3000-7f48f1ca5000 rw-p 0002c000 08:01 23598487                   /usr/lib/jvm/java-11-openjdk-amd64/lib/libjava.so
7f48f1ca5000-7f48f1cb2000 r-xp 00000000 08:01 23598509                   /usr/lib/jvm/java-11-openjdk-amd64/lib/libverify.so
7f48f1cb2000-7f48f1eb1000 ---p 0000d000 08:01 23598509                   /usr/lib/jvm/java-11-openjdk-amd64/lib/libverify.so
7f48f1eb1000-7f48f1eb3000 r--p 0000c000 08:01 23598509                   /usr/lib/jvm/java-11-openjdk-amd64/lib/libverify.so
7f48f1eb3000-7f48f1eb4000 rw-p 0000e000 08:01 23598509                   /usr/lib/jvm/java-11-openjdk-amd64/lib/libverify.so
7f48f1eb4000-7f48f1ebb000 r-xp 00000000 08:01 14684895                   /lib/x86_64-linux-gnu/librt-2.27.so
7f48f1ebb000-7f48f20ba000 ---p 00007000 08:01 14684895                   /lib/x86_64-linux-gnu/librt-2.27.so
7f48f20ba000-7f48f20bb000 r--p 00006000 08:01 14684895                   /lib/x86_64-linux-gnu/librt-2.27.so
7f48f20bb000-7f48f20bc000 rw-p 00007000 08:01 14684895                   /lib/x86_64-linux-gnu/librt-2.27.so
7f48f20bc000-7f48f20d3000 r-xp 00000000 08:01 14684791                   /lib/x86_64-linux-gnu/libgcc_s.so.1
7f48f20d3000-7f48f22d2000 ---p 00017000 08:01 14684791                   /lib/x86_64-linux-gnu/libgcc_s.so.1
7f48f22d2000-7f48f22d3000 r--p 00016000 08:01 14684791                   /lib/x86_64-linux-gnu/libgcc_s.so.1
7f48f22d3000-7f48f22d4000 rw-p 00017000 08:01 14684791                   /lib/x86_64-linux-gnu/libgcc_s.so.1
7f48f22d4000-7f48f2471000 r-xp 00000000 08:01 14684817                   /lib/x86_64-linux-gnu/libm-2.27.so
7f48f2471000-7f48f2670000 ---p 0019d000 08:01 14684817                   /lib/x86_64-linux-gnu/libm-2.27.so
7f48f2670000-7f48f2671000 r--p 0019c000 08:01 14684817                   /lib/x86_64-linux-gnu/libm-2.27.so
7f48f2671000-7f48f2672000 rw-p 0019d000 08:01 14684817                   /lib/x86_64-linux-gnu/libm-2.27.so
7f48f2672000-7f48f27eb000 r-xp 00000000 08:01 23601225                   /usr/lib/x86_64-linux-gnu/libstdc++.so.6.0.25
7f48f27eb000-7f48f29eb000 ---p 00179000 08:01 23601225                   /usr/lib/x86_64-linux-gnu/libstdc++.so.6.0.25
7f48f29eb000-7f48f29f5000 r--p 00179000 08:01 23601225                   /usr/lib/x86_64-linux-gnu/libstdc++.so.6.0.25
7f48f29f5000-7f48f29f7000 rw-p 00183000 08:01 23601225                   /usr/lib/x86_64-linux-gnu/libstdc++.so.6.0.25
7f48f29f7000-7f48f29fb000 rw-p 00000000 00:00 0 
7f48f29fb000-7f48f3998000 r-xp 00000000 08:01 23598523                   /usr/lib/jvm/java-11-openjdk-amd64/lib/server/libjvm.so
7f48f3998000-7f48f3b98000 ---p 00f9d000 08:01 23598523                   /usr/lib/jvm/java-11-openjdk-amd64/lib/server/libjvm.so
7f48f3b98000-7f48f3c5c000 r--p 00f9d000 08:01 23598523                   /usr/lib/jvm/java-11-openjdk-amd64/lib/server/libjvm.so
7f48f3c5c000-7f48f3c94000 rw-p 01061000 08:01 23598523                   /usr/lib/jvm/java-11-openjdk-amd64/lib/server/libjvm.so
7f48f3c94000-7f48f3cdd000 rw-p 00000000 00:00 0 
7f48f3cdd000-7f48f3cf7000 r-xp 00000000 08:01 14684887                   /lib/x86_64-linux-gnu/libpthread-2.27.so
7f48f3cf7000-7f48f3ef6000 ---p 0001a000 08:01 14684887                   /lib/x86_64-linux-gnu/libpthread-2.27.so
7f48f3ef6000-7f48f3ef7000 r--p 00019000 08:01 14684887                   /lib/x86_64-linux-gnu/libpthread-2.27.so
7f48f3ef7000-7f48f3ef8000 rw-p 0001a000 08:01 14684887                   /lib/x86_64-linux-gnu/libpthread-2.27.so
7f48f3ef8000-7f48f3efc000 rw-p 00000000 00:00 0 
7f48f3efc000-7f48f3eff000 r-xp 00000000 08:01 14684777                   /lib/x86_64-linux-gnu/libdl-2.27.so
7f48f3eff000-7f48f40fe000 ---p 00003000 08:01 14684777                   /lib/x86_64-linux-gnu/libdl-2.27.so
7f48f40fe000-7f48f40ff000 r--p 00002000 08:01 14684777                   /lib/x86_64-linux-gnu/libdl-2.27.so
7f48f40ff000-7f48f4100000 rw-p 00003000 08:01 14684777                   /lib/x86_64-linux-gnu/libdl-2.27.so
7f48f4100000-7f48f411c000 r-xp 00000000 08:01 14684928                   /lib/x86_64-linux-gnu/libz.so.1.2.11
7f48f411c000-7f48f431b000 ---p 0001c000 08:01 14684928                   /lib/x86_64-linux-gnu/libz.so.1.2.11
7f48f431b000-7f48f431c000 r--p 0001b000 08:01 14684928                   /lib/x86_64-linux-gnu/libz.so.1.2.11
7f48f431c000-7f48f431d000 rw-p 0001c000 08:01 14684928                   /lib/x86_64-linux-gnu/libz.so.1.2.11
7f48f431d000-7f48f4504000 r-xp 00000000 08:01 14684754                   /lib/x86_64-linux-gnu/libc-2.27.so
7f48f4504000-7f48f4704000 ---p 001e7000 08:01 14684754                   /lib/x86_64-linux-gnu/libc-2.27.so
7f48f4704000-7f48f4708000 r--p 001e7000 08:01 14684754                   /lib/x86_64-linux-gnu/libc-2.27.so
7f48f4708000-7f48f470a000 rw-p 001eb000 08:01 14684754                   /lib/x86_64-linux-gnu/libc-2.27.so
7f48f470a000-7f48f470e000 rw-p 00000000 00:00 0 
7f48f470e000-7f48f471d000 r-xp 00000000 08:01 23598516                   /usr/lib/jvm/java-11-openjdk-amd64/lib/jli/libjli.so
7f48f471d000-7f48f491c000 ---p 0000f000 08:01 23598516                   /usr/lib/jvm/java-11-openjdk-amd64/lib/jli/libjli.so
7f48f491c000-7f48f491d000 r--p 0000e000 08:01 23598516                   /usr/lib/jvm/java-11-openjdk-amd64/lib/jli/libjli.so
7f48f491d000-7f48f491e000 rw-p 0000f000 08:01 23598516                   /usr/lib/jvm/java-11-openjdk-amd64/lib/jli/libjli.so
7f48f491e000-7f48f4945000 r-xp 00000000 08:01 14684726                   /lib/x86_64-linux-gnu/ld-2.27.so
7f48f496a000-7f48f4a28000 rw-p 00000000 00:00 0 
7f48f4a28000-7f48f4a2c000 ---p 00000000 00:00 0 
7f48f4a2c000-7f48f4b32000 rw-p 00000000 00:00 0 
7f48f4b32000-7f48f4b39000 ---p 00000000 00:00 0 
7f48f4b39000-7f48f4b41000 rw-s 00000000 08:01 28966953                   /tmp/hsperfdata_pc/11900
7f48f4b41000-7f48f4b42000 ---p 00000000 00:00 0 
7f48f4b42000-7f48f4b43000 r--p 00000000 00:00 0 
7f48f4b43000-7f48f4b45000 rw-p 00000000 00:00 0 
7f48f4b45000-7f48f4b46000 r--p 00027000 08:01 14684726                   /lib/x86_64-linux-gnu/ld-2.27.so
7f48f4b46000-7f48f4b47000 rw-p 00028000 08:01 14684726                   /lib/x86_64-linux-gnu/ld-2.27.so
7f48f4b47000-7f48f4b48000 rw-p 00000000 00:00 0 
7fff7357d000-7fff7359e000 rw-p 00000000 00:00 0                          [stack]
7fff735eb000-7fff735ee000 r--p 00000000 00:00 0                          [vvar]
7fff735ee000-7fff735f0000 r-xp 00000000 00:00 0                          [vdso]
ffffffffff600000-ffffffffff601000 r-xp 00000000 00:00 0                  [vsyscall]


VM Arguments:
jvm_args: -Djava.library.path=/home/pc/Downloads/webots/lib/java 
java_command: MotionController
java_class_path (initial): /home/pc/Downloads/webots/lib/java/Controller.jar:/home/pc/Dokumente/my_project/controllers/MotionController/
Launcher Type: SUN_STANDARD

Logging:
Log output configuration:
#0: stdout all=warning uptime,level,tags
#1: stderr all=off uptime,level,tags

Environment Variables:
PATH=/usr/local/sbin:/usr/local/bin:/usr/sbin:/usr/bin:/sbin:/bin:/usr/games:/usr/local/games
LD_LIBRARY_PATH=/home/pc/Downloads/webots/projects/default/libraries/vehicle:/home/pc/Downloads/webots/projects/default/libraries/ros:/home/pc/Downloads/webots/resources/projects/libraries/qt_utils:/home/pc/Dokumente/my_project/controllers/MotionController/:/home/pc/Downloads/webots/lib/:/tmp/webots-6738/lib:
SHELL=/bin/bash
DISPLAY=:0

Signal Handlers:
SIGSEGV: [libjvm.so+0xd28b70], sa_mask[0]=11111111011111111101111111111110, sa_flags=SA_RESTART|SA_SIGINFO
SIGBUS: [libjvm.so+0xd28b70], sa_mask[0]=11111111011111111101111111111110, sa_flags=SA_RESTART|SA_SIGINFO
SIGFPE: [libjvm.so+0xd28b70], sa_mask[0]=11111111011111111101111111111110, sa_flags=SA_RESTART|SA_SIGINFO
SIGPIPE: [libjvm.so+0xb2a1f0], sa_mask[0]=11111111011111111101111111111110, sa_flags=SA_RESTART|SA_SIGINFO
SIGXFSZ: [libjvm.so+0xb2a1f0], sa_mask[0]=11111111011111111101111111111110, sa_flags=SA_RESTART|SA_SIGINFO
SIGILL: [libjvm.so+0xd28b70], sa_mask[0]=11111111011111111101111111111110, sa_flags=SA_RESTART|SA_SIGINFO
SIGUSR2: [libjvm.so+0xb2a030], sa_mask[0]=00000000000000000000000000000000, sa_flags=SA_RESTART|SA_SIGINFO
SIGHUP: [libjvm.so+0xb2a180], sa_mask[0]=11111111011111111101111111111110, sa_flags=SA_RESTART|SA_SIGINFO
SIGINT: [libjvm.so+0xb2a180], sa_mask[0]=11111111011111111101111111111110, sa_flags=SA_RESTART|SA_SIGINFO
SIGTERM: [libjvm.so+0xb2a180], sa_mask[0]=11111111011111111101111111111110, sa_flags=SA_RESTART|SA_SIGINFO
SIGQUIT: [libjvm.so+0xb2a180], sa_mask[0]=11111111011111111101111111111110, sa_flags=SA_RESTART|SA_SIGINFO


---------------  S Y S T E M  ---------------

OS:DISTRIB_ID=LinuxMint
DISTRIB_RELEASE=19.1
DISTRIB_CODENAME=tessa
DISTRIB_DESCRIPTION="Linux Mint 19.1 Tessa"
uname:Linux 4.15.0-20-generic #21-Ubuntu SMP Tue Apr 24 06:16:15 UTC 2018 x86_64
libc:glibc 2.27 NPTL 2.27 
rlimit: STACK 8192k, CORE 0k, NPROC 31207, NOFILE 4096, AS infinity, DATA infinity, FSIZE infinity
load average:0.25 0.51 0.49

/proc/meminfo:
MemTotal:        8051996 kB
MemFree:         3920376 kB
MemAvailable:    4697412 kB
Buffers:           84776 kB
Cached:          2088740 kB
SwapCached:            0 kB
Active:          2225580 kB
Inactive:        1669020 kB
Active(anon):    1722400 kB
Inactive(anon):  1215720 kB
Active(file):     503180 kB
Inactive(file):   453300 kB
Unevictable:          32 kB
Mlocked:              32 kB
SwapTotal:       2097148 kB
SwapFree:        2097148 kB
Dirty:               112 kB
Writeback:             0 kB
AnonPages:       1721044 kB
Mapped:           828220 kB
Shmem:           1217040 kB
Slab:             131280 kB
SReclaimable:      79796 kB
SUnreclaim:        51484 kB
KernelStack:       12192 kB
PageTables:        40752 kB
NFS_Unstable:          0 kB
Bounce:                0 kB
WritebackTmp:          0 kB
CommitLimit:     6123144 kB
Committed_AS:    7119432 kB
VmallocTotal:   34359738367 kB
VmallocUsed:           0 kB
VmallocChunk:          0 kB
HardwareCorrupted:     0 kB
AnonHugePages:         0 kB
ShmemHugePages:        0 kB
ShmemPmdMapped:        0 kB
CmaTotal:              0 kB
CmaFree:               0 kB
HugePages_Total:       0
HugePages_Free:        0
HugePages_Rsvd:        0
HugePages_Surp:        0
Hugepagesize:       2048 kB
DirectMap4k:      168896 kB
DirectMap2M:     8103936 kB

container (cgroup) information:
container_type: cgroupv1
cpu_cpuset_cpus: 0-7
cpu_memory_nodes: 0
active_processor_count: 8
cpu_quota: -1
cpu_period: 100000
cpu_shares: -1
memory_limit_in_bytes: -1
memory_and_swap_limit_in_bytes: -2
memory_soft_limit_in_bytes: -1
memory_usage_in_bytes: 3988357120
memory_max_usage_in_bytes: 0


CPU:total 8 (initial active 8) (4 cores per cpu, 2 threads per core) family 6 model 58 stepping 9, cmov, cx8, fxsr, mmx, sse, sse2, sse3, ssse3, sse4.1, sse4.2, popcnt, avx, aes, clmul, erms, ht, tsc, tscinvbit, tscinv
CPU Model and flags from /proc/cpuinfo:
model name	: Intel(R) Core(TM) i7-3770 CPU @ 3.40GHz
flags		: fpu vme de pse tsc msr pae mce cx8 apic sep mtrr pge mca cmov pat pse36 clflush dts acpi mmx fxsr sse sse2 ss ht tm pbe syscall nx rdtscp lm constant_tsc arch_perfmon pebs bts rep_good nopl xtopology nonstop_tsc cpuid aperfmperf pni pclmulqdq dtes64 monitor ds_cpl vmx smx est tm2 ssse3 cx16 xtpr pdcm pcid sse4_1 sse4_2 x2apic popcnt tsc_deadline_timer aes xsave avx f16c rdrand lahf_lm cpuid_fault epb pti tpr_shadow vnmi flexpriority ept vpid fsgsbase smep erms xsaveopt dtherm ida arat pln pts

Memory: 4k page, physical 8051996k(3920376k free), swap 2097148k(2097148k free)

vm_info: OpenJDK 64-Bit Server VM (10.0.2+13-Ubuntu-1ubuntu0.18.04.4) for linux-amd64 JRE (10.0.2+13-Ubuntu-1ubuntu0.18.04.4), built on Nov 13 2018 12:53:39 by "buildd" with gcc 7.3.0

END.
